INFO     Running translator.
INFO     translator input: ['domain.pddl', 'problem.pddl']
INFO     translator arguments: []
INFO     translator time limit: None
INFO     translator memory limit: None
INFO     callstring: /usr/bin/python /mnt/data_server/torralba/subdominization/training/data/training_tpp/code-70296b3db083/builds/release32/bin/translate/translate.py domain.pddl problem.pddl
Parsing...
Parsing: [0.010s CPU, 0.011s wall-clock]
Normalizing task... [0.000s CPU, 0.000s wall-clock]
Instantiating...
Generating Datalog program... [0.000s CPU, 0.002s wall-clock]
Normalizing Datalog program...
Normalizing Datalog program: [0.010s CPU, 0.007s wall-clock]
Preparing model... [0.000s CPU, 0.005s wall-clock]
Generated 45 rules.
Computing model... [0.040s CPU, 0.041s wall-clock]
592 relevant atoms
1286 auxiliary atoms
1878 final queue length
2199 total queue pushes
Completing instantiation... [0.030s CPU, 0.024s wall-clock]
Instantiating: [0.080s CPU, 0.083s wall-clock]
Computing fact groups...
Finding invariants...
18 initial candidates
Finding invariants: [0.010s CPU, 0.010s wall-clock]
Checking invariant weight... [0.000s CPU, 0.001s wall-clock]
Instantiating groups... [0.010s CPU, 0.009s wall-clock]
Collecting mutex groups... [0.000s CPU, 0.001s wall-clock]
Choosing groups...
80 uncovered facts
Choosing groups: [0.000s CPU, 0.001s wall-clock]
Building translation key... [0.000s CPU, 0.002s wall-clock]
Computing fact groups: [0.030s CPU, 0.029s wall-clock]
Building STRIPS to SAS dictionary... [0.000s CPU, 0.000s wall-clock]
Building dictionary for full mutex groups... [0.000s CPU, 0.000s wall-clock]
Building mutex information...
Building mutex information: [0.000s CPU, 0.001s wall-clock]
Translating task...
Processing axioms...
Simplifying axioms... [0.000s CPU, 0.000s wall-clock]
Processing axioms: [0.000s CPU, 0.001s wall-clock]
Translating task: [0.020s CPU, 0.020s wall-clock]
0 effect conditions simplified
0 implied preconditions added
Detecting unreachable propositions...
0 operators removed
0 axioms removed
221 propositions removed
Detecting unreachable propositions: [0.010s CPU, 0.012s wall-clock]
Translator variables: 61
Translator derived variables: 0
Translator facts: 168
Translator goal facts: 10
Translator mutex groups: 61
Translator total mutex groups size: 168
Translator operators: 228
Translator axioms: 0
Translator task size: 1691
Translator peak memory: 45504 KB
Writing output... [0.010s CPU, 0.007s wall-clock]
Done! [0.160s CPU, 0.166s wall-clock]
INFO     Running preprocessor (release32).
INFO     preprocessor input: output.sas
INFO     preprocessor arguments: []
INFO     preprocessor time limit: None
INFO     preprocessor memory limit: None
INFO     callstring: /mnt/data_server/torralba/subdominization/training/data/training_tpp/code-70296b3db083/builds/release32/bin/preprocess < output.sas
Building causal graph...
The causal graph is not acyclic.
61 variables of 61 necessary
0 of 61 mutex groups necessary.
228 of 228 operators necessary.
0 of 0 axiom rules necessary.
Initializing mutex computation...
Mutex computation initialized with 168 fluents.
iteration for mutex detection and operator pruning
Initialize m_index fw
Initialized mvalues forward: reached=3721, notReached=24167, spurious=336
Initialize m_ops fw
Computing mutexes...
Mutex computation finished with reached=21608, notReached=6280, spurious=336
60 operators are spurious because were not triggered
Unreachable proposition: Atom ready-to-load(goods9, market1, level2)
Unreachable proposition: Atom ready-to-load(goods9, market3, level2)
Unreachable proposition: Atom ready-to-load(goods8, market4, level2)
Unreachable proposition: Atom ready-to-load(goods8, market5, level2)
Unreachable proposition: Atom ready-to-load(goods7, market3, level2)
Unreachable proposition: Atom ready-to-load(goods7, market4, level2)
Unreachable proposition: Atom ready-to-load(goods6, market3, level2)
Unreachable proposition: Atom ready-to-load(goods6, market5, level2)
Unreachable proposition: Atom ready-to-load(goods5, market2, level2)
Unreachable proposition: Atom ready-to-load(goods5, market3, level2)
Unreachable proposition: Atom ready-to-load(goods4, market1, level2)
Unreachable proposition: Atom ready-to-load(goods4, market2, level2)
Unreachable proposition: Atom ready-to-load(goods3, market1, level2)
Unreachable proposition: Atom ready-to-load(goods3, market2, level2)
Unreachable proposition: Atom ready-to-load(goods2, market1, level2)
Unreachable proposition: Atom ready-to-load(goods2, market5, level2)
Unreachable proposition: Atom ready-to-load(goods10, market2, level2)
Unreachable proposition: Atom ready-to-load(goods10, market5, level2)
Unreachable proposition: Atom ready-to-load(goods1, market1, level2)
Unreachable proposition: Atom ready-to-load(goods1, market2, level2)
H^2 mutexes added fw: 40, unreachable: 20
0 of 168 operators detected as spurious
iteration for mutex detection and operator pruning
Initialize m_index bw
Init values regression
Initialized mvalues backward: reached=16148, notReached=5460, spurious=6616
Initialize m_ops bw
Computing mutexes...
Mutex computation finished with reached=19613, notReached=1995, spurious=6616
28 operators are spurious because were not triggered
Unreachable proposition: Atom stored(goods9, level2)
Unreachable proposition: Atom stored(goods8, level2)
Unreachable proposition: Atom stored(goods7, level2)
Unreachable proposition: Atom stored(goods6, level2)
Unreachable proposition: Atom stored(goods5, level2)
Unreachable proposition: Atom stored(goods2, level2)
Unreachable proposition: Atom stored(goods10, level2)
H^2 mutexes added bw: 0, unreachable: 7
0 of 140 operators detected as spurious
iteration for mutex detection and operator pruning
Initialize m_index fw
Initialized mvalues forward: reached=3721, notReached=15892, spurious=8611
Initialize m_ops fw
Computing mutexes...
Mutex computation finished with reached=19613, notReached=0, spurious=8611
0 operators are spurious because were not triggered
H^2 mutexes added fw: 0, unreachable: 0
0 of 140 operators detected as spurious
Total mutex and disambiguation time: 0.016892 iterations: 3
20 of 20 mutex groups necessary.
140 of 228 operators necessary.
0 of 0 axiom rules necessary.
Change id of operators: 140
Change id of mutexes
Change id of goals
Change id of initial state
Remove unreachable facts from variables: 61
20 of 20 mutex groups necessary.
140 of 140 operators necessary.
0 of 0 axiom rules necessary.
Updating causal graph and pruning unnecessary facts
61 variables of 61 of 61 necessary
The causal graph is not acyclic.
61 variables of 61 necessary
20 of 20 mutex groups necessary.
140 of 140 operators necessary.
0 of 0 axiom rules necessary.
Building domain transition graphs...
solveable in poly time 0
Building successor generator...
Preprocessor variables: 61
Preprocessor facts: 141
Preprocessor derived variables: 0
Preprocessor operators: 140
Preprocessor mutex groups: 20
Preprocessor task size: 1008
Writing output...
Preprocessor time: 0.0281012s
Preprocessor peak memory: 2364 KB
done
INFO     Running search (release32).
INFO     search input: output
INFO     search arguments: ['--search', 'sbd(store_operators_in_optimal_plan=true, cost_type=1)']
INFO     search time limit: 3600s
INFO     search memory limit: 4096 MB
INFO     search executable: /mnt/data_server/torralba/subdominization/training/data/training_tpp/code-70296b3db083/builds/release32/bin/downward
INFO     callstring: /mnt/data_server/torralba/subdominization/training/data/training_tpp/code-70296b3db083/builds/release32/bin/downward --search 'sbd(store_operators_in_optimal_plan=true, cost_type=1)' --internal-plan-file sas_plan < output
time limit 3600.00 -> (3600, 3601)
reading input... [t=0.000116461s]
done reading input! [t=0.00223498s]
packing state variables...done! [t=0.00225705s]
Variables: 61
FactPairs: 141
Bytes per state: 12
Building successor generator...done! [t=0.00262883s]
done initalizing global data [t=0.00263508s]
TR(time=60000, nodes=100000)
Mutex(time=60000, nodes=100000, type=edeletion)
Aux(time=2000, nodes=1000000)
Disj(nodes=2147483647)
Estimation: min_time(1000) time_penalty +(1000)*(2) nodes_penalty +(1000)*(2)
MaxStep(time=30000, nodes=100000000, nodes_per_planning_second=100)
Ratio useful: 0
   Min alloted time: 60000 nodes: 10000000
   Max alloted time: 60000 nodes: 15000000
   Mult alloted time: 2 nodes: 2
   Ratio after relax: 0.8
building causal graph...done! [t=0.000222423s]
Sym variable order: 44 46 47 48 45 43 20 22 23 24 21 19 32 34 36 35 33 31 2 4 5 6 3 1 50 52 54 53 51 49 0 13 15 18 17 16 14 55 57 59 60 58 56 8 10 11 12 9 7 25 27 30 29 28 26 37 39 41 42 40 38 
Initializing Symbolic Variables
Num variables: 61 => 76
Initialize Symbolic Manager(152, 105263, 16000000, 0)
Generating binary variables
Symbolic Variables... Done.
BOUND: 1 < 2147483647, total time: 0.670381s
BOUND: 2 < 2147483647, total time: 0.670626s
BOUND: 3 < 2147483647, total time: 0.671252s
BOUND: 4 < 2147483647, total time: 0.671431s
BOUND: 5 < 2147483647, total time: 0.671779s
BOUND: 6 < 2147483647, total time: 0.672422s
BOUND: 7 < 2147483647, total time: 0.67325s
BOUND: 8 < 2147483647, total time: 0.674083s
BOUND: 9 < 2147483647, total time: 0.675648s
BOUND: 10 < 2147483647, total time: 0.67731s
BOUND: 11 < 2147483647, total time: 0.681504s
BOUND: 12 < 2147483647, total time: 0.68494s
BOUND: 13 < 2147483647, total time: 0.691712s
BOUND: 14 < 2147483647, total time: 0.697859s
BOUND: 15 < 2147483647, total time: 0.709355s
BOUND: 16 < 2147483647, total time: 0.718643s
BOUND: 17 < 2147483647, total time: 0.731391s
BOUND: 18 < 2147483647, total time: 0.751458s
BOUND: 19 < 2147483647, total time: 0.768238s
BOUND: 20 < 2147483647, total time: 0.798601s
BOUND: 21 < 2147483647, total time: 0.821747s
BOUND: 22 < 2147483647, total time: 0.851003s
BOUND: 23 < 2147483647, total time: 0.903128s
BOUND: 24 < 2147483647, total time: 0.94652s
BOUND: 25 < 2147483647, total time: 1.0186s
BOUND: 26 < 2147483647, total time: 1.07519s
BOUND: 27 < 2147483647, total time: 1.17801s
BOUND: 28 < 2147483647, total time: 1.25251s
BOUND: 29 < 2147483647, total time: 1.38474s
BOUND: 30 < 2147483647, total time: 1.49337s
BOUND: 31 < 2147483647, total time: 1.61654s
BOUND: 32 < 2147483647, total time: 1.81498s
BOUND: 33 < 2147483647, total time: 1.98288s
BOUND: 34 < 2147483647, total time: 2.2412s
BOUND: 35 < 2147483647, total time: 2.45073s
BOUND: 36 < 2147483647, total time: 2.7646s
BOUND: 37 < 2147483647, total time: 3.04007s
BOUND: 38 < 2147483647, total time: 3.30597s
BOUND: 39 < 2147483647, total time: 3.79771s
BOUND: 40 < 2147483647, total time: 4.23667s
BOUND: 41 < 2147483647, total time: 4.58673s
BOUND: 42 < 2147483647, total time: 5.38643s
BOUND: 43 < 2147483647, total time: 6.09427s
BOUND: 44 < 2147483647, total time: 7.06745s
BOUND: 45 < 2147483647, total time: 8.03586s
Solution found with cost 45 total time: 8.38026s
Merging: 1
26 8.41971 1 1408
Merging: 38
25 8.49174 1 1535
Merging: 37
24 8.56213 1 1593
Merging: 38
23 8.63351 1 1553
Merging: 33
22 8.70165 1 1433
Merging: 34
21 8.76231 1 1364
Merging: 40
20 8.82287 1 1481
Merging: 47
19 8.88846 1 1628
Merging: 43
18 8.96482 1 1721
Merging: 43
17 9.04435 1 1726
Merging: 43
16 9.12417 1 1606
Merging: 41
15 9.19501 1 1534
Merging: 42
14 9.26252 1 1368
Merging: 32
13 9.32096 1 1202
Merging: 28
12 9.37374 1 1099
Merging: 26
11 9.42056 1 1079
Merging: 31
10 9.46665 1 994
Merging: 29
9 9.50556 1 927
Merging: 30
8 9.54072 1 852
Merging: 29
7 9.57289 1 751
Merging: 29
6 9.60291 1 632
Merging: 26
5 9.62857 1 498
Merging: 23
4 9.64751 1 385
Merging: 24
3 9.66223 1 243
Merging: 15
2 9.67028 1 101
Merging: 4
1 9.6738 1 77
Merging: 1
19 9.6764 1 1408
Merging: 39
18 9.70104 1 1183
Merging: 42
17 9.71471 1 970
Merging: 42
16 9.72577 1 581
Merging: 24
15 9.73204 1 195
Merging: 8
14 9.73511 1 167
Merging: 2
13 9.7374 1 167
Merging: 20
12 9.74091 1 359
Merging: 26
11 9.74697 1 540
Merging: 26
10 9.7546 1 687
Merging: 26
9 9.76342 1 810
Merging: 26
8 9.77295 1 889
Merging: 26
7 9.7828 1 941
Merging: 26
6 9.79256 1 941
Merging: 26
5 9.80184 1 891
Merging: 26
4 9.81014 1 812
Merging: 26
3 9.81692 1 689
Merging: 26
2 9.82238 1 540
Merging: 26
1 9.82611 1 360
BOUND: 45 < 45, total time: 9.82768s
Actual search time: 9.43083s [t=10.1013s]
drive truck1 depot1 market4 (1)
buy truck1 goods8 market4 level0 level1 level0 level1 (1)
load goods8 truck1 market4 level0 level1 level0 level1 (1)
buy truck1 goods7 market4 level0 level1 level0 level1 (1)
load goods7 truck1 market4 level0 level1 level0 level1 (1)
drive truck1 market4 market5 (1)
buy truck1 goods6 market5 level0 level1 level0 level1 (1)
load goods6 truck1 market5 level0 level1 level0 level1 (1)
drive truck1 market5 market2 (1)
buy truck1 goods5 market2 level0 level1 level0 level1 (1)
load goods5 truck1 market2 level0 level1 level0 level1 (1)
buy truck1 goods4 market2 level0 level1 level0 level1 (1)
load goods4 truck1 market2 level0 level1 level0 level1 (1)
buy truck1 goods3 market2 level0 level1 level0 level1 (1)
load goods3 truck1 market2 level0 level1 level0 level1 (1)
buy truck1 goods10 market2 level0 level1 level0 level1 (1)
load goods10 truck1 market2 level0 level1 level0 level1 (1)
buy truck1 goods1 market2 level0 level1 level0 level1 (1)
load goods1 truck1 market2 level0 level1 level0 level1 (1)
drive truck1 market2 market1 (1)
buy truck1 goods9 market1 level0 level1 level0 level1 (1)
load goods9 truck1 market1 level0 level1 level0 level1 (1)
buy truck1 goods4 market1 level0 level1 level0 level1 (1)
buy truck1 goods3 market1 level0 level1 level0 level1 (1)
buy truck1 goods2 market1 level0 level1 level0 level1 (1)
buy truck1 goods1 market1 level0 level1 level0 level1 (1)
load goods1 truck1 market1 level0 level1 level1 level2 (1)
load goods2 truck1 market1 level0 level1 level0 level1 (1)
load goods3 truck1 market1 level0 level1 level1 level2 (1)
load goods4 truck1 market1 level0 level1 level1 level2 (1)
drive truck1 market1 market4 (1)
drive truck1 market4 depot1 (1)
unload goods1 truck1 depot1 level1 level2 level0 level1 (1)
unload goods1 truck1 depot1 level0 level1 level1 level2 (1)
unload goods10 truck1 depot1 level0 level1 level0 level1 (1)
unload goods2 truck1 depot1 level0 level1 level0 level1 (1)
unload goods3 truck1 depot1 level1 level2 level0 level1 (1)
unload goods3 truck1 depot1 level0 level1 level1 level2 (1)
unload goods4 truck1 depot1 level1 level2 level0 level1 (1)
unload goods4 truck1 depot1 level0 level1 level1 level2 (1)
unload goods5 truck1 depot1 level0 level1 level0 level1 (1)
unload goods6 truck1 depot1 level0 level1 level0 level1 (1)
unload goods7 truck1 depot1 level0 level1 level0 level1 (1)
unload goods8 truck1 depot1 level0 level1 level0 level1 (1)
unload goods9 truck1 depot1 level0 level1 level0 level1 (1)
Plan length: 45 step(s).
Plan cost: 45
Bytes per state: 12
Search time: 9.44674s
Total time: 10.1013s
Solution found.
Peak memory: 281164 KB
Running single search parser
