INFO     Running translator.
INFO     translator input: ['domain.pddl', 'problem.pddl']
INFO     translator arguments: []
INFO     translator time limit: None
INFO     translator memory limit: None
INFO     callstring: /usr/bin/python /mnt/data_server/torralba/subdominization/training/data/training_satellite/code-70296b3db083/builds/release32/bin/translate/translate.py domain.pddl problem.pddl
Parsing...
Parsing: [0.010s CPU, 0.018s wall-clock]
Normalizing task... [0.000s CPU, 0.000s wall-clock]
Instantiating...
Generating Datalog program... [0.000s CPU, 0.001s wall-clock]
Normalizing Datalog program...
Normalizing Datalog program: [0.000s CPU, 0.138s wall-clock]
Preparing model... [0.010s CPU, 0.002s wall-clock]
Generated 31 rules.
Computing model... [0.010s CPU, 0.011s wall-clock]
347 relevant atoms
192 auxiliary atoms
539 final queue length
687 total queue pushes
Completing instantiation... [0.010s CPU, 0.014s wall-clock]
Instantiating: [0.030s CPU, 0.290s wall-clock]
Computing fact groups...
Finding invariants...
12 initial candidates
Finding invariants: [0.000s CPU, 0.003s wall-clock]
Checking invariant weight... [0.000s CPU, 0.000s wall-clock]
Instantiating groups... [0.000s CPU, 0.000s wall-clock]
Collecting mutex groups... [0.000s CPU, 0.000s wall-clock]
Choosing groups...
41 uncovered facts
Choosing groups: [0.000s CPU, 0.000s wall-clock]
Building translation key... [0.000s CPU, 0.001s wall-clock]
Computing fact groups: [0.000s CPU, 0.005s wall-clock]
Building STRIPS to SAS dictionary... [0.000s CPU, 0.000s wall-clock]
Building dictionary for full mutex groups... [0.000s CPU, 0.000s wall-clock]
Building mutex information...
Building mutex information: [0.000s CPU, 0.000s wall-clock]
Translating task...
Processing axioms...
Simplifying axioms... [0.000s CPU, 0.000s wall-clock]
Processing axioms: [0.010s CPU, 0.001s wall-clock]
Translating task: [0.020s CPU, 0.011s wall-clock]
21 effect conditions simplified
0 implied preconditions added
Detecting unreachable propositions...
0 operators removed
0 axioms removed
3 propositions removed
Detecting unreachable propositions: [0.000s CPU, 0.007s wall-clock]
Translator variables: 44
Translator derived variables: 0
Translator facts: 100
Translator goal facts: 1
Translator mutex groups: 3
Translator total mutex groups size: 18
Translator operators: 183
Translator axioms: 0
Translator task size: 884
Translator peak memory: 44032 KB
Writing output... [0.010s CPU, 0.068s wall-clock]
Done! [0.070s CPU, 0.401s wall-clock]
INFO     Running preprocessor (release32).
INFO     preprocessor input: output.sas
INFO     preprocessor arguments: []
INFO     preprocessor time limit: None
INFO     preprocessor memory limit: None
INFO     callstring: /mnt/data_server/torralba/subdominization/training/data/training_satellite/code-70296b3db083/builds/release32/bin/preprocess < output.sas
Building causal graph...
The causal graph is not acyclic.
12 variables of 44 necessary
0 of 3 mutex groups necessary.
74 of 183 operators necessary.
0 of 0 axiom rules necessary.
Initializing mutex computation...
Mutex computation initialized with 32 fluents.
iteration for mutex detection and operator pruning
Initialize m_index fw
Initialized mvalues forward: reached=144, notReached=800, spurious=80
Initialize m_ops fw
Computing mutexes...
Mutex computation finished with reached=926, notReached=18, spurious=80
0 operators are spurious because were not triggered
H^2 mutexes added fw: 18, unreachable: 0
0 of 74 operators detected as spurious
iteration for mutex detection and operator pruning
Initialize m_index bw
Init values regression
Initialized mvalues backward: reached=865, notReached=61, spurious=98
Initialize m_ops bw
Computing mutexes...
Mutex computation finished with reached=926, notReached=0, spurious=98
0 operators are spurious because were not triggered
H^2 mutexes added bw: 0, unreachable: 0
0 of 74 operators detected as spurious
Total mutex and disambiguation time: 0.001095 iterations: 2
9 of 9 mutex groups necessary.
74 of 74 operators necessary.
0 of 0 axiom rules necessary.
Change id of operators: 74
Change id of mutexes
Change id of goals
Change id of initial state
Remove unreachable facts from variables: 12
9 of 9 mutex groups necessary.
74 of 74 operators necessary.
0 of 0 axiom rules necessary.
Updating causal graph and pruning unnecessary facts
12 variables of 12 of 44 necessary
The causal graph is not acyclic.
12 variables of 12 necessary
9 of 9 mutex groups necessary.
74 of 74 operators necessary.
0 of 0 axiom rules necessary.
Building domain transition graphs...
solveable in poly time 0
Building successor generator...
Preprocessor variables: 12
Preprocessor facts: 32
Preprocessor derived variables: 0
Preprocessor operators: 74
Preprocessor mutex groups: 9
Preprocessor task size: 303
Writing output...
Preprocessor time: 0.00539026s
Preprocessor peak memory: 2228 KB
done
INFO     Running search (release32).
INFO     search input: output
INFO     search arguments: ['--search', 'sbd(store_operators_in_optimal_plan=true, cost_type=1)']
INFO     search time limit: 3600s
INFO     search memory limit: 4096 MB
INFO     search executable: /mnt/data_server/torralba/subdominization/training/data/training_satellite/code-70296b3db083/builds/release32/bin/downward
INFO     callstring: /mnt/data_server/torralba/subdominization/training/data/training_satellite/code-70296b3db083/builds/release32/bin/downward --search 'sbd(store_operators_in_optimal_plan=true, cost_type=1)' --internal-plan-file sas_plan < output
time limit 3600.00 -> (3600, 3601)
reading input... [t=0.000126977s]
done reading input! [t=0.000858827s]
packing state variables...done! [t=0.000870235s]
Variables: 12
FactPairs: 32
Bytes per state: 4
Building successor generator...done! [t=0.000938146s]
done initalizing global data [t=0.000942582s]
TR(time=60000, nodes=100000)
Mutex(time=60000, nodes=100000, type=edeletion)
Aux(time=2000, nodes=1000000)
Disj(nodes=2147483647)
Estimation: min_time(1000) time_penalty +(1000)*(2) nodes_penalty +(1000)*(2)
MaxStep(time=30000, nodes=100000000, nodes_per_planning_second=100)
Ratio useful: 0
   Min alloted time: 60000 nodes: 10000000
   Max alloted time: 60000 nodes: 15000000
   Mult alloted time: 2 nodes: 2
   Ratio after relax: 0.8
building causal graph...done! [t=4.9466e-05s]
Sym variable order: 3 4 2 5 0 11 1 10 6 9 7 8 
Initializing Symbolic Variables
Num variables: 12 => 16
Initialize Symbolic Manager(32, 500000, 16000000, 0)
Generating binary variables
Symbolic Variables... Done.
BOUND: 1 < 2147483647, total time: 0.304063s
BOUND: 2 < 2147483647, total time: 0.30419s
BOUND: 3 < 2147483647, total time: 0.304322s
BOUND: 4 < 2147483647, total time: 0.304442s
Solution found with cost 4 total time: 0.304556s
Merging: 1
1 0.305176 1 17
Merging: 1
3 0.305612 1 17
Merging: 1
2 0.305905 1 17
Merging: 1
1 0.306075 1 17
BOUND: 4 < 4, total time: 0.30633s
Actual search time: 0.00241582s [t=0.306519s]
switch_on instrument2 satellite1 (1)
calibrate satellite1 instrument2 groundstation0 (1)
turn_to satellite1 star5 groundstation0 (1)
take_image satellite1 star5 instrument2 infrared3 (1)
Plan length: 4 step(s).
Plan cost: 4
Bytes per state: 4
Search time: 0.00420426s
Total time: 0.306531s
Solution found.
Peak memory: 210528 KB
Running single search parser
