INFO     Running translator.
INFO     translator input: ['domain.pddl', 'problem.pddl']
INFO     translator arguments: []
INFO     translator time limit: None
INFO     translator memory limit: None
INFO     callstring: /usr/bin/python /mnt/data_server/torralba/subdominization/training/data/training_tpp/code-70296b3db083/builds/release32/bin/translate/translate.py domain.pddl problem.pddl
Parsing...
Parsing: [0.000s CPU, 0.009s wall-clock]
Normalizing task... [0.000s CPU, 0.000s wall-clock]
Instantiating...
Generating Datalog program... [0.000s CPU, 0.001s wall-clock]
Normalizing Datalog program...
Normalizing Datalog program: [0.010s CPU, 0.007s wall-clock]
Preparing model... [0.000s CPU, 0.004s wall-clock]
Generated 45 rules.
Computing model... [0.030s CPU, 0.024s wall-clock]
351 relevant atoms
712 auxiliary atoms
1063 final queue length
1253 total queue pushes
Completing instantiation... [0.010s CPU, 0.014s wall-clock]
Instantiating: [0.050s CPU, 0.054s wall-clock]
Computing fact groups...
Finding invariants...
18 initial candidates
Finding invariants: [0.010s CPU, 0.010s wall-clock]
Checking invariant weight... [0.000s CPU, 0.001s wall-clock]
Instantiating groups... [0.000s CPU, 0.004s wall-clock]
Collecting mutex groups... [0.000s CPU, 0.000s wall-clock]
Choosing groups...
34 uncovered facts
Choosing groups: [0.000s CPU, 0.001s wall-clock]
Building translation key... [0.000s CPU, 0.001s wall-clock]
Computing fact groups: [0.020s CPU, 0.019s wall-clock]
Building STRIPS to SAS dictionary... [0.000s CPU, 0.000s wall-clock]
Building dictionary for full mutex groups... [0.000s CPU, 0.000s wall-clock]
Building mutex information...
Building mutex information: [0.000s CPU, 0.000s wall-clock]
Translating task...
Processing axioms...
Simplifying axioms... [0.000s CPU, 0.000s wall-clock]
Processing axioms: [0.000s CPU, 0.001s wall-clock]
Translating task: [0.010s CPU, 0.012s wall-clock]
0 effect conditions simplified
0 implied preconditions added
Detecting unreachable propositions...
0 operators removed
0 axioms removed
105 propositions removed
Detecting unreachable propositions: [0.020s CPU, 0.008s wall-clock]
Translator variables: 37
Translator derived variables: 0
Translator facts: 103
Translator goal facts: 7
Translator mutex groups: 37
Translator total mutex groups size: 103
Translator operators: 134
Translator axioms: 0
Translator task size: 1018
Translator peak memory: 44268 KB
Writing output... [0.000s CPU, 0.005s wall-clock]
Done! [0.100s CPU, 0.109s wall-clock]
INFO     Running preprocessor (release32).
INFO     preprocessor input: output.sas
INFO     preprocessor arguments: []
INFO     preprocessor time limit: None
INFO     preprocessor memory limit: None
INFO     callstring: /mnt/data_server/torralba/subdominization/training/data/training_tpp/code-70296b3db083/builds/release32/bin/preprocess < output.sas
Building causal graph...
The causal graph is not acyclic.
37 variables of 37 necessary
0 of 37 mutex groups necessary.
134 of 134 operators necessary.
0 of 0 axiom rules necessary.
Initializing mutex computation...
Mutex computation initialized with 103 fluents.
iteration for mutex detection and operator pruning
Initialize m_index fw
Initialized mvalues forward: reached=1369, notReached=9038, spurious=202
Initialize m_ops fw
Computing mutexes...
Mutex computation finished with reached=7210, notReached=3197, spurious=202
54 operators are spurious because were not triggered
Unreachable proposition: Atom ready-to-load(goods7, market1, level2)
Unreachable proposition: Atom loaded(goods7, truck1, level2)
Unreachable proposition: Atom stored(goods7, level2)
Unreachable proposition: Atom ready-to-load(goods6, market1, level2)
Unreachable proposition: Atom ready-to-load(goods6, market3, level2)
Unreachable proposition: Atom ready-to-load(goods5, market1, level2)
Unreachable proposition: Atom loaded(goods5, truck1, level2)
Unreachable proposition: Atom stored(goods5, level2)
Unreachable proposition: Atom ready-to-load(goods4, market1, level2)
Unreachable proposition: Atom ready-to-load(goods4, market3, level2)
Unreachable proposition: Atom ready-to-load(goods3, market1, level2)
Unreachable proposition: Atom ready-to-load(goods3, market3, level2)
Unreachable proposition: Atom ready-to-load(goods2, market1, level2)
Unreachable proposition: Atom ready-to-load(goods2, market4, level2)
Unreachable proposition: Atom ready-to-load(goods1, market1, level2)
Unreachable proposition: Atom loaded(goods1, truck1, level2)
Unreachable proposition: Atom stored(goods1, level2)
H^2 mutexes added fw: 52, unreachable: 17
0 of 80 operators detected as spurious
iteration for mutex detection and operator pruning
Initialize m_index bw
Init values regression
Initialized mvalues backward: reached=4254, notReached=2956, spurious=3399
Initialize m_ops bw
Computing mutexes...
Mutex computation finished with reached=6878, notReached=332, spurious=3399
8 operators are spurious because were not triggered
Unreachable proposition: Atom stored(goods6, level2)
Unreachable proposition: Atom stored(goods4, level2)
H^2 mutexes added bw: 0, unreachable: 2
0 of 72 operators detected as spurious
iteration for mutex detection and operator pruning
Initialize m_index fw
Initialized mvalues forward: reached=1369, notReached=5509, spurious=3731
Initialize m_ops fw
Computing mutexes...
Mutex computation finished with reached=6878, notReached=0, spurious=3731
0 operators are spurious because were not triggered
H^2 mutexes added fw: 0, unreachable: 0
0 of 72 operators detected as spurious
Total mutex and disambiguation time: 0.005861 iterations: 3
26 of 26 mutex groups necessary.
72 of 134 operators necessary.
0 of 0 axiom rules necessary.
Change id of operators: 72
Change id of mutexes
Change id of goals
Change id of initial state
Remove unreachable facts from variables: 37
26 of 26 mutex groups necessary.
72 of 72 operators necessary.
0 of 0 axiom rules necessary.
Updating causal graph and pruning unnecessary facts
37 variables of 37 of 37 necessary
The causal graph is not acyclic.
37 variables of 37 necessary
26 of 26 mutex groups necessary.
72 of 72 operators necessary.
0 of 0 axiom rules necessary.
Building domain transition graphs...
solveable in poly time 0
Building successor generator...
Preprocessor variables: 37
Preprocessor facts: 84
Preprocessor derived variables: 0
Preprocessor operators: 72
Preprocessor mutex groups: 26
Preprocessor task size: 576
Writing output...
Preprocessor time: 0.0124071s
Preprocessor peak memory: 2252 KB
done
INFO     Running search (release32).
INFO     search input: output
INFO     search arguments: ['--search', 'sbd(store_operators_in_optimal_plan=true, cost_type=1)']
INFO     search time limit: 3600s
INFO     search memory limit: 4096 MB
INFO     search executable: /mnt/data_server/torralba/subdominization/training/data/training_tpp/code-70296b3db083/builds/release32/bin/downward
INFO     callstring: /mnt/data_server/torralba/subdominization/training/data/training_tpp/code-70296b3db083/builds/release32/bin/downward --search 'sbd(store_operators_in_optimal_plan=true, cost_type=1)' --internal-plan-file sas_plan < output
time limit 3600.00 -> (3600, 3601)
reading input... [t=8.6766e-05s]
done reading input! [t=0.00137535s]
packing state variables...done! [t=0.00139482s]
Variables: 37
FactPairs: 84
Bytes per state: 8
Building successor generator...done! [t=0.00157398s]
done initalizing global data [t=0.0015791s]
TR(time=60000, nodes=100000)
Mutex(time=60000, nodes=100000, type=edeletion)
Aux(time=2000, nodes=1000000)
Disj(nodes=2147483647)
Estimation: min_time(1000) time_penalty +(1000)*(2) nodes_penalty +(1000)*(2)
MaxStep(time=30000, nodes=100000000, nodes_per_planning_second=100)
Ratio useful: 0
   Min alloted time: 60000 nodes: 10000000
   Max alloted time: 60000 nodes: 15000000
   Mult alloted time: 2 nodes: 2
   Ratio after relax: 0.8
building causal graph...done! [t=0.000141916s]
Sym variable order: 36 35 34 33 14 13 12 11 4 3 2 1 6 8 10 9 7 5 0 28 30 31 32 29 27 22 24 26 25 23 21 16 18 19 20 17 15 
Initializing Symbolic Variables
Num variables: 37 => 45
Initialize Symbolic Manager(90, 177777, 16000000, 0)
Generating binary variables
Symbolic Variables... Done.
BOUND: 1 < 2147483647, total time: 0.517979s
BOUND: 2 < 2147483647, total time: 0.518147s
BOUND: 3 < 2147483647, total time: 0.518426s
BOUND: 4 < 2147483647, total time: 0.518561s
BOUND: 5 < 2147483647, total time: 0.518816s
BOUND: 6 < 2147483647, total time: 0.519103s
BOUND: 7 < 2147483647, total time: 0.519585s
BOUND: 8 < 2147483647, total time: 0.520037s
BOUND: 9 < 2147483647, total time: 0.520996s
BOUND: 10 < 2147483647, total time: 0.521664s
BOUND: 11 < 2147483647, total time: 0.522918s
BOUND: 12 < 2147483647, total time: 0.523806s
BOUND: 13 < 2147483647, total time: 0.524793s
BOUND: 14 < 2147483647, total time: 0.526712s
BOUND: 15 < 2147483647, total time: 0.52816s
BOUND: 16 < 2147483647, total time: 0.530749s
BOUND: 17 < 2147483647, total time: 0.532476s
BOUND: 18 < 2147483647, total time: 0.534442s
BOUND: 19 < 2147483647, total time: 0.53837s
BOUND: 20 < 2147483647, total time: 0.541265s
BOUND: 21 < 2147483647, total time: 0.545996s
BOUND: 22 < 2147483647, total time: 0.549313s
BOUND: 23 < 2147483647, total time: 0.55247s
BOUND: 24 < 2147483647, total time: 0.557927s
BOUND: 25 < 2147483647, total time: 0.5619s
BOUND: 26 < 2147483647, total time: 0.565535s
BOUND: 27 < 2147483647, total time: 0.569225s
BOUND: 28 < 2147483647, total time: 0.5765s
BOUND: 29 < 2147483647, total time: 0.581009s
BOUND: 30 < 2147483647, total time: 0.58503s
BOUND: 31 < 2147483647, total time: 0.588974s
Solution found with cost 31 total time: 0.591683s
Merging: 1
20 0.60148 1 57
Merging: 1
19 0.602657 1 57
Merging: 1
18 0.603657 1 57
Merging: 3
17 0.604621 1 88
Merging: 6
16 0.606381 1 117
Merging: 7
15 0.608682 1 138
Merging: 13
14 0.611434 1 184
Merging: 21
13 0.615145 1 198
Merging: 17
12 0.61954 1 213
Merging: 15
11 0.62408 1 238
Merging: 14
10 0.629163 1 262
Merging: 14
9 0.634757 1 284
Merging: 14
8 0.640647 1 285
Merging: 14
7 0.646737 1 283
Merging: 14
6 0.652721 1 261
Merging: 14
5 0.658399 1 234
Merging: 14
4 0.663403 1 193
Merging: 14
3 0.667268 1 149
Merging: 14
2 0.670004 1 92
Merging: 7
1 0.671255 1 46
Merging: 1
11 0.671946 1 57
Merging: 1
10 0.672484 1 57
Merging: 1
9 0.672974 1 57
Merging: 7
8 0.673614 1 118
Merging: 9
7 0.674566 1 164
Merging: 9
6 0.675673 1 202
Merging: 9
5 0.676817 1 221
Merging: 9
4 0.677939 1 222
Merging: 9
3 0.678986 1 203
Merging: 9
2 0.67985 1 164
Merging: 9
1 0.68045 1 118
BOUND: 31 < 31, total time: 0.6808s
Actual search time: 0.164041s [t=0.682085s]
drive truck1 depot1 market1 (1)
buy truck1 goods7 market1 level0 level1 level0 level1 (1)
load goods7 truck1 market1 level0 level1 level0 level1 (1)
buy truck1 goods6 market1 level0 level1 level0 level1 (1)
load goods6 truck1 market1 level0 level1 level0 level1 (1)
buy truck1 goods5 market1 level0 level1 level0 level1 (1)
load goods5 truck1 market1 level0 level1 level0 level1 (1)
buy truck1 goods4 market1 level0 level1 level0 level1 (1)
load goods4 truck1 market1 level0 level1 level0 level1 (1)
buy truck1 goods3 market1 level0 level1 level0 level1 (1)
load goods3 truck1 market1 level0 level1 level0 level1 (1)
buy truck1 goods2 market1 level0 level1 level0 level1 (1)
load goods2 truck1 market1 level0 level1 level0 level1 (1)
buy truck1 goods1 market1 level0 level1 level0 level1 (1)
load goods1 truck1 market1 level0 level1 level0 level1 (1)
drive truck1 market1 market3 (1)
buy truck1 goods3 market3 level0 level1 level0 level1 (1)
load goods3 truck1 market3 level0 level1 level1 level2 (1)
drive truck1 market3 market4 (1)
buy truck1 goods2 market4 level0 level1 level0 level1 (1)
load goods2 truck1 market4 level0 level1 level1 level2 (1)
drive truck1 market4 depot2 (1)
unload goods1 truck1 depot2 level0 level1 level0 level1 (1)
unload goods2 truck1 depot2 level1 level2 level0 level1 (1)
unload goods2 truck1 depot2 level0 level1 level1 level2 (1)
unload goods3 truck1 depot2 level1 level2 level0 level1 (1)
unload goods3 truck1 depot2 level0 level1 level1 level2 (1)
unload goods4 truck1 depot2 level0 level1 level0 level1 (1)
unload goods5 truck1 depot2 level0 level1 level0 level1 (1)
unload goods6 truck1 depot2 level0 level1 level0 level1 (1)
unload goods7 truck1 depot2 level0 level1 level0 level1 (1)
Plan length: 31 step(s).
Plan cost: 31
Bytes per state: 8
Search time: 0.169527s
Total time: 0.682105s
Solution found.
Peak memory: 238020 KB
Running single search parser
