INFO     Running translator.
INFO     translator input: ['domain.pddl', 'problem.pddl']
INFO     translator arguments: []
INFO     translator time limit: None
INFO     translator memory limit: None
INFO     callstring: /usr/bin/python /mnt/data_server/torralba/subdominization/training/data/training_satellite/code-70296b3db083/builds/release32/bin/translate/translate.py domain.pddl problem.pddl
Parsing...
Parsing: [0.010s CPU, 0.016s wall-clock]
Normalizing task... [0.000s CPU, 0.000s wall-clock]
Instantiating...
Generating Datalog program... [0.000s CPU, 0.001s wall-clock]
Normalizing Datalog program...
Normalizing Datalog program: [0.010s CPU, 0.008s wall-clock]
Preparing model... [0.000s CPU, 0.003s wall-clock]
Generated 31 rules.
Computing model... [0.060s CPU, 0.049s wall-clock]
1734 relevant atoms
525 auxiliary atoms
2259 final queue length
3525 total queue pushes
Completing instantiation... [0.070s CPU, 0.077s wall-clock]
Instantiating: [0.140s CPU, 0.152s wall-clock]
Computing fact groups...
Finding invariants...
12 initial candidates
Finding invariants: [0.000s CPU, 0.004s wall-clock]
Checking invariant weight... [0.000s CPU, 0.000s wall-clock]
Instantiating groups... [0.000s CPU, 0.001s wall-clock]
Collecting mutex groups... [0.000s CPU, 0.000s wall-clock]
Choosing groups...
90 uncovered facts
Choosing groups: [0.000s CPU, 0.000s wall-clock]
Building translation key... [0.010s CPU, 0.001s wall-clock]
Computing fact groups: [0.010s CPU, 0.008s wall-clock]
Building STRIPS to SAS dictionary... [0.000s CPU, 0.000s wall-clock]
Building dictionary for full mutex groups... [0.000s CPU, 0.000s wall-clock]
Building mutex information...
Building mutex information: [0.000s CPU, 0.000s wall-clock]
Translating task...
Processing axioms...
Simplifying axioms... [0.000s CPU, 0.000s wall-clock]
Processing axioms: [0.000s CPU, 0.004s wall-clock]
Translating task: [0.070s CPU, 0.079s wall-clock]
33 effect conditions simplified
0 implied preconditions added
Detecting unreachable propositions...
0 operators removed
0 axioms removed
4 propositions removed
Detecting unreachable propositions: [0.050s CPU, 0.046s wall-clock]
Translator variables: 94
Translator derived variables: 0
Translator facts: 244
Translator goal facts: 3
Translator mutex groups: 4
Translator total mutex groups size: 64
Translator operators: 1348
Translator axioms: 0
Translator task size: 5184
Translator peak memory: 49460 KB
Writing output... [0.020s CPU, 0.026s wall-clock]
Done! [0.300s CPU, 0.332s wall-clock]
INFO     Running preprocessor (release32).
INFO     preprocessor input: output.sas
INFO     preprocessor arguments: []
INFO     preprocessor time limit: None
INFO     preprocessor memory limit: None
INFO     callstring: /mnt/data_server/torralba/subdominization/training/data/training_satellite/code-70296b3db083/builds/release32/bin/preprocess < output.sas
Building causal graph...
The causal graph is not acyclic.
26 variables of 94 necessary
0 of 4 mutex groups necessary.
1005 of 1348 operators necessary.
0 of 0 axiom rules necessary.
Initializing mutex computation...
Mutex computation initialized with 108 fluents.
iteration for mutex detection and operator pruning
Initialize m_index fw
Initialized mvalues forward: reached=676, notReached=9984, spurious=1004
Initialize m_ops fw
Computing mutexes...
Mutex computation finished with reached=10618, notReached=42, spurious=1004
0 operators are spurious because were not triggered
H^2 mutexes added fw: 42, unreachable: 0
0 of 1005 operators detected as spurious
iteration for mutex detection and operator pruning
Initialize m_index bw
Init values regression
Initialized mvalues backward: reached=5365, notReached=5253, spurious=1046
Initialize m_ops bw
Computing mutexes...
Mutex computation finished with reached=10618, notReached=0, spurious=1046
0 operators are spurious because were not triggered
H^2 mutexes added bw: 0, unreachable: 0
0 of 1005 operators detected as spurious
Total mutex and disambiguation time: 0.036875 iterations: 2
21 of 21 mutex groups necessary.
1005 of 1005 operators necessary.
0 of 0 axiom rules necessary.
Change id of operators: 1005
Change id of mutexes
Change id of goals
Change id of initial state
Remove unreachable facts from variables: 26
21 of 21 mutex groups necessary.
1005 of 1005 operators necessary.
0 of 0 axiom rules necessary.
Updating causal graph and pruning unnecessary facts
26 variables of 26 of 94 necessary
The causal graph is not acyclic.
26 variables of 26 necessary
21 of 21 mutex groups necessary.
1005 of 1005 operators necessary.
0 of 0 axiom rules necessary.
Building domain transition graphs...
solveable in poly time 0
Building successor generator...
Preprocessor variables: 26
Preprocessor facts: 108
Preprocessor derived variables: 0
Preprocessor operators: 1005
Preprocessor mutex groups: 21
Preprocessor task size: 3251
Writing output...
Preprocessor time: 0.0676768s
Preprocessor peak memory: 2736 KB
done
INFO     Running search (release32).
INFO     search input: output
INFO     search arguments: ['--search', 'sbd(store_operators_in_optimal_plan=true, cost_type=1)']
INFO     search time limit: 3600s
INFO     search memory limit: 4096 MB
INFO     search executable: /mnt/data_server/torralba/subdominization/training/data/training_satellite/code-70296b3db083/builds/release32/bin/downward
INFO     callstring: /mnt/data_server/torralba/subdominization/training/data/training_satellite/code-70296b3db083/builds/release32/bin/downward --search 'sbd(store_operators_in_optimal_plan=true, cost_type=1)' --internal-plan-file sas_plan < output
time limit 3600.00 -> (3600, 3601)
reading input... [t=0.000131902s]
done reading input! [t=0.00730262s]
packing state variables...done! [t=0.00733217s]
Variables: 26
FactPairs: 108
Bytes per state: 8
Building successor generator...done! [t=0.00795319s]
done initalizing global data [t=0.00796121s]
TR(time=60000, nodes=100000)
Mutex(time=60000, nodes=100000, type=edeletion)
Aux(time=2000, nodes=1000000)
Disj(nodes=2147483647)
Estimation: min_time(1000) time_penalty +(1000)*(2) nodes_penalty +(1000)*(2)
MaxStep(time=30000, nodes=100000000, nodes_per_planning_second=100)
Ratio useful: 0
   Min alloted time: 60000 nodes: 10000000
   Max alloted time: 60000 nodes: 15000000
   Mult alloted time: 2 nodes: 2
   Ratio after relax: 0.8
building causal graph...done! [t=0.000150048s]
Sym variable order: 21 22 23 11 20 24 3 12 10 13 9 14 1 25 0 7 5 8 6 4 2 19 15 18 17 16 
Initializing Symbolic Variables
Num variables: 26 => 38
Initialize Symbolic Manager(76, 210526, 16000000, 0)
Generating binary variables
Symbolic Variables... Done.
BOUND: 1 < 2147483647, total time: 0.465765s
BOUND: 2 < 2147483647, total time: 0.466056s
BOUND: 3 < 2147483647, total time: 0.466421s
BOUND: 4 < 2147483647, total time: 0.466936s
BOUND: 5 < 2147483647, total time: 0.467387s
BOUND: 6 < 2147483647, total time: 0.467999s
Solution found with cost 6 total time: 0.468682s
Merging: 1
3 0.483082 1 55
Merging: 3
2 0.497224 1 56
Merging: 3
1 0.507959 1 59
Merging: 1
3 0.519711 1 55
Merging: 3
2 0.525532 1 42
Merging: 3
1 0.530758 1 54
BOUND: 6 < 6, total time: 0.536149s
Actual search time: 0.0706313s [t=0.536432s]
turn_to satellite0 groundstation1 groundstation4 (1)
switch_on instrument10 satellite3 (1)
calibrate satellite3 instrument10 star5 (1)
turn_to satellite3 star15 star5 (1)
take_image satellite3 star15 instrument10 spectrograph0 (1)
turn_to satellite3 star13 star15 (1)
Plan length: 6 step(s).
Plan cost: 6
Bytes per state: 8
Search time: 0.0873709s
Total time: 0.536443s
Solution found.
Peak memory: 223280 KB
Running single search parser
