INFO     Running translator.
INFO     translator input: ['domain.pddl', 'problem.pddl']
INFO     translator arguments: ['--grounding-action-queue-ordering', 'fifo']
INFO     translator time limit: 1799.92s
INFO     translator memory limit: 4096 MB
INFO     callstring: /usr/bin/python3 /mnt/data_server/gnad/lab-data/subdominization/old_servers/f24b670/fifo-relaxed-solvable-plus-x/code-f24b670501a4/builds/release32/bin/translate/translate.py domain.pddl problem.pddl --grounding-action-queue-ordering fifo
time limit 1799.92 -> (1800, 1801)
Parsing...
Parsing: [0.030s CPU, 0.045s wall-clock]
Normalizing task... [0.000s CPU, 0.001s wall-clock]
Instantiating...
Generating Datalog program... [0.000s CPU, 0.006s wall-clock]
Normalizing Datalog program...
Normalizing Datalog program: [0.030s CPU, 0.033s wall-clock]
Preparing model... [0.020s CPU, 0.018s wall-clock]
Generated 285 rules.
Using FIFO priority queue for actions.
using default termination condition, i.e. grounding all actions.
Computing model... [0.290s CPU, 0.297s wall-clock]
no statistics available
3394 relevant atoms
2207 auxiliary atoms
2641 actions instantiated
5601 final queue length
31513 total queue pushes
Completing instantiation... [0.670s CPU, 0.667s wall-clock]
Instantiating: [1.010s CPU, 1.024s wall-clock]
Computing fact groups...
Finding invariants...
37 initial candidates
Finding invariants: [0.030s CPU, 0.030s wall-clock]
Checking invariant weight... [0.000s CPU, 0.000s wall-clock]
Instantiating groups... [0.000s CPU, 0.000s wall-clock]
Collecting mutex groups... [0.000s CPU, 0.000s wall-clock]
Choosing groups...
234 uncovered facts
Choosing groups: [0.000s CPU, 0.000s wall-clock]
Building translation key... [0.000s CPU, 0.002s wall-clock]
Computing fact groups: [0.040s CPU, 0.037s wall-clock]
Building STRIPS to SAS dictionary... [0.000s CPU, 0.001s wall-clock]
Building dictionary for full mutex groups... [0.000s CPU, 0.000s wall-clock]
Building mutex information...
Building mutex information: [0.000s CPU, 0.000s wall-clock]
Translating task...
Processing axioms...
Simplifying axioms... [0.000s CPU, 0.000s wall-clock]
Processing axioms: [0.020s CPU, 0.017s wall-clock]
Translating task: [0.370s CPU, 0.375s wall-clock]
0 effect conditions simplified
0 implied preconditions added
Detecting unreachable propositions...
0 operators removed
0 axioms removed
124 propositions removed
Detecting unreachable propositions: [0.190s CPU, 0.196s wall-clock]
Reordering and filtering variables...
124 of 172 variables necessary.
0 of 0 mutex groups necessary.
1030 of 1066 operators necessary.
0 of 0 axiom rules necessary.
Reordering and filtering variables: [0.120s CPU, 0.122s wall-clock]
Translator variables: 124
Translator derived variables: 0
Translator facts: 248
Translator goal facts: 2
Translator mutex groups: 0
Translator total mutex groups size: 0
Translator operators: 1030
Translator axioms: 0
Translator task size: 24479
Translator peak memory: 1156552 KB
Writing output... [0.100s CPU, 0.117s wall-clock]
Done! [1.870s CPU, 1.928s wall-clock]
INFO     Running search (release32).
INFO     search input: output.sas
INFO     search arguments: ['--heuristic', 'hlm,hff=lm_ff_syn(lm_rhw(reasonable_orders=true,lm_cost_type=one),transform=adapt_costs(one))', '--search', 'lazy_greedy([hff,hlm],preferred=[hff,hlm],cost_type=one,reopen_closed=false)']
INFO     search time limit: 1796.46s
INFO     search memory limit: 4096 MB
INFO     search executable: /mnt/data_server/gnad/lab-data/subdominization/old_servers/f24b670/fifo-relaxed-solvable-plus-x/code-f24b670501a4/builds/release32/bin/downward
INFO     callstring: /mnt/data_server/gnad/lab-data/subdominization/old_servers/f24b670/fifo-relaxed-solvable-plus-x/code-f24b670501a4/builds/release32/bin/downward --heuristic 'hlm,hff=lm_ff_syn(lm_rhw(reasonable_orders=true,lm_cost_type=one),transform=adapt_costs(one))' --search 'lazy_greedy([hff,hlm],preferred=[hff,hlm],cost_type=one,reopen_closed=false)' --internal-plan-file sas_plan < output.sas
time limit 1796.46 -> (1797, 1798)
reading input... [t=0.00012298s]
done reading input! [t=0.0304031s]
packing state variables...done! [t=0.0304564s]
Variables: 124
FactPairs: 248
Bytes per state: 16
Building successor generator...done! [t=0.0325397s]
peak memory difference for root successor generator creation: 264 KB
time for root successor generation creation: 0.00196688s
done initializing global data [t=0.0326001s]
Initializing Exploration...
Initializing landmarks count heuristic...
Generating landmarks using the RPG/SAS+ approach
approx. reasonable orders
approx. obedient reasonable orders
Removed 0 reasonable or obedient reasonable orders
Landmarks generation time: 0.0343142s
Discovered 23 landmarks, of which 5 are disjunctive and 0 are conjunctive 
54 edges
Initializing LAMA-FF synergy object
Conducting lazy best first search, (real) bound = 2147483647
10 initial landmarks, 2 goal landmarks
Switch from bucket-based to heap-based queue at key = 699, num_pushes = 199
New best heuristic value for <missing>: 13
New best heuristic value for <missing>: 11
[g=0, 1 evaluated, 0 expanded, t=0.0744473s, 6972 KB]
Initial heuristic value for <missing>: 13
Initial heuristic value for <missing>: 11
New best heuristic value for <missing>: 11
New best heuristic value for <missing>: 10
[g=1, 2 evaluated, 1 expanded, t=0.0751053s, 6972 KB]
New best heuristic value for <missing>: 10
New best heuristic value for <missing>: 9
[g=2, 3 evaluated, 2 expanded, t=0.0756922s, 6972 KB]
New best heuristic value for <missing>: 8
[g=3, 4 evaluated, 3 expanded, t=0.076286s, 6972 KB]
New best heuristic value for <missing>: 5
New best heuristic value for <missing>: 8
[g=4, 5 evaluated, 4 expanded, t=0.0769578s, 6972 KB]
New best heuristic value for <missing>: 4
[g=5, 7 evaluated, 6 expanded, t=0.0782224s, 6972 KB]
New best heuristic value for <missing>: 3
New best heuristic value for <missing>: 7
[g=6, 10 evaluated, 9 expanded, t=0.0801187s, 6972 KB]
New best heuristic value for <missing>: 2
New best heuristic value for <missing>: 6
[g=7, 12 evaluated, 11 expanded, t=0.0814109s, 6972 KB]
New best heuristic value for <missing>: 4
[g=8, 15 evaluated, 14 expanded, t=0.0833072s, 6972 KB]
New best heuristic value for <missing>: 1
[g=8, 17 evaluated, 16 expanded, t=0.0845912s, 6972 KB]
New best heuristic value for <missing>: 3
[g=9, 18 evaluated, 17 expanded, t=0.085263s, 6972 KB]
New best heuristic value for <missing>: 1
[g=10, 22 evaluated, 21 expanded, t=0.0876164s, 6972 KB]
Solution found!
Actual search time: 0.0145137s [t=0.0884171s]
get_domain id_bvrat id_bhhost str__bl (1)
creds id_bvrat id_bhhost id_adomain (1)
get_computers id_bvrat id_adomain (1)
net_use id_bvrat id_bhhost id_bahost str__be id_ddomaincredential str__e id_cdomainuser str__james id_adomain str__alpha id_ceshare (1)
get_admin id_bvrat id_bahost id_adomain (1)
smb_copy id_bvrat id_bhhost str__bw id_ceshare id_bhhost id_bahost whatever id_bxfile (1)
wmic id_bvrat id_bhhost id_bahost id_bxfile somepath id_ddomaincredential id_cdomainuser id_adomain str__alpha str__e id_carat (1)
net_use id_bvrat id_bhhost id_bohost str__bs id_hdomaincredential str__i id_gdomainuser str__mary id_adomain str__alpha id_cfshare (1)
get_admin id_bvrat id_bohost id_adomain (1)
smb_copy id_bvrat id_bhhost str__bw id_cfshare id_bhhost id_bohost whatever id_bzfile (1)
wmic id_carat id_bahost id_bohost id_bzfile somepath id_hdomaincredential id_gdomainuser id_adomain str__alpha str__i id_cbrat (1)
Plan length: 11 step(s).
Plan cost: 11
Expanded 23 state(s).
Reopened 0 state(s).
Evaluated 24 state(s).
Evaluations: 48
Generated 413 state(s).
Dead ends: 0 state(s).
Number of registered states: 24
Search time: 0.0145418s
Total time: 0.0884219s
Solution found.
Peak memory: 6972 KB
Running single search parser
2018-07-25 16:58:29,707 ERROR    Pattern search time limit: (\d+)s not found in /mnt/data_server/gnad/lab-data/subdominization/old_servers/f24b670/fifo-relaxed-solvable-plus-x/runs-00001-00100/00071/run.log
