INFO     Running translator.
INFO     translator input: ['domain.pddl', 'problem.pddl']
INFO     translator arguments: []
INFO     translator time limit: None
INFO     translator memory limit: None
INFO     callstring: /usr/bin/python /mnt/data_server/torralba/subdominization/training/data/training_satellite/code-70296b3db083/builds/release32/bin/translate/translate.py domain.pddl problem.pddl
Parsing...
Parsing: [0.010s CPU, 0.015s wall-clock]
Normalizing task... [0.000s CPU, 0.000s wall-clock]
Instantiating...
Generating Datalog program... [0.000s CPU, 0.001s wall-clock]
Normalizing Datalog program...
Normalizing Datalog program: [0.010s CPU, 0.211s wall-clock]
Preparing model... [0.000s CPU, 0.002s wall-clock]
Generated 31 rules.
Computing model... [0.040s CPU, 0.042s wall-clock]
1498 relevant atoms
314 auxiliary atoms
1812 final queue length
2986 total queue pushes
Completing instantiation... [0.070s CPU, 0.069s wall-clock]
Instantiating: [0.120s CPU, 0.448s wall-clock]
Computing fact groups...
Finding invariants...
12 initial candidates
Finding invariants: [0.010s CPU, 0.004s wall-clock]
Checking invariant weight... [0.000s CPU, 0.000s wall-clock]
Instantiating groups... [0.000s CPU, 0.000s wall-clock]
Collecting mutex groups... [0.000s CPU, 0.000s wall-clock]
Choosing groups...
51 uncovered facts
Choosing groups: [0.000s CPU, 0.000s wall-clock]
Building translation key... [0.000s CPU, 0.001s wall-clock]
Computing fact groups: [0.010s CPU, 0.007s wall-clock]
Building STRIPS to SAS dictionary... [0.000s CPU, 0.000s wall-clock]
Building dictionary for full mutex groups... [0.000s CPU, 0.000s wall-clock]
Building mutex information...
Building mutex information: [0.000s CPU, 0.000s wall-clock]
Translating task...
Processing axioms...
Simplifying axioms... [0.000s CPU, 0.000s wall-clock]
Processing axioms: [0.010s CPU, 0.003s wall-clock]
Translating task: [0.070s CPU, 0.068s wall-clock]
15 effect conditions simplified
0 implied preconditions added
Detecting unreachable propositions...
0 operators removed
0 axioms removed
3 propositions removed
Detecting unreachable propositions: [0.040s CPU, 0.038s wall-clock]
Translator variables: 54
Translator derived variables: 0
Translator facts: 159
Translator goal facts: 4
Translator mutex groups: 3
Translator total mutex groups size: 57
Translator operators: 1219
Translator axioms: 0
Translator task size: 4300
Translator peak memory: 48572 KB
Writing output... [0.010s CPU, 0.054s wall-clock]
Done! [0.260s CPU, 0.635s wall-clock]
INFO     Running preprocessor (release32).
INFO     preprocessor input: output.sas
INFO     preprocessor arguments: []
INFO     preprocessor time limit: None
INFO     preprocessor memory limit: None
INFO     callstring: /mnt/data_server/torralba/subdominization/training/data/training_satellite/code-70296b3db083/builds/release32/bin/preprocess < output.sas
Building causal graph...
The causal graph is not acyclic.
19 variables of 54 necessary
0 of 3 mutex groups necessary.
1063 of 1219 operators necessary.
0 of 0 axiom rules necessary.
Initializing mutex computation...
Mutex computation initialized with 89 fluents.
iteration for mutex detection and operator pruning
Initialize m_index fw
Initialized mvalues forward: reached=361, notReached=6502, spurious=1058
Initialize m_ops fw
Computing mutexes...
Mutex computation finished with reached=6847, notReached=16, spurious=1058
0 operators are spurious because were not triggered
H^2 mutexes added fw: 16, unreachable: 0
0 of 1063 operators detected as spurious
iteration for mutex detection and operator pruning
Initialize m_index bw
Init values regression
Initialized mvalues backward: reached=6159, notReached=688, spurious=1074
Initialize m_ops bw
Computing mutexes...
Mutex computation finished with reached=6847, notReached=0, spurious=1074
0 operators are spurious because were not triggered
H^2 mutexes added bw: 0, unreachable: 0
0 of 1063 operators detected as spurious
Total mutex and disambiguation time: 0.030716 iterations: 2
8 of 8 mutex groups necessary.
1063 of 1063 operators necessary.
0 of 0 axiom rules necessary.
Change id of operators: 1063
Change id of mutexes
Change id of goals
Change id of initial state
Remove unreachable facts from variables: 19
8 of 8 mutex groups necessary.
1063 of 1063 operators necessary.
0 of 0 axiom rules necessary.
Updating causal graph and pruning unnecessary facts
19 variables of 19 of 54 necessary
The causal graph is not acyclic.
19 variables of 19 necessary
8 of 8 mutex groups necessary.
1063 of 1063 operators necessary.
0 of 0 axiom rules necessary.
Building domain transition graphs...
solveable in poly time 0
Building successor generator...
Preprocessor variables: 19
Preprocessor facts: 89
Preprocessor derived variables: 0
Preprocessor operators: 1063
Preprocessor mutex groups: 8
Preprocessor task size: 3374
Writing output...
Preprocessor time: 0.0600198s
Preprocessor peak memory: 2752 KB
done
INFO     Running search (release32).
INFO     search input: output
INFO     search arguments: ['--search', 'sbd(store_operators_in_optimal_plan=true, cost_type=1)']
INFO     search time limit: 3600s
INFO     search memory limit: 4096 MB
INFO     search executable: /mnt/data_server/torralba/subdominization/training/data/training_satellite/code-70296b3db083/builds/release32/bin/downward
INFO     callstring: /mnt/data_server/torralba/subdominization/training/data/training_satellite/code-70296b3db083/builds/release32/bin/downward --search 'sbd(store_operators_in_optimal_plan=true, cost_type=1)' --internal-plan-file sas_plan < output
time limit 3600.00 -> (3600, 3601)
reading input... [t=0.000270146s]
done reading input! [t=0.00771213s]
packing state variables...done! [t=0.00772592s]
Variables: 19
FactPairs: 89
Bytes per state: 4
Building successor generator...done! [t=0.00829049s]
done initalizing global data [t=0.00829783s]
TR(time=60000, nodes=100000)
Mutex(time=60000, nodes=100000, type=edeletion)
Aux(time=2000, nodes=1000000)
Disj(nodes=2147483647)
Estimation: min_time(1000) time_penalty +(1000)*(2) nodes_penalty +(1000)*(2)
MaxStep(time=30000, nodes=100000000, nodes_per_planning_second=100)
Ratio useful: 0
   Min alloted time: 60000 nodes: 10000000
   Max alloted time: 60000 nodes: 15000000
   Mult alloted time: 2 nodes: 2
   Ratio after relax: 0.8
building causal graph...done! [t=0.00014512s]
Sym variable order: 8 7 9 6 10 1 18 17 15 16 0 2 5 4 14 11 3 13 12 
Initializing Symbolic Variables
Num variables: 19 => 31
Initialize Symbolic Manager(62, 258064, 16000000, 0)
Generating binary variables
Symbolic Variables... Done.
BOUND: 1 < 2147483647, total time: 0.42096s
BOUND: 2 < 2147483647, total time: 0.421254s
BOUND: 3 < 2147483647, total time: 0.421712s
BOUND: 4 < 2147483647, total time: 0.422115s
BOUND: 5 < 2147483647, total time: 0.42261s
BOUND: 6 < 2147483647, total time: 0.423221s
BOUND: 7 < 2147483647, total time: 0.424241s
BOUND: 8 < 2147483647, total time: 0.425287s
BOUND: 9 < 2147483647, total time: 0.427613s
BOUND: 10 < 2147483647, total time: 0.429525s
Solution found with cost 10 total time: 0.431654s
Merging: 1
6 0.446929 1 97
Merging: 8
5 0.474542 1 82
Merging: 24
4 0.498146 1 79
Merging: 8
3 0.519195 1 54
Merging: 8
2 0.532902 1 37
Merging: 2
1 0.542438 1 36
Merging: 1
4 0.551777 1 97
Merging: 24
3 0.564439 1 97
Merging: 8
2 0.57316 1 82
Merging: 24
1 0.583291 1 79
BOUND: 10 < 10, total time: 0.592465s
Actual search time: 0.17183s [t=0.592825s]
switch_on instrument0 satellite0 (1)
calibrate satellite0 instrument0 groundstation8 (1)
turn_to satellite0 phenomenon17 groundstation8 (1)
take_image satellite0 phenomenon17 instrument0 spectrograph1 (1)
turn_to satellite0 phenomenon16 phenomenon17 (1)
take_image satellite0 phenomenon16 instrument0 spectrograph1 (1)
turn_to satellite0 planet15 phenomenon16 (1)
take_image satellite0 planet15 instrument0 spectrograph1 (1)
turn_to satellite0 star18 planet15 (1)
take_image satellite0 star18 instrument0 spectrograph1 (1)
Plan length: 10 step(s).
Plan cost: 10
Bytes per state: 4
Search time: 0.193958s
Total time: 0.592836s
Solution found.
Peak memory: 209724 KB
Running single search parser
