INFO     Running translator.
INFO     translator input: ['domain.pddl', 'problem.pddl']
INFO     translator arguments: []
INFO     translator time limit: None
INFO     translator memory limit: None
INFO     callstring: /usr/bin/python /mnt/data_server/torralba/subdominization/training/data/training_satellite/code-70296b3db083/builds/release32/bin/translate/translate.py domain.pddl problem.pddl
Parsing...
Parsing: [0.010s CPU, 0.049s wall-clock]
Normalizing task... [0.000s CPU, 0.000s wall-clock]
Instantiating...
Generating Datalog program... [0.000s CPU, 0.001s wall-clock]
Normalizing Datalog program...
Normalizing Datalog program: [0.000s CPU, 0.008s wall-clock]
Preparing model... [0.000s CPU, 0.002s wall-clock]
Generated 31 rules.
Computing model... [0.020s CPU, 0.016s wall-clock]
554 relevant atoms
186 auxiliary atoms
740 final queue length
1049 total queue pushes
Completing instantiation... [0.020s CPU, 0.021s wall-clock]
Instantiating: [0.040s CPU, 0.069s wall-clock]
Computing fact groups...
Finding invariants...
12 initial candidates
Finding invariants: [0.000s CPU, 0.003s wall-clock]
Checking invariant weight... [0.000s CPU, 0.000s wall-clock]
Instantiating groups... [0.000s CPU, 0.000s wall-clock]
Collecting mutex groups... [0.000s CPU, 0.000s wall-clock]
Choosing groups...
56 uncovered facts
Choosing groups: [0.000s CPU, 0.000s wall-clock]
Building translation key... [0.000s CPU, 0.001s wall-clock]
Computing fact groups: [0.000s CPU, 0.005s wall-clock]
Building STRIPS to SAS dictionary... [0.000s CPU, 0.000s wall-clock]
Building dictionary for full mutex groups... [0.010s CPU, 0.000s wall-clock]
Building mutex information...
Building mutex information: [0.000s CPU, 0.000s wall-clock]
Translating task...
Processing axioms...
Simplifying axioms... [0.000s CPU, 0.000s wall-clock]
Processing axioms: [0.000s CPU, 0.001s wall-clock]
Translating task: [0.020s CPU, 0.022s wall-clock]
15 effect conditions simplified
0 implied preconditions added
Detecting unreachable propositions...
0 operators removed
0 axioms removed
2 propositions removed
Detecting unreachable propositions: [0.010s CPU, 0.013s wall-clock]
Translator variables: 58
Translator derived variables: 0
Translator facts: 134
Translator goal facts: 3
Translator mutex groups: 2
Translator total mutex groups size: 22
Translator operators: 361
Translator axioms: 0
Translator task size: 1567
Translator peak memory: 44936 KB
Writing output... [0.010s CPU, 0.022s wall-clock]
Done! [0.100s CPU, 0.181s wall-clock]
INFO     Running preprocessor (release32).
INFO     preprocessor input: output.sas
INFO     preprocessor arguments: []
INFO     preprocessor time limit: None
INFO     preprocessor memory limit: None
INFO     callstring: /mnt/data_server/torralba/subdominization/training/data/training_satellite/code-70296b3db083/builds/release32/bin/preprocess < output.sas
Building causal graph...
The causal graph is not acyclic.
14 variables of 58 necessary
0 of 2 mutex groups necessary.
242 of 361 operators necessary.
0 of 0 axiom rules necessary.
Initializing mutex computation...
Mutex computation initialized with 46 fluents.
iteration for mutex detection and operator pruning
Initialize m_index fw
Initialized mvalues forward: reached=196, notReached=1676, spurious=244
Initialize m_ops fw
Computing mutexes...
Mutex computation finished with reached=1854, notReached=18, spurious=244
0 operators are spurious because were not triggered
H^2 mutexes added fw: 18, unreachable: 0
0 of 242 operators detected as spurious
iteration for mutex detection and operator pruning
Initialize m_index bw
Init values regression
Initialized mvalues backward: reached=585, notReached=1269, spurious=262
Initialize m_ops bw
Computing mutexes...
Mutex computation finished with reached=1854, notReached=0, spurious=262
0 operators are spurious because were not triggered
H^2 mutexes added bw: 0, unreachable: 0
0 of 242 operators detected as spurious
Total mutex and disambiguation time: 0.004052 iterations: 2
9 of 9 mutex groups necessary.
242 of 242 operators necessary.
0 of 0 axiom rules necessary.
Change id of operators: 242
Change id of mutexes
Change id of goals
Change id of initial state
Remove unreachable facts from variables: 14
9 of 9 mutex groups necessary.
242 of 242 operators necessary.
0 of 0 axiom rules necessary.
Updating causal graph and pruning unnecessary facts
14 variables of 14 of 58 necessary
The causal graph is not acyclic.
14 variables of 14 necessary
9 of 9 mutex groups necessary.
242 of 242 operators necessary.
0 of 0 axiom rules necessary.
Building domain transition graphs...
solveable in poly time 0
Building successor generator...
Preprocessor variables: 14
Preprocessor facts: 46
Preprocessor derived variables: 0
Preprocessor operators: 242
Preprocessor mutex groups: 9
Preprocessor task size: 837
Writing output...
Preprocessor time: 0.0128948s
Preprocessor peak memory: 2256 KB
done
INFO     Running search (release32).
INFO     search input: output
INFO     search arguments: ['--search', 'sbd(store_operators_in_optimal_plan=true, cost_type=1)']
INFO     search time limit: 3600s
INFO     search memory limit: 4096 MB
INFO     search executable: /mnt/data_server/torralba/subdominization/training/data/training_satellite/code-70296b3db083/builds/release32/bin/downward
INFO     callstring: /mnt/data_server/torralba/subdominization/training/data/training_satellite/code-70296b3db083/builds/release32/bin/downward --search 'sbd(store_operators_in_optimal_plan=true, cost_type=1)' --internal-plan-file sas_plan < output
time limit 3600.00 -> (3600, 3601)
reading input... [t=0.000149361s]
done reading input! [t=0.00202667s]
packing state variables...done! [t=0.0020388s]
Variables: 14
FactPairs: 46
Bytes per state: 4
Building successor generator...done! [t=0.00220069s]
done initalizing global data [t=0.00220705s]
TR(time=60000, nodes=100000)
Mutex(time=60000, nodes=100000, type=edeletion)
Aux(time=2000, nodes=1000000)
Disj(nodes=2147483647)
Estimation: min_time(1000) time_penalty +(1000)*(2) nodes_penalty +(1000)*(2)
MaxStep(time=30000, nodes=100000000, nodes_per_planning_second=100)
Ratio useful: 0
   Min alloted time: 60000 nodes: 10000000
   Max alloted time: 60000 nodes: 15000000
   Mult alloted time: 2 nodes: 2
   Ratio after relax: 0.8
building causal graph...done! [t=7.1097e-05s]
Sym variable order: 3 4 5 2 6 0 13 1 11 9 12 8 10 7 
Initializing Symbolic Variables
Num variables: 14 => 20
Initialize Symbolic Manager(40, 400000, 16000000, 0)
Generating binary variables
Symbolic Variables... Done.
BOUND: 1 < 2147483647, total time: 0.344253s
BOUND: 2 < 2147483647, total time: 0.344403s
BOUND: 3 < 2147483647, total time: 0.344558s
BOUND: 4 < 2147483647, total time: 0.344755s
BOUND: 5 < 2147483647, total time: 0.344976s
BOUND: 6 < 2147483647, total time: 0.345195s
BOUND: 7 < 2147483647, total time: 0.345444s
Solution found with cost 7 total time: 0.345698s
Merging: 1
3 0.348158 1 82
Merging: 20
2 0.354215 1 73
Merging: 12
1 0.35943 1 49
Merging: 1
4 0.363145 1 82
Merging: 16
3 0.366633 1 68
Merging: 12
2 0.369009 1 52
Merging: 8
1 0.370892 1 56
BOUND: 7 < 7, total time: 0.37289s
Actual search time: 0.0288591s [t=0.373141s]
turn_to satellite0 groundstation8 star5 (1)
switch_on instrument0 satellite0 (1)
calibrate satellite0 instrument0 groundstation8 (1)
turn_to satellite0 planet10 groundstation8 (1)
take_image satellite0 planet10 instrument0 thermograph3 (1)
turn_to satellite0 star3 planet10 (1)
turn_to satellite1 groundstation4 star0 (1)
Plan length: 7 step(s).
Plan cost: 7
Bytes per state: 4
Search time: 0.0332578s
Total time: 0.37315s
Solution found.
Peak memory: 227320 KB
Running single search parser
