INFO     Running translator.
INFO     translator input: ['domain.pddl', 'problem.pddl']
INFO     translator arguments: []
INFO     translator time limit: None
INFO     translator memory limit: None
INFO     callstring: /usr/bin/python /mnt/data_server/torralba/subdominization/training/data/training_satellite/code-70296b3db083/builds/release32/bin/translate/translate.py domain.pddl problem.pddl
Parsing...
Parsing: [0.010s CPU, 0.020s wall-clock]
Normalizing task... [0.000s CPU, 0.000s wall-clock]
Instantiating...
Generating Datalog program... [0.000s CPU, 0.001s wall-clock]
Normalizing Datalog program...
Normalizing Datalog program: [0.000s CPU, 0.030s wall-clock]
Preparing model... [0.000s CPU, 0.002s wall-clock]
Generated 31 rules.
Computing model... [0.030s CPU, 0.025s wall-clock]
922 relevant atoms
202 auxiliary atoms
1124 final queue length
1762 total queue pushes
Completing instantiation... [0.030s CPU, 0.038s wall-clock]
Instantiating: [0.060s CPU, 0.136s wall-clock]
Computing fact groups...
Finding invariants...
12 initial candidates
Finding invariants: [0.010s CPU, 0.003s wall-clock]
Checking invariant weight... [0.000s CPU, 0.000s wall-clock]
Instantiating groups... [0.000s CPU, 0.000s wall-clock]
Collecting mutex groups... [0.000s CPU, 0.000s wall-clock]
Choosing groups...
61 uncovered facts
Choosing groups: [0.000s CPU, 0.000s wall-clock]
Building translation key... [0.000s CPU, 0.001s wall-clock]
Computing fact groups: [0.010s CPU, 0.006s wall-clock]
Building STRIPS to SAS dictionary... [0.000s CPU, 0.000s wall-clock]
Building dictionary for full mutex groups... [0.000s CPU, 0.000s wall-clock]
Building mutex information...
Building mutex information: [0.000s CPU, 0.000s wall-clock]
Translating task...
Processing axioms...
Simplifying axioms... [0.000s CPU, 0.000s wall-clock]
Processing axioms: [0.000s CPU, 0.002s wall-clock]
Translating task: [0.040s CPU, 0.040s wall-clock]
12 effect conditions simplified
0 implied preconditions added
Detecting unreachable propositions...
0 operators removed
0 axioms removed
2 propositions removed
Detecting unreachable propositions: [0.020s CPU, 0.023s wall-clock]
Translator variables: 63
Translator derived variables: 0
Translator facts: 156
Translator goal facts: 8
Translator mutex groups: 2
Translator total mutex groups size: 34
Translator operators: 695
Translator axioms: 0
Translator task size: 2637
Translator peak memory: 46348 KB
Writing output... [0.010s CPU, 0.096s wall-clock]
Done! [0.150s CPU, 0.325s wall-clock]
INFO     Running preprocessor (release32).
INFO     preprocessor input: output.sas
INFO     preprocessor arguments: []
INFO     preprocessor time limit: None
INFO     preprocessor memory limit: None
INFO     callstring: /mnt/data_server/torralba/subdominization/training/data/training_satellite/code-70296b3db083/builds/release32/bin/preprocess < output.sas
Building causal graph...
The causal graph is not acyclic.
19 variables of 63 necessary
0 of 2 mutex groups necessary.
579 of 695 operators necessary.
0 of 0 axiom rules necessary.
Initializing mutex computation...
Mutex computation initialized with 68 fluents.
iteration for mutex detection and operator pruning
Initialize m_index fw
Initialized mvalues forward: reached=361, notReached=3685, spurious=578
Initialize m_ops fw
Computing mutexes...
Mutex computation finished with reached=4030, notReached=16, spurious=578
0 operators are spurious because were not triggered
H^2 mutexes added fw: 16, unreachable: 0
0 of 579 operators detected as spurious
iteration for mutex detection and operator pruning
Initialize m_index bw
Init values regression
Initialized mvalues backward: reached=1717, notReached=2313, spurious=594
Initialize m_ops bw
Computing mutexes...
Mutex computation finished with reached=4030, notReached=0, spurious=594
0 operators are spurious because were not triggered
H^2 mutexes added bw: 0, unreachable: 0
0 of 579 operators detected as spurious
Total mutex and disambiguation time: 0.016903 iterations: 2
8 of 8 mutex groups necessary.
579 of 579 operators necessary.
0 of 0 axiom rules necessary.
Change id of operators: 579
Change id of mutexes
Change id of goals
Change id of initial state
Remove unreachable facts from variables: 19
8 of 8 mutex groups necessary.
579 of 579 operators necessary.
0 of 0 axiom rules necessary.
Updating causal graph and pruning unnecessary facts
19 variables of 19 of 63 necessary
The causal graph is not acyclic.
19 variables of 19 necessary
8 of 8 mutex groups necessary.
579 of 579 operators necessary.
0 of 0 axiom rules necessary.
Building domain transition graphs...
solveable in poly time 0
Building successor generator...
Preprocessor variables: 19
Preprocessor facts: 68
Preprocessor derived variables: 0
Preprocessor operators: 579
Preprocessor mutex groups: 8
Preprocessor task size: 1907
Writing output...
Preprocessor time: 0.0385462s
Preprocessor peak memory: 2404 KB
done
INFO     Running search (release32).
INFO     search input: output
INFO     search arguments: ['--search', 'sbd(store_operators_in_optimal_plan=true, cost_type=1)']
INFO     search time limit: 3600s
INFO     search memory limit: 4096 MB
INFO     search executable: /mnt/data_server/torralba/subdominization/training/data/training_satellite/code-70296b3db083/builds/release32/bin/downward
INFO     callstring: /mnt/data_server/torralba/subdominization/training/data/training_satellite/code-70296b3db083/builds/release32/bin/downward --search 'sbd(store_operators_in_optimal_plan=true, cost_type=1)' --internal-plan-file sas_plan < output
time limit 3600.00 -> (3600, 3601)
reading input... [t=0.000153611s]
done reading input! [t=0.00435941s]
packing state variables...done! [t=0.00437218s]
Variables: 19
FactPairs: 68
Bytes per state: 4
Building successor generator...done! [t=0.00471238s]
done initalizing global data [t=0.00471924s]
TR(time=60000, nodes=100000)
Mutex(time=60000, nodes=100000, type=edeletion)
Aux(time=2000, nodes=1000000)
Disj(nodes=2147483647)
Estimation: min_time(1000) time_penalty +(1000)*(2) nodes_penalty +(1000)*(2)
MaxStep(time=30000, nodes=100000000, nodes_per_planning_second=100)
Ratio useful: 0
   Min alloted time: 60000 nodes: 10000000
   Max alloted time: 60000 nodes: 15000000
   Mult alloted time: 2 nodes: 2
   Ratio after relax: 0.8
building causal graph...done! [t=0.0001172s]
Sym variable order: 10 9 8 4 6 3 7 0 5 18 17 15 11 2 1 16 14 13 12 
Initializing Symbolic Variables
Num variables: 19 => 27
Initialize Symbolic Manager(54, 296296, 16000000, 0)
Generating binary variables
Symbolic Variables... Done.
BOUND: 1 < 2147483647, total time: 0.450595s
BOUND: 2 < 2147483647, total time: 0.450825s
BOUND: 3 < 2147483647, total time: 0.451103s
BOUND: 4 < 2147483647, total time: 0.451398s
BOUND: 5 < 2147483647, total time: 0.451821s
BOUND: 6 < 2147483647, total time: 0.452425s
BOUND: 7 < 2147483647, total time: 0.453026s
BOUND: 8 < 2147483647, total time: 0.453995s
BOUND: 9 < 2147483647, total time: 0.455156s
BOUND: 10 < 2147483647, total time: 0.456911s
BOUND: 11 < 2147483647, total time: 0.458884s
BOUND: 12 < 2147483647, total time: 0.461128s
BOUND: 13 < 2147483647, total time: 0.464222s
BOUND: 14 < 2147483647, total time: 0.467142s
BOUND: 15 < 2147483647, total time: 0.469628s
BOUND: 16 < 2147483647, total time: 0.472183s
BOUND: 17 < 2147483647, total time: 0.474379s
BOUND: 18 < 2147483647, total time: 0.476699s
BOUND: 19 < 2147483647, total time: 0.478801s
BOUND: 20 < 2147483647, total time: 0.48104s
Solution found with cost 20 total time: 0.482661s
Merging: 1
7 0.504924 1 277
Merging: 67
6 0.555188 1 239
Merging: 67
5 0.592349 1 173
Merging: 55
4 0.615638 1 140
Merging: 21
3 0.634548 1 86
Merging: 11
2 0.645992 1 67
Merging: 4
1 0.655274 1 51
Merging: 1
13 0.662261 1 277
Merging: 67
12 0.688216 1 340
Merging: 77
11 0.714184 1 376
Merging: 78
10 0.739998 1 425
Merging: 87
9 0.767984 1 447
Merging: 89
8 0.796862 1 444
Merging: 89
7 0.824647 1 437
Merging: 87
6 0.850424 1 403
Merging: 85
5 0.874288 1 384
Merging: 84
4 0.895608 1 312
Merging: 84
3 0.913537 1 264
Merging: 65
2 0.92602 1 156
Merging: 31
1 0.935229 1 117
BOUND: 20 < 20, total time: 0.939839s
Actual search time: 0.489889s [t=0.940538s]
turn_to satellite1 star3 planet14 (1)
switch_on instrument3 satellite1 (1)
calibrate satellite1 instrument3 star3 (1)
turn_to satellite1 phenomenon12 star3 (1)
take_image satellite1 phenomenon12 instrument3 thermograph2 (1)
switch_on instrument2 satellite0 (1)
calibrate satellite0 instrument2 groundstation5 (1)
turn_to satellite0 phenomenon10 groundstation5 (1)
take_image satellite0 phenomenon10 instrument2 spectrograph0 (1)
turn_to satellite0 phenomenon13 phenomenon10 (1)
take_image satellite0 phenomenon13 instrument2 spectrograph0 (1)
turn_to satellite0 planet14 phenomenon13 (1)
take_image satellite0 planet14 instrument2 thermograph2 (1)
turn_to satellite0 star11 planet14 (1)
take_image satellite0 star11 instrument2 spectrograph0 (1)
turn_to satellite0 planet15 star11 (1)
turn_to satellite1 planet15 phenomenon12 (1)
take_image satellite1 planet15 instrument3 thermograph1 (1)
turn_to satellite1 star16 planet15 (1)
take_image satellite1 star16 instrument3 thermograph2 (1)
Plan length: 20 step(s).
Plan cost: 20
Bytes per state: 4
Search time: 0.502836s
Total time: 0.940552s
Solution found.
Peak memory: 260192 KB
Running single search parser
