INFO     Running translator.
INFO     translator input: ['domain.pddl', 'problem.pddl']
INFO     translator arguments: []
INFO     translator time limit: None
INFO     translator memory limit: None
INFO     callstring: /usr/bin/python /mnt/data_server/torralba/subdominization/training/data/training_satellite/code-70296b3db083/builds/release32/bin/translate/translate.py domain.pddl problem.pddl
Parsing...
Parsing: [0.000s CPU, 0.020s wall-clock]
Normalizing task... [0.000s CPU, 0.000s wall-clock]
Instantiating...
Generating Datalog program... [0.000s CPU, 0.001s wall-clock]
Normalizing Datalog program...
Normalizing Datalog program: [0.010s CPU, 0.009s wall-clock]
Preparing model... [0.000s CPU, 0.002s wall-clock]
Generated 31 rules.
Computing model... [0.020s CPU, 0.022s wall-clock]
688 relevant atoms
313 auxiliary atoms
1001 final queue length
1429 total queue pushes
Completing instantiation... [0.030s CPU, 0.027s wall-clock]
Instantiating: [0.060s CPU, 0.072s wall-clock]
Computing fact groups...
Finding invariants...
12 initial candidates
Finding invariants: [0.000s CPU, 0.004s wall-clock]
Checking invariant weight... [0.000s CPU, 0.000s wall-clock]
Instantiating groups... [0.000s CPU, 0.000s wall-clock]
Collecting mutex groups... [0.000s CPU, 0.000s wall-clock]
Choosing groups...
42 uncovered facts
Choosing groups: [0.000s CPU, 0.000s wall-clock]
Building translation key... [0.000s CPU, 0.001s wall-clock]
Computing fact groups: [0.000s CPU, 0.006s wall-clock]
Building STRIPS to SAS dictionary... [0.000s CPU, 0.000s wall-clock]
Building dictionary for full mutex groups... [0.000s CPU, 0.000s wall-clock]
Building mutex information...
Building mutex information: [0.000s CPU, 0.000s wall-clock]
Translating task...
Processing axioms...
Simplifying axioms... [0.000s CPU, 0.000s wall-clock]
Processing axioms: [0.000s CPU, 0.001s wall-clock]
Translating task: [0.040s CPU, 0.028s wall-clock]
30 effect conditions simplified
0 implied preconditions added
Detecting unreachable propositions...
0 operators removed
0 axioms removed
4 propositions removed
Detecting unreachable propositions: [0.020s CPU, 0.016s wall-clock]
Translator variables: 46
Translator derived variables: 0
Translator facts: 120
Translator goal facts: 4
Translator mutex groups: 4
Translator total mutex groups size: 36
Translator operators: 462
Translator axioms: 0
Translator task size: 1920
Translator peak memory: 45448 KB
Writing output... [0.000s CPU, 0.031s wall-clock]
Done! [0.120s CPU, 0.175s wall-clock]
INFO     Running preprocessor (release32).
INFO     preprocessor input: output.sas
INFO     preprocessor arguments: []
INFO     preprocessor time limit: None
INFO     preprocessor memory limit: None
INFO     callstring: /mnt/data_server/torralba/subdominization/training/data/training_satellite/code-70296b3db083/builds/release32/bin/preprocess < output.sas
Building causal graph...
The causal graph is not acyclic.
31 variables of 46 necessary
0 of 4 mutex groups necessary.
342 of 462 operators necessary.
0 of 0 axiom rules necessary.
Initializing mutex computation...
Mutex computation initialized with 90 fluents.
iteration for mutex detection and operator pruning
Initialize m_index fw
Initialized mvalues forward: reached=961, notReached=6797, spurious=342
Initialize m_ops fw
Computing mutexes...
Mutex computation finished with reached=7718, notReached=40, spurious=342
0 operators are spurious because were not triggered
H^2 mutexes added fw: 40, unreachable: 0
0 of 342 operators detected as spurious
iteration for mutex detection and operator pruning
Initialize m_index bw
Init values regression
Initialized mvalues backward: reached=5937, notReached=1781, spurious=382
Initialize m_ops bw
Computing mutexes...
Mutex computation finished with reached=7718, notReached=0, spurious=382
0 operators are spurious because were not triggered
H^2 mutexes added bw: 0, unreachable: 0
0 of 342 operators detected as spurious
Total mutex and disambiguation time: 0.011794 iterations: 2
20 of 20 mutex groups necessary.
342 of 342 operators necessary.
0 of 0 axiom rules necessary.
Change id of operators: 342
Change id of mutexes
Change id of goals
Change id of initial state
Remove unreachable facts from variables: 31
20 of 20 mutex groups necessary.
342 of 342 operators necessary.
0 of 0 axiom rules necessary.
Updating causal graph and pruning unnecessary facts
31 variables of 31 of 46 necessary
The causal graph is not acyclic.
31 variables of 31 necessary
20 of 20 mutex groups necessary.
342 of 342 operators necessary.
0 of 0 axiom rules necessary.
Building domain transition graphs...
solveable in poly time 0
Building successor generator...
Preprocessor variables: 31
Preprocessor facts: 90
Preprocessor derived variables: 0
Preprocessor operators: 342
Preprocessor mutex groups: 20
Preprocessor task size: 1279
Writing output...
Preprocessor time: 0.0244792s
Preprocessor peak memory: 2256 KB
done
INFO     Running search (release32).
INFO     search input: output
INFO     search arguments: ['--search', 'sbd(store_operators_in_optimal_plan=true, cost_type=1)']
INFO     search time limit: 3600s
INFO     search memory limit: 4096 MB
INFO     search executable: /mnt/data_server/torralba/subdominization/training/data/training_satellite/code-70296b3db083/builds/release32/bin/downward
INFO     callstring: /mnt/data_server/torralba/subdominization/training/data/training_satellite/code-70296b3db083/builds/release32/bin/downward --search 'sbd(store_operators_in_optimal_plan=true, cost_type=1)' --internal-plan-file sas_plan < output
time limit 3600.00 -> (3600, 3601)
reading input... [t=9.6006e-05s]
done reading input! [t=0.0030126s]
packing state variables...done! [t=0.00302708s]
Variables: 31
FactPairs: 90
Bytes per state: 8
Building successor generator...done! [t=0.00333413s]
done initalizing global data [t=0.00334061s]
TR(time=60000, nodes=100000)
Mutex(time=60000, nodes=100000, type=edeletion)
Aux(time=2000, nodes=1000000)
Disj(nodes=2147483647)
Estimation: min_time(1000) time_penalty +(1000)*(2) nodes_penalty +(1000)*(2)
MaxStep(time=30000, nodes=100000000, nodes_per_planning_second=100)
Ratio useful: 0
   Min alloted time: 60000 nodes: 10000000
   Max alloted time: 60000 nodes: 15000000
   Mult alloted time: 2 nodes: 2
   Ratio after relax: 0.8
building causal graph...done! [t=0.000152833s]
Sym variable order: 11 7 5 9 6 8 0 10 4 12 13 1 28 30 21 27 29 3 25 23 16 18 2 24 20 14 26 22 17 19 15 
Initializing Symbolic Variables
Num variables: 31 => 43
Initialize Symbolic Manager(86, 186046, 16000000, 0)
Generating binary variables
Symbolic Variables... Done.
BOUND: 1 < 2147483647, total time: 0.559447s
BOUND: 2 < 2147483647, total time: 0.559769s
BOUND: 3 < 2147483647, total time: 0.560695s
BOUND: 4 < 2147483647, total time: 0.561314s
BOUND: 5 < 2147483647, total time: 0.56236s
BOUND: 6 < 2147483647, total time: 0.564447s
BOUND: 7 < 2147483647, total time: 0.566279s
BOUND: 8 < 2147483647, total time: 0.56918s
BOUND: 9 < 2147483647, total time: 0.573375s
Solution found with cost 9 total time: 0.578608s
Merging: 1
6 0.58765 1 84
Merging: 10
5 0.596215 1 80
Merging: 10
4 0.604401 1 76
Merging: 7
3 0.611978 1 64
Merging: 5
2 0.61814 1 63
Merging: 3
1 0.622872 1 67
Merging: 1
3 0.627965 1 84
Merging: 10
2 0.63299 1 80
Merging: 10
1 0.637097 1 76
BOUND: 9 < 9, total time: 0.640812s
Actual search time: 0.0819754s [t=0.641484s]
switch_on instrument2 satellite0 (1)
calibrate satellite0 instrument2 groundstation4 (1)
turn_to satellite0 planet8 groundstation4 (1)
take_image satellite0 planet8 instrument2 spectrograph0 (1)
turn_to satellite0 phenomenon6 planet8 (1)
take_image satellite0 phenomenon6 instrument2 infrared1 (1)
turn_to satellite0 star5 phenomenon6 (1)
take_image satellite0 star5 instrument2 infrared1 (1)
turn_to satellite3 star3 phenomenon7 (1)
Plan length: 9 step(s).
Plan cost: 9
Bytes per state: 8
Search time: 0.0968064s
Total time: 0.641497s
Solution found.
Peak memory: 233820 KB
Running single search parser
