INFO     Running translator.
INFO     translator input: ['domain.pddl', 'problem.pddl']
INFO     translator arguments: []
INFO     translator time limit: None
INFO     translator memory limit: None
INFO     callstring: /usr/bin/python /mnt/data_server/torralba/subdominization/training/data/training_agricola/code-70296b3db083/builds/release32/bin/translate/translate.py domain.pddl problem.pddl
Parsing...
Parsing: [0.020s CPU, 0.032s wall-clock]
Normalizing task... [0.000s CPU, 0.001s wall-clock]
Instantiating...
Generating Datalog program... [0.010s CPU, 0.006s wall-clock]
Normalizing Datalog program...
Normalizing Datalog program: [0.010s CPU, 0.021s wall-clock]
Preparing model... [0.020s CPU, 0.016s wall-clock]
Generated 258 rules.
Computing model... [1.920s CPU, 1.931s wall-clock]
48835 relevant atoms
1588 auxiliary atoms
50423 final queue length
182745 total queue pushes
Completing instantiation... [12.000s CPU, 12.047s wall-clock]
Instantiating: [13.980s CPU, 14.209s wall-clock]
Computing fact groups...
Finding invariants...
44 initial candidates
Finding invariants: [0.210s CPU, 0.208s wall-clock]
Checking invariant weight... [0.000s CPU, 0.001s wall-clock]
Instantiating groups... [0.000s CPU, 0.002s wall-clock]
Collecting mutex groups... [0.000s CPU, 0.000s wall-clock]
Choosing groups...
114 uncovered facts
Choosing groups: [0.000s CPU, 0.000s wall-clock]
Building translation key... [0.000s CPU, 0.001s wall-clock]
Computing fact groups: [0.210s CPU, 0.215s wall-clock]
Building STRIPS to SAS dictionary... [0.000s CPU, 0.000s wall-clock]
Building dictionary for full mutex groups... [0.000s CPU, 0.000s wall-clock]
Building mutex information...
Building mutex information: [0.000s CPU, 0.000s wall-clock]
Translating task...
Processing axioms...
Simplifying axioms... [0.000s CPU, 0.000s wall-clock]
Processing axioms: [0.350s CPU, 0.353s wall-clock]
Translating task: [8.030s CPU, 8.068s wall-clock]
51815 effect conditions simplified
0 implied preconditions added
Detecting unreachable propositions...
0 operators removed
0 axioms removed
35 propositions removed
Detecting unreachable propositions: [3.900s CPU, 3.917s wall-clock]
Translator variables: 110
Translator derived variables: 0
Translator facts: 250
Translator goal facts: 1
Translator mutex groups: 7
Translator total mutex groups size: 44
Translator operators: 48179
Translator axioms: 0
Translator task size: 541836
Translator peak memory: 540764 KB
Writing output... [1.110s CPU, 1.507s wall-clock]
Done! [27.490s CPU, 28.196s wall-clock]
INFO     Running preprocessor (release32).
INFO     preprocessor input: output.sas
INFO     preprocessor arguments: []
INFO     preprocessor time limit: None
INFO     preprocessor memory limit: None
INFO     callstring: /mnt/data_server/torralba/subdominization/training/data/training_agricola/code-70296b3db083/builds/release32/bin/preprocess < output.sas
Building causal graph...
The causal graph is not acyclic.
104 variables of 110 necessary
0 of 7 mutex groups necessary.
48179 of 48179 operators necessary.
0 of 0 axiom rules necessary.
Initializing mutex computation...
Mutex computation initialized with 238 fluents.
iteration for mutex detection and operator pruning
Initialize m_index fw
Initialized mvalues forward: reached=10816, notReached=45264, spurious=564
Initialize m_ops fw
Computing mutexes...
Mutex computation finished with reached=49852, notReached=6228, spurious=564
28048 operators are spurious because were not triggered
Unreachable proposition: Atom harvest_phase(stage5, harvest_feeding)
Unreachable proposition: Atom harvest_phase(stage5, harvest_breeding)
H^2 mutexes added fw: 5284, unreachable: 2
0 of 20131 operators detected as spurious
iteration for mutex detection and operator pruning
Initialize m_index bw
Init values regression
Initialized mvalues backward: reached=31491, notReached=18361, spurious=6792
Initialize m_ops bw
Computing mutexes...
Mutex computation finished with reached=49822, notReached=30, spurious=6792
0 operators are spurious because were not triggered
H^2 mutexes added bw: 30, unreachable: 0
0 of 20131 operators detected as spurious
iteration for mutex detection and operator pruning
Initialize m_index fw
Initialized mvalues forward: reached=10816, notReached=39006, spurious=6822
Initialize m_ops fw
Computing mutexes...
Mutex computation finished with reached=49822, notReached=0, spurious=6822
0 operators are spurious because were not triggered
H^2 mutexes added fw: 0, unreachable: 0
0 of 20131 operators detected as spurious
Total mutex and disambiguation time: 10.6426 iterations: 3
2657 of 2657 mutex groups necessary.
20131 of 48179 operators necessary.
0 of 0 axiom rules necessary.
Change id of operators: 20131
Change id of mutexes
Change id of goals
Change id of initial state
Remove unreachable facts from variables: 104
2657 of 2657 mutex groups necessary.
20131 of 20131 operators necessary.
0 of 0 axiom rules necessary.
Updating causal graph and pruning unnecessary facts
102 variables of 104 of 110 necessary
The causal graph is not acyclic.
101 variables of 102 necessary
2595 of 2657 mutex groups necessary.
20131 of 20131 operators necessary.
0 of 0 axiom rules necessary.
Building domain transition graphs...
solveable in poly time 0
Building successor generator...
Preprocessor variables: 101
Preprocessor facts: 232
Preprocessor derived variables: 0
Preprocessor operators: 20131
Preprocessor mutex groups: 2595
Preprocessor task size: 217657
Writing output...
Preprocessor time: 13.1115s
Preprocessor peak memory: 154016 KB
done
INFO     Running search (release32).
INFO     search input: output
INFO     search arguments: ['--search', 'sbw(store_operators_in_optimal_plan=true, cost_type=1)']
INFO     search time limit: 3600s
INFO     search memory limit: 4096 MB
INFO     search executable: /mnt/data_server/torralba/subdominization/training/data/training_agricola/code-70296b3db083/builds/release32/bin/downward
INFO     callstring: /mnt/data_server/torralba/subdominization/training/data/training_agricola/code-70296b3db083/builds/release32/bin/downward --search 'sbw(store_operators_in_optimal_plan=true, cost_type=1)' --internal-plan-file sas_plan < output
time limit 3600.00 -> (3600, 3601)
reading input... [t=0.000122296s]
done reading input! [t=0.307895s]
packing state variables...done! [t=0.307927s]
Variables: 101
FactPairs: 232
Bytes per state: 16
Building successor generator...done! [t=0.420257s]
done initalizing global data [t=0.420277s]
TR(time=60000, nodes=100000)
Mutex(time=60000, nodes=100000, type=edeletion)
Aux(time=2000, nodes=1000000)
Disj(nodes=2147483647)
Estimation: min_time(1000) time_penalty +(1000)*(2) nodes_penalty +(1000)*(2)
MaxStep(time=30000, nodes=100000000, nodes_per_planning_second=100)
Ratio useful: 0
   Min alloted time: 60000 nodes: 10000000
   Max alloted time: 60000 nodes: 15000000
   Mult alloted time: 2 nodes: 2
   Ratio after relax: 0.8
building causal graph...done! [t=0.0301846s]
Sym variable order: 100 8 7 6 54 55 56 57 50 51 52 53 78 79 80 2 16 0 9 11 13 12 1 3 4 95 96 83 84 85 99 81 64 65 66 82 72 71 88 24 87 25 26 68 28 70 38 39 37 47 69 49 34 36 35 33 31 98 91 29 90 74 73 75 10 23 97 86 76 77 63 62 89 67 94 60 58 61 59 92 93 41 32 42 40 48 44 45 43 46 20 30 22 27 14 18 17 21 19 15 5 
Initializing Symbolic Variables
Num variables: 101 => 113
Initialize Symbolic Manager(226, 70796, 16000000, 0)
Generating binary variables
Symbolic Variables... Done.
BOUND: 1 < 2147483647, total time: 3.4573s
BOUND: 2 < 2147483647, total time: 3.48479s
BOUND: 3 < 2147483647, total time: 3.48913s
BOUND: 4 < 2147483647, total time: 3.49349s
BOUND: 5 < 2147483647, total time: 3.49915s
BOUND: 6 < 2147483647, total time: 3.50893s
BOUND: 7 < 2147483647, total time: 3.53011s
BOUND: 8 < 2147483647, total time: 3.67589s
BOUND: 9 < 2147483647, total time: 4.22994s
BOUND: 10 < 2147483647, total time: 5.44122s
BOUND: 11 < 2147483647, total time: 7.07987s
BOUND: 12 < 2147483647, total time: 8.29612s
BOUND: 13 < 2147483647, total time: 8.86257s
BOUND: 14 < 2147483647, total time: 9.16758s
BOUND: 15 < 2147483647, total time: 9.52492s
BOUND: 16 < 2147483647, total time: 11.0239s
BOUND: 17 < 2147483647, total time: 12.1859s
BOUND: 18 < 2147483647, total time: 13.6046s
BOUND: 19 < 2147483647, total time: 14.8311s
BOUND: 20 < 2147483647, total time: 15.5323s
BOUND: 21 < 2147483647, total time: 15.9027s
BOUND: 22 < 2147483647, total time: 16.1012s
BOUND: 23 < 2147483647, total time: 16.3122s
BOUND: 24 < 2147483647, total time: 16.6633s
BOUND: 25 < 2147483647, total time: 17.2028s
BOUND: 26 < 2147483647, total time: 17.998s
BOUND: 27 < 2147483647, total time: 19.2348s
BOUND: 28 < 2147483647, total time: 20.8107s
BOUND: 29 < 2147483647, total time: 22.8165s
BOUND: 30 < 2147483647, total time: 24.8713s
BOUND: 31 < 2147483647, total time: 26.5941s
BOUND: 32 < 2147483647, total time: 27.9517s
BOUND: 33 < 2147483647, total time: 30.1547s
BOUND: 34 < 2147483647, total time: 31.4186s
BOUND: 35 < 2147483647, total time: 32.5782s
BOUND: 36 < 2147483647, total time: 33.4935s
BOUND: 37 < 2147483647, total time: 34.3913s
BOUND: 38 < 2147483647, total time: 35.4263s
BOUND: 39 < 2147483647, total time: 36.5992s
BOUND: 40 < 2147483647, total time: 37.5789s
BOUND: 41 < 2147483647, total time: 38.1241s
BOUND: 42 < 2147483647, total time: 38.3756s
BOUND: 43 < 2147483647, total time: 38.8243s
BOUND: 44 < 2147483647, total time: 39.8137s
BOUND: 45 < 2147483647, total time: 41.2566s
BOUND: 46 < 2147483647, total time: 42.7699s
BOUND: 47 < 2147483647, total time: 43.9064s
BOUND: 48 < 2147483647, total time: 44.6727s
BOUND: 49 < 2147483647, total time: 45.7559s
BOUND: 50 < 2147483647, total time: 47.2034s
BOUND: 51 < 2147483647, total time: 48.997s
BOUND: 52 < 2147483647, total time: 52.4561s
BOUND: 53 < 2147483647, total time: 53.7263s
BOUND: 54 < 2147483647, total time: 54.1552s
BOUND: 55 < 2147483647, total time: 54.3899s
BOUND: 56 < 2147483647, total time: 54.8662s
BOUND: 57 < 2147483647, total time: 55.5196s
BOUND: 58 < 2147483647, total time: 56.2527s
BOUND: 59 < 2147483647, total time: 57.0353s
BOUND: 60 < 2147483647, total time: 57.4737s
BOUND: 61 < 2147483647, total time: 57.6331s
BOUND: 62 < 2147483647, total time: 57.6978s
BOUND: 63 < 2147483647, total time: 57.808s
BOUND: 64 < 2147483647, total time: 58.0723s
BOUND: 65 < 2147483647, total time: 58.3626s
BOUND: 66 < 2147483647, total time: 58.552s
Solution found with cost 66 total time: 58.6649s
Merging: 1
66 60.5565 1 114
Merging: 8
65 60.622 1 347
Merging: 8
64 60.7181 1 802
Merging: 1
63 60.8254 1 802
Merging: 6
62 60.9324 1 176
Merging: 1
61 61.0265 1 176
Merging: 14
60 61.1221 1 1620
Merging: 14
59 61.258 1 1781
Merging: 1
58 61.3771 1 1781
Merging: 6
57 61.4955 1 241
Merging: 1
56 61.5941 1 241
Merging: 17
55 61.7015 1 2859
Merging: 17
54 61.9039 1 3858
Merging: 1
53 62.0919 1 3858
Merging: 6
52 62.27 1 302
Merging: 1
51 62.3834 1 302
Merging: 20
50 62.5086 1 6226
Merging: 20
49 62.8908 1 8436
Merging: 1
48 63.2329 1 8436
Merging: 6
47 63.5656 1 418
Merging: 1
46 63.7031 1 418
Merging: 3
45 63.776 1 431
Merging: 1
44 63.8756 1 431
Merging: 1
43 63.9411 1 431
Merging: 22
42 64.0995 1 11394
Merging: 28
41 64.8594 1 22089
Merging: 1
40 65.8569 1 22089
Merging: 6
39 66.7652 1 738
Merging: 1
38 67.004 1 738
Merging: 51
37 67.2895 1 18721
Merging: 65
36 69.0084 1 45819
Merging: 1
35 71.4713 1 45819
Merging: 6
34 73.8568 1 1018
Merging: 1
33 74.2325 1 1018
Merging: 102
32 74.6826 1 37276
Merging: 102
31 78.328 1 82119
Merging: 1
30 82.8346 1 82119
Merging: 6
29 87.2284 1 883
Merging: 1
28 87.6078 1 883
Merging: 15
27 87.7163 1 871
Merging: 1
26 87.922 1 871
Merging: 1
25 88.0398 1 871
Merging: 100
24 88.4882 1 43333
Merging: 117
23 93.4988 1 144959
Merging: 1
22 101.139 1 144959
Merging: 6
21 107.873 1 939
Merging: 1
20 108.286 1 939
Merging: 129
19 108.789 1 58297
Merging: 126
18 114.902 1 139642
Merging: 1
17 121.799 1 139642
Merging: 6
16 128.504 1 949
Merging: 1
15 128.902 1 949
Merging: 19
14 129.01 1 914
Merging: 1
13 129.232 1 914
Merging: 1
12 129.358 1 914
Merging: 120
11 129.889 1 71063
Merging: 137
10 139.764 1 254581
Merging: 1
9 153.276 1 254581
Merging: 6
8 165.201 1 1060
Merging: 1
7 165.653 1 1060
Merging: 161
6 166.222 1 96624
Merging: 158
5 175.88 1 251927
Merging: 2
4 187.83 1 237125
Merging: 6
3 199.75 1 1330
Merging: 1
2 200.249 1 1330
Merging: 38
1 200.376 1 1295
BOUND: 66 < 66, total time: 200.736s
Actual search time: 197.283s [t=200.741s]
collect_resource worker2 worker1 worker2 round1 act_clay clay (60)
collect_resource worker1 noworker worker2 round1 act_reed reed (60)
ag__finish_round_backhome round1 worker2 (1)
ag__finish_round_renew round1 noworker (1)
ag__advance_round_normal round1 round2 act_family (1)
collect_resource worker2 worker1 worker2 round2 act_clay clay (60)
take_food worker1 noworker worker2 round2 num1 num2 (60)
ag__finish_round_backhome round2 worker2 (1)
ag__finish_round_renew round2 noworker (1)
ag__advance_round_normal round2 round3 act_fences (1)
build_fences boar worker2 worker1 worker2 round3 (60)
take_food worker1 noworker worker2 round3 num2 num3 (60)
ag__finish_round_backhome round3 worker2 (1)
ag__finish_round_renew round3 noworker (1)
ag__advance_round_normal round3 round4 act_sheep (1)
build_fences boar worker2 worker1 worker2 round4 (60)
take_food worker1 noworker worker2 round4 num3 num4 (60)
ag__finish_round_backhome round4 worker2 (1)
ag__finish_round_renew round4 noworker (1)
ag__harvest_collect_end round4 stage1 (1)
ag__harvest_feed round4 stage1 worker2 num4 num4 num0 (1)
ag__harvest_breed_end round4 stage1 (1)
ag__finish_stage stage1 stage2 round4 round5 act_improve (1)
build_fences boar worker2 worker1 worker2 round5 (60)
collect_animal boar act_sheep worker1 noworker worker2 round5 (60)
ag__finish_round_backhome round5 worker2 (1)
ag__finish_round_renew round5 noworker (1)
ag__advance_round_normal round5 round6 act_boar (1)
collect_resource worker2 worker1 worker2 round6 act_stone stone (60)
improve_home worker1 noworker worker2 round6 fireplace (60)
ag__finish_round_backhome round6 worker2 (1)
ag__finish_round_renew round6 noworker (1)
ag__advance_round_normal round6 round7 act_cattle (1)
collect_cook_animal boar act_boar worker2 worker1 worker2 round7 num0 num2 (60)
collect_cook_animal boar act_cattle worker1 noworker worker2 round7 num2 num4 (60)
ag__finish_round_backhome round7 worker2 (1)
ag__finish_round_renew round7 noworker (1)
ag__harvest_collect_end round7 stage2 (1)
ag__harvest_feed round7 stage2 worker2 num4 num4 num0 (1)
ag__harvest_breed_end round7 stage2 (1)
ag__finish_stage stage2 stage3 round7 round8 act_carrot (1)
build_fences boar worker2 worker1 worker2 round8 (60)
collect_cook_animal boar act_sheep worker1 noworker worker2 round8 num0 num2 (60)
ag__finish_round_backhome round8 worker2 (1)
ag__finish_round_renew round8 noworker (1)
ag__advance_round_normal round8 round9 void (1)
build_fences boar worker2 worker1 worker2 round9 (60)
collect_cook_animal boar act_sheep worker1 noworker worker2 round9 num2 num4 (60)
ag__finish_round_backhome round9 worker2 (1)
ag__finish_round_renew round9 noworker (1)
ag__harvest_collect_end round9 stage3 (1)
ag__harvest_feed round9 stage3 worker2 num4 num4 num0 (1)
ag__harvest_breed_end round9 stage3 (1)
ag__finish_stage stage3 stage4 round9 round10 void (1)
build_fences boar worker2 worker1 worker2 round10 (60)
collect_cook_animal boar act_sheep worker1 noworker worker2 round10 num0 num2 (60)
ag__finish_round_backhome round10 worker2 (1)
ag__finish_round_renew round10 noworker (1)
ag__advance_round_normal round10 round11 void (1)
build_fences boar worker2 worker1 worker2 round11 (60)
collect_cook_animal boar act_sheep worker1 noworker worker2 round11 num2 num4 (60)
ag__finish_round_backhome round11 worker2 (1)
ag__finish_round_renew round11 noworker (1)
ag__harvest_collect_end round11 stage4 (1)
ag__harvest_feed round11 stage4 worker2 num4 num4 num0 (1)
ag__harvest_breed_end round11 stage4 (1)
Plan length: 66 step(s).
Plan cost: 1364
Bytes per state: 16
Search time: 198.859s
Total time: 200.741s
Solution found.
Peak memory: 556452 KB
Running single search parser
