INFO     Running translator.
INFO     translator input: ['domain.pddl', 'problem.pddl']
INFO     translator arguments: []
INFO     translator time limit: None
INFO     translator memory limit: None
INFO     callstring: /usr/bin/python /mnt/data_server/torralba/subdominization/training/data/training_tpp/code-70296b3db083/builds/release32/bin/translate/translate.py domain.pddl problem.pddl
Parsing...
Parsing: [0.010s CPU, 0.012s wall-clock]
Normalizing task... [0.000s CPU, 0.000s wall-clock]
Instantiating...
Generating Datalog program... [0.000s CPU, 0.002s wall-clock]
Normalizing Datalog program...
Normalizing Datalog program: [0.000s CPU, 0.007s wall-clock]
Preparing model... [0.010s CPU, 0.006s wall-clock]
Generated 45 rules.
Computing model... [0.050s CPU, 0.048s wall-clock]
675 relevant atoms
1493 auxiliary atoms
2168 final queue length
2522 total queue pushes
Completing instantiation... [0.020s CPU, 0.026s wall-clock]
Instantiating: [0.080s CPU, 0.092s wall-clock]
Computing fact groups...
Finding invariants...
18 initial candidates
Finding invariants: [0.010s CPU, 0.010s wall-clock]
Checking invariant weight... [0.010s CPU, 0.002s wall-clock]
Instantiating groups... [0.010s CPU, 0.012s wall-clock]
Collecting mutex groups... [0.000s CPU, 0.001s wall-clock]
Choosing groups...
110 uncovered facts
Choosing groups: [0.000s CPU, 0.001s wall-clock]
Building translation key... [0.000s CPU, 0.002s wall-clock]
Computing fact groups: [0.040s CPU, 0.035s wall-clock]
Building STRIPS to SAS dictionary... [0.000s CPU, 0.000s wall-clock]
Building dictionary for full mutex groups... [0.000s CPU, 0.001s wall-clock]
Building mutex information...
Building mutex information: [0.000s CPU, 0.001s wall-clock]
Translating task...
Processing axioms...
Simplifying axioms... [0.000s CPU, 0.000s wall-clock]
Processing axioms: [0.000s CPU, 0.001s wall-clock]
Translating task: [0.020s CPU, 0.022s wall-clock]
0 effect conditions simplified
0 implied preconditions added
Detecting unreachable propositions...
0 operators removed
0 axioms removed
287 propositions removed
Detecting unreachable propositions: [0.010s CPU, 0.013s wall-clock]
Translator variables: 67
Translator derived variables: 0
Translator facts: 185
Translator goal facts: 11
Translator mutex groups: 67
Translator total mutex groups size: 185
Translator operators: 252
Translator axioms: 0
Translator task size: 1864
Translator peak memory: 45764 KB
Writing output... [0.000s CPU, 0.008s wall-clock]
Done! [0.170s CPU, 0.186s wall-clock]
INFO     Running preprocessor (release32).
INFO     preprocessor input: output.sas
INFO     preprocessor arguments: []
INFO     preprocessor time limit: None
INFO     preprocessor memory limit: None
INFO     callstring: /mnt/data_server/torralba/subdominization/training/data/training_tpp/code-70296b3db083/builds/release32/bin/preprocess < output.sas
Building causal graph...
The causal graph is not acyclic.
67 variables of 67 necessary
0 of 67 mutex groups necessary.
252 of 252 operators necessary.
0 of 0 axiom rules necessary.
Initializing mutex computation...
Mutex computation initialized with 185 fluents.
iteration for mutex detection and operator pruning
Initialize m_index fw
Initialized mvalues forward: reached=4489, notReached=29356, spurious=380
Initialize m_ops fw
Computing mutexes...
Mutex computation finished with reached=26233, notReached=7612, spurious=380
66 operators are spurious because were not triggered
Unreachable proposition: Atom ready-to-load(goods9, market1, level2)
Unreachable proposition: Atom ready-to-load(goods9, market2, level2)
Unreachable proposition: Atom ready-to-load(goods8, market1, level2)
Unreachable proposition: Atom ready-to-load(goods8, market3, level2)
Unreachable proposition: Atom ready-to-load(goods7, market2, level2)
Unreachable proposition: Atom ready-to-load(goods7, market4, level2)
Unreachable proposition: Atom ready-to-load(goods6, market2, level2)
Unreachable proposition: Atom ready-to-load(goods6, market4, level2)
Unreachable proposition: Atom ready-to-load(goods5, market1, level2)
Unreachable proposition: Atom ready-to-load(goods5, market2, level2)
Unreachable proposition: Atom ready-to-load(goods4, market3, level2)
Unreachable proposition: Atom ready-to-load(goods4, market5, level2)
Unreachable proposition: Atom ready-to-load(goods3, market1, level2)
Unreachable proposition: Atom ready-to-load(goods3, market2, level2)
Unreachable proposition: Atom ready-to-load(goods2, market1, level2)
Unreachable proposition: Atom ready-to-load(goods2, market3, level2)
Unreachable proposition: Atom ready-to-load(goods11, market2, level2)
Unreachable proposition: Atom ready-to-load(goods11, market3, level2)
Unreachable proposition: Atom ready-to-load(goods10, market1, level2)
Unreachable proposition: Atom ready-to-load(goods10, market3, level2)
Unreachable proposition: Atom ready-to-load(goods1, market5, level2)
Unreachable proposition: Atom ready-to-load(goods1, market6, level2)
H^2 mutexes added fw: 44, unreachable: 22
0 of 186 operators detected as spurious
iteration for mutex detection and operator pruning
Initialize m_index bw
Init values regression
Initialized mvalues backward: reached=19611, notReached=6622, spurious=7992
Initialize m_ops bw
Computing mutexes...
Mutex computation finished with reached=24028, notReached=2205, spurious=7992
28 operators are spurious because were not triggered
Unreachable proposition: Atom stored(goods9, level2)
Unreachable proposition: Atom stored(goods8, level2)
Unreachable proposition: Atom stored(goods7, level2)
Unreachable proposition: Atom stored(goods4, level2)
Unreachable proposition: Atom stored(goods3, level2)
Unreachable proposition: Atom stored(goods10, level2)
Unreachable proposition: Atom stored(goods1, level2)
H^2 mutexes added bw: 0, unreachable: 7
0 of 158 operators detected as spurious
iteration for mutex detection and operator pruning
Initialize m_index fw
Initialized mvalues forward: reached=4489, notReached=19539, spurious=10197
Initialize m_ops fw
Computing mutexes...
Mutex computation finished with reached=24028, notReached=0, spurious=10197
0 operators are spurious because were not triggered
H^2 mutexes added fw: 0, unreachable: 0
0 of 158 operators detected as spurious
Total mutex and disambiguation time: 0.020788 iterations: 3
22 of 22 mutex groups necessary.
158 of 252 operators necessary.
0 of 0 axiom rules necessary.
Change id of operators: 158
Change id of mutexes
Change id of goals
Change id of initial state
Remove unreachable facts from variables: 67
22 of 22 mutex groups necessary.
158 of 158 operators necessary.
0 of 0 axiom rules necessary.
Updating causal graph and pruning unnecessary facts
67 variables of 67 of 67 necessary
The causal graph is not acyclic.
67 variables of 67 necessary
22 of 22 mutex groups necessary.
158 of 158 operators necessary.
0 of 0 axiom rules necessary.
Building domain transition graphs...
solveable in poly time 0
Building successor generator...
Preprocessor variables: 67
Preprocessor facts: 156
Preprocessor derived variables: 0
Preprocessor operators: 158
Preprocessor mutex groups: 22
Preprocessor task size: 1130
Writing output...
Preprocessor time: 0.0331426s
Preprocessor peak memory: 2364 KB
done
INFO     Running search (release32).
INFO     search input: output
INFO     search arguments: ['--search', 'sbd(store_operators_in_optimal_plan=true, cost_type=1)']
INFO     search time limit: 3600s
INFO     search memory limit: 4096 MB
INFO     search executable: /mnt/data_server/torralba/subdominization/training/data/training_tpp/code-70296b3db083/builds/release32/bin/downward
INFO     callstring: /mnt/data_server/torralba/subdominization/training/data/training_tpp/code-70296b3db083/builds/release32/bin/downward --search 'sbd(store_operators_in_optimal_plan=true, cost_type=1)' --internal-plan-file sas_plan < output
time limit 3600.00 -> (3600, 3601)
reading input... [t=0.000136529s]
done reading input! [t=0.0025069s]
packing state variables...done! [t=0.00252526s]
Variables: 67
FactPairs: 156
Bytes per state: 12
Building successor generator...done! [t=0.00296736s]
done initalizing global data [t=0.00297457s]
TR(time=60000, nodes=100000)
Mutex(time=60000, nodes=100000, type=edeletion)
Aux(time=2000, nodes=1000000)
Disj(nodes=2147483647)
Estimation: min_time(1000) time_penalty +(1000)*(2) nodes_penalty +(1000)*(2)
MaxStep(time=30000, nodes=100000000, nodes_per_planning_second=100)
Ratio useful: 0
   Min alloted time: 60000 nodes: 10000000
   Max alloted time: 60000 nodes: 15000000
   Mult alloted time: 2 nodes: 2
   Ratio after relax: 0.8
building causal graph...done! [t=0.000240916s]
Sym variable order: 25 27 30 29 28 26 55 57 60 59 58 56 50 52 53 54 51 49 1 3 5 6 4 2 44 46 48 47 45 43 38 40 41 0 42 39 37 7 9 11 12 10 8 14 16 17 18 15 13 19 21 23 24 22 20 61 63 66 65 64 62 32 34 35 36 33 31 
Initializing Symbolic Variables
Num variables: 67 => 85
Initialize Symbolic Manager(170, 94117, 16000000, 0)
Generating binary variables
Symbolic Variables... Done.
BOUND: 1 < 2147483647, total time: 0.732781s
BOUND: 2 < 2147483647, total time: 0.733046s
BOUND: 3 < 2147483647, total time: 0.733703s
BOUND: 4 < 2147483647, total time: 0.733904s
BOUND: 5 < 2147483647, total time: 0.734309s
BOUND: 6 < 2147483647, total time: 0.735022s
BOUND: 7 < 2147483647, total time: 0.736455s
BOUND: 8 < 2147483647, total time: 0.737479s
BOUND: 9 < 2147483647, total time: 0.740916s
BOUND: 10 < 2147483647, total time: 0.742648s
BOUND: 11 < 2147483647, total time: 0.745527s
BOUND: 12 < 2147483647, total time: 0.751805s
BOUND: 13 < 2147483647, total time: 0.75671s
BOUND: 14 < 2147483647, total time: 0.766422s
BOUND: 15 < 2147483647, total time: 0.773535s
BOUND: 16 < 2147483647, total time: 0.790506s
BOUND: 17 < 2147483647, total time: 0.800641s
BOUND: 18 < 2147483647, total time: 0.81306s
BOUND: 19 < 2147483647, total time: 0.842246s
BOUND: 20 < 2147483647, total time: 0.859586s
BOUND: 21 < 2147483647, total time: 0.880179s
BOUND: 22 < 2147483647, total time: 0.924846s
BOUND: 23 < 2147483647, total time: 0.950192s
BOUND: 24 < 2147483647, total time: 0.98239s
BOUND: 25 < 2147483647, total time: 1.05587s
BOUND: 26 < 2147483647, total time: 1.09328s
BOUND: 27 < 2147483647, total time: 1.13349s
BOUND: 28 < 2147483647, total time: 1.23637s
BOUND: 29 < 2147483647, total time: 1.28159s
BOUND: 30 < 2147483647, total time: 1.32878s
BOUND: 31 < 2147483647, total time: 1.37909s
BOUND: 32 < 2147483647, total time: 1.52501s
BOUND: 33 < 2147483647, total time: 1.59345s
BOUND: 34 < 2147483647, total time: 1.65904s
BOUND: 35 < 2147483647, total time: 1.72593s
BOUND: 36 < 2147483647, total time: 1.7944s
BOUND: 37 < 2147483647, total time: 2.00693s
BOUND: 38 < 2147483647, total time: 2.08613s
BOUND: 39 < 2147483647, total time: 2.158s
BOUND: 40 < 2147483647, total time: 2.23128s
BOUND: 41 < 2147483647, total time: 2.31059s
BOUND: 42 < 2147483647, total time: 2.38575s
BOUND: 43 < 2147483647, total time: 2.46157s
BOUND: 44 < 2147483647, total time: 2.53887s
BOUND: 45 < 2147483647, total time: 2.61806s
BOUND: 46 < 2147483647, total time: 2.69874s
BOUND: 47 < 2147483647, total time: 2.78032s
BOUND: 48 < 2147483647, total time: 2.86477s
BOUND: 49 < 2147483647, total time: 2.94865s
BOUND: 50 < 2147483647, total time: 3.03364s
BOUND: 51 < 2147483647, total time: 3.12188s
Solution found with cost 51 total time: 3.18202s
Merging: 1
38 3.26581 1 438
Merging: 15
37 3.28555 1 292
Merging: 11
36 3.29682 1 132
Merging: 1
35 3.3007 1 132
Merging: 5
34 3.3057 1 247
Merging: 10
33 3.31743 1 359
Merging: 10
32 3.33458 1 419
Merging: 10
31 3.3538 1 476
Merging: 12
30 3.37505 1 565
Merging: 14
29 3.40291 1 622
Merging: 20
28 3.43313 1 601
Merging: 19
27 3.46188 1 591
Merging: 20
26 3.48919 1 510
Merging: 18
25 3.51095 1 507
Merging: 18
24 3.53189 1 586
Merging: 27
23 3.55873 1 689
Merging: 25
22 3.59256 1 761
Merging: 27
21 3.63237 1 795
Merging: 25
20 3.67477 1 858
Merging: 25
19 3.72015 1 824
Merging: 26
18 3.7638 1 890
Merging: 20
17 3.81075 1 847
Merging: 22
16 3.85313 1 862
Merging: 18
15 3.89727 1 864
Merging: 20
14 3.94229 1 858
Merging: 21
13 3.98648 1 834
Merging: 26
12 4.02973 1 819
Merging: 33
11 4.07281 1 807
Merging: 32
10 4.11492 1 748
Merging: 32
9 4.15616 1 704
Merging: 31
8 4.19103 1 589
Merging: 32
7 4.21745 1 488
Merging: 21
6 4.23929 1 355
Merging: 15
5 4.25425 1 303
Merging: 12
4 4.26574 1 260
Merging: 12
3 4.27459 1 206
Merging: 12
2 4.28146 1 140
Merging: 6
1 4.28552 1 86
Merging: 1
13 4.28767 1 438
Merging: 15
12 4.29649 1 562
Merging: 15
11 4.30202 1 671
Merging: 15
10 4.30809 1 763
Merging: 15
9 4.31462 1 825
Merging: 15
8 4.32119 1 848
Merging: 15
7 4.32775 1 848
Merging: 15
6 4.33383 1 824
Merging: 15
5 4.33947 1 762
Merging: 15
4 4.34418 1 670
Merging: 15
3 4.34785 1 563
Merging: 15
2 4.35107 1 439
Merging: 15
1 4.353 1 293
BOUND: 51 < 51, total time: 4.35383s
Actual search time: 3.64378s [t=4.37663s]
drive truck1 depot1 market1 (1)
buy truck1 goods9 market1 level0 level1 level0 level1 (1)
load goods9 truck1 market1 level0 level1 level0 level1 (1)
buy truck1 goods8 market1 level0 level1 level0 level1 (1)
load goods8 truck1 market1 level0 level1 level0 level1 (1)
buy truck1 goods5 market1 level0 level1 level0 level1 (1)
load goods5 truck1 market1 level0 level1 level0 level1 (1)
buy truck1 goods2 market1 level0 level1 level0 level1 (1)
load goods2 truck1 market1 level0 level1 level0 level1 (1)
drive truck1 market1 market2 (1)
buy truck1 goods7 market2 level0 level1 level0 level1 (1)
load goods7 truck1 market2 level0 level1 level0 level1 (1)
buy truck1 goods6 market2 level0 level1 level0 level1 (1)
load goods6 truck1 market2 level0 level1 level0 level1 (1)
buy truck1 goods5 market2 level0 level1 level0 level1 (1)
load goods5 truck1 market2 level0 level1 level1 level2 (1)
buy truck1 goods3 market2 level0 level1 level0 level1 (1)
load goods3 truck1 market2 level0 level1 level0 level1 (1)
buy truck1 goods11 market2 level0 level1 level0 level1 (1)
load goods11 truck1 market2 level0 level1 level0 level1 (1)
drive truck1 market2 market5 (1)
buy truck1 goods4 market5 level0 level1 level0 level1 (1)
load goods4 truck1 market5 level0 level1 level0 level1 (1)
buy truck1 goods1 market5 level0 level1 level0 level1 (1)
load goods1 truck1 market5 level0 level1 level0 level1 (1)
drive truck1 market5 market4 (1)
buy truck1 goods6 market4 level0 level1 level0 level1 (1)
load goods6 truck1 market4 level0 level1 level1 level2 (1)
drive truck1 market4 market3 (1)
buy truck1 goods2 market3 level0 level1 level0 level1 (1)
load goods2 truck1 market3 level0 level1 level1 level2 (1)
buy truck1 goods11 market3 level0 level1 level0 level1 (1)
load goods11 truck1 market3 level0 level1 level1 level2 (1)
buy truck1 goods10 market3 level0 level1 level0 level1 (1)
load goods10 truck1 market3 level0 level1 level0 level1 (1)
drive truck1 market3 depot2 (1)
unload goods10 truck1 depot2 level0 level1 level0 level1 (1)
unload goods1 truck1 depot2 level0 level1 level0 level1 (1)
unload goods11 truck1 depot2 level1 level2 level0 level1 (1)
unload goods11 truck1 depot2 level0 level1 level1 level2 (1)
unload goods2 truck1 depot2 level1 level2 level0 level1 (1)
unload goods2 truck1 depot2 level0 level1 level1 level2 (1)
unload goods3 truck1 depot2 level0 level1 level0 level1 (1)
unload goods4 truck1 depot2 level0 level1 level0 level1 (1)
unload goods5 truck1 depot2 level1 level2 level0 level1 (1)
unload goods5 truck1 depot2 level0 level1 level1 level2 (1)
unload goods6 truck1 depot2 level1 level2 level0 level1 (1)
unload goods6 truck1 depot2 level0 level1 level1 level2 (1)
unload goods7 truck1 depot2 level0 level1 level0 level1 (1)
unload goods8 truck1 depot2 level0 level1 level0 level1 (1)
unload goods9 truck1 depot2 level0 level1 level0 level1 (1)
Plan length: 51 step(s).
Plan cost: 51
Bytes per state: 12
Search time: 3.66315s
Total time: 4.37665s
Solution found.
Peak memory: 261552 KB
Running single search parser
