INFO     Running translator.
INFO     translator input: ['domain.pddl', 'problem.pddl']
INFO     translator arguments: []
INFO     translator time limit: None
INFO     translator memory limit: None
INFO     callstring: /usr/bin/python /mnt/data_server/torralba/subdominization/training/data/training_satellite/code-70296b3db083/builds/release32/bin/translate/translate.py domain.pddl problem.pddl
Parsing...
Parsing: [0.010s CPU, 0.021s wall-clock]
Normalizing task... [0.000s CPU, 0.000s wall-clock]
Instantiating...
Generating Datalog program... [0.000s CPU, 0.001s wall-clock]
Normalizing Datalog program...
Normalizing Datalog program: [0.000s CPU, 0.033s wall-clock]
Preparing model... [0.010s CPU, 0.005s wall-clock]
Generated 31 rules.
Computing model... [0.050s CPU, 0.059s wall-clock]
2084 relevant atoms
556 auxiliary atoms
2640 final queue length
4292 total queue pushes
Completing instantiation... [0.090s CPU, 0.092s wall-clock]
Instantiating: [0.160s CPU, 0.255s wall-clock]
Computing fact groups...
Finding invariants...
12 initial candidates
Finding invariants: [0.000s CPU, 0.004s wall-clock]
Checking invariant weight... [0.000s CPU, 0.000s wall-clock]
Instantiating groups... [0.000s CPU, 0.001s wall-clock]
Collecting mutex groups... [0.000s CPU, 0.000s wall-clock]
Choosing groups...
62 uncovered facts
Choosing groups: [0.000s CPU, 0.000s wall-clock]
Building translation key... [0.010s CPU, 0.001s wall-clock]
Computing fact groups: [0.010s CPU, 0.008s wall-clock]
Building STRIPS to SAS dictionary... [0.000s CPU, 0.000s wall-clock]
Building dictionary for full mutex groups... [0.000s CPU, 0.000s wall-clock]
Building mutex information...
Building mutex information: [0.000s CPU, 0.000s wall-clock]
Translating task...
Processing axioms...
Simplifying axioms... [0.000s CPU, 0.000s wall-clock]
Processing axioms: [0.000s CPU, 0.004s wall-clock]
Translating task: [0.090s CPU, 0.093s wall-clock]
30 effect conditions simplified
0 implied preconditions added
Detecting unreachable propositions...
0 operators removed
0 axioms removed
4 propositions removed
Detecting unreachable propositions: [0.050s CPU, 0.055s wall-clock]
Translator variables: 66
Translator derived variables: 0
Translator facts: 200
Translator goal facts: 6
Translator mutex groups: 4
Translator total mutex groups size: 76
Translator operators: 1706
Translator axioms: 0
Translator task size: 6099
Translator peak memory: 50908 KB
Writing output... [0.020s CPU, 0.110s wall-clock]
Done! [0.350s CPU, 0.546s wall-clock]
INFO     Running preprocessor (release32).
INFO     preprocessor input: output.sas
INFO     preprocessor arguments: []
INFO     preprocessor time limit: None
INFO     preprocessor memory limit: None
INFO     callstring: /mnt/data_server/torralba/subdominization/training/data/training_satellite/code-70296b3db083/builds/release32/bin/preprocess < output.sas
Building causal graph...
The causal graph is not acyclic.
31 variables of 66 necessary
0 of 4 mutex groups necessary.
1445 of 1706 operators necessary.
0 of 0 axiom rules necessary.
Initializing mutex computation...
Mutex computation initialized with 130 fluents.
iteration for mutex detection and operator pruning
Initialize m_index fw
Initialized mvalues forward: reached=961, notReached=14517, spurious=1422
Initialize m_ops fw
Computing mutexes...
Mutex computation finished with reached=15438, notReached=40, spurious=1422
0 operators are spurious because were not triggered
H^2 mutexes added fw: 40, unreachable: 0
0 of 1445 operators detected as spurious
iteration for mutex detection and operator pruning
Initialize m_index bw
Init values regression
Initialized mvalues backward: reached=4899, notReached=10539, spurious=1462
Initialize m_ops bw
Computing mutexes...
Mutex computation finished with reached=15438, notReached=0, spurious=1462
0 operators are spurious because were not triggered
H^2 mutexes added bw: 0, unreachable: 0
0 of 1445 operators detected as spurious
Total mutex and disambiguation time: 0.063099 iterations: 2
20 of 20 mutex groups necessary.
1445 of 1445 operators necessary.
0 of 0 axiom rules necessary.
Change id of operators: 1445
Change id of mutexes
Change id of goals
Change id of initial state
Remove unreachable facts from variables: 31
20 of 20 mutex groups necessary.
1445 of 1445 operators necessary.
0 of 0 axiom rules necessary.
Updating causal graph and pruning unnecessary facts
31 variables of 31 of 66 necessary
The causal graph is not acyclic.
31 variables of 31 necessary
20 of 20 mutex groups necessary.
1445 of 1445 operators necessary.
0 of 0 axiom rules necessary.
Building domain transition graphs...
solveable in poly time 0
Building successor generator...
Preprocessor variables: 31
Preprocessor facts: 130
Preprocessor derived variables: 0
Preprocessor operators: 1445
Preprocessor mutex groups: 20
Preprocessor task size: 4653
Writing output...
Preprocessor time: 0.10435s
Preprocessor peak memory: 2900 KB
done
INFO     Running search (release32).
INFO     search input: output
INFO     search arguments: ['--search', 'sbd(store_operators_in_optimal_plan=true, cost_type=1)']
INFO     search time limit: 3600s
INFO     search memory limit: 4096 MB
INFO     search executable: /mnt/data_server/torralba/subdominization/training/data/training_satellite/code-70296b3db083/builds/release32/bin/downward
INFO     callstring: /mnt/data_server/torralba/subdominization/training/data/training_satellite/code-70296b3db083/builds/release32/bin/downward --search 'sbd(store_operators_in_optimal_plan=true, cost_type=1)' --internal-plan-file sas_plan < output
time limit 3600.00 -> (3600, 3601)
reading input... [t=0.000131724s]
done reading input! [t=0.0102692s]
packing state variables...done! [t=0.0102839s]
Variables: 31
FactPairs: 130
Bytes per state: 8
Building successor generator...done! [t=0.0112047s]
done initalizing global data [t=0.0112129s]
TR(time=60000, nodes=100000)
Mutex(time=60000, nodes=100000, type=edeletion)
Aux(time=2000, nodes=1000000)
Disj(nodes=2147483647)
Estimation: min_time(1000) time_penalty +(1000)*(2) nodes_penalty +(1000)*(2)
MaxStep(time=30000, nodes=100000000, nodes_per_planning_second=100)
Ratio useful: 0
   Min alloted time: 60000 nodes: 10000000
   Max alloted time: 60000 nodes: 15000000
   Mult alloted time: 2 nodes: 2
   Ratio after relax: 0.8
building causal graph...done! [t=0.000216951s]
Sym variable order: 24 23 22 25 26 21 27 3 14 20 17 16 18 29 28 2 19 15 30 1 6 8 13 0 12 10 4 7 9 5 11 
Initializing Symbolic Variables
Num variables: 31 => 47
Initialize Symbolic Manager(94, 170212, 16000000, 0)
Generating binary variables
Symbolic Variables... Done.
BOUND: 1 < 2147483647, total time: 0.588203s
BOUND: 2 < 2147483647, total time: 0.58862s
BOUND: 3 < 2147483647, total time: 0.589334s
BOUND: 4 < 2147483647, total time: 0.590009s
BOUND: 5 < 2147483647, total time: 0.591786s
BOUND: 6 < 2147483647, total time: 0.592891s
BOUND: 7 < 2147483647, total time: 0.594699s
BOUND: 8 < 2147483647, total time: 0.599017s
BOUND: 9 < 2147483647, total time: 0.602426s
BOUND: 10 < 2147483647, total time: 0.60821s
Solution found with cost 10 total time: 0.616638s
Merging: 1
6 0.663676 1 86
Merging: 6
5 0.691645 1 86
Merging: 8
4 0.720554 1 84
Merging: 7
3 0.746166 1 83
Merging: 6
2 0.77276 1 88
Merging: 4
1 0.799656 1 74
Merging: 1
4 0.820639 1 86
Merging: 8
3 0.834542 1 84
Merging: 7
2 0.844832 1 73
Merging: 5
1 0.854892 1 62
BOUND: 10 < 10, total time: 0.864012s
Actual search time: 0.276765s [t=0.865012s]
switch_on instrument6 satellite2 (1)
calibrate satellite2 instrument6 groundstation10 (1)
turn_to satellite2 star17 groundstation10 (1)
turn_to satellite1 star18 groundstation11 (1)
turn_to satellite0 groundstation13 star7 (1)
take_image satellite2 star17 instrument6 thermograph0 (1)
turn_to satellite2 star18 star17 (1)
take_image satellite2 star18 instrument6 thermograph0 (1)
turn_to satellite2 planet16 star18 (1)
take_image satellite2 planet16 instrument6 infrared1 (1)
Plan length: 10 step(s).
Plan cost: 10
Bytes per state: 8
Search time: 0.309806s
Total time: 0.865023s
Solution found.
Peak memory: 243480 KB
Running single search parser
