INFO     Running translator.
INFO     translator input: ['domain.pddl', 'problem.pddl']
INFO     translator arguments: []
INFO     translator time limit: None
INFO     translator memory limit: None
INFO     callstring: /usr/bin/python /mnt/data_server/torralba/subdominization/training/data/training_satellite/code-70296b3db083/builds/release32/bin/translate/translate.py domain.pddl problem.pddl
Parsing...
Parsing: [0.000s CPU, 0.021s wall-clock]
Normalizing task... [0.000s CPU, 0.000s wall-clock]
Instantiating...
Generating Datalog program... [0.000s CPU, 0.001s wall-clock]
Normalizing Datalog program...
Normalizing Datalog program: [0.010s CPU, 0.198s wall-clock]
Preparing model... [0.010s CPU, 0.002s wall-clock]
Generated 31 rules.
Computing model... [0.020s CPU, 0.021s wall-clock]
698 relevant atoms
270 auxiliary atoms
968 final queue length
1425 total queue pushes
Completing instantiation... [0.020s CPU, 0.028s wall-clock]
Instantiating: [0.070s CPU, 0.369s wall-clock]
Computing fact groups...
Finding invariants...
12 initial candidates
Finding invariants: [0.000s CPU, 0.004s wall-clock]
Checking invariant weight... [0.000s CPU, 0.000s wall-clock]
Instantiating groups... [0.000s CPU, 0.000s wall-clock]
Collecting mutex groups... [0.000s CPU, 0.000s wall-clock]
Choosing groups...
39 uncovered facts
Choosing groups: [0.000s CPU, 0.000s wall-clock]
Building translation key... [0.000s CPU, 0.001s wall-clock]
Computing fact groups: [0.000s CPU, 0.006s wall-clock]
Building STRIPS to SAS dictionary... [0.000s CPU, 0.000s wall-clock]
Building dictionary for full mutex groups... [0.000s CPU, 0.000s wall-clock]
Building mutex information...
Building mutex information: [0.000s CPU, 0.000s wall-clock]
Translating task...
Processing axioms...
Simplifying axioms... [0.000s CPU, 0.000s wall-clock]
Processing axioms: [0.000s CPU, 0.001s wall-clock]
Translating task: [0.030s CPU, 0.028s wall-clock]
21 effect conditions simplified
0 implied preconditions added
Detecting unreachable propositions...
0 operators removed
0 axioms removed
3 propositions removed
Detecting unreachable propositions: [0.020s CPU, 0.017s wall-clock]
Translator variables: 42
Translator derived variables: 0
Translator facts: 111
Translator goal facts: 2
Translator mutex groups: 3
Translator total mutex groups size: 33
Translator operators: 490
Translator axioms: 0
Translator task size: 1957
Translator peak memory: 45496 KB
Writing output... [0.000s CPU, 0.055s wall-clock]
Done! [0.120s CPU, 0.498s wall-clock]
INFO     Running preprocessor (release32).
INFO     preprocessor input: output.sas
INFO     preprocessor arguments: []
INFO     preprocessor time limit: None
INFO     preprocessor memory limit: None
INFO     callstring: /mnt/data_server/torralba/subdominization/training/data/training_satellite/code-70296b3db083/builds/release32/bin/preprocess < output.sas
Building causal graph...
The causal graph is not acyclic.
17 variables of 42 necessary
0 of 3 mutex groups necessary.
249 of 490 operators necessary.
0 of 0 axiom rules necessary.
Initializing mutex computation...
Mutex computation initialized with 52 fluents.
iteration for mutex detection and operator pruning
Initialize m_index fw
Initialized mvalues forward: reached=289, notReached=2165, spurious=250
Initialize m_ops fw
Computing mutexes...
Mutex computation finished with reached=2428, notReached=26, spurious=250
0 operators are spurious because were not triggered
H^2 mutexes added fw: 26, unreachable: 0
0 of 249 operators detected as spurious
iteration for mutex detection and operator pruning
Initialize m_index bw
Init values regression
Initialized mvalues backward: reached=1517, notReached=911, spurious=276
Initialize m_ops bw
Computing mutexes...
Mutex computation finished with reached=2428, notReached=0, spurious=276
0 operators are spurious because were not triggered
H^2 mutexes added bw: 0, unreachable: 0
0 of 249 operators detected as spurious
Total mutex and disambiguation time: 0.00483 iterations: 2
13 of 13 mutex groups necessary.
249 of 249 operators necessary.
0 of 0 axiom rules necessary.
Change id of operators: 249
Change id of mutexes
Change id of goals
Change id of initial state
Remove unreachable facts from variables: 17
13 of 13 mutex groups necessary.
249 of 249 operators necessary.
0 of 0 axiom rules necessary.
Updating causal graph and pruning unnecessary facts
17 variables of 17 of 42 necessary
The causal graph is not acyclic.
17 variables of 17 necessary
13 of 13 mutex groups necessary.
249 of 249 operators necessary.
0 of 0 axiom rules necessary.
Building domain transition graphs...
solveable in poly time 0
Building successor generator...
Preprocessor variables: 17
Preprocessor facts: 52
Preprocessor derived variables: 0
Preprocessor operators: 249
Preprocessor mutex groups: 13
Preprocessor task size: 885
Writing output...
Preprocessor time: 0.0149033s
Preprocessor peak memory: 2252 KB
done
INFO     Running search (release32).
INFO     search input: output
INFO     search arguments: ['--search', 'sbd(store_operators_in_optimal_plan=true, cost_type=1)']
INFO     search time limit: 3600s
INFO     search memory limit: 4096 MB
INFO     search executable: /mnt/data_server/torralba/subdominization/training/data/training_satellite/code-70296b3db083/builds/release32/bin/downward
INFO     callstring: /mnt/data_server/torralba/subdominization/training/data/training_satellite/code-70296b3db083/builds/release32/bin/downward --search 'sbd(store_operators_in_optimal_plan=true, cost_type=1)' --internal-plan-file sas_plan < output
time limit 3600.00 -> (3600, 3601)
reading input... [t=0.000138688s]
done reading input! [t=0.00217379s]
packing state variables...done! [t=0.00218626s]
Variables: 17
FactPairs: 52
Bytes per state: 4
Building successor generator...done! [t=0.00236772s]
done initalizing global data [t=0.00237323s]
TR(time=60000, nodes=100000)
Mutex(time=60000, nodes=100000, type=edeletion)
Aux(time=2000, nodes=1000000)
Disj(nodes=2147483647)
Estimation: min_time(1000) time_penalty +(1000)*(2) nodes_penalty +(1000)*(2)
MaxStep(time=30000, nodes=100000000, nodes_per_planning_second=100)
Ratio useful: 0
   Min alloted time: 60000 nodes: 10000000
   Max alloted time: 60000 nodes: 15000000
   Mult alloted time: 2 nodes: 2
   Ratio after relax: 0.8
building causal graph...done! [t=8.7697e-05s]
Sym variable order: 4 2 6 3 5 0 7 15 16 9 13 1 11 12 14 10 8 
Initializing Symbolic Variables
Num variables: 17 => 23
Initialize Symbolic Manager(46, 347826, 16000000, 0)
Generating binary variables
Symbolic Variables... Done.
BOUND: 1 < 2147483647, total time: 0.388681s
BOUND: 2 < 2147483647, total time: 0.388891s
BOUND: 3 < 2147483647, total time: 0.389148s
BOUND: 4 < 2147483647, total time: 0.389389s
BOUND: 5 < 2147483647, total time: 0.389751s
Solution found with cost 5 total time: 0.390084s
Merging: 1
2 0.392048 1 73
Merging: 16
1 0.396772 1 59
Merging: 1
3 0.401033 1 73
Merging: 11
2 0.404345 1 73
Merging: 10
1 0.406823 1 60
BOUND: 5 < 5, total time: 0.408754s
Actual search time: 0.0203385s [t=0.409071s]
turn_to satellite0 groundstation0 groundstation4 (1)
switch_on instrument0 satellite0 (1)
calibrate satellite0 instrument0 groundstation0 (1)
turn_to satellite0 star10 groundstation0 (1)
take_image satellite0 star10 instrument0 image0 (1)
Plan length: 5 step(s).
Plan cost: 5
Bytes per state: 4
Search time: 0.0257842s
Total time: 0.409082s
Solution found.
Peak memory: 239664 KB
Running single search parser
