INFO     Running translator.
INFO     translator input: ['domain.pddl', 'problem.pddl']
INFO     translator arguments: []
INFO     translator time limit: None
INFO     translator memory limit: None
INFO     callstring: /usr/bin/python /mnt/data_server/torralba/subdominization/training/data/training_satellite/code-70296b3db083/builds/release32/bin/translate/translate.py domain.pddl problem.pddl
Parsing...
Parsing: [0.010s CPU, 0.057s wall-clock]
Normalizing task... [0.000s CPU, 0.000s wall-clock]
Instantiating...
Generating Datalog program... [0.000s CPU, 0.001s wall-clock]
Normalizing Datalog program...
Normalizing Datalog program: [0.000s CPU, 0.008s wall-clock]
Preparing model... [0.000s CPU, 0.003s wall-clock]
Generated 31 rules.
Computing model... [0.040s CPU, 0.034s wall-clock]
1206 relevant atoms
339 auxiliary atoms
1545 final queue length
2388 total queue pushes
Completing instantiation... [0.050s CPU, 0.050s wall-clock]
Instantiating: [0.090s CPU, 0.125s wall-clock]
Computing fact groups...
Finding invariants...
12 initial candidates
Finding invariants: [0.000s CPU, 0.004s wall-clock]
Checking invariant weight... [0.000s CPU, 0.000s wall-clock]
Instantiating groups... [0.000s CPU, 0.000s wall-clock]
Collecting mutex groups... [0.000s CPU, 0.000s wall-clock]
Choosing groups...
72 uncovered facts
Choosing groups: [0.000s CPU, 0.000s wall-clock]
Building translation key... [0.010s CPU, 0.001s wall-clock]
Computing fact groups: [0.010s CPU, 0.007s wall-clock]
Building STRIPS to SAS dictionary... [0.010s CPU, 0.000s wall-clock]
Building dictionary for full mutex groups... [0.000s CPU, 0.000s wall-clock]
Building mutex information...
Building mutex information: [0.000s CPU, 0.000s wall-clock]
Translating task...
Processing axioms...
Simplifying axioms... [0.000s CPU, 0.000s wall-clock]
Processing axioms: [0.000s CPU, 0.002s wall-clock]
Translating task: [0.050s CPU, 0.051s wall-clock]
18 effect conditions simplified
0 implied preconditions added
Detecting unreachable propositions...
0 operators removed
0 axioms removed
4 propositions removed
Detecting unreachable propositions: [0.020s CPU, 0.029s wall-clock]
Translator variables: 76
Translator derived variables: 0
Translator facts: 200
Translator goal facts: 2
Translator mutex groups: 4
Translator total mutex groups size: 56
Translator operators: 907
Translator axioms: 0
Translator task size: 3394
Translator peak memory: 47424 KB
Writing output... [0.010s CPU, 0.102s wall-clock]
Done! [0.210s CPU, 0.374s wall-clock]
INFO     Running preprocessor (release32).
INFO     preprocessor input: output.sas
INFO     preprocessor arguments: []
INFO     preprocessor time limit: None
INFO     preprocessor memory limit: None
INFO     callstring: /mnt/data_server/torralba/subdominization/training/data/training_satellite/code-70296b3db083/builds/release32/bin/preprocess < output.sas
Building causal graph...
The causal graph is not acyclic.
12 variables of 76 necessary
0 of 4 mutex groups necessary.
383 of 907 operators necessary.
0 of 0 axiom rules necessary.
Initializing mutex computation...
Mutex computation initialized with 48 fluents.
iteration for mutex detection and operator pruning
Initialize m_index fw
Initialized mvalues forward: reached=144, notReached=1776, spurious=384
Initialize m_ops fw
Computing mutexes...
Mutex computation finished with reached=1910, notReached=10, spurious=384
0 operators are spurious because were not triggered
H^2 mutexes added fw: 10, unreachable: 0
0 of 383 operators detected as spurious
iteration for mutex detection and operator pruning
Initialize m_index bw
Init values regression
Initialized mvalues backward: reached=1726, notReached=184, spurious=394
Initialize m_ops bw
Computing mutexes...
Mutex computation finished with reached=1910, notReached=0, spurious=394
0 operators are spurious because were not triggered
H^2 mutexes added bw: 0, unreachable: 0
0 of 383 operators detected as spurious
Total mutex and disambiguation time: 0.006009 iterations: 2
5 of 5 mutex groups necessary.
383 of 383 operators necessary.
0 of 0 axiom rules necessary.
Change id of operators: 383
Change id of mutexes
Change id of goals
Change id of initial state
Remove unreachable facts from variables: 12
5 of 5 mutex groups necessary.
383 of 383 operators necessary.
0 of 0 axiom rules necessary.
Updating causal graph and pruning unnecessary facts
12 variables of 12 of 76 necessary
The causal graph is not acyclic.
12 variables of 12 necessary
5 of 5 mutex groups necessary.
383 of 383 operators necessary.
0 of 0 axiom rules necessary.
Building domain transition graphs...
solveable in poly time 0
Building successor generator...
Preprocessor variables: 12
Preprocessor facts: 48
Preprocessor derived variables: 0
Preprocessor operators: 383
Preprocessor mutex groups: 5
Preprocessor task size: 1249
Writing output...
Preprocessor time: 0.0210908s
Preprocessor peak memory: 2404 KB
done
INFO     Running search (release32).
INFO     search input: output
INFO     search arguments: ['--search', 'sbd(store_operators_in_optimal_plan=true, cost_type=1)']
INFO     search time limit: 3600s
INFO     search memory limit: 4096 MB
INFO     search executable: /mnt/data_server/torralba/subdominization/training/data/training_satellite/code-70296b3db083/builds/release32/bin/downward
INFO     callstring: /mnt/data_server/torralba/subdominization/training/data/training_satellite/code-70296b3db083/builds/release32/bin/downward --search 'sbd(store_operators_in_optimal_plan=true, cost_type=1)' --internal-plan-file sas_plan < output
time limit 3600.00 -> (3600, 3601)
reading input... [t=0.000148494s]
done reading input! [t=0.00291708s]
packing state variables...done! [t=0.00293089s]
Variables: 12
FactPairs: 48
Bytes per state: 4
Building successor generator...done! [t=0.00315793s]
done initalizing global data [t=0.00316382s]
TR(time=60000, nodes=100000)
Mutex(time=60000, nodes=100000, type=edeletion)
Aux(time=2000, nodes=1000000)
Disj(nodes=2147483647)
Estimation: min_time(1000) time_penalty +(1000)*(2) nodes_penalty +(1000)*(2)
MaxStep(time=30000, nodes=100000000, nodes_per_planning_second=100)
Ratio useful: 0
   Min alloted time: 60000 nodes: 10000000
   Max alloted time: 60000 nodes: 15000000
   Mult alloted time: 2 nodes: 2
   Ratio after relax: 0.8
building causal graph...done! [t=7.2729e-05s]
Sym variable order: 7 5 9 6 8 1 11 10 0 4 3 2 
Initializing Symbolic Variables
Num variables: 12 => 18
Initialize Symbolic Manager(36, 444444, 16000000, 0)
Generating binary variables
Symbolic Variables... Done.
BOUND: 1 < 2147483647, total time: 0.325609s
BOUND: 2 < 2147483647, total time: 0.325794s
BOUND: 3 < 2147483647, total time: 0.326005s
BOUND: 4 < 2147483647, total time: 0.326214s
BOUND: 5 < 2147483647, total time: 0.326469s
BOUND: 6 < 2147483647, total time: 0.326725s
BOUND: 7 < 2147483647, total time: 0.327057s
Solution found with cost 7 total time: 0.327318s
Merging: 1
4 0.33175 1 44
Merging: 12
3 0.336305 1 44
Merging: 7
2 0.341264 1 44
Merging: 9
1 0.346091 1 42
Merging: 1
3 0.350845 1 44
Merging: 6
2 0.35382 1 48
Merging: 4
1 0.356764 1 48
BOUND: 7 < 7, total time: 0.359452s
Actual search time: 0.0341283s [t=0.359796s]
turn_to satellite2 groundstation7 groundstation0 (1)
switch_on instrument3 satellite2 (1)
calibrate satellite2 instrument3 groundstation7 (1)
turn_to satellite2 phenomenon13 groundstation7 (1)
take_image satellite2 phenomenon13 instrument3 spectrograph3 (1)
turn_to satellite2 star11 phenomenon13 (1)
take_image satellite2 star11 instrument3 spectrograph3 (1)
Plan length: 7 step(s).
Plan cost: 7
Bytes per state: 4
Search time: 0.040366s
Total time: 0.35981s
Solution found.
Peak memory: 219216 KB
Running single search parser
