INFO     Running translator.
INFO     translator input: ['domain.pddl', 'problem.pddl']
INFO     translator arguments: []
INFO     translator time limit: None
INFO     translator memory limit: None
INFO     callstring: /usr/bin/python /mnt/data_server/torralba/subdominization/training/data/training_blocksworld/code-70296b3db083/builds/release32/bin/translate/translate.py domain.pddl problem.pddl
Parsing...
Parsing: [0.000s CPU, 0.005s wall-clock]
Normalizing task... [0.000s CPU, 0.000s wall-clock]
Instantiating...
Generating Datalog program... [0.000s CPU, 0.000s wall-clock]
Normalizing Datalog program...
Normalizing Datalog program: [0.000s CPU, 0.003s wall-clock]
Preparing model... [0.010s CPU, 0.001s wall-clock]
Generated 18 rules.
Computing model... [0.080s CPU, 0.093s wall-clock]
2757 relevant atoms
585 auxiliary atoms
3342 final queue length
8066 total queue pushes
Completing instantiation... [0.230s CPU, 0.223s wall-clock]
Instantiating: [0.320s CPU, 0.349s wall-clock]
Computing fact groups...
Finding invariants...
7 initial candidates
Finding invariants: [0.000s CPU, 0.003s wall-clock]
Checking invariant weight... [0.000s CPU, 0.000s wall-clock]
Instantiating groups... [0.000s CPU, 0.002s wall-clock]
Collecting mutex groups... [0.000s CPU, 0.000s wall-clock]
Choosing groups...
13 uncovered facts
Choosing groups: [0.000s CPU, 0.002s wall-clock]
Building translation key... [0.000s CPU, 0.001s wall-clock]
Computing fact groups: [0.010s CPU, 0.012s wall-clock]
Building STRIPS to SAS dictionary... [0.000s CPU, 0.000s wall-clock]
Building dictionary for full mutex groups... [0.000s CPU, 0.001s wall-clock]
Building mutex information...
Building mutex information: [0.000s CPU, 0.001s wall-clock]
Translating task...
Processing axioms...
Simplifying axioms... [0.000s CPU, 0.000s wall-clock]
Processing axioms: [0.010s CPU, 0.011s wall-clock]
Translating task: [0.230s CPU, 0.242s wall-clock]
2041 effect conditions simplified
0 implied preconditions added
Detecting unreachable propositions...
0 operators removed
0 axioms removed
13 propositions removed
Detecting unreachable propositions: [0.120s CPU, 0.111s wall-clock]
Translator variables: 26
Translator derived variables: 0
Translator facts: 208
Translator goal facts: 11
Translator mutex groups: 26
Translator total mutex groups size: 364
Translator operators: 2197
Translator axioms: 0
Translator task size: 15338
Translator peak memory: 60116 KB
Writing output... [0.030s CPU, 0.063s wall-clock]
Done! [0.720s CPU, 0.793s wall-clock]
INFO     Running preprocessor (release32).
INFO     preprocessor input: output.sas
INFO     preprocessor arguments: []
INFO     preprocessor time limit: None
INFO     preprocessor memory limit: None
INFO     callstring: /mnt/data_server/torralba/subdominization/training/data/training_blocksworld/code-70296b3db083/builds/release32/bin/preprocess < output.sas
Building causal graph...
The causal graph is not acyclic.
26 variables of 26 necessary
13 of 26 mutex groups necessary.
2197 of 2197 operators necessary.
0 of 0 axiom rules necessary.
Initializing mutex computation...
Mutex computation initialized with 208 fluents.
iteration for mutex detection and operator pruning
Initialize m_index fw
Initialized mvalues forward: reached=676, notReached=37830, spurious=4758
Initialize m_ops fw
Computing mutexes...
Mutex computation finished with reached=38350, notReached=156, spurious=4758
0 operators are spurious because were not triggered
H^2 mutexes added fw: 156, unreachable: 0
0 of 2197 operators detected as spurious
iteration for mutex detection and operator pruning
Initialize m_index bw
Init values regression
Initialized mvalues backward: reached=996, notReached=37354, spurious=4914
Initialize m_ops bw
Computing mutexes...
Mutex computation finished with reached=33787, notReached=4563, spurious=4914
169 operators are spurious because were not triggered
Unreachable proposition: Atom on(b4, b4)
Unreachable proposition: Atom on(b5, b5)
Unreachable proposition: Atom on(b1, b1)
Unreachable proposition: Atom on(b10, b10)
Unreachable proposition: Atom on(b11, b11)
Unreachable proposition: Atom on(b12, b12)
Unreachable proposition: Atom on(b13, b13)
Unreachable proposition: Atom on(b2, b2)
Unreachable proposition: Atom on(b3, b3)
Unreachable proposition: Atom on(b6, b6)
Unreachable proposition: Atom on(b7, b7)
Unreachable proposition: Atom on(b8, b8)
Unreachable proposition: Atom on(b9, b9)
H^2 mutexes added bw: 0, unreachable: 13
0 of 2028 operators detected as spurious
iteration for mutex detection and operator pruning
Initialize m_index fw
Initialized mvalues forward: reached=676, notReached=33111, spurious=9477
Initialize m_ops fw
Computing mutexes...
Mutex computation finished with reached=33787, notReached=0, spurious=9477
0 operators are spurious because were not triggered
H^2 mutexes added fw: 0, unreachable: 0
0 of 2028 operators detected as spurious
Total mutex and disambiguation time: 0.315893 iterations: 3
91 of 91 mutex groups necessary.
2028 of 2197 operators necessary.
0 of 0 axiom rules necessary.
Change id of operators: 2028
Change id of mutexes
Change id of goals
Change id of initial state
Remove unreachable facts from variables: 26
91 of 91 mutex groups necessary.
2028 of 2028 operators necessary.
0 of 0 axiom rules necessary.
Updating causal graph and pruning unnecessary facts
26 variables of 26 of 26 necessary
The causal graph is not acyclic.
26 variables of 26 necessary
91 of 91 mutex groups necessary.
2028 of 2028 operators necessary.
0 of 0 axiom rules necessary.
Building domain transition graphs...
solveable in poly time 0
Building successor generator...
Preprocessor variables: 26
Preprocessor facts: 195
Preprocessor derived variables: 0
Preprocessor operators: 2028
Preprocessor mutex groups: 91
Preprocessor task size: 14285
Writing output...
Preprocessor time: 0.419376s
Preprocessor peak memory: 4124 KB
done
INFO     Running search (release32).
INFO     search input: output
INFO     search arguments: ['--search', 'sbd(store_operators_in_optimal_plan=true, cost_type=1)']
INFO     search time limit: 3600s
INFO     search memory limit: 4096 MB
INFO     search executable: /mnt/data_server/torralba/subdominization/training/data/training_blocksworld/code-70296b3db083/builds/release32/bin/downward
INFO     callstring: /mnt/data_server/torralba/subdominization/training/data/training_blocksworld/code-70296b3db083/builds/release32/bin/downward --search 'sbd(store_operators_in_optimal_plan=true, cost_type=1)' --internal-plan-file sas_plan < output
time limit 3600.00 -> (3600, 3601)
reading input... [t=0.000115528s]
done reading input! [t=0.0203671s]
packing state variables...done! [t=0.0203956s]
Variables: 26
FactPairs: 195
Bytes per state: 12
Building successor generator...done! [t=0.0242356s]
done initalizing global data [t=0.0242538s]
TR(time=60000, nodes=100000)
Mutex(time=60000, nodes=100000, type=edeletion)
Aux(time=2000, nodes=1000000)
Disj(nodes=2147483647)
Estimation: min_time(1000) time_penalty +(1000)*(2) nodes_penalty +(1000)*(2)
MaxStep(time=30000, nodes=100000000, nodes_per_planning_second=100)
Ratio useful: 0
   Min alloted time: 60000 nodes: 10000000
   Max alloted time: 60000 nodes: 15000000
   Mult alloted time: 2 nodes: 2
   Ratio after relax: 0.8
building causal graph...done! [t=0.00173277s]
Sym variable order: 0 1 24 22 18 19 16 5 8 9 2 11 12 13 14 10 4 7 6 3 15 17 21 23 20 25 
Initializing Symbolic Variables
Num variables: 26 => 65
Initialize Symbolic Manager(130, 123076, 16000000, 0)
Generating binary variables
Symbolic Variables... Done.
BOUND: 1 < 2147483647, total time: 15.8834s
BOUND: 2 < 2147483647, total time: 15.8867s
BOUND: 3 < 2147483647, total time: 15.8943s
BOUND: 4 < 2147483647, total time: 15.9032s
BOUND: 5 < 2147483647, total time: 15.9205s
BOUND: 6 < 2147483647, total time: 15.9391s
BOUND: 7 < 2147483647, total time: 15.9865s
BOUND: 8 < 2147483647, total time: 16.1117s
BOUND: 9 < 2147483647, total time: 16.2411s
BOUND: 10 < 2147483647, total time: 16.6411s
BOUND: 11 < 2147483647, total time: 17.5144s
BOUND: 12 < 2147483647, total time: 18.7981s
BOUND: 13 < 2147483647, total time: 23.0214s
BOUND: 14 < 2147483647, total time: 28.5266s
BOUND: 15 < 2147483647, total time: 46.5897s
Solution found with cost 15 total time: 80.1635s
Merging: 1
6 80.3784 1 151
Merging: 5
5 80.4563 1 179
Merging: 12
4 80.5412 1 312
Merging: 10
3 80.7751 1 327
Merging: 13
2 81.0361 1 347
Merging: 11
1 81.2875 1 185
Merging: 1
9 81.4035 1 151
Merging: 2
8 81.421 1 198
Merging: 4
7 81.4441 1 227
Merging: 4
6 81.4701 1 250
Merging: 4
5 81.4965 1 217
Merging: 4
4 81.5182 1 168
Merging: 7
3 81.5334 1 126
Merging: 5
2 81.5528 1 132
Merging: 4
1 81.5639 1 104
BOUND: 15 < 15, total time: 81.5737s
Solution found with cost 15 total time: 81.5826s
Merging: 1
6 81.5826 1 66
Merging: 1
5 81.6259 1 66
Merging: 1
4 81.6612 1 66
Merging: 5
3 81.6965 1 118
Merging: 1
2 81.7735 1 118
Merging: 6
1 81.8488 1 142
Merging: 1
9 81.9323 1 66
Merging: 6
8 81.9438 1 181
Merging: 2
7 81.9598 1 208
Merging: 2
6 81.9789 1 208
Merging: 3
5 81.9981 1 257
Merging: 4
4 82.0199 1 208
Merging: 9
3 82.0349 1 151
Merging: 6
2 82.0491 1 153
Merging: 5
1 82.0598 1 104
Solution found with cost 15 total time: 82.0763s
Merging: 1
6 82.0764 1 66
Merging: 2
5 82.1184 1 94
Merging: 8
4 82.1691 1 157
Merging: 7
3 82.2697 1 170
Merging: 9
2 84.1848 1 234
Merging: 8
1 84.3476 1 168
Merging: 1
9 84.4579 1 66
Merging: 2
8 84.4696 1 102
Merging: 3
7 84.4879 1 100
Merging: 3
6 84.5048 1 119
Merging: 2
5 84.5222 1 66
Merging: 1
4 84.5346 1 66
Merging: 1
3 84.5456 1 66
Merging: 1
2 84.557 1 66
Merging: 1
1 84.5676 1 66
Solution found with cost 15 total time: 84.5945s
Merging: 1
6 84.5946 1 163
Merging: 1
5 84.7022 1 163
Merging: 2
4 84.8057 1 306
Merging: 11
3 84.9917 1 307
Merging: 11
2 85.2182 1 278
Merging: 9
1 85.3989 1 169
Merging: 1
9 85.4908 1 163
Merging: 7
8 85.5188 1 209
Merging: 7
7 85.5468 1 136
Merging: 3
6 85.5622 1 157
Merging: 2
5 85.5799 1 85
Merging: 1
4 85.5926 1 85
Merging: 2
3 85.6039 1 66
Merging: 1
2 85.6085 1 66
Merging: 1
1 85.6128 1 66
Solution found with cost 15 total time: 85.6215s
Merging: 1
6 85.6215 1 66
Merging: 2
5 85.6634 1 97
Merging: 7
4 85.7154 1 148
Merging: 7
3 85.8051 1 178
Merging: 8
2 85.9223 1 224
Merging: 8
1 86.0671 1 166
Merging: 1
9 86.156 1 66
Merging: 2
8 86.1679 1 102
Merging: 3
7 86.1854 1 100
Merging: 3
6 86.207 1 119
Merging: 2
5 86.2229 1 66
Merging: 1
4 86.2342 1 66
Merging: 1
3 86.2452 1 66
Merging: 1
2 86.2494 1 66
Merging: 1
1 86.2535 1 66
Solution found with cost 15 total time: 86.2676s
Merging: 1
6 86.2676 1 100
Merging: 3
5 86.3215 1 133
Merging: 9
4 86.385 1 223
Merging: 8
3 86.5296 1 233
Merging: 9
2 86.682 1 193
Merging: 8
1 86.7846 1 142
Merging: 1
9 86.8654 1 100
Merging: 1
8 86.8788 1 100
Merging: 1
7 86.8916 1 100
Merging: 1
6 86.9033 1 100
Merging: 2
5 86.9154 1 148
Merging: 3
4 86.9325 1 117
Merging: 5
3 86.9461 1 126
Merging: 5
2 86.9598 1 132
Merging: 4
1 86.9718 1 104
Solution found with cost 15 total time: 86.9903s
Merging: 1
6 86.9903 1 85
Merging: 8
5 87.0397 1 221
Merging: 10
4 87.167 1 368
Merging: 17
3 87.3787 1 347
Merging: 12
2 87.5979 1 314
Merging: 10
1 87.7846 1 185
Merging: 1
9 87.8816 1 85
Merging: 2
8 87.8963 1 129
Merging: 4
7 87.9118 1 185
Merging: 4
6 87.9276 1 157
Merging: 2
5 87.9337 1 85
Merging: 1
4 87.9389 1 85
Merging: 2
3 87.9437 1 66
Merging: 1
2 87.9484 1 66
Merging: 1
1 87.9526 1 66
Solution found with cost 15 total time: 87.962s
Merging: 1
6 87.9621 1 85
Merging: 8
5 87.9961 1 221
Merging: 10
4 88.0945 1 368
Merging: 17
3 88.2687 1 347
Merging: 12
2 88.4507 1 314
Merging: 10
1 88.6149 1 185
Merging: 1
9 88.7013 1 85
Merging: 2
8 88.7066 1 129
Merging: 4
7 88.7128 1 185
Merging: 4
6 88.7201 1 157
Merging: 2
5 88.7257 1 85
Merging: 1
4 88.7304 1 85
Merging: 2
3 88.7349 1 66
Merging: 1
2 88.7391 1 66
Merging: 1
1 88.7434 1 66
Solution found with cost 15 total time: 88.7545s
Merging: 1
6 88.7545 1 85
Merging: 8
5 88.7887 1 221
Merging: 10
4 88.8859 1 368
Merging: 17
3 89.0591 1 347
Merging: 12
2 89.2402 1 314
Merging: 10
1 89.3973 1 185
Merging: 1
9 89.4839 1 85
Merging: 2
8 89.4891 1 129
Merging: 4
7 89.495 1 185
Merging: 4
6 89.502 1 157
Merging: 2
5 89.5079 1 85
Merging: 1
4 89.5126 1 85
Merging: 2
3 89.517 1 66
Merging: 1
2 89.5214 1 66
Merging: 1
1 89.5257 1 66
Solution found with cost 15 total time: 89.5362s
Merging: 1
6 89.5363 1 85
Merging: 8
5 89.5701 1 221
Merging: 10
4 89.6675 1 368
Merging: 17
3 89.846 1 347
Merging: 12
2 90.0272 1 314
Merging: 10
1 90.185 1 185
Merging: 1
9 90.2714 1 85
Merging: 2
8 90.2768 1 129
Merging: 4
7 90.2831 1 185
Merging: 4
6 90.2901 1 157
Merging: 2
5 90.2958 1 85
Merging: 1
4 90.3005 1 85
Merging: 2
3 90.3049 1 66
Merging: 1
2 90.3093 1 66
Merging: 1
1 90.3135 1 66
Actual search time: 74.5609s [t=90.4452s]
move-b-to-t b4 b9 (1)
move-b-to-b b13 b7 b11 (1)
move-b-to-b b7 b1 b4 (1)
move-b-to-b b13 b11 b7 (1)
move-b-to-b b2 b8 b13 (1)
move-b-to-b b11 b5 b3 (1)
move-b-to-b b8 b10 b2 (1)
move-b-to-t b5 b12 (1)
move-t-to-b b1 b5 (1)
move-b-to-b b9 b6 b1 (1)
move-t-to-b b6 b8 (1)
move-b-to-b b11 b3 b6 (1)
move-t-to-b b3 b11 (1)
move-t-to-b b12 b3 (1)
move-t-to-b b10 b12 (1)
Plan length: 15 step(s).
Plan cost: 15
Bytes per state: 12
Search time: 90.0056s
Total time: 90.4452s
Solution found.
Peak memory: 503216 KB
Running single search parser
