INFO     Running translator.
INFO     translator input: ['domain.pddl', 'problem.pddl']
INFO     translator arguments: []
INFO     translator time limit: None
INFO     translator memory limit: None
INFO     callstring: /usr/bin/python /mnt/data_server/torralba/subdominization/training/data/training_tpp/code-70296b3db083/builds/release32/bin/translate/translate.py domain.pddl problem.pddl
Parsing...
Parsing: [0.010s CPU, 0.010s wall-clock]
Normalizing task... [0.000s CPU, 0.000s wall-clock]
Instantiating...
Generating Datalog program... [0.000s CPU, 0.001s wall-clock]
Normalizing Datalog program...
Normalizing Datalog program: [0.010s CPU, 0.006s wall-clock]
Preparing model... [0.000s CPU, 0.004s wall-clock]
Generated 45 rules.
Computing model... [0.030s CPU, 0.025s wall-clock]
576 relevant atoms
1270 auxiliary atoms
1846 final queue length
2159 total queue pushes
Completing instantiation... [0.020s CPU, 0.016s wall-clock]
Instantiating: [0.060s CPU, 0.057s wall-clock]
Computing fact groups...
Finding invariants...
18 initial candidates
Finding invariants: [0.010s CPU, 0.008s wall-clock]
Checking invariant weight... [0.000s CPU, 0.001s wall-clock]
Instantiating groups... [0.000s CPU, 0.006s wall-clock]
Collecting mutex groups... [0.000s CPU, 0.000s wall-clock]
Choosing groups...
80 uncovered facts
Choosing groups: [0.000s CPU, 0.001s wall-clock]
Building translation key... [0.000s CPU, 0.001s wall-clock]
Computing fact groups: [0.020s CPU, 0.021s wall-clock]
Building STRIPS to SAS dictionary... [0.000s CPU, 0.000s wall-clock]
Building dictionary for full mutex groups... [0.000s CPU, 0.000s wall-clock]
Building mutex information...
Building mutex information: [0.000s CPU, 0.000s wall-clock]
Translating task...
Processing axioms...
Simplifying axioms... [0.000s CPU, 0.000s wall-clock]
Processing axioms: [0.000s CPU, 0.001s wall-clock]
Translating task: [0.010s CPU, 0.013s wall-clock]
0 effect conditions simplified
0 implied preconditions added
Detecting unreachable propositions...
0 operators removed
0 axioms removed
221 propositions removed
Detecting unreachable propositions: [0.010s CPU, 0.008s wall-clock]
Translator variables: 61
Translator derived variables: 0
Translator facts: 168
Translator goal facts: 10
Translator mutex groups: 61
Translator total mutex groups size: 168
Translator operators: 220
Translator axioms: 0
Translator task size: 1667
Translator peak memory: 45516 KB
Writing output... [0.000s CPU, 0.007s wall-clock]
Done! [0.110s CPU, 0.119s wall-clock]
INFO     Running preprocessor (release32).
INFO     preprocessor input: output.sas
INFO     preprocessor arguments: []
INFO     preprocessor time limit: None
INFO     preprocessor memory limit: None
INFO     callstring: /mnt/data_server/torralba/subdominization/training/data/training_tpp/code-70296b3db083/builds/release32/bin/preprocess < output.sas
Building causal graph...
The causal graph is not acyclic.
61 variables of 61 necessary
0 of 61 mutex groups necessary.
220 of 220 operators necessary.
0 of 0 axiom rules necessary.
Initializing mutex computation...
Mutex computation initialized with 168 fluents.
iteration for mutex detection and operator pruning
Initialize m_index fw
Initialized mvalues forward: reached=3721, notReached=24167, spurious=336
Initialize m_ops fw
Computing mutexes...
Mutex computation finished with reached=21608, notReached=6280, spurious=336
60 operators are spurious because were not triggered
Unreachable proposition: Atom ready-to-load(goods9, market3, level2)
Unreachable proposition: Atom ready-to-load(goods9, market4, level2)
Unreachable proposition: Atom ready-to-load(goods8, market1, level2)
Unreachable proposition: Atom ready-to-load(goods8, market3, level2)
Unreachable proposition: Atom ready-to-load(goods7, market1, level2)
Unreachable proposition: Atom ready-to-load(goods7, market3, level2)
Unreachable proposition: Atom ready-to-load(goods6, market1, level2)
Unreachable proposition: Atom ready-to-load(goods6, market3, level2)
Unreachable proposition: Atom ready-to-load(goods5, market1, level2)
Unreachable proposition: Atom ready-to-load(goods5, market2, level2)
Unreachable proposition: Atom ready-to-load(goods4, market3, level2)
Unreachable proposition: Atom ready-to-load(goods4, market5, level2)
Unreachable proposition: Atom ready-to-load(goods3, market2, level2)
Unreachable proposition: Atom ready-to-load(goods3, market3, level2)
Unreachable proposition: Atom ready-to-load(goods2, market1, level2)
Unreachable proposition: Atom ready-to-load(goods2, market2, level2)
Unreachable proposition: Atom ready-to-load(goods10, market2, level2)
Unreachable proposition: Atom ready-to-load(goods10, market3, level2)
Unreachable proposition: Atom ready-to-load(goods1, market1, level2)
Unreachable proposition: Atom ready-to-load(goods1, market2, level2)
H^2 mutexes added fw: 40, unreachable: 20
0 of 160 operators detected as spurious
iteration for mutex detection and operator pruning
Initialize m_index bw
Init values regression
Initialized mvalues backward: reached=16148, notReached=5460, spurious=6616
Initialize m_ops bw
Computing mutexes...
Mutex computation finished with reached=20741, notReached=867, spurious=6616
12 operators are spurious because were not triggered
Unreachable proposition: Atom stored(goods9, level2)
Unreachable proposition: Atom stored(goods6, level2)
Unreachable proposition: Atom stored(goods5, level2)
H^2 mutexes added bw: 0, unreachable: 3
0 of 148 operators detected as spurious
iteration for mutex detection and operator pruning
Initialize m_index fw
Initialized mvalues forward: reached=3721, notReached=17020, spurious=7483
Initialize m_ops fw
Computing mutexes...
Mutex computation finished with reached=20741, notReached=0, spurious=7483
0 operators are spurious because were not triggered
H^2 mutexes added fw: 0, unreachable: 0
0 of 148 operators detected as spurious
Total mutex and disambiguation time: 0.014645 iterations: 3
20 of 20 mutex groups necessary.
148 of 220 operators necessary.
0 of 0 axiom rules necessary.
Change id of operators: 148
Change id of mutexes
Change id of goals
Change id of initial state
Remove unreachable facts from variables: 61
20 of 20 mutex groups necessary.
148 of 148 operators necessary.
0 of 0 axiom rules necessary.
Updating causal graph and pruning unnecessary facts
61 variables of 61 of 61 necessary
The causal graph is not acyclic.
61 variables of 61 necessary
20 of 20 mutex groups necessary.
148 of 148 operators necessary.
0 of 0 axiom rules necessary.
Building domain transition graphs...
solveable in poly time 0
Building successor generator...
Preprocessor variables: 61
Preprocessor facts: 145
Preprocessor derived variables: 0
Preprocessor operators: 148
Preprocessor mutex groups: 20
Preprocessor task size: 1084
Writing output...
Preprocessor time: 0.0244361s
Preprocessor peak memory: 2364 KB
done
INFO     Running search (release32).
INFO     search input: output
INFO     search arguments: ['--search', 'sbd(store_operators_in_optimal_plan=true, cost_type=1)']
INFO     search time limit: 3600s
INFO     search memory limit: 4096 MB
INFO     search executable: /mnt/data_server/torralba/subdominization/training/data/training_tpp/code-70296b3db083/builds/release32/bin/downward
INFO     callstring: /mnt/data_server/torralba/subdominization/training/data/training_tpp/code-70296b3db083/builds/release32/bin/downward --search 'sbd(store_operators_in_optimal_plan=true, cost_type=1)' --internal-plan-file sas_plan < output
time limit 3600.00 -> (3600, 3601)
reading input... [t=0.000118503s]
done reading input! [t=0.00196341s]
packing state variables...done! [t=0.00197975s]
Variables: 61
FactPairs: 145
Bytes per state: 12
Building successor generator...done! [t=0.00232329s]
done initalizing global data [t=0.00232728s]
TR(time=60000, nodes=100000)
Mutex(time=60000, nodes=100000, type=edeletion)
Aux(time=2000, nodes=1000000)
Disj(nodes=2147483647)
Estimation: min_time(1000) time_penalty +(1000)*(2) nodes_penalty +(1000)*(2)
MaxStep(time=30000, nodes=100000000, nodes_per_planning_second=100)
Ratio useful: 0
   Min alloted time: 60000 nodes: 10000000
   Max alloted time: 60000 nodes: 15000000
   Mult alloted time: 2 nodes: 2
   Ratio after relax: 0.8
building causal graph...done! [t=0.000199544s]
Sym variable order: 44 46 47 48 45 43 20 22 23 24 21 19 32 34 36 35 33 31 2 4 5 6 3 1 50 52 54 53 51 49 0 13 15 18 17 16 14 55 57 59 60 58 56 8 10 11 12 9 7 25 27 30 29 28 26 37 39 41 42 40 38 
Initializing Symbolic Variables
Num variables: 61 => 80
Initialize Symbolic Manager(160, 100000, 16000000, 0)
Generating binary variables
Symbolic Variables... Done.
BOUND: 1 < 2147483647, total time: 0.592793s
BOUND: 2 < 2147483647, total time: 0.593023s
BOUND: 3 < 2147483647, total time: 0.593584s
BOUND: 4 < 2147483647, total time: 0.593742s
BOUND: 5 < 2147483647, total time: 0.594037s
BOUND: 6 < 2147483647, total time: 0.59468s
BOUND: 7 < 2147483647, total time: 0.595431s
BOUND: 8 < 2147483647, total time: 0.596347s
BOUND: 9 < 2147483647, total time: 0.598172s
BOUND: 10 < 2147483647, total time: 0.599569s
BOUND: 11 < 2147483647, total time: 0.60156s
BOUND: 12 < 2147483647, total time: 0.6064s
BOUND: 13 < 2147483647, total time: 0.610028s
BOUND: 14 < 2147483647, total time: 0.618978s
BOUND: 15 < 2147483647, total time: 0.625051s
BOUND: 16 < 2147483647, total time: 0.63975s
BOUND: 17 < 2147483647, total time: 0.648309s
BOUND: 18 < 2147483647, total time: 0.660471s
BOUND: 19 < 2147483647, total time: 0.685722s
BOUND: 20 < 2147483647, total time: 0.701918s
BOUND: 21 < 2147483647, total time: 0.744388s
BOUND: 22 < 2147483647, total time: 0.766883s
BOUND: 23 < 2147483647, total time: 0.795696s
BOUND: 24 < 2147483647, total time: 0.866437s
BOUND: 25 < 2147483647, total time: 0.906535s
BOUND: 26 < 2147483647, total time: 0.953811s
BOUND: 27 < 2147483647, total time: 1.07768s
BOUND: 28 < 2147483647, total time: 1.13559s
BOUND: 29 < 2147483647, total time: 1.20145s
BOUND: 30 < 2147483647, total time: 1.40257s
BOUND: 31 < 2147483647, total time: 1.48912s
BOUND: 32 < 2147483647, total time: 1.57769s
BOUND: 33 < 2147483647, total time: 1.67309s
BOUND: 34 < 2147483647, total time: 1.98439s
BOUND: 35 < 2147483647, total time: 2.09978s
BOUND: 36 < 2147483647, total time: 2.20975s
BOUND: 37 < 2147483647, total time: 2.32544s
BOUND: 38 < 2147483647, total time: 2.44404s
BOUND: 39 < 2147483647, total time: 2.5647s
BOUND: 40 < 2147483647, total time: 2.68948s
BOUND: 41 < 2147483647, total time: 2.83108s
BOUND: 42 < 2147483647, total time: 2.97947s
BOUND: 43 < 2147483647, total time: 3.1309s
BOUND: 44 < 2147483647, total time: 3.27922s
BOUND: 45 < 2147483647, total time: 3.42405s
BOUND: 46 < 2147483647, total time: 3.56893s
BOUND: 47 < 2147483647, total time: 3.71494s
BOUND: 48 < 2147483647, total time: 3.8576s
BOUND: 49 < 2147483647, total time: 3.99958s
BOUND: 50 < 2147483647, total time: 4.1394s
BOUND: 51 < 2147483647, total time: 4.27089s
BOUND: 52 < 2147483647, total time: 4.40075s
BOUND: 53 < 2147483647, total time: 4.5301s
BOUND: 54 < 2147483647, total time: 4.6515s
BOUND: 55 < 2147483647, total time: 4.76259s
BOUND: 56 < 2147483647, total time: 4.86923s
BOUND: 57 < 2147483647, total time: 4.97314s
BOUND: 58 < 2147483647, total time: 5.07328s
BOUND: 59 < 2147483647, total time: 5.16939s
Solution found with cost 59 total time: 5.22387s
Merging: 1
46 5.30746 1 496
Merging: 34
45 5.32952 1 427
Merging: 34
44 5.34577 1 333
Merging: 34
43 5.35803 1 212
Merging: 20
42 5.36445 1 98
Merging: 2
41 5.36677 1 100
Merging: 6
40 5.3707 1 145
Merging: 24
39 5.37686 1 467
Merging: 40
38 5.3985 1 773
Merging: 36
37 5.43561 1 998
Merging: 36
36 5.48242 1 1211
Merging: 36
35 5.53867 1 1323
Merging: 36
34 5.59929 1 1416
Merging: 36
33 5.66571 1 1432
Merging: 36
32 5.73211 1 1388
Merging: 38
31 5.79245 1 1400
Merging: 39
30 5.85031 1 1222
Merging: 43
29 5.89641 1 1080
Merging: 41
28 5.93882 1 868
Merging: 49
27 5.97089 1 996
Merging: 49
26 6.01096 1 1161
Merging: 47
25 6.06493 1 1400
Merging: 44
24 6.1333 1 1565
Merging: 42
23 6.2122 1 1671
Merging: 41
22 6.29518 1 1722
Merging: 40
21 6.37947 1 1734
Merging: 40
20 6.46386 1 1723
Merging: 41
19 6.54713 1 1664
Merging: 42
18 6.62625 1 1499
Merging: 48
17 6.69448 1 1245
Merging: 44
16 6.74988 1 1006
Merging: 49
15 6.79253 1 881
Merging: 43
14 6.83087 1 811
Merging: 39
13 6.8668 1 768
Merging: 34
12 6.90036 1 774
Merging: 32
11 6.93436 1 799
Merging: 29
10 6.96934 1 805
Merging: 26
9 7.00529 1 813
Merging: 26
8 7.04113 1 796
Merging: 26
7 7.07613 1 734
Merging: 26
6 7.10867 1 661
Merging: 26
5 7.1369 1 543
Merging: 26
4 7.15966 1 420
Merging: 28
3 7.17647 1 251
Merging: 16
2 7.18516 1 98
Merging: 3
1 7.18854 1 81
Merging: 1
13 7.19108 1 496
Merging: 34
12 7.20853 1 561
Merging: 34
11 7.21844 1 603
Merging: 34
10 7.22896 1 629
Merging: 34
9 7.23969 1 643
Merging: 34
8 7.25023 1 642
Merging: 34
7 7.26056 1 628
Merging: 34
6 7.27019 1 602
Merging: 34
5 7.279 1 560
Merging: 34
4 7.28685 1 496
Merging: 34
3 7.29307 1 426
Merging: 34
2 7.29822 1 332
Merging: 34
1 7.30127 1 212
BOUND: 59 < 59, total time: 7.30226s
Actual search time: 6.7486s [t=7.34146s]
drive truck1 depot1 market4 (1)
buy truck1 goods9 market4 level0 level1 level0 level1 (1)
load goods9 truck1 market4 level0 level1 level0 level1 (1)
drive truck1 market4 market3 (1)
buy truck1 goods8 market3 level0 level1 level0 level1 (1)
load goods8 truck1 market3 level0 level1 level0 level1 (1)
buy truck1 goods7 market3 level0 level1 level0 level1 (1)
load goods7 truck1 market3 level0 level1 level0 level1 (1)
buy truck1 goods4 market3 level0 level1 level0 level1 (1)
load goods4 truck1 market3 level0 level1 level0 level1 (1)
buy truck1 goods3 market3 level0 level1 level0 level1 (1)
load goods3 truck1 market3 level0 level1 level0 level1 (1)
buy truck1 goods10 market3 level0 level1 level0 level1 (1)
load goods10 truck1 market3 level0 level1 level0 level1 (1)
drive truck1 market3 market6 (1)
drive truck1 market6 market2 (1)
buy truck1 goods3 market2 level0 level1 level0 level1 (1)
load goods3 truck1 market2 level0 level1 level1 level2 (1)
buy truck1 goods2 market2 level0 level1 level0 level1 (1)
load goods2 truck1 market2 level0 level1 level0 level1 (1)
buy truck1 goods10 market2 level0 level1 level0 level1 (1)
load goods10 truck1 market2 level0 level1 level1 level2 (1)
buy truck1 goods1 market2 level0 level1 level0 level1 (1)
load goods1 truck1 market2 level0 level1 level0 level1 (1)
drive truck1 market2 market5 (1)
buy truck1 goods4 market5 level0 level1 level0 level1 (1)
load goods4 truck1 market5 level0 level1 level1 level2 (1)
drive truck1 market5 market1 (1)
buy truck1 goods8 market1 level0 level1 level0 level1 (1)
load goods8 truck1 market1 level0 level1 level1 level2 (1)
buy truck1 goods7 market1 level0 level1 level0 level1 (1)
load goods7 truck1 market1 level0 level1 level1 level2 (1)
buy truck1 goods6 market1 level0 level1 level0 level1 (1)
load goods6 truck1 market1 level0 level1 level0 level1 (1)
buy truck1 goods5 market1 level0 level1 level0 level1 (1)
load goods5 truck1 market1 level0 level1 level0 level1 (1)
buy truck1 goods2 market1 level0 level1 level0 level1 (1)
load goods2 truck1 market1 level0 level1 level1 level2 (1)
buy truck1 goods1 market1 level0 level1 level0 level1 (1)
load goods1 truck1 market1 level0 level1 level1 level2 (1)
drive truck1 market1 market4 (1)
drive truck1 market4 depot1 (1)
unload goods10 truck1 depot1 level1 level2 level0 level1 (1)
unload goods10 truck1 depot1 level0 level1 level1 level2 (1)
unload goods1 truck1 depot1 level1 level2 level0 level1 (1)
unload goods1 truck1 depot1 level0 level1 level1 level2 (1)
unload goods2 truck1 depot1 level1 level2 level0 level1 (1)
unload goods2 truck1 depot1 level0 level1 level1 level2 (1)
unload goods3 truck1 depot1 level1 level2 level0 level1 (1)
unload goods3 truck1 depot1 level0 level1 level1 level2 (1)
unload goods4 truck1 depot1 level1 level2 level0 level1 (1)
unload goods4 truck1 depot1 level0 level1 level1 level2 (1)
unload goods5 truck1 depot1 level0 level1 level0 level1 (1)
unload goods6 truck1 depot1 level0 level1 level0 level1 (1)
unload goods7 truck1 depot1 level1 level2 level0 level1 (1)
unload goods7 truck1 depot1 level0 level1 level1 level2 (1)
unload goods8 truck1 depot1 level1 level2 level0 level1 (1)
unload goods8 truck1 depot1 level0 level1 level1 level2 (1)
unload goods9 truck1 depot1 level0 level1 level0 level1 (1)
Plan length: 59 step(s).
Plan cost: 59
Bytes per state: 12
Search time: 6.7632s
Total time: 7.34147s
Solution found.
Peak memory: 274848 KB
Running single search parser
