INFO     Running translator.
INFO     translator input: ['domain.pddl', 'problem.pddl']
INFO     translator arguments: []
INFO     translator time limit: None
INFO     translator memory limit: None
INFO     callstring: /usr/bin/python /mnt/data_server/torralba/subdominization/training/data/training_satellite/code-70296b3db083/builds/release32/bin/translate/translate.py domain.pddl problem.pddl
Parsing...
Parsing: [0.000s CPU, 0.055s wall-clock]
Normalizing task... [0.000s CPU, 0.000s wall-clock]
Instantiating...
Generating Datalog program... [0.000s CPU, 0.001s wall-clock]
Normalizing Datalog program...
Normalizing Datalog program: [0.010s CPU, 0.007s wall-clock]
Preparing model... [0.000s CPU, 0.002s wall-clock]
Generated 31 rules.
Computing model... [0.010s CPU, 0.015s wall-clock]
520 relevant atoms
154 auxiliary atoms
674 final queue length
980 total queue pushes
Completing instantiation... [0.020s CPU, 0.020s wall-clock]
Instantiating: [0.040s CPU, 0.070s wall-clock]
Computing fact groups...
Finding invariants...
12 initial candidates
Finding invariants: [0.010s CPU, 0.003s wall-clock]
Checking invariant weight... [0.000s CPU, 0.000s wall-clock]
Instantiating groups... [0.000s CPU, 0.000s wall-clock]
Collecting mutex groups... [0.000s CPU, 0.000s wall-clock]
Choosing groups...
46 uncovered facts
Choosing groups: [0.000s CPU, 0.000s wall-clock]
Building translation key... [0.000s CPU, 0.001s wall-clock]
Computing fact groups: [0.010s CPU, 0.005s wall-clock]
Building STRIPS to SAS dictionary... [0.000s CPU, 0.000s wall-clock]
Building dictionary for full mutex groups... [0.000s CPU, 0.000s wall-clock]
Building mutex information...
Building mutex information: [0.000s CPU, 0.000s wall-clock]
Translating task...
Processing axioms...
Simplifying axioms... [0.000s CPU, 0.000s wall-clock]
Processing axioms: [0.000s CPU, 0.001s wall-clock]
Translating task: [0.020s CPU, 0.020s wall-clock]
12 effect conditions simplified
0 implied preconditions added
Detecting unreachable propositions...
0 operators removed
0 axioms removed
2 propositions removed
Detecting unreachable propositions: [0.010s CPU, 0.013s wall-clock]
Translator variables: 48
Translator derived variables: 0
Translator facts: 116
Translator goal facts: 7
Translator mutex groups: 2
Translator total mutex groups size: 24
Translator operators: 348
Translator axioms: 0
Translator task size: 1399
Translator peak memory: 44668 KB
Writing output... [0.010s CPU, 0.018s wall-clock]
Done! [0.090s CPU, 0.182s wall-clock]
INFO     Running preprocessor (release32).
INFO     preprocessor input: output.sas
INFO     preprocessor arguments: []
INFO     preprocessor time limit: None
INFO     preprocessor memory limit: None
INFO     callstring: /mnt/data_server/torralba/subdominization/training/data/training_satellite/code-70296b3db083/builds/release32/bin/preprocess < output.sas
Building causal graph...
The causal graph is not acyclic.
19 variables of 48 necessary
0 of 2 mutex groups necessary.
291 of 348 operators necessary.
0 of 0 axiom rules necessary.
Initializing mutex computation...
Mutex computation initialized with 58 fluents.
iteration for mutex detection and operator pruning
Initialize m_index fw
Initialized mvalues forward: reached=361, notReached=2705, spurious=298
Initialize m_ops fw
Computing mutexes...
Mutex computation finished with reached=3050, notReached=16, spurious=298
0 operators are spurious because were not triggered
H^2 mutexes added fw: 16, unreachable: 0
0 of 291 operators detected as spurious
iteration for mutex detection and operator pruning
Initialize m_index bw
Init values regression
Initialized mvalues backward: reached=2301, notReached=749, spurious=314
Initialize m_ops bw
Computing mutexes...
Mutex computation finished with reached=3050, notReached=0, spurious=314
0 operators are spurious because were not triggered
H^2 mutexes added bw: 0, unreachable: 0
0 of 291 operators detected as spurious
Total mutex and disambiguation time: 0.006178 iterations: 2
8 of 8 mutex groups necessary.
291 of 291 operators necessary.
0 of 0 axiom rules necessary.
Change id of operators: 291
Change id of mutexes
Change id of goals
Change id of initial state
Remove unreachable facts from variables: 19
8 of 8 mutex groups necessary.
291 of 291 operators necessary.
0 of 0 axiom rules necessary.
Updating causal graph and pruning unnecessary facts
19 variables of 19 of 48 necessary
The causal graph is not acyclic.
19 variables of 19 necessary
8 of 8 mutex groups necessary.
291 of 291 operators necessary.
0 of 0 axiom rules necessary.
Building domain transition graphs...
solveable in poly time 0
Building successor generator...
Preprocessor variables: 19
Preprocessor facts: 58
Preprocessor derived variables: 0
Preprocessor operators: 291
Preprocessor mutex groups: 8
Preprocessor task size: 1019
Writing output...
Preprocessor time: 0.0157743s
Preprocessor peak memory: 2252 KB
done
INFO     Running search (release32).
INFO     search input: output
INFO     search arguments: ['--search', 'sbd(store_operators_in_optimal_plan=true, cost_type=1)']
INFO     search time limit: 3600s
INFO     search memory limit: 4096 MB
INFO     search executable: /mnt/data_server/torralba/subdominization/training/data/training_satellite/code-70296b3db083/builds/release32/bin/downward
INFO     callstring: /mnt/data_server/torralba/subdominization/training/data/training_satellite/code-70296b3db083/builds/release32/bin/downward --search 'sbd(store_operators_in_optimal_plan=true, cost_type=1)' --internal-plan-file sas_plan < output
time limit 3600.00 -> (3600, 3601)
reading input... [t=0.000246667s]
done reading input! [t=0.00313475s]
packing state variables...done! [t=0.00315117s]
Variables: 19
FactPairs: 58
Bytes per state: 4
Building successor generator...done! [t=0.00340302s]
done initalizing global data [t=0.00341005s]
TR(time=60000, nodes=100000)
Mutex(time=60000, nodes=100000, type=edeletion)
Aux(time=2000, nodes=1000000)
Disj(nodes=2147483647)
Estimation: min_time(1000) time_penalty +(1000)*(2) nodes_penalty +(1000)*(2)
MaxStep(time=30000, nodes=100000000, nodes_per_planning_second=100)
Ratio useful: 0
   Min alloted time: 60000 nodes: 10000000
   Max alloted time: 60000 nodes: 15000000
   Mult alloted time: 2 nodes: 2
   Ratio after relax: 0.8
building causal graph...done! [t=0.000123923s]
Sym variable order: 4 9 6 12 8 11 0 7 3 5 10 13 17 18 2 1 16 15 14 
Initializing Symbolic Variables
Num variables: 19 => 25
Initialize Symbolic Manager(50, 320000, 16000000, 0)
Generating binary variables
Symbolic Variables... Done.
BOUND: 1 < 2147483647, total time: 0.436522s
BOUND: 2 < 2147483647, total time: 0.436729s
BOUND: 3 < 2147483647, total time: 0.437055s
BOUND: 4 < 2147483647, total time: 0.437311s
BOUND: 5 < 2147483647, total time: 0.437658s
BOUND: 6 < 2147483647, total time: 0.438153s
BOUND: 7 < 2147483647, total time: 0.438751s
BOUND: 8 < 2147483647, total time: 0.439567s
BOUND: 9 < 2147483647, total time: 0.440352s
BOUND: 10 < 2147483647, total time: 0.441589s
BOUND: 11 < 2147483647, total time: 0.442672s
BOUND: 12 < 2147483647, total time: 0.443871s
BOUND: 13 < 2147483647, total time: 0.445147s
BOUND: 14 < 2147483647, total time: 0.446469s
BOUND: 15 < 2147483647, total time: 0.448521s
BOUND: 16 < 2147483647, total time: 0.449956s
Solution found with cost 16 total time: 0.451249s
Merging: 1
7 0.459457 1 126
Merging: 42
6 0.471093 1 120
Merging: 7
5 0.482248 1 78
Merging: 42
4 0.488063 1 67
Merging: 7
3 0.492769 1 29
Merging: 7
2 0.49514 1 26
Merging: 1
1 0.497168 1 26
Merging: 1
9 0.499289 1 126
Merging: 7
8 0.506106 1 153
Merging: 42
7 0.513341 1 150
Merging: 7
6 0.518764 1 150
Merging: 42
5 0.524061 1 153
Merging: 7
4 0.528925 1 126
Merging: 42
3 0.532864 1 120
Merging: 7
2 0.536267 1 78
Merging: 42
1 0.538897 1 67
BOUND: 16 < 16, total time: 0.541007s
Actual search time: 0.104834s [t=0.541435s]
switch_on instrument1 satellite0 (1)
calibrate satellite0 instrument1 groundstation0 (1)
turn_to satellite0 planet11 groundstation0 (1)
take_image satellite0 planet11 instrument1 image2 (1)
turn_to satellite0 planet10 planet11 (1)
take_image satellite0 planet10 instrument1 spectrograph1 (1)
turn_to satellite0 phenomenon6 planet10 (1)
take_image satellite0 phenomenon6 instrument1 spectrograph1 (1)
turn_to satellite0 planet7 phenomenon6 (1)
take_image satellite0 planet7 instrument1 thermograph0 (1)
turn_to satellite0 planet9 planet7 (1)
take_image satellite0 planet9 instrument1 spectrograph1 (1)
turn_to satellite0 star5 planet9 (1)
take_image satellite0 star5 instrument1 spectrograph1 (1)
turn_to satellite0 star8 star5 (1)
take_image satellite0 star8 instrument1 thermograph0 (1)
Plan length: 16 step(s).
Plan cost: 16
Bytes per state: 4
Search time: 0.11239s
Total time: 0.541446s
Solution found.
Peak memory: 248580 KB
Running single search parser
