INFO     Running translator.
INFO     translator input: ['domain.pddl', 'problem.pddl']
INFO     translator arguments: []
INFO     translator time limit: None
INFO     translator memory limit: None
INFO     callstring: /usr/bin/python /mnt/data_server/torralba/subdominization/training/data/training_agricola/code-70296b3db083/builds/release32/bin/translate/translate.py domain.pddl problem.pddl
Parsing...
Parsing: [0.030s CPU, 0.046s wall-clock]
Normalizing task... [0.000s CPU, 0.001s wall-clock]
Instantiating...
Generating Datalog program... [0.000s CPU, 0.006s wall-clock]
Normalizing Datalog program...
Normalizing Datalog program: [0.020s CPU, 0.019s wall-clock]
Preparing model... [0.020s CPU, 0.016s wall-clock]
Generated 258 rules.
Computing model... [1.180s CPU, 1.184s wall-clock]
30078 relevant atoms
1506 auxiliary atoms
31584 final queue length
112501 total queue pushes
Completing instantiation... [5.510s CPU, 5.570s wall-clock]
Instantiating: [6.750s CPU, 7.175s wall-clock]
Computing fact groups...
Finding invariants...
44 initial candidates
Finding invariants: [0.140s CPU, 0.146s wall-clock]
Checking invariant weight... [0.000s CPU, 0.000s wall-clock]
Instantiating groups... [0.010s CPU, 0.002s wall-clock]
Collecting mutex groups... [0.000s CPU, 0.000s wall-clock]
Choosing groups...
114 uncovered facts
Choosing groups: [0.000s CPU, 0.000s wall-clock]
Building translation key... [0.000s CPU, 0.001s wall-clock]
Computing fact groups: [0.150s CPU, 0.152s wall-clock]
Building STRIPS to SAS dictionary... [0.000s CPU, 0.000s wall-clock]
Building dictionary for full mutex groups... [0.000s CPU, 0.000s wall-clock]
Building mutex information...
Building mutex information: [0.000s CPU, 0.001s wall-clock]
Translating task...
Processing axioms...
Simplifying axioms... [0.000s CPU, 0.000s wall-clock]
Processing axioms: [0.220s CPU, 0.216s wall-clock]
Translating task: [4.880s CPU, 4.897s wall-clock]
31791 effect conditions simplified
0 implied preconditions added
Detecting unreachable propositions...
0 operators removed
0 axioms removed
34 propositions removed
Detecting unreachable propositions: [2.400s CPU, 2.412s wall-clock]
Translator variables: 109
Translator derived variables: 0
Translator facts: 242
Translator goal facts: 1
Translator mutex groups: 6
Translator total mutex groups size: 36
Translator operators: 29439
Translator axioms: 0
Translator task size: 329127
Translator peak memory: 346548 KB
Writing output... [0.670s CPU, 0.798s wall-clock]
Done! [15.030s CPU, 15.632s wall-clock]
INFO     Running preprocessor (release32).
INFO     preprocessor input: output.sas
INFO     preprocessor arguments: []
INFO     preprocessor time limit: None
INFO     preprocessor memory limit: None
INFO     callstring: /mnt/data_server/torralba/subdominization/training/data/training_agricola/code-70296b3db083/builds/release32/bin/preprocess < output.sas
Building causal graph...
The causal graph is not acyclic.
103 variables of 109 necessary
0 of 6 mutex groups necessary.
29439 of 29439 operators necessary.
0 of 0 axiom rules necessary.
Initializing mutex computation...
Mutex computation initialized with 230 fluents.
iteration for mutex detection and operator pruning
Initialize m_index fw
Initialized mvalues forward: reached=10609, notReached=41767, spurious=524
Initialize m_ops fw
Computing mutexes...
Mutex computation finished with reached=46218, notReached=6158, spurious=524
18752 operators are spurious because were not triggered
Unreachable proposition: Atom harvest_phase(stage5, harvest_feeding)
Unreachable proposition: Atom harvest_phase(stage5, harvest_breeding)
H^2 mutexes added fw: 5246, unreachable: 2
0 of 10687 operators detected as spurious
iteration for mutex detection and operator pruning
Initialize m_index bw
Init values regression
Initialized mvalues backward: reached=28745, notReached=17473, spurious=6682
Initialize m_ops bw
Computing mutexes...
Mutex computation finished with reached=46190, notReached=28, spurious=6682
0 operators are spurious because were not triggered
H^2 mutexes added bw: 28, unreachable: 0
0 of 10687 operators detected as spurious
iteration for mutex detection and operator pruning
Initialize m_index fw
Initialized mvalues forward: reached=10609, notReached=35581, spurious=6710
Initialize m_ops fw
Computing mutexes...
Mutex computation finished with reached=46190, notReached=0, spurious=6710
0 operators are spurious because were not triggered
H^2 mutexes added fw: 0, unreachable: 0
0 of 10687 operators detected as spurious
Total mutex and disambiguation time: 5.72093 iterations: 3
2637 of 2637 mutex groups necessary.
10687 of 29439 operators necessary.
0 of 0 axiom rules necessary.
Change id of operators: 10687
Change id of mutexes
Change id of goals
Change id of initial state
Remove unreachable facts from variables: 103
2637 of 2637 mutex groups necessary.
10687 of 10687 operators necessary.
0 of 0 axiom rules necessary.
Updating causal graph and pruning unnecessary facts
101 variables of 103 of 109 necessary
The causal graph is not acyclic.
100 variables of 101 necessary
2575 of 2637 mutex groups necessary.
10687 of 10687 operators necessary.
0 of 0 axiom rules necessary.
Building domain transition graphs...
solveable in poly time 0
Building successor generator...
Preprocessor variables: 100
Preprocessor facts: 224
Preprocessor derived variables: 0
Preprocessor operators: 10687
Preprocessor mutex groups: 2575
Preprocessor task size: 115858
Writing output...
Preprocessor time: 7.00841s
Preprocessor peak memory: 89960 KB
done
INFO     Running search (release32).
INFO     search input: output
INFO     search arguments: ['--search', 'sbw(store_operators_in_optimal_plan=true, cost_type=1)']
INFO     search time limit: 3600s
INFO     search memory limit: 4096 MB
INFO     search executable: /mnt/data_server/torralba/subdominization/training/data/training_agricola/code-70296b3db083/builds/release32/bin/downward
INFO     callstring: /mnt/data_server/torralba/subdominization/training/data/training_agricola/code-70296b3db083/builds/release32/bin/downward --search 'sbw(store_operators_in_optimal_plan=true, cost_type=1)' --internal-plan-file sas_plan < output
time limit 3600.00 -> (3600, 3601)
reading input... [t=0.000129929s]
done reading input! [t=0.167906s]
packing state variables...done! [t=0.167951s]
Variables: 100
FactPairs: 224
Bytes per state: 16
Building successor generator...done! [t=0.226861s]
done initalizing global data [t=0.226889s]
TR(time=60000, nodes=100000)
Mutex(time=60000, nodes=100000, type=edeletion)
Aux(time=2000, nodes=1000000)
Disj(nodes=2147483647)
Estimation: min_time(1000) time_penalty +(1000)*(2) nodes_penalty +(1000)*(2)
MaxStep(time=30000, nodes=100000000, nodes_per_planning_second=100)
Ratio useful: 0
   Min alloted time: 60000 nodes: 10000000
   Max alloted time: 60000 nodes: 15000000
   Mult alloted time: 2 nodes: 2
   Ratio after relax: 0.8
building causal graph...done! [t=0.016654s]
Sym variable order: 3 17 13 16 15 19 18 28 42 26 14 38 46 44 45 48 40 41 43 39 92 59 61 91 60 58 69 93 82 68 67 79 78 77 96 33 24 27 75 76 83 84 97 73 29 34 71 31 32 30 49 47 37 35 36 70 25 23 81 80 22 21 74 72 66 63 62 64 65 98 89 88 90 95 94 2 4 12 0 11 9 10 1 20 8 86 85 87 53 52 51 50 57 56 55 54 6 5 7 99 
Initializing Symbolic Variables
Num variables: 100 => 111
Initialize Symbolic Manager(222, 72072, 16000000, 0)
Generating binary variables
Symbolic Variables... Done.
BOUND: 1 < 2147483647, total time: 2.59929s
BOUND: 2 < 2147483647, total time: 2.61307s
BOUND: 3 < 2147483647, total time: 2.61614s
BOUND: 4 < 2147483647, total time: 2.61883s
BOUND: 5 < 2147483647, total time: 2.62208s
BOUND: 6 < 2147483647, total time: 2.62618s
BOUND: 7 < 2147483647, total time: 2.63679s
BOUND: 8 < 2147483647, total time: 2.70286s
BOUND: 9 < 2147483647, total time: 2.87276s
BOUND: 10 < 2147483647, total time: 3.1409s
BOUND: 11 < 2147483647, total time: 3.37676s
BOUND: 12 < 2147483647, total time: 3.53212s
BOUND: 13 < 2147483647, total time: 3.61698s
BOUND: 14 < 2147483647, total time: 3.7534s
BOUND: 15 < 2147483647, total time: 4.02302s
BOUND: 16 < 2147483647, total time: 4.39038s
BOUND: 17 < 2147483647, total time: 4.73571s
BOUND: 18 < 2147483647, total time: 4.98068s
BOUND: 19 < 2147483647, total time: 5.12076s
BOUND: 20 < 2147483647, total time: 5.18463s
BOUND: 21 < 2147483647, total time: 5.24534s
BOUND: 22 < 2147483647, total time: 5.33928s
BOUND: 23 < 2147483647, total time: 5.46908s
BOUND: 24 < 2147483647, total time: 5.70348s
BOUND: 25 < 2147483647, total time: 6.05338s
BOUND: 26 < 2147483647, total time: 6.50528s
BOUND: 27 < 2147483647, total time: 6.99739s
BOUND: 28 < 2147483647, total time: 7.48709s
BOUND: 29 < 2147483647, total time: 7.93782s
BOUND: 30 < 2147483647, total time: 8.33447s
BOUND: 31 < 2147483647, total time: 8.62483s
BOUND: 32 < 2147483647, total time: 8.88465s
BOUND: 33 < 2147483647, total time: 9.27614s
BOUND: 34 < 2147483647, total time: 9.72238s
BOUND: 35 < 2147483647, total time: 10.8957s
BOUND: 36 < 2147483647, total time: 11.2025s
BOUND: 37 < 2147483647, total time: 11.3944s
BOUND: 38 < 2147483647, total time: 11.4865s
BOUND: 39 < 2147483647, total time: 11.5859s
BOUND: 40 < 2147483647, total time: 11.7056s
BOUND: 41 < 2147483647, total time: 11.8158s
BOUND: 42 < 2147483647, total time: 11.9088s
BOUND: 43 < 2147483647, total time: 12.0207s
BOUND: 44 < 2147483647, total time: 12.1851s
BOUND: 45 < 2147483647, total time: 12.389s
BOUND: 46 < 2147483647, total time: 12.5764s
BOUND: 47 < 2147483647, total time: 12.7054s
BOUND: 48 < 2147483647, total time: 12.7901s
BOUND: 49 < 2147483647, total time: 12.8435s
BOUND: 50 < 2147483647, total time: 12.9251s
BOUND: 51 < 2147483647, total time: 13.0382s
BOUND: 52 < 2147483647, total time: 13.1455s
BOUND: 53 < 2147483647, total time: 13.208s
BOUND: 54 < 2147483647, total time: 13.2481s
BOUND: 55 < 2147483647, total time: 13.2757s
BOUND: 56 < 2147483647, total time: 13.3162s
BOUND: 57 < 2147483647, total time: 13.3791s
BOUND: 58 < 2147483647, total time: 13.4693s
BOUND: 59 < 2147483647, total time: 13.5589s
BOUND: 60 < 2147483647, total time: 13.6422s
BOUND: 61 < 2147483647, total time: 13.7087s
BOUND: 62 < 2147483647, total time: 13.7465s
BOUND: 63 < 2147483647, total time: 13.7674s
BOUND: 64 < 2147483647, total time: 13.7845s
BOUND: 65 < 2147483647, total time: 13.8061s
BOUND: 66 < 2147483647, total time: 13.8423s
Solution found with cost 66 total time: 13.875s
Merging: 1
66 14.9252 1 112
Merging: 8
65 14.9584 1 322
Merging: 8
64 15.0475 1 707
Merging: 1
63 15.2106 1 707
Merging: 5
62 15.3609 1 169
Merging: 1
61 15.412 1 169
Merging: 11
60 15.4663 1 614
Merging: 11
59 15.595 1 1019
Merging: 1
58 15.7959 1 1019
Merging: 5
57 15.9893 1 220
Merging: 1
56 16.0392 1 220
Merging: 13
55 16.0916 1 825
Merging: 13
54 16.2577 1 1515
Merging: 1
53 16.5263 1 1515
Merging: 5
52 16.798 1 255
Merging: 1
51 16.8514 1 255
Merging: 16
50 16.9149 1 1179
Merging: 19
49 17.1063 1 2825
Merging: 1
48 17.448 1 2825
Merging: 5
47 17.788 1 313
Merging: 1
46 17.8518 1 313
Merging: 3
45 17.9157 1 288
Merging: 1
44 17.9782 1 288
Merging: 1
43 18.0402 1 288
Merging: 22
42 18.1088 1 1782
Merging: 22
41 18.3593 1 5068
Merging: 1
40 18.8659 1 5068
Merging: 5
39 19.4698 1 366
Merging: 1
38 19.5309 1 366
Merging: 22
37 19.6016 1 2265
Merging: 22
36 19.9069 1 6460
Merging: 1
35 20.4625 1 6460
Merging: 5
34 21.1399 1 429
Merging: 1
33 21.2011 1 429
Merging: 25
32 21.2804 1 2892
Merging: 25
31 21.5905 1 7698
Merging: 1
30 22.1901 1 7698
Merging: 5
29 22.903 1 619
Merging: 1
28 22.9747 1 619
Merging: 3
27 23.0455 1 581
Merging: 1
26 23.1172 1 581
Merging: 1
25 23.1874 1 581
Merging: 26
24 23.2708 1 2799
Merging: 44
23 23.5632 1 4378
Merging: 1
22 23.8103 1 4378
Merging: 5
21 24.1169 1 910
Merging: 1
20 24.1782 1 910
Merging: 63
19 24.277 1 3365
Merging: 62
18 24.6539 1 6297
Merging: 1
17 25.0113 1 6297
Merging: 5
16 25.4498 1 754
Merging: 1
15 25.5237 1 754
Merging: 7
14 25.6014 1 726
Merging: 1
13 25.6759 1 726
Merging: 1
12 25.7484 1 726
Merging: 63
11 25.8454 1 4112
Merging: 85
10 26.2826 1 13944
Merging: 1
9 27.0028 1 13944
Merging: 5
8 27.9243 1 1372
Merging: 1
7 27.9942 1 1372
Merging: 106
6 28.1232 1 6143
Merging: 103
5 28.7117 1 17086
Merging: 2
4 29.5713 1 17080
Merging: 5
3 30.6482 1 1654
Merging: 1
2 30.7432 1 1654
Merging: 20
1 30.8394 1 1620
BOUND: 66 < 66, total time: 30.9339s
Actual search time: 28.3364s [t=30.9357s]
collect_resource worker2 worker1 worker2 round1 act_clay clay (60)
collect_resource worker1 noworker worker2 round1 act_reed reed (60)
ag__finish_round_backhome round1 worker2 (1)
ag__finish_round_renew round1 noworker (1)
ag__advance_round_normal round1 round2 act_sheep (1)
collect_resource worker2 worker1 worker2 round2 act_clay clay (60)
take_food worker1 noworker worker2 round2 num2 num3 (60)
ag__finish_round_backhome round2 worker2 (1)
ag__finish_round_renew round2 noworker (1)
ag__advance_round_normal round2 round3 act_sow (1)
collect_resource worker2 worker1 worker2 round3 act_clay clay (60)
take_food worker1 noworker worker2 round3 num3 num4 (60)
ag__finish_round_backhome round3 worker2 (1)
ag__finish_round_renew round3 noworker (1)
ag__advance_round_normal round3 round4 act_fences (1)
build_fences boar worker2 worker1 worker2 round4 (60)
take_food worker1 noworker worker2 round4 num4 num5 (60)
ag__finish_round_backhome round4 worker2 (1)
ag__finish_round_renew round4 noworker (1)
ag__harvest_collect_end round4 stage1 (1)
ag__harvest_feed round4 stage1 worker2 num5 num4 num1 (1)
ag__harvest_breed_end round4 stage1 (1)
ag__finish_stage stage1 stage2 round4 round5 act_cattle (1)
build_fences boar worker2 worker1 worker2 round5 (60)
take_food worker1 noworker worker2 round5 num1 num2 (60)
ag__finish_round_backhome round5 worker2 (1)
ag__finish_round_renew round5 noworker (1)
ag__advance_round_normal round5 round6 act_carrot (1)
build_fences boar worker2 worker1 worker2 round6 (60)
take_food worker1 noworker worker2 round6 num2 num3 (60)
ag__finish_round_backhome round6 worker2 (1)
ag__finish_round_renew round6 noworker (1)
ag__advance_round_normal round6 round7 act_boar (1)
build_fences boar worker2 worker1 worker2 round7 (60)
take_food worker1 noworker worker2 round7 num3 num4 (60)
ag__finish_round_backhome round7 worker2 (1)
ag__finish_round_renew round7 noworker (1)
ag__harvest_collect_end round7 stage2 (1)
ag__harvest_feed round7 stage2 worker2 num4 num4 num0 (1)
ag__harvest_breed_end round7 stage2 (1)
ag__finish_stage stage2 stage3 round7 round8 act_improve (1)
collect_resource worker2 worker1 worker2 round8 act_stone stone (60)
improve_home worker1 noworker worker2 round8 fireplace (60)
ag__finish_round_backhome round8 worker2 (1)
ag__finish_round_renew round8 noworker (1)
ag__advance_round_normal round8 round9 void (1)
collect_cook_animal boar act_boar worker2 worker1 worker2 round9 num0 num2 (60)
collect_cook_animal boar act_cattle worker1 noworker worker2 round9 num2 num4 (60)
ag__finish_round_backhome round9 worker2 (1)
ag__finish_round_renew round9 noworker (1)
ag__harvest_collect_end round9 stage3 (1)
ag__harvest_feed round9 stage3 worker2 num4 num4 num0 (1)
ag__harvest_breed_end round9 stage3 (1)
ag__finish_stage stage3 stage4 round9 round10 void (1)
build_fences boar worker2 worker1 worker2 round10 (60)
collect_cook_animal boar act_sheep worker1 noworker worker2 round10 num0 num2 (60)
ag__finish_round_backhome round10 worker2 (1)
ag__finish_round_renew round10 noworker (1)
ag__advance_round_normal round10 round11 void (1)
build_fences boar worker2 worker1 worker2 round11 (60)
collect_cook_animal boar act_sheep worker1 noworker worker2 round11 num2 num4 (60)
ag__finish_round_backhome round11 worker2 (1)
ag__finish_round_renew round11 noworker (1)
ag__harvest_collect_end round11 stage4 (1)
ag__harvest_feed round11 stage4 worker2 num4 num4 num0 (1)
ag__harvest_breed_end round11 stage4 (1)
Plan length: 66 step(s).
Plan cost: 1364
Bytes per state: 16
Search time: 29.2705s
Total time: 30.9357s
Solution found.
Peak memory: 436008 KB
Running single search parser
