INFO     Running translator.
INFO     translator input: ['domain.pddl', 'problem.pddl']
INFO     translator arguments: []
INFO     translator time limit: None
INFO     translator memory limit: None
INFO     callstring: /usr/bin/python /mnt/data_server/torralba/subdominization/training/data/training_agricola/code-70296b3db083/builds/release32/bin/translate/translate.py domain.pddl problem.pddl
Parsing...
Parsing: [0.020s CPU, 0.044s wall-clock]
Normalizing task... [0.000s CPU, 0.001s wall-clock]
Instantiating...
Generating Datalog program... [0.010s CPU, 0.006s wall-clock]
Normalizing Datalog program...
Normalizing Datalog program: [0.010s CPU, 0.029s wall-clock]
Preparing model... [0.020s CPU, 0.016s wall-clock]
Generated 258 rules.
Computing model... [1.430s CPU, 1.432s wall-clock]
37095 relevant atoms
1622 auxiliary atoms
38717 final queue length
138423 total queue pushes
Completing instantiation... [6.980s CPU, 7.057s wall-clock]
Instantiating: [8.460s CPU, 8.959s wall-clock]
Computing fact groups...
Finding invariants...
44 initial candidates
Finding invariants: [0.170s CPU, 0.167s wall-clock]
Checking invariant weight... [0.000s CPU, 0.000s wall-clock]
Instantiating groups... [0.000s CPU, 0.002s wall-clock]
Collecting mutex groups... [0.000s CPU, 0.000s wall-clock]
Choosing groups...
124 uncovered facts
Choosing groups: [0.000s CPU, 0.000s wall-clock]
Building translation key... [0.010s CPU, 0.001s wall-clock]
Computing fact groups: [0.180s CPU, 0.174s wall-clock]
Building STRIPS to SAS dictionary... [0.000s CPU, 0.000s wall-clock]
Building dictionary for full mutex groups... [0.000s CPU, 0.000s wall-clock]
Building mutex information...
Building mutex information: [0.000s CPU, 0.000s wall-clock]
Translating task...
Processing axioms...
Simplifying axioms... [0.000s CPU, 0.000s wall-clock]
Processing axioms: [0.260s CPU, 0.268s wall-clock]
Translating task: [6.200s CPU, 6.231s wall-clock]
39857 effect conditions simplified
0 implied preconditions added
Detecting unreachable propositions...
0 operators removed
0 axioms removed
34 propositions removed
Detecting unreachable propositions: [2.920s CPU, 2.935s wall-clock]
Translator variables: 119
Translator derived variables: 0
Translator facts: 263
Translator goal facts: 1
Translator mutex groups: 6
Translator total mutex groups size: 37
Translator operators: 36429
Translator axioms: 0
Translator task size: 396787
Translator peak memory: 415260 KB
Writing output... [0.820s CPU, 0.936s wall-clock]
Done! [18.780s CPU, 19.469s wall-clock]
INFO     Running preprocessor (release32).
INFO     preprocessor input: output.sas
INFO     preprocessor arguments: []
INFO     preprocessor time limit: None
INFO     preprocessor memory limit: None
INFO     callstring: /mnt/data_server/torralba/subdominization/training/data/training_agricola/code-70296b3db083/builds/release32/bin/preprocess < output.sas
Building causal graph...
The causal graph is not acyclic.
114 variables of 119 necessary
0 of 6 mutex groups necessary.
36429 of 36429 operators necessary.
0 of 0 axiom rules necessary.
Initializing mutex computation...
Mutex computation initialized with 253 fluents.
iteration for mutex detection and operator pruning
Initialize m_index fw
Initialized mvalues forward: reached=12996, notReached=50457, spurious=556
Initialize m_ops fw
Computing mutexes...
Mutex computation finished with reached=56067, notReached=7386, spurious=556
20746 operators are spurious because were not triggered
H^2 mutexes added fw: 7386, unreachable: 0
0 of 15683 operators detected as spurious
iteration for mutex detection and operator pruning
Initialize m_index bw
Init values regression
Initialized mvalues backward: reached=33601, notReached=22466, spurious=7942
Initialize m_ops bw
Computing mutexes...
Mutex computation finished with reached=56031, notReached=36, spurious=7942
0 operators are spurious because were not triggered
H^2 mutexes added bw: 36, unreachable: 0
0 of 15683 operators detected as spurious
iteration for mutex detection and operator pruning
Initialize m_index fw
Initialized mvalues forward: reached=12996, notReached=43035, spurious=7978
Initialize m_ops fw
Computing mutexes...
Mutex computation finished with reached=56031, notReached=0, spurious=7978
0 operators are spurious because were not triggered
H^2 mutexes added fw: 0, unreachable: 0
0 of 15683 operators detected as spurious
Total mutex and disambiguation time: 9.79823 iterations: 3
3711 of 3711 mutex groups necessary.
15683 of 36429 operators necessary.
0 of 0 axiom rules necessary.
Change id of operators: 15683
Change id of mutexes
Change id of goals
Change id of initial state
Remove unreachable facts from variables: 114
3711 of 3711 mutex groups necessary.
15683 of 15683 operators necessary.
0 of 0 axiom rules necessary.
Updating causal graph and pruning unnecessary facts
114 variables of 114 of 119 necessary
The causal graph is not acyclic.
114 variables of 114 necessary
3711 of 3711 mutex groups necessary.
15683 of 15683 operators necessary.
0 of 0 axiom rules necessary.
Building domain transition graphs...
solveable in poly time 0
Building successor generator...
Preprocessor variables: 114
Preprocessor facts: 253
Preprocessor derived variables: 0
Preprocessor operators: 15683
Preprocessor mutex groups: 3711
Preprocessor task size: 168184
Writing output...
Preprocessor time: 11.6168s
Preprocessor peak memory: 134592 KB
done
INFO     Running search (release32).
INFO     search input: output
INFO     search arguments: ['--search', 'sbw(store_operators_in_optimal_plan=true, cost_type=1)']
INFO     search time limit: 3600s
INFO     search memory limit: 4096 MB
INFO     search executable: /mnt/data_server/torralba/subdominization/training/data/training_agricola/code-70296b3db083/builds/release32/bin/downward
INFO     callstring: /mnt/data_server/torralba/subdominization/training/data/training_agricola/code-70296b3db083/builds/release32/bin/downward --search 'sbw(store_operators_in_optimal_plan=true, cost_type=1)' --internal-plan-file sas_plan < output
time limit 3600.00 -> (3600, 3601)
reading input... [t=0.000160641s]
done reading input! [t=0.254184s]
packing state variables...done! [t=0.254233s]
Variables: 114
FactPairs: 253
Bytes per state: 16
Building successor generator...done! [t=0.350571s]
done initalizing global data [t=0.350602s]
TR(time=60000, nodes=100000)
Mutex(time=60000, nodes=100000, type=edeletion)
Aux(time=2000, nodes=1000000)
Disj(nodes=2147483647)
Estimation: min_time(1000) time_penalty +(1000)*(2) nodes_penalty +(1000)*(2)
MaxStep(time=30000, nodes=100000000, nodes_per_planning_second=100)
Ratio useful: 0
   Min alloted time: 60000 nodes: 10000000
   Max alloted time: 60000 nodes: 15000000
   Mult alloted time: 2 nodes: 2
   Ratio after relax: 0.8
building causal graph...done! [t=0.0241523s]
Sym variable order: 6 7 113 8 5 67 68 66 69 70 61 60 62 63 71 64 65 101 99 100 10 2 28 15 13 12 14 18 9 1 0 108 109 98 112 96 97 91 78 76 77 92 30 88 90 27 31 29 33 105 106 23 45 46 57 44 43 59 80 40 41 39 38 37 42 81 82 95 111 94 84 83 11 35 110 87 89 104 85 86 107 93 79 72 74 75 73 102 32 103 50 58 51 47 49 48 55 56 54 53 52 24 36 16 20 34 25 22 21 26 19 17 3 4 
Initializing Symbolic Variables
Num variables: 114 => 125
Initialize Symbolic Manager(250, 64000, 16000000, 0)
Generating binary variables
Symbolic Variables... Done.
BOUND: 1 < 2147483647, total time: 3.73601s
BOUND: 2 < 2147483647, total time: 3.7699s
BOUND: 3 < 2147483647, total time: 3.77325s
BOUND: 4 < 2147483647, total time: 3.77675s
BOUND: 5 < 2147483647, total time: 3.78096s
BOUND: 6 < 2147483647, total time: 3.79029s
BOUND: 7 < 2147483647, total time: 3.80799s
BOUND: 8 < 2147483647, total time: 3.93017s
BOUND: 9 < 2147483647, total time: 4.52358s
BOUND: 10 < 2147483647, total time: 5.09473s
BOUND: 11 < 2147483647, total time: 5.61857s
BOUND: 12 < 2147483647, total time: 5.9035s
BOUND: 13 < 2147483647, total time: 6.04684s
BOUND: 14 < 2147483647, total time: 6.18491s
BOUND: 15 < 2147483647, total time: 6.50951s
BOUND: 16 < 2147483647, total time: 6.95317s
BOUND: 17 < 2147483647, total time: 7.38093s
BOUND: 18 < 2147483647, total time: 7.66272s
BOUND: 19 < 2147483647, total time: 7.80837s
BOUND: 20 < 2147483647, total time: 7.85945s
BOUND: 21 < 2147483647, total time: 7.92634s
BOUND: 22 < 2147483647, total time: 8.02867s
BOUND: 23 < 2147483647, total time: 8.16334s
BOUND: 24 < 2147483647, total time: 8.39667s
BOUND: 25 < 2147483647, total time: 8.78636s
BOUND: 26 < 2147483647, total time: 9.26676s
BOUND: 27 < 2147483647, total time: 9.72941s
BOUND: 28 < 2147483647, total time: 10.2274s
BOUND: 29 < 2147483647, total time: 10.723s
BOUND: 30 < 2147483647, total time: 11.949s
BOUND: 31 < 2147483647, total time: 12.27s
BOUND: 32 < 2147483647, total time: 12.4599s
BOUND: 33 < 2147483647, total time: 12.7077s
BOUND: 34 < 2147483647, total time: 13.1607s
BOUND: 35 < 2147483647, total time: 13.6623s
BOUND: 36 < 2147483647, total time: 13.9966s
BOUND: 37 < 2147483647, total time: 14.1312s
BOUND: 38 < 2147483647, total time: 14.2575s
BOUND: 39 < 2147483647, total time: 14.5552s
BOUND: 40 < 2147483647, total time: 14.9315s
BOUND: 41 < 2147483647, total time: 15.201s
BOUND: 42 < 2147483647, total time: 15.3575s
BOUND: 43 < 2147483647, total time: 15.5957s
BOUND: 44 < 2147483647, total time: 16.1191s
BOUND: 45 < 2147483647, total time: 16.9015s
BOUND: 46 < 2147483647, total time: 17.6257s
BOUND: 47 < 2147483647, total time: 18.1569s
BOUND: 48 < 2147483647, total time: 18.3817s
BOUND: 49 < 2147483647, total time: 18.4767s
BOUND: 50 < 2147483647, total time: 18.622s
BOUND: 51 < 2147483647, total time: 18.9273s
BOUND: 52 < 2147483647, total time: 19.3416s
BOUND: 53 < 2147483647, total time: 19.7515s
BOUND: 54 < 2147483647, total time: 20.1018s
BOUND: 55 < 2147483647, total time: 20.3s
BOUND: 56 < 2147483647, total time: 20.4543s
BOUND: 57 < 2147483647, total time: 20.5318s
BOUND: 58 < 2147483647, total time: 20.5706s
BOUND: 59 < 2147483647, total time: 20.6487s
BOUND: 60 < 2147483647, total time: 20.8228s
BOUND: 61 < 2147483647, total time: 21.1233s
BOUND: 62 < 2147483647, total time: 21.4989s
BOUND: 63 < 2147483647, total time: 21.749s
BOUND: 64 < 2147483647, total time: 21.9679s
BOUND: 65 < 2147483647, total time: 22.073s
BOUND: 66 < 2147483647, total time: 22.1385s
BOUND: 67 < 2147483647, total time: 22.2255s
BOUND: 68 < 2147483647, total time: 22.3713s
BOUND: 69 < 2147483647, total time: 22.5329s
BOUND: 70 < 2147483647, total time: 22.6423s
BOUND: 71 < 2147483647, total time: 22.6813s
BOUND: 72 < 2147483647, total time: 22.6942s
BOUND: 73 < 2147483647, total time: 22.7172s
BOUND: 74 < 2147483647, total time: 22.7707s
BOUND: 75 < 2147483647, total time: 23.6537s
BOUND: 76 < 2147483647, total time: 23.7372s
BOUND: 77 < 2147483647, total time: 23.7603s
BOUND: 78 < 2147483647, total time: 23.7667s
BOUND: 79 < 2147483647, total time: 23.7753s
Solution found with cost 79 total time: 23.7915s
Merging: 1
79 25.6422 1 126
Merging: 8
78 25.697 1 334
Merging: 8
77 25.7793 1 692
Merging: 1
76 25.8635 1 692
Merging: 5
75 25.9482 1 188
Merging: 1
74 26.0289 1 188
Merging: 11
73 26.1122 1 1325
Merging: 11
72 26.2138 1 2612
Merging: 1
71 26.3102 1 2612
Merging: 5
70 26.4074 1 317
Merging: 1
69 26.497 1 317
Merging: 14
68 26.5907 1 2893
Merging: 14
67 26.7234 1 3180
Merging: 1
66 26.8386 1 3180
Merging: 5
65 26.9528 1 381
Merging: 1
64 27.0487 1 381
Merging: 17
63 27.1525 1 4149
Merging: 20
62 27.356 1 6568
Merging: 1
61 27.5591 1 6568
Merging: 5
60 27.7605 1 533
Merging: 1
59 27.8813 1 533
Merging: 5
58 27.9467 1 468
Merging: 1
57 28.0334 1 468
Merging: 1
56 28.0907 1 468
Merging: 22
55 28.2203 1 10660
Merging: 31
54 28.6783 1 24047
Merging: 1
53 29.2755 1 24047
Merging: 5
52 29.8376 1 920
Merging: 1
51 30.0623 1 920
Merging: 39
50 30.3152 1 19470
Merging: 44
49 31.3521 1 46104
Merging: 1
48 32.374 1 46104
Merging: 5
47 33.3756 1 1038
Merging: 1
46 33.6262 1 1038
Merging: 77
45 33.9259 1 24746
Merging: 77
44 35.5289 1 53095
Merging: 1
43 37.0583 1 53095
Merging: 5
42 38.5262 1 913
Merging: 1
41 38.7724 1 913
Merging: 15
40 38.8546 1 904
Merging: 1
39 38.9613 1 904
Merging: 1
38 39.0336 1 904
Merging: 102
37 39.3507 1 46300
Merging: 122
36 42.902 1 174399
Merging: 1
35 48.1304 1 174399
Merging: 5
34 52.7704 1 1223
Merging: 1
33 53.1322 1 1223
Merging: 138
32 53.5958 1 59940
Merging: 135
31 58.0452 1 161727
Merging: 1
30 62.1081 1 161727
Merging: 5
29 65.933 1 1019
Merging: 1
28 66.2203 1 1019
Merging: 21
27 66.3098 1 1013
Merging: 1
26 66.4369 1 1013
Merging: 1
25 66.524 1 1013
Merging: 129
24 66.9301 1 65767
Merging: 146
23 72.9269 1 248022
Merging: 1
22 79.6148 1 248022
Merging: 5
21 85.4277 1 1171
Merging: 1
20 85.7705 1 1171
Merging: 158
19 86.2308 1 74426
Merging: 155
18 91.977 1 208638
Merging: 1
17 97.685 1 208638
Merging: 5
16 103.063 1 1110
Merging: 1
15 103.369 1 1110
Merging: 25
14 103.465 1 1105
Merging: 1
13 103.601 1 1105
Merging: 1
12 103.694 1 1105
Merging: 149
11 104.153 1 85414
Merging: 166
10 112.108 1 303721
Merging: 1
9 120.717 1 303721
Merging: 5
8 128.454 1 1174
Merging: 1
7 128.801 1 1174
Merging: 183
6 129.314 1 108368
Merging: 163
5 138.266 1 305696
Merging: 2
4 146.192 1 269745
Merging: 5
3 153.743 1 1517
Merging: 1
2 154.113 1 1517
Merging: 46
1 154.219 1 1533
BOUND: 79 < 79, total time: 154.515s
Actual search time: 150.787s [t=154.523s]
collect_resource worker2 worker1 worker2 round1 act_clay clay (60)
collect_resource worker1 noworker worker2 round1 act_reed reed (60)
ag__finish_round_backhome round1 worker2 (1)
ag__finish_round_renew round1 noworker (1)
ag__advance_round_normal round1 round2 act_family (1)
collect_resource worker2 worker1 worker2 round2 act_clay clay (60)
collect_resource worker1 noworker worker2 round2 act_reed reed (60)
ag__finish_round_backhome round2 worker2 (1)
ag__finish_round_renew round2 noworker (1)
ag__advance_round_normal round2 round3 act_sow (1)
collect_resource worker2 worker1 worker2 round3 act_clay clay (60)
take_food worker1 noworker worker2 round3 num2 num3 (60)
ag__finish_round_backhome round3 worker2 (1)
ag__finish_round_renew round3 noworker (1)
ag__advance_round_normal round3 round4 act_fences (1)
build_fences boar worker2 worker1 worker2 round4 (60)
take_food worker1 noworker worker2 round4 num3 num4 (60)
ag__finish_round_backhome round4 worker2 (1)
ag__finish_round_renew round4 noworker (1)
ag__harvest_collect_end round4 stage1 (1)
ag__harvest_feed round4 stage1 worker2 num4 num4 num0 (1)
ag__harvest_breed_end round4 stage1 (1)
ag__finish_stage stage1 stage2 round4 round5 act_improve (1)
build_fences boar worker2 worker1 worker2 round5 (60)
collect_animal boar act_sheep worker1 noworker worker2 round5 (60)
ag__finish_round_backhome round5 worker2 (1)
ag__finish_round_renew round5 noworker (1)
ag__advance_round_normal round5 round6 act_carrot (1)
collect_resource worker2 worker1 worker2 round6 act_stone stone (60)
improve_home worker1 noworker worker2 round6 fireplace (60)
ag__finish_round_backhome round6 worker2 (1)
ag__finish_round_renew round6 noworker (1)
ag__advance_round_normal round6 round7 act_boar (1)
collect_cook_animal boar act_boar worker2 worker1 worker2 round7 num0 num2 (60)
collect_cook_animal boar act_sheep worker1 noworker worker2 round7 num2 num4 (60)
ag__finish_round_backhome round7 worker2 (1)
ag__finish_round_renew round7 noworker (1)
ag__harvest_collect_end round7 stage2 (1)
ag__harvest_feed round7 stage2 worker2 num4 num4 num0 (1)
ag__harvest_breed_end round7 stage2 (1)
ag__finish_stage stage2 stage3 round7 round8 act_cattle (1)
build_fences boar worker2 worker1 worker2 round8 (60)
collect_animal boar act_sheep worker1 noworker worker2 round8 (60)
ag__finish_round_backhome round8 worker2 (1)
ag__finish_round_renew round8 noworker (1)
ag__advance_round_normal round8 round9 void (1)
collect_cook_animal boar act_cattle worker2 worker1 worker2 round9 num0 num2 (60)
collect_cook_animal boar act_sheep worker1 noworker worker2 round9 num2 num4 (60)
ag__finish_round_backhome round9 worker2 (1)
ag__finish_round_renew round9 noworker (1)
ag__harvest_collect_end round9 stage3 (1)
ag__harvest_feed round9 stage3 worker2 num4 num4 num0 (1)
ag__harvest_breed_end round9 stage3 (1)
ag__finish_stage stage3 stage4 round9 round10 void (1)
build_fences boar worker2 worker1 worker2 round10 (60)
collect_cook_animal boar act_sheep worker1 noworker worker2 round10 num0 num2 (60)
ag__finish_round_backhome round10 worker2 (1)
ag__finish_round_renew round10 noworker (1)
ag__advance_round_normal round10 round11 void (1)
build_fences boar worker2 worker1 worker2 round11 (60)
collect_cook_animal boar act_sheep worker1 noworker worker2 round11 num2 num4 (60)
ag__finish_round_backhome round11 worker2 (1)
ag__finish_round_renew round11 noworker (1)
ag__harvest_collect_end round11 stage4 (1)
ag__harvest_feed round11 stage4 worker2 num4 num4 num0 (1)
ag__harvest_breed_end round11 stage4 (1)
ag__finish_stage stage4 stage5 round11 round12 void (1)
build_fences boar worker2 worker1 worker2 round12 (60)
collect_cook_animal boar act_sheep worker1 noworker worker2 round12 num0 num2 (60)
ag__finish_round_backhome round12 worker2 (1)
ag__finish_round_renew round12 noworker (1)
ag__advance_round_normal round12 round13 void (1)
build_fences boar worker2 worker1 worker2 round13 (60)
collect_cook_animal boar act_sheep worker1 noworker worker2 round13 num2 num4 (60)
ag__finish_round_backhome round13 worker2 (1)
ag__finish_round_renew round13 noworker (1)
ag__harvest_collect_end round13 stage5 (1)
ag__harvest_feed round13 stage5 worker2 num4 num4 num0 (1)
ag__harvest_breed_end round13 stage5 (1)
Plan length: 79 step(s).
Plan cost: 1613
Bytes per state: 16
Search time: 152.65s
Total time: 154.523s
Solution found.
Peak memory: 404224 KB
Running single search parser
