INFO     Running translator.
INFO     translator input: ['domain.pddl', 'problem.pddl']
INFO     translator arguments: []
INFO     translator time limit: None
INFO     translator memory limit: None
INFO     callstring: /usr/bin/python /mnt/data_server/torralba/subdominization/training/data/training_satellite/code-70296b3db083/builds/release32/bin/translate/translate.py domain.pddl problem.pddl
Parsing...
Parsing: [0.000s CPU, 0.018s wall-clock]
Normalizing task... [0.000s CPU, 0.000s wall-clock]
Instantiating...
Generating Datalog program... [0.000s CPU, 0.001s wall-clock]
Normalizing Datalog program...
Normalizing Datalog program: [0.010s CPU, 0.006s wall-clock]
Preparing model... [0.000s CPU, 0.002s wall-clock]
Generated 31 rules.
Computing model... [0.010s CPU, 0.020s wall-clock]
596 relevant atoms
191 auxiliary atoms
787 final queue length
1180 total queue pushes
Completing instantiation... [0.030s CPU, 0.026s wall-clock]
Instantiating: [0.050s CPU, 0.062s wall-clock]
Computing fact groups...
Finding invariants...
12 initial candidates
Finding invariants: [0.000s CPU, 0.004s wall-clock]
Checking invariant weight... [0.000s CPU, 0.000s wall-clock]
Instantiating groups... [0.000s CPU, 0.000s wall-clock]
Collecting mutex groups... [0.000s CPU, 0.000s wall-clock]
Choosing groups...
33 uncovered facts
Choosing groups: [0.000s CPU, 0.000s wall-clock]
Building translation key... [0.000s CPU, 0.001s wall-clock]
Computing fact groups: [0.000s CPU, 0.007s wall-clock]
Building STRIPS to SAS dictionary... [0.000s CPU, 0.000s wall-clock]
Building dictionary for full mutex groups... [0.000s CPU, 0.000s wall-clock]
Building mutex information...
Building mutex information: [0.000s CPU, 0.000s wall-clock]
Translating task...
Processing axioms...
Simplifying axioms... [0.000s CPU, 0.000s wall-clock]
Processing axioms: [0.000s CPU, 0.001s wall-clock]
Translating task: [0.040s CPU, 0.028s wall-clock]
12 effect conditions simplified
0 implied preconditions added
Detecting unreachable propositions...
0 operators removed
0 axioms removed
3 propositions removed
Detecting unreachable propositions: [0.010s CPU, 0.015s wall-clock]
Translator variables: 36
Translator derived variables: 0
Translator facts: 99
Translator goal facts: 2
Translator mutex groups: 3
Translator total mutex groups size: 33
Translator operators: 420
Translator axioms: 0
Translator task size: 1601
Translator peak memory: 44908 KB
Writing output... [0.010s CPU, 0.023s wall-clock]
Done! [0.110s CPU, 0.156s wall-clock]
INFO     Running preprocessor (release32).
INFO     preprocessor input: output.sas
INFO     preprocessor arguments: []
INFO     preprocessor time limit: None
INFO     preprocessor memory limit: None
INFO     callstring: /mnt/data_server/torralba/subdominization/training/data/training_satellite/code-70296b3db083/builds/release32/bin/preprocess < output.sas
Building causal graph...
The causal graph is not acyclic.
2 variables of 36 necessary
0 of 3 mutex groups necessary.
220 of 420 operators necessary.
0 of 0 axiom rules necessary.
Initializing mutex computation...
Mutex computation initialized with 22 fluents.
iteration for mutex detection and operator pruning
Initialize m_index fw
Initialized mvalues forward: reached=4, notReached=260, spurious=220
Initialize m_ops fw
Computing mutexes...
Mutex computation finished with reached=264, notReached=0, spurious=220
0 operators are spurious because were not triggered
H^2 mutexes added fw: 0, unreachable: 0
0 of 220 operators detected as spurious
iteration for mutex detection and operator pruning
Initialize m_index bw
Init values regression
Initialized mvalues backward: reached=4, notReached=260, spurious=220
Initialize m_ops bw
Computing mutexes...
Mutex computation finished with reached=264, notReached=0, spurious=220
0 operators are spurious because were not triggered
H^2 mutexes added bw: 0, unreachable: 0
0 of 220 operators detected as spurious
Total mutex and disambiguation time: 0.0015 iterations: 2
0 of 0 mutex groups necessary.
220 of 220 operators necessary.
0 of 0 axiom rules necessary.
Change id of operators: 220
Change id of mutexes
Change id of goals
Change id of initial state
Remove unreachable facts from variables: 2
0 of 0 mutex groups necessary.
220 of 220 operators necessary.
0 of 0 axiom rules necessary.
Updating causal graph and pruning unnecessary facts
2 variables of 2 of 36 necessary
The causal graph is acyclic.
2 variables of 2 necessary
0 of 0 mutex groups necessary.
220 of 220 operators necessary.
0 of 0 axiom rules necessary.
Building domain transition graphs...
solveable in poly time 0
Building successor generator...
Preprocessor variables: 2
Preprocessor facts: 22
Preprocessor derived variables: 0
Preprocessor operators: 220
Preprocessor mutex groups: 0
Preprocessor task size: 686
Writing output...
Preprocessor time: 0.00917888s
Preprocessor peak memory: 2252 KB
done
INFO     Running search (release32).
INFO     search input: output
INFO     search arguments: ['--search', 'sbd(store_operators_in_optimal_plan=true, cost_type=1)']
INFO     search time limit: 3600s
INFO     search memory limit: 4096 MB
INFO     search executable: /mnt/data_server/torralba/subdominization/training/data/training_satellite/code-70296b3db083/builds/release32/bin/downward
INFO     callstring: /mnt/data_server/torralba/subdominization/training/data/training_satellite/code-70296b3db083/builds/release32/bin/downward --search 'sbd(store_operators_in_optimal_plan=true, cost_type=1)' --internal-plan-file sas_plan < output
time limit 3600.00 -> (3600, 3601)
reading input... [t=0.000144654s]
done reading input! [t=0.00171456s]
packing state variables...done! [t=0.00172646s]
Variables: 2
FactPairs: 22
Bytes per state: 4
Building successor generator...done! [t=0.00183671s]
done initalizing global data [t=0.00184154s]
TR(time=60000, nodes=100000)
Mutex(time=60000, nodes=100000, type=edeletion)
Aux(time=2000, nodes=1000000)
Disj(nodes=2147483647)
Estimation: min_time(1000) time_penalty +(1000)*(2) nodes_penalty +(1000)*(2)
MaxStep(time=30000, nodes=100000000, nodes_per_planning_second=100)
Ratio useful: 0
   Min alloted time: 60000 nodes: 10000000
   Max alloted time: 60000 nodes: 15000000
   Mult alloted time: 2 nodes: 2
   Ratio after relax: 0.8
building causal graph...done! [t=2.1022e-05s]
Sym variable order: 0 1 
Initializing Symbolic Variables
Num variables: 2 => 8
Initialize Symbolic Manager(16, 1000000, 16000000, 0)
Generating binary variables
Symbolic Variables... Done.
BOUND: 1 < 2147483647, total time: 0.220644s
BOUND: 2 < 2147483647, total time: 0.220772s
Solution found with cost 2 total time: 0.220849s
Merging: 1
1 0.221877 1 15
Merging: 1
1 0.223053 1 15
BOUND: 2 < 2, total time: 0.223651s
Actual search time: 0.00316534s [t=0.223843s]
turn_to satellite1 groundstation8 groundstation5 (1)
turn_to satellite2 star2 groundstation0 (1)
Plan length: 2 step(s).
Plan cost: 2
Bytes per state: 4
Search time: 0.00599073s
Total time: 0.223854s
Solution found.
Peak memory: 212652 KB
Running single search parser
