INFO     Running translator.
INFO     translator input: ['domain.pddl', 'problem.pddl']
INFO     translator arguments: []
INFO     translator time limit: None
INFO     translator memory limit: None
INFO     callstring: /usr/bin/python /mnt/data_server/torralba/subdominization/training/data/training_satellite/code-70296b3db083/builds/release32/bin/translate/translate.py domain.pddl problem.pddl
Parsing...
Parsing: [0.000s CPU, 0.017s wall-clock]
Normalizing task... [0.010s CPU, 0.000s wall-clock]
Instantiating...
Generating Datalog program... [0.000s CPU, 0.001s wall-clock]
Normalizing Datalog program...
Normalizing Datalog program: [0.000s CPU, 0.199s wall-clock]
Preparing model... [0.000s CPU, 0.003s wall-clock]
Generated 31 rules.
Computing model... [0.050s CPU, 0.047s wall-clock]
1576 relevant atoms
486 auxiliary atoms
2062 final queue length
3263 total queue pushes
Completing instantiation... [0.080s CPU, 0.069s wall-clock]
Instantiating: [0.130s CPU, 0.435s wall-clock]
Computing fact groups...
Finding invariants...
12 initial candidates
Finding invariants: [0.000s CPU, 0.003s wall-clock]
Checking invariant weight... [0.000s CPU, 0.000s wall-clock]
Instantiating groups... [0.000s CPU, 0.000s wall-clock]
Collecting mutex groups... [0.000s CPU, 0.000s wall-clock]
Choosing groups...
54 uncovered facts
Choosing groups: [0.000s CPU, 0.000s wall-clock]
Building translation key... [0.010s CPU, 0.001s wall-clock]
Computing fact groups: [0.010s CPU, 0.007s wall-clock]
Building STRIPS to SAS dictionary... [0.000s CPU, 0.000s wall-clock]
Building dictionary for full mutex groups... [0.000s CPU, 0.000s wall-clock]
Building mutex information...
Building mutex information: [0.000s CPU, 0.000s wall-clock]
Translating task...
Processing axioms...
Simplifying axioms... [0.000s CPU, 0.000s wall-clock]
Processing axioms: [0.000s CPU, 0.003s wall-clock]
Translating task: [0.070s CPU, 0.071s wall-clock]
27 effect conditions simplified
0 implied preconditions added
Detecting unreachable propositions...
0 operators removed
0 axioms removed
4 propositions removed
Detecting unreachable propositions: [0.040s CPU, 0.041s wall-clock]
Translator variables: 58
Translator derived variables: 0
Translator facts: 172
Translator goal facts: 3
Translator mutex groups: 4
Translator total mutex groups size: 64
Translator operators: 1247
Translator axioms: 0
Translator task size: 4574
Translator peak memory: 48852 KB
Writing output... [0.010s CPU, 0.048s wall-clock]
Done! [0.270s CPU, 0.623s wall-clock]
INFO     Running preprocessor (release32).
INFO     preprocessor input: output.sas
INFO     preprocessor arguments: []
INFO     preprocessor time limit: None
INFO     preprocessor memory limit: None
INFO     callstring: /mnt/data_server/torralba/subdominization/training/data/training_satellite/code-70296b3db083/builds/release32/bin/preprocess < output.sas
Building causal graph...
The causal graph is not acyclic.
25 variables of 58 necessary
0 of 4 mutex groups necessary.
1007 of 1247 operators necessary.
0 of 0 axiom rules necessary.
Initializing mutex computation...
Mutex computation initialized with 106 fluents.
iteration for mutex detection and operator pruning
Initialize m_index fw
Initialized mvalues forward: reached=625, notReached=9609, spurious=1002
Initialize m_ops fw
Computing mutexes...
Mutex computation finished with reached=10194, notReached=40, spurious=1002
0 operators are spurious because were not triggered
H^2 mutexes added fw: 40, unreachable: 0
0 of 1007 operators detected as spurious
iteration for mutex detection and operator pruning
Initialize m_index bw
Init values regression
Initialized mvalues backward: reached=5065, notReached=5129, spurious=1042
Initialize m_ops bw
Computing mutexes...
Mutex computation finished with reached=10194, notReached=0, spurious=1042
0 operators are spurious because were not triggered
H^2 mutexes added bw: 0, unreachable: 0
0 of 1007 operators detected as spurious
Total mutex and disambiguation time: 0.036168 iterations: 2
20 of 20 mutex groups necessary.
1007 of 1007 operators necessary.
0 of 0 axiom rules necessary.
Change id of operators: 1007
Change id of mutexes
Change id of goals
Change id of initial state
Remove unreachable facts from variables: 25
20 of 20 mutex groups necessary.
1007 of 1007 operators necessary.
0 of 0 axiom rules necessary.
Updating causal graph and pruning unnecessary facts
25 variables of 25 of 58 necessary
The causal graph is not acyclic.
25 variables of 25 necessary
20 of 20 mutex groups necessary.
1007 of 1007 operators necessary.
0 of 0 axiom rules necessary.
Building domain transition graphs...
solveable in poly time 0
Building successor generator...
Preprocessor variables: 25
Preprocessor facts: 106
Preprocessor derived variables: 0
Preprocessor operators: 1007
Preprocessor mutex groups: 20
Preprocessor task size: 3256
Writing output...
Preprocessor time: 0.0656422s
Preprocessor peak memory: 2628 KB
done
INFO     Running search (release32).
INFO     search input: output
INFO     search arguments: ['--search', 'sbd(store_operators_in_optimal_plan=true, cost_type=1)']
INFO     search time limit: 3600s
INFO     search memory limit: 4096 MB
INFO     search executable: /mnt/data_server/torralba/subdominization/training/data/training_satellite/code-70296b3db083/builds/release32/bin/downward
INFO     callstring: /mnt/data_server/torralba/subdominization/training/data/training_satellite/code-70296b3db083/builds/release32/bin/downward --search 'sbd(store_operators_in_optimal_plan=true, cost_type=1)' --internal-plan-file sas_plan < output
time limit 3600.00 -> (3600, 3601)
reading input... [t=0.000131036s]
done reading input! [t=0.00720463s]
packing state variables...done! [t=0.00723064s]
Variables: 25
FactPairs: 106
Bytes per state: 8
Building successor generator...done! [t=0.00784977s]
done initalizing global data [t=0.00785757s]
TR(time=60000, nodes=100000)
Mutex(time=60000, nodes=100000, type=edeletion)
Aux(time=2000, nodes=1000000)
Disj(nodes=2147483647)
Estimation: min_time(1000) time_penalty +(1000)*(2) nodes_penalty +(1000)*(2)
MaxStep(time=30000, nodes=100000000, nodes_per_planning_second=100)
Ratio useful: 0
   Min alloted time: 60000 nodes: 10000000
   Max alloted time: 60000 nodes: 15000000
   Mult alloted time: 2 nodes: 2
   Ratio after relax: 0.8
building causal graph...done! [t=0.000149155s]
Sym variable order: 7 13 8 9 1 12 15 14 10 17 2 16 24 11 3 22 20 23 19 21 0 6 5 18 4 
Initializing Symbolic Variables
Num variables: 25 => 37
Initialize Symbolic Manager(74, 216216, 16000000, 0)
Generating binary variables
Symbolic Variables... Done.
BOUND: 1 < 2147483647, total time: 0.462738s
BOUND: 2 < 2147483647, total time: 0.463059s
BOUND: 3 < 2147483647, total time: 0.463515s
BOUND: 4 < 2147483647, total time: 0.464208s
BOUND: 5 < 2147483647, total time: 0.464729s
BOUND: 6 < 2147483647, total time: 0.465435s
Solution found with cost 6 total time: 0.466418s
Merging: 1
3 0.477556 1 117
Merging: 8
2 0.50764 1 107
Merging: 6
1 0.529483 1 69
Merging: 1
3 0.544073 1 117
Merging: 8
2 0.557745 1 116
Merging: 6
1 0.566966 1 106
BOUND: 6 < 6, total time: 0.574755s
Actual search time: 0.112286s [t=0.575069s]
turn_to satellite0 groundstation14 star7 (1)
switch_on instrument4 satellite2 (1)
calibrate satellite2 instrument4 star7 (1)
turn_to satellite1 groundstation14 star7 (1)
turn_to satellite2 phenomenon15 star7 (1)
take_image satellite2 phenomenon15 instrument4 image0 (1)
Plan length: 6 step(s).
Plan cost: 6
Bytes per state: 8
Search time: 0.129293s
Total time: 0.575082s
Solution found.
Peak memory: 221416 KB
Running single search parser
