INFO     Running translator.
INFO     translator input: ['domain.pddl', 'problem.pddl']
INFO     translator arguments: []
INFO     translator time limit: None
INFO     translator memory limit: None
INFO     callstring: /usr/bin/python /mnt/data_server/torralba/subdominization/training/data/training_agricola/code-70296b3db083/builds/release32/bin/translate/translate.py domain.pddl problem.pddl
Parsing...
Parsing: [0.020s CPU, 0.039s wall-clock]
Normalizing task... [0.000s CPU, 0.001s wall-clock]
Instantiating...
Generating Datalog program... [0.010s CPU, 0.005s wall-clock]
Normalizing Datalog program...
Normalizing Datalog program: [0.020s CPU, 0.033s wall-clock]
Preparing model... [0.010s CPU, 0.016s wall-clock]
Generated 258 rules.
Computing model... [0.970s CPU, 0.974s wall-clock]
24375 relevant atoms
1408 auxiliary atoms
25783 final queue length
91247 total queue pushes
Completing instantiation... [5.130s CPU, 5.168s wall-clock]
Instantiating: [6.160s CPU, 6.383s wall-clock]
Computing fact groups...
Finding invariants...
44 initial candidates
Finding invariants: [0.120s CPU, 0.124s wall-clock]
Checking invariant weight... [0.000s CPU, 0.000s wall-clock]
Instantiating groups... [0.000s CPU, 0.002s wall-clock]
Collecting mutex groups... [0.000s CPU, 0.000s wall-clock]
Choosing groups...
104 uncovered facts
Choosing groups: [0.000s CPU, 0.000s wall-clock]
Building translation key... [0.000s CPU, 0.001s wall-clock]
Computing fact groups: [0.120s CPU, 0.130s wall-clock]
Building STRIPS to SAS dictionary... [0.010s CPU, 0.000s wall-clock]
Building dictionary for full mutex groups... [0.000s CPU, 0.000s wall-clock]
Building mutex information...
Building mutex information: [0.000s CPU, 0.000s wall-clock]
Translating task...
Processing axioms...
Simplifying axioms... [0.000s CPU, 0.000s wall-clock]
Processing axioms: [0.170s CPU, 0.176s wall-clock]
Translating task: [3.770s CPU, 3.794s wall-clock]
25471 effect conditions simplified
0 implied preconditions added
Detecting unreachable propositions...
0 operators removed
0 axioms removed
34 propositions removed
Detecting unreachable propositions: [2.220s CPU, 2.229s wall-clock]
Translator variables: 99
Translator derived variables: 0
Translator facts: 221
Translator goal facts: 1
Translator mutex groups: 6
Translator total mutex groups size: 35
Translator operators: 23763
Translator axioms: 0
Translator task size: 267317
Translator peak memory: 289248 KB
Writing output... [0.550s CPU, 0.706s wall-clock]
Done! [12.970s CPU, 13.405s wall-clock]
INFO     Running preprocessor (release32).
INFO     preprocessor input: output.sas
INFO     preprocessor arguments: []
INFO     preprocessor time limit: None
INFO     preprocessor memory limit: None
INFO     callstring: /mnt/data_server/torralba/subdominization/training/data/training_agricola/code-70296b3db083/builds/release32/bin/preprocess < output.sas
Building causal graph...
The causal graph is not acyclic.
93 variables of 99 necessary
0 of 6 mutex groups necessary.
23763 of 23763 operators necessary.
0 of 0 axiom rules necessary.
Initializing mutex computation...
Mutex computation initialized with 209 fluents.
iteration for mutex detection and operator pruning
Initialize m_index fw
Initialized mvalues forward: reached=8649, notReached=34536, spurious=496
Initialize m_ops fw
Computing mutexes...
Mutex computation finished with reached=38329, notReached=4856, spurious=496
17229 operators are spurious because were not triggered
Unreachable proposition: Atom harvest_phase(stage4, harvest_feeding)
Unreachable proposition: Atom harvest_phase(stage4, harvest_breeding)
H^2 mutexes added fw: 4028, unreachable: 2
0 of 6534 operators detected as spurious
iteration for mutex detection and operator pruning
Initialize m_index bw
Init values regression
Initialized mvalues backward: reached=25425, notReached=12904, spurious=5352
Initialize m_ops bw
Computing mutexes...
Mutex computation finished with reached=38311, notReached=18, spurious=5352
0 operators are spurious because were not triggered
H^2 mutexes added bw: 18, unreachable: 0
0 of 6534 operators detected as spurious
iteration for mutex detection and operator pruning
Initialize m_index fw
Initialized mvalues forward: reached=8649, notReached=29662, spurious=5370
Initialize m_ops fw
Computing mutexes...
Mutex computation finished with reached=38311, notReached=0, spurious=5370
0 operators are spurious because were not triggered
H^2 mutexes added fw: 0, unreachable: 0
0 of 6534 operators detected as spurious
Total mutex and disambiguation time: 3.21165 iterations: 3
2023 of 2023 mutex groups necessary.
6534 of 23763 operators necessary.
0 of 0 axiom rules necessary.
Change id of operators: 6534
Change id of mutexes
Change id of goals
Change id of initial state
Remove unreachable facts from variables: 93
2023 of 2023 mutex groups necessary.
6534 of 6534 operators necessary.
0 of 0 axiom rules necessary.
Updating causal graph and pruning unnecessary facts
91 variables of 93 of 99 necessary
The causal graph is not acyclic.
90 variables of 91 necessary
1972 of 2023 mutex groups necessary.
6534 of 6534 operators necessary.
0 of 0 axiom rules necessary.
Building domain transition graphs...
solveable in poly time 0
Building successor generator...
Preprocessor variables: 90
Preprocessor facts: 203
Preprocessor derived variables: 0
Preprocessor operators: 6534
Preprocessor mutex groups: 1972
Preprocessor task size: 71903
Writing output...
Preprocessor time: 4.05237s
Preprocessor peak memory: 55836 KB
done
INFO     Running search (release32).
INFO     search input: output
INFO     search arguments: ['--search', 'sbw(store_operators_in_optimal_plan=true, cost_type=1)']
INFO     search time limit: 3600s
INFO     search memory limit: 4096 MB
INFO     search executable: /mnt/data_server/torralba/subdominization/training/data/training_agricola/code-70296b3db083/builds/release32/bin/downward
INFO     callstring: /mnt/data_server/torralba/subdominization/training/data/training_agricola/code-70296b3db083/builds/release32/bin/downward --search 'sbw(store_operators_in_optimal_plan=true, cost_type=1)' --internal-plan-file sas_plan < output
time limit 3600.00 -> (3600, 3601)
reading input... [t=0.000185924s]
done reading input! [t=0.10708s]
packing state variables...done! [t=0.10712s]
Variables: 90
FactPairs: 203
Bytes per state: 16
Building successor generator...done! [t=0.140054s]
done initalizing global data [t=0.140067s]
TR(time=60000, nodes=100000)
Mutex(time=60000, nodes=100000, type=edeletion)
Aux(time=2000, nodes=1000000)
Disj(nodes=2147483647)
Estimation: min_time(1000) time_penalty +(1000)*(2) nodes_penalty +(1000)*(2)
MaxStep(time=30000, nodes=100000000, nodes_per_planning_second=100)
Ratio useful: 0
   Min alloted time: 60000 nodes: 10000000
   Max alloted time: 60000 nodes: 15000000
   Mult alloted time: 2 nodes: 2
   Ratio after relax: 0.8
building causal graph...done! [t=0.0107475s]
Sym variable order: 89 6 7 50 43 51 42 48 49 78 77 76 20 1 8 0 11 10 5 4 84 55 85 82 81 80 88 56 70 69 62 64 54 60 53 25 52 24 27 61 34 63 39 29 41 32 33 31 74 17 87 26 73 14 9 65 66 86 71 68 57 58 59 67 72 83 46 44 47 45 75 79 36 37 28 40 38 30 35 22 18 12 15 21 13 23 16 19 3 2 
Initializing Symbolic Variables
Num variables: 90 => 100
Initialize Symbolic Manager(200, 80000, 16000000, 0)
Generating binary variables
Symbolic Variables... Done.
BOUND: 1 < 2147483647, total time: 2.23781s
BOUND: 2 < 2147483647, total time: 2.25917s
BOUND: 3 < 2147483647, total time: 2.26251s
BOUND: 4 < 2147483647, total time: 2.26526s
BOUND: 5 < 2147483647, total time: 2.27019s
BOUND: 6 < 2147483647, total time: 2.2808s
BOUND: 7 < 2147483647, total time: 2.30171s
BOUND: 8 < 2147483647, total time: 2.42895s
BOUND: 9 < 2147483647, total time: 2.81797s
BOUND: 10 < 2147483647, total time: 3.46038s
BOUND: 11 < 2147483647, total time: 4.10425s
BOUND: 12 < 2147483647, total time: 4.54361s
BOUND: 13 < 2147483647, total time: 4.78332s
BOUND: 14 < 2147483647, total time: 4.97437s
BOUND: 15 < 2147483647, total time: 5.30594s
BOUND: 16 < 2147483647, total time: 5.79568s
BOUND: 17 < 2147483647, total time: 6.32902s
BOUND: 18 < 2147483647, total time: 6.75958s
BOUND: 19 < 2147483647, total time: 6.95472s
BOUND: 20 < 2147483647, total time: 7.01068s
BOUND: 21 < 2147483647, total time: 7.07002s
BOUND: 22 < 2147483647, total time: 7.15849s
BOUND: 23 < 2147483647, total time: 7.25967s
BOUND: 24 < 2147483647, total time: 7.38962s
BOUND: 25 < 2147483647, total time: 7.58643s
BOUND: 26 < 2147483647, total time: 7.81031s
BOUND: 27 < 2147483647, total time: 7.99978s
BOUND: 28 < 2147483647, total time: 8.13729s
BOUND: 29 < 2147483647, total time: 8.24725s
BOUND: 30 < 2147483647, total time: 8.33314s
BOUND: 31 < 2147483647, total time: 8.405s
BOUND: 32 < 2147483647, total time: 8.45332s
BOUND: 33 < 2147483647, total time: 8.49239s
BOUND: 34 < 2147483647, total time: 8.53529s
BOUND: 35 < 2147483647, total time: 8.58094s
BOUND: 36 < 2147483647, total time: 8.63164s
BOUND: 37 < 2147483647, total time: 8.65955s
BOUND: 38 < 2147483647, total time: 8.67378s
BOUND: 39 < 2147483647, total time: 8.69382s
BOUND: 40 < 2147483647, total time: 8.72114s
BOUND: 41 < 2147483647, total time: 8.73942s
BOUND: 42 < 2147483647, total time: 8.75007s
BOUND: 43 < 2147483647, total time: 8.75972s
BOUND: 44 < 2147483647, total time: 8.77614s
BOUND: 45 < 2147483647, total time: 8.79337s
BOUND: 46 < 2147483647, total time: 8.80208s
BOUND: 47 < 2147483647, total time: 8.80557s
BOUND: 48 < 2147483647, total time: 8.80751s
BOUND: 49 < 2147483647, total time: 8.8107s
BOUND: 50 < 2147483647, total time: 8.81231s
BOUND: 51 < 2147483647, total time: 8.81328s
BOUND: 52 < 2147483647, total time: 8.81426s
BOUND: 53 < 2147483647, total time: 8.81586s
Solution found with cost 53 total time: 8.81841s
Merging: 1
53 9.27234 1 101
Merging: 8
52 9.29132 1 328
Merging: 8
51 9.31984 1 769
Merging: 1
50 9.35237 1 769
Merging: 5
49 9.38434 1 157
Merging: 1
48 9.41054 1 157
Merging: 13
47 9.43989 1 1512
Merging: 13
46 9.49542 1 3202
Merging: 1
45 9.55253 1 3202
Merging: 5
44 9.60972 1 300
Merging: 1
43 9.6459 1 300
Merging: 17
42 9.68685 1 3711
Merging: 20
41 9.80989 1 5682
Merging: 1
40 9.93462 1 5682
Merging: 5
39 10.0574 1 535
Merging: 1
38 10.1156 1 535
Merging: 20
37 10.1877 1 10009
Merging: 20
36 10.5028 1 13399
Merging: 1
35 10.7653 1 13399
Merging: 5
34 11.0233 1 717
Merging: 1
33 11.0969 1 717
Merging: 5
32 11.1223 1 680
Merging: 1
31 11.1566 1 680
Merging: 1
30 11.1841 1 680
Merging: 20
29 11.2768 1 15021
Merging: 20
28 11.8388 1 19256
Merging: 1
27 12.281 1 19256
Merging: 5
26 12.667 1 780
Merging: 1
25 12.756 1 780
Merging: 23
24 12.8811 1 19705
Merging: 23
23 13.7596 1 27144
Merging: 1
22 14.5241 1 27144
Merging: 5
21 15.2763 1 907
Merging: 1
20 15.4036 1 907
Merging: 26
19 15.5753 1 33258
Merging: 26
18 17.2094 1 42190
Merging: 1
17 18.7073 1 42190
Merging: 5
16 19.9996 1 974
Merging: 1
15 20.1372 1 974
Merging: 5
14 20.1768 1 953
Merging: 1
13 20.2319 1 953
Merging: 1
12 20.2743 1 953
Merging: 28
11 20.5858 1 24185
Merging: 55
10 22.0311 1 36721
Merging: 1
9 23.5174 1 36721
Merging: 5
8 24.8689 1 1210
Merging: 1
7 25.0359 1 1210
Merging: 82
6 25.3341 1 48896
Merging: 82
5 28.7609 1 64361
Merging: 2
4 30.8467 1 63981
Merging: 5
3 32.8344 1 1328
Merging: 1
2 33.0163 1 1328
Merging: 10
1 33.0555 1 1245
BOUND: 53 < 53, total time: 33.1376s
Actual search time: 30.9025s [t=33.1404s]
collect_resource worker2 worker1 worker2 round1 act_clay clay (60)
collect_resource worker1 noworker worker2 round1 act_reed reed (60)
ag__finish_round_backhome round1 worker2 (1)
ag__finish_round_renew round1 noworker (1)
ag__advance_round_normal round1 round2 act_sheep (1)
collect_resource worker2 worker1 worker2 round2 act_clay clay (60)
collect_resource worker1 noworker worker2 round2 act_reed reed (60)
ag__finish_round_backhome round2 worker2 (1)
ag__finish_round_renew round2 noworker (1)
ag__advance_round_normal round2 round3 act_fences (1)
build_fences boar worker2 worker1 worker2 round3 (60)
take_food worker1 noworker worker2 round3 num3 num4 (60)
ag__finish_round_backhome round3 worker2 (1)
ag__finish_round_renew round3 noworker (1)
ag__advance_round_normal round3 round4 act_family (1)
build_fences boar worker2 worker1 worker2 round4 (60)
take_food worker1 noworker worker2 round4 num4 num5 (60)
ag__finish_round_backhome round4 worker2 (1)
ag__finish_round_renew round4 noworker (1)
ag__harvest_collect_end round4 stage1 (1)
ag__harvest_feed round4 stage1 worker2 num5 num4 num1 (1)
ag__harvest_breed_end round4 stage1 (1)
ag__finish_stage stage1 stage2 round4 round5 act_carrot (1)
build_fences boar worker2 worker1 worker2 round5 (60)
take_food worker1 noworker worker2 round5 num1 num2 (60)
ag__finish_round_backhome round5 worker2 (1)
ag__finish_round_renew round5 noworker (1)
ag__advance_round_normal round5 round6 act_cattle (1)
build_fences boar worker2 worker1 worker2 round6 (60)
take_food worker1 noworker worker2 round6 num2 num3 (60)
ag__finish_round_backhome round6 worker2 (1)
ag__finish_round_renew round6 noworker (1)
ag__advance_round_normal round6 round7 act_boar (1)
build_fences boar worker2 worker1 worker2 round7 (60)
take_food worker1 noworker worker2 round7 num3 num4 (60)
ag__finish_round_backhome round7 worker2 (1)
ag__finish_round_renew round7 noworker (1)
ag__harvest_collect_end round7 stage2 (1)
ag__harvest_feed round7 stage2 worker2 num4 num4 num0 (1)
ag__harvest_breed_end round7 stage2 (1)
ag__finish_stage stage2 stage3 round7 round8 act_improve (1)
collect_resource worker2 worker1 worker2 round8 act_stone stone (60)
improve_home worker1 noworker worker2 round8 fireplace (60)
ag__finish_round_backhome round8 worker2 (1)
ag__finish_round_renew round8 noworker (1)
ag__advance_round_normal round8 round9 void (1)
collect_cook_animal boar act_boar worker2 worker1 worker2 round9 num0 num2 (60)
collect_cook_animal boar act_cattle worker1 noworker worker2 round9 num2 num4 (60)
ag__finish_round_backhome round9 worker2 (1)
ag__finish_round_renew round9 noworker (1)
ag__harvest_collect_end round9 stage3 (1)
ag__harvest_feed round9 stage3 worker2 num4 num4 num0 (1)
ag__harvest_breed_end round9 stage3 (1)
Plan length: 53 step(s).
Plan cost: 1115
Bytes per state: 16
Search time: 31.6873s
Total time: 33.1404s
Solution found.
Peak memory: 443084 KB
Running single search parser
