INFO     Running translator.
INFO     translator input: ['domain.pddl', 'problem.pddl']
INFO     translator arguments: []
INFO     translator time limit: None
INFO     translator memory limit: None
INFO     callstring: /usr/bin/python /mnt/data_server/torralba/subdominization/training/data/training_satellite/code-70296b3db083/builds/release32/bin/translate/translate.py domain.pddl problem.pddl
Parsing...
Parsing: [0.010s CPU, 0.018s wall-clock]
Normalizing task... [0.000s CPU, 0.000s wall-clock]
Instantiating...
Generating Datalog program... [0.000s CPU, 0.001s wall-clock]
Normalizing Datalog program...
Normalizing Datalog program: [0.020s CPU, 0.072s wall-clock]
Preparing model... [0.000s CPU, 0.003s wall-clock]
Generated 31 rules.
Computing model... [0.050s CPU, 0.048s wall-clock]
1762 relevant atoms
447 auxiliary atoms
2209 final queue length
3559 total queue pushes
Completing instantiation... [0.080s CPU, 0.078s wall-clock]
Instantiating: [0.150s CPU, 0.228s wall-clock]
Computing fact groups...
Finding invariants...
12 initial candidates
Finding invariants: [0.000s CPU, 0.003s wall-clock]
Checking invariant weight... [0.000s CPU, 0.000s wall-clock]
Instantiating groups... [0.000s CPU, 0.000s wall-clock]
Collecting mutex groups... [0.000s CPU, 0.000s wall-clock]
Choosing groups...
71 uncovered facts
Choosing groups: [0.000s CPU, 0.000s wall-clock]
Building translation key... [0.000s CPU, 0.001s wall-clock]
Computing fact groups: [0.000s CPU, 0.007s wall-clock]
Building STRIPS to SAS dictionary... [0.000s CPU, 0.000s wall-clock]
Building dictionary for full mutex groups... [0.000s CPU, 0.000s wall-clock]
Building mutex information...
Building mutex information: [0.000s CPU, 0.000s wall-clock]
Translating task...
Processing axioms...
Simplifying axioms... [0.000s CPU, 0.000s wall-clock]
Processing axioms: [0.010s CPU, 0.004s wall-clock]
Translating task: [0.080s CPU, 0.081s wall-clock]
24 effect conditions simplified
0 implied preconditions added
Detecting unreachable propositions...
0 operators removed
0 axioms removed
4 propositions removed
Detecting unreachable propositions: [0.050s CPU, 0.046s wall-clock]
Translator variables: 75
Translator derived variables: 0
Translator facts: 210
Translator goal facts: 7
Translator mutex groups: 4
Translator total mutex groups size: 68
Translator operators: 1413
Translator axioms: 0
Translator task size: 5221
Translator peak memory: 49780 KB
Writing output... [0.020s CPU, 0.110s wall-clock]
Done! [0.310s CPU, 0.494s wall-clock]
INFO     Running preprocessor (release32).
INFO     preprocessor input: output.sas
INFO     preprocessor arguments: []
INFO     preprocessor time limit: None
INFO     preprocessor memory limit: None
INFO     callstring: /mnt/data_server/torralba/subdominization/training/data/training_satellite/code-70296b3db083/builds/release32/bin/preprocess < output.sas
Building causal graph...
The causal graph is not acyclic.
31 variables of 75 necessary
0 of 4 mutex groups necessary.
1163 of 1413 operators necessary.
0 of 0 axiom rules necessary.
Initializing mutex computation...
Mutex computation initialized with 122 fluents.
iteration for mutex detection and operator pruning
Initialize m_index fw
Initialized mvalues forward: reached=961, notReached=12781, spurious=1142
Initialize m_ops fw
Computing mutexes...
Mutex computation finished with reached=13710, notReached=32, spurious=1142
0 operators are spurious because were not triggered
H^2 mutexes added fw: 32, unreachable: 0
0 of 1163 operators detected as spurious
iteration for mutex detection and operator pruning
Initialize m_index bw
Init values regression
Initialized mvalues backward: reached=12065, notReached=1645, spurious=1174
Initialize m_ops bw
Computing mutexes...
Mutex computation finished with reached=13710, notReached=0, spurious=1174
0 operators are spurious because were not triggered
H^2 mutexes added bw: 0, unreachable: 0
0 of 1163 operators detected as spurious
Total mutex and disambiguation time: 0.047559 iterations: 2
16 of 16 mutex groups necessary.
1163 of 1163 operators necessary.
0 of 0 axiom rules necessary.
Change id of operators: 1163
Change id of mutexes
Change id of goals
Change id of initial state
Remove unreachable facts from variables: 31
16 of 16 mutex groups necessary.
1163 of 1163 operators necessary.
0 of 0 axiom rules necessary.
Updating causal graph and pruning unnecessary facts
31 variables of 31 of 75 necessary
The causal graph is not acyclic.
31 variables of 31 necessary
16 of 16 mutex groups necessary.
1163 of 1163 operators necessary.
0 of 0 axiom rules necessary.
Building domain transition graphs...
solveable in poly time 0
Building successor generator...
Preprocessor variables: 31
Preprocessor facts: 122
Preprocessor derived variables: 0
Preprocessor operators: 1163
Preprocessor mutex groups: 16
Preprocessor task size: 3803
Writing output...
Preprocessor time: 0.0827936s
Preprocessor peak memory: 2752 KB
done
INFO     Running search (release32).
INFO     search input: output
INFO     search arguments: ['--search', 'sbd(store_operators_in_optimal_plan=true, cost_type=1)']
INFO     search time limit: 3600s
INFO     search memory limit: 4096 MB
INFO     search executable: /mnt/data_server/torralba/subdominization/training/data/training_satellite/code-70296b3db083/builds/release32/bin/downward
INFO     callstring: /mnt/data_server/torralba/subdominization/training/data/training_satellite/code-70296b3db083/builds/release32/bin/downward --search 'sbd(store_operators_in_optimal_plan=true, cost_type=1)' --internal-plan-file sas_plan < output
time limit 3600.00 -> (3600, 3601)
reading input... [t=0.000167154s]
done reading input! [t=0.0086689s]
packing state variables...done! [t=0.00868409s]
Variables: 31
FactPairs: 122
Bytes per state: 8
Building successor generator...done! [t=0.00945575s]
done initalizing global data [t=0.00946362s]
TR(time=60000, nodes=100000)
Mutex(time=60000, nodes=100000, type=edeletion)
Aux(time=2000, nodes=1000000)
Disj(nodes=2147483647)
Estimation: min_time(1000) time_penalty +(1000)*(2) nodes_penalty +(1000)*(2)
MaxStep(time=30000, nodes=100000000, nodes_per_planning_second=100)
Ratio useful: 0
   Min alloted time: 60000 nodes: 10000000
   Max alloted time: 60000 nodes: 15000000
   Mult alloted time: 2 nodes: 2
   Ratio after relax: 0.8
building causal graph...done! [t=0.000216077s]
Sym variable order: 4 7 10 13 5 6 0 9 22 23 21 24 11 1 12 8 14 20 28 2 18 16 30 29 17 3 19 27 26 15 25 
Initializing Symbolic Variables
Num variables: 31 => 47
Initialize Symbolic Manager(94, 170212, 16000000, 0)
Generating binary variables
Symbolic Variables... Done.
BOUND: 1 < 2147483647, total time: 0.633397s
BOUND: 2 < 2147483647, total time: 0.633835s
BOUND: 3 < 2147483647, total time: 0.635448s
BOUND: 4 < 2147483647, total time: 0.636159s
BOUND: 5 < 2147483647, total time: 0.637325s
BOUND: 6 < 2147483647, total time: 0.639018s
BOUND: 7 < 2147483647, total time: 0.646306s
BOUND: 8 < 2147483647, total time: 0.649596s
BOUND: 9 < 2147483647, total time: 0.655793s
BOUND: 10 < 2147483647, total time: 0.674898s
BOUND: 11 < 2147483647, total time: 0.687611s
BOUND: 12 < 2147483647, total time: 0.722377s
BOUND: 13 < 2147483647, total time: 0.748299s
BOUND: 14 < 2147483647, total time: 0.805069s
BOUND: 15 < 2147483647, total time: 0.857655s
BOUND: 16 < 2147483647, total time: 0.934747s
BOUND: 17 < 2147483647, total time: 1.03649s
Solution found with cost 17 total time: 1.12487s
Merging: 1
10 1.24123 1 614
Merging: 84
9 1.43691 1 618
Merging: 21
8 1.64022 1 498
Merging: 84
7 1.78692 1 485
Merging: 21
6 1.92562 1 285
Merging: 84
5 2.00749 1 261
Merging: 21
4 2.07763 1 94
Merging: 42
3 2.10387 1 96
Merging: 6
2 2.1304 1 96
Merging: 9
1 2.1569 1 98
Merging: 1
7 2.18769 1 614
Merging: 21
6 2.28261 1 614
Merging: 84
5 2.37215 1 618
Merging: 21
4 2.44564 1 498
Merging: 84
3 2.50557 1 485
Merging: 21
2 2.56196 1 285
Merging: 84
1 2.59732 1 261
BOUND: 17 < 17, total time: 2.62738s
Actual search time: 2.00429s [t=2.63775s]
turn_to satellite1 groundstation6 groundstation5 (1)
switch_on instrument2 satellite1 (1)
calibrate satellite1 instrument2 groundstation6 (1)
turn_to satellite1 planet11 groundstation6 (1)
take_image satellite1 planet11 instrument2 image2 (1)
turn_to satellite1 phenomenon16 planet11 (1)
take_image satellite1 phenomenon16 instrument2 thermograph1 (1)
turn_to satellite1 phenomenon15 phenomenon16 (1)
take_image satellite1 phenomenon15 instrument2 image2 (1)
turn_to satellite1 phenomenon10 phenomenon15 (1)
take_image satellite1 phenomenon10 instrument2 thermograph1 (1)
turn_to satellite1 planet12 phenomenon10 (1)
take_image satellite1 planet12 instrument2 image0 (1)
turn_to satellite1 planet13 planet12 (1)
take_image satellite1 planet13 instrument2 thermograph1 (1)
turn_to satellite1 star14 planet13 (1)
take_image satellite1 star14 instrument2 thermograph1 (1)
Plan length: 17 step(s).
Plan cost: 17
Bytes per state: 8
Search time: 2.04773s
Total time: 2.63776s
Solution found.
Peak memory: 255612 KB
Running single search parser
