INFO     Running translator.
INFO     translator input: ['domain.pddl', 'problem.pddl']
INFO     translator arguments: []
INFO     translator time limit: None
INFO     translator memory limit: None
INFO     callstring: /usr/bin/python /mnt/data_server/torralba/subdominization/training/data/training_satellite/code-70296b3db083/builds/release32/bin/translate/translate.py domain.pddl problem.pddl
Parsing...
Parsing: [0.010s CPU, 0.070s wall-clock]
Normalizing task... [0.000s CPU, 0.000s wall-clock]
Instantiating...
Generating Datalog program... [0.000s CPU, 0.002s wall-clock]
Normalizing Datalog program...
Normalizing Datalog program: [0.000s CPU, 0.007s wall-clock]
Preparing model... [0.000s CPU, 0.003s wall-clock]
Generated 31 rules.
Computing model... [0.030s CPU, 0.026s wall-clock]
914 relevant atoms
296 auxiliary atoms
1210 final queue length
1798 total queue pushes
Completing instantiation... [0.040s CPU, 0.037s wall-clock]
Instantiating: [0.070s CPU, 0.103s wall-clock]
Computing fact groups...
Finding invariants...
12 initial candidates
Finding invariants: [0.000s CPU, 0.003s wall-clock]
Checking invariant weight... [0.000s CPU, 0.000s wall-clock]
Instantiating groups... [0.000s CPU, 0.000s wall-clock]
Collecting mutex groups... [0.000s CPU, 0.000s wall-clock]
Choosing groups...
69 uncovered facts
Choosing groups: [0.000s CPU, 0.000s wall-clock]
Building translation key... [0.000s CPU, 0.001s wall-clock]
Computing fact groups: [0.010s CPU, 0.006s wall-clock]
Building STRIPS to SAS dictionary... [0.000s CPU, 0.000s wall-clock]
Building dictionary for full mutex groups... [0.000s CPU, 0.000s wall-clock]
Building mutex information...
Building mutex information: [0.000s CPU, 0.000s wall-clock]
Translating task...
Processing axioms...
Simplifying axioms... [0.000s CPU, 0.000s wall-clock]
Processing axioms: [0.000s CPU, 0.002s wall-clock]
Translating task: [0.040s CPU, 0.040s wall-clock]
27 effect conditions simplified
0 implied preconditions added
Detecting unreachable propositions...
0 operators removed
0 axioms removed
3 propositions removed
Detecting unreachable propositions: [0.020s CPU, 0.022s wall-clock]
Translator variables: 72
Translator derived variables: 0
Translator facts: 174
Translator goal facts: 6
Translator mutex groups: 3
Translator total mutex groups size: 36
Translator operators: 651
Translator axioms: 0
Translator task size: 2733
Translator peak memory: 46392 KB
Writing output... [0.010s CPU, 0.041s wall-clock]
Done! [0.160s CPU, 0.285s wall-clock]
INFO     Running preprocessor (release32).
INFO     preprocessor input: output.sas
INFO     preprocessor arguments: []
INFO     preprocessor time limit: None
INFO     preprocessor memory limit: None
INFO     callstring: /mnt/data_server/torralba/subdominization/training/data/training_satellite/code-70296b3db083/builds/release32/bin/preprocess < output.sas
Building causal graph...
The causal graph is not acyclic.
30 variables of 72 necessary
0 of 3 mutex groups necessary.
449 of 651 operators necessary.
0 of 0 axiom rules necessary.
Initializing mutex computation...
Mutex computation initialized with 90 fluents.
iteration for mutex detection and operator pruning
Initialize m_index fw
Initialized mvalues forward: reached=900, notReached=6750, spurious=450
Initialize m_ops fw
Computing mutexes...
Mutex computation finished with reached=7606, notReached=44, spurious=450
0 operators are spurious because were not triggered
H^2 mutexes added fw: 44, unreachable: 0
0 of 449 operators detected as spurious
iteration for mutex detection and operator pruning
Initialize m_index bw
Init values regression
Initialized mvalues backward: reached=6574, notReached=1032, spurious=494
Initialize m_ops bw
Computing mutexes...
Mutex computation finished with reached=7606, notReached=0, spurious=494
0 operators are spurious because were not triggered
H^2 mutexes added bw: 0, unreachable: 0
0 of 449 operators detected as spurious
Total mutex and disambiguation time: 0.014728 iterations: 2
22 of 22 mutex groups necessary.
449 of 449 operators necessary.
0 of 0 axiom rules necessary.
Change id of operators: 449
Change id of mutexes
Change id of goals
Change id of initial state
Remove unreachable facts from variables: 30
22 of 22 mutex groups necessary.
449 of 449 operators necessary.
0 of 0 axiom rules necessary.
Updating causal graph and pruning unnecessary facts
30 variables of 30 of 72 necessary
The causal graph is not acyclic.
30 variables of 30 necessary
22 of 22 mutex groups necessary.
449 of 449 operators necessary.
0 of 0 axiom rules necessary.
Building domain transition graphs...
solveable in poly time 0
Building successor generator...
Preprocessor variables: 30
Preprocessor facts: 90
Preprocessor derived variables: 0
Preprocessor operators: 449
Preprocessor mutex groups: 22
Preprocessor task size: 1605
Writing output...
Preprocessor time: 0.0312102s
Preprocessor peak memory: 2404 KB
done
INFO     Running search (release32).
INFO     search input: output
INFO     search arguments: ['--search', 'sbd(store_operators_in_optimal_plan=true, cost_type=1)']
INFO     search time limit: 3600s
INFO     search memory limit: 4096 MB
INFO     search executable: /mnt/data_server/torralba/subdominization/training/data/training_satellite/code-70296b3db083/builds/release32/bin/downward
INFO     callstring: /mnt/data_server/torralba/subdominization/training/data/training_satellite/code-70296b3db083/builds/release32/bin/downward --search 'sbd(store_operators_in_optimal_plan=true, cost_type=1)' --internal-plan-file sas_plan < output
time limit 3600.00 -> (3600, 3601)
reading input... [t=0.000116058s]
done reading input! [t=0.00365896s]
packing state variables...done! [t=0.00367244s]
Variables: 30
FactPairs: 90
Bytes per state: 8
Building successor generator...done! [t=0.004011s]
done initalizing global data [t=0.00401773s]
TR(time=60000, nodes=100000)
Mutex(time=60000, nodes=100000, type=edeletion)
Aux(time=2000, nodes=1000000)
Disj(nodes=2147483647)
Estimation: min_time(1000) time_penalty +(1000)*(2) nodes_penalty +(1000)*(2)
MaxStep(time=30000, nodes=100000000, nodes_per_planning_second=100)
Ratio useful: 0
   Min alloted time: 60000 nodes: 10000000
   Max alloted time: 60000 nodes: 15000000
   Mult alloted time: 2 nodes: 2
   Ratio after relax: 0.8
building causal graph...done! [t=0.000155429s]
Sym variable order: 12 13 14 1 29 28 17 21 18 20 19 23 2 24 15 22 25 16 26 27 0 9 5 10 4 8 6 7 11 3 
Initializing Symbolic Variables
Num variables: 30 => 39
Initialize Symbolic Manager(78, 205128, 16000000, 0)
Generating binary variables
Symbolic Variables... Done.
BOUND: 1 < 2147483647, total time: 0.585187s
BOUND: 2 < 2147483647, total time: 0.585467s
BOUND: 3 < 2147483647, total time: 0.586181s
BOUND: 4 < 2147483647, total time: 0.586607s
BOUND: 5 < 2147483647, total time: 0.587194s
BOUND: 6 < 2147483647, total time: 0.587988s
BOUND: 7 < 2147483647, total time: 0.590108s
BOUND: 8 < 2147483647, total time: 0.591561s
BOUND: 9 < 2147483647, total time: 0.594198s
BOUND: 10 < 2147483647, total time: 0.599045s
BOUND: 11 < 2147483647, total time: 0.604379s
BOUND: 12 < 2147483647, total time: 0.612748s
BOUND: 13 < 2147483647, total time: 0.622954s
BOUND: 14 < 2147483647, total time: 0.636672s
BOUND: 15 < 2147483647, total time: 0.652392s
BOUND: 16 < 2147483647, total time: 0.671582s
BOUND: 17 < 2147483647, total time: 0.691692s
Solution found with cost 17 total time: 0.709453s
Merging: 1
9 0.735941 1 230
Merging: 29
8 0.764907 1 193
Merging: 34
7 0.788611 1 178
Merging: 35
6 0.808317 1 143
Merging: 37
5 0.82412 1 141
Merging: 17
4 0.83937 1 100
Merging: 12
3 0.848201 1 95
Merging: 6
2 0.856393 1 85
Merging: 4
1 0.863755 1 67
Merging: 1
8 0.869802 1 230
Merging: 29
7 0.882595 1 242
Merging: 29
6 0.894682 1 261
Merging: 29
5 0.904556 1 253
Merging: 29
4 0.914043 1 237
Merging: 29
3 0.921933 1 185
Merging: 28
2 0.928372 1 135
Merging: 27
1 0.933464 1 85
BOUND: 17 < 17, total time: 0.937264s
Actual search time: 0.354578s [t=0.939816s]
turn_to satellite2 groundstation3 groundstation0 (1)
switch_on instrument5 satellite2 (1)
calibrate satellite2 instrument5 groundstation3 (1)
turn_to satellite2 phenomenon7 groundstation3 (1)
take_image satellite2 phenomenon7 instrument5 thermograph0 (1)
turn_to satellite2 phenomenon11 phenomenon7 (1)
take_image satellite2 phenomenon11 instrument5 thermograph0 (1)
switch_on instrument3 satellite0 (1)
calibrate satellite0 instrument3 star1 (1)
turn_to satellite0 planet5 star1 (1)
take_image satellite0 planet5 instrument3 image3 (1)
turn_to satellite2 phenomenon8 phenomenon11 (1)
take_image satellite2 phenomenon8 instrument5 infrared2 (1)
turn_to satellite2 star10 phenomenon8 (1)
take_image satellite2 star10 instrument5 infrared2 (1)
turn_to satellite2 star6 star10 (1)
take_image satellite2 star6 instrument5 thermograph1 (1)
Plan length: 17 step(s).
Plan cost: 17
Bytes per state: 8
Search time: 0.369105s
Total time: 0.939827s
Solution found.
Peak memory: 228168 KB
Running single search parser
