INFO     Running translator.
INFO     translator input: ['domain.pddl', 'problem.pddl']
INFO     translator arguments: []
INFO     translator time limit: None
INFO     translator memory limit: None
INFO     callstring: /usr/bin/python /mnt/data_server/torralba/subdominization/training/data/training_tpp/code-70296b3db083/builds/release32/bin/translate/translate.py domain.pddl problem.pddl
Parsing...
Parsing: [0.010s CPU, 0.009s wall-clock]
Normalizing task... [0.000s CPU, 0.000s wall-clock]
Instantiating...
Generating Datalog program... [0.000s CPU, 0.001s wall-clock]
Normalizing Datalog program...
Normalizing Datalog program: [0.010s CPU, 0.007s wall-clock]
Preparing model... [0.000s CPU, 0.004s wall-clock]
Generated 45 rules.
Computing model... [0.030s CPU, 0.031s wall-clock]
443 relevant atoms
960 auxiliary atoms
1403 final queue length
1649 total queue pushes
Completing instantiation... [0.020s CPU, 0.018s wall-clock]
Instantiating: [0.060s CPU, 0.065s wall-clock]
Computing fact groups...
Finding invariants...
18 initial candidates
Finding invariants: [0.010s CPU, 0.010s wall-clock]
Checking invariant weight... [0.000s CPU, 0.001s wall-clock]
Instantiating groups... [0.010s CPU, 0.006s wall-clock]
Collecting mutex groups... [0.000s CPU, 0.000s wall-clock]
Choosing groups...
48 uncovered facts
Choosing groups: [0.000s CPU, 0.001s wall-clock]
Building translation key... [0.000s CPU, 0.001s wall-clock]
Computing fact groups: [0.020s CPU, 0.023s wall-clock]
Building STRIPS to SAS dictionary... [0.000s CPU, 0.000s wall-clock]
Building dictionary for full mutex groups... [0.000s CPU, 0.000s wall-clock]
Building mutex information...
Building mutex information: [0.000s CPU, 0.000s wall-clock]
Translating task...
Processing axioms...
Simplifying axioms... [0.000s CPU, 0.000s wall-clock]
Processing axioms: [0.000s CPU, 0.001s wall-clock]
Translating task: [0.020s CPU, 0.015s wall-clock]
0 effect conditions simplified
0 implied preconditions added
Detecting unreachable propositions...
0 operators removed
0 axioms removed
145 propositions removed
Detecting unreachable propositions: [0.010s CPU, 0.009s wall-clock]
Translator variables: 49
Translator derived variables: 0
Translator facts: 135
Translator goal facts: 8
Translator mutex groups: 49
Translator total mutex groups size: 135
Translator operators: 172
Translator axioms: 0
Translator task size: 1323
Translator peak memory: 44984 KB
Writing output... [0.000s CPU, 0.017s wall-clock]
Done! [0.120s CPU, 0.141s wall-clock]
INFO     Running preprocessor (release32).
INFO     preprocessor input: output.sas
INFO     preprocessor arguments: []
INFO     preprocessor time limit: None
INFO     preprocessor memory limit: None
INFO     callstring: /mnt/data_server/torralba/subdominization/training/data/training_tpp/code-70296b3db083/builds/release32/bin/preprocess < output.sas
Building causal graph...
The causal graph is not acyclic.
49 variables of 49 necessary
0 of 49 mutex groups necessary.
172 of 172 operators necessary.
0 of 0 axiom rules necessary.
Initializing mutex computation...
Mutex computation initialized with 135 fluents.
iteration for mutex detection and operator pruning
Initialize m_index fw
Initialized mvalues forward: reached=2401, notReached=15558, spurious=266
Initialize m_ops fw
Computing mutexes...
Mutex computation finished with reached=13927, notReached=4032, spurious=266
48 operators are spurious because were not triggered
Unreachable proposition: Atom ready-to-load(goods8, market1, level2)
Unreachable proposition: Atom ready-to-load(goods8, market5, level2)
Unreachable proposition: Atom ready-to-load(goods7, market1, level2)
Unreachable proposition: Atom ready-to-load(goods7, market3, level2)
Unreachable proposition: Atom ready-to-load(goods6, market1, level2)
Unreachable proposition: Atom ready-to-load(goods6, market4, level2)
Unreachable proposition: Atom ready-to-load(goods5, market1, level2)
Unreachable proposition: Atom ready-to-load(goods5, market2, level2)
Unreachable proposition: Atom ready-to-load(goods4, market1, level2)
Unreachable proposition: Atom ready-to-load(goods4, market2, level2)
Unreachable proposition: Atom ready-to-load(goods3, market1, level2)
Unreachable proposition: Atom ready-to-load(goods3, market4, level2)
Unreachable proposition: Atom ready-to-load(goods2, market1, level2)
Unreachable proposition: Atom ready-to-load(goods2, market2, level2)
Unreachable proposition: Atom ready-to-load(goods1, market1, level2)
Unreachable proposition: Atom ready-to-load(goods1, market2, level2)
H^2 mutexes added fw: 32, unreachable: 16
0 of 124 operators detected as spurious
iteration for mutex detection and operator pruning
Initialize m_index bw
Init values regression
Initialized mvalues backward: reached=10423, notReached=3504, spurious=4298
Initialize m_ops bw
Computing mutexes...
Mutex computation finished with reached=12782, notReached=1145, spurious=4298
20 operators are spurious because were not triggered
Unreachable proposition: Atom stored(goods8, level2)
Unreachable proposition: Atom stored(goods7, level2)
Unreachable proposition: Atom stored(goods5, level2)
Unreachable proposition: Atom stored(goods3, level2)
Unreachable proposition: Atom stored(goods2, level2)
H^2 mutexes added bw: 0, unreachable: 5
0 of 104 operators detected as spurious
iteration for mutex detection and operator pruning
Initialize m_index fw
Initialized mvalues forward: reached=2401, notReached=10381, spurious=5443
Initialize m_ops fw
Computing mutexes...
Mutex computation finished with reached=12782, notReached=0, spurious=5443
0 operators are spurious because were not triggered
H^2 mutexes added fw: 0, unreachable: 0
0 of 104 operators detected as spurious
Total mutex and disambiguation time: 0.010341 iterations: 3
16 of 16 mutex groups necessary.
104 of 172 operators necessary.
0 of 0 axiom rules necessary.
Change id of operators: 104
Change id of mutexes
Change id of goals
Change id of initial state
Remove unreachable facts from variables: 49
16 of 16 mutex groups necessary.
104 of 104 operators necessary.
0 of 0 axiom rules necessary.
Updating causal graph and pruning unnecessary facts
49 variables of 49 of 49 necessary
The causal graph is not acyclic.
49 variables of 49 necessary
16 of 16 mutex groups necessary.
104 of 104 operators necessary.
0 of 0 axiom rules necessary.
Building domain transition graphs...
solveable in poly time 0
Building successor generator...
Preprocessor variables: 49
Preprocessor facts: 114
Preprocessor derived variables: 0
Preprocessor operators: 104
Preprocessor mutex groups: 16
Preprocessor task size: 791
Writing output...
Preprocessor time: 0.019s
Preprocessor peak memory: 2228 KB
done
INFO     Running search (release32).
INFO     search input: output
INFO     search arguments: ['--search', 'sbd(store_operators_in_optimal_plan=true, cost_type=1)']
INFO     search time limit: 3600s
INFO     search memory limit: 4096 MB
INFO     search executable: /mnt/data_server/torralba/subdominization/training/data/training_tpp/code-70296b3db083/builds/release32/bin/downward
INFO     callstring: /mnt/data_server/torralba/subdominization/training/data/training_tpp/code-70296b3db083/builds/release32/bin/downward --search 'sbd(store_operators_in_optimal_plan=true, cost_type=1)' --internal-plan-file sas_plan < output
time limit 3600.00 -> (3600, 3601)
reading input... [t=0.000116348s]
done reading input! [t=0.00179147s]
packing state variables...done! [t=0.0018097s]
Variables: 49
FactPairs: 114
Bytes per state: 8
Building successor generator...done! [t=0.00207803s]
done initalizing global data [t=0.00208341s]
TR(time=60000, nodes=100000)
Mutex(time=60000, nodes=100000, type=edeletion)
Aux(time=2000, nodes=1000000)
Disj(nodes=2147483647)
Estimation: min_time(1000) time_penalty +(1000)*(2) nodes_penalty +(1000)*(2)
MaxStep(time=30000, nodes=100000000, nodes_per_planning_second=100)
Ratio useful: 0
   Min alloted time: 60000 nodes: 10000000
   Max alloted time: 60000 nodes: 15000000
   Mult alloted time: 2 nodes: 2
   Ratio after relax: 0.8
building causal graph...done! [t=0.000183549s]
Sym variable order: 20 22 24 23 21 19 38 40 42 41 39 37 31 33 35 36 34 32 13 15 17 18 16 14 0 1 3 6 5 4 2 25 27 30 29 28 26 8 10 12 11 9 7 44 46 47 48 45 43 
Initializing Symbolic Variables
Num variables: 49 => 62
Initialize Symbolic Manager(124, 129032, 16000000, 0)
Generating binary variables
Symbolic Variables... Done.
BOUND: 1 < 2147483647, total time: 0.577178s
BOUND: 2 < 2147483647, total time: 0.577368s
BOUND: 3 < 2147483647, total time: 0.577788s
BOUND: 4 < 2147483647, total time: 0.577916s
BOUND: 5 < 2147483647, total time: 0.578111s
BOUND: 6 < 2147483647, total time: 0.578567s
BOUND: 7 < 2147483647, total time: 0.578952s
BOUND: 8 < 2147483647, total time: 0.579767s
BOUND: 9 < 2147483647, total time: 0.580426s
BOUND: 10 < 2147483647, total time: 0.582158s
BOUND: 11 < 2147483647, total time: 0.583147s
BOUND: 12 < 2147483647, total time: 0.584465s
BOUND: 13 < 2147483647, total time: 0.587671s
BOUND: 14 < 2147483647, total time: 0.589619s
BOUND: 15 < 2147483647, total time: 0.593778s
BOUND: 16 < 2147483647, total time: 0.59618s
BOUND: 17 < 2147483647, total time: 0.599142s
BOUND: 18 < 2147483647, total time: 0.606248s
BOUND: 19 < 2147483647, total time: 0.610134s
BOUND: 20 < 2147483647, total time: 0.614008s
BOUND: 21 < 2147483647, total time: 0.624867s
BOUND: 22 < 2147483647, total time: 0.630206s
BOUND: 23 < 2147483647, total time: 0.635503s
BOUND: 24 < 2147483647, total time: 0.64096s
BOUND: 25 < 2147483647, total time: 0.657901s
BOUND: 26 < 2147483647, total time: 0.665638s
BOUND: 27 < 2147483647, total time: 0.671838s
BOUND: 28 < 2147483647, total time: 0.678304s
BOUND: 29 < 2147483647, total time: 0.684794s
BOUND: 30 < 2147483647, total time: 0.691198s
BOUND: 31 < 2147483647, total time: 0.697658s
BOUND: 32 < 2147483647, total time: 0.704147s
BOUND: 33 < 2147483647, total time: 0.710622s
BOUND: 34 < 2147483647, total time: 0.717003s
BOUND: 35 < 2147483647, total time: 0.723373s
BOUND: 36 < 2147483647, total time: 0.729673s
BOUND: 37 < 2147483647, total time: 0.735948s
BOUND: 38 < 2147483647, total time: 0.742247s
BOUND: 39 < 2147483647, total time: 0.748542s
Solution found with cost 39 total time: 0.753365s
Merging: 1
30 0.7817 1 260
Merging: 11
29 0.78943 1 179
Merging: 8
28 0.794204 1 87
Merging: 1
27 0.795833 1 87
Merging: 9
26 0.798322 1 177
Merging: 19
25 0.80392 1 285
Merging: 22
24 0.813548 1 374
Merging: 23
23 0.826472 1 470
Merging: 24
22 0.842164 1 544
Merging: 24
21 0.859533 1 610
Merging: 24
20 0.881069 1 651
Merging: 24
19 0.904324 1 689
Merging: 24
18 0.929004 1 706
Merging: 24
17 0.954522 1 708
Merging: 24
16 0.979358 1 699
Merging: 24
15 1.00409 1 671
Merging: 24
14 1.02772 1 622
Merging: 24
13 1.04904 1 564
Merging: 25
12 1.06741 1 517
Merging: 27
11 1.08419 1 502
Merging: 31
10 1.10026 1 482
Merging: 29
9 1.11458 1 428
Merging: 28
8 1.12614 1 338
Merging: 17
7 1.13433 1 276
Merging: 9
6 1.14102 1 270
Merging: 8
5 1.14762 1 230
Merging: 8
4 1.15288 1 184
Merging: 9
3 1.15688 1 129
Merging: 5
2 1.15998 1 72
Merging: 2
1 1.16192 1 63
Merging: 1
9 1.16351 1 260
Merging: 11
8 1.16744 1 314
Merging: 11
7 1.17 1 347
Merging: 11
6 1.17264 1 374
Merging: 11
5 1.17523 1 374
Merging: 11
4 1.17774 1 346
Merging: 11
3 1.18001 1 314
Merging: 11
2 1.18197 1 260
Merging: 11
1 1.18333 1 180
BOUND: 39 < 39, total time: 1.18404s
Actual search time: 0.608655s [t=1.18589s]
drive truck1 depot1 market5 (1)
buy truck1 goods8 market5 level0 level1 level0 level1 (1)
load goods8 truck1 market5 level0 level1 level0 level1 (1)
drive truck1 market5 market2 (1)
buy truck1 goods4 market2 level0 level1 level0 level1 (1)
load goods4 truck1 market2 level0 level1 level0 level1 (1)
buy truck1 goods1 market2 level0 level1 level0 level1 (1)
load goods1 truck1 market2 level0 level1 level0 level1 (1)
drive truck1 market2 market1 (1)
buy truck1 goods7 market1 level0 level1 level0 level1 (1)
load goods7 truck1 market1 level0 level1 level0 level1 (1)
buy truck1 goods6 market1 level0 level1 level0 level1 (1)
load goods6 truck1 market1 level0 level1 level0 level1 (1)
buy truck1 goods5 market1 level0 level1 level0 level1 (1)
load goods5 truck1 market1 level0 level1 level0 level1 (1)
buy truck1 goods4 market1 level0 level1 level0 level1 (1)
load goods4 truck1 market1 level0 level1 level1 level2 (1)
buy truck1 goods2 market1 level0 level1 level0 level1 (1)
load goods2 truck1 market1 level0 level1 level0 level1 (1)
buy truck1 goods1 market1 level0 level1 level0 level1 (1)
load goods1 truck1 market1 level0 level1 level1 level2 (1)
drive truck1 market1 market4 (1)
buy truck1 goods6 market4 level0 level1 level0 level1 (1)
load goods6 truck1 market4 level0 level1 level1 level2 (1)
buy truck1 goods3 market4 level0 level1 level0 level1 (1)
load goods3 truck1 market4 level0 level1 level0 level1 (1)
drive truck1 market4 market1 (1)
drive truck1 market1 depot2 (1)
unload goods1 truck1 depot2 level1 level2 level0 level1 (1)
unload goods1 truck1 depot2 level0 level1 level1 level2 (1)
unload goods2 truck1 depot2 level0 level1 level0 level1 (1)
unload goods3 truck1 depot2 level0 level1 level0 level1 (1)
unload goods4 truck1 depot2 level1 level2 level0 level1 (1)
unload goods4 truck1 depot2 level0 level1 level1 level2 (1)
unload goods5 truck1 depot2 level0 level1 level0 level1 (1)
unload goods6 truck1 depot2 level1 level2 level0 level1 (1)
unload goods6 truck1 depot2 level0 level1 level1 level2 (1)
unload goods7 truck1 depot2 level0 level1 level0 level1 (1)
unload goods8 truck1 depot2 level0 level1 level0 level1 (1)
Plan length: 39 step(s).
Plan cost: 39
Bytes per state: 8
Search time: 0.617926s
Total time: 1.1859s
Solution found.
Peak memory: 212020 KB
Running single search parser
