INFO     Running translator.
INFO     translator input: ['domain.pddl', 'problem.pddl']
INFO     translator arguments: []
INFO     translator time limit: None
INFO     translator memory limit: None
INFO     callstring: /usr/bin/python /mnt/data_server/torralba/subdominization/training/data/training_satellite/code-70296b3db083/builds/release32/bin/translate/translate.py domain.pddl problem.pddl
Parsing...
Parsing: [0.010s CPU, 0.016s wall-clock]
Normalizing task... [0.000s CPU, 0.000s wall-clock]
Instantiating...
Generating Datalog program... [0.000s CPU, 0.001s wall-clock]
Normalizing Datalog program...
Normalizing Datalog program: [0.000s CPU, 0.140s wall-clock]
Preparing model... [0.000s CPU, 0.002s wall-clock]
Generated 31 rules.
Computing model... [0.030s CPU, 0.027s wall-clock]
974 relevant atoms
254 auxiliary atoms
1228 final queue length
1905 total queue pushes
Completing instantiation... [0.050s CPU, 0.044s wall-clock]
Instantiating: [0.080s CPU, 0.325s wall-clock]
Computing fact groups...
Finding invariants...
12 initial candidates
Finding invariants: [0.000s CPU, 0.004s wall-clock]
Checking invariant weight... [0.000s CPU, 0.000s wall-clock]
Instantiating groups... [0.000s CPU, 0.000s wall-clock]
Collecting mutex groups... [0.000s CPU, 0.000s wall-clock]
Choosing groups...
60 uncovered facts
Choosing groups: [0.000s CPU, 0.000s wall-clock]
Building translation key... [0.000s CPU, 0.001s wall-clock]
Computing fact groups: [0.010s CPU, 0.006s wall-clock]
Building STRIPS to SAS dictionary... [0.000s CPU, 0.000s wall-clock]
Building dictionary for full mutex groups... [0.000s CPU, 0.000s wall-clock]
Building mutex information...
Building mutex information: [0.000s CPU, 0.000s wall-clock]
Translating task...
Processing axioms...
Simplifying axioms... [0.000s CPU, 0.000s wall-clock]
Processing axioms: [0.000s CPU, 0.002s wall-clock]
Translating task: [0.040s CPU, 0.044s wall-clock]
15 effect conditions simplified
0 implied preconditions added
Detecting unreachable propositions...
0 operators removed
0 axioms removed
2 propositions removed
Detecting unreachable propositions: [0.020s CPU, 0.025s wall-clock]
Translator variables: 62
Translator derived variables: 0
Translator facts: 152
Translator goal facts: 2
Translator mutex groups: 2
Translator total mutex groups size: 32
Translator operators: 733
Translator axioms: 0
Translator task size: 2929
Translator peak memory: 46580 KB
Writing output... [0.000s CPU, 0.048s wall-clock]
Done! [0.170s CPU, 0.467s wall-clock]
INFO     Running preprocessor (release32).
INFO     preprocessor input: output.sas
INFO     preprocessor arguments: []
INFO     preprocessor time limit: None
INFO     preprocessor memory limit: None
INFO     callstring: /mnt/data_server/torralba/subdominization/training/data/training_satellite/code-70296b3db083/builds/release32/bin/preprocess < output.sas
Building causal graph...
The causal graph is not acyclic.
15 variables of 62 necessary
0 of 2 mutex groups necessary.
514 of 733 operators necessary.
0 of 0 axiom rules necessary.
Initializing mutex computation...
Mutex computation initialized with 58 fluents.
iteration for mutex detection and operator pruning
Initialize m_index fw
Initialized mvalues forward: reached=225, notReached=2633, spurious=506
Initialize m_ops fw
Computing mutexes...
Mutex computation finished with reached=2840, notReached=18, spurious=506
0 operators are spurious because were not triggered
H^2 mutexes added fw: 18, unreachable: 0
0 of 514 operators detected as spurious
iteration for mutex detection and operator pruning
Initialize m_index bw
Init values regression
Initialized mvalues backward: reached=1482, notReached=1358, spurious=524
Initialize m_ops bw
Computing mutexes...
Mutex computation finished with reached=2840, notReached=0, spurious=524
0 operators are spurious because were not triggered
H^2 mutexes added bw: 0, unreachable: 0
0 of 514 operators detected as spurious
Total mutex and disambiguation time: 0.009776 iterations: 2
9 of 9 mutex groups necessary.
514 of 514 operators necessary.
0 of 0 axiom rules necessary.
Change id of operators: 514
Change id of mutexes
Change id of goals
Change id of initial state
Remove unreachable facts from variables: 15
9 of 9 mutex groups necessary.
514 of 514 operators necessary.
0 of 0 axiom rules necessary.
Updating causal graph and pruning unnecessary facts
15 variables of 15 of 62 necessary
The causal graph is not acyclic.
15 variables of 15 necessary
9 of 9 mutex groups necessary.
514 of 514 operators necessary.
0 of 0 axiom rules necessary.
Building domain transition graphs...
solveable in poly time 0
Building successor generator...
Preprocessor variables: 15
Preprocessor facts: 58
Preprocessor derived variables: 0
Preprocessor operators: 514
Preprocessor mutex groups: 9
Preprocessor task size: 1679
Writing output...
Preprocessor time: 0.0263577s
Preprocessor peak memory: 2400 KB
done
INFO     Running search (release32).
INFO     search input: output
INFO     search arguments: ['--search', 'sbd(store_operators_in_optimal_plan=true, cost_type=1)']
INFO     search time limit: 3600s
INFO     search memory limit: 4096 MB
INFO     search executable: /mnt/data_server/torralba/subdominization/training/data/training_satellite/code-70296b3db083/builds/release32/bin/downward
INFO     callstring: /mnt/data_server/torralba/subdominization/training/data/training_satellite/code-70296b3db083/builds/release32/bin/downward --search 'sbd(store_operators_in_optimal_plan=true, cost_type=1)' --internal-plan-file sas_plan < output
time limit 3600.00 -> (3600, 3601)
reading input... [t=0.000160176s]
done reading input! [t=0.00385383s]
packing state variables...done! [t=0.00386648s]
Variables: 15
FactPairs: 58
Bytes per state: 4
Building successor generator...done! [t=0.00415564s]
done initalizing global data [t=0.00416196s]
TR(time=60000, nodes=100000)
Mutex(time=60000, nodes=100000, type=edeletion)
Aux(time=2000, nodes=1000000)
Disj(nodes=2147483647)
Estimation: min_time(1000) time_penalty +(1000)*(2) nodes_penalty +(1000)*(2)
MaxStep(time=30000, nodes=100000000, nodes_per_planning_second=100)
Ratio useful: 0
   Min alloted time: 60000 nodes: 10000000
   Max alloted time: 60000 nodes: 15000000
   Mult alloted time: 2 nodes: 2
   Ratio after relax: 0.8
building causal graph...done! [t=9.5309e-05s]
Sym variable order: 4 2 6 3 5 0 7 14 13 1 12 10 8 11 9 
Initializing Symbolic Variables
Num variables: 15 => 21
Initialize Symbolic Manager(42, 380952, 16000000, 0)
Generating binary variables
Symbolic Variables... Done.
BOUND: 1 < 2147483647, total time: 0.366688s
BOUND: 2 < 2147483647, total time: 0.366868s
BOUND: 3 < 2147483647, total time: 0.367096s
BOUND: 4 < 2147483647, total time: 0.367394s
BOUND: 5 < 2147483647, total time: 0.367632s
Solution found with cost 5 total time: 0.367886s
Merging: 1
2 0.372364 1 22
Merging: 1
1 0.375717 1 22
Merging: 1
3 0.379013 1 22
Merging: 1
2 0.380315 1 22
Merging: 1
1 0.382011 1 22
BOUND: 5 < 5, total time: 0.382985s
Actual search time: 0.0164755s [t=0.383195s]
switch_on instrument2 satellite1 (1)
calibrate satellite1 instrument2 groundstation14 (1)
turn_to satellite1 planet15 groundstation14 (1)
take_image satellite1 planet15 instrument2 thermograph1 (1)
turn_to satellite1 star6 planet15 (1)
Plan length: 5 step(s).
Plan cost: 5
Bytes per state: 4
Search time: 0.0250931s
Total time: 0.383204s
Solution found.
Peak memory: 231688 KB
Running single search parser
