INFO     Running translator.
INFO     translator input: ['domain.pddl', 'problem.pddl']
INFO     translator arguments: []
INFO     translator time limit: None
INFO     translator memory limit: None
INFO     callstring: /usr/bin/python /mnt/data_server/torralba/subdominization/training/data/training_satellite/code-70296b3db083/builds/release32/bin/translate/translate.py domain.pddl problem.pddl
Parsing...
Parsing: [0.000s CPU, 0.032s wall-clock]
Normalizing task... [0.000s CPU, 0.000s wall-clock]
Instantiating...
Generating Datalog program... [0.010s CPU, 0.001s wall-clock]
Normalizing Datalog program...
Normalizing Datalog program: [0.000s CPU, 0.014s wall-clock]
Preparing model... [0.000s CPU, 0.003s wall-clock]
Generated 31 rules.
Computing model... [0.030s CPU, 0.027s wall-clock]
920 relevant atoms
228 auxiliary atoms
1148 final queue length
1808 total queue pushes
Completing instantiation... [0.040s CPU, 0.040s wall-clock]
Instantiating: [0.080s CPU, 0.092s wall-clock]
Computing fact groups...
Finding invariants...
12 initial candidates
Finding invariants: [0.000s CPU, 0.003s wall-clock]
Checking invariant weight... [0.000s CPU, 0.000s wall-clock]
Instantiating groups... [0.000s CPU, 0.000s wall-clock]
Collecting mutex groups... [0.000s CPU, 0.000s wall-clock]
Choosing groups...
46 uncovered facts
Choosing groups: [0.000s CPU, 0.000s wall-clock]
Building translation key... [0.000s CPU, 0.001s wall-clock]
Computing fact groups: [0.000s CPU, 0.006s wall-clock]
Building STRIPS to SAS dictionary... [0.000s CPU, 0.000s wall-clock]
Building dictionary for full mutex groups... [0.000s CPU, 0.000s wall-clock]
Building mutex information...
Building mutex information: [0.000s CPU, 0.000s wall-clock]
Translating task...
Processing axioms...
Simplifying axioms... [0.000s CPU, 0.000s wall-clock]
Processing axioms: [0.010s CPU, 0.002s wall-clock]
Translating task: [0.050s CPU, 0.041s wall-clock]
15 effect conditions simplified
0 implied preconditions added
Detecting unreachable propositions...
0 operators removed
0 axioms removed
2 propositions removed
Detecting unreachable propositions: [0.030s CPU, 0.023s wall-clock]
Translator variables: 48
Translator derived variables: 0
Translator facts: 126
Translator goal facts: 7
Translator mutex groups: 2
Translator total mutex groups size: 34
Translator operators: 702
Translator axioms: 0
Translator task size: 2620
Translator peak memory: 46328 KB
Writing output... [0.010s CPU, 0.015s wall-clock]
Done! [0.170s CPU, 0.211s wall-clock]
INFO     Running preprocessor (release32).
INFO     preprocessor input: output.sas
INFO     preprocessor arguments: []
INFO     preprocessor time limit: None
INFO     preprocessor memory limit: None
INFO     callstring: /mnt/data_server/torralba/subdominization/training/data/training_satellite/code-70296b3db083/builds/release32/bin/preprocess < output.sas
Building causal graph...
The causal graph is not acyclic.
20 variables of 48 necessary
0 of 2 mutex groups necessary.
586 of 702 operators necessary.
0 of 0 axiom rules necessary.
Initializing mutex computation...
Mutex computation initialized with 70 fluents.
iteration for mutex detection and operator pruning
Initialize m_index fw
Initialized mvalues forward: reached=400, notReached=3920, spurious=580
Initialize m_ops fw
Computing mutexes...
Mutex computation finished with reached=4302, notReached=18, spurious=580
0 operators are spurious because were not triggered
H^2 mutexes added fw: 18, unreachable: 0
0 of 586 operators detected as spurious
iteration for mutex detection and operator pruning
Initialize m_index bw
Init values regression
Initialized mvalues backward: reached=1990, notReached=2312, spurious=598
Initialize m_ops bw
Computing mutexes...
Mutex computation finished with reached=4302, notReached=0, spurious=598
0 operators are spurious because were not triggered
H^2 mutexes added bw: 0, unreachable: 0
0 of 586 operators detected as spurious
Total mutex and disambiguation time: 0.013567 iterations: 2
9 of 9 mutex groups necessary.
586 of 586 operators necessary.
0 of 0 axiom rules necessary.
Change id of operators: 586
Change id of mutexes
Change id of goals
Change id of initial state
Remove unreachable facts from variables: 20
9 of 9 mutex groups necessary.
586 of 586 operators necessary.
0 of 0 axiom rules necessary.
Updating causal graph and pruning unnecessary facts
20 variables of 20 of 48 necessary
The causal graph is not acyclic.
20 variables of 20 necessary
9 of 9 mutex groups necessary.
586 of 586 operators necessary.
0 of 0 axiom rules necessary.
Building domain transition graphs...
solveable in poly time 0
Building successor generator...
Preprocessor variables: 20
Preprocessor facts: 70
Preprocessor derived variables: 0
Preprocessor operators: 586
Preprocessor mutex groups: 9
Preprocessor task size: 1940
Writing output...
Preprocessor time: 0.0314965s
Preprocessor peak memory: 2396 KB
done
INFO     Running search (release32).
INFO     search input: output
INFO     search arguments: ['--search', 'sbd(store_operators_in_optimal_plan=true, cost_type=1)']
INFO     search time limit: 3600s
INFO     search memory limit: 4096 MB
INFO     search executable: /mnt/data_server/torralba/subdominization/training/data/training_satellite/code-70296b3db083/builds/release32/bin/downward
INFO     callstring: /mnt/data_server/torralba/subdominization/training/data/training_satellite/code-70296b3db083/builds/release32/bin/downward --search 'sbd(store_operators_in_optimal_plan=true, cost_type=1)' --internal-plan-file sas_plan < output
time limit 3600.00 -> (3600, 3601)
reading input... [t=0.000123629s]
done reading input! [t=0.00437646s]
packing state variables...done! [t=0.00439103s]
Variables: 20
FactPairs: 70
Bytes per state: 4
Building successor generator...done! [t=0.00474209s]
done initalizing global data [t=0.0047485s]
TR(time=60000, nodes=100000)
Mutex(time=60000, nodes=100000, type=edeletion)
Aux(time=2000, nodes=1000000)
Disj(nodes=2147483647)
Estimation: min_time(1000) time_penalty +(1000)*(2) nodes_penalty +(1000)*(2)
MaxStep(time=30000, nodes=100000000, nodes_per_planning_second=100)
Ratio useful: 0
   Min alloted time: 60000 nodes: 10000000
   Max alloted time: 60000 nodes: 15000000
   Mult alloted time: 2 nodes: 2
   Ratio after relax: 0.8
building causal graph...done! [t=0.00012716s]
Sym variable order: 4 2 3 6 5 18 19 0 14 15 17 16 7 13 1 11 9 10 12 8 
Initializing Symbolic Variables
Num variables: 20 => 28
Initialize Symbolic Manager(56, 285714, 16000000, 0)
Generating binary variables
Symbolic Variables... Done.
BOUND: 1 < 2147483647, total time: 0.465456s
BOUND: 2 < 2147483647, total time: 0.465712s
BOUND: 3 < 2147483647, total time: 0.466038s
BOUND: 4 < 2147483647, total time: 0.46635s
BOUND: 5 < 2147483647, total time: 0.466749s
BOUND: 6 < 2147483647, total time: 0.467272s
BOUND: 7 < 2147483647, total time: 0.467773s
BOUND: 8 < 2147483647, total time: 0.468776s
BOUND: 9 < 2147483647, total time: 0.469649s
BOUND: 10 < 2147483647, total time: 0.470941s
BOUND: 11 < 2147483647, total time: 0.472972s
BOUND: 12 < 2147483647, total time: 0.475082s
BOUND: 13 < 2147483647, total time: 0.47782s
BOUND: 14 < 2147483647, total time: 0.48127s
BOUND: 15 < 2147483647, total time: 0.485129s
BOUND: 16 < 2147483647, total time: 0.488824s
Solution found with cost 16 total time: 0.492409s
Merging: 1
8 0.519261 1 323
Merging: 67
7 0.566694 1 267
Merging: 49
6 0.600088 1 192
Merging: 67
5 0.624389 1 141
Merging: 37
4 0.641397 1 78
Merging: 52
3 0.652647 1 79
Merging: 14
2 0.663865 1 92
Merging: 11
1 0.67594 1 68
Merging: 1
8 0.685575 1 323
Merging: 49
7 0.710856 1 360
Merging: 67
6 0.732556 1 324
Merging: 49
5 0.750152 1 349
Merging: 67
4 0.765864 1 315
Merging: 49
3 0.780047 1 246
Merging: 67
2 0.792114 1 182
Merging: 49
1 0.801995 1 117
BOUND: 16 < 16, total time: 0.808595s
Actual search time: 0.343751s [t=0.809287s]
turn_to satellite1 groundstation6 star0 (1)
switch_on instrument2 satellite1 (1)
calibrate satellite1 instrument2 groundstation6 (1)
turn_to satellite1 phenomenon13 groundstation6 (1)
take_image satellite1 phenomenon13 instrument2 thermograph0 (1)
turn_to satellite1 phenomenon10 phenomenon13 (1)
turn_to satellite0 star2 phenomenon15 (1)
take_image satellite1 phenomenon10 instrument2 thermograph0 (1)
turn_to satellite1 phenomenon14 phenomenon10 (1)
take_image satellite1 phenomenon14 instrument2 thermograph0 (1)
turn_to satellite1 phenomenon15 phenomenon14 (1)
take_image satellite1 phenomenon15 instrument2 image1 (1)
turn_to satellite1 planet16 phenomenon15 (1)
take_image satellite1 planet16 instrument2 thermograph0 (1)
turn_to satellite1 star12 planet16 (1)
take_image satellite1 star12 instrument2 thermograph0 (1)
Plan length: 16 step(s).
Plan cost: 16
Bytes per state: 4
Search time: 0.357704s
Total time: 0.809294s
Solution found.
Peak memory: 262332 KB
Running single search parser
