INFO     Running translator.
INFO     translator input: ['domain.pddl', 'problem.pddl']
INFO     translator arguments: []
INFO     translator time limit: None
INFO     translator memory limit: None
INFO     callstring: /usr/bin/python /mnt/data_server/torralba/subdominization/training/data/training_satellite/code-70296b3db083/builds/release32/bin/translate/translate.py domain.pddl problem.pddl
Parsing...
Parsing: [0.010s CPU, 0.014s wall-clock]
Normalizing task... [0.000s CPU, 0.000s wall-clock]
Instantiating...
Generating Datalog program... [0.000s CPU, 0.001s wall-clock]
Normalizing Datalog program...
Normalizing Datalog program: [0.000s CPU, 0.027s wall-clock]
Preparing model... [0.010s CPU, 0.003s wall-clock]
Generated 31 rules.
Computing model... [0.050s CPU, 0.053s wall-clock]
1950 relevant atoms
440 auxiliary atoms
2390 final queue length
3951 total queue pushes
Completing instantiation... [0.090s CPU, 0.088s wall-clock]
Instantiating: [0.150s CPU, 0.230s wall-clock]
Computing fact groups...
Finding invariants...
12 initial candidates
Finding invariants: [0.000s CPU, 0.003s wall-clock]
Checking invariant weight... [0.000s CPU, 0.000s wall-clock]
Instantiating groups... [0.000s CPU, 0.000s wall-clock]
Collecting mutex groups... [0.000s CPU, 0.000s wall-clock]
Choosing groups...
56 uncovered facts
Choosing groups: [0.000s CPU, 0.000s wall-clock]
Building translation key... [0.000s CPU, 0.001s wall-clock]
Computing fact groups: [0.000s CPU, 0.007s wall-clock]
Building STRIPS to SAS dictionary... [0.000s CPU, 0.000s wall-clock]
Building dictionary for full mutex groups... [0.000s CPU, 0.000s wall-clock]
Building mutex information...
Building mutex information: [0.000s CPU, 0.000s wall-clock]
Translating task...
Processing axioms...
Simplifying axioms... [0.000s CPU, 0.000s wall-clock]
Processing axioms: [0.010s CPU, 0.004s wall-clock]
Translating task: [0.090s CPU, 0.090s wall-clock]
21 effect conditions simplified
0 implied preconditions added
Detecting unreachable propositions...
0 operators removed
0 axioms removed
4 propositions removed
Detecting unreachable propositions: [0.050s CPU, 0.051s wall-clock]
Translator variables: 60
Translator derived variables: 0
Translator facts: 188
Translator goal facts: 7
Translator mutex groups: 4
Translator total mutex groups size: 76
Translator operators: 1609
Translator axioms: 0
Translator task size: 5615
Translator peak memory: 50372 KB
Writing output... [0.030s CPU, 0.125s wall-clock]
Done! [0.340s CPU, 0.523s wall-clock]
INFO     Running preprocessor (release32).
INFO     preprocessor input: output.sas
INFO     preprocessor arguments: []
INFO     preprocessor time limit: None
INFO     preprocessor memory limit: None
INFO     callstring: /mnt/data_server/torralba/subdominization/training/data/training_satellite/code-70296b3db083/builds/release32/bin/preprocess < output.sas
Building causal graph...
The causal graph is not acyclic.
26 variables of 60 necessary
0 of 4 mutex groups necessary.
1422 of 1609 operators necessary.
0 of 0 axiom rules necessary.
Initializing mutex computation...
Mutex computation initialized with 120 fluents.
iteration for mutex detection and operator pruning
Initialize m_index fw
Initialized mvalues forward: reached=676, notReached=12312, spurious=1412
Initialize m_ops fw
Computing mutexes...
Mutex computation finished with reached=12962, notReached=26, spurious=1412
0 operators are spurious because were not triggered
H^2 mutexes added fw: 26, unreachable: 0
0 of 1422 operators detected as spurious
iteration for mutex detection and operator pruning
Initialize m_index bw
Init values regression
Initialized mvalues backward: reached=3440, notReached=9522, spurious=1438
Initialize m_ops bw
Computing mutexes...
Mutex computation finished with reached=12962, notReached=0, spurious=1438
0 operators are spurious because were not triggered
H^2 mutexes added bw: 0, unreachable: 0
0 of 1422 operators detected as spurious
Total mutex and disambiguation time: 0.056792 iterations: 2
13 of 13 mutex groups necessary.
1422 of 1422 operators necessary.
0 of 0 axiom rules necessary.
Change id of operators: 1422
Change id of mutexes
Change id of goals
Change id of initial state
Remove unreachable facts from variables: 26
13 of 13 mutex groups necessary.
1422 of 1422 operators necessary.
0 of 0 axiom rules necessary.
Updating causal graph and pruning unnecessary facts
26 variables of 26 of 60 necessary
The causal graph is not acyclic.
26 variables of 26 necessary
13 of 13 mutex groups necessary.
1422 of 1422 operators necessary.
0 of 0 axiom rules necessary.
Building domain transition graphs...
solveable in poly time 0
Building successor generator...
Preprocessor variables: 26
Preprocessor facts: 120
Preprocessor derived variables: 0
Preprocessor operators: 1422
Preprocessor mutex groups: 13
Preprocessor task size: 4528
Writing output...
Preprocessor time: 0.0959319s
Preprocessor peak memory: 2932 KB
done
INFO     Running search (release32).
INFO     search input: output
INFO     search arguments: ['--search', 'sbd(store_operators_in_optimal_plan=true, cost_type=1)']
INFO     search time limit: 3600s
INFO     search memory limit: 4096 MB
INFO     search executable: /mnt/data_server/torralba/subdominization/training/data/training_satellite/code-70296b3db083/builds/release32/bin/downward
INFO     callstring: /mnt/data_server/torralba/subdominization/training/data/training_satellite/code-70296b3db083/builds/release32/bin/downward --search 'sbd(store_operators_in_optimal_plan=true, cost_type=1)' --internal-plan-file sas_plan < output
time limit 3600.00 -> (3600, 3601)
reading input... [t=0.000111714s]
done reading input! [t=0.0098385s]
packing state variables...done! [t=0.00985354s]
Variables: 26
FactPairs: 120
Bytes per state: 8
Building successor generator...done! [t=0.0106883s]
done initalizing global data [t=0.0106961s]
TR(time=60000, nodes=100000)
Mutex(time=60000, nodes=100000, type=edeletion)
Aux(time=2000, nodes=1000000)
Disj(nodes=2147483647)
Estimation: min_time(1000) time_penalty +(1000)*(2) nodes_penalty +(1000)*(2)
MaxStep(time=30000, nodes=100000000, nodes_per_planning_second=100)
Ratio useful: 0
   Min alloted time: 60000 nodes: 10000000
   Max alloted time: 60000 nodes: 15000000
   Mult alloted time: 2 nodes: 2
   Ratio after relax: 0.8
building causal graph...done! [t=0.000200296s]
Sym variable order: 12 9 13 14 10 11 2 1 5 7 6 23 22 0 8 4 17 19 3 24 25 20 21 16 15 18 
Initializing Symbolic Variables
Num variables: 26 => 42
Initialize Symbolic Manager(84, 190476, 16000000, 0)
Generating binary variables
Symbolic Variables... Done.
BOUND: 1 < 2147483647, total time: 0.53601s
BOUND: 2 < 2147483647, total time: 0.536405s
BOUND: 3 < 2147483647, total time: 0.536992s
BOUND: 4 < 2147483647, total time: 0.537595s
BOUND: 5 < 2147483647, total time: 0.538986s
BOUND: 6 < 2147483647, total time: 0.539884s
BOUND: 7 < 2147483647, total time: 0.540914s
BOUND: 8 < 2147483647, total time: 0.542619s
BOUND: 9 < 2147483647, total time: 0.545924s
BOUND: 10 < 2147483647, total time: 0.549096s
BOUND: 11 < 2147483647, total time: 0.555427s
BOUND: 12 < 2147483647, total time: 0.561661s
BOUND: 13 < 2147483647, total time: 0.572421s
Solution found with cost 13 total time: 0.581353s
Merging: 1
8 0.651813 1 174
Merging: 17
7 0.711353 1 174
Merging: 17
6 0.767104 1 155
Merging: 41
5 0.817065 1 156
Merging: 45
4 0.862818 1 142
Merging: 47
3 0.908813 1 153
Merging: 23
2 0.955893 1 133
Merging: 13
1 0.997067 1 94
Merging: 1
5 1.02367 1 174
Merging: 17
4 1.04436 1 155
Merging: 20
3 1.05781 1 134
Merging: 17
2 1.06984 1 89
Merging: 8
1 1.07994 1 70
BOUND: 13 < 13, total time: 1.08804s
Actual search time: 0.553935s [t=1.08999s]
turn_to satellite3 groundstation8 star1 (1)
switch_on instrument4 satellite3 (1)
calibrate satellite3 instrument4 groundstation8 (1)
turn_to satellite3 planet15 groundstation8 (1)
take_image satellite3 planet15 instrument4 image1 (1)
turn_to satellite3 phenomenon18 planet15 (1)
turn_to satellite0 groundstation3 planet15 (1)
take_image satellite3 phenomenon18 instrument4 image1 (1)
turn_to satellite1 star2 groundstation5 (1)
turn_to satellite3 star16 phenomenon18 (1)
take_image satellite3 star16 instrument4 infrared0 (1)
turn_to satellite3 planet17 star16 (1)
take_image satellite3 planet17 instrument4 infrared0 (1)
Plan length: 13 step(s).
Plan cost: 13
Bytes per state: 8
Search time: 0.583242s
Total time: 1.09s
Solution found.
Peak memory: 233996 KB
Running single search parser
