INFO     Running translator.
INFO     translator input: ['domain.pddl', 'problem.pddl']
INFO     translator arguments: []
INFO     translator time limit: None
INFO     translator memory limit: None
INFO     callstring: /usr/bin/python /mnt/data_server/torralba/subdominization/training/data/training_agricola/code-70296b3db083/builds/release32/bin/translate/translate.py domain.pddl problem.pddl
Parsing...
Parsing: [0.030s CPU, 0.038s wall-clock]
Normalizing task... [0.000s CPU, 0.001s wall-clock]
Instantiating...
Generating Datalog program... [0.000s CPU, 0.006s wall-clock]
Normalizing Datalog program...
Normalizing Datalog program: [0.010s CPU, 0.025s wall-clock]
Preparing model... [0.020s CPU, 0.016s wall-clock]
Generated 258 rules.
Computing model... [1.920s CPU, 1.929s wall-clock]
48835 relevant atoms
1588 auxiliary atoms
50423 final queue length
182745 total queue pushes
Completing instantiation... [9.340s CPU, 9.391s wall-clock]
Instantiating: [11.320s CPU, 12.012s wall-clock]
Computing fact groups...
Finding invariants...
44 initial candidates
Finding invariants: [0.210s CPU, 0.207s wall-clock]
Checking invariant weight... [0.000s CPU, 0.001s wall-clock]
Instantiating groups... [0.000s CPU, 0.002s wall-clock]
Collecting mutex groups... [0.000s CPU, 0.000s wall-clock]
Choosing groups...
114 uncovered facts
Choosing groups: [0.000s CPU, 0.000s wall-clock]
Building translation key... [0.010s CPU, 0.001s wall-clock]
Computing fact groups: [0.220s CPU, 0.214s wall-clock]
Building STRIPS to SAS dictionary... [0.000s CPU, 0.000s wall-clock]
Building dictionary for full mutex groups... [0.000s CPU, 0.000s wall-clock]
Building mutex information...
Building mutex information: [0.000s CPU, 0.000s wall-clock]
Translating task...
Processing axioms...
Simplifying axioms... [0.000s CPU, 0.000s wall-clock]
Processing axioms: [0.360s CPU, 0.358s wall-clock]
Translating task: [8.010s CPU, 8.052s wall-clock]
51815 effect conditions simplified
0 implied preconditions added
Detecting unreachable propositions...
0 operators removed
0 axioms removed
35 propositions removed
Detecting unreachable propositions: [3.860s CPU, 3.875s wall-clock]
Translator variables: 110
Translator derived variables: 0
Translator facts: 250
Translator goal facts: 1
Translator mutex groups: 7
Translator total mutex groups size: 44
Translator operators: 48179
Translator axioms: 0
Translator task size: 541836
Translator peak memory: 540736 KB
Writing output... [1.100s CPU, 1.228s wall-clock]
Done! [24.790s CPU, 25.667s wall-clock]
INFO     Running preprocessor (release32).
INFO     preprocessor input: output.sas
INFO     preprocessor arguments: []
INFO     preprocessor time limit: None
INFO     preprocessor memory limit: None
INFO     callstring: /mnt/data_server/torralba/subdominization/training/data/training_agricola/code-70296b3db083/builds/release32/bin/preprocess < output.sas
Building causal graph...
The causal graph is not acyclic.
104 variables of 110 necessary
0 of 7 mutex groups necessary.
48179 of 48179 operators necessary.
0 of 0 axiom rules necessary.
Initializing mutex computation...
Mutex computation initialized with 238 fluents.
iteration for mutex detection and operator pruning
Initialize m_index fw
Initialized mvalues forward: reached=10816, notReached=45264, spurious=564
Initialize m_ops fw
Computing mutexes...
Mutex computation finished with reached=49862, notReached=6218, spurious=564
29890 operators are spurious because were not triggered
Unreachable proposition: Atom harvest_phase(stage5, harvest_feeding)
Unreachable proposition: Atom harvest_phase(stage5, harvest_breeding)
H^2 mutexes added fw: 5274, unreachable: 2
0 of 18289 operators detected as spurious
iteration for mutex detection and operator pruning
Initialize m_index bw
Init values regression
Initialized mvalues backward: reached=31497, notReached=18365, spurious=6782
Initialize m_ops bw
Computing mutexes...
Mutex computation finished with reached=49830, notReached=32, spurious=6782
0 operators are spurious because were not triggered
H^2 mutexes added bw: 32, unreachable: 0
0 of 18289 operators detected as spurious
iteration for mutex detection and operator pruning
Initialize m_index fw
Initialized mvalues forward: reached=10816, notReached=39014, spurious=6814
Initialize m_ops fw
Computing mutexes...
Mutex computation finished with reached=49830, notReached=0, spurious=6814
0 operators are spurious because were not triggered
H^2 mutexes added fw: 0, unreachable: 0
0 of 18289 operators detected as spurious
Total mutex and disambiguation time: 9.98386 iterations: 3
2653 of 2653 mutex groups necessary.
18289 of 48179 operators necessary.
0 of 0 axiom rules necessary.
Change id of operators: 18289
Change id of mutexes
Change id of goals
Change id of initial state
Remove unreachable facts from variables: 104
2653 of 2653 mutex groups necessary.
18289 of 18289 operators necessary.
0 of 0 axiom rules necessary.
Updating causal graph and pruning unnecessary facts
102 variables of 104 of 110 necessary
The causal graph is not acyclic.
101 variables of 102 necessary
2591 of 2653 mutex groups necessary.
18289 of 18289 operators necessary.
0 of 0 axiom rules necessary.
Building domain transition graphs...
solveable in poly time 0
Building successor generator...
Preprocessor variables: 101
Preprocessor facts: 232
Preprocessor derived variables: 0
Preprocessor operators: 18289
Preprocessor mutex groups: 2591
Preprocessor task size: 197151
Writing output...
Preprocessor time: 12.4025s
Preprocessor peak memory: 147408 KB
done
INFO     Running search (release32).
INFO     search input: output
INFO     search arguments: ['--search', 'sbw(store_operators_in_optimal_plan=true, cost_type=1)']
INFO     search time limit: 3600s
INFO     search memory limit: 4096 MB
INFO     search executable: /mnt/data_server/torralba/subdominization/training/data/training_agricola/code-70296b3db083/builds/release32/bin/downward
INFO     callstring: /mnt/data_server/torralba/subdominization/training/data/training_agricola/code-70296b3db083/builds/release32/bin/downward --search 'sbw(store_operators_in_optimal_plan=true, cost_type=1)' --internal-plan-file sas_plan < output
time limit 3600.00 -> (3600, 3601)
reading input... [t=0.000124032s]
done reading input! [t=0.283214s]
packing state variables...done! [t=0.283246s]
Variables: 101
FactPairs: 232
Bytes per state: 16
Building successor generator...done! [t=0.385303s]
done initalizing global data [t=0.385325s]
TR(time=60000, nodes=100000)
Mutex(time=60000, nodes=100000, type=edeletion)
Aux(time=2000, nodes=1000000)
Disj(nodes=2147483647)
Estimation: min_time(1000) time_penalty +(1000)*(2) nodes_penalty +(1000)*(2)
MaxStep(time=30000, nodes=100000000, nodes_per_planning_second=100)
Ratio useful: 0
   Min alloted time: 60000 nodes: 10000000
   Max alloted time: 60000 nodes: 15000000
   Mult alloted time: 2 nodes: 2
   Ratio after relax: 0.8
building causal graph...done! [t=0.0272529s]
Sym variable order: 100 8 7 6 54 55 56 57 50 51 52 53 80 81 82 9 16 2 11 1 13 12 3 4 0 95 96 86 87 88 99 73 64 65 66 74 71 72 24 85 84 25 26 68 28 69 37 38 39 47 70 49 34 36 35 33 31 98 91 29 90 76 77 75 10 23 97 78 79 83 62 63 89 67 94 60 58 61 59 92 93 41 32 42 40 48 44 45 46 43 22 30 27 14 20 18 17 21 19 15 5 
Initializing Symbolic Variables
Num variables: 101 => 113
Initialize Symbolic Manager(226, 70796, 16000000, 0)
Generating binary variables
Symbolic Variables... Done.
BOUND: 1 < 2147483647, total time: 3.28206s
BOUND: 2 < 2147483647, total time: 3.30769s
BOUND: 3 < 2147483647, total time: 3.31128s
BOUND: 4 < 2147483647, total time: 3.31523s
BOUND: 5 < 2147483647, total time: 3.32039s
BOUND: 6 < 2147483647, total time: 3.32896s
BOUND: 7 < 2147483647, total time: 3.349s
BOUND: 8 < 2147483647, total time: 3.48944s
BOUND: 9 < 2147483647, total time: 4.02168s
BOUND: 10 < 2147483647, total time: 5.19777s
BOUND: 11 < 2147483647, total time: 6.75901s
BOUND: 12 < 2147483647, total time: 7.91885s
BOUND: 13 < 2147483647, total time: 8.45359s
BOUND: 14 < 2147483647, total time: 8.75378s
BOUND: 15 < 2147483647, total time: 9.11188s
BOUND: 16 < 2147483647, total time: 10.6031s
BOUND: 17 < 2147483647, total time: 11.7251s
BOUND: 18 < 2147483647, total time: 13.092s
BOUND: 19 < 2147483647, total time: 14.2782s
BOUND: 20 < 2147483647, total time: 14.9601s
BOUND: 21 < 2147483647, total time: 15.2941s
BOUND: 22 < 2147483647, total time: 15.4861s
BOUND: 23 < 2147483647, total time: 15.6764s
BOUND: 24 < 2147483647, total time: 16.0258s
BOUND: 25 < 2147483647, total time: 16.5452s
BOUND: 26 < 2147483647, total time: 17.3269s
BOUND: 27 < 2147483647, total time: 18.5315s
BOUND: 28 < 2147483647, total time: 20.096s
BOUND: 29 < 2147483647, total time: 21.9787s
BOUND: 30 < 2147483647, total time: 23.9167s
BOUND: 31 < 2147483647, total time: 25.5041s
BOUND: 32 < 2147483647, total time: 26.6773s
BOUND: 33 < 2147483647, total time: 28.8261s
BOUND: 34 < 2147483647, total time: 30.0278s
BOUND: 35 < 2147483647, total time: 31.1751s
BOUND: 36 < 2147483647, total time: 32.0423s
BOUND: 37 < 2147483647, total time: 32.8862s
BOUND: 38 < 2147483647, total time: 33.8643s
BOUND: 39 < 2147483647, total time: 34.9327s
BOUND: 40 < 2147483647, total time: 35.855s
BOUND: 41 < 2147483647, total time: 36.3761s
BOUND: 42 < 2147483647, total time: 36.638s
BOUND: 43 < 2147483647, total time: 37.1061s
BOUND: 44 < 2147483647, total time: 38.0933s
BOUND: 45 < 2147483647, total time: 39.4702s
BOUND: 46 < 2147483647, total time: 40.9134s
BOUND: 47 < 2147483647, total time: 41.9613s
BOUND: 48 < 2147483647, total time: 42.6939s
BOUND: 49 < 2147483647, total time: 43.6565s
BOUND: 50 < 2147483647, total time: 45.0006s
BOUND: 51 < 2147483647, total time: 48.0351s
BOUND: 52 < 2147483647, total time: 49.5469s
BOUND: 53 < 2147483647, total time: 50.4209s
BOUND: 54 < 2147483647, total time: 50.8153s
BOUND: 55 < 2147483647, total time: 50.9452s
BOUND: 56 < 2147483647, total time: 51.0852s
BOUND: 57 < 2147483647, total time: 51.3365s
BOUND: 58 < 2147483647, total time: 51.6322s
BOUND: 59 < 2147483647, total time: 51.8927s
BOUND: 60 < 2147483647, total time: 52.0582s
BOUND: 61 < 2147483647, total time: 52.1411s
BOUND: 62 < 2147483647, total time: 52.1881s
BOUND: 63 < 2147483647, total time: 52.2418s
BOUND: 64 < 2147483647, total time: 52.3347s
BOUND: 65 < 2147483647, total time: 52.4191s
BOUND: 66 < 2147483647, total time: 52.4877s
Solution found with cost 66 total time: 52.5487s
Merging: 1
66 54.3441 1 114
Merging: 8
65 54.4043 1 349
Merging: 8
64 54.4919 1 295
Merging: 1
63 54.5746 1 295
Merging: 6
62 54.6624 1 138
Merging: 1
61 54.7425 1 138
Merging: 8
60 54.8226 1 728
Merging: 8
59 54.9216 1 653
Merging: 1
58 55.0107 1 653
Merging: 6
57 55.0991 1 178
Merging: 1
56 55.1813 1 178
Merging: 16
55 55.2677 1 1340
Merging: 16
54 55.397 1 1222
Merging: 1
53 55.5066 1 1222
Merging: 6
52 55.6167 1 245
Merging: 1
51 55.7103 1 245
Merging: 19
50 55.8161 1 2809
Merging: 19
49 56.0319 1 2624
Merging: 1
48 56.2008 1 2624
Merging: 6
47 56.3664 1 339
Merging: 1
46 56.4758 1 339
Merging: 1
45 56.5431 1 339
Merging: 1
44 56.622 1 339
Merging: 1
43 56.6781 1 339
Merging: 22
42 56.801 1 3510
Merging: 22
41 57.1228 1 3237
Merging: 1
40 57.3609 1 3237
Merging: 6
39 57.5829 1 285
Merging: 1
38 57.7044 1 285
Merging: 25
37 57.8339 1 2324
Merging: 25
36 58.1639 1 2120
Merging: 1
35 58.4245 1 2120
Merging: 6
34 58.6824 1 341
Merging: 1
33 58.8274 1 341
Merging: 1
32 58.979 1 341
Merging: 9
31 59.1336 1 740
Merging: 1
30 59.3607 1 740
Merging: 6
29 59.582 1 312
Merging: 1
28 59.7117 1 312
Merging: 1
27 59.7824 1 312
Merging: 1
26 59.875 1 312
Merging: 1
25 59.9392 1 312
Merging: 34
24 60.0824 1 4270
Merging: 53
23 60.7206 1 18596
Merging: 1
22 62.2208 1 18596
Merging: 6
21 63.5887 1 663
Merging: 1
20 63.852 1 663
Merging: 73
19 64.1625 1 21581
Merging: 73
18 66.098 1 29761
Merging: 1
17 67.8245 1 29761
Merging: 6
16 69.5267 1 652
Merging: 1
15 69.8018 1 652
Merging: 9
14 69.8884 1 613
Merging: 1
13 70.0394 1 613
Merging: 1
12 70.1319 1 613
Merging: 70
11 70.4396 1 27589
Merging: 87
10 73.3394 1 98461
Merging: 1
9 78.3879 1 98461
Merging: 6
8 83.0479 1 873
Merging: 1
7 83.3966 1 873
Merging: 111
6 83.8446 1 55388
Merging: 108
5 89.1034 1 109350
Merging: 2
4 94.1706 1 108714
Merging: 6
3 99.0936 1 1083
Merging: 1
2 99.491 1 1083
Merging: 20
1 99.5952 1 1068
BOUND: 66 < 66, total time: 99.8552s
Actual search time: 96.5761s [t=99.8583s]
collect_resource worker2 worker1 worker2 round1 act_clay clay (60)
take_food worker1 noworker worker2 round1 num0 num1 (60)
ag__finish_round_backhome round1 worker2 (1)
ag__finish_round_renew round1 noworker (1)
ag__advance_round_normal round1 round2 act_family (1)
collect_resource worker2 worker1 worker2 round2 act_clay clay (60)
take_food worker1 noworker worker2 round2 num1 num2 (60)
ag__finish_round_backhome round2 worker2 (1)
ag__finish_round_renew round2 noworker (1)
ag__advance_round_normal round2 round3 act_fences (1)
build_fences boar worker2 worker1 worker2 round3 (60)
take_food worker1 noworker worker2 round3 num2 num3 (60)
ag__finish_round_backhome round3 worker2 (1)
ag__finish_round_renew round3 noworker (1)
ag__advance_round_normal round3 round4 act_sheep (1)
build_fences boar worker2 worker1 worker2 round4 (60)
take_food worker1 noworker worker2 round4 num3 num4 (60)
ag__finish_round_backhome round4 worker2 (1)
ag__finish_round_renew round4 noworker (1)
ag__harvest_collect_end round4 stage1 (1)
ag__harvest_feed round4 stage1 worker2 num4 num4 num0 (1)
ag__harvest_breed_end round4 stage1 (1)
ag__finish_stage stage1 stage2 round4 round5 act_boar (1)
build_fences boar worker2 worker1 worker2 round5 (60)
take_food worker1 noworker worker2 round5 num0 num1 (60)
ag__finish_round_backhome round5 worker2 (1)
ag__finish_round_renew round5 noworker (1)
ag__advance_round_normal round5 round6 act_cattle (1)
collect_resource worker2 worker1 worker2 round6 act_stone stone (60)
take_food worker1 noworker worker2 round6 num1 num2 (60)
ag__finish_round_backhome round6 worker2 (1)
ag__finish_round_renew round6 noworker (1)
ag__advance_round_normal round6 round7 act_improve (1)
improve_home worker2 worker1 worker2 round7 fireplace (60)
collect_cook_animal boar act_boar worker1 noworker worker2 round7 num2 num4 (60)
ag__finish_round_backhome round7 worker2 (1)
ag__finish_round_renew round7 noworker (1)
ag__harvest_collect_end round7 stage2 (1)
ag__harvest_feed round7 stage2 worker2 num4 num4 num0 (1)
ag__harvest_breed_end round7 stage2 (1)
ag__finish_stage stage2 stage3 round7 round8 act_carrot (1)
build_fences boar worker2 worker1 worker2 round8 (60)
collect_animal boar act_sheep worker1 noworker worker2 round8 (60)
ag__finish_round_backhome round8 worker2 (1)
ag__finish_round_renew round8 noworker (1)
ag__advance_round_normal round8 round9 void (1)
collect_cook_animal boar act_cattle worker2 worker1 worker2 round9 num0 num2 (60)
collect_cook_animal boar act_sheep worker1 noworker worker2 round9 num2 num4 (60)
ag__finish_round_backhome round9 worker2 (1)
ag__finish_round_renew round9 noworker (1)
ag__harvest_collect_end round9 stage3 (1)
ag__harvest_feed round9 stage3 worker2 num4 num4 num0 (1)
ag__harvest_breed_end round9 stage3 (1)
ag__finish_stage stage3 stage4 round9 round10 void (1)
build_fences boar worker2 worker1 worker2 round10 (60)
collect_cook_animal boar act_sheep worker1 noworker worker2 round10 num0 num2 (60)
ag__finish_round_backhome round10 worker2 (1)
ag__finish_round_renew round10 noworker (1)
ag__advance_round_normal round10 round11 void (1)
build_fences boar worker2 worker1 worker2 round11 (60)
collect_cook_animal boar act_sheep worker1 noworker worker2 round11 num2 num4 (60)
ag__finish_round_backhome round11 worker2 (1)
ag__finish_round_renew round11 noworker (1)
ag__harvest_collect_end round11 stage4 (1)
ag__harvest_feed round11 stage4 worker2 num4 num4 num0 (1)
ag__harvest_breed_end round11 stage4 (1)
Plan length: 66 step(s).
Plan cost: 1364
Bytes per state: 16
Search time: 98.0276s
Total time: 99.8583s
Solution found.
Peak memory: 534384 KB
Running single search parser
