INFO     Running translator.
INFO     translator input: ['domain.pddl', 'problem.pddl']
INFO     translator arguments: []
INFO     translator time limit: None
INFO     translator memory limit: None
INFO     callstring: /usr/bin/python /mnt/data_server/torralba/subdominization/training/data/training_agricola/code-70296b3db083/builds/release32/bin/translate/translate.py domain.pddl problem.pddl
Parsing...
Parsing: [0.030s CPU, 0.031s wall-clock]
Normalizing task... [0.000s CPU, 0.001s wall-clock]
Instantiating...
Generating Datalog program... [0.010s CPU, 0.006s wall-clock]
Normalizing Datalog program...
Normalizing Datalog program: [0.010s CPU, 0.019s wall-clock]
Preparing model... [0.020s CPU, 0.016s wall-clock]
Generated 258 rules.
Computing model... [1.620s CPU, 1.645s wall-clock]
39948 relevant atoms
1490 auxiliary atoms
41438 final queue length
149435 total queue pushes
Completing instantiation... [10.210s CPU, 10.359s wall-clock]
Instantiating: [11.900s CPU, 12.336s wall-clock]
Computing fact groups...
Finding invariants...
44 initial candidates
Finding invariants: [0.180s CPU, 0.182s wall-clock]
Checking invariant weight... [0.000s CPU, 0.001s wall-clock]
Instantiating groups... [0.000s CPU, 0.002s wall-clock]
Collecting mutex groups... [0.000s CPU, 0.000s wall-clock]
Choosing groups...
104 uncovered facts
Choosing groups: [0.000s CPU, 0.000s wall-clock]
Building translation key... [0.000s CPU, 0.001s wall-clock]
Computing fact groups: [0.190s CPU, 0.188s wall-clock]
Building STRIPS to SAS dictionary... [0.000s CPU, 0.000s wall-clock]
Building dictionary for full mutex groups... [0.000s CPU, 0.000s wall-clock]
Building mutex information...
Building mutex information: [0.000s CPU, 0.000s wall-clock]
Translating task...
Processing axioms...
Simplifying axioms... [0.000s CPU, 0.000s wall-clock]
Processing axioms: [0.290s CPU, 0.295s wall-clock]
Translating task: [6.240s CPU, 6.272s wall-clock]
42097 effect conditions simplified
0 implied preconditions added
Detecting unreachable propositions...
0 operators removed
0 axioms removed
35 propositions removed
Detecting unreachable propositions: [3.640s CPU, 3.659s wall-clock]
Translator variables: 100
Translator derived variables: 0
Translator facts: 229
Translator goal facts: 1
Translator mutex groups: 7
Translator total mutex groups size: 43
Translator operators: 39319
Translator axioms: 0
Translator task size: 443510
Translator peak memory: 450232 KB
Writing output... [0.900s CPU, 0.975s wall-clock]
Done! [23.110s CPU, 23.672s wall-clock]
INFO     Running preprocessor (release32).
INFO     preprocessor input: output.sas
INFO     preprocessor arguments: []
INFO     preprocessor time limit: None
INFO     preprocessor memory limit: None
INFO     callstring: /mnt/data_server/torralba/subdominization/training/data/training_agricola/code-70296b3db083/builds/release32/bin/preprocess < output.sas
Building causal graph...
The causal graph is not acyclic.
94 variables of 100 necessary
0 of 7 mutex groups necessary.
39319 of 39319 operators necessary.
0 of 0 axiom rules necessary.
Initializing mutex computation...
Mutex computation initialized with 217 fluents.
iteration for mutex detection and operator pruning
Initialize m_index fw
Initialized mvalues forward: reached=8836, notReached=37717, spurious=536
Initialize m_ops fw
Computing mutexes...
Mutex computation finished with reached=41517, notReached=5036, spurious=536
28935 operators are spurious because were not triggered
Unreachable proposition: Atom harvest_phase(stage4, harvest_feeding)
Unreachable proposition: Atom harvest_phase(stage4, harvest_breeding)
H^2 mutexes added fw: 4176, unreachable: 2
0 of 10384 operators detected as spurious
iteration for mutex detection and operator pruning
Initialize m_index bw
Init values regression
Initialized mvalues backward: reached=28011, notReached=13506, spurious=5572
Initialize m_ops bw
Computing mutexes...
Mutex computation finished with reached=41495, notReached=22, spurious=5572
0 operators are spurious because were not triggered
H^2 mutexes added bw: 22, unreachable: 0
0 of 10384 operators detected as spurious
iteration for mutex detection and operator pruning
Initialize m_index fw
Initialized mvalues forward: reached=8836, notReached=32659, spurious=5594
Initialize m_ops fw
Computing mutexes...
Mutex computation finished with reached=41495, notReached=0, spurious=5594
0 operators are spurious because were not triggered
H^2 mutexes added fw: 0, unreachable: 0
0 of 10384 operators detected as spurious
Total mutex and disambiguation time: 5.36762 iterations: 3
2099 of 2099 mutex groups necessary.
10384 of 39319 operators necessary.
0 of 0 axiom rules necessary.
Change id of operators: 10384
Change id of mutexes
Change id of goals
Change id of initial state
Remove unreachable facts from variables: 94
2099 of 2099 mutex groups necessary.
10384 of 10384 operators necessary.
0 of 0 axiom rules necessary.
Updating causal graph and pruning unnecessary facts
92 variables of 94 of 100 necessary
The causal graph is not acyclic.
91 variables of 92 necessary
2048 of 2099 mutex groups necessary.
10384 of 10384 operators necessary.
0 of 0 axiom rules necessary.
Building domain transition graphs...
solveable in poly time 0
Building successor generator...
Preprocessor variables: 91
Preprocessor facts: 211
Preprocessor derived variables: 0
Preprocessor operators: 10384
Preprocessor mutex groups: 2048
Preprocessor task size: 112109
Writing output...
Preprocessor time: 6.76558s
Preprocessor peak memory: 90044 KB
done
INFO     Running search (release32).
INFO     search input: output
INFO     search arguments: ['--search', 'sbw(store_operators_in_optimal_plan=true, cost_type=1)']
INFO     search time limit: 3600s
INFO     search memory limit: 4096 MB
INFO     search executable: /mnt/data_server/torralba/subdominization/training/data/training_agricola/code-70296b3db083/builds/release32/bin/downward
INFO     callstring: /mnt/data_server/torralba/subdominization/training/data/training_agricola/code-70296b3db083/builds/release32/bin/downward --search 'sbw(store_operators_in_optimal_plan=true, cost_type=1)' --internal-plan-file sas_plan < output
time limit 3600.00 -> (3600, 3601)
reading input... [t=0.000117933s]
done reading input! [t=0.161106s]
packing state variables...done! [t=0.16114s]
Variables: 91
FactPairs: 211
Bytes per state: 16
Building successor generator...done! [t=0.214111s]
done initalizing global data [t=0.214131s]
TR(time=60000, nodes=100000)
Mutex(time=60000, nodes=100000, type=edeletion)
Aux(time=2000, nodes=1000000)
Disj(nodes=2147483647)
Estimation: min_time(1000) time_penalty +(1000)*(2) nodes_penalty +(1000)*(2)
MaxStep(time=30000, nodes=100000000, nodes_per_planning_second=100)
Ratio useful: 0
   Min alloted time: 60000 nodes: 10000000
   Max alloted time: 60000 nodes: 15000000
   Mult alloted time: 2 nodes: 2
   Ratio after relax: 0.8
building causal graph...done! [t=0.0156985s]
Sym variable order: 90 6 7 43 46 47 42 44 45 74 73 75 17 2 8 0 11 10 1 5 85 86 57 77 76 78 89 58 55 54 56 62 64 67 68 60 24 23 26 61 34 63 39 29 41 31 32 33 80 81 88 27 69 14 9 71 70 22 87 72 66 52 53 79 65 59 84 48 50 49 51 82 83 35 36 28 40 30 38 37 19 12 21 15 25 13 20 18 16 3 4 
Initializing Symbolic Variables
Num variables: 91 => 102
Initialize Symbolic Manager(204, 78431, 16000000, 0)
Generating binary variables
Symbolic Variables... Done.
BOUND: 1 < 2147483647, total time: 2.57827s
BOUND: 2 < 2147483647, total time: 2.60594s
BOUND: 3 < 2147483647, total time: 2.60912s
BOUND: 4 < 2147483647, total time: 2.61205s
BOUND: 5 < 2147483647, total time: 2.61618s
BOUND: 6 < 2147483647, total time: 2.62461s
BOUND: 7 < 2147483647, total time: 2.64549s
BOUND: 8 < 2147483647, total time: 2.80226s
BOUND: 9 < 2147483647, total time: 3.41198s
BOUND: 10 < 2147483647, total time: 4.82082s
BOUND: 11 < 2147483647, total time: 6.72424s
BOUND: 12 < 2147483647, total time: 8.15417s
BOUND: 13 < 2147483647, total time: 8.81841s
BOUND: 14 < 2147483647, total time: 9.14057s
BOUND: 15 < 2147483647, total time: 9.55341s
BOUND: 16 < 2147483647, total time: 10.3977s
BOUND: 17 < 2147483647, total time: 12.6115s
BOUND: 18 < 2147483647, total time: 14.2806s
BOUND: 19 < 2147483647, total time: 15.7476s
BOUND: 20 < 2147483647, total time: 16.564s
BOUND: 21 < 2147483647, total time: 16.9195s
BOUND: 22 < 2147483647, total time: 17.0595s
BOUND: 23 < 2147483647, total time: 17.1785s
BOUND: 24 < 2147483647, total time: 17.3658s
BOUND: 25 < 2147483647, total time: 17.6053s
BOUND: 26 < 2147483647, total time: 17.9052s
BOUND: 27 < 2147483647, total time: 18.2776s
BOUND: 28 < 2147483647, total time: 18.6181s
BOUND: 29 < 2147483647, total time: 19.0001s
BOUND: 30 < 2147483647, total time: 19.3681s
BOUND: 31 < 2147483647, total time: 19.7129s
BOUND: 32 < 2147483647, total time: 20.0422s
BOUND: 33 < 2147483647, total time: 20.2523s
BOUND: 34 < 2147483647, total time: 20.3871s
BOUND: 35 < 2147483647, total time: 20.5008s
BOUND: 36 < 2147483647, total time: 20.6059s
BOUND: 37 < 2147483647, total time: 20.6905s
BOUND: 38 < 2147483647, total time: 20.7678s
BOUND: 39 < 2147483647, total time: 20.8529s
BOUND: 40 < 2147483647, total time: 20.9655s
BOUND: 41 < 2147483647, total time: 21.0638s
BOUND: 42 < 2147483647, total time: 21.1147s
BOUND: 43 < 2147483647, total time: 21.1539s
BOUND: 44 < 2147483647, total time: 21.2196s
BOUND: 45 < 2147483647, total time: 21.3064s
BOUND: 46 < 2147483647, total time: 21.3619s
BOUND: 47 < 2147483647, total time: 21.3928s
BOUND: 48 < 2147483647, total time: 21.4155s
BOUND: 49 < 2147483647, total time: 21.4994s
BOUND: 50 < 2147483647, total time: 21.5412s
BOUND: 51 < 2147483647, total time: 21.5716s
BOUND: 52 < 2147483647, total time: 21.5907s
BOUND: 53 < 2147483647, total time: 21.6106s
Solution found with cost 53 total time: 21.6279s
Merging: 1
53 22.4763 1 103
Merging: 8
52 22.5087 1 329
Merging: 8
51 22.5546 1 282
Merging: 1
50 22.5977 1 282
Merging: 6
49 22.6407 1 120
Merging: 1
48 22.6822 1 120
Merging: 8
47 22.7264 1 727
Merging: 8
46 22.7858 1 660
Merging: 1
45 22.836 1 660
Merging: 6
44 22.8862 1 149
Merging: 1
43 22.9315 1 149
Merging: 13
42 22.9787 1 1267
Merging: 13
41 23.0496 1 1171
Merging: 1
40 23.1056 1 1171
Merging: 6
39 23.1608 1 181
Merging: 1
38 23.2081 1 181
Merging: 16
37 23.2588 1 1881
Merging: 16
36 23.3611 1 1753
Merging: 1
35 23.4323 1 1753
Merging: 6
34 23.503 1 235
Merging: 1
33 23.5553 1 235
Merging: 1
32 23.5907 1 235
Merging: 1
31 23.6305 1 235
Merging: 1
30 23.6614 1 235
Merging: 19
29 23.7219 1 4016
Merging: 19
28 23.9026 1 3837
Merging: 1
27 24.0288 1 3837
Merging: 6
26 24.147 1 303
Merging: 1
25 24.2135 1 303
Merging: 22
24 24.2903 1 6949
Merging: 22
23 24.6117 1 6705
Merging: 1
22 24.8222 1 6705
Merging: 6
21 25.0262 1 361
Merging: 1
20 25.1037 1 361
Merging: 25
19 25.1963 1 9275
Merging: 25
18 25.6709 1 8977
Merging: 1
17 25.9835 1 8977
Merging: 6
16 26.2817 1 392
Merging: 1
15 26.3685 1 392
Merging: 1
14 26.4095 1 392
Merging: 1
13 26.4642 1 392
Merging: 1
12 26.5017 1 392
Merging: 26
11 26.6017 1 4254
Merging: 35
10 26.9287 1 4850
Merging: 1
9 27.2688 1 4850
Merging: 6
8 27.5784 1 432
Merging: 1
7 27.6906 1 432
Merging: 53
6 27.8295 1 7631
Merging: 53
5 28.4521 1 9927
Merging: 1
4 28.9738 1 9927
Merging: 6
3 29.4761 1 419
Merging: 1
2 29.5859 1 419
Merging: 5
1 29.6273 1 426
BOUND: 53 < 53, total time: 29.6934s
Actual search time: 27.1168s [t=29.6951s]
collect_resource worker2 worker1 worker2 round1 act_clay clay (60)
take_food worker1 noworker worker2 round1 num1 num2 (60)
ag__finish_round_backhome round1 worker2 (1)
ag__finish_round_renew round1 noworker (1)
ag__advance_round_normal round1 round2 act_sheep (1)
collect_resource worker2 worker1 worker2 round2 act_clay clay (60)
take_food worker1 noworker worker2 round2 num2 num3 (60)
ag__finish_round_backhome round2 worker2 (1)
ag__finish_round_renew round2 noworker (1)
ag__advance_round_normal round2 round3 act_family (1)
collect_resource worker2 worker1 worker2 round3 act_clay clay (60)
take_food worker1 noworker worker2 round3 num3 num4 (60)
ag__finish_round_backhome round3 worker2 (1)
ag__finish_round_renew round3 noworker (1)
ag__advance_round_normal round3 round4 act_fences (1)
build_fences boar worker2 worker1 worker2 round4 (60)
take_food worker1 noworker worker2 round4 num4 num5 (60)
ag__finish_round_backhome round4 worker2 (1)
ag__finish_round_renew round4 noworker (1)
ag__harvest_collect_end round4 stage1 (1)
ag__harvest_feed round4 stage1 worker2 num5 num4 num1 (1)
ag__harvest_breed_end round4 stage1 (1)
ag__finish_stage stage1 stage2 round4 round5 act_carrot (1)
build_fences boar worker2 worker1 worker2 round5 (60)
take_food worker1 noworker worker2 round5 num1 num2 (60)
ag__finish_round_backhome round5 worker2 (1)
ag__finish_round_renew round5 noworker (1)
ag__advance_round_normal round5 round6 act_boar (1)
build_fences boar worker2 worker1 worker2 round6 (60)
take_food worker1 noworker worker2 round6 num2 num3 (60)
ag__finish_round_backhome round6 worker2 (1)
ag__finish_round_renew round6 noworker (1)
ag__advance_round_normal round6 round7 act_cattle (1)
build_fences boar worker2 worker1 worker2 round7 (60)
take_food worker1 noworker worker2 round7 num3 num4 (60)
ag__finish_round_backhome round7 worker2 (1)
ag__finish_round_renew round7 noworker (1)
ag__harvest_collect_end round7 stage2 (1)
ag__harvest_feed round7 stage2 worker2 num4 num4 num0 (1)
ag__harvest_breed_end round7 stage2 (1)
ag__finish_stage stage2 stage3 round7 round8 act_improve (1)
collect_resource worker2 worker1 worker2 round8 act_stone stone (60)
improve_home worker1 noworker worker2 round8 fireplace (60)
ag__finish_round_backhome round8 worker2 (1)
ag__finish_round_renew round8 noworker (1)
ag__advance_round_normal round8 round9 void (1)
collect_cook_animal boar act_boar worker2 worker1 worker2 round9 num0 num2 (60)
collect_cook_animal boar act_cattle worker1 noworker worker2 round9 num2 num4 (60)
ag__finish_round_backhome round9 worker2 (1)
ag__finish_round_renew round9 noworker (1)
ag__harvest_collect_end round9 stage3 (1)
ag__harvest_feed round9 stage3 worker2 num4 num4 num0 (1)
ag__harvest_breed_end round9 stage3 (1)
Plan length: 53 step(s).
Plan cost: 1115
Bytes per state: 16
Search time: 28.1421s
Total time: 29.6951s
Solution found.
Peak memory: 441448 KB
Running single search parser
