INFO     Running translator.
INFO     translator input: ['domain.pddl', 'problem.pddl']
INFO     translator arguments: []
INFO     translator time limit: None
INFO     translator memory limit: None
INFO     callstring: /usr/bin/python /mnt/data_server/torralba/subdominization/training/data/training_satellite/code-70296b3db083/builds/release32/bin/translate/translate.py domain.pddl problem.pddl
Parsing...
Parsing: [0.000s CPU, 0.037s wall-clock]
Normalizing task... [0.010s CPU, 0.000s wall-clock]
Instantiating...
Generating Datalog program... [0.000s CPU, 0.002s wall-clock]
Normalizing Datalog program...
Normalizing Datalog program: [0.000s CPU, 0.204s wall-clock]
Preparing model... [0.000s CPU, 0.002s wall-clock]
Generated 31 rules.
Computing model... [0.050s CPU, 0.043s wall-clock]
1529 relevant atoms
411 auxiliary atoms
1940 final queue length
3081 total queue pushes
Completing instantiation... [0.070s CPU, 0.067s wall-clock]
Instantiating: [0.120s CPU, 0.417s wall-clock]
Computing fact groups...
Finding invariants...
12 initial candidates
Finding invariants: [0.000s CPU, 0.004s wall-clock]
Checking invariant weight... [0.000s CPU, 0.000s wall-clock]
Instantiating groups... [0.000s CPU, 0.000s wall-clock]
Collecting mutex groups... [0.000s CPU, 0.000s wall-clock]
Choosing groups...
68 uncovered facts
Choosing groups: [0.000s CPU, 0.000s wall-clock]
Building translation key... [0.000s CPU, 0.001s wall-clock]
Computing fact groups: [0.000s CPU, 0.008s wall-clock]
Building STRIPS to SAS dictionary... [0.000s CPU, 0.000s wall-clock]
Building dictionary for full mutex groups... [0.000s CPU, 0.000s wall-clock]
Building mutex information...
Building mutex information: [0.010s CPU, 0.000s wall-clock]
Translating task...
Processing axioms...
Simplifying axioms... [0.000s CPU, 0.000s wall-clock]
Processing axioms: [0.000s CPU, 0.003s wall-clock]
Translating task: [0.060s CPU, 0.067s wall-clock]
24 effect conditions simplified
0 implied preconditions added
Detecting unreachable propositions...
0 operators removed
0 axioms removed
4 propositions removed
Detecting unreachable propositions: [0.040s CPU, 0.039s wall-clock]
Translator variables: 72
Translator derived variables: 0
Translator facts: 200
Translator goal facts: 1
Translator mutex groups: 4
Translator total mutex groups size: 64
Translator operators: 1201
Translator axioms: 0
Translator task size: 4397
Translator peak memory: 48620 KB
Writing output... [0.020s CPU, 0.266s wall-clock]
Done! [0.260s CPU, 0.838s wall-clock]
INFO     Running preprocessor (release32).
INFO     preprocessor input: output.sas
INFO     preprocessor arguments: []
INFO     preprocessor time limit: None
INFO     preprocessor memory limit: None
INFO     callstring: /mnt/data_server/torralba/subdominization/training/data/training_satellite/code-70296b3db083/builds/release32/bin/preprocess < output.sas
Building causal graph...
The causal graph is not acyclic.
18 variables of 72 necessary
0 of 4 mutex groups necessary.
747 of 1201 operators necessary.
0 of 0 axiom rules necessary.
Initializing mutex computation...
Mutex computation initialized with 78 fluents.
iteration for mutex detection and operator pruning
Initialize m_index fw
Initialized mvalues forward: reached=324, notReached=5010, spurious=750
Initialize m_ops fw
Computing mutexes...
Mutex computation finished with reached=5310, notReached=24, spurious=750
0 operators are spurious because were not triggered
H^2 mutexes added fw: 24, unreachable: 0
0 of 747 operators detected as spurious
iteration for mutex detection and operator pruning
Initialize m_index bw
Init values regression
Initialized mvalues backward: reached=5157, notReached=153, spurious=774
Initialize m_ops bw
Computing mutexes...
Mutex computation finished with reached=5310, notReached=0, spurious=774
0 operators are spurious because were not triggered
H^2 mutexes added bw: 0, unreachable: 0
0 of 747 operators detected as spurious
Total mutex and disambiguation time: 0.019318 iterations: 2
12 of 12 mutex groups necessary.
747 of 747 operators necessary.
0 of 0 axiom rules necessary.
Change id of operators: 747
Change id of mutexes
Change id of goals
Change id of initial state
Remove unreachable facts from variables: 18
12 of 12 mutex groups necessary.
747 of 747 operators necessary.
0 of 0 axiom rules necessary.
Updating causal graph and pruning unnecessary facts
18 variables of 18 of 72 necessary
The causal graph is not acyclic.
18 variables of 18 necessary
12 of 12 mutex groups necessary.
747 of 747 operators necessary.
0 of 0 axiom rules necessary.
Building domain transition graphs...
solveable in poly time 0
Building successor generator...
Preprocessor variables: 18
Preprocessor facts: 78
Preprocessor derived variables: 0
Preprocessor operators: 747
Preprocessor mutex groups: 12
Preprocessor task size: 2397
Writing output...
Preprocessor time: 0.0430059s
Preprocessor peak memory: 2620 KB
done
INFO     Running search (release32).
INFO     search input: output
INFO     search arguments: ['--search', 'sbd(store_operators_in_optimal_plan=true, cost_type=1)']
INFO     search time limit: 3600s
INFO     search memory limit: 4096 MB
INFO     search executable: /mnt/data_server/torralba/subdominization/training/data/training_satellite/code-70296b3db083/builds/release32/bin/downward
INFO     callstring: /mnt/data_server/torralba/subdominization/training/data/training_satellite/code-70296b3db083/builds/release32/bin/downward --search 'sbd(store_operators_in_optimal_plan=true, cost_type=1)' --internal-plan-file sas_plan < output
time limit 3600.00 -> (3600, 3601)
reading input... [t=0.000136328s]
done reading input! [t=0.00533451s]
packing state variables...done! [t=0.00534737s]
Variables: 18
FactPairs: 78
Bytes per state: 4
Building successor generator...done! [t=0.00575244s]
done initalizing global data [t=0.00575969s]
TR(time=60000, nodes=100000)
Mutex(time=60000, nodes=100000, type=edeletion)
Aux(time=2000, nodes=1000000)
Disj(nodes=2147483647)
Estimation: min_time(1000) time_penalty +(1000)*(2) nodes_penalty +(1000)*(2)
MaxStep(time=30000, nodes=100000000, nodes_per_planning_second=100)
Ratio useful: 0
   Min alloted time: 60000 nodes: 10000000
   Max alloted time: 60000 nodes: 15000000
   Mult alloted time: 2 nodes: 2
   Ratio after relax: 0.8
building causal graph...done! [t=0.000107442s]
Sym variable order: 3 5 4 6 0 12 16 14 17 2 15 13 1 11 8 10 9 7 
Initializing Symbolic Variables
Num variables: 18 => 27
Initialize Symbolic Manager(54, 296296, 16000000, 0)
Generating binary variables
Symbolic Variables... Done.
BOUND: 1 < 2147483647, total time: 0.411963s
BOUND: 2 < 2147483647, total time: 0.412216s
BOUND: 3 < 2147483647, total time: 0.412536s
BOUND: 4 < 2147483647, total time: 0.412893s
Solution found with cost 4 total time: 0.413283s
Merging: 1
1 0.418256 1 28
Merging: 1
3 0.424078 1 28
Merging: 1
2 0.427133 1 28
Merging: 1
1 0.42893 1 28
BOUND: 4 < 4, total time: 0.43188s
Actual search time: 0.0200631s [t=0.432073s]
switch_on instrument7 satellite3 (1)
calibrate satellite3 instrument7 groundstation5 (1)
turn_to satellite3 planet15 groundstation5 (1)
take_image satellite3 planet15 instrument7 spectrograph1 (1)
Plan length: 4 step(s).
Plan cost: 4
Bytes per state: 4
Search time: 0.032208s
Total time: 0.432084s
Solution found.
Peak memory: 256420 KB
Running single search parser
