INFO     Running translator.
INFO     translator input: ['domain.pddl', 'problem.pddl']
INFO     translator arguments: []
INFO     translator time limit: None
INFO     translator memory limit: None
INFO     callstring: /usr/bin/python /mnt/data_server/torralba/subdominization/training/data/training_satellite/code-70296b3db083/builds/release32/bin/translate/translate.py domain.pddl problem.pddl
Parsing...
Parsing: [0.020s CPU, 0.015s wall-clock]
Normalizing task... [0.000s CPU, 0.000s wall-clock]
Instantiating...
Generating Datalog program... [0.000s CPU, 0.001s wall-clock]
Normalizing Datalog program...
Normalizing Datalog program: [0.000s CPU, 0.079s wall-clock]
Preparing model... [0.010s CPU, 0.003s wall-clock]
Generated 31 rules.
Computing model... [0.010s CPU, 0.016s wall-clock]
574 relevant atoms
140 auxiliary atoms
714 final queue length
1098 total queue pushes
Completing instantiation... [0.020s CPU, 0.023s wall-clock]
Instantiating: [0.040s CPU, 0.125s wall-clock]
Computing fact groups...
Finding invariants...
12 initial candidates
Finding invariants: [0.010s CPU, 0.003s wall-clock]
Checking invariant weight... [0.000s CPU, 0.000s wall-clock]
Instantiating groups... [0.000s CPU, 0.000s wall-clock]
Collecting mutex groups... [0.000s CPU, 0.000s wall-clock]
Choosing groups...
34 uncovered facts
Choosing groups: [0.000s CPU, 0.000s wall-clock]
Building translation key... [0.000s CPU, 0.001s wall-clock]
Computing fact groups: [0.010s CPU, 0.005s wall-clock]
Building STRIPS to SAS dictionary... [0.000s CPU, 0.000s wall-clock]
Building dictionary for full mutex groups... [0.000s CPU, 0.000s wall-clock]
Building mutex information...
Building mutex information: [0.000s CPU, 0.000s wall-clock]
Translating task...
Processing axioms...
Simplifying axioms... [0.000s CPU, 0.000s wall-clock]
Processing axioms: [0.000s CPU, 0.001s wall-clock]
Translating task: [0.020s CPU, 0.023s wall-clock]
6 effect conditions simplified
0 implied preconditions added
Detecting unreachable propositions...
0 operators removed
0 axioms removed
2 propositions removed
Detecting unreachable propositions: [0.010s CPU, 0.013s wall-clock]
Translator variables: 36
Translator derived variables: 0
Translator facts: 96
Translator goal facts: 4
Translator mutex groups: 2
Translator total mutex groups size: 28
Translator operators: 414
Translator axioms: 0
Translator task size: 1500
Translator peak memory: 44876 KB
Writing output... [0.000s CPU, 0.049s wall-clock]
Done! [0.110s CPU, 0.231s wall-clock]
INFO     Running preprocessor (release32).
INFO     preprocessor input: output.sas
INFO     preprocessor arguments: []
INFO     preprocessor time limit: None
INFO     preprocessor memory limit: None
INFO     callstring: /mnt/data_server/torralba/subdominization/training/data/training_satellite/code-70296b3db083/builds/release32/bin/preprocess < output.sas
Building causal graph...
The causal graph is not acyclic.
12 variables of 36 necessary
0 of 2 mutex groups necessary.
379 of 414 operators necessary.
0 of 0 axiom rules necessary.
Initializing mutex computation...
Mutex computation initialized with 48 fluents.
iteration for mutex detection and operator pruning
Initialize m_index fw
Initialized mvalues forward: reached=144, notReached=1776, spurious=384
Initialize m_ops fw
Computing mutexes...
Mutex computation finished with reached=1912, notReached=8, spurious=384
0 operators are spurious because were not triggered
H^2 mutexes added fw: 8, unreachable: 0
0 of 379 operators detected as spurious
iteration for mutex detection and operator pruning
Initialize m_index bw
Init values regression
Initialized mvalues backward: reached=1552, notReached=360, spurious=392
Initialize m_ops bw
Computing mutexes...
Mutex computation finished with reached=1912, notReached=0, spurious=392
0 operators are spurious because were not triggered
H^2 mutexes added bw: 0, unreachable: 0
0 of 379 operators detected as spurious
Total mutex and disambiguation time: 0.006078 iterations: 2
4 of 4 mutex groups necessary.
379 of 379 operators necessary.
0 of 0 axiom rules necessary.
Change id of operators: 379
Change id of mutexes
Change id of goals
Change id of initial state
Remove unreachable facts from variables: 12
4 of 4 mutex groups necessary.
379 of 379 operators necessary.
0 of 0 axiom rules necessary.
Updating causal graph and pruning unnecessary facts
12 variables of 12 of 36 necessary
The causal graph is not acyclic.
12 variables of 12 necessary
4 of 4 mutex groups necessary.
379 of 379 operators necessary.
0 of 0 axiom rules necessary.
Building domain transition graphs...
solveable in poly time 0
Building successor generator...
Preprocessor variables: 12
Preprocessor facts: 48
Preprocessor derived variables: 0
Preprocessor operators: 379
Preprocessor mutex groups: 4
Preprocessor task size: 1233
Writing output...
Preprocessor time: 0.016806s
Preprocessor peak memory: 2244 KB
done
INFO     Running search (release32).
INFO     search input: output
INFO     search arguments: ['--search', 'sbd(store_operators_in_optimal_plan=true, cost_type=1)']
INFO     search time limit: 3600s
INFO     search memory limit: 4096 MB
INFO     search executable: /mnt/data_server/torralba/subdominization/training/data/training_satellite/code-70296b3db083/builds/release32/bin/downward
INFO     callstring: /mnt/data_server/torralba/subdominization/training/data/training_satellite/code-70296b3db083/builds/release32/bin/downward --search 'sbd(store_operators_in_optimal_plan=true, cost_type=1)' --internal-plan-file sas_plan < output
time limit 3600.00 -> (3600, 3601)
reading input... [t=0.000132474s]
done reading input! [t=0.00277569s]
packing state variables...done! [t=0.00278823s]
Variables: 12
FactPairs: 48
Bytes per state: 4
Building successor generator...done! [t=0.00300163s]
done initalizing global data [t=0.00300733s]
TR(time=60000, nodes=100000)
Mutex(time=60000, nodes=100000, type=edeletion)
Aux(time=2000, nodes=1000000)
Disj(nodes=2147483647)
Estimation: min_time(1000) time_penalty +(1000)*(2) nodes_penalty +(1000)*(2)
MaxStep(time=30000, nodes=100000000, nodes_per_planning_second=100)
Ratio useful: 0
   Min alloted time: 60000 nodes: 10000000
   Max alloted time: 60000 nodes: 15000000
   Mult alloted time: 2 nodes: 2
   Ratio after relax: 0.8
building causal graph...done! [t=6.49e-05s]
Sym variable order: 2 3 4 0 11 8 10 1 7 6 9 5 
Initializing Symbolic Variables
Num variables: 12 => 18
Initialize Symbolic Manager(36, 444444, 16000000, 0)
Generating binary variables
Symbolic Variables... Done.
BOUND: 1 < 2147483647, total time: 0.32228s
BOUND: 2 < 2147483647, total time: 0.322474s
BOUND: 3 < 2147483647, total time: 0.322682s
BOUND: 4 < 2147483647, total time: 0.322882s
BOUND: 5 < 2147483647, total time: 0.323096s
BOUND: 6 < 2147483647, total time: 0.323408s
BOUND: 7 < 2147483647, total time: 0.323642s
BOUND: 8 < 2147483647, total time: 0.32398s
BOUND: 9 < 2147483647, total time: 0.324494s
BOUND: 10 < 2147483647, total time: 0.325003s
BOUND: 11 < 2147483647, total time: 0.325641s
Solution found with cost 11 total time: 0.326228s
Merging: 1
7 0.334628 1 39
Merging: 4
6 0.339233 1 35
Merging: 12
5 0.343168 1 34
Merging: 4
4 0.346751 1 20
Merging: 4
3 0.349199 1 19
Merging: 1
2 0.351499 1 19
Merging: 2
1 0.353808 1 24
Merging: 1
4 0.3564 1 39
Merging: 12
3 0.358805 1 39
Merging: 4
2 0.361061 1 35
Merging: 12
1 0.363071 1 34
BOUND: 11 < 11, total time: 0.364891s
Actual search time: 0.0429242s [t=0.365257s]
turn_to satellite1 groundstation9 groundstation0 (1)
switch_on instrument1 satellite1 (1)
calibrate satellite1 instrument1 groundstation9 (1)
turn_to satellite1 phenomenon13 groundstation9 (1)
take_image satellite1 phenomenon13 instrument1 image0 (1)
turn_to satellite1 phenomenon10 phenomenon13 (1)
take_image satellite1 phenomenon10 instrument1 image0 (1)
turn_to satellite1 planet11 phenomenon10 (1)
take_image satellite1 planet11 instrument1 infrared1 (1)
turn_to satellite1 planet12 planet11 (1)
take_image satellite1 planet12 instrument1 image0 (1)
Plan length: 11 step(s).
Plan cost: 11
Bytes per state: 4
Search time: 0.0491645s
Total time: 0.365269s
Solution found.
Peak memory: 219288 KB
Running single search parser
