INFO     Running translator.
INFO     translator input: ['domain.pddl', 'problem.pddl']
INFO     translator arguments: []
INFO     translator time limit: None
INFO     translator memory limit: None
INFO     callstring: /usr/bin/python /mnt/data_server/torralba/subdominization/training/data/training_satellite/code-70296b3db083/builds/release32/bin/translate/translate.py domain.pddl problem.pddl
Parsing...
Parsing: [0.010s CPU, 0.123s wall-clock]
Normalizing task... [0.000s CPU, 0.000s wall-clock]
Instantiating...
Generating Datalog program... [0.000s CPU, 0.001s wall-clock]
Normalizing Datalog program...
Normalizing Datalog program: [0.010s CPU, 3.266s wall-clock]
Preparing model... [0.000s CPU, 0.002s wall-clock]
Generated 31 rules.
Computing model... [0.020s CPU, 0.019s wall-clock]
956 relevant atoms
314 auxiliary atoms
1270 final queue length
1942 total queue pushes
Completing instantiation... [0.030s CPU, 0.027s wall-clock]
Instantiating: [0.060s CPU, 3.365s wall-clock]
Computing fact groups...
Finding invariants...
12 initial candidates
Finding invariants: [0.010s CPU, 0.002s wall-clock]
Checking invariant weight... [0.000s CPU, 0.000s wall-clock]
Instantiating groups... [0.000s CPU, 0.000s wall-clock]
Collecting mutex groups... [0.000s CPU, 0.000s wall-clock]
Choosing groups...
44 uncovered facts
Choosing groups: [0.000s CPU, 0.000s wall-clock]
Building translation key... [0.000s CPU, 0.000s wall-clock]
Computing fact groups: [0.010s CPU, 0.004s wall-clock]
Building STRIPS to SAS dictionary... [0.000s CPU, 0.000s wall-clock]
Building dictionary for full mutex groups... [0.000s CPU, 0.000s wall-clock]
Building mutex information...
Building mutex information: [0.000s CPU, 0.000s wall-clock]
Translating task...
Processing axioms...
Simplifying axioms... [0.000s CPU, 0.000s wall-clock]
Processing axioms: [0.000s CPU, 0.001s wall-clock]
Translating task: [0.020s CPU, 0.025s wall-clock]
24 effect conditions simplified
0 implied preconditions added
Detecting unreachable propositions...
0 operators removed
0 axioms removed
4 propositions removed
Detecting unreachable propositions: [0.020s CPU, 0.013s wall-clock]
Translator variables: 48
Translator derived variables: 0
Translator facts: 136
Translator goal facts: 5
Translator mutex groups: 4
Translator total mutex groups size: 48
Translator operators: 708
Translator axioms: 0
Translator task size: 2705
Translator peak memory: 46344 KB
Writing output... [0.000s CPU, 0.060s wall-clock]
Done! [0.130s CPU, 3.593s wall-clock]
INFO     Running preprocessor (release32).
INFO     preprocessor input: output.sas
INFO     preprocessor arguments: []
INFO     preprocessor time limit: None
INFO     preprocessor memory limit: None
INFO     callstring: /mnt/data_server/torralba/subdominization/training/data/training_satellite/code-70296b3db083/builds/release32/bin/preprocess < output.sas
Building causal graph...
The causal graph is not acyclic.
29 variables of 48 necessary
0 of 4 mutex groups necessary.
586 of 708 operators necessary.
0 of 0 axiom rules necessary.
Initializing mutex computation...
Mutex computation initialized with 98 fluents.
iteration for mutex detection and operator pruning
Initialize m_index fw
Initialized mvalues forward: reached=841, notReached=8185, spurious=578
Initialize m_ops fw
Computing mutexes...
Mutex computation finished with reached=8992, notReached=34, spurious=578
0 operators are spurious because were not triggered
H^2 mutexes added fw: 34, unreachable: 0
0 of 586 operators detected as spurious
iteration for mutex detection and operator pruning
Initialize m_index bw
Init values regression
Initialized mvalues backward: reached=8047, notReached=945, spurious=612
Initialize m_ops bw
Computing mutexes...
Mutex computation finished with reached=8992, notReached=0, spurious=612
0 operators are spurious because were not triggered
H^2 mutexes added bw: 0, unreachable: 0
0 of 586 operators detected as spurious
Total mutex and disambiguation time: 0.017124 iterations: 2
17 of 17 mutex groups necessary.
586 of 586 operators necessary.
0 of 0 axiom rules necessary.
Change id of operators: 586
Change id of mutexes
Change id of goals
Change id of initial state
Remove unreachable facts from variables: 29
17 of 17 mutex groups necessary.
586 of 586 operators necessary.
0 of 0 axiom rules necessary.
Updating causal graph and pruning unnecessary facts
29 variables of 29 of 48 necessary
The causal graph is not acyclic.
29 variables of 29 necessary
17 of 17 mutex groups necessary.
586 of 586 operators necessary.
0 of 0 axiom rules necessary.
Building domain transition graphs...
solveable in poly time 0
Building successor generator...
Preprocessor variables: 29
Preprocessor facts: 98
Preprocessor derived variables: 0
Preprocessor operators: 586
Preprocessor mutex groups: 17
Preprocessor task size: 2024
Writing output...
Preprocessor time: 0.0373328s
Preprocessor peak memory: 2420 KB
done
INFO     Running search (release32).
INFO     search input: output
INFO     search arguments: ['--search', 'sbd(store_operators_in_optimal_plan=true, cost_type=1)']
INFO     search time limit: 3600s
INFO     search memory limit: 4096 MB
INFO     search executable: /mnt/data_server/torralba/subdominization/training/data/training_satellite/code-70296b3db083/builds/release32/bin/downward
INFO     callstring: /mnt/data_server/torralba/subdominization/training/data/training_satellite/code-70296b3db083/builds/release32/bin/downward --search 'sbd(store_operators_in_optimal_plan=true, cost_type=1)' --internal-plan-file sas_plan < output
time limit 3600.00 -> (3600, 3601)
reading input... [t=0.000116601s]
done reading input! [t=0.00605166s]
packing state variables...done! [t=0.00606937s]
Variables: 29
FactPairs: 98
Bytes per state: 8
Building successor generator...done! [t=0.00665842s]
done initalizing global data [t=0.00666443s]
TR(time=60000, nodes=100000)
Mutex(time=60000, nodes=100000, type=edeletion)
Aux(time=2000, nodes=1000000)
Disj(nodes=2147483647)
Estimation: min_time(1000) time_penalty +(1000)*(2) nodes_penalty +(1000)*(2)
MaxStep(time=30000, nodes=100000000, nodes_per_planning_second=100)
Ratio useful: 0
   Min alloted time: 60000 nodes: 10000000
   Max alloted time: 60000 nodes: 15000000
   Mult alloted time: 2 nodes: 2
   Ratio after relax: 0.8
building causal graph...done! [t=0.000238007s]
Sym variable order: 18 15 13 17 19 20 14 16 1 2 3 28 27 26 24 25 23 22 5 11 4 12 0 9 7 8 21 10 6 
Initializing Symbolic Variables
Num variables: 29 => 41
Initialize Symbolic Manager(82, 195121, 16000000, 0)
Generating binary variables
Symbolic Variables... Done.
BOUND: 1 < 2147483647, total time: 0.507203s
BOUND: 2 < 2147483647, total time: 0.507453s
BOUND: 3 < 2147483647, total time: 0.508579s
BOUND: 4 < 2147483647, total time: 0.509028s
BOUND: 5 < 2147483647, total time: 0.509685s
BOUND: 6 < 2147483647, total time: 0.510726s
BOUND: 7 < 2147483647, total time: 0.51262s
BOUND: 8 < 2147483647, total time: 0.517244s
BOUND: 9 < 2147483647, total time: 0.521728s
BOUND: 10 < 2147483647, total time: 0.530767s
BOUND: 11 < 2147483647, total time: 0.540757s
BOUND: 12 < 2147483647, total time: 0.557584s
Solution found with cost 12 total time: 0.577547s
Merging: 1
7 0.600163 1 90
Merging: 20
6 0.609287 1 89
Merging: 5
5 0.62009 1 82
Merging: 20
4 0.630425 1 79
Merging: 5
3 0.639419 1 45
Merging: 5
2 0.64454 1 42
Merging: 1
1 0.649079 1 42
Merging: 1
5 0.653061 1 90
Merging: 5
4 0.658665 1 90
Merging: 20
3 0.663925 1 89
Merging: 5
2 0.668825 1 82
Merging: 20
1 0.67347 1 79
BOUND: 12 < 12, total time: 0.677634s
Actual search time: 0.172123s [t=0.679361s]
switch_on instrument6 satellite2 (1)
calibrate satellite2 instrument6 star1 (1)
turn_to satellite2 star5 star1 (1)
take_image satellite2 star5 instrument6 image1 (1)
turn_to satellite2 phenomenon7 star5 (1)
take_image satellite2 phenomenon7 instrument6 image1 (1)
turn_to satellite2 phenomenon11 phenomenon7 (1)
take_image satellite2 phenomenon11 instrument6 image1 (1)
turn_to satellite2 star6 phenomenon11 (1)
take_image satellite2 star6 instrument6 thermograph0 (1)
turn_to satellite2 star9 star6 (1)
take_image satellite2 star9 instrument6 image1 (1)
Plan length: 12 step(s).
Plan cost: 12
Bytes per state: 8
Search time: 0.189114s
Total time: 0.679371s
Solution found.
Peak memory: 231368 KB
Running single search parser
