INFO     Running translator.
INFO     translator input: ['domain.pddl', 'problem.pddl']
INFO     translator arguments: []
INFO     translator time limit: None
INFO     translator memory limit: None
INFO     callstring: /usr/bin/python /mnt/data_server/torralba/subdominization/training/data/training_tpp/code-70296b3db083/builds/release32/bin/translate/translate.py domain.pddl problem.pddl
Parsing...
Parsing: [0.010s CPU, 0.011s wall-clock]
Normalizing task... [0.000s CPU, 0.000s wall-clock]
Instantiating...
Generating Datalog program... [0.000s CPU, 0.002s wall-clock]
Normalizing Datalog program...
Normalizing Datalog program: [0.000s CPU, 0.007s wall-clock]
Preparing model... [0.010s CPU, 0.005s wall-clock]
Generated 45 rules.
Computing model... [0.040s CPU, 0.037s wall-clock]
524 relevant atoms
1150 auxiliary atoms
1674 final queue length
1955 total queue pushes
Completing instantiation... [0.020s CPU, 0.021s wall-clock]
Instantiating: [0.080s CPU, 0.075s wall-clock]
Computing fact groups...
Finding invariants...
18 initial candidates
Finding invariants: [0.010s CPU, 0.010s wall-clock]
Checking invariant weight... [0.000s CPU, 0.001s wall-clock]
Instantiating groups... [0.000s CPU, 0.008s wall-clock]
Collecting mutex groups... [0.000s CPU, 0.000s wall-clock]
Choosing groups...
72 uncovered facts
Choosing groups: [0.000s CPU, 0.001s wall-clock]
Building translation key... [0.000s CPU, 0.001s wall-clock]
Computing fact groups: [0.020s CPU, 0.027s wall-clock]
Building STRIPS to SAS dictionary... [0.000s CPU, 0.001s wall-clock]
Building dictionary for full mutex groups... [0.000s CPU, 0.000s wall-clock]
Building mutex information...
Building mutex information: [0.000s CPU, 0.001s wall-clock]
Translating task...
Processing axioms...
Simplifying axioms... [0.000s CPU, 0.000s wall-clock]
Processing axioms: [0.000s CPU, 0.001s wall-clock]
Translating task: [0.020s CPU, 0.017s wall-clock]
0 effect conditions simplified
0 implied preconditions added
Detecting unreachable propositions...
0 operators removed
0 axioms removed
199 propositions removed
Detecting unreachable propositions: [0.010s CPU, 0.010s wall-clock]
Translator variables: 55
Translator derived variables: 0
Translator facts: 152
Translator goal facts: 9
Translator mutex groups: 55
Translator total mutex groups size: 152
Translator operators: 198
Translator axioms: 0
Translator task size: 1502
Translator peak memory: 45244 KB
Writing output... [0.000s CPU, 0.025s wall-clock]
Done! [0.150s CPU, 0.168s wall-clock]
INFO     Running preprocessor (release32).
INFO     preprocessor input: output.sas
INFO     preprocessor arguments: []
INFO     preprocessor time limit: None
INFO     preprocessor memory limit: None
INFO     callstring: /mnt/data_server/torralba/subdominization/training/data/training_tpp/code-70296b3db083/builds/release32/bin/preprocess < output.sas
Building causal graph...
The causal graph is not acyclic.
55 variables of 55 necessary
0 of 55 mutex groups necessary.
198 of 198 operators necessary.
0 of 0 axiom rules necessary.
Initializing mutex computation...
Mutex computation initialized with 152 fluents.
iteration for mutex detection and operator pruning
Initialize m_index fw
Initialized mvalues forward: reached=3025, notReached=19771, spurious=308
Initialize m_ops fw
Computing mutexes...
Mutex computation finished with reached=17684, notReached=5112, spurious=308
54 operators are spurious because were not triggered
Unreachable proposition: Atom ready-to-load(goods9, market1, level2)
Unreachable proposition: Atom ready-to-load(goods9, market2, level2)
Unreachable proposition: Atom ready-to-load(goods8, market1, level2)
Unreachable proposition: Atom ready-to-load(goods8, market2, level2)
Unreachable proposition: Atom ready-to-load(goods7, market1, level2)
Unreachable proposition: Atom ready-to-load(goods7, market2, level2)
Unreachable proposition: Atom ready-to-load(goods6, market2, level2)
Unreachable proposition: Atom ready-to-load(goods6, market5, level2)
Unreachable proposition: Atom ready-to-load(goods5, market2, level2)
Unreachable proposition: Atom ready-to-load(goods5, market4, level2)
Unreachable proposition: Atom ready-to-load(goods4, market2, level2)
Unreachable proposition: Atom ready-to-load(goods4, market4, level2)
Unreachable proposition: Atom ready-to-load(goods3, market1, level2)
Unreachable proposition: Atom ready-to-load(goods3, market2, level2)
Unreachable proposition: Atom ready-to-load(goods2, market2, level2)
Unreachable proposition: Atom ready-to-load(goods2, market3, level2)
Unreachable proposition: Atom ready-to-load(goods1, market2, level2)
Unreachable proposition: Atom ready-to-load(goods1, market5, level2)
H^2 mutexes added fw: 36, unreachable: 18
0 of 144 operators detected as spurious
iteration for mutex detection and operator pruning
Initialize m_index bw
Init values regression
Initialized mvalues backward: reached=13238, notReached=4446, spurious=5420
Initialize m_ops bw
Computing mutexes...
Mutex computation finished with reached=16644, notReached=1040, spurious=5420
16 operators are spurious because were not triggered
Unreachable proposition: Atom stored(goods8, level2)
Unreachable proposition: Atom stored(goods5, level2)
Unreachable proposition: Atom stored(goods3, level2)
Unreachable proposition: Atom stored(goods2, level2)
H^2 mutexes added bw: 0, unreachable: 4
0 of 128 operators detected as spurious
iteration for mutex detection and operator pruning
Initialize m_index fw
Initialized mvalues forward: reached=3025, notReached=13619, spurious=6460
Initialize m_ops fw
Computing mutexes...
Mutex computation finished with reached=16644, notReached=0, spurious=6460
0 operators are spurious because were not triggered
H^2 mutexes added fw: 0, unreachable: 0
0 of 128 operators detected as spurious
Total mutex and disambiguation time: 0.013802 iterations: 3
18 of 18 mutex groups necessary.
128 of 198 operators necessary.
0 of 0 axiom rules necessary.
Change id of operators: 128
Change id of mutexes
Change id of goals
Change id of initial state
Remove unreachable facts from variables: 55
18 of 18 mutex groups necessary.
128 of 128 operators necessary.
0 of 0 axiom rules necessary.
Updating causal graph and pruning unnecessary facts
55 variables of 55 of 55 necessary
The causal graph is not acyclic.
55 variables of 55 necessary
18 of 18 mutex groups necessary.
128 of 128 operators necessary.
0 of 0 axiom rules necessary.
Building domain transition graphs...
solveable in poly time 0
Building successor generator...
Preprocessor variables: 55
Preprocessor facts: 130
Preprocessor derived variables: 0
Preprocessor operators: 128
Preprocessor mutex groups: 18
Preprocessor task size: 944
Writing output...
Preprocessor time: 0.0240053s
Preprocessor peak memory: 2360 KB
done
INFO     Running search (release32).
INFO     search input: output
INFO     search arguments: ['--search', 'sbd(store_operators_in_optimal_plan=true, cost_type=1)']
INFO     search time limit: 3600s
INFO     search memory limit: 4096 MB
INFO     search executable: /mnt/data_server/torralba/subdominization/training/data/training_tpp/code-70296b3db083/builds/release32/bin/downward
INFO     callstring: /mnt/data_server/torralba/subdominization/training/data/training_tpp/code-70296b3db083/builds/release32/bin/downward --search 'sbd(store_operators_in_optimal_plan=true, cost_type=1)' --internal-plan-file sas_plan < output
time limit 3600.00 -> (3600, 3601)
reading input... [t=0.000125141s]
done reading input! [t=0.00207836s]
packing state variables...done! [t=0.00209462s]
Variables: 55
FactPairs: 130
Bytes per state: 12
Building successor generator...done! [t=0.00243207s]
done initalizing global data [t=0.00243832s]
TR(time=60000, nodes=100000)
Mutex(time=60000, nodes=100000, type=edeletion)
Aux(time=2000, nodes=1000000)
Disj(nodes=2147483647)
Estimation: min_time(1000) time_penalty +(1000)*(2) nodes_penalty +(1000)*(2)
MaxStep(time=30000, nodes=100000000, nodes_per_planning_second=100)
Ratio useful: 0
   Min alloted time: 60000 nodes: 10000000
   Max alloted time: 60000 nodes: 15000000
   Mult alloted time: 2 nodes: 2
   Ratio after relax: 0.8
building causal graph...done! [t=0.000206357s]
Sym variable order: 26 28 30 29 27 25 1 3 5 6 4 2 32 34 31 33 35 36 7 9 12 11 10 8 43 45 47 0 48 46 44 13 15 18 17 16 14 50 52 54 53 51 49 38 40 41 42 39 37 20 22 24 23 21 19 
Initializing Symbolic Variables
Num variables: 55 => 71
Initialize Symbolic Manager(142, 112676, 16000000, 0)
Generating binary variables
Symbolic Variables... Done.
BOUND: 1 < 2147483647, total time: 0.628613s
BOUND: 2 < 2147483647, total time: 0.628854s
BOUND: 3 < 2147483647, total time: 0.629371s
BOUND: 4 < 2147483647, total time: 0.629514s
BOUND: 5 < 2147483647, total time: 0.629709s
BOUND: 6 < 2147483647, total time: 0.630135s
BOUND: 7 < 2147483647, total time: 0.630743s
BOUND: 8 < 2147483647, total time: 0.63156s
BOUND: 9 < 2147483647, total time: 0.632456s
BOUND: 10 < 2147483647, total time: 0.633981s
BOUND: 11 < 2147483647, total time: 0.635504s
BOUND: 12 < 2147483647, total time: 0.638772s
BOUND: 13 < 2147483647, total time: 0.641505s
BOUND: 14 < 2147483647, total time: 0.646481s
BOUND: 15 < 2147483647, total time: 0.650708s
BOUND: 16 < 2147483647, total time: 0.659096s
BOUND: 17 < 2147483647, total time: 0.664893s
BOUND: 18 < 2147483647, total time: 0.672196s
BOUND: 19 < 2147483647, total time: 0.685648s
BOUND: 20 < 2147483647, total time: 0.695074s
BOUND: 21 < 2147483647, total time: 0.706608s
BOUND: 22 < 2147483647, total time: 0.726584s
BOUND: 23 < 2147483647, total time: 0.742299s
BOUND: 24 < 2147483647, total time: 0.770429s
BOUND: 25 < 2147483647, total time: 0.789365s
BOUND: 26 < 2147483647, total time: 0.810707s
BOUND: 27 < 2147483647, total time: 0.848151s
BOUND: 28 < 2147483647, total time: 0.875321s
BOUND: 29 < 2147483647, total time: 0.90283s
BOUND: 30 < 2147483647, total time: 0.950181s
BOUND: 31 < 2147483647, total time: 0.981384s
BOUND: 32 < 2147483647, total time: 1.01159s
BOUND: 33 < 2147483647, total time: 1.04304s
BOUND: 34 < 2147483647, total time: 1.0745s
BOUND: 35 < 2147483647, total time: 1.142s
BOUND: 36 < 2147483647, total time: 1.18096s
BOUND: 37 < 2147483647, total time: 1.21471s
BOUND: 38 < 2147483647, total time: 1.2482s
BOUND: 39 < 2147483647, total time: 1.28207s
BOUND: 40 < 2147483647, total time: 1.31611s
BOUND: 41 < 2147483647, total time: 1.35057s
BOUND: 42 < 2147483647, total time: 1.38613s
BOUND: 43 < 2147483647, total time: 1.42067s
BOUND: 44 < 2147483647, total time: 1.45532s
BOUND: 45 < 2147483647, total time: 1.48883s
BOUND: 46 < 2147483647, total time: 1.5224s
BOUND: 47 < 2147483647, total time: 1.55565s
BOUND: 48 < 2147483647, total time: 1.58875s
Solution found with cost 48 total time: 1.61116s
Merging: 1
35 1.6527 1 216
Merging: 9
34 1.66014 1 99
Merging: 1
33 1.66285 1 99
Merging: 2
32 1.66587 1 118
Merging: 4
31 1.66944 1 131
Merging: 5
30 1.67308 1 154
Merging: 11
29 1.67768 1 236
Merging: 19
28 1.68665 1 295
Merging: 18
27 1.69909 1 372
Merging: 18
26 1.71501 1 442
Merging: 18
25 1.73281 1 501
Merging: 18
24 1.75179 1 560
Merging: 18
23 1.7747 1 592
Merging: 18
22 1.7993 1 621
Merging: 18
21 1.82495 1 613
Merging: 18
20 1.85045 1 602
Merging: 18
19 1.87446 1 566
Merging: 18
18 1.89741 1 525
Merging: 19
17 1.91783 1 498
Merging: 22
16 1.93824 1 494
Merging: 27
15 1.9587 1 460
Merging: 26
14 1.97683 1 409
Merging: 27
13 1.99261 1 341
Merging: 17
12 2.00687 1 270
Merging: 9
11 2.01583 1 253
Merging: 8
10 2.024 1 226
Merging: 8
9 2.03071 1 196
Merging: 9
8 2.03562 1 136
Merging: 6
7 2.03965 1 110
Merging: 5
6 2.04315 1 126
Merging: 4
5 2.04695 1 126
Merging: 4
4 2.05061 1 126
Merging: 5
3 2.0544 1 105
Merging: 3
2 2.05766 1 76
Merging: 2
1 2.06032 1 72
Merging: 1
13 2.06253 1 216
Merging: 14
12 2.06636 1 325
Merging: 14
11 2.06999 1 418
Merging: 14
10 2.07408 1 487
Merging: 14
9 2.07841 1 550
Merging: 14
8 2.08286 1 595
Merging: 14
7 2.08731 1 614
Merging: 14
6 2.0916 1 594
Merging: 14
5 2.09558 1 549
Merging: 14
4 2.09902 1 485
Merging: 14
3 2.10208 1 417
Merging: 14
2 2.10459 1 324
Merging: 14
1 2.10623 1 215
BOUND: 48 < 48, total time: 2.10717s
Actual search time: 1.48684s [t=2.11554s]
drive truck1 depot1 market3 (1)
drive truck1 market3 market5 (1)
buy truck1 goods6 market5 level0 level1 level0 level1 (1)
load goods6 truck1 market5 level0 level1 level0 level1 (1)
buy truck1 goods1 market5 level0 level1 level0 level1 (1)
load goods1 truck1 market5 level0 level1 level0 level1 (1)
drive truck1 market5 market1 (1)
buy truck1 goods9 market1 level0 level1 level0 level1 (1)
load goods9 truck1 market1 level0 level1 level0 level1 (1)
buy truck1 goods7 market1 level0 level1 level0 level1 (1)
load goods7 truck1 market1 level0 level1 level0 level1 (1)
drive truck1 market1 market2 (1)
buy truck1 goods9 market2 level0 level1 level0 level1 (1)
load goods9 truck1 market2 level0 level1 level1 level2 (1)
buy truck1 goods8 market2 level0 level1 level0 level1 (1)
load goods8 truck1 market2 level0 level1 level0 level1 (1)
buy truck1 goods7 market2 level0 level1 level0 level1 (1)
load goods7 truck1 market2 level0 level1 level1 level2 (1)
buy truck1 goods6 market2 level0 level1 level0 level1 (1)
load goods6 truck1 market2 level0 level1 level1 level2 (1)
buy truck1 goods5 market2 level0 level1 level0 level1 (1)
load goods5 truck1 market2 level0 level1 level0 level1 (1)
buy truck1 goods4 market2 level0 level1 level0 level1 (1)
load goods4 truck1 market2 level0 level1 level0 level1 (1)
buy truck1 goods3 market2 level0 level1 level0 level1 (1)
load goods3 truck1 market2 level0 level1 level0 level1 (1)
buy truck1 goods2 market2 level0 level1 level0 level1 (1)
load goods2 truck1 market2 level0 level1 level0 level1 (1)
buy truck1 goods1 market2 level0 level1 level0 level1 (1)
load goods1 truck1 market2 level0 level1 level1 level2 (1)
drive truck1 market2 market4 (1)
buy truck1 goods4 market4 level0 level1 level0 level1 (1)
load goods4 truck1 market4 level0 level1 level1 level2 (1)
drive truck1 market4 depot2 (1)
unload goods1 truck1 depot2 level1 level2 level0 level1 (1)
unload goods1 truck1 depot2 level0 level1 level1 level2 (1)
unload goods2 truck1 depot2 level0 level1 level0 level1 (1)
unload goods3 truck1 depot2 level0 level1 level0 level1 (1)
unload goods4 truck1 depot2 level1 level2 level0 level1 (1)
unload goods4 truck1 depot2 level0 level1 level1 level2 (1)
unload goods5 truck1 depot2 level0 level1 level0 level1 (1)
unload goods6 truck1 depot2 level1 level2 level0 level1 (1)
unload goods6 truck1 depot2 level0 level1 level1 level2 (1)
unload goods7 truck1 depot2 level1 level2 level0 level1 (1)
unload goods7 truck1 depot2 level0 level1 level1 level2 (1)
unload goods8 truck1 depot2 level0 level1 level0 level1 (1)
unload goods9 truck1 depot2 level1 level2 level0 level1 (1)
unload goods9 truck1 depot2 level0 level1 level1 level2 (1)
Plan length: 48 step(s).
Plan cost: 48
Bytes per state: 12
Search time: 1.4992s
Total time: 2.11555s
Solution found.
Peak memory: 229516 KB
Running single search parser
