INFO     Running translator.
INFO     translator input: ['domain.pddl', 'problem.pddl']
INFO     translator arguments: []
INFO     translator time limit: None
INFO     translator memory limit: None
INFO     callstring: /usr/bin/python /mnt/data_server/torralba/subdominization/training/data/training_depots/code-70296b3db083/builds/release32/bin/translate/translate.py domain.pddl problem.pddl
Parsing...
Parsing: [0.010s CPU, 0.007s wall-clock]
Normalizing task... [0.000s CPU, 0.000s wall-clock]
Instantiating...
Generating Datalog program... [0.000s CPU, 0.001s wall-clock]
Normalizing Datalog program...
Normalizing Datalog program: [0.000s CPU, 0.006s wall-clock]
Preparing model... [0.000s CPU, 0.002s wall-clock]
Generated 43 rules.
Computing model... [0.020s CPU, 0.012s wall-clock]
247 relevant atoms
244 auxiliary atoms
491 final queue length
757 total queue pushes
Completing instantiation... [0.020s CPU, 0.015s wall-clock]
Instantiating: [0.040s CPU, 0.039s wall-clock]
Computing fact groups...
Finding invariants...
16 initial candidates
Finding invariants: [0.010s CPU, 0.016s wall-clock]
Checking invariant weight... [0.010s CPU, 0.001s wall-clock]
Instantiating groups... [0.000s CPU, 0.003s wall-clock]
Collecting mutex groups... [0.000s CPU, 0.000s wall-clock]
Choosing groups...
12 uncovered facts
Choosing groups: [0.000s CPU, 0.001s wall-clock]
Building translation key... [0.000s CPU, 0.000s wall-clock]
Computing fact groups: [0.020s CPU, 0.021s wall-clock]
Building STRIPS to SAS dictionary... [0.000s CPU, 0.000s wall-clock]
Building dictionary for full mutex groups... [0.000s CPU, 0.000s wall-clock]
Building mutex information...
Building mutex information: [0.000s CPU, 0.001s wall-clock]
Translating task...
Processing axioms...
Simplifying axioms... [0.000s CPU, 0.000s wall-clock]
Processing axioms: [0.000s CPU, 0.001s wall-clock]
Translating task: [0.020s CPU, 0.016s wall-clock]
128 effect conditions simplified
0 implied preconditions added
Detecting unreachable propositions...
0 operators removed
0 axioms removed
18 propositions removed
Detecting unreachable propositions: [0.000s CPU, 0.007s wall-clock]
Translator variables: 18
Translator derived variables: 0
Translator facts: 68
Translator goal facts: 4
Translator mutex groups: 18
Translator total mutex groups size: 116
Translator operators: 108
Translator axioms: 0
Translator task size: 1074
Translator peak memory: 44284 KB
Writing output... [0.010s CPU, 0.006s wall-clock]
Done! [0.100s CPU, 0.098s wall-clock]
INFO     Running preprocessor (release32).
INFO     preprocessor input: output.sas
INFO     preprocessor arguments: []
INFO     preprocessor time limit: None
INFO     preprocessor memory limit: None
INFO     callstring: /mnt/data_server/torralba/subdominization/training/data/training_depots/code-70296b3db083/builds/release32/bin/preprocess < output.sas
Building causal graph...
The causal graph is not acyclic.
18 variables of 18 necessary
12 of 18 mutex groups necessary.
108 of 108 operators necessary.
0 of 0 axiom rules necessary.
Initializing mutex computation...
Mutex computation initialized with 68 fluents.
iteration for mutex detection and operator pruning
Initialize m_index fw
Initialized mvalues forward: reached=324, notReached=3648, spurious=652
Initialize m_ops fw
Computing mutexes...
Mutex computation finished with reached=3872, notReached=100, spurious=652
8 operators are spurious because were not triggered
H^2 mutexes added fw: 100, unreachable: 0
0 of 100 operators detected as spurious
iteration for mutex detection and operator pruning
Initialize m_index bw
Init values regression
Initialized mvalues backward: reached=660, notReached=3212, spurious=752
Initialize m_ops bw
Computing mutexes...
Mutex computation finished with reached=3872, notReached=0, spurious=752
0 operators are spurious because were not triggered
H^2 mutexes added bw: 0, unreachable: 0
0 of 100 operators detected as spurious
Total mutex and disambiguation time: 0.005124 iterations: 2
62 of 62 mutex groups necessary.
100 of 108 operators necessary.
0 of 0 axiom rules necessary.
Change id of operators: 100
Change id of mutexes
Change id of goals
Change id of initial state
Remove unreachable facts from variables: 18
62 of 62 mutex groups necessary.
100 of 100 operators necessary.
0 of 0 axiom rules necessary.
Updating causal graph and pruning unnecessary facts
18 variables of 18 of 18 necessary
The causal graph is not acyclic.
18 variables of 18 necessary
62 of 62 mutex groups necessary.
100 of 100 operators necessary.
0 of 0 axiom rules necessary.
Building domain transition graphs...
solveable in poly time 0
Building successor generator...
Preprocessor variables: 18
Preprocessor facts: 68
Preprocessor derived variables: 0
Preprocessor operators: 100
Preprocessor mutex groups: 62
Preprocessor task size: 1054
Writing output...
Preprocessor time: 0.0165424s
Preprocessor peak memory: 2228 KB
done
INFO     Running search (release32).
INFO     search input: output
INFO     search arguments: ['--search', 'sbd(store_operators_in_optimal_plan=true, cost_type=1)']
INFO     search time limit: 3600s
INFO     search memory limit: 4096 MB
INFO     search executable: /mnt/data_server/torralba/subdominization/training/data/training_depots/code-70296b3db083/builds/release32/bin/downward
INFO     callstring: /mnt/data_server/torralba/subdominization/training/data/training_depots/code-70296b3db083/builds/release32/bin/downward --search 'sbd(store_operators_in_optimal_plan=true, cost_type=1)' --internal-plan-file sas_plan < output
time limit 3600.00 -> (3600, 3601)
reading input... [t=0.000123111s]
done reading input! [t=0.00215657s]
packing state variables...done! [t=0.0021773s]
Variables: 18
FactPairs: 68
Bytes per state: 8
Building successor generator...done! [t=0.00245206s]
done initalizing global data [t=0.00245845s]
TR(time=60000, nodes=100000)
Mutex(time=60000, nodes=100000, type=edeletion)
Aux(time=2000, nodes=1000000)
Disj(nodes=2147483647)
Estimation: min_time(1000) time_penalty +(1000)*(2) nodes_penalty +(1000)*(2)
MaxStep(time=30000, nodes=100000000, nodes_per_planning_second=100)
Ratio useful: 0
   Min alloted time: 60000 nodes: 10000000
   Max alloted time: 60000 nodes: 15000000
   Mult alloted time: 2 nodes: 2
   Ratio after relax: 0.8
building causal graph...done! [t=0.000329554s]
Sym variable order: 0 1 13 12 14 17 15 16 8 7 4 9 11 6 10 5 3 2 
Initializing Symbolic Variables
Num variables: 18 => 34
Initialize Symbolic Manager(68, 235294, 16000000, 0)
Generating binary variables
Symbolic Variables... Done.
BOUND: 1 < 2147483647, total time: 0.400692s
BOUND: 2 < 2147483647, total time: 0.40092s
BOUND: 3 < 2147483647, total time: 0.401139s
BOUND: 4 < 2147483647, total time: 0.401577s
BOUND: 5 < 2147483647, total time: 0.401799s
BOUND: 6 < 2147483647, total time: 0.402088s
BOUND: 7 < 2147483647, total time: 0.402499s
BOUND: 8 < 2147483647, total time: 0.403045s
BOUND: 9 < 2147483647, total time: 0.403855s
BOUND: 10 < 2147483647, total time: 0.404592s
BOUND: 11 < 2147483647, total time: 0.405515s
BOUND: 12 < 2147483647, total time: 0.406771s
BOUND: 13 < 2147483647, total time: 0.408048s
BOUND: 14 < 2147483647, total time: 0.410062s
BOUND: 15 < 2147483647, total time: 0.412278s
BOUND: 16 < 2147483647, total time: 0.41497s
BOUND: 17 < 2147483647, total time: 0.417866s
BOUND: 18 < 2147483647, total time: 0.421452s
Solution found with cost 18 total time: 0.424851s
Merging: 1
11 0.434029 1 49
Merging: 1
10 0.435517 1 49
Merging: 2
9 0.437059 1 49
Merging: 2
8 0.438376 1 42
Merging: 3
7 0.43968 1 76
Merging: 5
6 0.441828 1 66
Merging: 4
5 0.443405 1 61
Merging: 4
4 0.445132 1 62
Merging: 4
3 0.44679 1 63
Merging: 4
2 0.448475 1 64
Merging: 4
1 0.450024 1 65
Merging: 1
7 0.451606 1 49
Merging: 2
6 0.452165 1 49
Merging: 3
5 0.452628 1 72
Merging: 5
4 0.453258 1 56
Merging: 4
3 0.453751 1 63
Merging: 4
2 0.45423 1 58
Merging: 4
1 0.454708 1 64
BOUND: 18 < 18, total time: 0.455133s
Actual search time: 0.054795s [t=0.455562s]
lift hoist1 crate3 crate1 distributor0 (1)
load hoist1 crate3 truck0 distributor0 (1)
lift hoist1 crate1 crate0 distributor0 (1)
load hoist1 crate1 truck0 distributor0 (1)
lift hoist1 crate0 pallet1 distributor0 (1)
load hoist1 crate0 truck0 distributor0 (1)
lift hoist0 crate2 pallet0 depot0 (1)
drive truck0 distributor0 depot0 (1)
load hoist0 crate2 truck0 depot0 (1)
unload hoist0 crate0 truck0 depot0 (1)
drop hoist0 crate0 pallet0 depot0 (1)
unload hoist0 crate3 truck0 depot0 (1)
drive truck0 depot0 distributor0 (1)
drop hoist0 crate3 crate0 depot0 (1)
unload hoist1 crate2 truck0 distributor0 (1)
drop hoist1 crate2 pallet1 distributor0 (1)
unload hoist1 crate1 truck0 distributor0 (1)
drop hoist1 crate1 crate2 distributor0 (1)
Plan length: 18 step(s).
Plan cost: 18
Bytes per state: 8
Search time: 0.0871221s
Total time: 0.45558s
Solution found.
Peak memory: 215984 KB
Running single search parser
