INFO     Running translator.
INFO     translator input: ['domain.pddl', 'problem.pddl']
INFO     translator arguments: []
INFO     translator time limit: None
INFO     translator memory limit: None
INFO     callstring: /usr/bin/python /mnt/data_server/torralba/subdominization/training/data/training_agricola/code-70296b3db083/builds/release32/bin/translate/translate.py domain.pddl problem.pddl
Parsing...
Parsing: [0.030s CPU, 0.042s wall-clock]
Normalizing task... [0.010s CPU, 0.001s wall-clock]
Instantiating...
Generating Datalog program... [0.010s CPU, 0.006s wall-clock]
Normalizing Datalog program...
Normalizing Datalog program: [0.010s CPU, 0.359s wall-clock]
Preparing model... [0.020s CPU, 0.016s wall-clock]
Generated 258 rules.
Computing model... [3.570s CPU, 3.594s wall-clock]
87455 relevant atoms
1786 auxiliary atoms
89241 final queue length
326423 total queue pushes
Completing instantiation... [16.970s CPU, 17.050s wall-clock]
Instantiating: [20.610s CPU, 21.163s wall-clock]
Computing fact groups...
Finding invariants...
44 initial candidates
Finding invariants: [0.340s CPU, 0.346s wall-clock]
Checking invariant weight... [0.000s CPU, 0.001s wall-clock]
Instantiating groups... [0.000s CPU, 0.003s wall-clock]
Collecting mutex groups... [0.000s CPU, 0.000s wall-clock]
Choosing groups...
124 uncovered facts
Choosing groups: [0.000s CPU, 0.000s wall-clock]
Building translation key... [0.000s CPU, 0.002s wall-clock]
Computing fact groups: [0.350s CPU, 0.354s wall-clock]
Building STRIPS to SAS dictionary... [0.000s CPU, 0.000s wall-clock]
Building dictionary for full mutex groups... [0.000s CPU, 0.000s wall-clock]
Building mutex information...
Building mutex information: [0.000s CPU, 0.000s wall-clock]
Translating task...
Processing axioms...
Simplifying axioms... [0.000s CPU, 0.000s wall-clock]
Processing axioms: [0.620s CPU, 0.626s wall-clock]
Translating task: [13.700s CPU, 13.764s wall-clock]
93961 effect conditions simplified
0 implied preconditions added
Detecting unreachable propositions...
0 operators removed
0 axioms removed
36 propositions removed
Detecting unreachable propositions: [8.040s CPU, 8.059s wall-clock]
Translator variables: 121
Translator derived variables: 0
Translator facts: 281
Translator goal facts: 1
Translator mutex groups: 8
Translator total mutex groups size: 55
Translator operators: 86753
Translator axioms: 0
Translator task size: 973209
Translator peak memory: 935932 KB
Writing output... [1.980s CPU, 2.190s wall-clock]
Done! [45.180s CPU, 46.043s wall-clock]
INFO     Running preprocessor (release32).
INFO     preprocessor input: output.sas
INFO     preprocessor arguments: []
INFO     preprocessor time limit: None
INFO     preprocessor memory limit: None
INFO     callstring: /mnt/data_server/torralba/subdominization/training/data/training_agricola/code-70296b3db083/builds/release32/bin/preprocess < output.sas
Building causal graph...
The causal graph is not acyclic.
116 variables of 121 necessary
0 of 8 mutex groups necessary.
86753 of 86753 operators necessary.
0 of 0 axiom rules necessary.
Initializing mutex computation...
Mutex computation initialized with 271 fluents.
iteration for mutex detection and operator pruning
Initialize m_index fw
Initialized mvalues forward: reached=13456, notReached=59325, spurious=660
Initialize m_ops fw
Computing mutexes...
Mutex computation finished with reached=64579, notReached=8202, spurious=660
57344 operators are spurious because were not triggered
H^2 mutexes added fw: 8202, unreachable: 0
0 of 29409 operators detected as spurious
iteration for mutex detection and operator pruning
Initialize m_index bw
Init values regression
Initialized mvalues backward: reached=40429, notReached=24150, spurious=8862
Initialize m_ops bw
Computing mutexes...
Mutex computation finished with reached=64541, notReached=38, spurious=8862
0 operators are spurious because were not triggered
H^2 mutexes added bw: 38, unreachable: 0
0 of 29409 operators detected as spurious
iteration for mutex detection and operator pruning
Initialize m_index fw
Initialized mvalues forward: reached=13456, notReached=51085, spurious=8900
Initialize m_ops fw
Computing mutexes...
Mutex computation finished with reached=64541, notReached=0, spurious=8900
0 operators are spurious because were not triggered
H^2 mutexes added fw: 0, unreachable: 0
0 of 29409 operators detected as spurious
Total mutex and disambiguation time: 21.3656 iterations: 3
4120 of 4120 mutex groups necessary.
29409 of 86753 operators necessary.
0 of 0 axiom rules necessary.
Change id of operators: 29409
Change id of mutexes
Change id of goals
Change id of initial state
Remove unreachable facts from variables: 116
4120 of 4120 mutex groups necessary.
29409 of 29409 operators necessary.
0 of 0 axiom rules necessary.
Updating causal graph and pruning unnecessary facts
116 variables of 116 of 121 necessary
The causal graph is not acyclic.
116 variables of 116 necessary
4120 of 4120 mutex groups necessary.
29409 of 29409 operators necessary.
0 of 0 axiom rules necessary.
Building domain transition graphs...
solveable in poly time 0
Building successor generator...
Preprocessor variables: 116
Preprocessor facts: 271
Preprocessor derived variables: 0
Preprocessor operators: 29409
Preprocessor mutex groups: 4120
Preprocessor task size: 318602
Writing output...
Preprocessor time: 25.4763s
Preprocessor peak memory: 294816 KB
done
INFO     Running search (release32).
INFO     search input: output
INFO     search arguments: ['--search', 'sbw(store_operators_in_optimal_plan=true, cost_type=1)']
INFO     search time limit: 3600s
INFO     search memory limit: 4096 MB
INFO     search executable: /mnt/data_server/torralba/subdominization/training/data/training_agricola/code-70296b3db083/builds/release32/bin/downward
INFO     callstring: /mnt/data_server/torralba/subdominization/training/data/training_agricola/code-70296b3db083/builds/release32/bin/downward --search 'sbw(store_operators_in_optimal_plan=true, cost_type=1)' --internal-plan-file sas_plan < output
time limit 3600.00 -> (3600, 3601)
reading input... [t=0.000150829s]
done reading input! [t=0.458414s]
packing state variables...done! [t=0.458465s]
Variables: 116
FactPairs: 271
Bytes per state: 20
Building successor generator...done! [t=0.642926s]
done initalizing global data [t=0.642957s]
TR(time=60000, nodes=100000)
Mutex(time=60000, nodes=100000, type=edeletion)
Aux(time=2000, nodes=1000000)
Disj(nodes=2147483647)
Estimation: min_time(1000) time_penalty +(1000)*(2) nodes_penalty +(1000)*(2)
MaxStep(time=30000, nodes=100000000, nodes_per_planning_second=100)
Ratio useful: 0
   Min alloted time: 60000 nodes: 10000000
   Max alloted time: 60000 nodes: 15000000
   Mult alloted time: 2 nodes: 2
   Ratio after relax: 0.8
building causal graph...done! [t=0.0428653s]
Sym variable order: 0 4 17 23 32 30 29 33 20 16 34 19 22 42 54 56 40 55 27 52 53 58 44 51 108 107 73 75 72 74 78 109 104 88 87 98 76 77 112 18 11 90 91 89 92 26 113 105 106 21 43 41 46 47 45 83 84 59 39 50 48 57 49 31 82 79 81 80 38 37 35 28 85 86 36 99 100 101 103 102 94 114 111 110 93 3 1 24 13 14 15 12 10 25 2 9 95 97 96 66 71 65 63 64 60 62 70 68 61 69 67 5 8 115 6 7 
Initializing Symbolic Variables
Num variables: 116 => 134
Initialize Symbolic Manager(268, 59701, 16000000, 0)
Generating binary variables
Symbolic Variables... Done.
BOUND: 1 < 2147483647, total time: 4.2201s
BOUND: 2 < 2147483647, total time: 4.26212s
BOUND: 3 < 2147483647, total time: 4.26821s
BOUND: 4 < 2147483647, total time: 4.27441s
BOUND: 5 < 2147483647, total time: 4.28311s
BOUND: 6 < 2147483647, total time: 4.2949s
BOUND: 7 < 2147483647, total time: 4.32963s
BOUND: 8 < 2147483647, total time: 4.57467s
BOUND: 9 < 2147483647, total time: 5.42419s
BOUND: 10 < 2147483647, total time: 8.28672s
BOUND: 11 < 2147483647, total time: 11.8454s
BOUND: 12 < 2147483647, total time: 15.809s
BOUND: 13 < 2147483647, total time: 19.6419s
BOUND: 14 < 2147483647, total time: 21.5609s
BOUND: 15 < 2147483647, total time: 22.9284s
BOUND: 16 < 2147483647, total time: 24.6195s
BOUND: 17 < 2147483647, total time: 28.2083s
BOUND: 18 < 2147483647, total time: 31.1856s
BOUND: 19 < 2147483647, total time: 35.4353s
BOUND: 20 < 2147483647, total time: 40.8537s
BOUND: 21 < 2147483647, total time: 44.6913s
BOUND: 22 < 2147483647, total time: 48.2531s
BOUND: 23 < 2147483647, total time: 49.9494s
BOUND: 24 < 2147483647, total time: 52.3108s
BOUND: 25 < 2147483647, total time: 53.281s
BOUND: 26 < 2147483647, total time: 54.6624s
BOUND: 27 < 2147483647, total time: 56.6825s
BOUND: 28 < 2147483647, total time: 59.5354s
BOUND: 29 < 2147483647, total time: 64.9624s
BOUND: 30 < 2147483647, total time: 69.4503s
BOUND: 31 < 2147483647, total time: 76.9446s
BOUND: 32 < 2147483647, total time: 83.5741s
BOUND: 33 < 2147483647, total time: 92.3199s
BOUND: 34 < 2147483647, total time: 100.831s
BOUND: 35 < 2147483647, total time: 108.758s
BOUND: 36 < 2147483647, total time: 114.064s
BOUND: 37 < 2147483647, total time: 122.454s
BOUND: 38 < 2147483647, total time: 127.067s
BOUND: 39 < 2147483647, total time: 134.294s
BOUND: 40 < 2147483647, total time: 139.02s
BOUND: 41 < 2147483647, total time: 148.089s
BOUND: 42 < 2147483647, total time: 154.723s
BOUND: 43 < 2147483647, total time: 162.902s
BOUND: 44 < 2147483647, total time: 168.709s
BOUND: 45 < 2147483647, total time: 177.965s
BOUND: 46 < 2147483647, total time: 183.009s
BOUND: 47 < 2147483647, total time: 189s
BOUND: 48 < 2147483647, total time: 191.541s
BOUND: 49 < 2147483647, total time: 194.479s
BOUND: 50 < 2147483647, total time: 199.236s
BOUND: 51 < 2147483647, total time: 206.861s
BOUND: 52 < 2147483647, total time: 212.392s
BOUND: 53 < 2147483647, total time: 220.993s
BOUND: 54 < 2147483647, total time: 226.566s
BOUND: 55 < 2147483647, total time: 234.587s
BOUND: 56 < 2147483647, total time: 240.237s
BOUND: 57 < 2147483647, total time: 250.103s
BOUND: 58 < 2147483647, total time: 257.137s
BOUND: 59 < 2147483647, total time: 262.885s
BOUND: 60 < 2147483647, total time: 270.812s
BOUND: 61 < 2147483647, total time: 273.642s
BOUND: 62 < 2147483647, total time: 276.064s
BOUND: 63 < 2147483647, total time: 279.139s
BOUND: 64 < 2147483647, total time: 286.565s
BOUND: 65 < 2147483647, total time: 290.59s
BOUND: 66 < 2147483647, total time: 294.793s
BOUND: 67 < 2147483647, total time: 298.101s
BOUND: 68 < 2147483647, total time: 303.507s
BOUND: 69 < 2147483647, total time: 304.698s
BOUND: 70 < 2147483647, total time: 305.752s
BOUND: 71 < 2147483647, total time: 306.931s
BOUND: 72 < 2147483647, total time: 308.16s
BOUND: 73 < 2147483647, total time: 309.33s
BOUND: 74 < 2147483647, total time: 310.205s
BOUND: 75 < 2147483647, total time: 310.747s
BOUND: 76 < 2147483647, total time: 311.315s
BOUND: 77 < 2147483647, total time: 311.99s
BOUND: 78 < 2147483647, total time: 312.613s
BOUND: 79 < 2147483647, total time: 313.107s
Solution found with cost 79 total time: 313.479s
Merging: 1
79 316.754 1 135
Merging: 11
78 316.862 1 481
Merging: 11
77 317.072 1 416
Merging: 1
76 317.245 1 416
Merging: 7
75 317.405 1 166
Merging: 1
74 317.507 1 166
Merging: 11
73 317.612 1 660
Merging: 11
72 317.84 1 566
Merging: 1
71 318.013 1 566
Merging: 7
70 318.189 1 206
Merging: 1
69 318.294 1 206
Merging: 20
68 318.41 1 1011
Merging: 20
67 318.67 1 878
Merging: 1
66 318.853 1 878
Merging: 7
65 319.05 1 339
Merging: 1
64 319.158 1 339
Merging: 20
63 319.3 1 1877
Merging: 20
62 319.763 1 1609
Merging: 1
61 320.072 1 1609
Merging: 7
60 320.349 1 454
Merging: 1
59 320.51 1 454
Merging: 1
58 320.67 1 454
Merging: 1
57 320.829 1 454
Merging: 1
56 320.988 1 454
Merging: 23
55 321.161 1 2957
Merging: 23
54 321.733 1 2573
Merging: 1
53 322.096 1 2573
Merging: 7
52 322.466 1 578
Merging: 1
51 322.606 1 578
Merging: 26
50 322.779 1 3926
Merging: 26
49 323.425 1 3423
Merging: 1
48 323.805 1 3423
Merging: 7
47 324.211 1 765
Merging: 1
46 324.364 1 765
Merging: 26
45 324.542 1 4346
Merging: 26
44 325.241 1 3663
Merging: 1
43 325.639 1 3663
Merging: 7
42 326.058 1 699
Merging: 1
41 326.235 1 699
Merging: 1
40 326.41 1 699
Merging: 1
39 326.586 1 699
Merging: 1
38 326.76 1 699
Merging: 27
37 326.956 1 2934
Merging: 36
36 327.584 1 3662
Merging: 1
35 328.052 1 3662
Merging: 7
34 328.574 1 741
Merging: 1
33 328.725 1 741
Merging: 54
32 328.927 1 3693
Merging: 54
31 329.662 1 5843
Merging: 1
30 330.362 1 5843
Merging: 7
29 331.105 1 669
Merging: 1
28 331.284 1 669
Merging: 5
27 331.463 1 668
Merging: 1
26 331.639 1 668
Merging: 1
25 331.813 1 668
Merging: 55
24 332.022 1 4955
Merging: 77
23 332.976 1 19924
Merging: 1
22 335.315 1 19924
Merging: 7
21 337.847 1 1063
Merging: 1
20 338.014 1 1063
Merging: 90
19 338.268 1 6870
Merging: 87
18 342.658 1 21566
Merging: 1
17 345.099 1 21566
Merging: 7
16 347.705 1 1060
Merging: 1
15 347.901 1 1060
Merging: 11
14 348.1 1 1043
Merging: 1
13 348.297 1 1043
Merging: 1
12 348.486 1 1043
Merging: 81
11 348.726 1 8250
Merging: 98
10 350.022 1 34470
Merging: 1
9 352.973 1 34470
Merging: 7
8 356.307 1 1403
Merging: 1
7 356.491 1 1403
Merging: 126
6 356.772 1 10449
Merging: 123
5 358.343 1 39202
Merging: 2
4 361.773 1 39201
Merging: 7
3 365.707 1 1961
Merging: 1
2 365.954 1 1961
Merging: 24
1 366.205 1 1942
BOUND: 79 < 79, total time: 366.455s
Actual search time: 362.242s [t=366.462s]
build_fences boar worker2 worker1 worker2 round1 (60)
take_food worker1 noworker worker2 round1 num1 num2 (60)
ag__finish_round_backhome round1 worker2 (1)
ag__finish_round_renew round1 noworker (1)
ag__advance_round_normal round1 round2 act_sow (1)
build_fences boar worker2 worker1 worker2 round2 (60)
take_food worker1 noworker worker2 round2 num2 num3 (60)
ag__finish_round_backhome round2 worker2 (1)
ag__finish_round_renew round2 noworker (1)
ag__advance_round_normal round2 round3 act_sheep (1)
build_fences boar worker2 worker1 worker2 round3 (60)
take_food worker1 noworker worker2 round3 num3 num4 (60)
ag__finish_round_backhome round3 worker2 (1)
ag__finish_round_renew round3 noworker (1)
ag__advance_round_normal round3 round4 act_family (1)
build_fences boar worker2 worker1 worker2 round4 (60)
take_food worker1 noworker worker2 round4 num4 num5 (60)
ag__finish_round_backhome round4 worker2 (1)
ag__finish_round_renew round4 noworker (1)
ag__harvest_collect_end round4 stage1 (1)
ag__harvest_feed round4 stage1 worker2 num5 num4 num1 (1)
ag__harvest_breed_end round4 stage1 (1)
ag__finish_stage stage1 stage2 round4 round5 act_cattle (1)
build_fences boar worker2 worker1 worker2 round5 (60)
take_food worker1 noworker worker2 round5 num1 num2 (60)
ag__finish_round_backhome round5 worker2 (1)
ag__finish_round_renew round5 noworker (1)
ag__advance_round_normal round5 round6 act_boar (1)
build_fences boar worker2 worker1 worker2 round6 (60)
take_food worker1 noworker worker2 round6 num2 num3 (60)
ag__finish_round_backhome round6 worker2 (1)
ag__finish_round_renew round6 noworker (1)
ag__advance_round_normal round6 round7 act_carrot (1)
collect_resource worker2 worker1 worker2 round7 act_clay clay (60)
take_food worker1 noworker worker2 round7 num3 num4 (60)
ag__finish_round_backhome round7 worker2 (1)
ag__finish_round_renew round7 noworker (1)
ag__harvest_collect_end round7 stage2 (1)
ag__harvest_feed round7 stage2 worker2 num4 num4 num0 (1)
ag__harvest_breed_end round7 stage2 (1)
ag__finish_stage stage2 stage3 round7 round8 act_improve (1)
collect_resource worker2 worker1 worker2 round8 act_stone stone (60)
improve_home worker1 noworker worker2 round8 fireplace (60)
ag__finish_round_backhome round8 worker2 (1)
ag__finish_round_renew round8 noworker (1)
ag__advance_round_normal round8 round9 void (1)
collect_cook_animal boar act_boar worker2 worker1 worker2 round9 num0 num2 (60)
collect_cook_animal boar act_cattle worker1 noworker worker2 round9 num2 num4 (60)
ag__finish_round_backhome round9 worker2 (1)
ag__finish_round_renew round9 noworker (1)
ag__harvest_collect_end round9 stage3 (1)
ag__harvest_feed round9 stage3 worker2 num4 num4 num0 (1)
ag__harvest_breed_end round9 stage3 (1)
ag__finish_stage stage3 stage4 round9 round10 void (1)
build_fences boar worker2 worker1 worker2 round10 (60)
collect_cook_animal boar act_sheep worker1 noworker worker2 round10 num0 num2 (60)
ag__finish_round_backhome round10 worker2 (1)
ag__finish_round_renew round10 noworker (1)
ag__advance_round_normal round10 round11 void (1)
build_fences boar worker2 worker1 worker2 round11 (60)
collect_cook_animal boar act_sheep worker1 noworker worker2 round11 num2 num4 (60)
ag__finish_round_backhome round11 worker2 (1)
ag__finish_round_renew round11 noworker (1)
ag__harvest_collect_end round11 stage4 (1)
ag__harvest_feed round11 stage4 worker2 num4 num4 num0 (1)
ag__harvest_breed_end round11 stage4 (1)
ag__finish_stage stage4 stage5 round11 round12 void (1)
build_fences boar worker2 worker1 worker2 round12 (60)
collect_cook_animal boar act_sheep worker1 noworker worker2 round12 num0 num2 (60)
ag__finish_round_backhome round12 worker2 (1)
ag__finish_round_renew round12 noworker (1)
ag__advance_round_normal round12 round13 void (1)
build_fences boar worker2 worker1 worker2 round13 (60)
collect_cook_animal boar act_sheep worker1 noworker worker2 round13 num2 num4 (60)
ag__finish_round_backhome round13 worker2 (1)
ag__finish_round_renew round13 noworker (1)
ag__harvest_collect_end round13 stage5 (1)
ag__harvest_feed round13 stage5 worker2 num4 num4 num0 (1)
ag__harvest_breed_end round13 stage5 (1)
Plan length: 79 step(s).
Plan cost: 1613
Bytes per state: 20
Search time: 364.264s
Total time: 366.462s
Solution found.
Peak memory: 799996 KB
Running single search parser
