INFO     Running translator.
INFO     translator input: ['domain.pddl', 'problem.pddl']
INFO     translator arguments: []
INFO     translator time limit: None
INFO     translator memory limit: None
INFO     callstring: /usr/bin/python /mnt/data_server/torralba/subdominization/training/data/training_satellite/code-70296b3db083/builds/release32/bin/translate/translate.py domain.pddl problem.pddl
Parsing...
Parsing: [0.010s CPU, 0.021s wall-clock]
Normalizing task... [0.000s CPU, 0.000s wall-clock]
Instantiating...
Generating Datalog program... [0.000s CPU, 0.001s wall-clock]
Normalizing Datalog program...
Normalizing Datalog program: [0.000s CPU, 0.005s wall-clock]
Preparing model... [0.000s CPU, 0.002s wall-clock]
Generated 31 rules.
Computing model... [0.020s CPU, 0.015s wall-clock]
546 relevant atoms
158 auxiliary atoms
704 final queue length
1034 total queue pushes
Completing instantiation... [0.020s CPU, 0.021s wall-clock]
Instantiating: [0.040s CPU, 0.084s wall-clock]
Computing fact groups...
Finding invariants...
12 initial candidates
Finding invariants: [0.000s CPU, 0.003s wall-clock]
Checking invariant weight... [0.000s CPU, 0.000s wall-clock]
Instantiating groups... [0.000s CPU, 0.000s wall-clock]
Collecting mutex groups... [0.000s CPU, 0.000s wall-clock]
Choosing groups...
46 uncovered facts
Choosing groups: [0.000s CPU, 0.000s wall-clock]
Building translation key... [0.000s CPU, 0.001s wall-clock]
Computing fact groups: [0.000s CPU, 0.005s wall-clock]
Building STRIPS to SAS dictionary... [0.010s CPU, 0.000s wall-clock]
Building dictionary for full mutex groups... [0.000s CPU, 0.000s wall-clock]
Building mutex information...
Building mutex information: [0.000s CPU, 0.000s wall-clock]
Translating task...
Processing axioms...
Simplifying axioms... [0.000s CPU, 0.000s wall-clock]
Processing axioms: [0.000s CPU, 0.001s wall-clock]
Translating task: [0.020s CPU, 0.022s wall-clock]
12 effect conditions simplified
0 implied preconditions added
Detecting unreachable propositions...
0 operators removed
0 axioms removed
2 propositions removed
Detecting unreachable propositions: [0.010s CPU, 0.013s wall-clock]
Translator variables: 48
Translator derived variables: 0
Translator facts: 116
Translator goal facts: 7
Translator mutex groups: 2
Translator total mutex groups size: 24
Translator operators: 372
Translator axioms: 0
Translator task size: 1519
Translator peak memory: 44916 KB
Writing output... [0.010s CPU, 0.030s wall-clock]
Done! [0.100s CPU, 0.177s wall-clock]
INFO     Running preprocessor (release32).
INFO     preprocessor input: output.sas
INFO     preprocessor arguments: []
INFO     preprocessor time limit: None
INFO     preprocessor memory limit: None
INFO     callstring: /mnt/data_server/torralba/subdominization/training/data/training_satellite/code-70296b3db083/builds/release32/bin/preprocess < output.sas
Building causal graph...
The causal graph is not acyclic.
17 variables of 48 necessary
0 of 2 mutex groups necessary.
290 of 372 operators necessary.
0 of 0 axiom rules necessary.
Initializing mutex computation...
Mutex computation initialized with 54 fluents.
iteration for mutex detection and operator pruning
Initialize m_index fw
Initialized mvalues forward: reached=289, notReached=2333, spurious=294
Initialize m_ops fw
Computing mutexes...
Mutex computation finished with reached=2610, notReached=12, spurious=294
0 operators are spurious because were not triggered
H^2 mutexes added fw: 12, unreachable: 0
0 of 290 operators detected as spurious
iteration for mutex detection and operator pruning
Initialize m_index bw
Init values regression
Initialized mvalues backward: reached=697, notReached=1913, spurious=306
Initialize m_ops bw
Computing mutexes...
Mutex computation finished with reached=2610, notReached=0, spurious=306
0 operators are spurious because were not triggered
H^2 mutexes added bw: 0, unreachable: 0
0 of 290 operators detected as spurious
Total mutex and disambiguation time: 0.005683 iterations: 2
6 of 6 mutex groups necessary.
290 of 290 operators necessary.
0 of 0 axiom rules necessary.
Change id of operators: 290
Change id of mutexes
Change id of goals
Change id of initial state
Remove unreachable facts from variables: 17
6 of 6 mutex groups necessary.
290 of 290 operators necessary.
0 of 0 axiom rules necessary.
Updating causal graph and pruning unnecessary facts
17 variables of 17 of 48 necessary
The causal graph is not acyclic.
17 variables of 17 necessary
6 of 6 mutex groups necessary.
290 of 290 operators necessary.
0 of 0 axiom rules necessary.
Building domain transition graphs...
solveable in poly time 0
Building successor generator...
Preprocessor variables: 17
Preprocessor facts: 54
Preprocessor derived variables: 0
Preprocessor operators: 290
Preprocessor mutex groups: 6
Preprocessor task size: 1004
Writing output...
Preprocessor time: 0.0155021s
Preprocessor peak memory: 2252 KB
done
INFO     Running search (release32).
INFO     search input: output
INFO     search arguments: ['--search', 'sbd(store_operators_in_optimal_plan=true, cost_type=1)']
INFO     search time limit: 3600s
INFO     search memory limit: 4096 MB
INFO     search executable: /mnt/data_server/torralba/subdominization/training/data/training_satellite/code-70296b3db083/builds/release32/bin/downward
INFO     callstring: /mnt/data_server/torralba/subdominization/training/data/training_satellite/code-70296b3db083/builds/release32/bin/downward --search 'sbd(store_operators_in_optimal_plan=true, cost_type=1)' --internal-plan-file sas_plan < output
time limit 3600.00 -> (3600, 3601)
reading input... [t=0.000125018s]
done reading input! [t=0.00231258s]
packing state variables...done! [t=0.00232545s]
Variables: 17
FactPairs: 54
Bytes per state: 4
Building successor generator...done! [t=0.0025144s]
done initalizing global data [t=0.00252029s]
TR(time=60000, nodes=100000)
Mutex(time=60000, nodes=100000, type=edeletion)
Aux(time=2000, nodes=1000000)
Disj(nodes=2147483647)
Estimation: min_time(1000) time_penalty +(1000)*(2) nodes_penalty +(1000)*(2)
MaxStep(time=30000, nodes=100000000, nodes_per_planning_second=100)
Ratio useful: 0
   Min alloted time: 60000 nodes: 10000000
   Max alloted time: 60000 nodes: 15000000
   Mult alloted time: 2 nodes: 2
   Ratio after relax: 0.8
building causal graph...done! [t=8.6395e-05s]
Sym variable order: 4 8 2 6 7 3 5 0 15 16 13 1 12 10 14 9 11 
Initializing Symbolic Variables
Num variables: 17 => 23
Initialize Symbolic Manager(46, 347826, 16000000, 0)
Generating binary variables
Symbolic Variables... Done.
BOUND: 1 < 2147483647, total time: 0.412307s
BOUND: 2 < 2147483647, total time: 0.412489s
BOUND: 3 < 2147483647, total time: 0.412655s
BOUND: 4 < 2147483647, total time: 0.412904s
BOUND: 5 < 2147483647, total time: 0.413115s
BOUND: 6 < 2147483647, total time: 0.413341s
BOUND: 7 < 2147483647, total time: 0.413588s
BOUND: 8 < 2147483647, total time: 0.413995s
BOUND: 9 < 2147483647, total time: 0.414409s
BOUND: 10 < 2147483647, total time: 0.415073s
BOUND: 11 < 2147483647, total time: 0.415763s
BOUND: 12 < 2147483647, total time: 0.416721s
BOUND: 13 < 2147483647, total time: 0.417819s
BOUND: 14 < 2147483647, total time: 0.41938s
Solution found with cost 14 total time: 0.42049s
Merging: 1
8 0.428281 1 72
Merging: 20
7 0.434767 1 68
Merging: 5
6 0.441321 1 56
Merging: 20
5 0.446479 1 47
Merging: 5
4 0.45019 1 28
Merging: 5
3 0.452474 1 24
Merging: 1
2 0.454595 1 24
Merging: 2
1 0.456612 1 33
Merging: 1
6 0.459405 1 72
Merging: 5
5 0.463729 1 72
Merging: 20
4 0.467652 1 68
Merging: 5
3 0.470547 1 56
Merging: 20
2 0.472972 1 47
Merging: 5
1 0.474932 1 28
BOUND: 14 < 14, total time: 0.476201s
Actual search time: 0.0642281s [t=0.476585s]
turn_to satellite0 groundstation3 star1 (1)
switch_on instrument1 satellite0 (1)
calibrate satellite0 instrument1 groundstation3 (1)
turn_to satellite0 star5 groundstation3 (1)
take_image satellite0 star5 instrument1 image1 (1)
turn_to satellite0 planet9 star5 (1)
take_image satellite0 planet9 instrument1 infrared2 (1)
turn_to satellite0 planet10 planet9 (1)
take_image satellite0 planet10 instrument1 infrared2 (1)
turn_to satellite0 star6 planet10 (1)
take_image satellite0 star6 instrument1 image1 (1)
turn_to satellite0 star7 star6 (1)
take_image satellite0 star7 instrument1 thermograph0 (1)
turn_to satellite0 star2 star7 (1)
Plan length: 14 step(s).
Plan cost: 14
Bytes per state: 4
Search time: 0.070574s
Total time: 0.476599s
Solution found.
Peak memory: 239932 KB
Running single search parser
