INFO     Running translator.
INFO     translator input: ['domain.pddl', 'problem.pddl']
INFO     translator arguments: []
INFO     translator time limit: None
INFO     translator memory limit: None
INFO     callstring: /usr/bin/python /mnt/data_server/torralba/subdominization/training/data/training_satellite/code-70296b3db083/builds/release32/bin/translate/translate.py domain.pddl problem.pddl
Parsing...
Parsing: [0.010s CPU, 0.231s wall-clock]
Normalizing task... [0.000s CPU, 0.000s wall-clock]
Instantiating...
Generating Datalog program... [0.000s CPU, 0.001s wall-clock]
Normalizing Datalog program...
Normalizing Datalog program: [0.000s CPU, 0.106s wall-clock]
Preparing model... [0.000s CPU, 0.002s wall-clock]
Generated 31 rules.
Computing model... [0.010s CPU, 0.016s wall-clock]
506 relevant atoms
163 auxiliary atoms
669 final queue length
943 total queue pushes
Completing instantiation... [0.020s CPU, 0.019s wall-clock]
Instantiating: [0.040s CPU, 0.190s wall-clock]
Computing fact groups...
Finding invariants...
12 initial candidates
Finding invariants: [0.010s CPU, 0.003s wall-clock]
Checking invariant weight... [0.000s CPU, 0.000s wall-clock]
Instantiating groups... [0.000s CPU, 0.000s wall-clock]
Collecting mutex groups... [0.000s CPU, 0.000s wall-clock]
Choosing groups...
54 uncovered facts
Choosing groups: [0.000s CPU, 0.000s wall-clock]
Building translation key... [0.000s CPU, 0.001s wall-clock]
Computing fact groups: [0.010s CPU, 0.005s wall-clock]
Building STRIPS to SAS dictionary... [0.000s CPU, 0.000s wall-clock]
Building dictionary for full mutex groups... [0.000s CPU, 0.000s wall-clock]
Building mutex information...
Building mutex information: [0.000s CPU, 0.000s wall-clock]
Translating task...
Processing axioms...
Simplifying axioms... [0.000s CPU, 0.000s wall-clock]
Processing axioms: [0.000s CPU, 0.001s wall-clock]
Translating task: [0.020s CPU, 0.019s wall-clock]
12 effect conditions simplified
0 implied preconditions added
Detecting unreachable propositions...
0 operators removed
0 axioms removed
2 propositions removed
Detecting unreachable propositions: [0.010s CPU, 0.012s wall-clock]
Translator variables: 56
Translator derived variables: 0
Translator facts: 130
Translator goal facts: 3
Translator mutex groups: 2
Translator total mutex groups size: 22
Translator operators: 324
Translator axioms: 0
Translator task size: 1379
Translator peak memory: 44664 KB
Writing output... [0.000s CPU, 0.043s wall-clock]
Done! [0.090s CPU, 0.502s wall-clock]
INFO     Running preprocessor (release32).
INFO     preprocessor input: output.sas
INFO     preprocessor arguments: []
INFO     preprocessor time limit: None
INFO     preprocessor memory limit: None
INFO     callstring: /mnt/data_server/torralba/subdominization/training/data/training_satellite/code-70296b3db083/builds/release32/bin/preprocess < output.sas
Building causal graph...
The causal graph is not acyclic.
7 variables of 56 necessary
0 of 2 mutex groups necessary.
227 of 324 operators necessary.
0 of 0 axiom rules necessary.
Initializing mutex computation...
Mutex computation initialized with 32 fluents.
iteration for mutex detection and operator pruning
Initialize m_index fw
Initialized mvalues forward: reached=49, notReached=745, spurious=230
Initialize m_ops fw
Computing mutexes...
Mutex computation finished with reached=788, notReached=6, spurious=230
0 operators are spurious because were not triggered
H^2 mutexes added fw: 6, unreachable: 0
0 of 227 operators detected as spurious
iteration for mutex detection and operator pruning
Initialize m_index bw
Init values regression
Initialized mvalues backward: reached=107, notReached=681, spurious=236
Initialize m_ops bw
Computing mutexes...
Mutex computation finished with reached=788, notReached=0, spurious=236
0 operators are spurious because were not triggered
H^2 mutexes added bw: 0, unreachable: 0
0 of 227 operators detected as spurious
Total mutex and disambiguation time: 0.002581 iterations: 2
3 of 3 mutex groups necessary.
227 of 227 operators necessary.
0 of 0 axiom rules necessary.
Change id of operators: 227
Change id of mutexes
Change id of goals
Change id of initial state
Remove unreachable facts from variables: 7
3 of 3 mutex groups necessary.
227 of 227 operators necessary.
0 of 0 axiom rules necessary.
Updating causal graph and pruning unnecessary facts
7 variables of 7 of 56 necessary
The causal graph is not acyclic.
7 variables of 7 necessary
3 of 3 mutex groups necessary.
227 of 227 operators necessary.
0 of 0 axiom rules necessary.
Building domain transition graphs...
solveable in poly time 0
Building successor generator...
Preprocessor variables: 7
Preprocessor facts: 32
Preprocessor derived variables: 0
Preprocessor operators: 227
Preprocessor mutex groups: 3
Preprocessor task size: 738
Writing output...
Preprocessor time: 0.0102353s
Preprocessor peak memory: 2256 KB
done
INFO     Running search (release32).
INFO     search input: output
INFO     search arguments: ['--search', 'sbd(store_operators_in_optimal_plan=true, cost_type=1)']
INFO     search time limit: 3600s
INFO     search memory limit: 4096 MB
INFO     search executable: /mnt/data_server/torralba/subdominization/training/data/training_satellite/code-70296b3db083/builds/release32/bin/downward
INFO     callstring: /mnt/data_server/torralba/subdominization/training/data/training_satellite/code-70296b3db083/builds/release32/bin/downward --search 'sbd(store_operators_in_optimal_plan=true, cost_type=1)' --internal-plan-file sas_plan < output
time limit 3600.00 -> (3600, 3601)
reading input... [t=0.000134187s]
done reading input! [t=0.00182634s]
packing state variables...done! [t=0.00183883s]
Variables: 7
FactPairs: 32
Bytes per state: 4
Building successor generator...done! [t=0.00197251s]
done initalizing global data [t=0.00197762s]
TR(time=60000, nodes=100000)
Mutex(time=60000, nodes=100000, type=edeletion)
Aux(time=2000, nodes=1000000)
Disj(nodes=2147483647)
Estimation: min_time(1000) time_penalty +(1000)*(2) nodes_penalty +(1000)*(2)
MaxStep(time=30000, nodes=100000000, nodes_per_planning_second=100)
Ratio useful: 0
   Min alloted time: 60000 nodes: 10000000
   Max alloted time: 60000 nodes: 15000000
   Mult alloted time: 2 nodes: 2
   Ratio after relax: 0.8
building causal graph...done! [t=3.8741e-05s]
Sym variable order: 1 0 6 5 3 4 2 
Initializing Symbolic Variables
Num variables: 7 => 13
Initialize Symbolic Manager(26, 615384, 16000000, 0)
Generating binary variables
Symbolic Variables... Done.
BOUND: 1 < 2147483647, total time: 0.299436s
BOUND: 2 < 2147483647, total time: 0.299552s
BOUND: 3 < 2147483647, total time: 0.299659s
BOUND: 4 < 2147483647, total time: 0.29979s
BOUND: 5 < 2147483647, total time: 0.299904s
BOUND: 6 < 2147483647, total time: 0.300023s
BOUND: 7 < 2147483647, total time: 0.300155s
Solution found with cost 7 total time: 0.300306s
Merging: 1
2 0.302543 1 31
Merging: 4
1 0.304481 1 28
Merging: 1
5 0.306169 1 31
Merging: 6
4 0.307187 1 29
Merging: 5
3 0.307992 1 22
Merging: 4
2 0.308764 1 22
Merging: 3
1 0.309459 1 20
BOUND: 7 < 7, total time: 0.310077s
Actual search time: 0.0108924s [t=0.310358s]
turn_to satellite0 groundstation7 groundstation9 (1)
switch_on instrument1 satellite0 (1)
calibrate satellite0 instrument1 groundstation7 (1)
turn_to satellite0 phenomenon10 groundstation7 (1)
take_image satellite0 phenomenon10 instrument1 infrared3 (1)
turn_to satellite0 groundstation0 phenomenon10 (1)
turn_to satellite1 groundstation4 star8 (1)
Plan length: 7 step(s).
Plan cost: 7
Bytes per state: 4
Search time: 0.0141925s
Total time: 0.310369s
Solution found.
Peak memory: 253640 KB
Running single search parser
