INFO     Running translator.
INFO     translator input: ['domain.pddl', 'problem.pddl']
INFO     translator arguments: []
INFO     translator time limit: None
INFO     translator memory limit: None
INFO     callstring: /usr/bin/python /mnt/data_server/torralba/subdominization/training/data/training_satellite/code-70296b3db083/builds/release32/bin/translate/translate.py domain.pddl problem.pddl
Parsing...
Parsing: [0.010s CPU, 0.017s wall-clock]
Normalizing task... [0.000s CPU, 0.000s wall-clock]
Instantiating...
Generating Datalog program... [0.000s CPU, 0.001s wall-clock]
Normalizing Datalog program...
Normalizing Datalog program: [0.000s CPU, 0.043s wall-clock]
Preparing model... [0.010s CPU, 0.003s wall-clock]
Generated 31 rules.
Computing model... [0.020s CPU, 0.028s wall-clock]
954 relevant atoms
268 auxiliary atoms
1222 final queue length
1891 total queue pushes
Completing instantiation... [0.040s CPU, 0.040s wall-clock]
Instantiating: [0.070s CPU, 0.174s wall-clock]
Computing fact groups...
Finding invariants...
12 initial candidates
Finding invariants: [0.000s CPU, 0.003s wall-clock]
Checking invariant weight... [0.000s CPU, 0.000s wall-clock]
Instantiating groups... [0.000s CPU, 0.000s wall-clock]
Collecting mutex groups... [0.000s CPU, 0.000s wall-clock]
Choosing groups...
50 uncovered facts
Choosing groups: [0.010s CPU, 0.000s wall-clock]
Building translation key... [0.000s CPU, 0.001s wall-clock]
Computing fact groups: [0.010s CPU, 0.006s wall-clock]
Building STRIPS to SAS dictionary... [0.000s CPU, 0.000s wall-clock]
Building dictionary for full mutex groups... [0.000s CPU, 0.000s wall-clock]
Building mutex information...
Building mutex information: [0.000s CPU, 0.000s wall-clock]
Translating task...
Processing axioms...
Simplifying axioms... [0.000s CPU, 0.000s wall-clock]
Processing axioms: [0.000s CPU, 0.002s wall-clock]
Translating task: [0.040s CPU, 0.042s wall-clock]
15 effect conditions simplified
0 implied preconditions added
Detecting unreachable propositions...
0 operators removed
0 axioms removed
4 propositions removed
Detecting unreachable propositions: [0.020s CPU, 0.023s wall-clock]
Translator variables: 54
Translator derived variables: 0
Translator facts: 148
Translator goal facts: 8
Translator mutex groups: 4
Translator total mutex groups size: 48
Translator operators: 711
Translator axioms: 0
Translator task size: 2747
Translator peak memory: 46348 KB
Writing output... [0.020s CPU, 0.104s wall-clock]
Done! [0.170s CPU, 0.368s wall-clock]
INFO     Running preprocessor (release32).
INFO     preprocessor input: output.sas
INFO     preprocessor arguments: []
INFO     preprocessor time limit: None
INFO     preprocessor memory limit: None
INFO     callstring: /mnt/data_server/torralba/subdominization/training/data/training_satellite/code-70296b3db083/builds/release32/bin/preprocess < output.sas
Building causal graph...
The causal graph is not acyclic.
25 variables of 54 necessary
0 of 4 mutex groups necessary.
578 of 711 operators necessary.
0 of 0 axiom rules necessary.
Initializing mutex computation...
Mutex computation initialized with 90 fluents.
iteration for mutex detection and operator pruning
Initialize m_index fw
Initialized mvalues forward: reached=625, notReached=6905, spurious=570
Initialize m_ops fw
Computing mutexes...
Mutex computation finished with reached=7512, notReached=18, spurious=570
0 operators are spurious because were not triggered
H^2 mutexes added fw: 18, unreachable: 0
0 of 578 operators detected as spurious
iteration for mutex detection and operator pruning
Initialize m_index bw
Init values regression
Initialized mvalues backward: reached=4742, notReached=2770, spurious=588
Initialize m_ops bw
Computing mutexes...
Mutex computation finished with reached=7512, notReached=0, spurious=588
0 operators are spurious because were not triggered
H^2 mutexes added bw: 0, unreachable: 0
0 of 578 operators detected as spurious
Total mutex and disambiguation time: 0.019921 iterations: 2
9 of 9 mutex groups necessary.
578 of 578 operators necessary.
0 of 0 axiom rules necessary.
Change id of operators: 578
Change id of mutexes
Change id of goals
Change id of initial state
Remove unreachable facts from variables: 25
9 of 9 mutex groups necessary.
578 of 578 operators necessary.
0 of 0 axiom rules necessary.
Updating causal graph and pruning unnecessary facts
25 variables of 25 of 54 necessary
The causal graph is not acyclic.
25 variables of 25 necessary
9 of 9 mutex groups necessary.
578 of 578 operators necessary.
0 of 0 axiom rules necessary.
Building domain transition graphs...
solveable in poly time 0
Building successor generator...
Preprocessor variables: 25
Preprocessor facts: 90
Preprocessor derived variables: 0
Preprocessor operators: 578
Preprocessor mutex groups: 9
Preprocessor task size: 1965
Writing output...
Preprocessor time: 0.0422362s
Preprocessor peak memory: 2420 KB
done
INFO     Running search (release32).
INFO     search input: output
INFO     search arguments: ['--search', 'sbd(store_operators_in_optimal_plan=true, cost_type=1)']
INFO     search time limit: 3600s
INFO     search memory limit: 4096 MB
INFO     search executable: /mnt/data_server/torralba/subdominization/training/data/training_satellite/code-70296b3db083/builds/release32/bin/downward
INFO     callstring: /mnt/data_server/torralba/subdominization/training/data/training_satellite/code-70296b3db083/builds/release32/bin/downward --search 'sbd(store_operators_in_optimal_plan=true, cost_type=1)' --internal-plan-file sas_plan < output
time limit 3600.00 -> (3600, 3601)
reading input... [t=0.00010785s]
done reading input! [t=0.00425724s]
packing state variables...done! [t=0.00427069s]
Variables: 25
FactPairs: 90
Bytes per state: 8
Building successor generator...done! [t=0.00468579s]
done initalizing global data [t=0.00469316s]
TR(time=60000, nodes=100000)
Mutex(time=60000, nodes=100000, type=edeletion)
Aux(time=2000, nodes=1000000)
Disj(nodes=2147483647)
Estimation: min_time(1000) time_penalty +(1000)*(2) nodes_penalty +(1000)*(2)
MaxStep(time=30000, nodes=100000000, nodes_per_planning_second=100)
Ratio useful: 0
   Min alloted time: 60000 nodes: 10000000
   Max alloted time: 60000 nodes: 15000000
   Mult alloted time: 2 nodes: 2
   Ratio after relax: 0.8
building causal graph...done! [t=0.00014844s]
Sym variable order: 9 12 8 10 7 11 1 13 14 21 24 20 22 23 18 19 2 0 3 6 5 17 16 4 15 
Initializing Symbolic Variables
Num variables: 25 => 37
Initialize Symbolic Manager(74, 216216, 16000000, 0)
Generating binary variables
Symbolic Variables... Done.
BOUND: 1 < 2147483647, total time: 0.493126s
BOUND: 2 < 2147483647, total time: 0.493416s
BOUND: 3 < 2147483647, total time: 0.493973s
BOUND: 4 < 2147483647, total time: 0.494432s
BOUND: 5 < 2147483647, total time: 0.495018s
BOUND: 6 < 2147483647, total time: 0.49578s
BOUND: 7 < 2147483647, total time: 0.496993s
BOUND: 8 < 2147483647, total time: 0.499428s
BOUND: 9 < 2147483647, total time: 0.501986s
BOUND: 10 < 2147483647, total time: 0.508285s
BOUND: 11 < 2147483647, total time: 0.513392s
BOUND: 12 < 2147483647, total time: 0.527312s
BOUND: 13 < 2147483647, total time: 0.537844s
BOUND: 14 < 2147483647, total time: 0.559054s
BOUND: 15 < 2147483647, total time: 0.581828s
BOUND: 16 < 2147483647, total time: 0.615613s
BOUND: 17 < 2147483647, total time: 0.653125s
BOUND: 18 < 2147483647, total time: 0.697654s
Solution found with cost 18 total time: 0.733405s
Merging: 1
9 0.753883 1 1017
Merging: 162
8 0.928226 1 646
Merging: 197
7 1.03567 1 629
Merging: 162
6 1.1369 1 341
Merging: 197
5 1.18937 1 299
Merging: 57
4 1.23374 1 142
Merging: 33
3 1.2542 1 147
Merging: 13
2 1.27487 1 130
Merging: 10
1 1.29331 1 92
Merging: 1
9 1.30762 1 1017
Merging: 197
8 1.40187 1 917
Merging: 162
7 1.48483 1 1115
Merging: 197
6 1.57787 1 917
Merging: 162
5 1.65166 1 1014
Merging: 197
4 1.73158 1 645
Merging: 162
3 1.78635 1 624
Merging: 197
2 1.83706 1 340
Merging: 162
1 1.86717 1 294
BOUND: 18 < 18, total time: 1.89056s
Actual search time: 1.39991s [t=1.89308s]
turn_to satellite0 groundstation0 star1 (1)
switch_on instrument0 satellite0 (1)
calibrate satellite0 instrument0 groundstation0 (1)
turn_to satellite0 planet6 groundstation0 (1)
take_image satellite0 planet6 instrument0 spectrograph2 (1)
turn_to satellite0 phenomenon7 planet6 (1)
take_image satellite0 phenomenon7 instrument0 thermograph0 (1)
turn_to satellite0 phenomenon11 phenomenon7 (1)
take_image satellite0 phenomenon11 instrument0 thermograph0 (1)
turn_to satellite0 planet9 phenomenon11 (1)
take_image satellite0 planet9 instrument0 thermograph0 (1)
turn_to satellite0 star10 planet9 (1)
take_image satellite0 star10 instrument0 thermograph0 (1)
turn_to satellite0 star5 star10 (1)
take_image satellite0 star5 instrument0 thermograph0 (1)
turn_to satellite0 star8 star5 (1)
take_image satellite0 star8 instrument0 spectrograph2 (1)
turn_to satellite0 groundstation4 star8 (1)
Plan length: 18 step(s).
Plan cost: 18
Bytes per state: 8
Search time: 1.43595s
Total time: 1.89309s
Solution found.
Peak memory: 231336 KB
Running single search parser
