INFO     Running translator.
INFO     translator input: ['domain.pddl', 'problem.pddl']
INFO     translator arguments: []
INFO     translator time limit: None
INFO     translator memory limit: None
INFO     callstring: /usr/bin/python /mnt/data_server/torralba/subdominization/training/data/training_satellite/code-70296b3db083/builds/release32/bin/translate/translate.py domain.pddl problem.pddl
Parsing...
Parsing: [0.020s CPU, 0.014s wall-clock]
Normalizing task... [0.000s CPU, 0.000s wall-clock]
Instantiating...
Generating Datalog program... [0.000s CPU, 0.001s wall-clock]
Normalizing Datalog program...
Normalizing Datalog program: [0.000s CPU, 0.010s wall-clock]
Preparing model... [0.010s CPU, 0.002s wall-clock]
Generated 31 rules.
Computing model... [0.040s CPU, 0.043s wall-clock]
1560 relevant atoms
354 auxiliary atoms
1914 final queue length
3134 total queue pushes
Completing instantiation... [0.070s CPU, 0.069s wall-clock]
Instantiating: [0.120s CPU, 0.139s wall-clock]
Computing fact groups...
Finding invariants...
12 initial candidates
Finding invariants: [0.000s CPU, 0.004s wall-clock]
Checking invariant weight... [0.000s CPU, 0.000s wall-clock]
Instantiating groups... [0.000s CPU, 0.000s wall-clock]
Collecting mutex groups... [0.000s CPU, 0.000s wall-clock]
Choosing groups...
50 uncovered facts
Choosing groups: [0.000s CPU, 0.000s wall-clock]
Building translation key... [0.010s CPU, 0.001s wall-clock]
Computing fact groups: [0.010s CPU, 0.007s wall-clock]
Building STRIPS to SAS dictionary... [0.000s CPU, 0.000s wall-clock]
Building dictionary for full mutex groups... [0.000s CPU, 0.000s wall-clock]
Building mutex information...
Building mutex information: [0.000s CPU, 0.000s wall-clock]
Translating task...
Processing axioms...
Simplifying axioms... [0.000s CPU, 0.000s wall-clock]
Processing axioms: [0.000s CPU, 0.003s wall-clock]
Translating task: [0.060s CPU, 0.069s wall-clock]
18 effect conditions simplified
0 implied preconditions added
Detecting unreachable propositions...
0 operators removed
0 axioms removed
4 propositions removed
Detecting unreachable propositions: [0.040s CPU, 0.040s wall-clock]
Translator variables: 54
Translator derived variables: 0
Translator facts: 168
Translator goal facts: 4
Translator mutex groups: 4
Translator total mutex groups size: 68
Translator operators: 1262
Translator axioms: 0
Translator task size: 4413
Translator peak memory: 48816 KB
Writing output... [0.010s CPU, 0.022s wall-clock]
Done! [0.270s CPU, 0.297s wall-clock]
INFO     Running preprocessor (release32).
INFO     preprocessor input: output.sas
INFO     preprocessor arguments: []
INFO     preprocessor time limit: None
INFO     preprocessor memory limit: None
INFO     callstring: /mnt/data_server/torralba/subdominization/training/data/training_satellite/code-70296b3db083/builds/release32/bin/preprocess < output.sas
Building causal graph...
The causal graph is not acyclic.
21 variables of 54 necessary
0 of 4 mutex groups necessary.
1118 of 1262 operators necessary.
0 of 0 axiom rules necessary.
Initializing mutex computation...
Mutex computation initialized with 102 fluents.
iteration for mutex detection and operator pruning
Initialize m_index fw
Initialized mvalues forward: reached=441, notReached=8841, spurious=1122
Initialize m_ops fw
Computing mutexes...
Mutex computation finished with reached=9262, notReached=20, spurious=1122
0 operators are spurious because were not triggered
H^2 mutexes added fw: 20, unreachable: 0
0 of 1118 operators detected as spurious
iteration for mutex detection and operator pruning
Initialize m_index bw
Init values regression
Initialized mvalues backward: reached=6025, notReached=3237, spurious=1142
Initialize m_ops bw
Computing mutexes...
Mutex computation finished with reached=9262, notReached=0, spurious=1142
0 operators are spurious because were not triggered
H^2 mutexes added bw: 0, unreachable: 0
0 of 1118 operators detected as spurious
Total mutex and disambiguation time: 0.037249 iterations: 2
10 of 10 mutex groups necessary.
1118 of 1118 operators necessary.
0 of 0 axiom rules necessary.
Change id of operators: 1118
Change id of mutexes
Change id of goals
Change id of initial state
Remove unreachable facts from variables: 21
10 of 10 mutex groups necessary.
1118 of 1118 operators necessary.
0 of 0 axiom rules necessary.
Updating causal graph and pruning unnecessary facts
21 variables of 21 of 54 necessary
The causal graph is not acyclic.
21 variables of 21 necessary
10 of 10 mutex groups necessary.
1118 of 1118 operators necessary.
0 of 0 axiom rules necessary.
Building domain transition graphs...
solveable in poly time 0
Building successor generator...
Preprocessor variables: 21
Preprocessor facts: 102
Preprocessor derived variables: 0
Preprocessor operators: 1118
Preprocessor mutex groups: 10
Preprocessor task size: 3547
Writing output...
Preprocessor time: 0.0673311s
Preprocessor peak memory: 2752 KB
done
INFO     Running search (release32).
INFO     search input: output
INFO     search arguments: ['--search', 'sbd(store_operators_in_optimal_plan=true, cost_type=1)']
INFO     search time limit: 3600s
INFO     search memory limit: 4096 MB
INFO     search executable: /mnt/data_server/torralba/subdominization/training/data/training_satellite/code-70296b3db083/builds/release32/bin/downward
INFO     callstring: /mnt/data_server/torralba/subdominization/training/data/training_satellite/code-70296b3db083/builds/release32/bin/downward --search 'sbd(store_operators_in_optimal_plan=true, cost_type=1)' --internal-plan-file sas_plan < output
time limit 3600.00 -> (3600, 3601)
reading input... [t=0.000151855s]
done reading input! [t=0.00761316s]
packing state variables...done! [t=0.00762968s]
Variables: 21
FactPairs: 102
Bytes per state: 8
Building successor generator...done! [t=0.00824746s]
done initalizing global data [t=0.00825481s]
TR(time=60000, nodes=100000)
Mutex(time=60000, nodes=100000, type=edeletion)
Aux(time=2000, nodes=1000000)
Disj(nodes=2147483647)
Estimation: min_time(1000) time_penalty +(1000)*(2) nodes_penalty +(1000)*(2)
MaxStep(time=30000, nodes=100000000, nodes_per_planning_second=100)
Ratio useful: 0
   Min alloted time: 60000 nodes: 10000000
   Max alloted time: 60000 nodes: 15000000
   Mult alloted time: 2 nodes: 2
   Ratio after relax: 0.8
building causal graph...done! [t=0.000147425s]
Sym variable order: 9 10 12 8 11 13 14 1 2 18 19 20 3 0 17 16 7 4 15 6 5 
Initializing Symbolic Variables
Num variables: 21 => 37
Initialize Symbolic Manager(74, 216216, 16000000, 0)
Generating binary variables
Symbolic Variables... Done.
BOUND: 1 < 2147483647, total time: 0.441233s
BOUND: 2 < 2147483647, total time: 0.441544s
BOUND: 3 < 2147483647, total time: 0.442001s
BOUND: 4 < 2147483647, total time: 0.442436s
BOUND: 5 < 2147483647, total time: 0.442984s
BOUND: 6 < 2147483647, total time: 0.443973s
BOUND: 7 < 2147483647, total time: 0.444746s
BOUND: 8 < 2147483647, total time: 0.445844s
BOUND: 9 < 2147483647, total time: 0.447931s
BOUND: 10 < 2147483647, total time: 0.449918s
Solution found with cost 10 total time: 0.452252s
Merging: 1
6 0.469461 1 201
Merging: 34
5 0.523182 1 176
Merging: 25
4 0.567633 1 129
Merging: 23
3 0.599119 1 138
Merging: 14
2 0.63165 1 130
Merging: 11
1 0.661681 1 92
Merging: 1
4 0.684522 1 201
Merging: 31
3 0.713354 1 178
Merging: 34
2 0.734484 1 201
Merging: 31
1 0.754987 1 165
BOUND: 10 < 10, total time: 0.772317s
Actual search time: 0.331631s [t=0.772904s]
turn_to satellite1 star4 star9 (1)
turn_to satellite0 groundstation1 star9 (1)
switch_on instrument0 satellite0 (1)
calibrate satellite0 instrument0 groundstation1 (1)
turn_to satellite0 phenomenon11 groundstation1 (1)
take_image satellite0 phenomenon11 instrument0 thermograph1 (1)
turn_to satellite0 star10 phenomenon11 (1)
take_image satellite0 star10 instrument0 thermograph1 (1)
turn_to satellite0 star16 star10 (1)
take_image satellite0 star16 instrument0 thermograph1 (1)
Plan length: 10 step(s).
Plan cost: 10
Bytes per state: 8
Search time: 0.352968s
Total time: 0.772916s
Solution found.
Peak memory: 222796 KB
Running single search parser
