INFO     Running translator.
INFO     translator input: ['domain.pddl', 'problem.pddl']
INFO     translator arguments: []
INFO     translator time limit: None
INFO     translator memory limit: None
INFO     callstring: /usr/bin/python /mnt/data_server/torralba/subdominization/training/data/training_satellite/code-70296b3db083/builds/release32/bin/translate/translate.py domain.pddl problem.pddl
Parsing...
Parsing: [0.010s CPU, 0.014s wall-clock]
Normalizing task... [0.000s CPU, 0.000s wall-clock]
Instantiating...
Generating Datalog program... [0.000s CPU, 0.001s wall-clock]
Normalizing Datalog program...
Normalizing Datalog program: [0.000s CPU, 0.004s wall-clock]
Preparing model... [0.000s CPU, 0.002s wall-clock]
Generated 31 rules.
Computing model... [0.020s CPU, 0.015s wall-clock]
470 relevant atoms
207 auxiliary atoms
677 final queue length
948 total queue pushes
Completing instantiation... [0.020s CPU, 0.018s wall-clock]
Instantiating: [0.040s CPU, 0.054s wall-clock]
Computing fact groups...
Finding invariants...
12 initial candidates
Finding invariants: [0.000s CPU, 0.003s wall-clock]
Checking invariant weight... [0.000s CPU, 0.000s wall-clock]
Instantiating groups... [0.000s CPU, 0.000s wall-clock]
Collecting mutex groups... [0.000s CPU, 0.000s wall-clock]
Choosing groups...
36 uncovered facts
Choosing groups: [0.000s CPU, 0.000s wall-clock]
Building translation key... [0.000s CPU, 0.000s wall-clock]
Computing fact groups: [0.000s CPU, 0.005s wall-clock]
Building STRIPS to SAS dictionary... [0.000s CPU, 0.000s wall-clock]
Building dictionary for full mutex groups... [0.000s CPU, 0.000s wall-clock]
Building mutex information...
Building mutex information: [0.000s CPU, 0.000s wall-clock]
Translating task...
Processing axioms...
Simplifying axioms... [0.000s CPU, 0.000s wall-clock]
Processing axioms: [0.000s CPU, 0.001s wall-clock]
Translating task: [0.020s CPU, 0.019s wall-clock]
24 effect conditions simplified
0 implied preconditions added
Detecting unreachable propositions...
0 operators removed
0 axioms removed
2 propositions removed
Detecting unreachable propositions: [0.010s CPU, 0.012s wall-clock]
Translator variables: 38
Translator derived variables: 0
Translator facts: 90
Translator goal facts: 3
Translator mutex groups: 2
Translator total mutex groups size: 18
Translator operators: 303
Translator axioms: 0
Translator task size: 1360
Translator peak memory: 44540 KB
Writing output... [0.010s CPU, 0.007s wall-clock]
Done! [0.090s CPU, 0.113s wall-clock]
INFO     Running preprocessor (release32).
INFO     preprocessor input: output.sas
INFO     preprocessor arguments: []
INFO     preprocessor time limit: None
INFO     preprocessor memory limit: None
INFO     callstring: /mnt/data_server/torralba/subdominization/training/data/training_satellite/code-70296b3db083/builds/release32/bin/preprocess < output.sas
Building causal graph...
The causal graph is not acyclic.
23 variables of 38 necessary
0 of 2 mutex groups necessary.
190 of 303 operators necessary.
0 of 0 axiom rules necessary.
Initializing mutex computation...
Mutex computation initialized with 60 fluents.
iteration for mutex detection and operator pruning
Initialize m_index fw
Initialized mvalues forward: reached=529, notReached=2885, spurious=186
Initialize m_ops fw
Computing mutexes...
Mutex computation finished with reached=3374, notReached=40, spurious=186
0 operators are spurious because were not triggered
H^2 mutexes added fw: 40, unreachable: 0
0 of 190 operators detected as spurious
iteration for mutex detection and operator pruning
Initialize m_index bw
Init values regression
Initialized mvalues backward: reached=3029, notReached=345, spurious=226
Initialize m_ops bw
Computing mutexes...
Mutex computation finished with reached=3374, notReached=0, spurious=226
0 operators are spurious because were not triggered
H^2 mutexes added bw: 0, unreachable: 0
0 of 190 operators detected as spurious
Total mutex and disambiguation time: 0.004556 iterations: 2
20 of 20 mutex groups necessary.
190 of 190 operators necessary.
0 of 0 axiom rules necessary.
Change id of operators: 190
Change id of mutexes
Change id of goals
Change id of initial state
Remove unreachable facts from variables: 23
20 of 20 mutex groups necessary.
190 of 190 operators necessary.
0 of 0 axiom rules necessary.
Updating causal graph and pruning unnecessary facts
23 variables of 23 of 38 necessary
The causal graph is not acyclic.
23 variables of 23 necessary
20 of 20 mutex groups necessary.
190 of 190 operators necessary.
0 of 0 axiom rules necessary.
Building domain transition graphs...
solveable in poly time 0
Building successor generator...
Preprocessor variables: 23
Preprocessor facts: 60
Preprocessor derived variables: 0
Preprocessor operators: 190
Preprocessor mutex groups: 20
Preprocessor task size: 772
Writing output...
Preprocessor time: 0.0130243s
Preprocessor peak memory: 2252 KB
done
INFO     Running search (release32).
INFO     search input: output
INFO     search arguments: ['--search', 'sbd(store_operators_in_optimal_plan=true, cost_type=1)']
INFO     search time limit: 3600s
INFO     search memory limit: 4096 MB
INFO     search executable: /mnt/data_server/torralba/subdominization/training/data/training_satellite/code-70296b3db083/builds/release32/bin/downward
INFO     callstring: /mnt/data_server/torralba/subdominization/training/data/training_satellite/code-70296b3db083/builds/release32/bin/downward --search 'sbd(store_operators_in_optimal_plan=true, cost_type=1)' --internal-plan-file sas_plan < output
time limit 3600.00 -> (3600, 3601)
reading input... [t=0.000170809s]
done reading input! [t=0.00192096s]
packing state variables...done! [t=0.00193855s]
Variables: 23
FactPairs: 60
Bytes per state: 4
Building successor generator...done! [t=0.0021314s]
done initalizing global data [t=0.00213683s]
TR(time=60000, nodes=100000)
Mutex(time=60000, nodes=100000, type=edeletion)
Aux(time=2000, nodes=1000000)
Disj(nodes=2147483647)
Estimation: min_time(1000) time_penalty +(1000)*(2) nodes_penalty +(1000)*(2)
MaxStep(time=30000, nodes=100000000, nodes_per_planning_second=100)
Ratio useful: 0
   Min alloted time: 60000 nodes: 10000000
   Max alloted time: 60000 nodes: 15000000
   Mult alloted time: 2 nodes: 2
   Ratio after relax: 0.8
building causal graph...done! [t=0.000130013s]
Sym variable order: 14 16 15 11 19 1 17 13 18 12 20 21 22 3 9 0 8 4 7 10 5 2 6 
Initializing Symbolic Variables
Num variables: 23 => 29
Initialize Symbolic Manager(58, 275862, 16000000, 0)
Generating binary variables
Symbolic Variables... Done.
BOUND: 1 < 2147483647, total time: 0.486572s
BOUND: 2 < 2147483647, total time: 0.48676s
BOUND: 3 < 2147483647, total time: 0.487186s
BOUND: 4 < 2147483647, total time: 0.487516s
BOUND: 5 < 2147483647, total time: 0.487969s
BOUND: 6 < 2147483647, total time: 0.488584s
BOUND: 7 < 2147483647, total time: 0.489257s
BOUND: 8 < 2147483647, total time: 0.490181s
Solution found with cost 8 total time: 0.491055s
Merging: 1
4 0.494531 1 58
Merging: 6
3 0.497313 1 43
Merging: 3
2 0.499559 1 37
Merging: 2
1 0.501487 1 37
Merging: 1
4 0.503386 1 58
Merging: 6
3 0.504948 1 60
Merging: 6
2 0.506568 1 60
Merging: 6
1 0.50791 1 58
BOUND: 8 < 8, total time: 0.509196s
Actual search time: 0.0228581s [t=0.509467s]
switch_on instrument1 satellite0 (1)
calibrate satellite0 instrument1 star3 (1)
turn_to satellite0 planet5 star3 (1)
take_image satellite0 planet5 instrument1 infrared0 (1)
turn_to satellite0 planet8 planet5 (1)
take_image satellite0 planet8 instrument1 infrared0 (1)
turn_to satellite0 star7 planet8 (1)
take_image satellite0 star7 instrument1 infrared1 (1)
Plan length: 8 step(s).
Plan cost: 8
Bytes per state: 4
Search time: 0.0287021s
Total time: 0.509477s
Solution found.
Peak memory: 264420 KB
Running single search parser
