INFO     Running translator.
INFO     translator input: ['domain.pddl', 'problem.pddl']
INFO     translator arguments: []
INFO     translator time limit: None
INFO     translator memory limit: None
INFO     callstring: /usr/bin/python /mnt/data_server/torralba/subdominization/training/data/training_satellite/code-70296b3db083/builds/release32/bin/translate/translate.py domain.pddl problem.pddl
Parsing...
Parsing: [0.000s CPU, 0.022s wall-clock]
Normalizing task... [0.000s CPU, 0.000s wall-clock]
Instantiating...
Generating Datalog program... [0.000s CPU, 0.001s wall-clock]
Normalizing Datalog program...
Normalizing Datalog program: [0.010s CPU, 0.027s wall-clock]
Preparing model... [0.000s CPU, 0.002s wall-clock]
Generated 31 rules.
Computing model... [0.010s CPU, 0.013s wall-clock]
444 relevant atoms
145 auxiliary atoms
589 final queue length
862 total queue pushes
Completing instantiation... [0.020s CPU, 0.018s wall-clock]
Instantiating: [0.040s CPU, 0.068s wall-clock]
Computing fact groups...
Finding invariants...
12 initial candidates
Finding invariants: [0.000s CPU, 0.003s wall-clock]
Checking invariant weight... [0.000s CPU, 0.000s wall-clock]
Instantiating groups... [0.000s CPU, 0.000s wall-clock]
Collecting mutex groups... [0.000s CPU, 0.000s wall-clock]
Choosing groups...
30 uncovered facts
Choosing groups: [0.000s CPU, 0.000s wall-clock]
Building translation key... [0.000s CPU, 0.000s wall-clock]
Computing fact groups: [0.000s CPU, 0.005s wall-clock]
Building STRIPS to SAS dictionary... [0.000s CPU, 0.000s wall-clock]
Building dictionary for full mutex groups... [0.000s CPU, 0.000s wall-clock]
Building mutex information...
Building mutex information: [0.000s CPU, 0.000s wall-clock]
Translating task...
Processing axioms...
Simplifying axioms... [0.000s CPU, 0.000s wall-clock]
Processing axioms: [0.010s CPU, 0.001s wall-clock]
Translating task: [0.020s CPU, 0.018s wall-clock]
9 effect conditions simplified
0 implied preconditions added
Detecting unreachable propositions...
0 operators removed
0 axioms removed
2 propositions removed
Detecting unreachable propositions: [0.010s CPU, 0.010s wall-clock]
Translator variables: 32
Translator derived variables: 0
Translator facts: 82
Translator goal facts: 2
Translator mutex groups: 2
Translator total mutex groups size: 22
Translator operators: 299
Translator axioms: 0
Translator task size: 1183
Translator peak memory: 44264 KB
Writing output... [0.010s CPU, 0.017s wall-clock]
Done! [0.080s CPU, 0.141s wall-clock]
INFO     Running preprocessor (release32).
INFO     preprocessor input: output.sas
INFO     preprocessor arguments: []
INFO     preprocessor time limit: None
INFO     preprocessor memory limit: None
INFO     callstring: /mnt/data_server/torralba/subdominization/training/data/training_satellite/code-70296b3db083/builds/release32/bin/preprocess < output.sas
Building causal graph...
The causal graph is not acyclic.
11 variables of 32 necessary
0 of 2 mutex groups necessary.
236 of 299 operators necessary.
0 of 0 axiom rules necessary.
Initializing mutex computation...
Mutex computation initialized with 40 fluents.
iteration for mutex detection and operator pruning
Initialize m_index fw
Initialized mvalues forward: reached=121, notReached=1241, spurious=238
Initialize m_ops fw
Computing mutexes...
Mutex computation finished with reached=1352, notReached=10, spurious=238
0 operators are spurious because were not triggered
H^2 mutexes added fw: 10, unreachable: 0
0 of 236 operators detected as spurious
iteration for mutex detection and operator pruning
Initialize m_index bw
Init values regression
Initialized mvalues backward: reached=705, notReached=647, spurious=248
Initialize m_ops bw
Computing mutexes...
Mutex computation finished with reached=1352, notReached=0, spurious=248
0 operators are spurious because were not triggered
H^2 mutexes added bw: 0, unreachable: 0
0 of 236 operators detected as spurious
Total mutex and disambiguation time: 0.003426 iterations: 2
5 of 5 mutex groups necessary.
236 of 236 operators necessary.
0 of 0 axiom rules necessary.
Change id of operators: 236
Change id of mutexes
Change id of goals
Change id of initial state
Remove unreachable facts from variables: 11
5 of 5 mutex groups necessary.
236 of 236 operators necessary.
0 of 0 axiom rules necessary.
Updating causal graph and pruning unnecessary facts
11 variables of 11 of 32 necessary
The causal graph is not acyclic.
11 variables of 11 necessary
5 of 5 mutex groups necessary.
236 of 236 operators necessary.
0 of 0 axiom rules necessary.
Building domain transition graphs...
solveable in poly time 0
Building successor generator...
Preprocessor variables: 11
Preprocessor facts: 40
Preprocessor derived variables: 0
Preprocessor operators: 236
Preprocessor mutex groups: 5
Preprocessor task size: 793
Writing output...
Preprocessor time: 0.0111617s
Preprocessor peak memory: 2248 KB
done
INFO     Running search (release32).
INFO     search input: output
INFO     search arguments: ['--search', 'sbd(store_operators_in_optimal_plan=true, cost_type=1)']
INFO     search time limit: 3600s
INFO     search memory limit: 4096 MB
INFO     search executable: /mnt/data_server/torralba/subdominization/training/data/training_satellite/code-70296b3db083/builds/release32/bin/downward
INFO     callstring: /mnt/data_server/torralba/subdominization/training/data/training_satellite/code-70296b3db083/builds/release32/bin/downward --search 'sbd(store_operators_in_optimal_plan=true, cost_type=1)' --internal-plan-file sas_plan < output
time limit 3600.00 -> (3600, 3601)
reading input... [t=0.00011992s]
done reading input! [t=0.00195241s]
packing state variables...done! [t=0.00196568s]
Variables: 11
FactPairs: 40
Bytes per state: 4
Building successor generator...done! [t=0.00212363s]
done initalizing global data [t=0.00213013s]
TR(time=60000, nodes=100000)
Mutex(time=60000, nodes=100000, type=edeletion)
Aux(time=2000, nodes=1000000)
Disj(nodes=2147483647)
Estimation: min_time(1000) time_penalty +(1000)*(2) nodes_penalty +(1000)*(2)
MaxStep(time=30000, nodes=100000000, nodes_per_planning_second=100)
Ratio useful: 0
   Min alloted time: 60000 nodes: 10000000
   Max alloted time: 60000 nodes: 15000000
   Mult alloted time: 2 nodes: 2
   Ratio after relax: 0.8
building causal graph...done! [t=5.6489e-05s]
Sym variable order: 7 8 9 1 0 10 6 2 5 4 3 
Initializing Symbolic Variables
Num variables: 11 => 17
Initialize Symbolic Manager(34, 470588, 16000000, 0)
Generating binary variables
Symbolic Variables... Done.
BOUND: 1 < 2147483647, total time: 0.308524s
BOUND: 2 < 2147483647, total time: 0.308677s
BOUND: 3 < 2147483647, total time: 0.308857s
BOUND: 4 < 2147483647, total time: 0.309076s
BOUND: 5 < 2147483647, total time: 0.309277s
BOUND: 6 < 2147483647, total time: 0.30951s
Solution found with cost 6 total time: 0.309719s
Merging: 1
3 0.311682 1 55
Merging: 12
2 0.315171 1 53
Merging: 9
1 0.318572 1 41
Merging: 1
3 0.321408 1 55
Merging: 10
2 0.323495 1 45
Merging: 7
1 0.324918 1 40
BOUND: 6 < 6, total time: 0.326246s
Actual search time: 0.0179242s [t=0.326492s]
turn_to satellite0 groundstation5 star9 (1)
switch_on instrument0 satellite0 (1)
calibrate satellite0 instrument0 groundstation5 (1)
turn_to satellite0 star10 groundstation5 (1)
take_image satellite0 star10 instrument0 thermograph0 (1)
turn_to satellite0 star0 star10 (1)
Plan length: 6 step(s).
Plan cost: 6
Bytes per state: 4
Search time: 0.0217486s
Total time: 0.326501s
Solution found.
Peak memory: 214892 KB
Running single search parser
