INFO     Running translator.
INFO     translator input: ['domain.pddl', 'problem.pddl']
INFO     translator arguments: []
INFO     translator time limit: None
INFO     translator memory limit: None
INFO     callstring: /usr/bin/python /mnt/data_server/torralba/subdominization/training/data/training_satellite/code-70296b3db083/builds/release32/bin/translate/translate.py domain.pddl problem.pddl
Parsing...
Parsing: [0.000s CPU, 0.017s wall-clock]
Normalizing task... [0.000s CPU, 0.000s wall-clock]
Instantiating...
Generating Datalog program... [0.010s CPU, 0.001s wall-clock]
Normalizing Datalog program...
Normalizing Datalog program: [0.000s CPU, 0.073s wall-clock]
Preparing model... [0.000s CPU, 0.004s wall-clock]
Generated 31 rules.
Computing model... [0.060s CPU, 0.052s wall-clock]
2020 relevant atoms
360 auxiliary atoms
2380 final queue length
3938 total queue pushes
Completing instantiation... [0.080s CPU, 0.091s wall-clock]
Instantiating: [0.160s CPU, 0.281s wall-clock]
Computing fact groups...
Finding invariants...
12 initial candidates
Finding invariants: [0.000s CPU, 0.004s wall-clock]
Checking invariant weight... [0.000s CPU, 0.000s wall-clock]
Instantiating groups... [0.000s CPU, 0.000s wall-clock]
Collecting mutex groups... [0.000s CPU, 0.000s wall-clock]
Choosing groups...
101 uncovered facts
Choosing groups: [0.000s CPU, 0.000s wall-clock]
Building translation key... [0.000s CPU, 0.001s wall-clock]
Computing fact groups: [0.000s CPU, 0.009s wall-clock]
Building STRIPS to SAS dictionary... [0.000s CPU, 0.000s wall-clock]
Building dictionary for full mutex groups... [0.000s CPU, 0.000s wall-clock]
Building mutex information...
Building mutex information: [0.000s CPU, 0.000s wall-clock]
Translating task...
Processing axioms...
Simplifying axioms... [0.000s CPU, 0.000s wall-clock]
Processing axioms: [0.000s CPU, 0.004s wall-clock]
Translating task: [0.090s CPU, 0.091s wall-clock]
15 effect conditions simplified
0 implied preconditions added
Detecting unreachable propositions...
0 operators removed
0 axioms removed
3 propositions removed
Detecting unreachable propositions: [0.070s CPU, 0.054s wall-clock]
Translator variables: 104
Translator derived variables: 0
Translator facts: 268
Translator goal facts: 5
Translator mutex groups: 3
Translator total mutex groups size: 66
Translator operators: 1653
Translator axioms: 0
Translator task size: 5916
Translator peak memory: 50632 KB
Writing output... [0.020s CPU, 0.071s wall-clock]
Done! [0.340s CPU, 0.528s wall-clock]
INFO     Running preprocessor (release32).
INFO     preprocessor input: output.sas
INFO     preprocessor arguments: []
INFO     preprocessor time limit: None
INFO     preprocessor memory limit: None
INFO     callstring: /mnt/data_server/torralba/subdominization/training/data/training_satellite/code-70296b3db083/builds/release32/bin/preprocess < output.sas
Building causal graph...
The causal graph is not acyclic.
21 variables of 104 necessary
0 of 3 mutex groups necessary.
1429 of 1653 operators necessary.
0 of 0 axiom rules necessary.
Initializing mutex computation...
Mutex computation initialized with 102 fluents.
iteration for mutex detection and operator pruning
Initialize m_index fw
Initialized mvalues forward: reached=441, notReached=8541, spurious=1422
Initialize m_ops fw
Computing mutexes...
Mutex computation finished with reached=8966, notReached=16, spurious=1422
0 operators are spurious because were not triggered
H^2 mutexes added fw: 16, unreachable: 0
0 of 1429 operators detected as spurious
iteration for mutex detection and operator pruning
Initialize m_index bw
Init values regression
Initialized mvalues backward: reached=7981, notReached=985, spurious=1438
Initialize m_ops bw
Computing mutexes...
Mutex computation finished with reached=8966, notReached=0, spurious=1438
0 operators are spurious because were not triggered
H^2 mutexes added bw: 0, unreachable: 0
0 of 1429 operators detected as spurious
Total mutex and disambiguation time: 0.046006 iterations: 2
8 of 8 mutex groups necessary.
1429 of 1429 operators necessary.
0 of 0 axiom rules necessary.
Change id of operators: 1429
Change id of mutexes
Change id of goals
Change id of initial state
Remove unreachable facts from variables: 21
8 of 8 mutex groups necessary.
1429 of 1429 operators necessary.
0 of 0 axiom rules necessary.
Updating causal graph and pruning unnecessary facts
21 variables of 21 of 104 necessary
The causal graph is not acyclic.
21 variables of 21 necessary
8 of 8 mutex groups necessary.
1429 of 1429 operators necessary.
0 of 0 axiom rules necessary.
Building domain transition graphs...
solveable in poly time 0
Building successor generator...
Preprocessor variables: 21
Preprocessor facts: 102
Preprocessor derived variables: 0
Preprocessor operators: 1429
Preprocessor mutex groups: 8
Preprocessor task size: 4497
Writing output...
Preprocessor time: 0.0858636s
Preprocessor peak memory: 2880 KB
done
INFO     Running search (release32).
INFO     search input: output
INFO     search arguments: ['--search', 'sbd(store_operators_in_optimal_plan=true, cost_type=1)']
INFO     search time limit: 3600s
INFO     search memory limit: 4096 MB
INFO     search executable: /mnt/data_server/torralba/subdominization/training/data/training_satellite/code-70296b3db083/builds/release32/bin/downward
INFO     callstring: /mnt/data_server/torralba/subdominization/training/data/training_satellite/code-70296b3db083/builds/release32/bin/downward --search 'sbd(store_operators_in_optimal_plan=true, cost_type=1)' --internal-plan-file sas_plan < output
time limit 3600.00 -> (3600, 3601)
reading input... [t=0.000118058s]
done reading input! [t=0.0100258s]
packing state variables...done! [t=0.0100394s]
Variables: 21
FactPairs: 102
Bytes per state: 8
Building successor generator...done! [t=0.0108128s]
done initalizing global data [t=0.0108204s]
TR(time=60000, nodes=100000)
Mutex(time=60000, nodes=100000, type=edeletion)
Aux(time=2000, nodes=1000000)
Disj(nodes=2147483647)
Estimation: min_time(1000) time_penalty +(1000)*(2) nodes_penalty +(1000)*(2)
MaxStep(time=30000, nodes=100000000, nodes_per_planning_second=100)
Ratio useful: 0
   Min alloted time: 60000 nodes: 10000000
   Max alloted time: 60000 nodes: 15000000
   Mult alloted time: 2 nodes: 2
   Ratio after relax: 0.8
building causal graph...done! [t=0.000179503s]
Sym variable order: 9 11 10 12 1 13 8 0 6 4 19 18 17 20 7 3 5 2 16 15 14 
Initializing Symbolic Variables
Num variables: 21 => 33
Initialize Symbolic Manager(66, 242424, 16000000, 0)
Generating binary variables
Symbolic Variables... Done.
BOUND: 1 < 2147483647, total time: 0.469707s
BOUND: 2 < 2147483647, total time: 0.470035s
BOUND: 3 < 2147483647, total time: 0.470932s
BOUND: 4 < 2147483647, total time: 0.471461s
BOUND: 5 < 2147483647, total time: 0.472135s
BOUND: 6 < 2147483647, total time: 0.473016s
BOUND: 7 < 2147483647, total time: 0.474364s
BOUND: 8 < 2147483647, total time: 0.477215s
BOUND: 9 < 2147483647, total time: 0.479828s
BOUND: 10 < 2147483647, total time: 0.485083s
BOUND: 11 < 2147483647, total time: 0.489935s
BOUND: 12 < 2147483647, total time: 0.497385s
BOUND: 13 < 2147483647, total time: 0.506173s
Solution found with cost 13 total time: 0.514428s
Merging: 1
8 0.54312 1 104
Merging: 20
7 0.578842 1 103
Merging: 5
6 0.614619 1 83
Merging: 20
5 0.642665 1 74
Merging: 5
4 0.665495 1 40
Merging: 25
3 0.682112 1 37
Merging: 5
2 0.698329 1 37
Merging: 6
1 0.714529 1 49
Merging: 1
5 0.733183 1 104
Merging: 5
4 0.750048 1 104
Merging: 20
3 0.765715 1 103
Merging: 5
2 0.778609 1 83
Merging: 20
1 0.788893 1 74
BOUND: 13 < 13, total time: 0.797624s
Actual search time: 0.32893s [t=0.798675s]
turn_to satellite0 groundstation5 star16 (1)
switch_on instrument1 satellite0 (1)
calibrate satellite0 instrument1 groundstation5 (1)
turn_to satellite0 planet17 groundstation5 (1)
take_image satellite0 planet17 instrument1 spectrograph2 (1)
turn_to satellite0 phenomenon19 planet17 (1)
take_image satellite0 phenomenon19 instrument1 infrared3 (1)
turn_to satellite0 phenomenon15 phenomenon19 (1)
take_image satellite0 phenomenon15 instrument1 spectrograph2 (1)
turn_to satellite0 star16 phenomenon15 (1)
take_image satellite0 star16 instrument1 infrared3 (1)
turn_to satellite0 star20 star16 (1)
take_image satellite0 star20 instrument1 spectrograph0 (1)
Plan length: 13 step(s).
Plan cost: 13
Bytes per state: 8
Search time: 0.357246s
Total time: 0.798687s
Solution found.
Peak memory: 214940 KB
Running single search parser
