INFO     Running translator.
INFO     translator input: ['domain.pddl', 'problem.pddl']
INFO     translator arguments: []
INFO     translator time limit: None
INFO     translator memory limit: None
INFO     callstring: /usr/bin/python /mnt/data_server/torralba/subdominization/training/data/training_satellite/code-70296b3db083/builds/release32/bin/translate/translate.py domain.pddl problem.pddl
Parsing...
Parsing: [0.010s CPU, 0.017s wall-clock]
Normalizing task... [0.000s CPU, 0.000s wall-clock]
Instantiating...
Generating Datalog program... [0.000s CPU, 0.001s wall-clock]
Normalizing Datalog program...
Normalizing Datalog program: [0.010s CPU, 0.146s wall-clock]
Preparing model... [0.000s CPU, 0.003s wall-clock]
Generated 31 rules.
Computing model... [0.040s CPU, 0.033s wall-clock]
1078 relevant atoms
430 auxiliary atoms
1508 final queue length
2216 total queue pushes
Completing instantiation... [0.040s CPU, 0.044s wall-clock]
Instantiating: [0.090s CPU, 0.346s wall-clock]
Computing fact groups...
Finding invariants...
12 initial candidates
Finding invariants: [0.010s CPU, 0.004s wall-clock]
Checking invariant weight... [0.000s CPU, 0.000s wall-clock]
Instantiating groups... [0.000s CPU, 0.000s wall-clock]
Collecting mutex groups... [0.000s CPU, 0.000s wall-clock]
Choosing groups...
70 uncovered facts
Choosing groups: [0.000s CPU, 0.000s wall-clock]
Building translation key... [0.000s CPU, 0.001s wall-clock]
Computing fact groups: [0.010s CPU, 0.007s wall-clock]
Building STRIPS to SAS dictionary... [0.000s CPU, 0.000s wall-clock]
Building dictionary for full mutex groups... [0.000s CPU, 0.000s wall-clock]
Building mutex information...
Building mutex information: [0.000s CPU, 0.000s wall-clock]
Translating task...
Processing axioms...
Simplifying axioms... [0.000s CPU, 0.000s wall-clock]
Processing axioms: [0.000s CPU, 0.002s wall-clock]
Translating task: [0.050s CPU, 0.046s wall-clock]
33 effect conditions simplified
0 implied preconditions added
Detecting unreachable propositions...
0 operators removed
0 axioms removed
4 propositions removed
Detecting unreachable propositions: [0.020s CPU, 0.027s wall-clock]
Translator variables: 74
Translator derived variables: 0
Translator facts: 184
Translator goal facts: 2
Translator mutex groups: 4
Translator total mutex groups size: 44
Translator operators: 770
Translator axioms: 0
Translator task size: 3241
Translator peak memory: 46908 KB
Writing output... [0.010s CPU, 0.035s wall-clock]
Done! [0.200s CPU, 0.482s wall-clock]
INFO     Running preprocessor (release32).
INFO     preprocessor input: output.sas
INFO     preprocessor arguments: []
INFO     preprocessor time limit: None
INFO     preprocessor memory limit: None
INFO     callstring: /mnt/data_server/torralba/subdominization/training/data/training_satellite/code-70296b3db083/builds/release32/bin/preprocess < output.sas
Building causal graph...
The causal graph is not acyclic.
22 variables of 74 necessary
0 of 4 mutex groups necessary.
363 of 770 operators necessary.
0 of 0 axiom rules necessary.
Initializing mutex computation...
Mutex computation initialized with 71 fluents.
iteration for mutex detection and operator pruning
Initialize m_index fw
Initialized mvalues forward: reached=484, notReached=4189, spurious=368
Initialize m_ops fw
Computing mutexes...
Mutex computation finished with reached=4635, notReached=38, spurious=368
0 operators are spurious because were not triggered
H^2 mutexes added fw: 38, unreachable: 0
0 of 363 operators detected as spurious
iteration for mutex detection and operator pruning
Initialize m_index bw
Init values regression
Initialized mvalues backward: reached=3306, notReached=1329, spurious=406
Initialize m_ops bw
Computing mutexes...
Mutex computation finished with reached=4635, notReached=0, spurious=406
0 operators are spurious because were not triggered
H^2 mutexes added bw: 0, unreachable: 0
0 of 363 operators detected as spurious
Total mutex and disambiguation time: 0.009409 iterations: 2
19 of 19 mutex groups necessary.
363 of 363 operators necessary.
0 of 0 axiom rules necessary.
Change id of operators: 363
Change id of mutexes
Change id of goals
Change id of initial state
Remove unreachable facts from variables: 22
19 of 19 mutex groups necessary.
363 of 363 operators necessary.
0 of 0 axiom rules necessary.
Updating causal graph and pruning unnecessary facts
22 variables of 22 of 74 necessary
The causal graph is not acyclic.
22 variables of 22 necessary
19 of 19 mutex groups necessary.
363 of 363 operators necessary.
0 of 0 axiom rules necessary.
Building domain transition graphs...
solveable in poly time 0
Building successor generator...
Preprocessor variables: 22
Preprocessor facts: 71
Preprocessor derived variables: 0
Preprocessor operators: 363
Preprocessor mutex groups: 19
Preprocessor task size: 1267
Writing output...
Preprocessor time: 0.0246695s
Preprocessor peak memory: 2404 KB
done
INFO     Running search (release32).
INFO     search input: output
INFO     search arguments: ['--search', 'sbd(store_operators_in_optimal_plan=true, cost_type=1)']
INFO     search time limit: 3600s
INFO     search memory limit: 4096 MB
INFO     search executable: /mnt/data_server/torralba/subdominization/training/data/training_satellite/code-70296b3db083/builds/release32/bin/downward
INFO     callstring: /mnt/data_server/torralba/subdominization/training/data/training_satellite/code-70296b3db083/builds/release32/bin/downward --search 'sbd(store_operators_in_optimal_plan=true, cost_type=1)' --internal-plan-file sas_plan < output
time limit 3600.00 -> (3600, 3601)
reading input... [t=0.000111883s]
done reading input! [t=0.00296833s]
packing state variables...done! [t=0.00298201s]
Variables: 22
FactPairs: 71
Bytes per state: 4
Building successor generator...done! [t=0.00322462s]
done initalizing global data [t=0.00323027s]
TR(time=60000, nodes=100000)
Mutex(time=60000, nodes=100000, type=edeletion)
Aux(time=2000, nodes=1000000)
Disj(nodes=2147483647)
Estimation: min_time(1000) time_penalty +(1000)*(2) nodes_penalty +(1000)*(2)
MaxStep(time=30000, nodes=100000000, nodes_per_planning_second=100)
Ratio useful: 0
   Min alloted time: 60000 nodes: 10000000
   Max alloted time: 60000 nodes: 15000000
   Mult alloted time: 2 nodes: 2
   Ratio after relax: 0.8
building causal graph...done! [t=9.9133e-05s]
Sym variable order: 17 19 13 18 20 2 14 11 16 12 15 1 21 5 9 0 10 3 7 8 6 4 
Initializing Symbolic Variables
Num variables: 22 => 31
Initialize Symbolic Manager(62, 258064, 16000000, 0)
Generating binary variables
Symbolic Variables... Done.
BOUND: 1 < 2147483647, total time: 0.417607s
BOUND: 2 < 2147483647, total time: 0.417868s
BOUND: 3 < 2147483647, total time: 0.41825s
BOUND: 4 < 2147483647, total time: 0.418716s
BOUND: 5 < 2147483647, total time: 0.419126s
BOUND: 6 < 2147483647, total time: 0.419641s
Solution found with cost 6 total time: 0.420196s
Merging: 1
3 0.425085 1 122
Merging: 22
2 0.437577 1 122
Merging: 16
1 0.447798 1 79
Merging: 1
3 0.454553 1 122
Merging: 17
2 0.461845 1 118
Merging: 14
1 0.466819 1 103
BOUND: 6 < 6, total time: 0.471342s
Actual search time: 0.0540207s [t=0.471688s]
turn_to satellite1 groundstation6 star4 (1)
switch_on instrument2 satellite1 (1)
calibrate satellite1 instrument2 groundstation6 (1)
turn_to satellite1 phenomenon10 groundstation6 (1)
take_image satellite1 phenomenon10 instrument2 image0 (1)
turn_to satellite3 star4 phenomenon10 (1)
Plan length: 6 step(s).
Plan cost: 6
Bytes per state: 4
Search time: 0.0621982s
Total time: 0.4717s
Solution found.
Peak memory: 208420 KB
Running single search parser
