INFO     Running translator.
INFO     translator input: ['domain.pddl', 'problem.pddl']
INFO     translator arguments: []
INFO     translator time limit: None
INFO     translator memory limit: None
INFO     callstring: /usr/bin/python /mnt/data_server/torralba/subdominization/training/data/training_satellite/code-70296b3db083/builds/release32/bin/translate/translate.py domain.pddl problem.pddl
Parsing...
Parsing: [0.010s CPU, 0.023s wall-clock]
Normalizing task... [0.000s CPU, 0.000s wall-clock]
Instantiating...
Generating Datalog program... [0.000s CPU, 0.001s wall-clock]
Normalizing Datalog program...
Normalizing Datalog program: [0.010s CPU, 0.056s wall-clock]
Preparing model... [0.000s CPU, 0.005s wall-clock]
Generated 31 rules.
Computing model... [0.030s CPU, 0.033s wall-clock]
1038 relevant atoms
440 auxiliary atoms
1478 final queue length
2165 total queue pushes
Completing instantiation... [0.050s CPU, 0.042s wall-clock]
Instantiating: [0.090s CPU, 0.210s wall-clock]
Computing fact groups...
Finding invariants...
12 initial candidates
Finding invariants: [0.010s CPU, 0.004s wall-clock]
Checking invariant weight... [0.000s CPU, 0.000s wall-clock]
Instantiating groups... [0.000s CPU, 0.000s wall-clock]
Collecting mutex groups... [0.000s CPU, 0.000s wall-clock]
Choosing groups...
61 uncovered facts
Choosing groups: [0.000s CPU, 0.000s wall-clock]
Building translation key... [0.000s CPU, 0.001s wall-clock]
Computing fact groups: [0.010s CPU, 0.007s wall-clock]
Building STRIPS to SAS dictionary... [0.000s CPU, 0.000s wall-clock]
Building dictionary for full mutex groups... [0.000s CPU, 0.000s wall-clock]
Building mutex information...
Building mutex information: [0.000s CPU, 0.000s wall-clock]
Translating task...
Processing axioms...
Simplifying axioms... [0.000s CPU, 0.000s wall-clock]
Processing axioms: [0.000s CPU, 0.002s wall-clock]
Translating task: [0.050s CPU, 0.045s wall-clock]
36 effect conditions simplified
0 implied preconditions added
Detecting unreachable propositions...
0 operators removed
0 axioms removed
4 propositions removed
Detecting unreachable propositions: [0.020s CPU, 0.026s wall-clock]
Translator variables: 65
Translator derived variables: 0
Translator facts: 166
Translator goal facts: 2
Translator mutex groups: 4
Translator total mutex groups size: 44
Translator operators: 740
Translator axioms: 0
Translator task size: 3062
Translator peak memory: 46912 KB
Writing output... [0.010s CPU, 0.116s wall-clock]
Done! [0.190s CPU, 0.430s wall-clock]
INFO     Running preprocessor (release32).
INFO     preprocessor input: output.sas
INFO     preprocessor arguments: []
INFO     preprocessor time limit: None
INFO     preprocessor memory limit: None
INFO     callstring: /mnt/data_server/torralba/subdominization/training/data/training_satellite/code-70296b3db083/builds/release32/bin/preprocess < output.sas
Building causal graph...
The causal graph is not acyclic.
24 variables of 65 necessary
0 of 4 mutex groups necessary.
369 of 740 operators necessary.
0 of 0 axiom rules necessary.
Initializing mutex computation...
Mutex computation initialized with 75 fluents.
iteration for mutex detection and operator pruning
Initialize m_index fw
Initialized mvalues forward: reached=576, notReached=4677, spurious=372
Initialize m_ops fw
Computing mutexes...
Mutex computation finished with reached=5207, notReached=46, spurious=372
0 operators are spurious because were not triggered
H^2 mutexes added fw: 46, unreachable: 0
0 of 369 operators detected as spurious
iteration for mutex detection and operator pruning
Initialize m_index bw
Init values regression
Initialized mvalues backward: reached=3790, notReached=1417, spurious=418
Initialize m_ops bw
Computing mutexes...
Mutex computation finished with reached=5207, notReached=0, spurious=418
0 operators are spurious because were not triggered
H^2 mutexes added bw: 0, unreachable: 0
0 of 369 operators detected as spurious
Total mutex and disambiguation time: 0.01004 iterations: 2
23 of 23 mutex groups necessary.
369 of 369 operators necessary.
0 of 0 axiom rules necessary.
Change id of operators: 369
Change id of mutexes
Change id of goals
Change id of initial state
Remove unreachable facts from variables: 24
23 of 23 mutex groups necessary.
369 of 369 operators necessary.
0 of 0 axiom rules necessary.
Updating causal graph and pruning unnecessary facts
24 variables of 24 of 65 necessary
The causal graph is not acyclic.
24 variables of 24 necessary
23 of 23 mutex groups necessary.
369 of 369 operators necessary.
0 of 0 axiom rules necessary.
Building domain transition graphs...
solveable in poly time 0
Building successor generator...
Preprocessor variables: 24
Preprocessor facts: 75
Preprocessor derived variables: 0
Preprocessor operators: 369
Preprocessor mutex groups: 23
Preprocessor task size: 1307
Writing output...
Preprocessor time: 0.0296924s
Preprocessor peak memory: 2404 KB
done
INFO     Running search (release32).
INFO     search input: output
INFO     search arguments: ['--search', 'sbd(store_operators_in_optimal_plan=true, cost_type=1)']
INFO     search time limit: 3600s
INFO     search memory limit: 4096 MB
INFO     search executable: /mnt/data_server/torralba/subdominization/training/data/training_satellite/code-70296b3db083/builds/release32/bin/downward
INFO     callstring: /mnt/data_server/torralba/subdominization/training/data/training_satellite/code-70296b3db083/builds/release32/bin/downward --search 'sbd(store_operators_in_optimal_plan=true, cost_type=1)' --internal-plan-file sas_plan < output
time limit 3600.00 -> (3600, 3601)
reading input... [t=0.000133872s]
done reading input! [t=0.00305601s]
packing state variables...done! [t=0.00306918s]
Variables: 24
FactPairs: 75
Bytes per state: 8
Building successor generator...done! [t=0.00332308s]
done initalizing global data [t=0.0033298s]
TR(time=60000, nodes=100000)
Mutex(time=60000, nodes=100000, type=edeletion)
Aux(time=2000, nodes=1000000)
Disj(nodes=2147483647)
Estimation: min_time(1000) time_penalty +(1000)*(2) nodes_penalty +(1000)*(2)
MaxStep(time=30000, nodes=100000000, nodes_per_planning_second=100)
Ratio useful: 0
   Min alloted time: 60000 nodes: 10000000
   Max alloted time: 60000 nodes: 15000000
   Mult alloted time: 2 nodes: 2
   Ratio after relax: 0.8
building causal graph...done! [t=0.000109627s]
Sym variable order: 13 14 12 15 1 4 10 5 9 0 7 23 11 8 3 6 2 21 19 22 16 20 18 17 
Initializing Symbolic Variables
Num variables: 24 => 33
Initialize Symbolic Manager(66, 242424, 16000000, 0)
Generating binary variables
Symbolic Variables... Done.
BOUND: 1 < 2147483647, total time: 0.440892s
BOUND: 2 < 2147483647, total time: 0.441144s
BOUND: 3 < 2147483647, total time: 0.441587s
BOUND: 4 < 2147483647, total time: 0.44221s
BOUND: 5 < 2147483647, total time: 0.442591s
BOUND: 6 < 2147483647, total time: 0.443112s
Solution found with cost 6 total time: 0.443866s
Merging: 1
3 0.448033 1 130
Merging: 25
2 0.461189 1 124
Merging: 17
1 0.473133 1 82
Merging: 1
3 0.481581 1 130
Merging: 19
2 0.489588 1 125
Merging: 15
1 0.495293 1 95
BOUND: 6 < 6, total time: 0.499957s
Actual search time: 0.0594171s [t=0.500362s]
turn_to satellite0 groundstation0 star7 (1)
switch_on instrument0 satellite0 (1)
calibrate satellite0 instrument0 groundstation0 (1)
turn_to satellite0 planet10 groundstation0 (1)
take_image satellite0 planet10 instrument0 spectrograph1 (1)
turn_to satellite2 groundstation3 groundstation0 (1)
Plan length: 6 step(s).
Plan cost: 6
Bytes per state: 8
Search time: 0.0687799s
Total time: 0.500372s
Solution found.
Peak memory: 212652 KB
Running single search parser
