INFO     Running translator.
INFO     translator input: ['domain.pddl', 'problem.pddl']
INFO     translator arguments: []
INFO     translator time limit: None
INFO     translator memory limit: None
INFO     callstring: /usr/bin/python /mnt/data_server/torralba/subdominization/training/data/training_agricola/code-70296b3db083/builds/release32/bin/translate/translate.py domain.pddl problem.pddl
Parsing...
Parsing: [0.020s CPU, 0.057s wall-clock]
Normalizing task... [0.010s CPU, 0.001s wall-clock]
Instantiating...
Generating Datalog program... [0.000s CPU, 0.006s wall-clock]
Normalizing Datalog program...
Normalizing Datalog program: [0.020s CPU, 0.032s wall-clock]
Preparing model... [0.020s CPU, 0.016s wall-clock]
Generated 258 rules.
Computing model... [0.960s CPU, 0.977s wall-clock]
24375 relevant atoms
1408 auxiliary atoms
25783 final queue length
91247 total queue pushes
Completing instantiation... [5.530s CPU, 5.546s wall-clock]
Instantiating: [6.530s CPU, 6.968s wall-clock]
Computing fact groups...
Finding invariants...
44 initial candidates
Finding invariants: [0.120s CPU, 0.123s wall-clock]
Checking invariant weight... [0.000s CPU, 0.000s wall-clock]
Instantiating groups... [0.000s CPU, 0.002s wall-clock]
Collecting mutex groups... [0.000s CPU, 0.000s wall-clock]
Choosing groups...
104 uncovered facts
Choosing groups: [0.000s CPU, 0.000s wall-clock]
Building translation key... [0.000s CPU, 0.001s wall-clock]
Computing fact groups: [0.140s CPU, 0.129s wall-clock]
Building STRIPS to SAS dictionary... [0.000s CPU, 0.000s wall-clock]
Building dictionary for full mutex groups... [0.000s CPU, 0.000s wall-clock]
Building mutex information...
Building mutex information: [0.000s CPU, 0.000s wall-clock]
Translating task...
Processing axioms...
Simplifying axioms... [0.000s CPU, 0.000s wall-clock]
Processing axioms: [0.170s CPU, 0.176s wall-clock]
Translating task: [3.720s CPU, 3.749s wall-clock]
25471 effect conditions simplified
0 implied preconditions added
Detecting unreachable propositions...
0 operators removed
0 axioms removed
34 propositions removed
Detecting unreachable propositions: [2.180s CPU, 2.181s wall-clock]
Translator variables: 99
Translator derived variables: 0
Translator facts: 221
Translator goal facts: 1
Translator mutex groups: 6
Translator total mutex groups size: 35
Translator operators: 23763
Translator axioms: 0
Translator task size: 267197
Translator peak memory: 289260 KB
Writing output... [0.540s CPU, 0.654s wall-clock]
Done! [13.260s CPU, 13.862s wall-clock]
INFO     Running preprocessor (release32).
INFO     preprocessor input: output.sas
INFO     preprocessor arguments: []
INFO     preprocessor time limit: None
INFO     preprocessor memory limit: None
INFO     callstring: /mnt/data_server/torralba/subdominization/training/data/training_agricola/code-70296b3db083/builds/release32/bin/preprocess < output.sas
Building causal graph...
The causal graph is not acyclic.
93 variables of 99 necessary
0 of 6 mutex groups necessary.
23763 of 23763 operators necessary.
0 of 0 axiom rules necessary.
Initializing mutex computation...
Mutex computation initialized with 209 fluents.
iteration for mutex detection and operator pruning
Initialize m_index fw
Initialized mvalues forward: reached=8649, notReached=34536, spurious=496
Initialize m_ops fw
Computing mutexes...
Mutex computation finished with reached=38503, notReached=4682, spurious=496
16926 operators are spurious because were not triggered
Unreachable proposition: Atom harvest_phase(stage4, harvest_feeding)
Unreachable proposition: Atom harvest_phase(stage4, harvest_breeding)
H^2 mutexes added fw: 3854, unreachable: 2
0 of 6837 operators detected as spurious
iteration for mutex detection and operator pruning
Initialize m_index bw
Init values regression
Initialized mvalues backward: reached=25431, notReached=13072, spurious=5178
Initialize m_ops bw
Computing mutexes...
Mutex computation finished with reached=38481, notReached=22, spurious=5178
0 operators are spurious because were not triggered
H^2 mutexes added bw: 22, unreachable: 0
0 of 6837 operators detected as spurious
iteration for mutex detection and operator pruning
Initialize m_index fw
Initialized mvalues forward: reached=8649, notReached=29832, spurious=5200
Initialize m_ops fw
Computing mutexes...
Mutex computation finished with reached=38481, notReached=0, spurious=5200
0 operators are spurious because were not triggered
H^2 mutexes added fw: 0, unreachable: 0
0 of 6837 operators detected as spurious
Total mutex and disambiguation time: 3.24162 iterations: 3
1938 of 1938 mutex groups necessary.
6837 of 23763 operators necessary.
0 of 0 axiom rules necessary.
Change id of operators: 6837
Change id of mutexes
Change id of goals
Change id of initial state
Remove unreachable facts from variables: 93
1938 of 1938 mutex groups necessary.
6837 of 6837 operators necessary.
0 of 0 axiom rules necessary.
Updating causal graph and pruning unnecessary facts
91 variables of 93 of 99 necessary
The causal graph is not acyclic.
90 variables of 91 necessary
1887 of 1938 mutex groups necessary.
6837 of 6837 operators necessary.
0 of 0 axiom rules necessary.
Building domain transition graphs...
solveable in poly time 0
Building successor generator...
Preprocessor variables: 90
Preprocessor facts: 203
Preprocessor derived variables: 0
Preprocessor operators: 6837
Preprocessor mutex groups: 1887
Preprocessor task size: 74472
Writing output...
Preprocessor time: 4.10147s
Preprocessor peak memory: 55032 KB
done
INFO     Running search (release32).
INFO     search input: output
INFO     search arguments: ['--search', 'sbw(store_operators_in_optimal_plan=true, cost_type=1)']
INFO     search time limit: 3600s
INFO     search memory limit: 4096 MB
INFO     search executable: /mnt/data_server/torralba/subdominization/training/data/training_agricola/code-70296b3db083/builds/release32/bin/downward
INFO     callstring: /mnt/data_server/torralba/subdominization/training/data/training_agricola/code-70296b3db083/builds/release32/bin/downward --search 'sbw(store_operators_in_optimal_plan=true, cost_type=1)' --internal-plan-file sas_plan < output
time limit 3600.00 -> (3600, 3601)
reading input... [t=9.0268e-05s]
done reading input! [t=0.108422s]
packing state variables...done! [t=0.108463s]
Variables: 90
FactPairs: 203
Bytes per state: 16
Building successor generator...done! [t=0.142879s]
done initalizing global data [t=0.14291s]
TR(time=60000, nodes=100000)
Mutex(time=60000, nodes=100000, type=edeletion)
Aux(time=2000, nodes=1000000)
Disj(nodes=2147483647)
Estimation: min_time(1000) time_penalty +(1000)*(2) nodes_penalty +(1000)*(2)
MaxStep(time=30000, nodes=100000000, nodes_per_planning_second=100)
Ratio useful: 0
   Min alloted time: 60000 nodes: 10000000
   Max alloted time: 60000 nodes: 15000000
   Mult alloted time: 2 nodes: 2
   Ratio after relax: 0.8
building causal graph...done! [t=0.0109804s]
Sym variable order: 89 6 7 46 45 47 42 43 44 77 75 76 17 2 8 0 1 11 10 3 84 85 52 80 78 79 88 53 59 57 58 69 68 62 64 23 60 22 25 33 39 32 61 41 29 30 31 27 63 74 87 73 9 66 67 14 24 86 65 71 70 54 72 83 56 50 48 51 49 55 81 82 34 35 28 40 37 38 36 19 21 12 26 15 18 20 13 16 5 4 
Initializing Symbolic Variables
Num variables: 90 => 100
Initialize Symbolic Manager(200, 80000, 16000000, 0)
Generating binary variables
Symbolic Variables... Done.
BOUND: 1 < 2147483647, total time: 2.19667s
BOUND: 2 < 2147483647, total time: 2.21633s
BOUND: 3 < 2147483647, total time: 2.21908s
BOUND: 4 < 2147483647, total time: 2.22126s
BOUND: 5 < 2147483647, total time: 2.22471s
BOUND: 6 < 2147483647, total time: 2.23145s
BOUND: 7 < 2147483647, total time: 2.24551s
BOUND: 8 < 2147483647, total time: 2.33576s
BOUND: 9 < 2147483647, total time: 2.61846s
BOUND: 10 < 2147483647, total time: 3.06201s
BOUND: 11 < 2147483647, total time: 3.51644s
BOUND: 12 < 2147483647, total time: 3.76868s
BOUND: 13 < 2147483647, total time: 3.90104s
BOUND: 14 < 2147483647, total time: 4.02922s
BOUND: 15 < 2147483647, total time: 4.29161s
BOUND: 16 < 2147483647, total time: 4.68677s
BOUND: 17 < 2147483647, total time: 5.07676s
BOUND: 18 < 2147483647, total time: 5.36553s
BOUND: 19 < 2147483647, total time: 5.50331s
BOUND: 20 < 2147483647, total time: 5.54452s
BOUND: 21 < 2147483647, total time: 5.58152s
BOUND: 22 < 2147483647, total time: 5.63436s
BOUND: 23 < 2147483647, total time: 5.69939s
BOUND: 24 < 2147483647, total time: 5.79456s
BOUND: 25 < 2147483647, total time: 5.92662s
BOUND: 26 < 2147483647, total time: 6.058s
BOUND: 27 < 2147483647, total time: 6.18749s
BOUND: 28 < 2147483647, total time: 6.27943s
BOUND: 29 < 2147483647, total time: 6.34825s
BOUND: 30 < 2147483647, total time: 6.40855s
BOUND: 31 < 2147483647, total time: 6.46011s
BOUND: 32 < 2147483647, total time: 6.4938s
BOUND: 33 < 2147483647, total time: 6.52052s
BOUND: 34 < 2147483647, total time: 6.55068s
BOUND: 35 < 2147483647, total time: 6.58493s
BOUND: 36 < 2147483647, total time: 6.62149s
BOUND: 37 < 2147483647, total time: 6.64292s
BOUND: 38 < 2147483647, total time: 6.65345s
BOUND: 39 < 2147483647, total time: 6.66807s
BOUND: 40 < 2147483647, total time: 6.69203s
BOUND: 41 < 2147483647, total time: 6.71493s
BOUND: 42 < 2147483647, total time: 6.73066s
BOUND: 43 < 2147483647, total time: 6.7429s
BOUND: 44 < 2147483647, total time: 6.75628s
BOUND: 45 < 2147483647, total time: 6.77101s
BOUND: 46 < 2147483647, total time: 6.78557s
BOUND: 47 < 2147483647, total time: 6.79818s
BOUND: 48 < 2147483647, total time: 6.80847s
BOUND: 49 < 2147483647, total time: 6.8212s
BOUND: 50 < 2147483647, total time: 6.83723s
BOUND: 51 < 2147483647, total time: 6.85335s
BOUND: 52 < 2147483647, total time: 6.86546s
BOUND: 53 < 2147483647, total time: 6.87576s
Solution found with cost 53 total time: 6.88425s
Merging: 1
53 7.37296 1 101
Merging: 11
52 7.40116 1 345
Merging: 11
51 7.4364 1 302
Merging: 1
50 7.47158 1 302
Merging: 5
49 7.50283 1 127
Merging: 1
48 7.53207 1 127
Merging: 11
47 7.56231 1 858
Merging: 11
46 7.60791 1 786
Merging: 1
45 7.64479 1 786
Merging: 5
44 7.68187 1 165
Merging: 1
43 7.71291 1 165
Merging: 15
42 7.74595 1 1659
Merging: 15
41 7.80628 1 1549
Merging: 1
40 7.85089 1 1549
Merging: 5
39 7.89567 1 196
Merging: 1
38 7.92839 1 196
Merging: 18
37 7.96596 1 2626
Merging: 18
36 8.06074 1 2485
Merging: 1
35 8.12717 1 2485
Merging: 5
34 8.19219 1 260
Merging: 1
33 8.23287 1 260
Merging: 1
32 8.25664 1 260
Merging: 1
31 8.28511 1 260
Merging: 1
30 8.30625 1 260
Merging: 18
29 8.35207 1 4469
Merging: 18
28 8.50012 1 4282
Merging: 1
27 8.60733 1 4282
Merging: 5
26 8.70258 1 310
Merging: 1
25 8.74975 1 310
Merging: 21
24 8.80585 1 6267
Merging: 21
23 9.03817 1 6022
Merging: 1
22 9.19378 1 6022
Merging: 5
21 9.34583 1 352
Merging: 1
20 9.40119 1 352
Merging: 24
19 9.46792 1 8503
Merging: 24
18 9.78522 1 8221
Merging: 1
17 9.99052 1 8221
Merging: 5
16 10.1902 1 401
Merging: 1
15 10.2534 1 401
Merging: 1
14 10.2811 1 401
Merging: 1
13 10.32 1 401
Merging: 1
12 10.3457 1 401
Merging: 25
11 10.4196 1 3551
Merging: 34
10 10.6258 1 4189
Merging: 1
9 10.8468 1 4189
Merging: 5
8 11.0419 1 429
Merging: 1
7 11.1195 1 429
Merging: 52
6 11.2129 1 6508
Merging: 52
5 11.6222 1 8160
Merging: 1
4 11.962 1 8160
Merging: 5
3 12.2731 1 416
Merging: 1
2 12.3492 1 416
Merging: 5
1 12.3775 1 423
BOUND: 53 < 53, total time: 12.4227s
Actual search time: 10.2271s [t=12.4238s]
build_fences boar worker2 worker1 worker2 round1 (60)
take_food worker1 noworker worker2 round1 num1 num2 (60)
ag__finish_round_backhome round1 worker2 (1)
ag__finish_round_renew round1 noworker (1)
ag__advance_round_normal round1 round2 act_sow (1)
build_fences boar worker2 worker1 worker2 round2 (60)
take_food worker1 noworker worker2 round2 num2 num3 (60)
ag__finish_round_backhome round2 worker2 (1)
ag__finish_round_renew round2 noworker (1)
ag__advance_round_normal round2 round3 act_family (1)
build_fences boar worker2 worker1 worker2 round3 (60)
take_food worker1 noworker worker2 round3 num3 num4 (60)
ag__finish_round_backhome round3 worker2 (1)
ag__finish_round_renew round3 noworker (1)
ag__advance_round_normal round3 round4 act_sheep (1)
build_fences boar worker2 worker1 worker2 round4 (60)
take_food worker1 noworker worker2 round4 num4 num5 (60)
ag__finish_round_backhome round4 worker2 (1)
ag__finish_round_renew round4 noworker (1)
ag__harvest_collect_end round4 stage1 (1)
ag__harvest_feed round4 stage1 worker2 num5 num4 num1 (1)
ag__harvest_breed_end round4 stage1 (1)
ag__finish_stage stage1 stage2 round4 round5 act_carrot (1)
build_fences boar worker2 worker1 worker2 round5 (60)
take_food worker1 noworker worker2 round5 num1 num2 (60)
ag__finish_round_backhome round5 worker2 (1)
ag__finish_round_renew round5 noworker (1)
ag__advance_round_normal round5 round6 act_boar (1)
build_fences boar worker2 worker1 worker2 round6 (60)
take_food worker1 noworker worker2 round6 num2 num3 (60)
ag__finish_round_backhome round6 worker2 (1)
ag__finish_round_renew round6 noworker (1)
ag__advance_round_normal round6 round7 act_cattle (1)
collect_resource worker2 worker1 worker2 round7 act_clay clay (60)
take_food worker1 noworker worker2 round7 num3 num4 (60)
ag__finish_round_backhome round7 worker2 (1)
ag__finish_round_renew round7 noworker (1)
ag__harvest_collect_end round7 stage2 (1)
ag__harvest_feed round7 stage2 worker2 num4 num4 num0 (1)
ag__harvest_breed_end round7 stage2 (1)
ag__finish_stage stage2 stage3 round7 round8 act_improve (1)
collect_resource worker2 worker1 worker2 round8 act_stone stone (60)
improve_home worker1 noworker worker2 round8 fireplace (60)
ag__finish_round_backhome round8 worker2 (1)
ag__finish_round_renew round8 noworker (1)
ag__advance_round_normal round8 round9 void (1)
collect_cook_animal boar act_boar worker2 worker1 worker2 round9 num0 num2 (60)
collect_cook_animal boar act_cattle worker1 noworker worker2 round9 num2 num4 (60)
ag__finish_round_backhome round9 worker2 (1)
ag__finish_round_renew round9 noworker (1)
ag__harvest_collect_end round9 stage3 (1)
ag__harvest_feed round9 stage3 worker2 num4 num4 num0 (1)
ag__harvest_breed_end round9 stage3 (1)
Plan length: 53 step(s).
Plan cost: 1115
Bytes per state: 16
Search time: 10.957s
Total time: 12.4238s
Solution found.
Peak memory: 375756 KB
Running single search parser
