INFO     Running translator.
INFO     translator input: ['domain.pddl', 'problem.pddl']
INFO     translator arguments: []
INFO     translator time limit: None
INFO     translator memory limit: None
INFO     callstring: /usr/bin/python /mnt/data_server/torralba/subdominization/training/data/training_satellite/code-70296b3db083/builds/release32/bin/translate/translate.py domain.pddl problem.pddl
Parsing...
Parsing: [0.010s CPU, 0.019s wall-clock]
Normalizing task... [0.000s CPU, 0.000s wall-clock]
Instantiating...
Generating Datalog program... [0.000s CPU, 0.001s wall-clock]
Normalizing Datalog program...
Normalizing Datalog program: [0.000s CPU, 0.006s wall-clock]
Preparing model... [0.010s CPU, 0.003s wall-clock]
Generated 31 rules.
Computing model... [0.040s CPU, 0.050s wall-clock]
1786 relevant atoms
487 auxiliary atoms
2273 final queue length
3658 total queue pushes
Completing instantiation... [0.090s CPU, 0.082s wall-clock]
Instantiating: [0.140s CPU, 0.151s wall-clock]
Computing fact groups...
Finding invariants...
12 initial candidates
Finding invariants: [0.010s CPU, 0.004s wall-clock]
Checking invariant weight... [0.000s CPU, 0.000s wall-clock]
Instantiating groups... [0.000s CPU, 0.001s wall-clock]
Collecting mutex groups... [0.000s CPU, 0.000s wall-clock]
Choosing groups...
60 uncovered facts
Choosing groups: [0.000s CPU, 0.000s wall-clock]
Building translation key... [0.000s CPU, 0.001s wall-clock]
Computing fact groups: [0.010s CPU, 0.008s wall-clock]
Building STRIPS to SAS dictionary... [0.000s CPU, 0.000s wall-clock]
Building dictionary for full mutex groups... [0.000s CPU, 0.000s wall-clock]
Building mutex information...
Building mutex information: [0.000s CPU, 0.000s wall-clock]
Translating task...
Processing axioms...
Simplifying axioms... [0.000s CPU, 0.000s wall-clock]
Processing axioms: [0.000s CPU, 0.004s wall-clock]
Translating task: [0.080s CPU, 0.086s wall-clock]
33 effect conditions simplified
0 implied preconditions added
Detecting unreachable propositions...
0 operators removed
0 axioms removed
4 propositions removed
Detecting unreachable propositions: [0.050s CPU, 0.049s wall-clock]
Translator variables: 64
Translator derived variables: 0
Translator facts: 188
Translator goal facts: 10
Translator mutex groups: 4
Translator total mutex groups size: 68
Translator operators: 1437
Translator axioms: 0
Translator task size: 5307
Translator peak memory: 49724 KB
Writing output... [0.020s CPU, 0.026s wall-clock]
Done! [0.310s CPU, 0.343s wall-clock]
INFO     Running preprocessor (release32).
INFO     preprocessor input: output.sas
INFO     preprocessor arguments: []
INFO     preprocessor time limit: None
INFO     preprocessor memory limit: None
INFO     callstring: /mnt/data_server/torralba/subdominization/training/data/training_satellite/code-70296b3db083/builds/release32/bin/preprocess < output.sas
Building causal graph...
The causal graph is not acyclic.
37 variables of 64 necessary
0 of 4 mutex groups necessary.
1194 of 1437 operators necessary.
0 of 0 axiom rules necessary.
Initializing mutex computation...
Mutex computation initialized with 134 fluents.
iteration for mutex detection and operator pruning
Initialize m_index fw
Initialized mvalues forward: reached=1369, notReached=15433, spurious=1154
Initialize m_ops fw
Computing mutexes...
Mutex computation finished with reached=16752, notReached=50, spurious=1154
0 operators are spurious because were not triggered
H^2 mutexes added fw: 50, unreachable: 0
0 of 1194 operators detected as spurious
iteration for mutex detection and operator pruning
Initialize m_index bw
Init values regression
Initialized mvalues backward: reached=5867, notReached=10885, spurious=1204
Initialize m_ops bw
Computing mutexes...
Mutex computation finished with reached=16752, notReached=0, spurious=1204
0 operators are spurious because were not triggered
H^2 mutexes added bw: 0, unreachable: 0
0 of 1194 operators detected as spurious
Total mutex and disambiguation time: 0.055119 iterations: 2
25 of 25 mutex groups necessary.
1194 of 1194 operators necessary.
0 of 0 axiom rules necessary.
Change id of operators: 1194
Change id of mutexes
Change id of goals
Change id of initial state
Remove unreachable facts from variables: 37
25 of 25 mutex groups necessary.
1194 of 1194 operators necessary.
0 of 0 axiom rules necessary.
Updating causal graph and pruning unnecessary facts
37 variables of 37 of 64 necessary
The causal graph is not acyclic.
37 variables of 37 necessary
25 of 25 mutex groups necessary.
1194 of 1194 operators necessary.
0 of 0 axiom rules necessary.
Building domain transition graphs...
solveable in poly time 0
Building successor generator...
Preprocessor variables: 37
Preprocessor facts: 134
Preprocessor derived variables: 0
Preprocessor operators: 1194
Preprocessor mutex groups: 25
Preprocessor task size: 3993
Writing output...
Preprocessor time: 0.0914558s
Preprocessor peak memory: 2744 KB
done
INFO     Running search (release32).
INFO     search input: output
INFO     search arguments: ['--search', 'sbd(store_operators_in_optimal_plan=true, cost_type=1)']
INFO     search time limit: 3600s
INFO     search memory limit: 4096 MB
INFO     search executable: /mnt/data_server/torralba/subdominization/training/data/training_satellite/code-70296b3db083/builds/release32/bin/downward
INFO     callstring: /mnt/data_server/torralba/subdominization/training/data/training_satellite/code-70296b3db083/builds/release32/bin/downward --search 'sbd(store_operators_in_optimal_plan=true, cost_type=1)' --internal-plan-file sas_plan < output
time limit 3600.00 -> (3600, 3601)
reading input... [t=0.000127211s]
done reading input! [t=0.00897581s]
packing state variables...done! [t=0.00900365s]
Variables: 37
FactPairs: 134
Bytes per state: 8
Building successor generator...done! [t=0.00987854s]
done initalizing global data [t=0.00988645s]
TR(time=60000, nodes=100000)
Mutex(time=60000, nodes=100000, type=edeletion)
Aux(time=2000, nodes=1000000)
Disj(nodes=2147483647)
Estimation: min_time(1000) time_penalty +(1000)*(2) nodes_penalty +(1000)*(2)
MaxStep(time=30000, nodes=100000000, nodes_per_planning_second=100)
Ratio useful: 0
   Min alloted time: 60000 nodes: 10000000
   Max alloted time: 60000 nodes: 15000000
   Mult alloted time: 2 nodes: 2
   Ratio after relax: 0.8
building causal graph...done! [t=0.000275382s]
Sym variable order: 27 11 10 12 26 8 14 28 7 15 1 25 13 29 9 3 31 32 33 36 30 35 34 0 6 5 16 24 2 21 19 22 18 23 17 20 4 
Initializing Symbolic Variables
Num variables: 37 => 53
Initialize Symbolic Manager(106, 150943, 16000000, 0)
Generating binary variables
Symbolic Variables... Done.
BOUND: 1 < 2147483647, total time: 0.706055s
BOUND: 2 < 2147483647, total time: 0.70653s
BOUND: 3 < 2147483647, total time: 0.707471s
BOUND: 4 < 2147483647, total time: 0.708352s
BOUND: 5 < 2147483647, total time: 0.711386s
BOUND: 6 < 2147483647, total time: 0.712898s
BOUND: 7 < 2147483647, total time: 0.715139s
BOUND: 8 < 2147483647, total time: 0.719439s
BOUND: 9 < 2147483647, total time: 0.728992s
BOUND: 10 < 2147483647, total time: 0.738012s
BOUND: 11 < 2147483647, total time: 0.757771s
BOUND: 12 < 2147483647, total time: 0.776013s
BOUND: 13 < 2147483647, total time: 0.817251s
BOUND: 14 < 2147483647, total time: 0.853881s
BOUND: 15 < 2147483647, total time: 0.923937s
BOUND: 16 < 2147483647, total time: 0.995998s
BOUND: 17 < 2147483647, total time: 1.11487s
BOUND: 18 < 2147483647, total time: 1.24557s
BOUND: 19 < 2147483647, total time: 1.41076s
Solution found with cost 19 total time: 1.59811s
Merging: 1
10 1.70283 1 720
Merging: 50
9 1.91713 1 852
Merging: 50
8 2.14631 1 661
Merging: 50
7 2.31706 1 509
Merging: 50
6 2.43736 1 307
Merging: 86
5 2.51563 1 220
Merging: 62
4 2.56885 1 136
Merging: 53
3 2.60327 1 145
Merging: 17
2 2.64276 1 135
Merging: 11
1 2.68002 1 111
Merging: 1
9 2.70814 1 720
Merging: 50
8 2.78587 1 720
Merging: 50
7 2.83662 1 852
Merging: 50
6 2.88367 1 661
Merging: 50
5 2.92272 1 509
Merging: 50
4 2.95102 1 307
Merging: 56
3 2.97254 1 209
Merging: 29
2 2.98801 1 109
Merging: 11
1 3.00008 1 88
BOUND: 19 < 19, total time: 3.00918s
Actual search time: 2.31573s [t=3.02185s]
turn_to satellite2 groundstation3 groundstation8 (1)
switch_on instrument5 satellite2 (1)
calibrate satellite2 instrument5 groundstation3 (1)
turn_to satellite2 planet15 groundstation3 (1)
take_image satellite2 planet15 instrument5 infrared1 (1)
turn_to satellite2 planet13 planet15 (1)
take_image satellite2 planet13 instrument5 infrared0 (1)
turn_to satellite2 phenomenon12 planet13 (1)
turn_to satellite0 star4 planet15 (1)
take_image satellite2 phenomenon12 instrument5 infrared1 (1)
turn_to satellite1 groundstation2 groundstation6 (1)
turn_to satellite2 planet16 phenomenon12 (1)
take_image satellite2 planet16 instrument5 infrared1 (1)
turn_to satellite2 star10 planet16 (1)
take_image satellite2 star10 instrument5 infrared1 (1)
turn_to satellite2 star11 star10 (1)
take_image satellite2 star11 instrument5 infrared0 (1)
turn_to satellite2 phenomenon14 star11 (1)
take_image satellite2 phenomenon14 instrument5 infrared0 (1)
Plan length: 19 step(s).
Plan cost: 19
Bytes per state: 8
Search time: 2.38316s
Total time: 3.02186s
Solution found.
Peak memory: 270772 KB
Running single search parser
