INFO     Running translator.
INFO     translator input: ['domain.pddl', 'problem.pddl']
INFO     translator arguments: []
INFO     translator time limit: None
INFO     translator memory limit: None
INFO     callstring: /usr/bin/python /mnt/data_server/torralba/subdominization/training/data/training_satellite/code-70296b3db083/builds/release32/bin/translate/translate.py domain.pddl problem.pddl
Parsing...
Parsing: [0.010s CPU, 0.128s wall-clock]
Normalizing task... [0.000s CPU, 0.000s wall-clock]
Instantiating...
Generating Datalog program... [0.000s CPU, 0.002s wall-clock]
Normalizing Datalog program...
Normalizing Datalog program: [0.010s CPU, 3.270s wall-clock]
Preparing model... [0.000s CPU, 0.007s wall-clock]
Generated 31 rules.
Computing model... [0.020s CPU, 0.026s wall-clock]
1596 relevant atoms
346 auxiliary atoms
1942 final queue length
3123 total queue pushes
Completing instantiation... [0.050s CPU, 0.048s wall-clock]
Instantiating: [0.080s CPU, 3.384s wall-clock]
Computing fact groups...
Finding invariants...
12 initial candidates
Finding invariants: [0.000s CPU, 0.003s wall-clock]
Checking invariant weight... [0.000s CPU, 0.000s wall-clock]
Instantiating groups... [0.000s CPU, 0.000s wall-clock]
Collecting mutex groups... [0.000s CPU, 0.000s wall-clock]
Choosing groups...
89 uncovered facts
Choosing groups: [0.000s CPU, 0.000s wall-clock]
Building translation key... [0.000s CPU, 0.001s wall-clock]
Computing fact groups: [0.010s CPU, 0.006s wall-clock]
Building STRIPS to SAS dictionary... [0.000s CPU, 0.000s wall-clock]
Building dictionary for full mutex groups... [0.000s CPU, 0.000s wall-clock]
Building mutex information...
Building mutex information: [0.000s CPU, 0.000s wall-clock]
Translating task...
Processing axioms...
Simplifying axioms... [0.000s CPU, 0.000s wall-clock]
Processing axioms: [0.000s CPU, 0.002s wall-clock]
Translating task: [0.040s CPU, 0.044s wall-clock]
15 effect conditions simplified
0 implied preconditions added
Detecting unreachable propositions...
0 operators removed
0 axioms removed
3 propositions removed
Detecting unreachable propositions: [0.030s CPU, 0.023s wall-clock]
Translator variables: 92
Translator derived variables: 0
Translator facts: 235
Translator goal facts: 5
Translator mutex groups: 3
Translator total mutex groups size: 57
Translator operators: 1264
Translator axioms: 0
Translator task size: 4633
Translator peak memory: 48956 KB
Writing output... [0.020s CPU, 0.040s wall-clock]
Done! [0.190s CPU, 3.629s wall-clock]
INFO     Running preprocessor (release32).
INFO     preprocessor input: output.sas
INFO     preprocessor arguments: []
INFO     preprocessor time limit: None
INFO     preprocessor memory limit: None
INFO     callstring: /mnt/data_server/torralba/subdominization/training/data/training_satellite/code-70296b3db083/builds/release32/bin/preprocess < output.sas
Building causal graph...
The causal graph is not acyclic.
20 variables of 92 necessary
0 of 3 mutex groups necessary.
1065 of 1264 operators necessary.
0 of 0 axiom rules necessary.
Initializing mutex computation...
Mutex computation initialized with 91 fluents.
iteration for mutex detection and operator pruning
Initialize m_index fw
Initialized mvalues forward: reached=400, notReached=6821, spurious=1060
Initialize m_ops fw
Computing mutexes...
Mutex computation finished with reached=7201, notReached=20, spurious=1060
0 operators are spurious because were not triggered
H^2 mutexes added fw: 20, unreachable: 0
0 of 1065 operators detected as spurious
iteration for mutex detection and operator pruning
Initialize m_index bw
Init values regression
Initialized mvalues backward: reached=4031, notReached=3170, spurious=1080
Initialize m_ops bw
Computing mutexes...
Mutex computation finished with reached=7201, notReached=0, spurious=1080
0 operators are spurious because were not triggered
H^2 mutexes added bw: 0, unreachable: 0
0 of 1065 operators detected as spurious
Total mutex and disambiguation time: 0.030228 iterations: 2
10 of 10 mutex groups necessary.
1065 of 1065 operators necessary.
0 of 0 axiom rules necessary.
Change id of operators: 1065
Change id of mutexes
Change id of goals
Change id of initial state
Remove unreachable facts from variables: 20
10 of 10 mutex groups necessary.
1065 of 1065 operators necessary.
0 of 0 axiom rules necessary.
Updating causal graph and pruning unnecessary facts
20 variables of 20 of 92 necessary
The causal graph is not acyclic.
20 variables of 20 necessary
10 of 10 mutex groups necessary.
1065 of 1065 operators necessary.
0 of 0 axiom rules necessary.
Building domain transition graphs...
solveable in poly time 0
Building successor generator...
Preprocessor variables: 20
Preprocessor facts: 91
Preprocessor derived variables: 0
Preprocessor operators: 1065
Preprocessor mutex groups: 10
Preprocessor task size: 3385
Writing output...
Preprocessor time: 0.0609043s
Preprocessor peak memory: 2760 KB
done
INFO     Running search (release32).
INFO     search input: output
INFO     search arguments: ['--search', 'sbd(store_operators_in_optimal_plan=true, cost_type=1)']
INFO     search time limit: 3600s
INFO     search memory limit: 4096 MB
INFO     search executable: /mnt/data_server/torralba/subdominization/training/data/training_satellite/code-70296b3db083/builds/release32/bin/downward
INFO     callstring: /mnt/data_server/torralba/subdominization/training/data/training_satellite/code-70296b3db083/builds/release32/bin/downward --search 'sbd(store_operators_in_optimal_plan=true, cost_type=1)' --internal-plan-file sas_plan < output
time limit 3600.00 -> (3600, 3601)
reading input... [t=0.000143806s]
done reading input! [t=0.0103944s]
packing state variables...done! [t=0.0104045s]
Variables: 20
FactPairs: 91
Bytes per state: 4
Building successor generator...done! [t=0.0108855s]
done initalizing global data [t=0.0108895s]
TR(time=60000, nodes=100000)
Mutex(time=60000, nodes=100000, type=edeletion)
Aux(time=2000, nodes=1000000)
Disj(nodes=2147483647)
Estimation: min_time(1000) time_penalty +(1000)*(2) nodes_penalty +(1000)*(2)
MaxStep(time=30000, nodes=100000000, nodes_per_planning_second=100)
Ratio useful: 0
   Min alloted time: 60000 nodes: 10000000
   Max alloted time: 60000 nodes: 15000000
   Mult alloted time: 2 nodes: 2
   Ratio after relax: 0.8
building causal graph...done! [t=0.000117492s]
Sym variable order: 3 4 5 0 13 14 12 7 11 1 19 15 9 10 6 8 2 18 17 16 
Initializing Symbolic Variables
Num variables: 20 => 32
Initialize Symbolic Manager(64, 250000, 16000000, 0)
Generating binary variables
Symbolic Variables... Done.
BOUND: 1 < 2147483647, total time: 0.395168s
BOUND: 2 < 2147483647, total time: 0.395433s
BOUND: 3 < 2147483647, total time: 0.395755s
BOUND: 4 < 2147483647, total time: 0.396122s
BOUND: 5 < 2147483647, total time: 0.396727s
BOUND: 6 < 2147483647, total time: 0.397269s
BOUND: 7 < 2147483647, total time: 0.397998s
BOUND: 8 < 2147483647, total time: 0.399014s
BOUND: 9 < 2147483647, total time: 0.400077s
BOUND: 10 < 2147483647, total time: 0.40154s
BOUND: 11 < 2147483647, total time: 0.403391s
Solution found with cost 11 total time: 0.404856s
Merging: 1
6 0.423126 1 64
Merging: 4
5 0.439246 1 57
Merging: 12
4 0.452651 1 54
Merging: 4
3 0.464554 1 35
Merging: 4
2 0.4719 1 33
Merging: 1
1 0.478792 1 33
Merging: 1
5 0.485592 1 64
Merging: 12
4 0.493348 1 64
Merging: 4
3 0.500108 1 57
Merging: 12
2 0.505723 1 54
Merging: 4
1 0.510827 1 35
BOUND: 11 < 11, total time: 0.514406s
Actual search time: 0.119434s [t=0.514637s]
switch_on instrument2 satellite1 (1)
calibrate satellite1 instrument2 groundstation8 (1)
turn_to satellite1 phenomenon17 groundstation8 (1)
take_image satellite1 phenomenon17 instrument2 thermograph3 (1)
turn_to satellite1 phenomenon15 phenomenon17 (1)
take_image satellite1 phenomenon15 instrument2 thermograph3 (1)
turn_to satellite1 planet16 phenomenon15 (1)
take_image satellite1 planet16 instrument2 image1 (1)
turn_to satellite1 star18 planet16 (1)
take_image satellite1 star18 instrument2 spectrograph0 (1)
turn_to satellite1 star7 star18 (1)
Plan length: 11 step(s).
Plan cost: 11
Bytes per state: 4
Search time: 0.137025s
Total time: 0.514645s
Solution found.
Peak memory: 211476 KB
Running single search parser
