INFO     Running translator.
INFO     translator input: ['domain.pddl', 'problem.pddl']
INFO     translator arguments: []
INFO     translator time limit: None
INFO     translator memory limit: None
INFO     callstring: /usr/bin/python /mnt/data_server/torralba/subdominization/training/data/training_satellite/code-70296b3db083/builds/release32/bin/translate/translate.py domain.pddl problem.pddl
Parsing...
Parsing: [0.000s CPU, 0.049s wall-clock]
Normalizing task... [0.000s CPU, 0.000s wall-clock]
Instantiating...
Generating Datalog program... [0.010s CPU, 0.002s wall-clock]
Normalizing Datalog program...
Normalizing Datalog program: [0.000s CPU, 0.007s wall-clock]
Preparing model... [0.000s CPU, 0.002s wall-clock]
Generated 31 rules.
Computing model... [0.030s CPU, 0.026s wall-clock]
824 relevant atoms
295 auxiliary atoms
1119 final queue length
1663 total queue pushes
Completing instantiation... [0.030s CPU, 0.033s wall-clock]
Instantiating: [0.070s CPU, 0.080s wall-clock]
Computing fact groups...
Finding invariants...
12 initial candidates
Finding invariants: [0.000s CPU, 0.003s wall-clock]
Checking invariant weight... [0.000s CPU, 0.000s wall-clock]
Instantiating groups... [0.000s CPU, 0.000s wall-clock]
Collecting mutex groups... [0.000s CPU, 0.000s wall-clock]
Choosing groups...
49 uncovered facts
Choosing groups: [0.000s CPU, 0.000s wall-clock]
Building translation key... [0.000s CPU, 0.001s wall-clock]
Computing fact groups: [0.000s CPU, 0.006s wall-clock]
Building STRIPS to SAS dictionary... [0.000s CPU, 0.000s wall-clock]
Building dictionary for full mutex groups... [0.000s CPU, 0.000s wall-clock]
Building mutex information...
Building mutex information: [0.010s CPU, 0.000s wall-clock]
Translating task...
Processing axioms...
Simplifying axioms... [0.000s CPU, 0.000s wall-clock]
Processing axioms: [0.000s CPU, 0.002s wall-clock]
Translating task: [0.030s CPU, 0.033s wall-clock]
18 effect conditions simplified
0 implied preconditions added
Detecting unreachable propositions...
0 operators removed
0 axioms removed
4 propositions removed
Detecting unreachable propositions: [0.020s CPU, 0.020s wall-clock]
Translator variables: 53
Translator derived variables: 0
Translator facts: 142
Translator goal facts: 4
Translator mutex groups: 4
Translator total mutex groups size: 44
Translator operators: 585
Translator axioms: 0
Translator task size: 2270
Translator peak memory: 45756 KB
Writing output... [0.010s CPU, 0.055s wall-clock]
Done! [0.140s CPU, 0.246s wall-clock]
INFO     Running preprocessor (release32).
INFO     preprocessor input: output.sas
INFO     preprocessor arguments: []
INFO     preprocessor time limit: None
INFO     preprocessor memory limit: None
INFO     callstring: /mnt/data_server/torralba/subdominization/training/data/training_satellite/code-70296b3db083/builds/release32/bin/preprocess < output.sas
Building causal graph...
The causal graph is not acyclic.
15 variables of 53 necessary
0 of 4 mutex groups necessary.
456 of 585 operators necessary.
0 of 0 axiom rules necessary.
Initializing mutex computation...
Mutex computation initialized with 66 fluents.
iteration for mutex detection and operator pruning
Initialize m_index fw
Initialized mvalues forward: reached=225, notReached=3669, spurious=462
Initialize m_ops fw
Computing mutexes...
Mutex computation finished with reached=3880, notReached=14, spurious=462
0 operators are spurious because were not triggered
H^2 mutexes added fw: 14, unreachable: 0
0 of 456 operators detected as spurious
iteration for mutex detection and operator pruning
Initialize m_index bw
Init values regression
Initialized mvalues backward: reached=1081, notReached=2799, spurious=476
Initialize m_ops bw
Computing mutexes...
Mutex computation finished with reached=3880, notReached=0, spurious=476
0 operators are spurious because were not triggered
H^2 mutexes added bw: 0, unreachable: 0
0 of 456 operators detected as spurious
Total mutex and disambiguation time: 0.010287 iterations: 2
7 of 7 mutex groups necessary.
456 of 456 operators necessary.
0 of 0 axiom rules necessary.
Change id of operators: 456
Change id of mutexes
Change id of goals
Change id of initial state
Remove unreachable facts from variables: 15
7 of 7 mutex groups necessary.
456 of 456 operators necessary.
0 of 0 axiom rules necessary.
Updating causal graph and pruning unnecessary facts
15 variables of 15 of 53 necessary
The causal graph is not acyclic.
15 variables of 15 necessary
7 of 7 mutex groups necessary.
456 of 456 operators necessary.
0 of 0 axiom rules necessary.
Building domain transition graphs...
solveable in poly time 0
Building successor generator...
Preprocessor variables: 15
Preprocessor facts: 66
Preprocessor derived variables: 0
Preprocessor operators: 456
Preprocessor mutex groups: 7
Preprocessor task size: 1489
Writing output...
Preprocessor time: 0.0243235s
Preprocessor peak memory: 2400 KB
done
INFO     Running search (release32).
INFO     search input: output
INFO     search arguments: ['--search', 'sbd(store_operators_in_optimal_plan=true, cost_type=1)']
INFO     search time limit: 3600s
INFO     search memory limit: 4096 MB
INFO     search executable: /mnt/data_server/torralba/subdominization/training/data/training_satellite/code-70296b3db083/builds/release32/bin/downward
INFO     callstring: /mnt/data_server/torralba/subdominization/training/data/training_satellite/code-70296b3db083/builds/release32/bin/downward --search 'sbd(store_operators_in_optimal_plan=true, cost_type=1)' --internal-plan-file sas_plan < output
time limit 3600.00 -> (3600, 3601)
reading input... [t=0.000142016s]
done reading input! [t=0.00336652s]
packing state variables...done! [t=0.00337976s]
Variables: 15
FactPairs: 66
Bytes per state: 4
Building successor generator...done! [t=0.00365108s]
done initalizing global data [t=0.00365699s]
TR(time=60000, nodes=100000)
Mutex(time=60000, nodes=100000, type=edeletion)
Aux(time=2000, nodes=1000000)
Disj(nodes=2147483647)
Estimation: min_time(1000) time_penalty +(1000)*(2) nodes_penalty +(1000)*(2)
MaxStep(time=30000, nodes=100000000, nodes_per_planning_second=100)
Ratio useful: 0
   Min alloted time: 60000 nodes: 10000000
   Max alloted time: 60000 nodes: 15000000
   Mult alloted time: 2 nodes: 2
   Ratio after relax: 0.8
building causal graph...done! [t=6.9474e-05s]
Sym variable order: 5 6 4 7 0 1 10 14 9 8 2 13 12 11 3 
Initializing Symbolic Variables
Num variables: 15 => 27
Initialize Symbolic Manager(54, 296296, 16000000, 0)
Generating binary variables
Symbolic Variables... Done.
BOUND: 1 < 2147483647, total time: 0.371126s
BOUND: 2 < 2147483647, total time: 0.37133s
BOUND: 3 < 2147483647, total time: 0.371554s
BOUND: 4 < 2147483647, total time: 0.371885s
BOUND: 5 < 2147483647, total time: 0.372185s
BOUND: 6 < 2147483647, total time: 0.372541s
Solution found with cost 6 total time: 0.372974s
Merging: 1
3 0.377658 1 41
Merging: 3
2 0.382852 1 42
Merging: 3
1 0.387337 1 44
Merging: 1
3 0.392116 1 41
Merging: 3
2 0.394935 1 35
Merging: 3
1 0.39682 1 41
BOUND: 6 < 6, total time: 0.399096s
Actual search time: 0.0281764s [t=0.399342s]
turn_to satellite0 groundstation5 star4 (1)
switch_on instrument3 satellite2 (1)
calibrate satellite2 instrument3 star8 (1)
turn_to satellite2 phenomenon10 star8 (1)
take_image satellite2 phenomenon10 instrument3 thermograph0 (1)
turn_to satellite2 star7 phenomenon10 (1)
Plan length: 6 step(s).
Plan cost: 6
Bytes per state: 4
Search time: 0.03569s
Total time: 0.399355s
Solution found.
Peak memory: 256276 KB
Running single search parser
