INFO     Running translator.
INFO     translator input: ['domain.pddl', 'problem.pddl']
INFO     translator arguments: []
INFO     translator time limit: None
INFO     translator memory limit: None
INFO     callstring: /usr/bin/python /mnt/data_server/torralba/subdominization/training/data/training_satellite/code-70296b3db083/builds/release32/bin/translate/translate.py domain.pddl problem.pddl
Parsing...
Parsing: [0.010s CPU, 0.016s wall-clock]
Normalizing task... [0.000s CPU, 0.000s wall-clock]
Instantiating...
Generating Datalog program... [0.000s CPU, 0.001s wall-clock]
Normalizing Datalog program...
Normalizing Datalog program: [0.000s CPU, 0.140s wall-clock]
Preparing model... [0.000s CPU, 0.003s wall-clock]
Generated 31 rules.
Computing model... [0.030s CPU, 0.022s wall-clock]
678 relevant atoms
300 auxiliary atoms
978 final queue length
1361 total queue pushes
Completing instantiation... [0.030s CPU, 0.029s wall-clock]
Instantiating: [0.060s CPU, 0.308s wall-clock]
Computing fact groups...
Finding invariants...
12 initial candidates
Finding invariants: [0.000s CPU, 0.003s wall-clock]
Checking invariant weight... [0.000s CPU, 0.000s wall-clock]
Instantiating groups... [0.000s CPU, 0.000s wall-clock]
Collecting mutex groups... [0.000s CPU, 0.000s wall-clock]
Choosing groups...
61 uncovered facts
Choosing groups: [0.000s CPU, 0.000s wall-clock]
Building translation key... [0.000s CPU, 0.001s wall-clock]
Computing fact groups: [0.000s CPU, 0.006s wall-clock]
Building STRIPS to SAS dictionary... [0.000s CPU, 0.000s wall-clock]
Building dictionary for full mutex groups... [0.000s CPU, 0.000s wall-clock]
Building mutex information...
Building mutex information: [0.000s CPU, 0.000s wall-clock]
Translating task...
Processing axioms...
Simplifying axioms... [0.000s CPU, 0.000s wall-clock]
Processing axioms: [0.000s CPU, 0.001s wall-clock]
Translating task: [0.030s CPU, 0.027s wall-clock]
33 effect conditions simplified
0 implied preconditions added
Detecting unreachable propositions...
0 operators removed
0 axioms removed
3 propositions removed
Detecting unreachable propositions: [0.010s CPU, 0.016s wall-clock]
Translator variables: 64
Translator derived variables: 0
Translator facts: 149
Translator goal facts: 5
Translator mutex groups: 3
Translator total mutex groups size: 27
Translator operators: 438
Translator axioms: 0
Translator task size: 1981
Translator peak memory: 45420 KB
Writing output... [0.000s CPU, 0.056s wall-clock]
Done! [0.120s CPU, 0.431s wall-clock]
INFO     Running preprocessor (release32).
INFO     preprocessor input: output.sas
INFO     preprocessor arguments: []
INFO     preprocessor time limit: None
INFO     preprocessor memory limit: None
INFO     callstring: /mnt/data_server/torralba/subdominization/training/data/training_satellite/code-70296b3db083/builds/release32/bin/preprocess < output.sas
Building causal graph...
The causal graph is not acyclic.
30 variables of 64 necessary
0 of 3 mutex groups necessary.
265 of 438 operators necessary.
0 of 0 axiom rules necessary.
Initializing mutex computation...
Mutex computation initialized with 81 fluents.
iteration for mutex detection and operator pruning
Initialize m_index fw
Initialized mvalues forward: reached=900, notReached=5391, spurious=270
Initialize m_ops fw
Computing mutexes...
Mutex computation finished with reached=6239, notReached=52, spurious=270
0 operators are spurious because were not triggered
H^2 mutexes added fw: 52, unreachable: 0
0 of 265 operators detected as spurious
iteration for mutex detection and operator pruning
Initialize m_index bw
Init values regression
Initialized mvalues backward: reached=4519, notReached=1720, spurious=322
Initialize m_ops bw
Computing mutexes...
Mutex computation finished with reached=6239, notReached=0, spurious=322
0 operators are spurious because were not triggered
H^2 mutexes added bw: 0, unreachable: 0
0 of 265 operators detected as spurious
Total mutex and disambiguation time: 0.008325 iterations: 2
26 of 26 mutex groups necessary.
265 of 265 operators necessary.
0 of 0 axiom rules necessary.
Change id of operators: 265
Change id of mutexes
Change id of goals
Change id of initial state
Remove unreachable facts from variables: 30
26 of 26 mutex groups necessary.
265 of 265 operators necessary.
0 of 0 axiom rules necessary.
Updating causal graph and pruning unnecessary facts
30 variables of 30 of 64 necessary
The causal graph is not acyclic.
30 variables of 30 necessary
26 of 26 mutex groups necessary.
265 of 265 operators necessary.
0 of 0 axiom rules necessary.
Building domain transition graphs...
solveable in poly time 0
Building successor generator...
Preprocessor variables: 30
Preprocessor facts: 81
Preprocessor derived variables: 0
Preprocessor operators: 265
Preprocessor mutex groups: 26
Preprocessor task size: 1039
Writing output...
Preprocessor time: 0.019958s
Preprocessor peak memory: 2264 KB
done
INFO     Running search (release32).
INFO     search input: output
INFO     search arguments: ['--search', 'sbd(store_operators_in_optimal_plan=true, cost_type=1)']
INFO     search time limit: 3600s
INFO     search memory limit: 4096 MB
INFO     search executable: /mnt/data_server/torralba/subdominization/training/data/training_satellite/code-70296b3db083/builds/release32/bin/downward
INFO     callstring: /mnt/data_server/torralba/subdominization/training/data/training_satellite/code-70296b3db083/builds/release32/bin/downward --search 'sbd(store_operators_in_optimal_plan=true, cost_type=1)' --internal-plan-file sas_plan < output
time limit 3600.00 -> (3600, 3601)
reading input... [t=0.000109027s]
done reading input! [t=0.00241391s]
packing state variables...done! [t=0.00242769s]
Variables: 30
FactPairs: 81
Bytes per state: 8
Building successor generator...done! [t=0.00266845s]
done initalizing global data [t=0.00267372s]
TR(time=60000, nodes=100000)
Mutex(time=60000, nodes=100000, type=edeletion)
Aux(time=2000, nodes=1000000)
Disj(nodes=2147483647)
Estimation: min_time(1000) time_penalty +(1000)*(2) nodes_penalty +(1000)*(2)
MaxStep(time=30000, nodes=100000000, nodes_per_planning_second=100)
Ratio useful: 0
   Min alloted time: 60000 nodes: 10000000
   Max alloted time: 60000 nodes: 15000000
   Mult alloted time: 2 nodes: 2
   Ratio after relax: 0.8
building causal graph...done! [t=0.000144562s]
Sym variable order: 19 20 28 23 22 24 2 25 21 29 4 8 11 26 27 16 0 9 3 1 6 17 10 14 18 7 15 5 13 12 
Initializing Symbolic Variables
Num variables: 30 => 39
Initialize Symbolic Manager(78, 205128, 16000000, 0)
Generating binary variables
Symbolic Variables... Done.
BOUND: 1 < 2147483647, total time: 0.562702s
BOUND: 2 < 2147483647, total time: 0.562998s
BOUND: 3 < 2147483647, total time: 0.564269s
BOUND: 4 < 2147483647, total time: 0.564799s
BOUND: 5 < 2147483647, total time: 0.565675s
BOUND: 6 < 2147483647, total time: 0.567106s
BOUND: 7 < 2147483647, total time: 0.569359s
BOUND: 8 < 2147483647, total time: 0.571874s
BOUND: 9 < 2147483647, total time: 0.576366s
BOUND: 10 < 2147483647, total time: 0.581196s
BOUND: 11 < 2147483647, total time: 0.589216s
BOUND: 12 < 2147483647, total time: 0.598495s
BOUND: 13 < 2147483647, total time: 0.61038s
BOUND: 14 < 2147483647, total time: 0.626845s
Solution found with cost 14 total time: 0.641478s
Merging: 1
8 0.652641 1 534
Merging: 56
7 0.689477 1 500
Merging: 57
6 0.720227 1 445
Merging: 57
5 0.746339 1 393
Merging: 41
4 0.768794 1 291
Merging: 29
3 0.785403 1 254
Merging: 17
2 0.799594 1 193
Merging: 11
1 0.810584 1 119
Merging: 1
6 0.817832 1 534
Merging: 55
5 0.83788 1 583
Merging: 52
4 0.854717 1 528
Merging: 51
3 0.868985 1 451
Merging: 38
2 0.880474 1 317
Merging: 33
1 0.889795 1 236
BOUND: 14 < 14, total time: 0.896671s
Actual search time: 0.336056s [t=0.898826s]
turn_to satellite1 star0 star8 (1)
switch_on instrument3 satellite1 (1)
calibrate satellite1 instrument3 star0 (1)
turn_to satellite1 phenomenon6 star0 (1)
turn_to satellite0 star2 planet5 (1)
take_image satellite1 phenomenon6 instrument3 thermograph2 (1)
switch_on instrument1 satellite0 (1)
calibrate satellite0 instrument1 star2 (1)
turn_to satellite0 planet5 star2 (1)
take_image satellite0 planet5 instrument1 spectrograph1 (1)
turn_to satellite0 planet7 planet5 (1)
take_image satellite0 planet7 instrument1 thermograph2 (1)
turn_to satellite1 star8 phenomenon6 (1)
take_image satellite1 star8 instrument3 spectrograph0 (1)
Plan length: 14 step(s).
Plan cost: 14
Bytes per state: 8
Search time: 0.352971s
Total time: 0.898839s
Solution found.
Peak memory: 228120 KB
Running single search parser
