INFO     Running translator.
INFO     translator input: ['domain.pddl', 'problem.pddl']
INFO     translator arguments: []
INFO     translator time limit: None
INFO     translator memory limit: None
INFO     callstring: /usr/bin/python /mnt/data_server/torralba/subdominization/training/data/training_depots/code-70296b3db083/builds/release32/bin/translate/translate.py domain.pddl problem.pddl
Parsing...
Parsing: [0.000s CPU, 0.007s wall-clock]
Normalizing task... [0.000s CPU, 0.000s wall-clock]
Instantiating...
Generating Datalog program... [0.010s CPU, 0.001s wall-clock]
Normalizing Datalog program...
Normalizing Datalog program: [0.000s CPU, 0.005s wall-clock]
Preparing model... [0.000s CPU, 0.002s wall-clock]
Generated 43 rules.
Computing model... [0.020s CPU, 0.015s wall-clock]
320 relevant atoms
303 auxiliary atoms
623 final queue length
1009 total queue pushes
Completing instantiation... [0.010s CPU, 0.019s wall-clock]
Instantiating: [0.050s CPU, 0.053s wall-clock]
Computing fact groups...
Finding invariants...
16 initial candidates
Finding invariants: [0.010s CPU, 0.015s wall-clock]
Checking invariant weight... [0.000s CPU, 0.001s wall-clock]
Instantiating groups... [0.000s CPU, 0.003s wall-clock]
Collecting mutex groups... [0.000s CPU, 0.000s wall-clock]
Choosing groups...
13 uncovered facts
Choosing groups: [0.010s CPU, 0.001s wall-clock]
Building translation key... [0.000s CPU, 0.000s wall-clock]
Computing fact groups: [0.020s CPU, 0.021s wall-clock]
Building STRIPS to SAS dictionary... [0.000s CPU, 0.000s wall-clock]
Building dictionary for full mutex groups... [0.000s CPU, 0.000s wall-clock]
Building mutex information...
Building mutex information: [0.000s CPU, 0.000s wall-clock]
Translating task...
Processing axioms...
Simplifying axioms... [0.000s CPU, 0.000s wall-clock]
Processing axioms: [0.000s CPU, 0.001s wall-clock]
Translating task: [0.020s CPU, 0.023s wall-clock]
190 effect conditions simplified
0 implied preconditions added
Detecting unreachable propositions...
0 operators removed
0 axioms removed
20 propositions removed
Detecting unreachable propositions: [0.010s CPU, 0.010s wall-clock]
Translator variables: 21
Translator derived variables: 0
Translator facts: 87
Translator goal facts: 5
Translator mutex groups: 21
Translator total mutex groups size: 153
Translator operators: 154
Translator axioms: 0
Translator task size: 1538
Translator peak memory: 44540 KB
Writing output... [0.010s CPU, 0.015s wall-clock]
Done! [0.110s CPU, 0.132s wall-clock]
INFO     Running preprocessor (release32).
INFO     preprocessor input: output.sas
INFO     preprocessor arguments: []
INFO     preprocessor time limit: None
INFO     preprocessor memory limit: None
INFO     callstring: /mnt/data_server/torralba/subdominization/training/data/training_depots/code-70296b3db083/builds/release32/bin/preprocess < output.sas
Building causal graph...
The causal graph is not acyclic.
21 variables of 21 necessary
14 of 21 mutex groups necessary.
154 of 154 operators necessary.
0 of 0 axiom rules necessary.
Initializing mutex computation...
Mutex computation initialized with 87 fluents.
iteration for mutex detection and operator pruning
Initialize m_index fw
Initialized mvalues forward: reached=441, notReached=6126, spurious=1002
Initialize m_ops fw
Computing mutexes...
Mutex computation finished with reached=6417, notReached=150, spurious=1002
10 operators are spurious because were not triggered
H^2 mutexes added fw: 150, unreachable: 0
0 of 144 operators detected as spurious
iteration for mutex detection and operator pruning
Initialize m_index bw
Init values regression
Initialized mvalues backward: reached=882, notReached=5535, spurious=1152
Initialize m_ops bw
Computing mutexes...
Mutex computation finished with reached=6417, notReached=0, spurious=1152
0 operators are spurious because were not triggered
H^2 mutexes added bw: 0, unreachable: 0
0 of 144 operators detected as spurious
Total mutex and disambiguation time: 0.009024 iterations: 2
89 of 89 mutex groups necessary.
144 of 154 operators necessary.
0 of 0 axiom rules necessary.
Change id of operators: 144
Change id of mutexes
Change id of goals
Change id of initial state
Remove unreachable facts from variables: 21
89 of 89 mutex groups necessary.
144 of 144 operators necessary.
0 of 0 axiom rules necessary.
Updating causal graph and pruning unnecessary facts
21 variables of 21 of 21 necessary
The causal graph is not acyclic.
21 variables of 21 necessary
89 of 89 mutex groups necessary.
144 of 144 operators necessary.
0 of 0 axiom rules necessary.
Building domain transition graphs...
solveable in poly time 0
Building successor generator...
Preprocessor variables: 21
Preprocessor facts: 87
Preprocessor derived variables: 0
Preprocessor operators: 144
Preprocessor mutex groups: 89
Preprocessor task size: 1534
Writing output...
Preprocessor time: 0.0250813s
Preprocessor peak memory: 2360 KB
done
INFO     Running search (release32).
INFO     search input: output
INFO     search arguments: ['--search', 'sbd(store_operators_in_optimal_plan=true, cost_type=1)']
INFO     search time limit: 3600s
INFO     search memory limit: 4096 MB
INFO     search executable: /mnt/data_server/torralba/subdominization/training/data/training_depots/code-70296b3db083/builds/release32/bin/downward
INFO     callstring: /mnt/data_server/torralba/subdominization/training/data/training_depots/code-70296b3db083/builds/release32/bin/downward --search 'sbd(store_operators_in_optimal_plan=true, cost_type=1)' --internal-plan-file sas_plan < output
time limit 3600.00 -> (3600, 3601)
reading input... [t=0.000120568s]
done reading input! [t=0.00299218s]
packing state variables...done! [t=0.00300705s]
Variables: 21
FactPairs: 87
Bytes per state: 8
Building successor generator...done! [t=0.00339713s]
done initalizing global data [t=0.00340378s]
TR(time=60000, nodes=100000)
Mutex(time=60000, nodes=100000, type=edeletion)
Aux(time=2000, nodes=1000000)
Disj(nodes=2147483647)
Estimation: min_time(1000) time_penalty +(1000)*(2) nodes_penalty +(1000)*(2)
MaxStep(time=30000, nodes=100000000, nodes_per_planning_second=100)
Ratio useful: 0
   Min alloted time: 60000 nodes: 10000000
   Max alloted time: 60000 nodes: 15000000
   Mult alloted time: 2 nodes: 2
   Ratio after relax: 0.8
building causal graph...done! [t=0.000474479s]
Sym variable order: 2 19 7 11 4 5 12 8 9 6 10 13 14 3 17 20 18 15 16 1 0 
Initializing Symbolic Variables
Num variables: 21 => 41
Initialize Symbolic Manager(82, 195121, 16000000, 0)
Generating binary variables
Symbolic Variables... Done.
BOUND: 1 < 2147483647, total time: 0.557818s
BOUND: 2 < 2147483647, total time: 0.558389s
BOUND: 3 < 2147483647, total time: 0.558657s
BOUND: 4 < 2147483647, total time: 0.55916s
BOUND: 5 < 2147483647, total time: 0.55951s
BOUND: 6 < 2147483647, total time: 0.560073s
BOUND: 7 < 2147483647, total time: 0.561066s
BOUND: 8 < 2147483647, total time: 0.562079s
BOUND: 9 < 2147483647, total time: 0.563839s
BOUND: 10 < 2147483647, total time: 0.565335s
BOUND: 11 < 2147483647, total time: 0.56743s
BOUND: 12 < 2147483647, total time: 0.570851s
BOUND: 13 < 2147483647, total time: 0.573921s
BOUND: 14 < 2147483647, total time: 0.578155s
BOUND: 15 < 2147483647, total time: 0.584163s
BOUND: 16 < 2147483647, total time: 0.590327s
BOUND: 17 < 2147483647, total time: 0.600654s
BOUND: 18 < 2147483647, total time: 0.609477s
Solution found with cost 18 total time: 0.619313s
Merging: 1
11 0.635782 1 177
Merging: 8
10 0.642388 1 184
Merging: 9
9 0.648581 1 183
Merging: 9
8 0.654731 1 174
Merging: 8
7 0.660822 1 144
Merging: 9
6 0.665566 1 120
Merging: 7
5 0.669691 1 115
Merging: 8
4 0.674044 1 125
Merging: 7
3 0.678609 1 137
Merging: 6
2 0.683349 1 101
Merging: 4
1 0.686792 1 75
Merging: 1
7 0.689302 1 177
Merging: 8
6 0.691228 1 187
Merging: 12
5 0.693082 1 258
Merging: 14
4 0.695431 1 239
Merging: 12
3 0.697567 1 161
Merging: 10
2 0.69903 1 109
Merging: 6
1 0.700108 1 69
BOUND: 18 < 18, total time: 0.700979s
Actual search time: 0.143261s [t=0.701464s]
lift hoist1 crate3 crate2 distributor0 (1)
load hoist1 crate3 truck0 distributor0 (1)
lift hoist1 crate2 crate1 distributor0 (1)
load hoist1 crate2 truck0 distributor0 (1)
lift hoist1 crate1 pallet1 distributor0 (1)
load hoist1 crate1 truck0 distributor0 (1)
unload hoist1 crate3 truck0 distributor0 (1)
lift hoist0 crate4 crate0 depot0 (1)
load hoist0 crate4 truck1 depot0 (1)
drive truck1 depot0 distributor0 (1)
drive truck0 distributor0 depot0 (1)
drop hoist1 crate3 pallet1 distributor0 (1)
unload hoist0 crate1 truck0 depot0 (1)
drop hoist0 crate1 crate0 depot0 (1)
unload hoist0 crate2 truck0 depot0 (1)
drop hoist0 crate2 crate1 depot0 (1)
unload hoist1 crate4 truck1 distributor0 (1)
drop hoist1 crate4 crate3 distributor0 (1)
Plan length: 18 step(s).
Plan cost: 18
Bytes per state: 8
Search time: 0.301546s
Total time: 0.701487s
Solution found.
Peak memory: 234972 KB
Running single search parser
