INFO     Running translator.
INFO     translator input: ['domain.pddl', 'problem.pddl']
INFO     translator arguments: []
INFO     translator time limit: None
INFO     translator memory limit: None
INFO     callstring: /usr/bin/python /mnt/data_server/torralba/subdominization/training/data/training_agricola/code-70296b3db083/builds/release32/bin/translate/translate.py domain.pddl problem.pddl
Parsing...
Parsing: [0.020s CPU, 0.040s wall-clock]
Normalizing task... [0.000s CPU, 0.001s wall-clock]
Instantiating...
Generating Datalog program... [0.020s CPU, 0.006s wall-clock]
Normalizing Datalog program...
Normalizing Datalog program: [0.020s CPU, 0.019s wall-clock]
Preparing model... [0.010s CPU, 0.015s wall-clock]
Generated 258 rules.
Computing model... [0.510s CPU, 0.517s wall-clock]
13036 relevant atoms
1326 auxiliary atoms
14362 final queue length
48311 total queue pushes
Completing instantiation... [2.490s CPU, 2.508s wall-clock]
Instantiating: [3.060s CPU, 3.154s wall-clock]
Computing fact groups...
Finding invariants...
44 initial candidates
Finding invariants: [0.080s CPU, 0.087s wall-clock]
Checking invariant weight... [0.010s CPU, 0.000s wall-clock]
Instantiating groups... [0.000s CPU, 0.002s wall-clock]
Collecting mutex groups... [0.000s CPU, 0.000s wall-clock]
Choosing groups...
104 uncovered facts
Choosing groups: [0.000s CPU, 0.000s wall-clock]
Building translation key... [0.000s CPU, 0.001s wall-clock]
Computing fact groups: [0.090s CPU, 0.093s wall-clock]
Building STRIPS to SAS dictionary... [0.000s CPU, 0.000s wall-clock]
Building dictionary for full mutex groups... [0.000s CPU, 0.000s wall-clock]
Building mutex information...
Building mutex information: [0.000s CPU, 0.000s wall-clock]
Translating task...
Processing axioms...
Simplifying axioms... [0.000s CPU, 0.000s wall-clock]
Processing axioms: [0.090s CPU, 0.092s wall-clock]
Translating task: [2.060s CPU, 2.064s wall-clock]
13517 effect conditions simplified
0 implied preconditions added
Detecting unreachable propositions...
0 operators removed
0 axioms removed
33 propositions removed
Detecting unreachable propositions: [0.990s CPU, 0.994s wall-clock]
Translator variables: 98
Translator derived variables: 0
Translator facts: 215
Translator goal facts: 1
Translator mutex groups: 5
Translator total mutex groups size: 29
Translator operators: 12439
Translator axioms: 0
Translator task size: 138700
Translator peak memory: 171316 KB
Writing output... [0.290s CPU, 0.341s wall-clock]
Done! [6.570s CPU, 6.751s wall-clock]
INFO     Running preprocessor (release32).
INFO     preprocessor input: output.sas
INFO     preprocessor arguments: []
INFO     preprocessor time limit: None
INFO     preprocessor memory limit: None
INFO     callstring: /mnt/data_server/torralba/subdominization/training/data/training_agricola/code-70296b3db083/builds/release32/bin/preprocess < output.sas
Building causal graph...
The causal graph is not acyclic.
92 variables of 98 necessary
0 of 5 mutex groups necessary.
12439 of 12439 operators necessary.
0 of 0 axiom rules necessary.
Initializing mutex computation...
Mutex computation initialized with 203 fluents.
iteration for mutex detection and operator pruning
Initialize m_index fw
Initialized mvalues forward: reached=8464, notReached=32271, spurious=474
Initialize m_ops fw
Computing mutexes...
Mutex computation finished with reached=36163, notReached=4572, spurious=474
8375 operators are spurious because were not triggered
Unreachable proposition: Atom harvest_phase(stage4, harvest_feeding)
Unreachable proposition: Atom harvest_phase(stage4, harvest_breeding)
H^2 mutexes added fw: 3768, unreachable: 2
0 of 4064 operators detected as spurious
iteration for mutex detection and operator pruning
Initialize m_index bw
Init values regression
Initialized mvalues backward: reached=23549, notReached=12614, spurious=5046
Initialize m_ops bw
Computing mutexes...
Mutex computation finished with reached=36143, notReached=20, spurious=5046
0 operators are spurious because were not triggered
H^2 mutexes added bw: 20, unreachable: 0
0 of 4064 operators detected as spurious
iteration for mutex detection and operator pruning
Initialize m_index fw
Initialized mvalues forward: reached=8464, notReached=27679, spurious=5066
Initialize m_ops fw
Computing mutexes...
Mutex computation finished with reached=36143, notReached=0, spurious=5066
0 operators are spurious because were not triggered
H^2 mutexes added fw: 0, unreachable: 0
0 of 4064 operators detected as spurious
Total mutex and disambiguation time: 1.81128 iterations: 3
1894 of 1894 mutex groups necessary.
4064 of 12439 operators necessary.
0 of 0 axiom rules necessary.
Change id of operators: 4064
Change id of mutexes
Change id of goals
Change id of initial state
Remove unreachable facts from variables: 92
1894 of 1894 mutex groups necessary.
4064 of 4064 operators necessary.
0 of 0 axiom rules necessary.
Updating causal graph and pruning unnecessary facts
90 variables of 92 of 98 necessary
The causal graph is not acyclic.
89 variables of 90 necessary
1843 of 1894 mutex groups necessary.
4064 of 4064 operators necessary.
0 of 0 axiom rules necessary.
Building domain transition graphs...
solveable in poly time 0
Building successor generator...
Preprocessor variables: 89
Preprocessor facts: 197
Preprocessor derived variables: 0
Preprocessor operators: 4064
Preprocessor mutex groups: 1843
Preprocessor task size: 45347
Writing output...
Preprocessor time: 2.29511s
Preprocessor peak memory: 31152 KB
done
INFO     Running search (release32).
INFO     search input: output
INFO     search arguments: ['--search', 'sbw(store_operators_in_optimal_plan=true, cost_type=1)']
INFO     search time limit: 3600s
INFO     search memory limit: 4096 MB
INFO     search executable: /mnt/data_server/torralba/subdominization/training/data/training_agricola/code-70296b3db083/builds/release32/bin/downward
INFO     callstring: /mnt/data_server/torralba/subdominization/training/data/training_agricola/code-70296b3db083/builds/release32/bin/downward --search 'sbw(store_operators_in_optimal_plan=true, cost_type=1)' --internal-plan-file sas_plan < output
time limit 3600.00 -> (3600, 3601)
reading input... [t=0.00013867s]
done reading input! [t=0.0682088s]
packing state variables...done! [t=0.0682408s]
Variables: 89
FactPairs: 197
Bytes per state: 12
Building successor generator...done! [t=0.0884155s]
done initalizing global data [t=0.0884307s]
TR(time=60000, nodes=100000)
Mutex(time=60000, nodes=100000, type=edeletion)
Aux(time=2000, nodes=1000000)
Disj(nodes=2147483647)
Estimation: min_time(1000) time_penalty +(1000)*(2) nodes_penalty +(1000)*(2)
MaxStep(time=30000, nodes=100000000, nodes_per_planning_second=100)
Ratio useful: 0
   Min alloted time: 60000 nodes: 10000000
   Max alloted time: 60000 nodes: 15000000
   Mult alloted time: 2 nodes: 2
   Ratio after relax: 0.8
building causal graph...done! [t=0.00695917s]
Sym variable order: 4 2 13 18 14 16 17 12 24 35 15 32 37 38 40 36 34 33 57 56 45 43 60 42 44 82 54 72 74 70 75 67 85 23 9 55 66 29 86 28 65 25 59 27 26 41 58 39 30 31 64 22 21 20 68 69 73 71 61 63 62 53 87 76 78 77 84 52 83 3 0 11 10 8 1 7 19 79 81 80 48 47 46 50 51 49 6 5 88 
Initializing Symbolic Variables
Num variables: 89 => 95
Initialize Symbolic Manager(190, 84210, 16000000, 0)
Generating binary variables
Symbolic Variables... Done.
BOUND: 1 < 2147483647, total time: 1.84183s
BOUND: 2 < 2147483647, total time: 1.85033s
BOUND: 3 < 2147483647, total time: 1.85218s
BOUND: 4 < 2147483647, total time: 1.85363s
BOUND: 5 < 2147483647, total time: 1.85558s
BOUND: 6 < 2147483647, total time: 1.85793s
BOUND: 7 < 2147483647, total time: 1.86397s
BOUND: 8 < 2147483647, total time: 1.89227s
BOUND: 9 < 2147483647, total time: 1.94663s
BOUND: 10 < 2147483647, total time: 2.01144s
BOUND: 11 < 2147483647, total time: 2.04614s
BOUND: 12 < 2147483647, total time: 2.06882s
BOUND: 13 < 2147483647, total time: 2.10708s
BOUND: 14 < 2147483647, total time: 2.19117s
BOUND: 15 < 2147483647, total time: 2.29608s
BOUND: 16 < 2147483647, total time: 2.36744s
BOUND: 17 < 2147483647, total time: 2.39624s
BOUND: 18 < 2147483647, total time: 2.4039s
BOUND: 19 < 2147483647, total time: 2.41053s
BOUND: 20 < 2147483647, total time: 2.41966s
BOUND: 21 < 2147483647, total time: 2.43883s
BOUND: 22 < 2147483647, total time: 2.46741s
BOUND: 23 < 2147483647, total time: 2.50431s
BOUND: 24 < 2147483647, total time: 2.54811s
BOUND: 25 < 2147483647, total time: 2.60447s
BOUND: 26 < 2147483647, total time: 2.66574s
BOUND: 27 < 2147483647, total time: 2.70499s
BOUND: 28 < 2147483647, total time: 2.72316s
BOUND: 29 < 2147483647, total time: 2.74111s
BOUND: 30 < 2147483647, total time: 2.76801s
BOUND: 31 < 2147483647, total time: 2.79895s
BOUND: 32 < 2147483647, total time: 2.82485s
BOUND: 33 < 2147483647, total time: 2.83816s
BOUND: 34 < 2147483647, total time: 2.84488s
BOUND: 35 < 2147483647, total time: 2.85485s
BOUND: 36 < 2147483647, total time: 2.86779s
BOUND: 37 < 2147483647, total time: 2.87764s
BOUND: 38 < 2147483647, total time: 2.88445s
BOUND: 39 < 2147483647, total time: 2.89112s
BOUND: 40 < 2147483647, total time: 2.89907s
BOUND: 41 < 2147483647, total time: 2.9033s
BOUND: 42 < 2147483647, total time: 2.90595s
BOUND: 43 < 2147483647, total time: 2.91048s
BOUND: 44 < 2147483647, total time: 2.92084s
BOUND: 45 < 2147483647, total time: 2.93312s
BOUND: 46 < 2147483647, total time: 2.94271s
BOUND: 47 < 2147483647, total time: 2.95058s
BOUND: 48 < 2147483647, total time: 2.9561s
BOUND: 49 < 2147483647, total time: 2.96101s
BOUND: 50 < 2147483647, total time: 2.96754s
BOUND: 51 < 2147483647, total time: 2.97455s
BOUND: 52 < 2147483647, total time: 2.97975s
BOUND: 53 < 2147483647, total time: 2.98331s
Solution found with cost 53 total time: 2.98551s
Merging: 1
53 3.24816 1 96
Merging: 11
52 3.26238 1 315
Merging: 11
51 3.28906 1 842
Merging: 1
50 3.33263 1 842
Merging: 4
49 3.37784 1 144
Merging: 1
48 3.39205 1 144
Merging: 13
47 3.40792 1 601
Merging: 13
46 3.44524 1 1273
Merging: 1
45 3.49446 1 1273
Merging: 4
44 3.56276 1 200
Merging: 1
43 3.5783 1 200
Merging: 16
42 3.5982 1 971
Merging: 16
41 3.64842 1 2111
Merging: 1
40 3.70351 1 2111
Merging: 4
39 3.7971 1 351
Merging: 1
38 3.81438 1 351
Merging: 18
37 3.837 1 1422
Merging: 18
36 3.91384 1 3229
Merging: 1
35 4.00378 1 3229
Merging: 4
34 4.12831 1 430
Merging: 1
33 4.15517 1 430
Merging: 3
32 4.17885 1 387
Merging: 1
31 4.20189 1 387
Merging: 1
30 4.22439 1 387
Merging: 21
29 4.25073 1 2139
Merging: 21
28 4.34558 1 5459
Merging: 1
27 4.48655 1 5459
Merging: 4
26 4.72747 1 393
Merging: 1
25 4.74632 1 393
Merging: 21
24 4.7693 1 2164
Merging: 21
23 4.86952 1 5994
Merging: 1
22 5.01504 1 5994
Merging: 4
21 5.26819 1 396
Merging: 1
20 5.28667 1 396
Merging: 24
19 5.31845 1 2607
Merging: 24
18 5.43788 1 7018
Merging: 1
17 5.59306 1 7018
Merging: 4
16 5.84943 1 567
Merging: 1
15 5.87674 1 567
Merging: 3
14 5.90347 1 525
Merging: 1
13 5.93055 1 525
Merging: 1
12 5.95613 1 525
Merging: 25
11 5.99245 1 2607
Merging: 43
10 6.11443 1 4106
Merging: 1
9 6.18574 1 4106
Merging: 4
8 6.47339 1 875
Merging: 1
7 6.52958 1 875
Merging: 62
6 6.64627 1 2927
Merging: 61
5 6.84495 1 5453
Merging: 1
4 6.94432 1 5453
Merging: 4
3 7.09689 1 681
Merging: 1
2 7.12645 1 681
Merging: 7
1 7.15451 1 651
BOUND: 53 < 53, total time: 7.18338s
Actual search time: 5.34344s [t=7.18532s]
build_fences boar worker2 worker1 worker2 round1 (60)
collect_resource worker1 noworker worker2 round1 act_clay clay (60)
ag__finish_round_backhome round1 worker2 (1)
ag__finish_round_renew round1 noworker (1)
ag__advance_round_normal round1 round2 act_family (1)
build_fences boar worker2 worker1 worker2 round2 (60)
take_food worker1 noworker worker2 round2 num2 num3 (60)
ag__finish_round_backhome round2 worker2 (1)
ag__finish_round_renew round2 noworker (1)
ag__advance_round_normal round2 round3 act_sheep (1)
build_fences boar worker2 worker1 worker2 round3 (60)
take_food worker1 noworker worker2 round3 num3 num4 (60)
ag__finish_round_backhome round3 worker2 (1)
ag__finish_round_renew round3 noworker (1)
ag__advance_round_normal round3 round4 act_sow (1)
build_fences boar worker2 worker1 worker2 round4 (60)
take_food worker1 noworker worker2 round4 num4 num5 (60)
ag__finish_round_backhome round4 worker2 (1)
ag__finish_round_renew round4 noworker (1)
ag__harvest_collect_end round4 stage1 (1)
ag__harvest_feed round4 stage1 worker2 num5 num4 num1 (1)
ag__harvest_breed_end round4 stage1 (1)
ag__finish_stage stage1 stage2 round4 round5 act_cattle (1)
build_fences boar worker2 worker1 worker2 round5 (60)
take_food worker1 noworker worker2 round5 num1 num2 (60)
ag__finish_round_backhome round5 worker2 (1)
ag__finish_round_renew round5 noworker (1)
ag__advance_round_normal round5 round6 act_carrot (1)
build_fences boar worker2 worker1 worker2 round6 (60)
take_food worker1 noworker worker2 round6 num2 num3 (60)
ag__finish_round_backhome round6 worker2 (1)
ag__finish_round_renew round6 noworker (1)
ag__advance_round_normal round6 round7 act_boar (1)
build_fences boar worker2 worker1 worker2 round7 (60)
take_food worker1 noworker worker2 round7 num3 num4 (60)
ag__finish_round_backhome round7 worker2 (1)
ag__finish_round_renew round7 noworker (1)
ag__harvest_collect_end round7 stage2 (1)
ag__harvest_feed round7 stage2 worker2 num4 num4 num0 (1)
ag__harvest_breed_end round7 stage2 (1)
ag__finish_stage stage2 stage3 round7 round8 act_improve (1)
collect_resource worker2 worker1 worker2 round8 act_stone stone (60)
improve_home worker1 noworker worker2 round8 fireplace (60)
ag__finish_round_backhome round8 worker2 (1)
ag__finish_round_renew round8 noworker (1)
ag__advance_round_normal round8 round9 void (1)
collect_cook_animal boar act_boar worker2 worker1 worker2 round9 num0 num2 (60)
collect_cook_animal boar act_cattle worker1 noworker worker2 round9 num2 num4 (60)
ag__finish_round_backhome round9 worker2 (1)
ag__finish_round_renew round9 noworker (1)
ag__harvest_collect_end round9 stage3 (1)
ag__harvest_feed round9 stage3 worker2 num4 num4 num0 (1)
ag__harvest_breed_end round9 stage3 (1)
Plan length: 53 step(s).
Plan cost: 1115
Bytes per state: 12
Search time: 5.77536s
Total time: 7.18533s
Solution found.
Peak memory: 295496 KB
Running single search parser
