INFO     Running translator.
INFO     translator input: ['domain.pddl', 'problem.pddl']
INFO     translator arguments: []
INFO     translator time limit: None
INFO     translator memory limit: None
INFO     callstring: /usr/bin/python /mnt/data_server/torralba/subdominization/training/data/training_satellite/code-70296b3db083/builds/release32/bin/translate/translate.py domain.pddl problem.pddl
Parsing...
Parsing: [0.010s CPU, 0.008s wall-clock]
Normalizing task... [0.000s CPU, 0.000s wall-clock]
Instantiating...
Generating Datalog program... [0.000s CPU, 0.001s wall-clock]
Normalizing Datalog program...
Normalizing Datalog program: [0.000s CPU, 0.019s wall-clock]
Preparing model... [0.000s CPU, 0.002s wall-clock]
Generated 31 rules.
Computing model... [0.010s CPU, 0.009s wall-clock]
288 relevant atoms
156 auxiliary atoms
444 final queue length
584 total queue pushes
Completing instantiation... [0.010s CPU, 0.010s wall-clock]
Instantiating: [0.020s CPU, 0.044s wall-clock]
Computing fact groups...
Finding invariants...
12 initial candidates
Finding invariants: [0.010s CPU, 0.003s wall-clock]
Checking invariant weight... [0.000s CPU, 0.000s wall-clock]
Instantiating groups... [0.000s CPU, 0.000s wall-clock]
Collecting mutex groups... [0.000s CPU, 0.000s wall-clock]
Choosing groups...
25 uncovered facts
Choosing groups: [0.000s CPU, 0.000s wall-clock]
Building translation key... [0.000s CPU, 0.000s wall-clock]
Computing fact groups: [0.010s CPU, 0.005s wall-clock]
Building STRIPS to SAS dictionary... [0.000s CPU, 0.000s wall-clock]
Building dictionary for full mutex groups... [0.000s CPU, 0.000s wall-clock]
Building mutex information...
Building mutex information: [0.000s CPU, 0.000s wall-clock]
Translating task...
Processing axioms...
Simplifying axioms... [0.000s CPU, 0.000s wall-clock]
Processing axioms: [0.000s CPU, 0.001s wall-clock]
Translating task: [0.020s CPU, 0.010s wall-clock]
15 effect conditions simplified
0 implied preconditions added
Detecting unreachable propositions...
0 operators removed
0 axioms removed
3 propositions removed
Detecting unreachable propositions: [0.000s CPU, 0.006s wall-clock]
Translator variables: 28
Translator derived variables: 0
Translator facts: 68
Translator goal facts: 2
Translator mutex groups: 3
Translator total mutex groups size: 18
Translator operators: 159
Translator axioms: 0
Translator task size: 721
Translator peak memory: 43756 KB
Writing output... [0.000s CPU, 0.010s wall-clock]
Done! [0.060s CPU, 0.084s wall-clock]
INFO     Running preprocessor (release32).
INFO     preprocessor input: output.sas
INFO     preprocessor arguments: []
INFO     preprocessor time limit: None
INFO     preprocessor memory limit: None
INFO     callstring: /mnt/data_server/torralba/subdominization/training/data/training_satellite/code-70296b3db083/builds/release32/bin/preprocess < output.sas
Building causal graph...
The causal graph is not acyclic.
16 variables of 28 necessary
0 of 3 mutex groups necessary.
108 of 159 operators necessary.
0 of 0 axiom rules necessary.
Initializing mutex computation...
Mutex computation initialized with 44 fluents.
iteration for mutex detection and operator pruning
Initialize m_index fw
Initialized mvalues forward: reached=256, notReached=1564, spurious=116
Initialize m_ops fw
Computing mutexes...
Mutex computation finished with reached=1800, notReached=20, spurious=116
0 operators are spurious because were not triggered
H^2 mutexes added fw: 20, unreachable: 0
0 of 108 operators detected as spurious
iteration for mutex detection and operator pruning
Initialize m_index bw
Init values regression
Initialized mvalues backward: reached=1340, notReached=460, spurious=136
Initialize m_ops bw
Computing mutexes...
Mutex computation finished with reached=1800, notReached=0, spurious=136
0 operators are spurious because were not triggered
H^2 mutexes added bw: 0, unreachable: 0
0 of 108 operators detected as spurious
Total mutex and disambiguation time: 0.001986 iterations: 2
10 of 10 mutex groups necessary.
108 of 108 operators necessary.
0 of 0 axiom rules necessary.
Change id of operators: 108
Change id of mutexes
Change id of goals
Change id of initial state
Remove unreachable facts from variables: 16
10 of 10 mutex groups necessary.
108 of 108 operators necessary.
0 of 0 axiom rules necessary.
Updating causal graph and pruning unnecessary facts
16 variables of 16 of 28 necessary
The causal graph is not acyclic.
16 variables of 16 necessary
10 of 10 mutex groups necessary.
108 of 108 operators necessary.
0 of 0 axiom rules necessary.
Building domain transition graphs...
solveable in poly time 0
Building successor generator...
Preprocessor variables: 16
Preprocessor facts: 44
Preprocessor derived variables: 0
Preprocessor operators: 108
Preprocessor mutex groups: 10
Preprocessor task size: 432
Writing output...
Preprocessor time: 0.00683769s
Preprocessor peak memory: 2228 KB
done
INFO     Running search (release32).
INFO     search input: output
INFO     search arguments: ['--search', 'sbd(store_operators_in_optimal_plan=true, cost_type=1)']
INFO     search time limit: 3600s
INFO     search memory limit: 4096 MB
INFO     search executable: /mnt/data_server/torralba/subdominization/training/data/training_satellite/code-70296b3db083/builds/release32/bin/downward
INFO     callstring: /mnt/data_server/torralba/subdominization/training/data/training_satellite/code-70296b3db083/builds/release32/bin/downward --search 'sbd(store_operators_in_optimal_plan=true, cost_type=1)' --internal-plan-file sas_plan < output
time limit 3600.00 -> (3600, 3601)
reading input... [t=0.000128963s]
done reading input! [t=0.00116342s]
packing state variables...done! [t=0.00117715s]
Variables: 16
FactPairs: 44
Bytes per state: 4
Building successor generator...done! [t=0.0012771s]
done initalizing global data [t=0.00128219s]
TR(time=60000, nodes=100000)
Mutex(time=60000, nodes=100000, type=edeletion)
Aux(time=2000, nodes=1000000)
Disj(nodes=2147483647)
Estimation: min_time(1000) time_penalty +(1000)*(2) nodes_penalty +(1000)*(2)
MaxStep(time=30000, nodes=100000000, nodes_per_planning_second=100)
Ratio useful: 0
   Min alloted time: 60000 nodes: 10000000
   Max alloted time: 60000 nodes: 15000000
   Mult alloted time: 2 nodes: 2
   Ratio after relax: 0.8
building causal graph...done! [t=6.0957e-05s]
Sym variable order: 3 4 5 0 6 7 8 15 1 2 13 11 14 9 12 10 
Initializing Symbolic Variables
Num variables: 16 => 22
Initialize Symbolic Manager(44, 363636, 16000000, 0)
Generating binary variables
Symbolic Variables... Done.
BOUND: 1 < 2147483647, total time: 0.362492s
BOUND: 2 < 2147483647, total time: 0.362657s
BOUND: 3 < 2147483647, total time: 0.362837s
BOUND: 4 < 2147483647, total time: 0.363068s
BOUND: 5 < 2147483647, total time: 0.363262s
BOUND: 6 < 2147483647, total time: 0.363533s
Solution found with cost 6 total time: 0.363753s
Merging: 1
3 0.365141 1 68
Merging: 9
2 0.367216 1 64
Merging: 9
1 0.369201 1 47
Merging: 1
3 0.370734 1 68
Merging: 7
2 0.37211 1 63
Merging: 7
1 0.373203 1 60
BOUND: 6 < 6, total time: 0.374298s
Actual search time: 0.0119902s [t=0.374521s]
turn_to satellite0 star4 groundstation3 (1)
switch_on instrument0 satellite0 (1)
calibrate satellite0 instrument0 star4 (1)
turn_to satellite0 star5 star4 (1)
take_image satellite0 star5 instrument0 spectrograph0 (1)
turn_to satellite2 groundstation1 star2 (1)
Plan length: 6 step(s).
Plan cost: 6
Bytes per state: 4
Search time: 0.0148438s
Total time: 0.374532s
Solution found.
Peak memory: 235424 KB
Running single search parser
