INFO     Running translator.
INFO     translator input: ['domain.pddl', 'problem.pddl']
INFO     translator arguments: []
INFO     translator time limit: None
INFO     translator memory limit: None
INFO     callstring: /usr/bin/python /mnt/data_server/torralba/subdominization/training/data/training_agricola/code-70296b3db083/builds/release32/bin/translate/translate.py domain.pddl problem.pddl
Parsing...
Parsing: [0.030s CPU, 0.060s wall-clock]
Normalizing task... [0.000s CPU, 0.001s wall-clock]
Instantiating...
Generating Datalog program... [0.000s CPU, 0.006s wall-clock]
Normalizing Datalog program...
Normalizing Datalog program: [0.020s CPU, 0.039s wall-clock]
Preparing model... [0.020s CPU, 0.016s wall-clock]
Generated 258 rules.
Computing model... [1.170s CPU, 1.185s wall-clock]
30078 relevant atoms
1506 auxiliary atoms
31584 final queue length
112501 total queue pushes
Completing instantiation... [6.950s CPU, 6.983s wall-clock]
Instantiating: [8.180s CPU, 8.828s wall-clock]
Computing fact groups...
Finding invariants...
44 initial candidates
Finding invariants: [0.140s CPU, 0.141s wall-clock]
Checking invariant weight... [0.000s CPU, 0.000s wall-clock]
Instantiating groups... [0.000s CPU, 0.002s wall-clock]
Collecting mutex groups... [0.000s CPU, 0.000s wall-clock]
Choosing groups...
114 uncovered facts
Choosing groups: [0.000s CPU, 0.000s wall-clock]
Building translation key... [0.000s CPU, 0.001s wall-clock]
Computing fact groups: [0.140s CPU, 0.147s wall-clock]
Building STRIPS to SAS dictionary... [0.000s CPU, 0.000s wall-clock]
Building dictionary for full mutex groups... [0.010s CPU, 0.000s wall-clock]
Building mutex information...
Building mutex information: [0.000s CPU, 0.001s wall-clock]
Translating task...
Processing axioms...
Simplifying axioms... [0.000s CPU, 0.000s wall-clock]
Processing axioms: [0.210s CPU, 0.217s wall-clock]
Translating task: [4.890s CPU, 4.921s wall-clock]
31791 effect conditions simplified
0 implied preconditions added
Detecting unreachable propositions...
0 operators removed
0 axioms removed
34 propositions removed
Detecting unreachable propositions: [2.340s CPU, 2.358s wall-clock]
Translator variables: 109
Translator derived variables: 0
Translator facts: 242
Translator goal facts: 1
Translator mutex groups: 6
Translator total mutex groups size: 36
Translator operators: 29439
Translator axioms: 0
Translator task size: 329607
Translator peak memory: 346552 KB
Writing output... [0.670s CPU, 0.788s wall-clock]
Done! [16.410s CPU, 17.253s wall-clock]
INFO     Running preprocessor (release32).
INFO     preprocessor input: output.sas
INFO     preprocessor arguments: []
INFO     preprocessor time limit: None
INFO     preprocessor memory limit: None
INFO     callstring: /mnt/data_server/torralba/subdominization/training/data/training_agricola/code-70296b3db083/builds/release32/bin/preprocess < output.sas
Building causal graph...
The causal graph is not acyclic.
103 variables of 109 necessary
0 of 6 mutex groups necessary.
29439 of 29439 operators necessary.
0 of 0 axiom rules necessary.
Initializing mutex computation...
Mutex computation initialized with 230 fluents.
iteration for mutex detection and operator pruning
Initialize m_index fw
Initialized mvalues forward: reached=10609, notReached=41767, spurious=524
Initialize m_ops fw
Computing mutexes...
Mutex computation finished with reached=46218, notReached=6158, spurious=524
18003 operators are spurious because were not triggered
Unreachable proposition: Atom harvest_phase(stage5, harvest_feeding)
Unreachable proposition: Atom harvest_phase(stage5, harvest_breeding)
H^2 mutexes added fw: 5246, unreachable: 2
0 of 11436 operators detected as spurious
iteration for mutex detection and operator pruning
Initialize m_index bw
Init values regression
Initialized mvalues backward: reached=28751, notReached=17467, spurious=6682
Initialize m_ops bw
Computing mutexes...
Mutex computation finished with reached=46188, notReached=30, spurious=6682
0 operators are spurious because were not triggered
H^2 mutexes added bw: 30, unreachable: 0
0 of 11436 operators detected as spurious
iteration for mutex detection and operator pruning
Initialize m_index fw
Initialized mvalues forward: reached=10609, notReached=35579, spurious=6712
Initialize m_ops fw
Computing mutexes...
Mutex computation finished with reached=46188, notReached=0, spurious=6712
0 operators are spurious because were not triggered
H^2 mutexes added fw: 0, unreachable: 0
0 of 11436 operators detected as spurious
Total mutex and disambiguation time: 6.00561 iterations: 3
2638 of 2638 mutex groups necessary.
11436 of 29439 operators necessary.
0 of 0 axiom rules necessary.
Change id of operators: 11436
Change id of mutexes
Change id of goals
Change id of initial state
Remove unreachable facts from variables: 103
2638 of 2638 mutex groups necessary.
11436 of 11436 operators necessary.
0 of 0 axiom rules necessary.
Updating causal graph and pruning unnecessary facts
101 variables of 103 of 109 necessary
The causal graph is not acyclic.
100 variables of 101 necessary
2576 of 2638 mutex groups necessary.
11436 of 11436 operators necessary.
0 of 0 axiom rules necessary.
Building domain transition graphs...
solveable in poly time 0
Building successor generator...
Preprocessor variables: 100
Preprocessor facts: 224
Preprocessor derived variables: 0
Preprocessor operators: 11436
Preprocessor mutex groups: 2576
Preprocessor task size: 125731
Writing output...
Preprocessor time: 7.33223s
Preprocessor peak memory: 92728 KB
done
INFO     Running search (release32).
INFO     search input: output
INFO     search arguments: ['--search', 'sbw(store_operators_in_optimal_plan=true, cost_type=1)']
INFO     search time limit: 3600s
INFO     search memory limit: 4096 MB
INFO     search executable: /mnt/data_server/torralba/subdominization/training/data/training_agricola/code-70296b3db083/builds/release32/bin/downward
INFO     callstring: /mnt/data_server/torralba/subdominization/training/data/training_agricola/code-70296b3db083/builds/release32/bin/downward --search 'sbw(store_operators_in_optimal_plan=true, cost_type=1)' --internal-plan-file sas_plan < output
time limit 3600.00 -> (3600, 3601)
reading input... [t=0.000124639s]
done reading input! [t=0.181734s]
packing state variables...done! [t=0.181766s]
Variables: 100
FactPairs: 224
Bytes per state: 16
Building successor generator...done! [t=0.245226s]
done initalizing global data [t=0.245256s]
TR(time=60000, nodes=100000)
Mutex(time=60000, nodes=100000, type=edeletion)
Aux(time=2000, nodes=1000000)
Disj(nodes=2147483647)
Estimation: min_time(1000) time_penalty +(1000)*(2) nodes_penalty +(1000)*(2)
MaxStep(time=30000, nodes=100000000, nodes_per_planning_second=100)
Ratio useful: 0
   Min alloted time: 60000 nodes: 10000000
   Max alloted time: 60000 nodes: 15000000
   Mult alloted time: 2 nodes: 2
   Ratio after relax: 0.8
building causal graph...done! [t=0.0181037s]
Sym variable order: 2 4 15 21 25 22 24 18 14 17 23 20 44 34 46 45 48 32 41 43 42 89 82 61 59 60 58 93 71 79 65 72 74 76 90 96 16 69 70 10 81 30 97 80 38 19 35 37 36 49 67 47 33 40 62 39 63 64 68 31 29 27 28 66 92 91 73 75 78 77 83 98 85 87 95 94 3 0 12 11 8 13 1 26 9 84 86 88 54 52 53 50 57 51 55 56 5 7 6 99 
Initializing Symbolic Variables
Num variables: 100 => 111
Initialize Symbolic Manager(222, 72072, 16000000, 0)
Generating binary variables
Symbolic Variables... Done.
BOUND: 1 < 2147483647, total time: 2.60086s
BOUND: 2 < 2147483647, total time: 2.62007s
BOUND: 3 < 2147483647, total time: 2.62331s
BOUND: 4 < 2147483647, total time: 2.62668s
BOUND: 5 < 2147483647, total time: 2.63107s
BOUND: 6 < 2147483647, total time: 2.63662s
BOUND: 7 < 2147483647, total time: 2.65248s
BOUND: 8 < 2147483647, total time: 2.75104s
BOUND: 9 < 2147483647, total time: 3.02631s
BOUND: 10 < 2147483647, total time: 3.49811s
BOUND: 11 < 2147483647, total time: 3.96723s
BOUND: 12 < 2147483647, total time: 4.25326s
BOUND: 13 < 2147483647, total time: 4.39129s
BOUND: 14 < 2147483647, total time: 4.62s
BOUND: 15 < 2147483647, total time: 5.07007s
BOUND: 16 < 2147483647, total time: 5.71491s
BOUND: 17 < 2147483647, total time: 6.32249s
BOUND: 18 < 2147483647, total time: 6.76759s
BOUND: 19 < 2147483647, total time: 7.03099s
BOUND: 20 < 2147483647, total time: 7.13003s
BOUND: 21 < 2147483647, total time: 7.24283s
BOUND: 22 < 2147483647, total time: 7.42518s
BOUND: 23 < 2147483647, total time: 7.99501s
BOUND: 24 < 2147483647, total time: 8.46325s
BOUND: 25 < 2147483647, total time: 9.13403s
BOUND: 26 < 2147483647, total time: 10.1004s
BOUND: 27 < 2147483647, total time: 11.0283s
BOUND: 28 < 2147483647, total time: 12.0439s
BOUND: 29 < 2147483647, total time: 13.0045s
BOUND: 30 < 2147483647, total time: 14.8138s
BOUND: 31 < 2147483647, total time: 15.2666s
BOUND: 32 < 2147483647, total time: 15.619s
BOUND: 33 < 2147483647, total time: 16.2307s
BOUND: 34 < 2147483647, total time: 17.0683s
BOUND: 35 < 2147483647, total time: 18.0249s
BOUND: 36 < 2147483647, total time: 18.7592s
BOUND: 37 < 2147483647, total time: 19.1729s
BOUND: 38 < 2147483647, total time: 19.3807s
BOUND: 39 < 2147483647, total time: 19.7228s
BOUND: 40 < 2147483647, total time: 20.1794s
BOUND: 41 < 2147483647, total time: 20.5784s
BOUND: 42 < 2147483647, total time: 20.8072s
BOUND: 43 < 2147483647, total time: 21.1918s
BOUND: 44 < 2147483647, total time: 21.8824s
BOUND: 45 < 2147483647, total time: 22.9775s
BOUND: 46 < 2147483647, total time: 23.9153s
BOUND: 47 < 2147483647, total time: 24.4008s
BOUND: 48 < 2147483647, total time: 24.513s
BOUND: 49 < 2147483647, total time: 24.6651s
BOUND: 50 < 2147483647, total time: 25.0513s
BOUND: 51 < 2147483647, total time: 25.905s
BOUND: 52 < 2147483647, total time: 26.3257s
BOUND: 53 < 2147483647, total time: 26.5228s
BOUND: 54 < 2147483647, total time: 26.5654s
BOUND: 55 < 2147483647, total time: 26.5906s
BOUND: 56 < 2147483647, total time: 26.6672s
BOUND: 57 < 2147483647, total time: 26.7952s
BOUND: 58 < 2147483647, total time: 26.8857s
BOUND: 59 < 2147483647, total time: 26.922s
BOUND: 60 < 2147483647, total time: 26.9408s
BOUND: 61 < 2147483647, total time: 26.9567s
BOUND: 62 < 2147483647, total time: 26.965s
BOUND: 63 < 2147483647, total time: 26.9694s
BOUND: 64 < 2147483647, total time: 26.9718s
BOUND: 65 < 2147483647, total time: 26.9733s
BOUND: 66 < 2147483647, total time: 26.9752s
Solution found with cost 66 total time: 26.9783s
Merging: 1
66 28.0489 1 112
Merging: 8
65 28.0826 1 353
Merging: 8
64 28.1611 1 825
Merging: 1
63 28.291 1 825
Merging: 5
62 28.4104 1 180
Merging: 1
61 28.4547 1 180
Merging: 16
60 28.4999 1 827
Merging: 16
59 28.6176 1 1708
Merging: 1
58 28.8033 1 1708
Merging: 5
57 28.9976 1 241
Merging: 1
56 29.0458 1 241
Merging: 19
55 29.1044 1 1324
Merging: 19
54 29.2563 1 3189
Merging: 1
53 29.4898 1 3189
Merging: 5
52 29.7522 1 513
Merging: 1
51 29.8006 1 513
Merging: 19
50 29.8608 1 2730
Merging: 19
49 30.0778 1 6245
Merging: 1
48 30.4412 1 6245
Merging: 5
47 30.7991 1 661
Merging: 1
46 30.8663 1 661
Merging: 3
45 30.9335 1 579
Merging: 1
44 31.0002 1 579
Merging: 1
43 31.0651 1 579
Merging: 21
42 31.1411 1 3816
Merging: 27
41 31.4334 1 12333
Merging: 1
40 32.0547 1 12333
Merging: 5
39 32.7269 1 1126
Merging: 1
38 32.7911 1 1126
Merging: 35
37 32.8829 1 6056
Merging: 40
36 33.2607 1 16050
Merging: 1
35 33.8769 1 16050
Merging: 5
34 34.5363 1 1201
Merging: 1
33 34.6007 1 1201
Merging: 70
32 34.7138 1 6986
Merging: 70
31 35.1625 1 17054
Merging: 1
30 35.8047 1 17054
Merging: 5
29 36.4718 1 1349
Merging: 1
28 36.551 1 1349
Merging: 13
27 36.6341 1 1337
Merging: 1
26 36.7149 1 1337
Merging: 1
25 36.79 1 1337
Merging: 92
24 36.9775 1 8798
Merging: 112
23 37.6733 1 31134
Merging: 1
22 38.5588 1 31134
Merging: 5
21 39.5908 1 1731
Merging: 1
20 39.661 1 1731
Merging: 128
19 39.8328 1 9657
Merging: 125
18 40.607 1 30175
Merging: 1
17 41.4837 1 30175
Merging: 5
16 42.4307 1 1641
Merging: 1
15 42.5237 1 1641
Merging: 19
14 42.62 1 1585
Merging: 1
13 42.71 1 1585
Merging: 1
12 42.7916 1 1585
Merging: 119
11 42.9482 1 11124
Merging: 136
10 43.8789 1 42453
Merging: 1
9 44.9001 1 42453
Merging: 5
8 46.0903 1 1982
Merging: 1
7 46.1621 1 1982
Merging: 156
6 46.3594 1 12804
Merging: 153
5 48.372 1 45197
Merging: 2
4 49.5353 1 45196
Merging: 5
3 50.8534 1 2587
Merging: 1
2 50.9799 1 2587
Merging: 38
1 51.1083 1 2524
BOUND: 66 < 66, total time: 51.2277s
Actual search time: 48.6325s [t=51.2334s]
collect_resource worker2 worker1 worker2 round1 act_clay clay (60)
collect_resource worker1 noworker worker2 round1 act_reed reed (60)
ag__finish_round_backhome round1 worker2 (1)
ag__finish_round_renew round1 noworker (1)
ag__advance_round_normal round1 round2 act_fences (1)
build_fences boar worker2 worker1 worker2 round2 (60)
take_food worker1 noworker worker2 round2 num1 num2 (60)
ag__finish_round_backhome round2 worker2 (1)
ag__finish_round_renew round2 noworker (1)
ag__advance_round_normal round2 round3 act_sheep (1)
build_fences boar worker2 worker1 worker2 round3 (60)
take_food worker1 noworker worker2 round3 num2 num3 (60)
ag__finish_round_backhome round3 worker2 (1)
ag__finish_round_renew round3 noworker (1)
ag__advance_round_normal round3 round4 act_family (1)
build_fences boar worker2 worker1 worker2 round4 (60)
take_food worker1 noworker worker2 round4 num3 num4 (60)
ag__finish_round_backhome round4 worker2 (1)
ag__finish_round_renew round4 noworker (1)
ag__harvest_collect_end round4 stage1 (1)
ag__harvest_feed round4 stage1 worker2 num4 num4 num0 (1)
ag__harvest_breed_end round4 stage1 (1)
ag__finish_stage stage1 stage2 round4 round5 act_improve (1)
build_fences boar worker2 worker1 worker2 round5 (60)
collect_animal boar act_sheep worker1 noworker worker2 round5 (60)
ag__finish_round_backhome round5 worker2 (1)
ag__finish_round_renew round5 noworker (1)
ag__advance_round_normal round5 round6 act_carrot (1)
collect_resource worker2 worker1 worker2 round6 act_stone stone (60)
improve_home worker1 noworker worker2 round6 fireplace (60)
ag__finish_round_backhome round6 worker2 (1)
ag__finish_round_renew round6 noworker (1)
ag__advance_round_normal round6 round7 act_cattle (1)
collect_cook_animal boar act_cattle worker2 worker1 worker2 round7 num0 num2 (60)
collect_cook_animal boar act_sheep worker1 noworker worker2 round7 num2 num4 (60)
ag__finish_round_backhome round7 worker2 (1)
ag__finish_round_renew round7 noworker (1)
ag__harvest_collect_end round7 stage2 (1)
ag__harvest_feed round7 stage2 worker2 num4 num4 num0 (1)
ag__harvest_breed_end round7 stage2 (1)
ag__finish_stage stage2 stage3 round7 round8 act_boar (1)
build_fences boar worker2 worker1 worker2 round8 (60)
collect_animal boar act_sheep worker1 noworker worker2 round8 (60)
ag__finish_round_backhome round8 worker2 (1)
ag__finish_round_renew round8 noworker (1)
ag__advance_round_normal round8 round9 void (1)
collect_cook_animal boar act_boar worker2 worker1 worker2 round9 num0 num2 (60)
collect_cook_animal boar act_sheep worker1 noworker worker2 round9 num2 num4 (60)
ag__finish_round_backhome round9 worker2 (1)
ag__finish_round_renew round9 noworker (1)
ag__harvest_collect_end round9 stage3 (1)
ag__harvest_feed round9 stage3 worker2 num4 num4 num0 (1)
ag__harvest_breed_end round9 stage3 (1)
ag__finish_stage stage3 stage4 round9 round10 void (1)
build_fences boar worker2 worker1 worker2 round10 (60)
collect_cook_animal boar act_sheep worker1 noworker worker2 round10 num0 num2 (60)
ag__finish_round_backhome round10 worker2 (1)
ag__finish_round_renew round10 noworker (1)
ag__advance_round_normal round10 round11 void (1)
build_fences boar worker2 worker1 worker2 round11 (60)
collect_cook_animal boar act_sheep worker1 noworker worker2 round11 num2 num4 (60)
ag__finish_round_backhome round11 worker2 (1)
ag__finish_round_renew round11 noworker (1)
ag__harvest_collect_end round11 stage4 (1)
ag__harvest_feed round11 stage4 worker2 num4 num4 num0 (1)
ag__harvest_breed_end round11 stage4 (1)
Plan length: 66 step(s).
Plan cost: 1364
Bytes per state: 16
Search time: 49.5584s
Total time: 51.2334s
Solution found.
Peak memory: 517996 KB
Running single search parser
