INFO     Running translator.
INFO     translator input: ['domain.pddl', 'problem.pddl']
INFO     translator arguments: []
INFO     translator time limit: None
INFO     translator memory limit: None
INFO     callstring: /usr/bin/python /mnt/data_server/torralba/subdominization/training/data/training_agricola/code-70296b3db083/builds/release32/bin/translate/translate.py domain.pddl problem.pddl
Parsing...
Parsing: [0.030s CPU, 0.042s wall-clock]
Normalizing task... [0.000s CPU, 0.001s wall-clock]
Instantiating...
Generating Datalog program... [0.000s CPU, 0.005s wall-clock]
Normalizing Datalog program...
Normalizing Datalog program: [0.020s CPU, 0.031s wall-clock]
Preparing model... [0.010s CPU, 0.015s wall-clock]
Generated 258 rules.
Computing model... [0.970s CPU, 0.964s wall-clock]
24375 relevant atoms
1408 auxiliary atoms
25783 final queue length
91247 total queue pushes
Completing instantiation... [5.410s CPU, 5.430s wall-clock]
Instantiating: [6.420s CPU, 6.511s wall-clock]
Computing fact groups...
Finding invariants...
44 initial candidates
Finding invariants: [0.120s CPU, 0.123s wall-clock]
Checking invariant weight... [0.000s CPU, 0.000s wall-clock]
Instantiating groups... [0.000s CPU, 0.002s wall-clock]
Collecting mutex groups... [0.000s CPU, 0.000s wall-clock]
Choosing groups...
104 uncovered facts
Choosing groups: [0.000s CPU, 0.000s wall-clock]
Building translation key... [0.000s CPU, 0.001s wall-clock]
Computing fact groups: [0.120s CPU, 0.129s wall-clock]
Building STRIPS to SAS dictionary... [0.000s CPU, 0.000s wall-clock]
Building dictionary for full mutex groups... [0.010s CPU, 0.000s wall-clock]
Building mutex information...
Building mutex information: [0.000s CPU, 0.000s wall-clock]
Translating task...
Processing axioms...
Simplifying axioms... [0.000s CPU, 0.000s wall-clock]
Processing axioms: [0.170s CPU, 0.176s wall-clock]
Translating task: [3.750s CPU, 3.771s wall-clock]
25471 effect conditions simplified
0 implied preconditions added
Detecting unreachable propositions...
0 operators removed
0 axioms removed
34 propositions removed
Detecting unreachable propositions: [2.180s CPU, 2.196s wall-clock]
Translator variables: 99
Translator derived variables: 0
Translator facts: 221
Translator goal facts: 1
Translator mutex groups: 6
Translator total mutex groups size: 35
Translator operators: 23763
Translator axioms: 0
Translator task size: 267317
Translator peak memory: 289260 KB
Writing output... [0.550s CPU, 0.638s wall-clock]
Done! [13.180s CPU, 13.415s wall-clock]
INFO     Running preprocessor (release32).
INFO     preprocessor input: output.sas
INFO     preprocessor arguments: []
INFO     preprocessor time limit: None
INFO     preprocessor memory limit: None
INFO     callstring: /mnt/data_server/torralba/subdominization/training/data/training_agricola/code-70296b3db083/builds/release32/bin/preprocess < output.sas
Building causal graph...
The causal graph is not acyclic.
93 variables of 99 necessary
0 of 6 mutex groups necessary.
23763 of 23763 operators necessary.
0 of 0 axiom rules necessary.
Initializing mutex computation...
Mutex computation initialized with 209 fluents.
iteration for mutex detection and operator pruning
Initialize m_index fw
Initialized mvalues forward: reached=8649, notReached=34536, spurious=496
Initialize m_ops fw
Computing mutexes...
Mutex computation finished with reached=38495, notReached=4690, spurious=496
16644 operators are spurious because were not triggered
Unreachable proposition: Atom harvest_phase(stage4, harvest_feeding)
Unreachable proposition: Atom harvest_phase(stage4, harvest_breeding)
H^2 mutexes added fw: 3862, unreachable: 2
0 of 7119 operators detected as spurious
iteration for mutex detection and operator pruning
Initialize m_index bw
Init values regression
Initialized mvalues backward: reached=25431, notReached=13064, spurious=5186
Initialize m_ops bw
Computing mutexes...
Mutex computation finished with reached=38473, notReached=22, spurious=5186
0 operators are spurious because were not triggered
H^2 mutexes added bw: 22, unreachable: 0
0 of 7119 operators detected as spurious
iteration for mutex detection and operator pruning
Initialize m_index fw
Initialized mvalues forward: reached=8649, notReached=29824, spurious=5208
Initialize m_ops fw
Computing mutexes...
Mutex computation finished with reached=38473, notReached=0, spurious=5208
0 operators are spurious because were not triggered
H^2 mutexes added fw: 0, unreachable: 0
0 of 7119 operators detected as spurious
Total mutex and disambiguation time: 3.29625 iterations: 3
1942 of 1942 mutex groups necessary.
7119 of 23763 operators necessary.
0 of 0 axiom rules necessary.
Change id of operators: 7119
Change id of mutexes
Change id of goals
Change id of initial state
Remove unreachable facts from variables: 93
1942 of 1942 mutex groups necessary.
7119 of 7119 operators necessary.
0 of 0 axiom rules necessary.
Updating causal graph and pruning unnecessary facts
91 variables of 93 of 99 necessary
The causal graph is not acyclic.
90 variables of 91 necessary
1891 of 1942 mutex groups necessary.
7119 of 7119 operators necessary.
0 of 0 axiom rules necessary.
Building domain transition graphs...
solveable in poly time 0
Building successor generator...
Preprocessor variables: 90
Preprocessor facts: 203
Preprocessor derived variables: 0
Preprocessor operators: 7119
Preprocessor mutex groups: 1891
Preprocessor task size: 77193
Writing output...
Preprocessor time: 4.18234s
Preprocessor peak memory: 55704 KB
done
INFO     Running search (release32).
INFO     search input: output
INFO     search arguments: ['--search', 'sbw(store_operators_in_optimal_plan=true, cost_type=1)']
INFO     search time limit: 3600s
INFO     search memory limit: 4096 MB
INFO     search executable: /mnt/data_server/torralba/subdominization/training/data/training_agricola/code-70296b3db083/builds/release32/bin/downward
INFO     callstring: /mnt/data_server/torralba/subdominization/training/data/training_agricola/code-70296b3db083/builds/release32/bin/downward --search 'sbw(store_operators_in_optimal_plan=true, cost_type=1)' --internal-plan-file sas_plan < output
time limit 3600.00 -> (3600, 3601)
reading input... [t=0.000123665s]
done reading input! [t=0.112527s]
packing state variables...done! [t=0.112568s]
Variables: 90
FactPairs: 203
Bytes per state: 16
Building successor generator...done! [t=0.1486s]
done initalizing global data [t=0.148626s]
TR(time=60000, nodes=100000)
Mutex(time=60000, nodes=100000, type=edeletion)
Aux(time=2000, nodes=1000000)
Disj(nodes=2147483647)
Estimation: min_time(1000) time_penalty +(1000)*(2) nodes_penalty +(1000)*(2)
MaxStep(time=30000, nodes=100000000, nodes_per_planning_second=100)
Ratio useful: 0
   Min alloted time: 60000 nodes: 10000000
   Max alloted time: 60000 nodes: 15000000
   Mult alloted time: 2 nodes: 2
   Ratio after relax: 0.8
building causal graph...done! [t=0.0114347s]
Sym variable order: 4 13 17 18 15 16 12 24 26 36 19 38 37 40 35 33 34 82 81 51 49 50 48 83 59 72 54 55 65 71 70 86 22 25 9 67 66 74 73 87 27 28 29 30 41 61 63 39 31 32 23 60 21 20 69 68 62 64 53 57 56 58 88 79 78 80 52 85 84 3 2 11 10 0 8 1 7 14 76 75 77 44 43 42 47 46 45 6 5 89 
Initializing Symbolic Variables
Num variables: 90 => 100
Initialize Symbolic Manager(200, 80000, 16000000, 0)
Generating binary variables
Symbolic Variables... Done.
BOUND: 1 < 2147483647, total time: 2.06794s
BOUND: 2 < 2147483647, total time: 2.08048s
BOUND: 3 < 2147483647, total time: 2.0831s
BOUND: 4 < 2147483647, total time: 2.08534s
BOUND: 5 < 2147483647, total time: 2.08797s
BOUND: 6 < 2147483647, total time: 2.09129s
BOUND: 7 < 2147483647, total time: 2.10044s
BOUND: 8 < 2147483647, total time: 2.15882s
BOUND: 9 < 2147483647, total time: 2.30994s
BOUND: 10 < 2147483647, total time: 2.53668s
BOUND: 11 < 2147483647, total time: 2.73355s
BOUND: 12 < 2147483647, total time: 2.87524s
BOUND: 13 < 2147483647, total time: 2.95334s
BOUND: 14 < 2147483647, total time: 3.08223s
BOUND: 15 < 2147483647, total time: 3.33101s
BOUND: 16 < 2147483647, total time: 3.67246s
BOUND: 17 < 2147483647, total time: 4.00808s
BOUND: 18 < 2147483647, total time: 4.23124s
BOUND: 19 < 2147483647, total time: 4.36035s
BOUND: 20 < 2147483647, total time: 4.40872s
BOUND: 21 < 2147483647, total time: 4.43561s
BOUND: 22 < 2147483647, total time: 4.4715s
BOUND: 23 < 2147483647, total time: 4.51974s
BOUND: 24 < 2147483647, total time: 4.59618s
BOUND: 25 < 2147483647, total time: 4.70243s
BOUND: 26 < 2147483647, total time: 4.84133s
BOUND: 27 < 2147483647, total time: 4.96443s
BOUND: 28 < 2147483647, total time: 5.06085s
BOUND: 29 < 2147483647, total time: 5.14653s
BOUND: 30 < 2147483647, total time: 5.2435s
BOUND: 31 < 2147483647, total time: 5.33798s
BOUND: 32 < 2147483647, total time: 5.42183s
BOUND: 33 < 2147483647, total time: 5.50331s
BOUND: 34 < 2147483647, total time: 5.57357s
BOUND: 35 < 2147483647, total time: 5.65128s
BOUND: 36 < 2147483647, total time: 5.73138s
BOUND: 37 < 2147483647, total time: 5.79375s
BOUND: 38 < 2147483647, total time: 5.83151s
BOUND: 39 < 2147483647, total time: 5.86701s
BOUND: 40 < 2147483647, total time: 5.91962s
BOUND: 41 < 2147483647, total time: 5.98197s
BOUND: 42 < 2147483647, total time: 6.03194s
BOUND: 43 < 2147483647, total time: 6.07414s
BOUND: 44 < 2147483647, total time: 6.10205s
BOUND: 45 < 2147483647, total time: 6.13233s
BOUND: 46 < 2147483647, total time: 6.16056s
BOUND: 47 < 2147483647, total time: 6.18865s
BOUND: 48 < 2147483647, total time: 6.21542s
BOUND: 49 < 2147483647, total time: 6.24395s
BOUND: 50 < 2147483647, total time: 6.27912s
BOUND: 51 < 2147483647, total time: 6.32035s
BOUND: 52 < 2147483647, total time: 6.36432s
BOUND: 53 < 2147483647, total time: 6.40499s
Solution found with cost 53 total time: 6.43103s
Merging: 1
53 6.97634 1 101
Merging: 8
52 6.99736 1 308
Merging: 8
51 7.05089 1 261
Merging: 1
50 7.0962 1 261
Merging: 5
49 7.13473 1 122
Merging: 1
48 7.16121 1 122
Merging: 8
47 7.19041 1 418
Merging: 8
46 7.25861 1 352
Merging: 1
45 7.30749 1 352
Merging: 5
44 7.35796 1 144
Merging: 1
43 7.38716 1 144
Merging: 12
42 7.42134 1 534
Merging: 12
41 7.50866 1 447
Merging: 1
40 7.56537 1 447
Merging: 5
39 7.62477 1 169
Merging: 1
38 7.65594 1 169
Merging: 15
37 7.69364 1 797
Merging: 15
36 7.80525 1 683
Merging: 1
35 7.86867 1 683
Merging: 5
34 7.93072 1 201
Merging: 1
33 7.96736 1 201
Merging: 1
32 8.00328 1 201
Merging: 1
31 8.0389 1 201
Merging: 1
30 8.0745 1 201
Merging: 21
29 8.11402 1 1258
Merging: 21
28 8.25396 1 1111
Merging: 1
27 8.33375 1 1111
Merging: 5
26 8.41914 1 260
Merging: 1
25 8.4539 1 260
Merging: 24
24 8.49882 1 1687
Merging: 24
23 8.66542 1 1501
Merging: 1
22 8.74736 1 1501
Merging: 5
21 8.83425 1 359
Merging: 1
20 8.86972 1 359
Merging: 24
19 8.91486 1 2036
Merging: 24
18 9.08706 1 1793
Merging: 1
17 9.17098 1 1793
Merging: 5
16 9.25773 1 426
Merging: 1
15 9.29817 1 426
Merging: 1
14 9.33795 1 426
Merging: 1
13 9.37804 1 426
Merging: 1
12 9.41779 1 426
Merging: 25
11 9.46708 1 1909
Merging: 34
10 9.62967 1 2072
Merging: 1
9 9.74047 1 2072
Merging: 5
8 9.85923 1 524
Merging: 1
7 9.89387 1 524
Merging: 52
6 9.94878 1 2248
Merging: 52
5 10.1463 1 3504
Merging: 1
4 10.3056 1 3504
Merging: 5
3 10.472 1 504
Merging: 1
2 10.5141 1 504
Merging: 5
1 10.5558 1 476
BOUND: 53 < 53, total time: 10.5975s
Actual search time: 8.53047s [t=10.5984s]
collect_resource worker2 worker1 worker2 round1 act_clay clay (60)
take_food worker1 noworker worker2 round1 num1 num2 (60)
ag__finish_round_backhome round1 worker2 (1)
ag__finish_round_renew round1 noworker (1)
ag__advance_round_normal round1 round2 act_family (1)
collect_resource worker2 worker1 worker2 round2 act_clay clay (60)
take_food worker1 noworker worker2 round2 num2 num3 (60)
ag__finish_round_backhome round2 worker2 (1)
ag__finish_round_renew round2 noworker (1)
ag__advance_round_normal round2 round3 act_sheep (1)
collect_resource worker2 worker1 worker2 round3 act_clay clay (60)
take_food worker1 noworker worker2 round3 num3 num4 (60)
ag__finish_round_backhome round3 worker2 (1)
ag__finish_round_renew round3 noworker (1)
ag__advance_round_normal round3 round4 act_fences (1)
build_fences boar worker2 worker1 worker2 round4 (60)
take_food worker1 noworker worker2 round4 num4 num5 (60)
ag__finish_round_backhome round4 worker2 (1)
ag__finish_round_renew round4 noworker (1)
ag__harvest_collect_end round4 stage1 (1)
ag__harvest_feed round4 stage1 worker2 num5 num4 num1 (1)
ag__harvest_breed_end round4 stage1 (1)
ag__finish_stage stage1 stage2 round4 round5 act_boar (1)
build_fences boar worker2 worker1 worker2 round5 (60)
take_food worker1 noworker worker2 round5 num1 num2 (60)
ag__finish_round_backhome round5 worker2 (1)
ag__finish_round_renew round5 noworker (1)
ag__advance_round_normal round5 round6 act_cattle (1)
build_fences boar worker2 worker1 worker2 round6 (60)
take_food worker1 noworker worker2 round6 num2 num3 (60)
ag__finish_round_backhome round6 worker2 (1)
ag__finish_round_renew round6 noworker (1)
ag__advance_round_normal round6 round7 act_carrot (1)
build_fences boar worker2 worker1 worker2 round7 (60)
take_food worker1 noworker worker2 round7 num3 num4 (60)
ag__finish_round_backhome round7 worker2 (1)
ag__finish_round_renew round7 noworker (1)
ag__harvest_collect_end round7 stage2 (1)
ag__harvest_feed round7 stage2 worker2 num4 num4 num0 (1)
ag__harvest_breed_end round7 stage2 (1)
ag__finish_stage stage2 stage3 round7 round8 act_improve (1)
collect_resource worker2 worker1 worker2 round8 act_stone stone (60)
improve_home worker1 noworker worker2 round8 fireplace (60)
ag__finish_round_backhome round8 worker2 (1)
ag__finish_round_renew round8 noworker (1)
ag__advance_round_normal round8 round9 void (1)
collect_cook_animal boar act_boar worker2 worker1 worker2 round9 num0 num2 (60)
collect_cook_animal boar act_cattle worker1 noworker worker2 round9 num2 num4 (60)
ag__finish_round_backhome round9 worker2 (1)
ag__finish_round_renew round9 noworker (1)
ag__harvest_collect_end round9 stage3 (1)
ag__harvest_feed round9 stage3 worker2 num4 num4 num0 (1)
ag__harvest_breed_end round9 stage3 (1)
Plan length: 53 step(s).
Plan cost: 1115
Bytes per state: 16
Search time: 9.11691s
Total time: 10.5985s
Solution found.
Peak memory: 358056 KB
Running single search parser
