INFO     Running translator.
INFO     translator input: ['domain.pddl', 'problem.pddl']
INFO     translator arguments: ['--grounding-action-queue-ordering', 'fifo']
INFO     translator time limit: 1799.92s
INFO     translator memory limit: 4096 MB
INFO     callstring: /usr/bin/python3 /mnt/data_server/gnad/lab-data/subdominization/old_servers/f24b670/fifo-relaxed-solvable-plus-x/code-f24b670501a4/builds/release32/bin/translate/translate.py domain.pddl problem.pddl --grounding-action-queue-ordering fifo
time limit 1799.92 -> (1800, 1801)
Parsing...
Parsing: [0.010s CPU, 0.040s wall-clock]
Normalizing task... [0.000s CPU, 0.001s wall-clock]
Instantiating...
Generating Datalog program... [0.020s CPU, 0.006s wall-clock]
Normalizing Datalog program...
Normalizing Datalog program: [0.020s CPU, 0.027s wall-clock]
Preparing model... [0.020s CPU, 0.017s wall-clock]
Generated 285 rules.
Using FIFO priority queue for actions.
using default termination condition, i.e. grounding all actions.
Computing model... [1.230s CPU, 1.245s wall-clock]
no statistics available
15960 relevant atoms
4265 auxiliary atoms
15121 actions instantiated
20225 final queue length
142755 total queue pushes
Completing instantiation... [3.620s CPU, 3.646s wall-clock]
Instantiating: [4.920s CPU, 4.947s wall-clock]
Computing fact groups...
Finding invariants...
37 initial candidates
Finding invariants: [0.100s CPU, 0.098s wall-clock]
Checking invariant weight... [0.000s CPU, 0.000s wall-clock]
Instantiating groups... [0.000s CPU, 0.000s wall-clock]
Collecting mutex groups... [0.000s CPU, 0.000s wall-clock]
Choosing groups...
322 uncovered facts
Choosing groups: [0.000s CPU, 0.000s wall-clock]
Building translation key... [0.000s CPU, 0.003s wall-clock]
Computing fact groups: [0.120s CPU, 0.107s wall-clock]
Building STRIPS to SAS dictionary... [0.000s CPU, 0.001s wall-clock]
Building dictionary for full mutex groups... [0.000s CPU, 0.001s wall-clock]
Building mutex information...
Building mutex information: [0.000s CPU, 0.001s wall-clock]
Translating task...
Processing axioms...
Simplifying axioms... [0.000s CPU, 0.000s wall-clock]
Processing axioms: [0.120s CPU, 0.121s wall-clock]
Translating task: [2.960s CPU, 2.981s wall-clock]
0 effect conditions simplified
0 implied preconditions added
Detecting unreachable propositions...
0 operators removed
0 axioms removed
60 propositions removed
Detecting unreachable propositions: [1.230s CPU, 1.229s wall-clock]
Reordering and filtering variables...
218 of 292 variables necessary.
0 of 0 mutex groups necessary.
7796 of 7946 operators necessary.
0 of 0 axiom rules necessary.
Reordering and filtering variables: [0.780s CPU, 0.788s wall-clock]
Translator variables: 218
Translator derived variables: 0
Translator facts: 436
Translator goal facts: 4
Translator mutex groups: 0
Translator total mutex groups size: 0
Translator operators: 7796
Translator axioms: 0
Translator task size: 193357
Translator peak memory: 1241540 KB
Writing output... [0.650s CPU, 0.694s wall-clock]
Done! [10.730s CPU, 10.846s wall-clock]
INFO     Running search (release32).
INFO     search input: output.sas
INFO     search arguments: ['--heuristic', 'hlm,hff=lm_ff_syn(lm_rhw(reasonable_orders=true,lm_cost_type=one),transform=adapt_costs(one))', '--search', 'lazy_greedy([hff,hlm],preferred=[hff,hlm],cost_type=one,reopen_closed=false)']
INFO     search time limit: 1787.64s
INFO     search memory limit: 4096 MB
INFO     search executable: /mnt/data_server/gnad/lab-data/subdominization/old_servers/f24b670/fifo-relaxed-solvable-plus-x/code-f24b670501a4/builds/release32/bin/downward
INFO     callstring: /mnt/data_server/gnad/lab-data/subdominization/old_servers/f24b670/fifo-relaxed-solvable-plus-x/code-f24b670501a4/builds/release32/bin/downward --heuristic 'hlm,hff=lm_ff_syn(lm_rhw(reasonable_orders=true,lm_cost_type=one),transform=adapt_costs(one))' --search 'lazy_greedy([hff,hlm],preferred=[hff,hlm],cost_type=one,reopen_closed=false)' --internal-plan-file sas_plan < output.sas
time limit 1787.64 -> (1788, 1789)
reading input... [t=0.000112961s]
done reading input! [t=0.234515s]
packing state variables...done! [t=0.234577s]
Variables: 218
FactPairs: 436
Bytes per state: 28
Building successor generator...done! [t=0.251474s]
peak memory difference for root successor generator creation: 2488 KB
time for root successor generation creation: 0.0167901s
done initializing global data [t=0.251579s]
Initializing Exploration...
Initializing landmarks count heuristic...
Generating landmarks using the RPG/SAS+ approach
approx. reasonable orders
approx. obedient reasonable orders
Removed 0 reasonable or obedient reasonable orders
Landmarks generation time: 0.471311s
Discovered 52 landmarks, of which 0 are disjunctive and 0 are conjunctive 
160 edges
Initializing LAMA-FF synergy object
Conducting lazy best first search, (real) bound = 2147483647
28 initial landmarks, 4 goal landmarks
Switch from bucket-based to heap-based queue at key = 699, num_pushes = 322
New best heuristic value for <missing>: 24
New best heuristic value for <missing>: 24
[g=0, 1 evaluated, 0 expanded, t=0.782475s, 24160 KB]
Initial heuristic value for <missing>: 24
Initial heuristic value for <missing>: 24
New best heuristic value for <missing>: 22
[g=1, 2 evaluated, 1 expanded, t=0.787867s, 24160 KB]
New best heuristic value for <missing>: 17
[g=2, 3 evaluated, 2 expanded, t=0.793212s, 24160 KB]
New best heuristic value for <missing>: 15
New best heuristic value for <missing>: 23
[g=3, 4 evaluated, 3 expanded, t=0.798523s, 24160 KB]
New best heuristic value for <missing>: 11
New best heuristic value for <missing>: 21
[g=4, 5 evaluated, 4 expanded, t=0.803861s, 24160 KB]
New best heuristic value for <missing>: 20
[g=5, 6 evaluated, 5 expanded, t=0.809125s, 24160 KB]
New best heuristic value for <missing>: 10
[g=5, 8 evaluated, 7 expanded, t=0.819626s, 24160 KB]
New best heuristic value for <missing>: 18
[g=6, 10 evaluated, 9 expanded, t=0.83005s, 24160 KB]
New best heuristic value for <missing>: 9
[g=6, 18 evaluated, 17 expanded, t=0.871006s, 24160 KB]
New best heuristic value for <missing>: 17
[g=7, 20 evaluated, 19 expanded, t=0.881571s, 24160 KB]
New best heuristic value for <missing>: 8
[g=7, 25 evaluated, 24 expanded, t=0.907639s, 24160 KB]
New best heuristic value for <missing>: 16
[g=8, 31 evaluated, 30 expanded, t=0.938888s, 24160 KB]
New best heuristic value for <missing>: 7
[g=8, 32 evaluated, 31 expanded, t=0.944294s, 24160 KB]
New best heuristic value for <missing>: 15
[g=10, 56 evaluated, 55 expanded, t=1.06671s, 24160 KB]
New best heuristic value for <missing>: 14
[g=11, 57 evaluated, 56 expanded, t=1.0718s, 24160 KB]
New best heuristic value for <missing>: 13
[g=12, 63 evaluated, 62 expanded, t=1.10231s, 24160 KB]
New best heuristic value for <missing>: 12
[g=13, 65 evaluated, 64 expanded, t=1.11241s, 24160 KB]
New best heuristic value for <missing>: 6
[g=14, 69 evaluated, 68 expanded, t=1.13233s, 24160 KB]
New best heuristic value for <missing>: 5
New best heuristic value for <missing>: 9
[g=15, 70 evaluated, 69 expanded, t=1.1373s, 24160 KB]
New best heuristic value for <missing>: 2
[g=16, 73 evaluated, 72 expanded, t=1.15167s, 24160 KB]
New best heuristic value for <missing>: 8
[g=17, 80 evaluated, 78 expanded, t=1.18484s, 24160 KB]
New best heuristic value for <missing>: 7
[g=17, 82 evaluated, 79 expanded, t=1.19432s, 24160 KB]
New best heuristic value for <missing>: 5
[g=18, 87 evaluated, 82 expanded, t=1.21748s, 24160 KB]
New best heuristic value for <missing>: 4
[g=19, 91 evaluated, 85 expanded, t=1.236s, 24160 KB]
New best heuristic value for <missing>: 1
New best heuristic value for <missing>: 3
[g=20, 93 evaluated, 86 expanded, t=1.24525s, 24160 KB]
New best heuristic value for <missing>: 1
[g=21, 95 evaluated, 88 expanded, t=1.25387s, 24160 KB]
Solution found!
Actual search time: 0.477574s [t=1.25466s]
get_domain id_btrat id_rhost str__x (1)
creds id_btrat id_rhost id_adomain (1)
get_admin id_btrat id_rhost id_adomain (1)
get_computers id_btrat id_adomain (1)
get_admin id_btrat id_bfhost id_adomain (1)
get_admin id_btrat id_bmhost id_adomain (1)
get_admin id_btrat id_khost id_adomain (1)
get_admin id_btrat id_yhost id_adomain (1)
net_use id_btrat id_rhost id_bmhost str__bs id_ddomaincredential str__e id_cdomainuser str__james id_adomain str__alpha id_byshare (1)
smb_copy id_btrat id_rhost str__bu id_byshare id_rhost id_bmhost whatever id_ccfile (1)
net_use id_btrat id_rhost id_bfhost str__bl id_ddomaincredential str__e id_cdomainuser str__james id_adomain str__alpha id_bzshare (1)
smb_copy id_btrat id_rhost str__bu id_bzshare id_rhost id_bfhost whatever id_cdfile (1)
net_use id_btrat id_rhost id_bfhost str__bl id_ddomaincredential str__e id_cdomainuser str__james id_adomain str__alpha id_bvshare (1)
wmic id_btrat id_rhost id_bfhost id_cdfile somepath id_ddomaincredential id_cdomainuser id_adomain str__alpha str__e id_chrat (1)
wmic id_chrat id_bfhost id_bmhost id_ccfile somepath id_ddomaincredential id_cdomainuser id_adomain str__alpha str__e id_cgrat (1)
creds id_cgrat id_bmhost id_adomain (1)
net_use id_btrat id_rhost id_yhost str__be id_hdomaincredential str__i id_gdomainuser str__mary id_adomain str__alpha id_bxshare (1)
net_use id_btrat id_rhost id_khost str__q id_hdomaincredential str__i id_gdomainuser str__mary id_adomain str__alpha id_bwshare (1)
smb_copy id_btrat id_rhost str__bu id_bwshare id_rhost id_khost whatever id_cbfile (1)
wmic id_chrat id_bfhost id_khost id_cbfile somepath id_hdomaincredential id_gdomainuser id_adomain str__alpha str__i id_cjrat (1)
smb_copy id_btrat id_rhost str__bu id_bxshare id_rhost id_yhost whatever id_cefile (1)
wmic id_chrat id_bfhost id_yhost id_cefile somepath id_hdomaincredential id_gdomainuser id_adomain str__alpha str__i id_cfrat (1)
Plan length: 22 step(s).
Plan cost: 22
Expanded 89 state(s).
Reopened 0 state(s).
Evaluated 96 state(s).
Evaluations: 192
Generated 2936 state(s).
Dead ends: 6 state(s).
Number of registered states: 96
Search time: 0.477605s
Total time: 1.25467s
Solution found.
Peak memory: 24160 KB
Running single search parser
2018-07-26 05:16:33,300 ERROR    Pattern search time limit: (\d+)s not found in /mnt/data_server/gnad/lab-data/subdominization/old_servers/f24b670/fifo-relaxed-solvable-plus-x/runs-00001-00100/00076/run.log
