INFO     Running translator.
INFO     translator input: ['domain.pddl', 'problem.pddl']
INFO     translator arguments: []
INFO     translator time limit: None
INFO     translator memory limit: None
INFO     callstring: /usr/bin/python /mnt/data_server/torralba/subdominization/training/data/training_satellite/code-70296b3db083/builds/release32/bin/translate/translate.py domain.pddl problem.pddl
Parsing...
Parsing: [0.000s CPU, 0.027s wall-clock]
Normalizing task... [0.000s CPU, 0.000s wall-clock]
Instantiating...
Generating Datalog program... [0.000s CPU, 0.001s wall-clock]
Normalizing Datalog program...
Normalizing Datalog program: [0.010s CPU, 0.007s wall-clock]
Preparing model... [0.000s CPU, 0.003s wall-clock]
Generated 31 rules.
Computing model... [0.030s CPU, 0.033s wall-clock]
1040 relevant atoms
490 auxiliary atoms
1530 final queue length
2223 total queue pushes
Completing instantiation... [0.040s CPU, 0.043s wall-clock]
Instantiating: [0.080s CPU, 0.093s wall-clock]
Computing fact groups...
Finding invariants...
12 initial candidates
Finding invariants: [0.010s CPU, 0.003s wall-clock]
Checking invariant weight... [0.000s CPU, 0.000s wall-clock]
Instantiating groups... [0.000s CPU, 0.000s wall-clock]
Collecting mutex groups... [0.000s CPU, 0.000s wall-clock]
Choosing groups...
54 uncovered facts
Choosing groups: [0.000s CPU, 0.000s wall-clock]
Building translation key... [0.000s CPU, 0.001s wall-clock]
Computing fact groups: [0.010s CPU, 0.006s wall-clock]
Building STRIPS to SAS dictionary... [0.000s CPU, 0.000s wall-clock]
Building dictionary for full mutex groups... [0.000s CPU, 0.000s wall-clock]
Building mutex information...
Building mutex information: [0.000s CPU, 0.000s wall-clock]
Translating task...
Processing axioms...
Simplifying axioms... [0.000s CPU, 0.000s wall-clock]
Processing axioms: [0.000s CPU, 0.002s wall-clock]
Translating task: [0.050s CPU, 0.046s wall-clock]
42 effect conditions simplified
0 implied preconditions added
Detecting unreachable propositions...
0 operators removed
0 axioms removed
4 propositions removed
Detecting unreachable propositions: [0.020s CPU, 0.026s wall-clock]
Translator variables: 58
Translator derived variables: 0
Translator facts: 152
Translator goal facts: 3
Translator mutex groups: 4
Translator total mutex groups size: 44
Translator operators: 739
Translator axioms: 0
Translator task size: 3029
Translator peak memory: 46648 KB
Writing output... [0.010s CPU, 0.014s wall-clock]
Done! [0.170s CPU, 0.215s wall-clock]
INFO     Running preprocessor (release32).
INFO     preprocessor input: output.sas
INFO     preprocessor arguments: []
INFO     preprocessor time limit: None
INFO     preprocessor memory limit: None
INFO     callstring: /mnt/data_server/torralba/subdominization/training/data/training_satellite/code-70296b3db083/builds/release32/bin/preprocess < output.sas
Building causal graph...
The causal graph is not acyclic.
36 variables of 58 necessary
0 of 4 mutex groups necessary.
509 of 739 operators necessary.
0 of 0 axiom rules necessary.
Initializing mutex computation...
Mutex computation initialized with 108 fluents.
iteration for mutex detection and operator pruning
Initialize m_index fw
Initialized mvalues forward: reached=1296, notReached=9864, spurious=504
Initialize m_ops fw
Computing mutexes...
Mutex computation finished with reached=11096, notReached=64, spurious=504
0 operators are spurious because were not triggered
H^2 mutexes added fw: 64, unreachable: 0
0 of 509 operators detected as spurious
iteration for mutex detection and operator pruning
Initialize m_index bw
Init values regression
Initialized mvalues backward: reached=7223, notReached=3873, spurious=568
Initialize m_ops bw
Computing mutexes...
Mutex computation finished with reached=11096, notReached=0, spurious=568
0 operators are spurious because were not triggered
H^2 mutexes added bw: 0, unreachable: 0
0 of 509 operators detected as spurious
Total mutex and disambiguation time: 0.020225 iterations: 2
32 of 32 mutex groups necessary.
509 of 509 operators necessary.
0 of 0 axiom rules necessary.
Change id of operators: 509
Change id of mutexes
Change id of goals
Change id of initial state
Remove unreachable facts from variables: 36
32 of 32 mutex groups necessary.
509 of 509 operators necessary.
0 of 0 axiom rules necessary.
Updating causal graph and pruning unnecessary facts
36 variables of 36 of 58 necessary
The causal graph is not acyclic.
36 variables of 36 necessary
32 of 32 mutex groups necessary.
509 of 509 operators necessary.
0 of 0 axiom rules necessary.
Building domain transition graphs...
solveable in poly time 0
Building successor generator...
Preprocessor variables: 36
Preprocessor facts: 108
Preprocessor derived variables: 0
Preprocessor operators: 509
Preprocessor mutex groups: 32
Preprocessor task size: 1833
Writing output...
Preprocessor time: 0.0389025s
Preprocessor peak memory: 2400 KB
done
INFO     Running search (release32).
INFO     search input: output
INFO     search arguments: ['--search', 'sbd(store_operators_in_optimal_plan=true, cost_type=1)']
INFO     search time limit: 3600s
INFO     search memory limit: 4096 MB
INFO     search executable: /mnt/data_server/torralba/subdominization/training/data/training_satellite/code-70296b3db083/builds/release32/bin/downward
INFO     callstring: /mnt/data_server/torralba/subdominization/training/data/training_satellite/code-70296b3db083/builds/release32/bin/downward --search 'sbd(store_operators_in_optimal_plan=true, cost_type=1)' --internal-plan-file sas_plan < output
time limit 3600.00 -> (3600, 3601)
reading input... [t=0.000125507s]
done reading input! [t=0.00416976s]
packing state variables...done! [t=0.00418723s]
Variables: 36
FactPairs: 108
Bytes per state: 8
Building successor generator...done! [t=0.00459919s]
done initalizing global data [t=0.00460589s]
TR(time=60000, nodes=100000)
Mutex(time=60000, nodes=100000, type=edeletion)
Aux(time=2000, nodes=1000000)
Disj(nodes=2147483647)
Estimation: min_time(1000) time_penalty +(1000)*(2) nodes_penalty +(1000)*(2)
MaxStep(time=30000, nodes=100000000, nodes_per_planning_second=100)
Ratio useful: 0
   Min alloted time: 60000 nodes: 10000000
   Max alloted time: 60000 nodes: 15000000
   Mult alloted time: 2 nodes: 2
   Ratio after relax: 0.8
building causal graph...done! [t=0.00016382s]
Sym variable order: 30 32 29 34 31 33 3 16 14 18 20 17 1 19 15 21 13 5 35 11 4 12 0 8 10 9 6 7 2 27 23 26 28 24 22 25 
Initializing Symbolic Variables
Num variables: 36 => 48
Initialize Symbolic Manager(96, 166666, 16000000, 0)
Generating binary variables
Symbolic Variables... Done.
BOUND: 1 < 2147483647, total time: 0.562919s
BOUND: 2 < 2147483647, total time: 0.563213s
BOUND: 3 < 2147483647, total time: 0.56371s
BOUND: 4 < 2147483647, total time: 0.564434s
BOUND: 5 < 2147483647, total time: 0.565003s
BOUND: 6 < 2147483647, total time: 0.565863s
Solution found with cost 6 total time: 0.566922s
Merging: 1
3 0.578796 1 102
Merging: 7
2 0.592788 1 102
Merging: 6
1 0.603903 1 85
Merging: 1
3 0.612566 1 102
Merging: 7
2 0.619485 1 92
Merging: 5
1 0.623679 1 77
BOUND: 6 < 6, total time: 0.627114s
Actual search time: 0.064497s [t=0.627457s]
turn_to satellite1 star9 star3 (1)
switch_on instrument0 satellite0 (1)
calibrate satellite0 instrument0 star3 (1)
turn_to satellite0 star10 star3 (1)
take_image satellite0 star10 instrument0 thermograph1 (1)
turn_to satellite3 groundstation7 star10 (1)
Plan length: 6 step(s).
Plan cost: 6
Bytes per state: 8
Search time: 0.0792846s
Total time: 0.627465s
Solution found.
Peak memory: 243788 KB
Running single search parser
