INFO     Running translator.
INFO     translator input: ['domain.pddl', 'problem.pddl']
INFO     translator arguments: []
INFO     translator time limit: None
INFO     translator memory limit: None
INFO     callstring: /usr/bin/python /mnt/data_server/torralba/subdominization/training/data/training_satellite/code-70296b3db083/builds/release32/bin/translate/translate.py domain.pddl problem.pddl
Parsing...
Parsing: [0.010s CPU, 0.015s wall-clock]
Normalizing task... [0.000s CPU, 0.000s wall-clock]
Instantiating...
Generating Datalog program... [0.000s CPU, 0.001s wall-clock]
Normalizing Datalog program...
Normalizing Datalog program: [0.000s CPU, 0.215s wall-clock]
Preparing model... [0.010s CPU, 0.002s wall-clock]
Generated 31 rules.
Computing model... [0.030s CPU, 0.028s wall-clock]
970 relevant atoms
218 auxiliary atoms
1188 final queue length
1827 total queue pushes
Completing instantiation... [0.040s CPU, 0.050s wall-clock]
Instantiating: [0.080s CPU, 0.410s wall-clock]
Computing fact groups...
Finding invariants...
12 initial candidates
Finding invariants: [0.010s CPU, 0.003s wall-clock]
Checking invariant weight... [0.000s CPU, 0.000s wall-clock]
Instantiating groups... [0.000s CPU, 0.000s wall-clock]
Collecting mutex groups... [0.000s CPU, 0.000s wall-clock]
Choosing groups...
80 uncovered facts
Choosing groups: [0.000s CPU, 0.000s wall-clock]
Building translation key... [0.000s CPU, 0.001s wall-clock]
Computing fact groups: [0.010s CPU, 0.007s wall-clock]
Building STRIPS to SAS dictionary... [0.000s CPU, 0.000s wall-clock]
Building dictionary for full mutex groups... [0.000s CPU, 0.000s wall-clock]
Building mutex information...
Building mutex information: [0.000s CPU, 0.000s wall-clock]
Translating task...
Processing axioms...
Simplifying axioms... [0.000s CPU, 0.000s wall-clock]
Processing axioms: [0.000s CPU, 0.002s wall-clock]
Translating task: [0.040s CPU, 0.042s wall-clock]
15 effect conditions simplified
0 implied preconditions added
Detecting unreachable propositions...
0 operators removed
0 axioms removed
2 propositions removed
Detecting unreachable propositions: [0.030s CPU, 0.024s wall-clock]
Translator variables: 82
Translator derived variables: 0
Translator facts: 194
Translator goal facts: 7
Translator mutex groups: 2
Translator total mutex groups size: 34
Translator operators: 715
Translator axioms: 0
Translator task size: 2791
Translator peak memory: 46644 KB
Writing output... [0.010s CPU, 0.043s wall-clock]
Done! [0.180s CPU, 0.544s wall-clock]
INFO     Running preprocessor (release32).
INFO     preprocessor input: output.sas
INFO     preprocessor arguments: []
INFO     preprocessor time limit: None
INFO     preprocessor memory limit: None
INFO     callstring: /mnt/data_server/torralba/subdominization/training/data/training_satellite/code-70296b3db083/builds/release32/bin/preprocess < output.sas
Building causal graph...
The causal graph is not acyclic.
20 variables of 82 necessary
0 of 2 mutex groups necessary.
575 of 715 operators necessary.
0 of 0 axiom rules necessary.
Initializing mutex computation...
Mutex computation initialized with 70 fluents.
iteration for mutex detection and operator pruning
Initialize m_index fw
Initialized mvalues forward: reached=400, notReached=3920, spurious=580
Initialize m_ops fw
Computing mutexes...
Mutex computation finished with reached=4302, notReached=18, spurious=580
0 operators are spurious because were not triggered
H^2 mutexes added fw: 18, unreachable: 0
0 of 575 operators detected as spurious
iteration for mutex detection and operator pruning
Initialize m_index bw
Init values regression
Initialized mvalues backward: reached=1990, notReached=2312, spurious=598
Initialize m_ops bw
Computing mutexes...
Mutex computation finished with reached=4302, notReached=0, spurious=598
0 operators are spurious because were not triggered
H^2 mutexes added bw: 0, unreachable: 0
0 of 575 operators detected as spurious
Total mutex and disambiguation time: 0.013613 iterations: 2
9 of 9 mutex groups necessary.
575 of 575 operators necessary.
0 of 0 axiom rules necessary.
Change id of operators: 575
Change id of mutexes
Change id of goals
Change id of initial state
Remove unreachable facts from variables: 20
9 of 9 mutex groups necessary.
575 of 575 operators necessary.
0 of 0 axiom rules necessary.
Updating causal graph and pruning unnecessary facts
20 variables of 20 of 82 necessary
The causal graph is not acyclic.
20 variables of 20 necessary
9 of 9 mutex groups necessary.
575 of 575 operators necessary.
0 of 0 axiom rules necessary.
Building domain transition graphs...
solveable in poly time 0
Building successor generator...
Preprocessor variables: 20
Preprocessor facts: 70
Preprocessor derived variables: 0
Preprocessor operators: 575
Preprocessor mutex groups: 9
Preprocessor task size: 1889
Writing output...
Preprocessor time: 0.0313042s
Preprocessor peak memory: 2400 KB
done
INFO     Running search (release32).
INFO     search input: output
INFO     search arguments: ['--search', 'sbd(store_operators_in_optimal_plan=true, cost_type=1)']
INFO     search time limit: 3600s
INFO     search memory limit: 4096 MB
INFO     search executable: /mnt/data_server/torralba/subdominization/training/data/training_satellite/code-70296b3db083/builds/release32/bin/downward
INFO     callstring: /mnt/data_server/torralba/subdominization/training/data/training_satellite/code-70296b3db083/builds/release32/bin/downward --search 'sbd(store_operators_in_optimal_plan=true, cost_type=1)' --internal-plan-file sas_plan < output
time limit 3600.00 -> (3600, 3601)
reading input... [t=0.000155347s]
done reading input! [t=0.00425468s]
packing state variables...done! [t=0.00426906s]
Variables: 20
FactPairs: 70
Bytes per state: 4
Building successor generator...done! [t=0.00459943s]
done initalizing global data [t=0.00460596s]
TR(time=60000, nodes=100000)
Mutex(time=60000, nodes=100000, type=edeletion)
Aux(time=2000, nodes=1000000)
Disj(nodes=2147483647)
Estimation: min_time(1000) time_penalty +(1000)*(2) nodes_penalty +(1000)*(2)
MaxStep(time=30000, nodes=100000000, nodes_per_planning_second=100)
Ratio useful: 0
   Min alloted time: 60000 nodes: 10000000
   Max alloted time: 60000 nodes: 15000000
   Mult alloted time: 2 nodes: 2
   Ratio after relax: 0.8
building causal graph...done! [t=0.000115432s]
Sym variable order: 6 3 5 7 4 0 8 2 15 18 19 10 14 1 17 16 9 12 13 11 
Initializing Symbolic Variables
Num variables: 20 => 28
Initialize Symbolic Manager(56, 285714, 16000000, 0)
Generating binary variables
Symbolic Variables... Done.
BOUND: 1 < 2147483647, total time: 0.473946s
BOUND: 2 < 2147483647, total time: 0.474192s
BOUND: 3 < 2147483647, total time: 0.474538s
BOUND: 4 < 2147483647, total time: 0.474901s
BOUND: 5 < 2147483647, total time: 0.475433s
BOUND: 6 < 2147483647, total time: 0.475903s
BOUND: 7 < 2147483647, total time: 0.476412s
BOUND: 8 < 2147483647, total time: 0.477366s
BOUND: 9 < 2147483647, total time: 0.478221s
BOUND: 10 < 2147483647, total time: 0.479719s
BOUND: 11 < 2147483647, total time: 0.481118s
BOUND: 12 < 2147483647, total time: 0.483077s
BOUND: 13 < 2147483647, total time: 0.485304s
BOUND: 14 < 2147483647, total time: 0.487819s
BOUND: 15 < 2147483647, total time: 0.4902s
BOUND: 16 < 2147483647, total time: 0.493641s
BOUND: 17 < 2147483647, total time: 0.496187s
BOUND: 18 < 2147483647, total time: 0.498591s
BOUND: 19 < 2147483647, total time: 0.500881s
Solution found with cost 19 total time: 0.502693s
Merging: 1
8 0.515321 1 36
Merging: 5
7 0.521417 1 28
Merging: 2
6 0.525414 1 34
Merging: 2
5 0.530459 1 34
Merging: 2
4 0.535112 1 28
Merging: 2
3 0.539019 1 29
Merging: 1
2 0.543316 1 29
Merging: 2
1 0.547143 1 34
Merging: 1
11 0.552111 1 36
Merging: 6
10 0.555623 1 36
Merging: 5
9 0.55797 1 30
Merging: 2
8 0.560066 1 30
Merging: 6
7 0.562256 1 32
Merging: 3
6 0.564574 1 52
Merging: 6
5 0.568172 1 53
Merging: 3
4 0.571605 1 53
Merging: 6
3 0.574958 1 52
Merging: 3
2 0.578182 1 32
Merging: 3
1 0.580676 1 29
BOUND: 19 < 19, total time: 0.582466s
Actual search time: 0.108901s [t=0.582899s]
turn_to satellite0 groundstation9 groundstation6 (1)
switch_on instrument1 satellite0 (1)
calibrate satellite0 instrument1 groundstation9 (1)
turn_to satellite0 phenomenon15 groundstation9 (1)
take_image satellite0 phenomenon15 instrument1 infrared1 (1)
turn_to satellite0 phenomenon11 phenomenon15 (1)
take_image satellite0 phenomenon11 instrument1 infrared1 (1)
switch_off instrument1 satellite0 (1)
switch_on instrument0 satellite0 (1)
turn_to satellite0 star0 phenomenon11 (1)
calibrate satellite0 instrument0 star0 (1)
turn_to satellite0 phenomenon16 star0 (1)
take_image satellite0 phenomenon16 instrument0 thermograph3 (1)
turn_to satellite0 planet12 phenomenon16 (1)
take_image satellite0 planet12 instrument0 thermograph0 (1)
turn_to satellite0 star13 planet12 (1)
take_image satellite0 star13 instrument0 thermograph2 (1)
turn_to satellite0 phenomenon10 star13 (1)
take_image satellite0 phenomenon10 instrument0 thermograph3 (1)
Plan length: 19 step(s).
Plan cost: 19
Bytes per state: 4
Search time: 0.121529s
Total time: 0.582909s
Solution found.
Peak memory: 261140 KB
Running single search parser
