INFO     Running translator.
INFO     translator input: ['domain.pddl', 'problem.pddl']
INFO     translator arguments: []
INFO     translator time limit: None
INFO     translator memory limit: None
INFO     callstring: /usr/bin/python /mnt/data_server/torralba/subdominization/training/data/training_satellite/code-70296b3db083/builds/release32/bin/translate/translate.py domain.pddl problem.pddl
Parsing...
Parsing: [0.010s CPU, 0.010s wall-clock]
Normalizing task... [0.000s CPU, 0.000s wall-clock]
Instantiating...
Generating Datalog program... [0.000s CPU, 0.001s wall-clock]
Normalizing Datalog program...
Normalizing Datalog program: [0.000s CPU, 0.006s wall-clock]
Preparing model... [0.000s CPU, 0.002s wall-clock]
Generated 31 rules.
Computing model... [0.040s CPU, 0.036s wall-clock]
1354 relevant atoms
250 auxiliary atoms
1604 final queue length
2652 total queue pushes
Completing instantiation... [0.070s CPU, 0.060s wall-clock]
Instantiating: [0.110s CPU, 0.138s wall-clock]
Computing fact groups...
Finding invariants...
12 initial candidates
Finding invariants: [0.000s CPU, 0.004s wall-clock]
Checking invariant weight... [0.000s CPU, 0.000s wall-clock]
Instantiating groups... [0.000s CPU, 0.000s wall-clock]
Collecting mutex groups... [0.000s CPU, 0.000s wall-clock]
Choosing groups...
54 uncovered facts
Choosing groups: [0.000s CPU, 0.000s wall-clock]
Building translation key... [0.000s CPU, 0.001s wall-clock]
Computing fact groups: [0.000s CPU, 0.007s wall-clock]
Building STRIPS to SAS dictionary... [0.000s CPU, 0.000s wall-clock]
Building dictionary for full mutex groups... [0.000s CPU, 0.000s wall-clock]
Building mutex information...
Building mutex information: [0.000s CPU, 0.000s wall-clock]
Translating task...
Processing axioms...
Simplifying axioms... [0.000s CPU, 0.000s wall-clock]
Processing axioms: [0.010s CPU, 0.003s wall-clock]
Translating task: [0.070s CPU, 0.062s wall-clock]
12 effect conditions simplified
0 implied preconditions added
Detecting unreachable propositions...
0 operators removed
0 axioms removed
2 propositions removed
Detecting unreachable propositions: [0.030s CPU, 0.035s wall-clock]
Translator variables: 56
Translator derived variables: 0
Translator facts: 152
Translator goal facts: 7
Translator mutex groups: 2
Translator total mutex groups size: 44
Translator operators: 1098
Translator axioms: 0
Translator task size: 3885
Translator peak memory: 48036 KB
Writing output... [0.020s CPU, 0.027s wall-clock]
Done! [0.240s CPU, 0.283s wall-clock]
INFO     Running preprocessor (release32).
INFO     preprocessor input: output.sas
INFO     preprocessor arguments: []
INFO     preprocessor time limit: None
INFO     preprocessor memory limit: None
INFO     callstring: /mnt/data_server/torralba/subdominization/training/data/training_satellite/code-70296b3db083/builds/release32/bin/preprocess < output.sas
Building causal graph...
The causal graph is not acyclic.
18 variables of 56 necessary
0 of 2 mutex groups necessary.
965 of 1098 operators necessary.
0 of 0 axiom rules necessary.
Initializing mutex computation...
Mutex computation initialized with 76 fluents.
iteration for mutex detection and operator pruning
Initialize m_index fw
Initialized mvalues forward: reached=324, notReached=4496, spurious=956
Initialize m_ops fw
Computing mutexes...
Mutex computation finished with reached=4804, notReached=16, spurious=956
0 operators are spurious because were not triggered
H^2 mutexes added fw: 16, unreachable: 0
0 of 965 operators detected as spurious
iteration for mutex detection and operator pruning
Initialize m_index bw
Init values regression
Initialized mvalues backward: reached=1903, notReached=2901, spurious=972
Initialize m_ops bw
Computing mutexes...
Mutex computation finished with reached=4804, notReached=0, spurious=972
0 operators are spurious because were not triggered
H^2 mutexes added bw: 0, unreachable: 0
0 of 965 operators detected as spurious
Total mutex and disambiguation time: 0.02289 iterations: 2
8 of 8 mutex groups necessary.
965 of 965 operators necessary.
0 of 0 axiom rules necessary.
Change id of operators: 965
Change id of mutexes
Change id of goals
Change id of initial state
Remove unreachable facts from variables: 18
8 of 8 mutex groups necessary.
965 of 965 operators necessary.
0 of 0 axiom rules necessary.
Updating causal graph and pruning unnecessary facts
18 variables of 18 of 56 necessary
The causal graph is not acyclic.
18 variables of 18 necessary
8 of 8 mutex groups necessary.
965 of 965 operators necessary.
0 of 0 axiom rules necessary.
Building domain transition graphs...
solveable in poly time 0
Building successor generator...
Preprocessor variables: 18
Preprocessor facts: 76
Preprocessor derived variables: 0
Preprocessor operators: 965
Preprocessor mutex groups: 8
Preprocessor task size: 3078
Writing output...
Preprocessor time: 0.0495411s
Preprocessor peak memory: 2740 KB
done
INFO     Running search (release32).
INFO     search input: output
INFO     search arguments: ['--search', 'sbd(store_operators_in_optimal_plan=true, cost_type=1)']
INFO     search time limit: 3600s
INFO     search memory limit: 4096 MB
INFO     search executable: /mnt/data_server/torralba/subdominization/training/data/training_satellite/code-70296b3db083/builds/release32/bin/downward
INFO     callstring: /mnt/data_server/torralba/subdominization/training/data/training_satellite/code-70296b3db083/builds/release32/bin/downward --search 'sbd(store_operators_in_optimal_plan=true, cost_type=1)' --internal-plan-file sas_plan < output
time limit 3600.00 -> (3600, 3601)
reading input... [t=0.000141415s]
done reading input! [t=0.00697544s]
packing state variables...done! [t=0.00700744s]
Variables: 18
FactPairs: 76
Bytes per state: 4
Building successor generator...done! [t=0.00755939s]
done initalizing global data [t=0.00756758s]
TR(time=60000, nodes=100000)
Mutex(time=60000, nodes=100000, type=edeletion)
Aux(time=2000, nodes=1000000)
Disj(nodes=2147483647)
Estimation: min_time(1000) time_penalty +(1000)*(2) nodes_penalty +(1000)*(2)
MaxStep(time=30000, nodes=100000000, nodes_per_planning_second=100)
Ratio useful: 0
   Min alloted time: 60000 nodes: 10000000
   Max alloted time: 60000 nodes: 15000000
   Mult alloted time: 2 nodes: 2
   Ratio after relax: 0.8
building causal graph...done! [t=0.000145082s]
Sym variable order: 2 3 4 0 16 15 12 5 11 13 17 14 1 9 7 8 10 6 
Initializing Symbolic Variables
Num variables: 18 => 26
Initialize Symbolic Manager(52, 307692, 16000000, 0)
Generating binary variables
Symbolic Variables... Done.
BOUND: 1 < 2147483647, total time: 0.45545s
BOUND: 2 < 2147483647, total time: 0.455736s
BOUND: 3 < 2147483647, total time: 0.45611s
BOUND: 4 < 2147483647, total time: 0.456466s
BOUND: 5 < 2147483647, total time: 0.456886s
BOUND: 6 < 2147483647, total time: 0.457644s
BOUND: 7 < 2147483647, total time: 0.458168s
BOUND: 8 < 2147483647, total time: 0.458939s
BOUND: 9 < 2147483647, total time: 0.460344s
BOUND: 10 < 2147483647, total time: 0.461704s
BOUND: 11 < 2147483647, total time: 0.464163s
BOUND: 12 < 2147483647, total time: 0.466483s
BOUND: 13 < 2147483647, total time: 0.469944s
BOUND: 14 < 2147483647, total time: 0.473812s
BOUND: 15 < 2147483647, total time: 0.478443s
BOUND: 16 < 2147483647, total time: 0.482702s
Solution found with cost 16 total time: 0.486825s
Merging: 1
8 0.513383 1 293
Merging: 67
7 0.584687 1 280
Merging: 49
6 0.654111 1 189
Merging: 67
5 0.696407 1 172
Merging: 31
4 0.734111 1 88
Merging: 39
3 0.754953 1 90
Merging: 11
2 0.773401 1 91
Merging: 9
1 0.790932 1 71
Merging: 1
8 0.807059 1 293
Merging: 49
7 0.840366 1 346
Merging: 67
6 0.875749 1 340
Merging: 49
5 0.905251 1 311
Merging: 67
4 0.930815 1 283
Merging: 49
3 0.955526 1 214
Merging: 67
2 0.97372 1 179
Merging: 49
1 0.989068 1 118
BOUND: 16 < 16, total time: 0.999021s
Actual search time: 0.544279s [t=0.999764s]
turn_to satellite1 star6 phenomenon19 (1)
turn_to satellite0 groundstation5 star17 (1)
switch_on instrument0 satellite0 (1)
calibrate satellite0 instrument0 groundstation5 (1)
turn_to satellite0 phenomenon20 groundstation5 (1)
take_image satellite0 phenomenon20 instrument0 spectrograph0 (1)
turn_to satellite0 phenomenon19 phenomenon20 (1)
take_image satellite0 phenomenon19 instrument0 infrared1 (1)
turn_to satellite0 planet16 phenomenon19 (1)
take_image satellite0 planet16 instrument0 spectrograph0 (1)
turn_to satellite0 planet18 planet16 (1)
take_image satellite0 planet18 instrument0 infrared1 (1)
turn_to satellite0 planet21 planet18 (1)
take_image satellite0 planet21 instrument0 infrared1 (1)
turn_to satellite0 star15 planet21 (1)
take_image satellite0 star15 instrument0 spectrograph0 (1)
Plan length: 16 step(s).
Plan cost: 16
Bytes per state: 4
Search time: 0.562259s
Total time: 0.999774s
Solution found.
Peak memory: 254468 KB
Running single search parser
