INFO     Running translator.
INFO     translator input: ['domain.pddl', 'problem.pddl']
INFO     translator arguments: []
INFO     translator time limit: None
INFO     translator memory limit: None
INFO     callstring: /usr/bin/python /mnt/data_server/torralba/subdominization/training/data/training_agricola/code-70296b3db083/builds/release32/bin/translate/translate.py domain.pddl problem.pddl
Parsing...
Parsing: [0.030s CPU, 0.030s wall-clock]
Normalizing task... [0.000s CPU, 0.001s wall-clock]
Instantiating...
Generating Datalog program... [0.000s CPU, 0.006s wall-clock]
Normalizing Datalog program...
Normalizing Datalog program: [0.020s CPU, 0.019s wall-clock]
Preparing model... [0.020s CPU, 0.015s wall-clock]
Generated 258 rules.
Computing model... [0.650s CPU, 0.652s wall-clock]
16379 relevant atoms
1424 auxiliary atoms
17803 final queue length
60425 total queue pushes
Completing instantiation... [3.450s CPU, 3.468s wall-clock]
Instantiating: [4.140s CPU, 4.202s wall-clock]
Computing fact groups...
Finding invariants...
44 initial candidates
Finding invariants: [0.100s CPU, 0.095s wall-clock]
Checking invariant weight... [0.000s CPU, 0.000s wall-clock]
Instantiating groups... [0.010s CPU, 0.002s wall-clock]
Collecting mutex groups... [0.000s CPU, 0.000s wall-clock]
Choosing groups...
114 uncovered facts
Choosing groups: [0.000s CPU, 0.000s wall-clock]
Building translation key... [0.000s CPU, 0.001s wall-clock]
Computing fact groups: [0.110s CPU, 0.101s wall-clock]
Building STRIPS to SAS dictionary... [0.000s CPU, 0.000s wall-clock]
Building dictionary for full mutex groups... [0.000s CPU, 0.000s wall-clock]
Building mutex information...
Building mutex information: [0.000s CPU, 0.000s wall-clock]
Translating task...
Processing axioms...
Simplifying axioms... [0.000s CPU, 0.000s wall-clock]
Processing axioms: [0.120s CPU, 0.114s wall-clock]
Translating task: [2.560s CPU, 2.566s wall-clock]
17351 effect conditions simplified
0 implied preconditions added
Detecting unreachable propositions...
0 operators removed
0 axioms removed
33 propositions removed
Detecting unreachable propositions: [1.230s CPU, 1.239s wall-clock]
Translator variables: 108
Translator derived variables: 0
Translator facts: 236
Translator goal facts: 1
Translator mutex groups: 5
Translator total mutex groups size: 30
Translator operators: 15755
Translator axioms: 0
Translator task size: 174294
Translator peak memory: 204072 KB
Writing output... [0.360s CPU, 0.413s wall-clock]
Done! [8.510s CPU, 8.633s wall-clock]
INFO     Running preprocessor (release32).
INFO     preprocessor input: output.sas
INFO     preprocessor arguments: []
INFO     preprocessor time limit: None
INFO     preprocessor memory limit: None
INFO     callstring: /mnt/data_server/torralba/subdominization/training/data/training_agricola/code-70296b3db083/builds/release32/bin/preprocess < output.sas
Building causal graph...
The causal graph is not acyclic.
102 variables of 108 necessary
0 of 5 mutex groups necessary.
15755 of 15755 operators necessary.
0 of 0 axiom rules necessary.
Initializing mutex computation...
Mutex computation initialized with 224 fluents.
iteration for mutex detection and operator pruning
Initialize m_index fw
Initialized mvalues forward: reached=10404, notReached=39270, spurious=502
Initialize m_ops fw
Computing mutexes...
Mutex computation finished with reached=43692, notReached=5982, spurious=502
9730 operators are spurious because were not triggered
Unreachable proposition: Atom harvest_phase(stage5, harvest_feeding)
Unreachable proposition: Atom harvest_phase(stage5, harvest_breeding)
H^2 mutexes added fw: 5094, unreachable: 2
0 of 6025 operators detected as spurious
iteration for mutex detection and operator pruning
Initialize m_index bw
Init values regression
Initialized mvalues backward: reached=26761, notReached=16931, spurious=6484
Initialize m_ops bw
Computing mutexes...
Mutex computation finished with reached=43660, notReached=32, spurious=6484
0 operators are spurious because were not triggered
H^2 mutexes added bw: 32, unreachable: 0
0 of 6025 operators detected as spurious
iteration for mutex detection and operator pruning
Initialize m_index fw
Initialized mvalues forward: reached=10404, notReached=33256, spurious=6516
Initialize m_ops fw
Computing mutexes...
Mutex computation finished with reached=43660, notReached=0, spurious=6516
0 operators are spurious because were not triggered
H^2 mutexes added fw: 0, unreachable: 0
0 of 6025 operators detected as spurious
Total mutex and disambiguation time: 3.10901 iterations: 3
2563 of 2563 mutex groups necessary.
6025 of 15755 operators necessary.
0 of 0 axiom rules necessary.
Change id of operators: 6025
Change id of mutexes
Change id of goals
Change id of initial state
Remove unreachable facts from variables: 102
2563 of 2563 mutex groups necessary.
6025 of 6025 operators necessary.
0 of 0 axiom rules necessary.
Updating causal graph and pruning unnecessary facts
100 variables of 102 of 108 necessary
The causal graph is not acyclic.
99 variables of 100 necessary
2501 of 2563 mutex groups necessary.
6025 of 6025 operators necessary.
0 of 0 axiom rules necessary.
Building domain transition graphs...
solveable in poly time 0
Building successor generator...
Preprocessor variables: 99
Preprocessor facts: 218
Preprocessor derived variables: 0
Preprocessor operators: 6025
Preprocessor mutex groups: 2501
Preprocessor task size: 67414
Writing output...
Preprocessor time: 3.79585s
Preprocessor peak memory: 50360 KB
done
INFO     Running search (release32).
INFO     search input: output
INFO     search arguments: ['--search', 'sbw(store_operators_in_optimal_plan=true, cost_type=1)']
INFO     search time limit: 3600s
INFO     search memory limit: 4096 MB
INFO     search executable: /mnt/data_server/torralba/subdominization/training/data/training_agricola/code-70296b3db083/builds/release32/bin/downward
INFO     callstring: /mnt/data_server/torralba/subdominization/training/data/training_agricola/code-70296b3db083/builds/release32/bin/downward --search 'sbw(store_operators_in_optimal_plan=true, cost_type=1)' --internal-plan-file sas_plan < output
time limit 3600.00 -> (3600, 3601)
reading input... [t=0.000126332s]
done reading input! [t=0.10006s]
packing state variables...done! [t=0.100097s]
Variables: 99
FactPairs: 218
Bytes per state: 16
Building successor generator...done! [t=0.132732s]
done initalizing global data [t=0.132763s]
TR(time=60000, nodes=100000)
Mutex(time=60000, nodes=100000, type=edeletion)
Aux(time=2000, nodes=1000000)
Disj(nodes=2147483647)
Estimation: min_time(1000) time_penalty +(1000)*(2) nodes_penalty +(1000)*(2)
MaxStep(time=30000, nodes=100000000, nodes_per_planning_second=100)
Ratio useful: 0
   Min alloted time: 60000 nodes: 10000000
   Max alloted time: 60000 nodes: 15000000
   Mult alloted time: 2 nodes: 2
   Ratio after relax: 0.8
building causal graph...done! [t=0.0099508s]
Sym variable order: 4 3 15 20 17 19 18 21 28 14 42 16 38 46 45 44 48 41 43 39 40 65 64 59 61 58 60 62 92 73 77 84 82 81 78 95 27 33 10 63 71 96 72 34 30 29 32 31 76 49 75 47 35 37 36 74 68 26 66 67 25 24 22 79 85 83 80 70 88 97 86 87 94 93 69 2 0 13 12 11 9 1 23 8 91 89 90 53 52 51 50 57 55 56 54 6 5 7 98 
Initializing Symbolic Variables
Num variables: 99 => 106
Initialize Symbolic Manager(212, 75471, 16000000, 0)
Generating binary variables
Symbolic Variables... Done.
BOUND: 1 < 2147483647, total time: 2.13647s
BOUND: 2 < 2147483647, total time: 2.14682s
BOUND: 3 < 2147483647, total time: 2.14901s
BOUND: 4 < 2147483647, total time: 2.15113s
BOUND: 5 < 2147483647, total time: 2.15369s
BOUND: 6 < 2147483647, total time: 2.15671s
BOUND: 7 < 2147483647, total time: 2.16444s
BOUND: 8 < 2147483647, total time: 2.20208s
BOUND: 9 < 2147483647, total time: 2.28148s
BOUND: 10 < 2147483647, total time: 2.37983s
BOUND: 11 < 2147483647, total time: 2.44446s
BOUND: 12 < 2147483647, total time: 2.47303s
BOUND: 13 < 2147483647, total time: 2.52004s
BOUND: 14 < 2147483647, total time: 2.63171s
BOUND: 15 < 2147483647, total time: 2.78877s
BOUND: 16 < 2147483647, total time: 2.90491s
BOUND: 17 < 2147483647, total time: 2.94505s
BOUND: 18 < 2147483647, total time: 2.95504s
BOUND: 19 < 2147483647, total time: 2.96517s
BOUND: 20 < 2147483647, total time: 2.98197s
BOUND: 21 < 2147483647, total time: 3.033s
BOUND: 22 < 2147483647, total time: 3.11944s
BOUND: 23 < 2147483647, total time: 3.22381s
BOUND: 24 < 2147483647, total time: 3.39182s
BOUND: 25 < 2147483647, total time: 3.64458s
BOUND: 26 < 2147483647, total time: 3.88919s
BOUND: 27 < 2147483647, total time: 4.02367s
BOUND: 28 < 2147483647, total time: 4.09255s
BOUND: 29 < 2147483647, total time: 4.19163s
BOUND: 30 < 2147483647, total time: 4.36744s
BOUND: 31 < 2147483647, total time: 4.51837s
BOUND: 32 < 2147483647, total time: 4.59598s
BOUND: 33 < 2147483647, total time: 4.63137s
BOUND: 34 < 2147483647, total time: 4.66511s
BOUND: 35 < 2147483647, total time: 4.71388s
BOUND: 36 < 2147483647, total time: 4.7567s
BOUND: 37 < 2147483647, total time: 4.78429s
BOUND: 38 < 2147483647, total time: 4.82269s
BOUND: 39 < 2147483647, total time: 4.89956s
BOUND: 40 < 2147483647, total time: 5.0064s
BOUND: 41 < 2147483647, total time: 5.09715s
BOUND: 42 < 2147483647, total time: 5.14458s
BOUND: 43 < 2147483647, total time: 5.16321s
BOUND: 44 < 2147483647, total time: 5.18936s
BOUND: 45 < 2147483647, total time: 5.23616s
BOUND: 46 < 2147483647, total time: 5.28736s
BOUND: 47 < 2147483647, total time: 5.31838s
BOUND: 48 < 2147483647, total time: 5.33295s
BOUND: 49 < 2147483647, total time: 5.34143s
BOUND: 50 < 2147483647, total time: 5.35673s
BOUND: 51 < 2147483647, total time: 5.37834s
BOUND: 52 < 2147483647, total time: 5.398s
BOUND: 53 < 2147483647, total time: 5.41198s
BOUND: 54 < 2147483647, total time: 5.42094s
BOUND: 55 < 2147483647, total time: 5.42685s
BOUND: 56 < 2147483647, total time: 5.43079s
BOUND: 57 < 2147483647, total time: 5.43737s
BOUND: 58 < 2147483647, total time: 5.44664s
BOUND: 59 < 2147483647, total time: 5.45935s
BOUND: 60 < 2147483647, total time: 5.47329s
BOUND: 61 < 2147483647, total time: 5.48621s
BOUND: 62 < 2147483647, total time: 5.49933s
BOUND: 63 < 2147483647, total time: 5.50897s
BOUND: 64 < 2147483647, total time: 5.51484s
BOUND: 65 < 2147483647, total time: 5.52003s
BOUND: 66 < 2147483647, total time: 5.52675s
BOUND: 67 < 2147483647, total time: 5.53455s
Solution found with cost 67 total time: 5.54092s
Merging: 1
67 6.10111 1 107
Merging: 8
66 6.11884 1 303
Merging: 8
65 6.15747 1 662
Merging: 1
64 6.2125 1 662
Merging: 4
63 6.26625 1 163
Merging: 1
62 6.28984 1 163
Merging: 12
61 6.31503 1 611
Merging: 12
60 6.37768 1 1501
Merging: 1
59 6.45994 1 1501
Merging: 4
58 6.56317 1 326
Merging: 1
57 6.59046 1 326
Merging: 16
56 6.61999 1 1323
Merging: 16
55 6.69968 1 2620
Merging: 1
54 6.79608 1 2620
Merging: 4
53 6.93682 1 401
Merging: 1
52 6.96436 1 401
Merging: 19
51 7.00002 1 1733
Merging: 19
50 7.09257 1 2669
Merging: 1
49 7.19031 1 2669
Merging: 4
48 7.31916 1 461
Merging: 7
47 7.3549 1 680
Merging: 2
46 7.40291 1 684
Merging: 9
45 7.4511 1 762
Merging: 2
44 7.50175 1 869
Merging: 21
43 7.55352 1 2729
Merging: 42
42 7.6992 1 10917
Merging: 23
41 8.05586 1 15743
Merging: 5
40 8.64898 1 8868
Merging: 5
39 9.08709 1 1879
Merging: 25
38 9.15567 1 6976
Merging: 49
37 9.39392 1 22294
Merging: 26
36 9.803 1 28986
Merging: 5
35 10.3573 1 13308
Merging: 5
34 10.6633 1 2925
Merging: 26
33 10.7363 1 7904
Merging: 49
32 10.9757 1 16706
Merging: 26
31 11.349 1 24177
Merging: 5
30 11.8184 1 15405
Merging: 10
29 12.1374 1 2576
Merging: 1
28 12.2082 1 2576
Merging: 5
27 12.2767 1 2068
Merging: 1
26 12.3433 1 2068
Merging: 1
25 12.4059 1 2068
Merging: 27
24 12.507 1 9958
Merging: 54
23 12.9204 1 17437
Merging: 1
22 13.2814 1 17437
Merging: 4
21 13.8142 1 1867
Merging: 1
20 13.8477 1 1867
Merging: 72
19 13.9347 1 7426
Merging: 72
18 14.2324 1 13943
Merging: 1
17 14.4402 1 13943
Merging: 4
16 14.7181 1 1416
Merging: 1
15 14.7664 1 1416
Merging: 9
14 14.8131 1 1419
Merging: 1
13 14.8586 1 1419
Merging: 1
12 14.9005 1 1419
Merging: 74
11 14.9835 1 8158
Merging: 94
10 15.3651 1 26196
Merging: 1
9 15.6795 1 26196
Merging: 4
8 16.1668 1 1844
Merging: 1
7 16.2015 1 1844
Merging: 111
6 16.3195 1 9749
Merging: 108
5 16.7832 1 27360
Merging: 2
4 17.1179 1 27359
Merging: 4
3 17.5739 1 2257
Merging: 1
2 17.6422 1 2257
Merging: 22
1 17.7095 1 2214
BOUND: 67 < 67, total time: 17.7705s
Actual search time: 15.6361s [t=17.7726s]
collect_resource worker2 worker1 worker2 round1 act_clay clay (60)
collect_resource worker1 noworker worker2 round1 act_reed reed (60)
ag__finish_round_backhome round1 worker2 (1)
ag__finish_round_renew round1 noworker (1)
ag__advance_round_normal round1 round2 act_family (1)
collect_resource worker2 worker1 worker2 round2 act_clay clay (60)
plow_field worker1 noworker worker2 round2 (60)
ag__finish_round_backhome round2 worker2 (1)
ag__finish_round_renew round2 noworker (1)
ag__advance_round_normal round2 round3 act_fences (1)
take_food worker2 worker1 worker2 round3 num0 num1 (60)
take_grain worker1 noworker worker2 round3 carrot (60)
ag__finish_round_backhome round3 worker2 (1)
ag__finish_round_renew round3 noworker (1)
ag__advance_round_normal round3 round4 act_sheep (1)
sow worker2 worker1 worker2 round4 carrot (60)
take_food worker1 noworker worker2 round4 num1 num2 (60)
ag__finish_round_backhome round4 worker2 (1)
ag__finish_round_renew round4 noworker (1)
ag__harvest_collecting_veg round4 stage1 carrot num2 num4 num5 (1)
ag__harvest_collect_end round4 stage1 (1)
ag__harvest_feed round4 stage1 worker2 num5 num4 num1 (1)
ag__harvest_breed_end round4 stage1 (1)
ag__finish_stage stage1 stage2 round4 round5 act_cattle (1)
build_fences boar worker2 worker1 worker2 round5 (60)
take_food worker1 noworker worker2 round5 num1 num2 (60)
ag__finish_round_backhome round5 worker2 (1)
ag__finish_round_renew round5 noworker (1)
ag__advance_round_normal round5 round6 act_boar (1)
build_fences boar worker2 worker1 worker2 round6 (60)
take_food worker1 noworker worker2 round6 num2 num3 (60)
ag__finish_round_backhome round6 worker2 (1)
ag__finish_round_renew round6 noworker (1)
ag__advance_round_normal round6 round7 act_carrot (1)
build_fences boar worker2 worker1 worker2 round7 (60)
take_food worker1 noworker worker2 round7 num3 num4 (60)
ag__finish_round_backhome round7 worker2 (1)
ag__finish_round_renew round7 noworker (1)
ag__harvest_collect_end round7 stage2 (1)
ag__harvest_feed round7 stage2 worker2 num4 num4 num0 (1)
ag__harvest_breed_end round7 stage2 (1)
ag__finish_stage stage2 stage3 round7 round8 act_improve (1)
collect_resource worker2 worker1 worker2 round8 act_stone stone (60)
improve_home worker1 noworker worker2 round8 fireplace (60)
ag__finish_round_backhome round8 worker2 (1)
ag__finish_round_renew round8 noworker (1)
ag__advance_round_normal round8 round9 void (1)
collect_cook_animal boar act_boar worker2 worker1 worker2 round9 num0 num2 (60)
collect_cook_animal boar act_cattle worker1 noworker worker2 round9 num2 num4 (60)
ag__finish_round_backhome round9 worker2 (1)
ag__finish_round_renew round9 noworker (1)
ag__harvest_collect_end round9 stage3 (1)
ag__harvest_feed round9 stage3 worker2 num4 num4 num0 (1)
ag__harvest_breed_end round9 stage3 (1)
ag__finish_stage stage3 stage4 round9 round10 void (1)
build_fences boar worker2 worker1 worker2 round10 (60)
collect_cook_animal boar act_sheep worker1 noworker worker2 round10 num0 num2 (60)
ag__finish_round_backhome round10 worker2 (1)
ag__finish_round_renew round10 noworker (1)
ag__advance_round_normal round10 round11 void (1)
build_fences boar worker2 worker1 worker2 round11 (60)
collect_cook_animal boar act_sheep worker1 noworker worker2 round11 num2 num4 (60)
ag__finish_round_backhome round11 worker2 (1)
ag__finish_round_renew round11 noworker (1)
ag__harvest_collect_end round11 stage4 (1)
ag__harvest_feed round11 stage4 worker2 num4 num4 num0 (1)
ag__harvest_breed_end round11 stage4 (1)
Plan length: 67 step(s).
Plan cost: 1365
Bytes per state: 16
Search time: 16.2188s
Total time: 17.7727s
Solution found.
Peak memory: 386700 KB
Running single search parser
