INFO     Running translator.
INFO     translator input: ['domain.pddl', 'problem.pddl']
INFO     translator arguments: []
INFO     translator time limit: None
INFO     translator memory limit: None
INFO     callstring: /usr/bin/python /mnt/data_server/torralba/subdominization/training/data/training_satellite/code-70296b3db083/builds/release32/bin/translate/translate.py domain.pddl problem.pddl
Parsing...
Parsing: [0.010s CPU, 0.014s wall-clock]
Normalizing task... [0.000s CPU, 0.000s wall-clock]
Instantiating...
Generating Datalog program... [0.000s CPU, 0.001s wall-clock]
Normalizing Datalog program...
Normalizing Datalog program: [0.000s CPU, 0.005s wall-clock]
Preparing model... [0.000s CPU, 0.003s wall-clock]
Generated 31 rules.
Computing model... [0.040s CPU, 0.043s wall-clock]
1500 relevant atoms
476 auxiliary atoms
1976 final queue length
3117 total queue pushes
Completing instantiation... [0.080s CPU, 0.067s wall-clock]
Instantiating: [0.120s CPU, 0.190s wall-clock]
Computing fact groups...
Finding invariants...
12 initial candidates
Finding invariants: [0.000s CPU, 0.004s wall-clock]
Checking invariant weight... [0.000s CPU, 0.000s wall-clock]
Instantiating groups... [0.000s CPU, 0.000s wall-clock]
Collecting mutex groups... [0.000s CPU, 0.000s wall-clock]
Choosing groups...
50 uncovered facts
Choosing groups: [0.000s CPU, 0.000s wall-clock]
Building translation key... [0.000s CPU, 0.001s wall-clock]
Computing fact groups: [0.000s CPU, 0.007s wall-clock]
Building STRIPS to SAS dictionary... [0.000s CPU, 0.000s wall-clock]
Building dictionary for full mutex groups... [0.000s CPU, 0.000s wall-clock]
Building mutex information...
Building mutex information: [0.000s CPU, 0.000s wall-clock]
Translating task...
Processing axioms...
Simplifying axioms... [0.000s CPU, 0.000s wall-clock]
Processing axioms: [0.010s CPU, 0.003s wall-clock]
Translating task: [0.070s CPU, 0.067s wall-clock]
21 effect conditions simplified
0 implied preconditions added
Detecting unreachable propositions...
0 operators removed
0 axioms removed
4 propositions removed
Detecting unreachable propositions: [0.040s CPU, 0.039s wall-clock]
Translator variables: 54
Translator derived variables: 0
Translator facts: 164
Translator goal facts: 4
Translator mutex groups: 4
Translator total mutex groups size: 64
Translator operators: 1183
Translator axioms: 0
Translator task size: 4241
Translator peak memory: 48580 KB
Writing output... [0.010s CPU, 0.127s wall-clock]
Done! [0.250s CPU, 0.447s wall-clock]
INFO     Running preprocessor (release32).
INFO     preprocessor input: output.sas
INFO     preprocessor arguments: []
INFO     preprocessor time limit: None
INFO     preprocessor memory limit: None
INFO     callstring: /mnt/data_server/torralba/subdominization/training/data/training_satellite/code-70296b3db083/builds/release32/bin/preprocess < output.sas
Building causal graph...
The causal graph is not acyclic.
21 variables of 54 necessary
0 of 4 mutex groups necessary.
1002 of 1183 operators necessary.
0 of 0 axiom rules necessary.
Initializing mutex computation...
Mutex computation initialized with 98 fluents.
iteration for mutex detection and operator pruning
Initialize m_index fw
Initialized mvalues forward: reached=441, notReached=8169, spurious=994
Initialize m_ops fw
Computing mutexes...
Mutex computation finished with reached=8588, notReached=22, spurious=994
0 operators are spurious because were not triggered
H^2 mutexes added fw: 22, unreachable: 0
0 of 1002 operators detected as spurious
iteration for mutex detection and operator pruning
Initialize m_index bw
Init values regression
Initialized mvalues backward: reached=2410, notReached=6178, spurious=1016
Initialize m_ops bw
Computing mutexes...
Mutex computation finished with reached=8588, notReached=0, spurious=1016
0 operators are spurious because were not triggered
H^2 mutexes added bw: 0, unreachable: 0
0 of 1002 operators detected as spurious
Total mutex and disambiguation time: 0.035651 iterations: 2
11 of 11 mutex groups necessary.
1002 of 1002 operators necessary.
0 of 0 axiom rules necessary.
Change id of operators: 1002
Change id of mutexes
Change id of goals
Change id of initial state
Remove unreachable facts from variables: 21
11 of 11 mutex groups necessary.
1002 of 1002 operators necessary.
0 of 0 axiom rules necessary.
Updating causal graph and pruning unnecessary facts
21 variables of 21 of 54 necessary
The causal graph is not acyclic.
21 variables of 21 necessary
11 of 11 mutex groups necessary.
1002 of 1002 operators necessary.
0 of 0 axiom rules necessary.
Building domain transition graphs...
solveable in poly time 0
Building successor generator...
Preprocessor variables: 21
Preprocessor facts: 98
Preprocessor derived variables: 0
Preprocessor operators: 1002
Preprocessor mutex groups: 11
Preprocessor task size: 3203
Writing output...
Preprocessor time: 0.0660912s
Preprocessor peak memory: 2620 KB
done
INFO     Running search (release32).
INFO     search input: output
INFO     search arguments: ['--search', 'sbd(store_operators_in_optimal_plan=true, cost_type=1)']
INFO     search time limit: 3600s
INFO     search memory limit: 4096 MB
INFO     search executable: /mnt/data_server/torralba/subdominization/training/data/training_satellite/code-70296b3db083/builds/release32/bin/downward
INFO     callstring: /mnt/data_server/torralba/subdominization/training/data/training_satellite/code-70296b3db083/builds/release32/bin/downward --search 'sbd(store_operators_in_optimal_plan=true, cost_type=1)' --internal-plan-file sas_plan < output
time limit 3600.00 -> (3600, 3601)
reading input... [t=0.000119101s]
done reading input! [t=0.00721212s]
packing state variables...done! [t=0.00722549s]
Variables: 21
FactPairs: 98
Bytes per state: 8
Building successor generator...done! [t=0.00782541s]
done initalizing global data [t=0.00783304s]
TR(time=60000, nodes=100000)
Mutex(time=60000, nodes=100000, type=edeletion)
Aux(time=2000, nodes=1000000)
Disj(nodes=2147483647)
Estimation: min_time(1000) time_penalty +(1000)*(2) nodes_penalty +(1000)*(2)
MaxStep(time=30000, nodes=100000000, nodes_per_planning_second=100)
Ratio useful: 0
   Min alloted time: 60000 nodes: 10000000
   Max alloted time: 60000 nodes: 15000000
   Mult alloted time: 2 nodes: 2
   Ratio after relax: 0.8
building causal graph...done! [t=0.000130273s]
Sym variable order: 14 15 13 16 2 5 6 7 4 8 20 0 3 19 18 17 1 12 10 11 9 
Initializing Symbolic Variables
Num variables: 21 => 33
Initialize Symbolic Manager(66, 242424, 16000000, 0)
Generating binary variables
Symbolic Variables... Done.
BOUND: 1 < 2147483647, total time: 0.419358s
BOUND: 2 < 2147483647, total time: 0.419652s
BOUND: 3 < 2147483647, total time: 0.419993s
BOUND: 4 < 2147483647, total time: 0.420378s
BOUND: 5 < 2147483647, total time: 0.420944s
BOUND: 6 < 2147483647, total time: 0.4215s
BOUND: 7 < 2147483647, total time: 0.42229s
Solution found with cost 7 total time: 0.423048s
Merging: 1
4 0.446673 1 168
Merging: 39
3 0.493805 1 169
Merging: 28
2 0.53471 1 129
Merging: 17
1 0.567222 1 74
Merging: 1
3 0.585305 1 168
Merging: 28
2 0.608783 1 151
Merging: 17
1 0.622189 1 111
BOUND: 7 < 7, total time: 0.631495s
Actual search time: 0.212434s [t=0.631873s]
turn_to satellite2 phenomenon15 star12 (1)
turn_to satellite1 phenomenon15 star3 (1)
switch_on instrument0 satellite0 (1)
calibrate satellite0 instrument0 star1 (1)
turn_to satellite0 phenomenon15 star1 (1)
take_image satellite0 phenomenon15 instrument0 infrared0 (1)
turn_to satellite3 groundstation13 groundstation6 (1)
Plan length: 7 step(s).
Plan cost: 7
Bytes per state: 8
Search time: 0.22833s
Total time: 0.631883s
Solution found.
Peak memory: 213312 KB
Running single search parser
