INFO     Running translator.
INFO     translator input: ['domain.pddl', 'problem.pddl']
INFO     translator arguments: []
INFO     translator time limit: None
INFO     translator memory limit: None
INFO     callstring: /usr/bin/python /mnt/data_server/torralba/subdominization/training/data/training_satellite/code-70296b3db083/builds/release32/bin/translate/translate.py domain.pddl problem.pddl
Parsing...
Parsing: [0.010s CPU, 0.015s wall-clock]
Normalizing task... [0.000s CPU, 0.000s wall-clock]
Instantiating...
Generating Datalog program... [0.000s CPU, 0.001s wall-clock]
Normalizing Datalog program...
Normalizing Datalog program: [0.010s CPU, 0.058s wall-clock]
Preparing model... [0.010s CPU, 0.002s wall-clock]
Generated 31 rules.
Computing model... [0.000s CPU, 0.007s wall-clock]
239 relevant atoms
116 auxiliary atoms
355 final queue length
463 total queue pushes
Completing instantiation... [0.010s CPU, 0.007s wall-clock]
Instantiating: [0.030s CPU, 0.094s wall-clock]
Computing fact groups...
Finding invariants...
12 initial candidates
Finding invariants: [0.000s CPU, 0.003s wall-clock]
Checking invariant weight... [0.000s CPU, 0.000s wall-clock]
Instantiating groups... [0.000s CPU, 0.000s wall-clock]
Collecting mutex groups... [0.000s CPU, 0.000s wall-clock]
Choosing groups...
21 uncovered facts
Choosing groups: [0.000s CPU, 0.000s wall-clock]
Building translation key... [0.000s CPU, 0.000s wall-clock]
Computing fact groups: [0.000s CPU, 0.005s wall-clock]
Building STRIPS to SAS dictionary... [0.000s CPU, 0.000s wall-clock]
Building dictionary for full mutex groups... [0.000s CPU, 0.000s wall-clock]
Building mutex information...
Building mutex information: [0.000s CPU, 0.000s wall-clock]
Translating task...
Processing axioms...
Simplifying axioms... [0.000s CPU, 0.000s wall-clock]
Processing axioms: [0.000s CPU, 0.000s wall-clock]
Translating task: [0.010s CPU, 0.007s wall-clock]
9 effect conditions simplified
0 implied preconditions added
Detecting unreachable propositions...
0 operators removed
0 axioms removed
3 propositions removed
Detecting unreachable propositions: [0.010s CPU, 0.005s wall-clock]
Translator variables: 24
Translator derived variables: 0
Translator facts: 60
Translator goal facts: 1
Translator mutex groups: 3
Translator total mutex groups size: 18
Translator operators: 123
Translator axioms: 0
Translator task size: 532
Translator peak memory: 43812 KB
Writing output... [0.000s CPU, 0.079s wall-clock]
Done! [0.060s CPU, 0.206s wall-clock]
INFO     Running preprocessor (release32).
INFO     preprocessor input: output.sas
INFO     preprocessor arguments: []
INFO     preprocessor time limit: None
INFO     preprocessor memory limit: None
INFO     callstring: /mnt/data_server/torralba/subdominization/training/data/training_satellite/code-70296b3db083/builds/release32/bin/preprocess < output.sas
Building causal graph...
The causal graph is not acyclic.
5 variables of 24 necessary
0 of 3 mutex groups necessary.
34 of 123 operators necessary.
0 of 0 axiom rules necessary.
Initializing mutex computation...
Mutex computation initialized with 14 fluents.
iteration for mutex detection and operator pruning
Initialize m_index fw
Initialized mvalues forward: reached=25, notReached=133, spurious=38
Initialize m_ops fw
Computing mutexes...
Mutex computation finished with reached=154, notReached=4, spurious=38
0 operators are spurious because were not triggered
H^2 mutexes added fw: 4, unreachable: 0
0 of 34 operators detected as spurious
iteration for mutex detection and operator pruning
Initialize m_index bw
Init values regression
Initialized mvalues backward: reached=129, notReached=25, spurious=42
Initialize m_ops bw
Computing mutexes...
Mutex computation finished with reached=154, notReached=0, spurious=42
0 operators are spurious because were not triggered
H^2 mutexes added bw: 0, unreachable: 0
0 of 34 operators detected as spurious
Total mutex and disambiguation time: 0.00029 iterations: 2
2 of 2 mutex groups necessary.
34 of 34 operators necessary.
0 of 0 axiom rules necessary.
Change id of operators: 34
Change id of mutexes
Change id of goals
Change id of initial state
Remove unreachable facts from variables: 5
2 of 2 mutex groups necessary.
34 of 34 operators necessary.
0 of 0 axiom rules necessary.
Updating causal graph and pruning unnecessary facts
5 variables of 5 of 24 necessary
The causal graph is not acyclic.
5 variables of 5 necessary
2 of 2 mutex groups necessary.
34 of 34 operators necessary.
0 of 0 axiom rules necessary.
Building domain transition graphs...
solveable in poly time 0
Building successor generator...
Preprocessor variables: 5
Preprocessor facts: 14
Preprocessor derived variables: 0
Preprocessor operators: 34
Preprocessor mutex groups: 2
Preprocessor task size: 132
Writing output...
Preprocessor time: 0.00264006s
Preprocessor peak memory: 2096 KB
done
INFO     Running search (release32).
INFO     search input: output
INFO     search arguments: ['--search', 'sbd(store_operators_in_optimal_plan=true, cost_type=1)']
INFO     search time limit: 3600s
INFO     search memory limit: 4096 MB
INFO     search executable: /mnt/data_server/torralba/subdominization/training/data/training_satellite/code-70296b3db083/builds/release32/bin/downward
INFO     callstring: /mnt/data_server/torralba/subdominization/training/data/training_satellite/code-70296b3db083/builds/release32/bin/downward --search 'sbd(store_operators_in_optimal_plan=true, cost_type=1)' --internal-plan-file sas_plan < output
time limit 3600.00 -> (3600, 3601)
reading input... [t=0.000105617s]
done reading input! [t=0.000484279s]
packing state variables...done! [t=0.000495196s]
Variables: 5
FactPairs: 14
Bytes per state: 4
Building successor generator...done! [t=0.000535077s]
done initalizing global data [t=0.000539725s]
TR(time=60000, nodes=100000)
Mutex(time=60000, nodes=100000, type=edeletion)
Aux(time=2000, nodes=1000000)
Disj(nodes=2147483647)
Estimation: min_time(1000) time_penalty +(1000)*(2) nodes_penalty +(1000)*(2)
MaxStep(time=30000, nodes=100000000, nodes_per_planning_second=100)
Ratio useful: 0
   Min alloted time: 60000 nodes: 10000000
   Max alloted time: 60000 nodes: 15000000
   Mult alloted time: 2 nodes: 2
   Ratio after relax: 0.8
building causal graph...done! [t=2.3376e-05s]
Sym variable order: 0 4 3 2 1 
Initializing Symbolic Variables
Num variables: 5 => 7
Initialize Symbolic Manager(14, 1142857, 16000000, 0)
Generating binary variables
Symbolic Variables... Done.
BOUND: 1 < 2147483647, total time: 0.281617s
BOUND: 2 < 2147483647, total time: 0.281729s
BOUND: 3 < 2147483647, total time: 0.281802s
BOUND: 4 < 2147483647, total time: 0.281854s
BOUND: 5 < 2147483647, total time: 0.281908s
Solution found with cost 5 total time: 0.281944s
Merging: 1
1 0.282209 1 13
Merging: 1
4 0.282385 1 13
Merging: 2
3 0.2825 1 8
Merging: 1
2 0.282587 1 8
Merging: 1
1 0.282658 1 8
BOUND: 5 < 5, total time: 0.282739s
Actual search time: 0.00125207s [t=0.282901s]
switch_on instrument2 satellite2 (1)
turn_to satellite2 groundstation2 groundstation3 (1)
calibrate satellite2 instrument2 groundstation2 (1)
turn_to satellite2 star5 groundstation2 (1)
take_image satellite2 star5 instrument2 image1 (1)
Plan length: 5 step(s).
Plan cost: 5
Bytes per state: 4
Search time: 0.0018653s
Total time: 0.282911s
Solution found.
Peak memory: 265756 KB
Running single search parser
