INFO     Running translator.
INFO     translator input: ['domain.pddl', 'problem.pddl']
INFO     translator arguments: []
INFO     translator time limit: None
INFO     translator memory limit: None
INFO     callstring: /usr/bin/python /mnt/data_server/torralba/subdominization/training/data/training_satellite/code-70296b3db083/builds/release32/bin/translate/translate.py domain.pddl problem.pddl
Parsing...
Parsing: [0.000s CPU, 0.009s wall-clock]
Normalizing task... [0.000s CPU, 0.000s wall-clock]
Instantiating...
Generating Datalog program... [0.000s CPU, 0.001s wall-clock]
Normalizing Datalog program...
Normalizing Datalog program: [0.010s CPU, 0.008s wall-clock]
Preparing model... [0.000s CPU, 0.002s wall-clock]
Generated 31 rules.
Computing model... [0.010s CPU, 0.013s wall-clock]
469 relevant atoms
136 auxiliary atoms
605 final queue length
898 total queue pushes
Completing instantiation... [0.020s CPU, 0.018s wall-clock]
Instantiating: [0.040s CPU, 0.045s wall-clock]
Computing fact groups...
Finding invariants...
12 initial candidates
Finding invariants: [0.000s CPU, 0.003s wall-clock]
Checking invariant weight... [0.000s CPU, 0.000s wall-clock]
Instantiating groups... [0.000s CPU, 0.000s wall-clock]
Collecting mutex groups... [0.000s CPU, 0.000s wall-clock]
Choosing groups...
32 uncovered facts
Choosing groups: [0.000s CPU, 0.000s wall-clock]
Building translation key... [0.000s CPU, 0.000s wall-clock]
Computing fact groups: [0.000s CPU, 0.005s wall-clock]
Building STRIPS to SAS dictionary... [0.000s CPU, 0.000s wall-clock]
Building dictionary for full mutex groups... [0.000s CPU, 0.000s wall-clock]
Building mutex information...
Building mutex information: [0.000s CPU, 0.000s wall-clock]
Translating task...
Processing axioms...
Simplifying axioms... [0.000s CPU, 0.000s wall-clock]
Processing axioms: [0.000s CPU, 0.001s wall-clock]
Translating task: [0.020s CPU, 0.018s wall-clock]
9 effect conditions simplified
0 implied preconditions added
Detecting unreachable propositions...
0 operators removed
0 axioms removed
2 propositions removed
Detecting unreachable propositions: [0.010s CPU, 0.011s wall-clock]
Translator variables: 34
Translator derived variables: 0
Translator facts: 88
Translator goal facts: 4
Translator mutex groups: 2
Translator total mutex groups size: 24
Translator operators: 321
Translator axioms: 0
Translator task size: 1221
Translator peak memory: 44520 KB
Writing output... [0.010s CPU, 0.015s wall-clock]
Done! [0.080s CPU, 0.103s wall-clock]
INFO     Running preprocessor (release32).
INFO     preprocessor input: output.sas
INFO     preprocessor arguments: []
INFO     preprocessor time limit: None
INFO     preprocessor memory limit: None
INFO     callstring: /mnt/data_server/torralba/subdominization/training/data/training_satellite/code-70296b3db083/builds/release32/bin/preprocess < output.sas
Building causal graph...
The causal graph is not acyclic.
14 variables of 34 necessary
0 of 2 mutex groups necessary.
281 of 321 operators necessary.
0 of 0 axiom rules necessary.
Initializing mutex computation...
Mutex computation initialized with 48 fluents.
iteration for mutex detection and operator pruning
Initialize m_index fw
Initialized mvalues forward: reached=196, notReached=1820, spurious=288
Initialize m_ops fw
Computing mutexes...
Mutex computation finished with reached=2006, notReached=10, spurious=288
0 operators are spurious because were not triggered
H^2 mutexes added fw: 10, unreachable: 0
0 of 281 operators detected as spurious
iteration for mutex detection and operator pruning
Initialize m_index bw
Init values regression
Initialized mvalues backward: reached=1646, notReached=360, spurious=298
Initialize m_ops bw
Computing mutexes...
Mutex computation finished with reached=2006, notReached=0, spurious=298
0 operators are spurious because were not triggered
H^2 mutexes added bw: 0, unreachable: 0
0 of 281 operators detected as spurious
Total mutex and disambiguation time: 0.00478 iterations: 2
5 of 5 mutex groups necessary.
281 of 281 operators necessary.
0 of 0 axiom rules necessary.
Change id of operators: 281
Change id of mutexes
Change id of goals
Change id of initial state
Remove unreachable facts from variables: 14
5 of 5 mutex groups necessary.
281 of 281 operators necessary.
0 of 0 axiom rules necessary.
Updating causal graph and pruning unnecessary facts
14 variables of 14 of 34 necessary
The causal graph is not acyclic.
14 variables of 14 necessary
5 of 5 mutex groups necessary.
281 of 281 operators necessary.
0 of 0 axiom rules necessary.
Building domain transition graphs...
solveable in poly time 0
Building successor generator...
Preprocessor variables: 14
Preprocessor facts: 48
Preprocessor derived variables: 0
Preprocessor operators: 281
Preprocessor mutex groups: 5
Preprocessor task size: 947
Writing output...
Preprocessor time: 0.0134113s
Preprocessor peak memory: 2244 KB
done
INFO     Running search (release32).
INFO     search input: output
INFO     search arguments: ['--search', 'sbd(store_operators_in_optimal_plan=true, cost_type=1)']
INFO     search time limit: 3600s
INFO     search memory limit: 4096 MB
INFO     search executable: /mnt/data_server/torralba/subdominization/training/data/training_satellite/code-70296b3db083/builds/release32/bin/downward
INFO     callstring: /mnt/data_server/torralba/subdominization/training/data/training_satellite/code-70296b3db083/builds/release32/bin/downward --search 'sbd(store_operators_in_optimal_plan=true, cost_type=1)' --internal-plan-file sas_plan < output
time limit 3600.00 -> (3600, 3601)
reading input... [t=0.000115885s]
done reading input! [t=0.00222568s]
packing state variables...done! [t=0.00223859s]
Variables: 14
FactPairs: 48
Bytes per state: 4
Building successor generator...done! [t=0.00240269s]
done initalizing global data [t=0.00240804s]
TR(time=60000, nodes=100000)
Mutex(time=60000, nodes=100000, type=edeletion)
Aux(time=2000, nodes=1000000)
Disj(nodes=2147483647)
Estimation: min_time(1000) time_penalty +(1000)*(2) nodes_penalty +(1000)*(2)
MaxStep(time=30000, nodes=100000000, nodes_per_planning_second=100)
Ratio useful: 0
   Min alloted time: 60000 nodes: 10000000
   Max alloted time: 60000 nodes: 15000000
   Mult alloted time: 2 nodes: 2
   Ratio after relax: 0.8
building causal graph...done! [t=6.6754e-05s]
Sym variable order: 6 8 7 12 11 1 9 5 13 10 0 4 3 2 
Initializing Symbolic Variables
Num variables: 14 => 20
Initialize Symbolic Manager(40, 400000, 16000000, 0)
Generating binary variables
Symbolic Variables... Done.
BOUND: 1 < 2147483647, total time: 0.347518s
BOUND: 2 < 2147483647, total time: 0.347694s
BOUND: 3 < 2147483647, total time: 0.347923s
BOUND: 4 < 2147483647, total time: 0.348141s
BOUND: 5 < 2147483647, total time: 0.348399s
BOUND: 6 < 2147483647, total time: 0.348736s
BOUND: 7 < 2147483647, total time: 0.34903s
BOUND: 8 < 2147483647, total time: 0.349508s
BOUND: 9 < 2147483647, total time: 0.349939s
BOUND: 10 < 2147483647, total time: 0.350507s
BOUND: 11 < 2147483647, total time: 0.351187s
Solution found with cost 11 total time: 0.351757s
Merging: 1
6 0.360967 1 46
Merging: 12
5 0.363941 1 40
Merging: 4
4 0.366807 1 25
Merging: 4
3 0.36879 1 21
Merging: 1
2 0.370546 1 21
Merging: 2
1 0.37235 1 29
Merging: 1
5 0.374818 1 46
Merging: 4
4 0.377037 1 56
Merging: 12
3 0.379199 1 56
Merging: 4
2 0.380927 1 46
Merging: 12
1 0.382468 1 40
BOUND: 11 < 11, total time: 0.383816s
Actual search time: 0.0365442s [t=0.384103s]
turn_to satellite1 groundstation1 phenomenon7 (1)
switch_on instrument1 satellite1 (1)
calibrate satellite1 instrument1 groundstation1 (1)
turn_to satellite1 phenomenon9 groundstation1 (1)
take_image satellite1 phenomenon9 instrument1 infrared0 (1)
turn_to satellite1 phenomenon10 phenomenon9 (1)
take_image satellite1 phenomenon10 instrument1 thermograph1 (1)
turn_to satellite1 star6 phenomenon10 (1)
take_image satellite1 star6 instrument1 infrared0 (1)
turn_to satellite1 star8 star6 (1)
take_image satellite1 star8 instrument1 thermograph1 (1)
Plan length: 11 step(s).
Plan cost: 11
Bytes per state: 4
Search time: 0.0418324s
Total time: 0.384113s
Solution found.
Peak memory: 227336 KB
Running single search parser
