INFO     Running translator.
INFO     translator input: ['domain.pddl', 'problem.pddl']
INFO     translator arguments: []
INFO     translator time limit: None
INFO     translator memory limit: None
INFO     callstring: /usr/bin/python /mnt/data_server/torralba/subdominization/training/data/training_agricola/code-70296b3db083/builds/release32/bin/translate/translate.py domain.pddl problem.pddl
Parsing...
Parsing: [0.020s CPU, 0.036s wall-clock]
Normalizing task... [0.000s CPU, 0.001s wall-clock]
Instantiating...
Generating Datalog program... [0.010s CPU, 0.005s wall-clock]
Normalizing Datalog program...
Normalizing Datalog program: [0.010s CPU, 0.020s wall-clock]
Preparing model... [0.020s CPU, 0.015s wall-clock]
Generated 258 rules.
Computing model... [0.520s CPU, 0.521s wall-clock]
13036 relevant atoms
1326 auxiliary atoms
14362 final queue length
48311 total queue pushes
Completing instantiation... [2.810s CPU, 2.836s wall-clock]
Instantiating: [3.380s CPU, 3.461s wall-clock]
Computing fact groups...
Finding invariants...
44 initial candidates
Finding invariants: [0.090s CPU, 0.091s wall-clock]
Checking invariant weight... [0.000s CPU, 0.000s wall-clock]
Instantiating groups... [0.000s CPU, 0.002s wall-clock]
Collecting mutex groups... [0.000s CPU, 0.000s wall-clock]
Choosing groups...
104 uncovered facts
Choosing groups: [0.000s CPU, 0.000s wall-clock]
Building translation key... [0.000s CPU, 0.001s wall-clock]
Computing fact groups: [0.090s CPU, 0.097s wall-clock]
Building STRIPS to SAS dictionary... [0.000s CPU, 0.000s wall-clock]
Building dictionary for full mutex groups... [0.000s CPU, 0.000s wall-clock]
Building mutex information...
Building mutex information: [0.000s CPU, 0.000s wall-clock]
Translating task...
Processing axioms...
Simplifying axioms... [0.000s CPU, 0.000s wall-clock]
Processing axioms: [0.100s CPU, 0.092s wall-clock]
Translating task: [2.080s CPU, 2.091s wall-clock]
13517 effect conditions simplified
0 implied preconditions added
Detecting unreachable propositions...
0 operators removed
0 axioms removed
33 propositions removed
Detecting unreachable propositions: [1.010s CPU, 1.007s wall-clock]
Translator variables: 98
Translator derived variables: 0
Translator facts: 215
Translator goal facts: 1
Translator mutex groups: 5
Translator total mutex groups size: 29
Translator operators: 12439
Translator axioms: 0
Translator task size: 136000
Translator peak memory: 171316 KB
Writing output... [0.280s CPU, 0.319s wall-clock]
Done! [6.920s CPU, 7.077s wall-clock]
INFO     Running preprocessor (release32).
INFO     preprocessor input: output.sas
INFO     preprocessor arguments: []
INFO     preprocessor time limit: None
INFO     preprocessor memory limit: None
INFO     callstring: /mnt/data_server/torralba/subdominization/training/data/training_agricola/code-70296b3db083/builds/release32/bin/preprocess < output.sas
Building causal graph...
The causal graph is not acyclic.
92 variables of 98 necessary
0 of 5 mutex groups necessary.
12439 of 12439 operators necessary.
0 of 0 axiom rules necessary.
Initializing mutex computation...
Mutex computation initialized with 203 fluents.
iteration for mutex detection and operator pruning
Initialize m_index fw
Initialized mvalues forward: reached=8464, notReached=32271, spurious=474
Initialize m_ops fw
Computing mutexes...
Mutex computation finished with reached=36015, notReached=4720, spurious=474
8510 operators are spurious because were not triggered
Unreachable proposition: Atom harvest_phase(stage4, harvest_feeding)
Unreachable proposition: Atom harvest_phase(stage4, harvest_breeding)
H^2 mutexes added fw: 3916, unreachable: 2
0 of 3929 operators detected as spurious
iteration for mutex detection and operator pruning
Initialize m_index bw
Init values regression
Initialized mvalues backward: reached=23549, notReached=12466, spurious=5194
Initialize m_ops bw
Computing mutexes...
Mutex computation finished with reached=35997, notReached=18, spurious=5194
0 operators are spurious because were not triggered
H^2 mutexes added bw: 18, unreachable: 0
0 of 3929 operators detected as spurious
iteration for mutex detection and operator pruning
Initialize m_index fw
Initialized mvalues forward: reached=8464, notReached=27533, spurious=5212
Initialize m_ops fw
Computing mutexes...
Mutex computation finished with reached=35997, notReached=0, spurious=5212
0 operators are spurious because were not triggered
H^2 mutexes added fw: 0, unreachable: 0
0 of 3929 operators detected as spurious
Total mutex and disambiguation time: 1.79662 iterations: 3
1967 of 1967 mutex groups necessary.
3929 of 12439 operators necessary.
0 of 0 axiom rules necessary.
Change id of operators: 3929
Change id of mutexes
Change id of goals
Change id of initial state
Remove unreachable facts from variables: 92
1967 of 1967 mutex groups necessary.
3929 of 3929 operators necessary.
0 of 0 axiom rules necessary.
Updating causal graph and pruning unnecessary facts
90 variables of 92 of 98 necessary
The causal graph is not acyclic.
89 variables of 90 necessary
1916 of 1967 mutex groups necessary.
3929 of 3929 operators necessary.
0 of 0 axiom rules necessary.
Building domain transition graphs...
solveable in poly time 0
Building successor generator...
Preprocessor variables: 89
Preprocessor facts: 197
Preprocessor derived variables: 0
Preprocessor operators: 3929
Preprocessor mutex groups: 1916
Preprocessor task size: 43626
Writing output...
Preprocessor time: 2.26508s
Preprocessor peak memory: 31152 KB
done
INFO     Running search (release32).
INFO     search input: output
INFO     search arguments: ['--search', 'sbw(store_operators_in_optimal_plan=true, cost_type=1)']
INFO     search time limit: 3600s
INFO     search memory limit: 4096 MB
INFO     search executable: /mnt/data_server/torralba/subdominization/training/data/training_agricola/code-70296b3db083/builds/release32/bin/downward
INFO     callstring: /mnt/data_server/torralba/subdominization/training/data/training_agricola/code-70296b3db083/builds/release32/bin/downward --search 'sbw(store_operators_in_optimal_plan=true, cost_type=1)' --internal-plan-file sas_plan < output
time limit 3600.00 -> (3600, 3601)
reading input... [t=0.00018326s]
done reading input! [t=0.0670453s]
packing state variables...done! [t=0.0670813s]
Variables: 89
FactPairs: 197
Bytes per state: 12
Building successor generator...done! [t=0.0869516s]
done initalizing global data [t=0.086978s]
TR(time=60000, nodes=100000)
Mutex(time=60000, nodes=100000, type=edeletion)
Aux(time=2000, nodes=1000000)
Disj(nodes=2147483647)
Estimation: min_time(1000) time_penalty +(1000)*(2) nodes_penalty +(1000)*(2)
MaxStep(time=30000, nodes=100000000, nodes_per_planning_second=100)
Ratio useful: 0
   Min alloted time: 60000 nodes: 10000000
   Max alloted time: 60000 nodes: 15000000
   Mult alloted time: 2 nodes: 2
   Ratio after relax: 0.8
building causal graph...done! [t=0.00698366s]
Sym variable order: 4 5 16 13 19 17 15 26 12 20 18 36 38 37 40 33 35 34 60 59 72 45 43 63 44 42 82 57 70 75 67 74 85 25 14 9 58 66 65 86 62 27 61 30 29 28 41 31 39 32 64 24 22 73 23 71 69 68 53 55 54 56 87 77 76 78 52 84 3 83 10 11 1 0 8 2 21 80 79 81 48 47 46 51 50 49 7 6 88 
Initializing Symbolic Variables
Num variables: 89 => 95
Initialize Symbolic Manager(190, 84210, 16000000, 0)
Generating binary variables
Symbolic Variables... Done.
BOUND: 1 < 2147483647, total time: 1.83958s
BOUND: 2 < 2147483647, total time: 1.84774s
BOUND: 3 < 2147483647, total time: 1.84954s
BOUND: 4 < 2147483647, total time: 1.85095s
BOUND: 5 < 2147483647, total time: 1.85286s
BOUND: 6 < 2147483647, total time: 1.85511s
BOUND: 7 < 2147483647, total time: 1.86078s
BOUND: 8 < 2147483647, total time: 1.8868s
BOUND: 9 < 2147483647, total time: 1.94045s
BOUND: 10 < 2147483647, total time: 2.0065s
BOUND: 11 < 2147483647, total time: 2.04413s
BOUND: 12 < 2147483647, total time: 2.06966s
BOUND: 13 < 2147483647, total time: 2.10757s
BOUND: 14 < 2147483647, total time: 2.18809s
BOUND: 15 < 2147483647, total time: 2.28848s
BOUND: 16 < 2147483647, total time: 2.36048s
BOUND: 17 < 2147483647, total time: 2.39138s
BOUND: 18 < 2147483647, total time: 2.39972s
BOUND: 19 < 2147483647, total time: 2.40696s
BOUND: 20 < 2147483647, total time: 2.41675s
BOUND: 21 < 2147483647, total time: 2.43627s
BOUND: 22 < 2147483647, total time: 2.46606s
BOUND: 23 < 2147483647, total time: 2.50349s
BOUND: 24 < 2147483647, total time: 2.54789s
BOUND: 25 < 2147483647, total time: 2.60127s
BOUND: 26 < 2147483647, total time: 2.65333s
BOUND: 27 < 2147483647, total time: 2.69051s
BOUND: 28 < 2147483647, total time: 2.70825s
BOUND: 29 < 2147483647, total time: 2.72504s
BOUND: 30 < 2147483647, total time: 2.75062s
BOUND: 31 < 2147483647, total time: 2.77916s
BOUND: 32 < 2147483647, total time: 2.8026s
BOUND: 33 < 2147483647, total time: 2.81566s
BOUND: 34 < 2147483647, total time: 2.8225s
BOUND: 35 < 2147483647, total time: 2.83159s
BOUND: 36 < 2147483647, total time: 2.84178s
BOUND: 37 < 2147483647, total time: 2.84984s
BOUND: 38 < 2147483647, total time: 2.85687s
BOUND: 39 < 2147483647, total time: 2.86356s
BOUND: 40 < 2147483647, total time: 2.87101s
BOUND: 41 < 2147483647, total time: 2.87483s
BOUND: 42 < 2147483647, total time: 2.8777s
BOUND: 43 < 2147483647, total time: 2.88218s
BOUND: 44 < 2147483647, total time: 2.8906s
BOUND: 45 < 2147483647, total time: 2.90013s
BOUND: 46 < 2147483647, total time: 2.90793s
BOUND: 47 < 2147483647, total time: 2.91351s
BOUND: 48 < 2147483647, total time: 2.91602s
BOUND: 49 < 2147483647, total time: 2.91802s
BOUND: 50 < 2147483647, total time: 2.92068s
BOUND: 51 < 2147483647, total time: 2.9225s
BOUND: 52 < 2147483647, total time: 2.92399s
BOUND: 53 < 2147483647, total time: 2.92513s
Solution found with cost 53 total time: 2.92625s
Merging: 1
53 3.2124 1 96
Merging: 8
52 3.22393 1 269
Merging: 8
51 3.24934 1 591
Merging: 1
50 3.28803 1 591
Merging: 4
49 3.32198 1 139
Merging: 1
48 3.33606 1 139
Merging: 12
47 3.35139 1 502
Merging: 12
46 3.389 1 1230
Merging: 1
45 3.4474 1 1230
Merging: 4
44 3.50952 1 245
Merging: 1
43 3.52582 1 245
Merging: 13
42 3.54388 1 931
Merging: 13
41 3.60051 1 1803
Merging: 1
40 3.67738 1 1803
Merging: 4
39 3.77317 1 263
Merging: 1
38 3.78822 1 263
Merging: 16
37 3.81129 1 1252
Merging: 19
36 3.8846 1 3153
Merging: 1
35 3.99045 1 3153
Merging: 4
34 4.12102 1 323
Merging: 1
33 4.14501 1 323
Merging: 5
32 4.17197 1 312
Merging: 1
31 4.19547 1 312
Merging: 1
30 4.21824 1 312
Merging: 19
29 4.24414 1 1666
Merging: 19
28 4.33627 1 4404
Merging: 1
27 4.48439 1 4404
Merging: 4
26 4.71436 1 376
Merging: 1
25 4.73524 1 376
Merging: 22
24 4.76451 1 2217
Merging: 22
23 4.88343 1 6481
Merging: 1
22 5.06659 1 6481
Merging: 4
21 5.37603 1 432
Merging: 1
20 5.39718 1 432
Merging: 25
19 5.42869 1 2704
Merging: 25
18 5.55793 1 7785
Merging: 1
17 5.74641 1 7785
Merging: 4
16 6.06385 1 626
Merging: 1
15 6.09299 1 626
Merging: 5
14 6.12085 1 658
Merging: 1
13 6.14874 1 658
Merging: 1
12 6.17506 1 658
Merging: 27
11 6.21457 1 3431
Merging: 54
10 6.37819 1 7792
Merging: 1
9 6.56291 1 7792
Merging: 4
8 6.87406 1 1056
Merging: 1
7 6.89815 1 1056
Merging: 77
6 6.96268 1 4615
Merging: 77
5 7.22231 1 10465
Merging: 2
4 7.65802 1 10464
Merging: 4
3 8.02821 1 1198
Merging: 1
2 8.07397 1 1198
Merging: 10
1 8.11628 1 1236
BOUND: 53 < 53, total time: 8.15757s
Actual search time: 6.32013s [t=8.15974s]
collect_resource worker2 worker1 worker2 round1 act_clay clay (60)
collect_resource worker1 noworker worker2 round1 act_reed reed (60)
ag__finish_round_backhome round1 worker2 (1)
ag__finish_round_renew round1 noworker (1)
ag__advance_round_normal round1 round2 act_sow (1)
collect_resource worker2 worker1 worker2 round2 act_clay clay (60)
collect_resource worker1 noworker worker2 round2 act_reed reed (60)
ag__finish_round_backhome round2 worker2 (1)
ag__finish_round_renew round2 noworker (1)
ag__advance_round_normal round2 round3 act_family (1)
collect_resource worker2 worker1 worker2 round3 act_clay clay (60)
take_food worker1 noworker worker2 round3 num3 num4 (60)
ag__finish_round_backhome round3 worker2 (1)
ag__finish_round_renew round3 noworker (1)
ag__advance_round_normal round3 round4 act_fences (1)
build_fences boar worker2 worker1 worker2 round4 (60)
take_food worker1 noworker worker2 round4 num4 num5 (60)
ag__finish_round_backhome round4 worker2 (1)
ag__finish_round_renew round4 noworker (1)
ag__harvest_collect_end round4 stage1 (1)
ag__harvest_feed round4 stage1 worker2 num5 num4 num1 (1)
ag__harvest_breed_end round4 stage1 (1)
ag__finish_stage stage1 stage2 round4 round5 act_carrot (1)
build_fences boar worker2 worker1 worker2 round5 (60)
take_food worker1 noworker worker2 round5 num1 num2 (60)
ag__finish_round_backhome round5 worker2 (1)
ag__finish_round_renew round5 noworker (1)
ag__advance_round_normal round5 round6 act_boar (1)
build_fences boar worker2 worker1 worker2 round6 (60)
take_food worker1 noworker worker2 round6 num2 num3 (60)
ag__finish_round_backhome round6 worker2 (1)
ag__finish_round_renew round6 noworker (1)
ag__advance_round_normal round6 round7 act_cattle (1)
build_fences boar worker2 worker1 worker2 round7 (60)
take_food worker1 noworker worker2 round7 num3 num4 (60)
ag__finish_round_backhome round7 worker2 (1)
ag__finish_round_renew round7 noworker (1)
ag__harvest_collect_end round7 stage2 (1)
ag__harvest_feed round7 stage2 worker2 num4 num4 num0 (1)
ag__harvest_breed_end round7 stage2 (1)
ag__finish_stage stage2 stage3 round7 round8 act_improve (1)
collect_resource worker2 worker1 worker2 round8 act_stone stone (60)
improve_home worker1 noworker worker2 round8 fireplace (60)
ag__finish_round_backhome round8 worker2 (1)
ag__finish_round_renew round8 noworker (1)
ag__advance_round_normal round8 round9 void (1)
collect_cook_animal boar act_boar worker2 worker1 worker2 round9 num0 num2 (60)
collect_cook_animal boar act_cattle worker1 noworker worker2 round9 num2 num4 (60)
ag__finish_round_backhome round9 worker2 (1)
ag__finish_round_renew round9 noworker (1)
ag__harvest_collect_end round9 stage3 (1)
ag__harvest_feed round9 stage3 worker2 num4 num4 num0 (1)
ag__harvest_breed_end round9 stage3 (1)
Plan length: 53 step(s).
Plan cost: 1115
Bytes per state: 12
Search time: 6.74323s
Total time: 8.15975s
Solution found.
Peak memory: 297532 KB
Running single search parser
