INFO     Running translator.
INFO     translator input: ['domain.pddl', 'problem.pddl']
INFO     translator arguments: []
INFO     translator time limit: None
INFO     translator memory limit: None
INFO     callstring: /usr/bin/python /mnt/data_server/torralba/subdominization/training/data/training_depots/code-70296b3db083/builds/release32/bin/translate/translate.py domain.pddl problem.pddl
Parsing...
Parsing: [0.000s CPU, 0.009s wall-clock]
Normalizing task... [0.000s CPU, 0.000s wall-clock]
Instantiating...
Generating Datalog program... [0.000s CPU, 0.001s wall-clock]
Normalizing Datalog program...
Normalizing Datalog program: [0.010s CPU, 0.023s wall-clock]
Preparing model... [0.000s CPU, 0.003s wall-clock]
Generated 43 rules.
Computing model... [0.050s CPU, 0.055s wall-clock]
950 relevant atoms
857 auxiliary atoms
1807 final queue length
3373 total queue pushes
Completing instantiation... [0.070s CPU, 0.077s wall-clock]
Instantiating: [0.130s CPU, 0.163s wall-clock]
Computing fact groups...
Finding invariants...
16 initial candidates
Finding invariants: [0.020s CPU, 0.012s wall-clock]
Checking invariant weight... [0.000s CPU, 0.001s wall-clock]
Instantiating groups... [0.000s CPU, 0.007s wall-clock]
Collecting mutex groups... [0.010s CPU, 0.000s wall-clock]
Choosing groups...
23 uncovered facts
Choosing groups: [0.000s CPU, 0.002s wall-clock]
Building translation key... [0.000s CPU, 0.001s wall-clock]
Computing fact groups: [0.030s CPU, 0.026s wall-clock]
Building STRIPS to SAS dictionary... [0.000s CPU, 0.000s wall-clock]
Building dictionary for full mutex groups... [0.000s CPU, 0.001s wall-clock]
Building mutex information...
Building mutex information: [0.000s CPU, 0.001s wall-clock]
Translating task...
Processing axioms...
Simplifying axioms... [0.000s CPU, 0.000s wall-clock]
Processing axioms: [0.010s CPU, 0.004s wall-clock]
Translating task: [0.090s CPU, 0.091s wall-clock]
812 effect conditions simplified
0 implied preconditions added
Detecting unreachable propositions...
0 operators removed
0 axioms removed
32 propositions removed
Detecting unreachable propositions: [0.040s CPU, 0.042s wall-clock]
Translator variables: 31
Translator derived variables: 0
Translator facts: 185
Translator goal facts: 7
Translator mutex groups: 31
Translator total mutex groups size: 345
Translator operators: 612
Translator axioms: 0
Translator task size: 5792
Translator peak memory: 49648 KB
Writing output... [0.010s CPU, 0.035s wall-clock]
Done! [0.310s CPU, 0.373s wall-clock]
INFO     Running preprocessor (release32).
INFO     preprocessor input: output.sas
INFO     preprocessor arguments: []
INFO     preprocessor time limit: None
INFO     preprocessor memory limit: None
INFO     callstring: /mnt/data_server/torralba/subdominization/training/data/training_depots/code-70296b3db083/builds/release32/bin/preprocess < output.sas
Building causal graph...
The causal graph is not acyclic.
31 variables of 31 necessary
22 of 31 mutex groups necessary.
612 of 612 operators necessary.
0 of 0 axiom rules necessary.
Initializing mutex computation...
Mutex computation initialized with 185 fluents.
iteration for mutex detection and operator pruning
Initialize m_index fw
Initialized mvalues forward: reached=961, notReached=29724, spurious=3540
Initialize m_ops fw
Computing mutexes...
Mutex computation finished with reached=30237, notReached=448, spurious=3540
84 operators are spurious because were not triggered
H^2 mutexes added fw: 448, unreachable: 0
0 of 528 operators detected as spurious
iteration for mutex detection and operator pruning
Initialize m_index bw
Init values regression
Initialized mvalues backward: reached=3161, notReached=27076, spurious=3988
Initialize m_ops bw
Computing mutexes...
Mutex computation finished with reached=30237, notReached=0, spurious=3988
0 operators are spurious because were not triggered
H^2 mutexes added bw: 0, unreachable: 0
0 of 528 operators detected as spurious
Total mutex and disambiguation time: 0.062837 iterations: 2
246 of 246 mutex groups necessary.
528 of 612 operators necessary.
0 of 0 axiom rules necessary.
Change id of operators: 528
Change id of mutexes
Change id of goals
Change id of initial state
Remove unreachable facts from variables: 31
246 of 246 mutex groups necessary.
528 of 528 operators necessary.
0 of 0 axiom rules necessary.
Updating causal graph and pruning unnecessary facts
31 variables of 31 of 31 necessary
The causal graph is not acyclic.
31 variables of 31 necessary
246 of 246 mutex groups necessary.
528 of 528 operators necessary.
0 of 0 axiom rules necessary.
Building domain transition graphs...
solveable in poly time 0
Building successor generator...
Preprocessor variables: 31
Preprocessor facts: 185
Preprocessor derived variables: 0
Preprocessor operators: 528
Preprocessor mutex groups: 246
Preprocessor task size: 5280
Writing output...
Preprocessor time: 0.125666s
Preprocessor peak memory: 2988 KB
done
INFO     Running search (release32).
INFO     search input: output
INFO     search arguments: ['--search', 'sbd(store_operators_in_optimal_plan=true, cost_type=1)']
INFO     search time limit: 3600s
INFO     search memory limit: 4096 MB
INFO     search executable: /mnt/data_server/torralba/subdominization/training/data/training_depots/code-70296b3db083/builds/release32/bin/downward
INFO     callstring: /mnt/data_server/torralba/subdominization/training/data/training_depots/code-70296b3db083/builds/release32/bin/downward --search 'sbd(store_operators_in_optimal_plan=true, cost_type=1)' --internal-plan-file sas_plan < output
time limit 3600.00 -> (3600, 3601)
reading input... [t=0.000149502s]
done reading input! [t=0.0105138s]
packing state variables...done! [t=0.0105451s]
Variables: 31
FactPairs: 185
Bytes per state: 12
Building successor generator...done! [t=0.0122041s]
done initalizing global data [t=0.0122129s]
TR(time=60000, nodes=100000)
Mutex(time=60000, nodes=100000, type=edeletion)
Aux(time=2000, nodes=1000000)
Disj(nodes=2147483647)
Estimation: min_time(1000) time_penalty +(1000)*(2) nodes_penalty +(1000)*(2)
MaxStep(time=30000, nodes=100000000, nodes_per_planning_second=100)
Ratio useful: 0
   Min alloted time: 60000 nodes: 10000000
   Max alloted time: 60000 nodes: 15000000
   Mult alloted time: 2 nodes: 2
   Ratio after relax: 0.8
building causal graph...done! [t=0.00133614s]
Sym variable order: 4 2 5 3 24 25 12 6 13 21 7 9 19 17 8 11 15 18 14 10 27 28 30 29 26 22 16 23 20 1 0 
Initializing Symbolic Variables
Num variables: 31 => 68
Initialize Symbolic Manager(136, 117647, 16000000, 0)
Generating binary variables
Symbolic Variables... Done.
BOUND: 1 < 2147483647, total time: 1.28362s
BOUND: 2 < 2147483647, total time: 1.28529s
BOUND: 3 < 2147483647, total time: 1.2861s
BOUND: 4 < 2147483647, total time: 1.28734s
BOUND: 5 < 2147483647, total time: 1.29085s
BOUND: 6 < 2147483647, total time: 1.29295s
BOUND: 7 < 2147483647, total time: 1.29613s
BOUND: 8 < 2147483647, total time: 1.30246s
BOUND: 9 < 2147483647, total time: 1.31381s
BOUND: 10 < 2147483647, total time: 1.32714s
BOUND: 11 < 2147483647, total time: 1.35883s
BOUND: 12 < 2147483647, total time: 1.38428s
BOUND: 13 < 2147483647, total time: 1.43084s
BOUND: 14 < 2147483647, total time: 1.5189s
BOUND: 15 < 2147483647, total time: 1.6019s
BOUND: 16 < 2147483647, total time: 1.74622s
BOUND: 17 < 2147483647, total time: 1.95922s
BOUND: 18 < 2147483647, total time: 2.21307s
BOUND: 19 < 2147483647, total time: 2.62857s
BOUND: 20 < 2147483647, total time: 3.1166s
BOUND: 21 < 2147483647, total time: 3.81865s
BOUND: 22 < 2147483647, total time: 4.98806s
BOUND: 23 < 2147483647, total time: 6.47087s
BOUND: 24 < 2147483647, total time: 9.12905s
BOUND: 25 < 2147483647, total time: 11.3153s
BOUND: 26 < 2147483647, total time: 14.8376s
BOUND: 27 < 2147483647, total time: 18.8256s
BOUND: 28 < 2147483647, total time: 26.99s
BOUND: 29 < 2147483647, total time: 34.8971s
BOUND: 30 < 2147483647, total time: 46.0355s
BOUND: 31 < 2147483647, total time: 63.9902s
Solution found with cost 31 total time: 80.4004s
Merging: 1
19 80.5813 1 130
Merging: 3
18 80.5994 1 130
Merging: 3
17 80.6198 1 130
Merging: 3
16 80.6393 1 130
Merging: 3
15 80.6583 1 130
Merging: 4
14 80.6777 1 168
Merging: 3
13 80.7023 1 168
Merging: 4
12 80.7264 1 104
Merging: 3
11 80.7408 1 128
Merging: 3
10 80.7599 1 130
Merging: 3
9 80.7787 1 104
Merging: 4
8 80.7931 1 152
Merging: 4
7 80.8142 1 186
Merging: 5
6 80.839 1 210
Merging: 5
5 80.8688 1 210
Merging: 5
4 80.8966 1 184
Merging: 5
3 80.9208 1 184
Merging: 5
2 80.9448 1 197
Merging: 4
1 80.9713 1 163
Merging: 1
12 80.9932 1 130
Merging: 3
11 80.998 1 130
Merging: 3
10 81.002 1 130
Merging: 3
9 81.0066 1 130
Merging: 3
8 81.01 1 130
Merging: 3
7 81.0139 1 130
Merging: 4
6 81.0174 1 184
Merging: 4
5 81.0234 1 234
Merging: 5
4 81.0303 1 242
Merging: 5
3 81.0375 1 244
Merging: 5
2 81.0448 1 236
Merging: 4
1 81.0506 1 184
BOUND: 31 < 31, total time: 81.0552s
Actual search time: 79.8152s [t=81.1s]
lift hoist2 crate6 crate5 distributor0 (1)
load hoist2 crate6 truck0 distributor0 (1)
lift hoist2 crate5 crate3 distributor0 (1)
load hoist2 crate5 truck0 distributor0 (1)
lift hoist2 crate3 pallet2 distributor0 (1)
load hoist2 crate3 truck0 distributor0 (1)
lift hoist3 crate4 crate0 distributor1 (1)
drive truck0 distributor0 distributor1 (1)
load hoist3 crate4 truck0 distributor1 (1)
lift hoist3 crate0 pallet3 distributor1 (1)
load hoist3 crate0 truck0 distributor1 (1)
unload hoist3 crate5 truck0 distributor1 (1)
lift hoist1 crate2 crate1 depot1 (1)
drive truck0 distributor1 depot1 (1)
load hoist1 crate2 truck0 depot1 (1)
lift hoist1 crate1 pallet1 depot1 (1)
load hoist1 crate1 truck0 depot1 (1)
unload hoist1 crate4 truck0 depot1 (1)
drop hoist1 crate4 pallet1 depot1 (1)
drop hoist3 crate5 pallet3 distributor1 (1)
unload hoist1 crate3 truck0 depot1 (1)
drop hoist1 crate3 crate4 depot1 (1)
unload hoist1 crate0 truck0 depot1 (1)
drop hoist1 crate0 crate3 depot1 (1)
unload hoist1 crate6 truck0 depot1 (1)
drive truck0 depot1 distributor0 (1)
drop hoist1 crate6 crate0 depot1 (1)
unload hoist2 crate2 truck0 distributor0 (1)
drop hoist2 crate2 pallet2 distributor0 (1)
unload hoist2 crate1 truck0 distributor0 (1)
drop hoist2 crate1 crate2 distributor0 (1)
Plan length: 31 step(s).
Plan cost: 31
Bytes per state: 12
Search time: 80.5863s
Total time: 81.1s
Solution found.
Peak memory: 570332 KB
Running single search parser
