INFO     Running translator.
INFO     translator input: ['domain.pddl', 'problem.pddl']
INFO     translator arguments: []
INFO     translator time limit: None
INFO     translator memory limit: None
INFO     callstring: /usr/bin/python /mnt/data_server/torralba/subdominization/training/data/training_satellite/code-70296b3db083/builds/release32/bin/translate/translate.py domain.pddl problem.pddl
Parsing...
Parsing: [0.010s CPU, 0.124s wall-clock]
Normalizing task... [0.000s CPU, 0.000s wall-clock]
Instantiating...
Generating Datalog program... [0.000s CPU, 0.001s wall-clock]
Normalizing Datalog program...
Normalizing Datalog program: [0.000s CPU, 3.260s wall-clock]
Preparing model... [0.010s CPU, 0.003s wall-clock]
Generated 31 rules.
Computing model... [0.010s CPU, 0.012s wall-clock]
460 relevant atoms
266 auxiliary atoms
726 final queue length
961 total queue pushes
Completing instantiation... [0.020s CPU, 0.013s wall-clock]
Instantiating: [0.040s CPU, 3.301s wall-clock]
Computing fact groups...
Finding invariants...
12 initial candidates
Finding invariants: [0.000s CPU, 0.002s wall-clock]
Checking invariant weight... [0.000s CPU, 0.000s wall-clock]
Instantiating groups... [0.000s CPU, 0.000s wall-clock]
Collecting mutex groups... [0.000s CPU, 0.000s wall-clock]
Choosing groups...
40 uncovered facts
Choosing groups: [0.000s CPU, 0.000s wall-clock]
Building translation key... [0.000s CPU, 0.000s wall-clock]
Computing fact groups: [0.000s CPU, 0.004s wall-clock]
Building STRIPS to SAS dictionary... [0.000s CPU, 0.000s wall-clock]
Building dictionary for full mutex groups... [0.000s CPU, 0.000s wall-clock]
Building mutex information...
Building mutex information: [0.000s CPU, 0.000s wall-clock]
Translating task...
Processing axioms...
Simplifying axioms... [0.000s CPU, 0.000s wall-clock]
Processing axioms: [0.000s CPU, 0.001s wall-clock]
Translating task: [0.010s CPU, 0.011s wall-clock]
27 effect conditions simplified
0 implied preconditions added
Detecting unreachable propositions...
0 operators removed
0 axioms removed
4 propositions removed
Detecting unreachable propositions: [0.010s CPU, 0.006s wall-clock]
Translator variables: 44
Translator derived variables: 0
Translator facts: 104
Translator goal facts: 1
Translator mutex groups: 4
Translator total mutex groups size: 24
Translator operators: 267
Translator axioms: 0
Translator task size: 1250
Translator peak memory: 44600 KB
Writing output... [0.000s CPU, 0.032s wall-clock]
Done! [0.070s CPU, 3.478s wall-clock]
INFO     Running preprocessor (release32).
INFO     preprocessor input: output.sas
INFO     preprocessor arguments: []
INFO     preprocessor time limit: None
INFO     preprocessor memory limit: None
INFO     callstring: /mnt/data_server/torralba/subdominization/training/data/training_satellite/code-70296b3db083/builds/release32/bin/preprocess < output.sas
Building causal graph...
The causal graph is not acyclic.
1 variables of 44 necessary
0 of 4 mutex groups necessary.
30 of 267 operators necessary.
0 of 0 axiom rules necessary.
Initializing mutex computation...
Mutex computation initialized with 6 fluents.
iteration for mutex detection and operator pruning
Initialize m_index fw
Initialized mvalues forward: reached=1, notReached=5, spurious=30
Initialize m_ops fw
Computing mutexes...
Mutex computation finished with reached=6, notReached=0, spurious=30
0 operators are spurious because were not triggered
H^2 mutexes added fw: 0, unreachable: 0
0 of 30 operators detected as spurious
iteration for mutex detection and operator pruning
Initialize m_index bw
Init values regression
Initialized mvalues backward: reached=1, notReached=5, spurious=30
Initialize m_ops bw
Computing mutexes...
Mutex computation finished with reached=6, notReached=0, spurious=30
0 operators are spurious because were not triggered
H^2 mutexes added bw: 0, unreachable: 0
0 of 30 operators detected as spurious
Total mutex and disambiguation time: 0.000116 iterations: 2
0 of 0 mutex groups necessary.
30 of 30 operators necessary.
0 of 0 axiom rules necessary.
Change id of operators: 30
Change id of mutexes
Change id of goals
Change id of initial state
Remove unreachable facts from variables: 1
0 of 0 mutex groups necessary.
30 of 30 operators necessary.
0 of 0 axiom rules necessary.
Updating causal graph and pruning unnecessary facts
1 variables of 1 of 44 necessary
The causal graph is acyclic.
1 variables of 1 necessary
0 of 0 mutex groups necessary.
30 of 30 operators necessary.
0 of 0 axiom rules necessary.
Building domain transition graphs...
solveable in poly time 0
Building successor generator...
Preprocessor variables: 1
Preprocessor facts: 6
Preprocessor derived variables: 0
Preprocessor operators: 30
Preprocessor mutex groups: 0
Preprocessor task size: 98
Writing output...
Preprocessor time: 0.00362386s
Preprocessor peak memory: 2256 KB
done
INFO     Running search (release32).
INFO     search input: output
INFO     search arguments: ['--search', 'sbd(store_operators_in_optimal_plan=true, cost_type=1)']
INFO     search time limit: 3600s
INFO     search memory limit: 4096 MB
INFO     search executable: /mnt/data_server/torralba/subdominization/training/data/training_satellite/code-70296b3db083/builds/release32/bin/downward
INFO     callstring: /mnt/data_server/torralba/subdominization/training/data/training_satellite/code-70296b3db083/builds/release32/bin/downward --search 'sbd(store_operators_in_optimal_plan=true, cost_type=1)' --internal-plan-file sas_plan < output
time limit 3600.00 -> (3600, 3601)
reading input... [t=0.000119052s]
done reading input! [t=0.000350355s]
packing state variables...done! [t=0.000357061s]
Variables: 1
FactPairs: 6
Bytes per state: 4
Building successor generator...done! [t=0.000379522s]
done initalizing global data [t=0.000382492s]
TR(time=60000, nodes=100000)
Mutex(time=60000, nodes=100000, type=edeletion)
Aux(time=2000, nodes=1000000)
Disj(nodes=2147483647)
Estimation: min_time(1000) time_penalty +(1000)*(2) nodes_penalty +(1000)*(2)
MaxStep(time=30000, nodes=100000000, nodes_per_planning_second=100)
Ratio useful: 0
   Min alloted time: 60000 nodes: 10000000
   Max alloted time: 60000 nodes: 15000000
   Mult alloted time: 2 nodes: 2
   Ratio after relax: 0.8
building causal graph...done! [t=5.663e-06s]
Sym variable order: 0 
Initializing Symbolic Variables
Num variables: 1 => 3
Initialize Symbolic Manager(6, 2666666, 16000000, 0)
Generating binary variables
Symbolic Variables... Done.
BOUND: 1 < 2147483647, total time: 0.196842s
BOUND: 2 < 2147483647, total time: 0.196893s
Solution found with cost 2 total time: 0.19692s
Merging: 1
1 0.196981 1 5
Merging: 1
1 0.197064 1 5
BOUND: 2 < 2, total time: 0.19715s
Actual search time: 0.000431502s [t=0.197295s]
turn_to satellite3 groundstation2 groundstation1 (1)
turn_to satellite3 groundstation1 groundstation2 (1)
Plan length: 2 step(s).
Plan cost: 2
Bytes per state: 4
Search time: 0.000761513s
Total time: 0.197303s
Solution found.
Peak memory: 257392 KB
Running single search parser
