INFO     Running translator.
INFO     translator input: ['domain.pddl', 'problem.pddl']
INFO     translator arguments: []
INFO     translator time limit: None
INFO     translator memory limit: None
INFO     callstring: /usr/bin/python /mnt/data_server/torralba/subdominization/training/data/training_satellite/code-70296b3db083/builds/release32/bin/translate/translate.py domain.pddl problem.pddl
Parsing...
Parsing: [0.020s CPU, 0.014s wall-clock]
Normalizing task... [0.000s CPU, 0.000s wall-clock]
Instantiating...
Generating Datalog program... [0.000s CPU, 0.001s wall-clock]
Normalizing Datalog program...
Normalizing Datalog program: [0.000s CPU, 0.010s wall-clock]
Preparing model... [0.000s CPU, 0.002s wall-clock]
Generated 31 rules.
Computing model... [0.020s CPU, 0.013s wall-clock]
374 relevant atoms
135 auxiliary atoms
509 final queue length
686 total queue pushes
Completing instantiation... [0.010s CPU, 0.013s wall-clock]
Instantiating: [0.030s CPU, 0.053s wall-clock]
Computing fact groups...
Finding invariants...
12 initial candidates
Finding invariants: [0.000s CPU, 0.003s wall-clock]
Checking invariant weight... [0.000s CPU, 0.000s wall-clock]
Instantiating groups... [0.000s CPU, 0.000s wall-clock]
Collecting mutex groups... [0.000s CPU, 0.000s wall-clock]
Choosing groups...
46 uncovered facts
Choosing groups: [0.000s CPU, 0.000s wall-clock]
Building translation key... [0.000s CPU, 0.001s wall-clock]
Computing fact groups: [0.000s CPU, 0.005s wall-clock]
Building STRIPS to SAS dictionary... [0.000s CPU, 0.000s wall-clock]
Building dictionary for full mutex groups... [0.000s CPU, 0.000s wall-clock]
Building mutex information...
Building mutex information: [0.000s CPU, 0.000s wall-clock]
Translating task...
Processing axioms...
Simplifying axioms... [0.000s CPU, 0.000s wall-clock]
Processing axioms: [0.010s CPU, 0.001s wall-clock]
Translating task: [0.020s CPU, 0.013s wall-clock]
12 effect conditions simplified
0 implied preconditions added
Detecting unreachable propositions...
0 operators removed
0 axioms removed
2 propositions removed
Detecting unreachable propositions: [0.000s CPU, 0.008s wall-clock]
Translator variables: 48
Translator derived variables: 0
Translator facts: 110
Translator goal facts: 5
Translator mutex groups: 2
Translator total mutex groups size: 18
Translator operators: 219
Translator axioms: 0
Translator task size: 980
Translator peak memory: 44012 KB
Writing output... [0.000s CPU, 0.006s wall-clock]
Done! [0.080s CPU, 0.100s wall-clock]
INFO     Running preprocessor (release32).
INFO     preprocessor input: output.sas
INFO     preprocessor arguments: []
INFO     preprocessor time limit: None
INFO     preprocessor memory limit: None
INFO     callstring: /mnt/data_server/torralba/subdominization/training/data/training_satellite/code-70296b3db083/builds/release32/bin/preprocess < output.sas
Building causal graph...
The causal graph is not acyclic.
15 variables of 48 necessary
0 of 2 mutex groups necessary.
163 of 219 operators necessary.
0 of 0 axiom rules necessary.
Initializing mutex computation...
Mutex computation initialized with 44 fluents.
iteration for mutex detection and operator pruning
Initialize m_index fw
Initialized mvalues forward: reached=225, notReached=1541, spurious=170
Initialize m_ops fw
Computing mutexes...
Mutex computation finished with reached=1750, notReached=16, spurious=170
0 operators are spurious because were not triggered
H^2 mutexes added fw: 16, unreachable: 0
0 of 163 operators detected as spurious
iteration for mutex detection and operator pruning
Initialize m_index bw
Init values regression
Initialized mvalues backward: reached=589, notReached=1161, spurious=186
Initialize m_ops bw
Computing mutexes...
Mutex computation finished with reached=1750, notReached=0, spurious=186
0 operators are spurious because were not triggered
H^2 mutexes added bw: 0, unreachable: 0
0 of 163 operators detected as spurious
Total mutex and disambiguation time: 0.002839 iterations: 2
8 of 8 mutex groups necessary.
163 of 163 operators necessary.
0 of 0 axiom rules necessary.
Change id of operators: 163
Change id of mutexes
Change id of goals
Change id of initial state
Remove unreachable facts from variables: 15
8 of 8 mutex groups necessary.
163 of 163 operators necessary.
0 of 0 axiom rules necessary.
Updating causal graph and pruning unnecessary facts
15 variables of 15 of 48 necessary
The causal graph is not acyclic.
15 variables of 15 necessary
8 of 8 mutex groups necessary.
163 of 163 operators necessary.
0 of 0 axiom rules necessary.
Building domain transition graphs...
solveable in poly time 0
Building successor generator...
Preprocessor variables: 15
Preprocessor facts: 44
Preprocessor derived variables: 0
Preprocessor operators: 163
Preprocessor mutex groups: 8
Preprocessor task size: 599
Writing output...
Preprocessor time: 0.00906205s
Preprocessor peak memory: 2232 KB
done
INFO     Running search (release32).
INFO     search input: output
INFO     search arguments: ['--search', 'sbd(store_operators_in_optimal_plan=true, cost_type=1)']
INFO     search time limit: 3600s
INFO     search memory limit: 4096 MB
INFO     search executable: /mnt/data_server/torralba/subdominization/training/data/training_satellite/code-70296b3db083/builds/release32/bin/downward
INFO     callstring: /mnt/data_server/torralba/subdominization/training/data/training_satellite/code-70296b3db083/builds/release32/bin/downward --search 'sbd(store_operators_in_optimal_plan=true, cost_type=1)' --internal-plan-file sas_plan < output
time limit 3600.00 -> (3600, 3601)
reading input... [t=0.000128023s]
done reading input! [t=0.00148594s]
packing state variables...done! [t=0.00149929s]
Variables: 15
FactPairs: 44
Bytes per state: 4
Building successor generator...done! [t=0.00162287s]
done initalizing global data [t=0.00162821s]
TR(time=60000, nodes=100000)
Mutex(time=60000, nodes=100000, type=edeletion)
Aux(time=2000, nodes=1000000)
Disj(nodes=2147483647)
Estimation: min_time(1000) time_penalty +(1000)*(2) nodes_penalty +(1000)*(2)
MaxStep(time=30000, nodes=100000000, nodes_per_planning_second=100)
Ratio useful: 0
   Min alloted time: 60000 nodes: 10000000
   Max alloted time: 60000 nodes: 15000000
   Mult alloted time: 2 nodes: 2
   Ratio after relax: 0.8
building causal graph...done! [t=7.1909e-05s]
Sym variable order: 3 8 7 5 0 6 4 9 2 13 14 1 12 11 10 
Initializing Symbolic Variables
Num variables: 15 => 21
Initialize Symbolic Manager(42, 380952, 16000000, 0)
Generating binary variables
Symbolic Variables... Done.
BOUND: 1 < 2147483647, total time: 0.367255s
BOUND: 2 < 2147483647, total time: 0.367417s
BOUND: 3 < 2147483647, total time: 0.367562s
BOUND: 4 < 2147483647, total time: 0.367824s
BOUND: 5 < 2147483647, total time: 0.368035s
BOUND: 6 < 2147483647, total time: 0.368338s
BOUND: 7 < 2147483647, total time: 0.368713s
BOUND: 8 < 2147483647, total time: 0.369123s
BOUND: 9 < 2147483647, total time: 0.36965s
BOUND: 10 < 2147483647, total time: 0.370246s
BOUND: 11 < 2147483647, total time: 0.370887s
BOUND: 12 < 2147483647, total time: 0.37156s
Solution found with cost 12 total time: 0.372154s
Merging: 1
5 0.3756 1 92
Merging: 10
4 0.379527 1 85
Merging: 8
3 0.382423 1 69
Merging: 6
2 0.384777 1 57
Merging: 4
1 0.386863 1 43
Merging: 1
7 0.388431 1 92
Merging: 11
6 0.39062 1 91
Merging: 12
5 0.392136 1 83
Merging: 10
4 0.39356 1 65
Merging: 8
3 0.394586 1 52
Merging: 6
2 0.395501 1 46
Merging: 4
1 0.396309 1 30
BOUND: 12 < 12, total time: 0.39691s
Actual search time: 0.0298422s [t=0.397138s]
turn_to satellite1 groundstation2 star0 (1)
switch_on instrument3 satellite1 (1)
switch_on instrument1 satellite0 (1)
calibrate satellite1 instrument3 groundstation2 (1)
calibrate satellite0 instrument1 star1 (1)
turn_to satellite0 phenomenon7 star1 (1)
take_image satellite0 phenomenon7 instrument1 thermograph0 (1)
turn_to satellite0 planet6 phenomenon7 (1)
turn_to satellite1 star5 groundstation2 (1)
take_image satellite1 star5 instrument3 infrared3 (1)
turn_to satellite1 phenomenon8 star5 (1)
take_image satellite1 phenomenon8 instrument3 infrared3 (1)
Plan length: 12 step(s).
Plan cost: 12
Bytes per state: 4
Search time: 0.0338182s
Total time: 0.397149s
Solution found.
Peak memory: 231428 KB
Running single search parser
