INFO     Running translator.
INFO     translator input: ['domain.pddl', 'problem.pddl']
INFO     translator arguments: []
INFO     translator time limit: None
INFO     translator memory limit: None
INFO     callstring: /usr/bin/python /mnt/data_server/torralba/subdominization/training/data/training_depots/code-70296b3db083/builds/release32/bin/translate/translate.py domain.pddl problem.pddl
Parsing...
Parsing: [0.010s CPU, 0.007s wall-clock]
Normalizing task... [0.000s CPU, 0.000s wall-clock]
Instantiating...
Generating Datalog program... [0.000s CPU, 0.001s wall-clock]
Normalizing Datalog program...
Normalizing Datalog program: [0.000s CPU, 0.005s wall-clock]
Preparing model... [0.010s CPU, 0.003s wall-clock]
Generated 43 rules.
Computing model... [0.040s CPU, 0.047s wall-clock]
950 relevant atoms
857 auxiliary atoms
1807 final queue length
3373 total queue pushes
Completing instantiation... [0.080s CPU, 0.075s wall-clock]
Instantiating: [0.130s CPU, 0.152s wall-clock]
Computing fact groups...
Finding invariants...
16 initial candidates
Finding invariants: [0.020s CPU, 0.015s wall-clock]
Checking invariant weight... [0.000s CPU, 0.001s wall-clock]
Instantiating groups... [0.010s CPU, 0.008s wall-clock]
Collecting mutex groups... [0.000s CPU, 0.000s wall-clock]
Choosing groups...
23 uncovered facts
Choosing groups: [0.000s CPU, 0.002s wall-clock]
Building translation key... [0.000s CPU, 0.001s wall-clock]
Computing fact groups: [0.030s CPU, 0.030s wall-clock]
Building STRIPS to SAS dictionary... [0.000s CPU, 0.000s wall-clock]
Building dictionary for full mutex groups... [0.000s CPU, 0.001s wall-clock]
Building mutex information...
Building mutex information: [0.000s CPU, 0.001s wall-clock]
Translating task...
Processing axioms...
Simplifying axioms... [0.000s CPU, 0.000s wall-clock]
Processing axioms: [0.010s CPU, 0.004s wall-clock]
Translating task: [0.090s CPU, 0.089s wall-clock]
812 effect conditions simplified
0 implied preconditions added
Detecting unreachable propositions...
0 operators removed
0 axioms removed
32 propositions removed
Detecting unreachable propositions: [0.040s CPU, 0.041s wall-clock]
Translator variables: 31
Translator derived variables: 0
Translator facts: 185
Translator goal facts: 6
Translator mutex groups: 31
Translator total mutex groups size: 345
Translator operators: 612
Translator axioms: 0
Translator task size: 5791
Translator peak memory: 49336 KB
Writing output... [0.010s CPU, 0.041s wall-clock]
Done! [0.320s CPU, 0.366s wall-clock]
INFO     Running preprocessor (release32).
INFO     preprocessor input: output.sas
INFO     preprocessor arguments: []
INFO     preprocessor time limit: None
INFO     preprocessor memory limit: None
INFO     callstring: /mnt/data_server/torralba/subdominization/training/data/training_depots/code-70296b3db083/builds/release32/bin/preprocess < output.sas
Building causal graph...
The causal graph is not acyclic.
31 variables of 31 necessary
22 of 31 mutex groups necessary.
612 of 612 operators necessary.
0 of 0 axiom rules necessary.
Initializing mutex computation...
Mutex computation initialized with 185 fluents.
iteration for mutex detection and operator pruning
Initialize m_index fw
Initialized mvalues forward: reached=961, notReached=29724, spurious=3540
Initialize m_ops fw
Computing mutexes...
Mutex computation finished with reached=30237, notReached=448, spurious=3540
84 operators are spurious because were not triggered
H^2 mutexes added fw: 448, unreachable: 0
0 of 528 operators detected as spurious
iteration for mutex detection and operator pruning
Initialize m_index bw
Init values regression
Initialized mvalues backward: reached=4344, notReached=25893, spurious=3988
Initialize m_ops bw
Computing mutexes...
Mutex computation finished with reached=30237, notReached=0, spurious=3988
0 operators are spurious because were not triggered
H^2 mutexes added bw: 0, unreachable: 0
0 of 528 operators detected as spurious
Total mutex and disambiguation time: 0.064008 iterations: 2
246 of 246 mutex groups necessary.
528 of 612 operators necessary.
0 of 0 axiom rules necessary.
Change id of operators: 528
Change id of mutexes
Change id of goals
Change id of initial state
Remove unreachable facts from variables: 31
246 of 246 mutex groups necessary.
528 of 528 operators necessary.
0 of 0 axiom rules necessary.
Updating causal graph and pruning unnecessary facts
31 variables of 31 of 31 necessary
The causal graph is not acyclic.
31 variables of 31 necessary
246 of 246 mutex groups necessary.
528 of 528 operators necessary.
0 of 0 axiom rules necessary.
Building domain transition graphs...
solveable in poly time 0
Building successor generator...
Preprocessor variables: 31
Preprocessor facts: 185
Preprocessor derived variables: 0
Preprocessor operators: 528
Preprocessor mutex groups: 246
Preprocessor task size: 5279
Writing output...
Preprocessor time: 0.127025s
Preprocessor peak memory: 2988 KB
done
INFO     Running search (release32).
INFO     search input: output
INFO     search arguments: ['--search', 'sbd(store_operators_in_optimal_plan=true, cost_type=1)']
INFO     search time limit: 3600s
INFO     search memory limit: 4096 MB
INFO     search executable: /mnt/data_server/torralba/subdominization/training/data/training_depots/code-70296b3db083/builds/release32/bin/downward
INFO     callstring: /mnt/data_server/torralba/subdominization/training/data/training_depots/code-70296b3db083/builds/release32/bin/downward --search 'sbd(store_operators_in_optimal_plan=true, cost_type=1)' --internal-plan-file sas_plan < output
time limit 3600.00 -> (3600, 3601)
reading input... [t=0.000129299s]
done reading input! [t=0.0104922s]
packing state variables...done! [t=0.0105185s]
Variables: 31
FactPairs: 185
Bytes per state: 12
Building successor generator...done! [t=0.0121989s]
done initalizing global data [t=0.0122076s]
TR(time=60000, nodes=100000)
Mutex(time=60000, nodes=100000, type=edeletion)
Aux(time=2000, nodes=1000000)
Disj(nodes=2147483647)
Estimation: min_time(1000) time_penalty +(1000)*(2) nodes_penalty +(1000)*(2)
MaxStep(time=30000, nodes=100000000, nodes_per_planning_second=100)
Ratio useful: 0
   Min alloted time: 60000 nodes: 10000000
   Max alloted time: 60000 nodes: 15000000
   Mult alloted time: 2 nodes: 2
   Ratio after relax: 0.8
building causal graph...done! [t=0.00133544s]
Sym variable order: 5 4 2 3 25 27 17 11 20 23 12 18 7 8 9 13 14 16 10 21 26 30 28 29 6 24 22 15 19 0 1 
Initializing Symbolic Variables
Num variables: 31 => 68
Initialize Symbolic Manager(136, 117647, 16000000, 0)
Generating binary variables
Symbolic Variables... Done.
BOUND: 1 < 2147483647, total time: 1.50646s
BOUND: 2 < 2147483647, total time: 1.50916s
BOUND: 3 < 2147483647, total time: 1.51795s
BOUND: 4 < 2147483647, total time: 1.51927s
BOUND: 5 < 2147483647, total time: 1.52135s
BOUND: 6 < 2147483647, total time: 1.52428s
BOUND: 7 < 2147483647, total time: 1.52902s
BOUND: 8 < 2147483647, total time: 1.53747s
BOUND: 9 < 2147483647, total time: 1.57218s
BOUND: 10 < 2147483647, total time: 1.58909s
BOUND: 11 < 2147483647, total time: 1.61859s
BOUND: 12 < 2147483647, total time: 1.67072s
BOUND: 13 < 2147483647, total time: 1.7951s
BOUND: 14 < 2147483647, total time: 1.8818s
BOUND: 15 < 2147483647, total time: 2.02892s
BOUND: 16 < 2147483647, total time: 2.33634s
BOUND: 17 < 2147483647, total time: 2.58492s
BOUND: 18 < 2147483647, total time: 2.99969s
BOUND: 19 < 2147483647, total time: 3.72397s
BOUND: 20 < 2147483647, total time: 4.4278s
BOUND: 21 < 2147483647, total time: 5.62841s
BOUND: 22 < 2147483647, total time: 7.21294s
BOUND: 23 < 2147483647, total time: 9.2736s
BOUND: 24 < 2147483647, total time: 12.6086s
BOUND: 25 < 2147483647, total time: 16.4859s
BOUND: 26 < 2147483647, total time: 24.9559s
BOUND: 27 < 2147483647, total time: 31.7285s
BOUND: 28 < 2147483647, total time: 42.4497s
BOUND: 29 < 2147483647, total time: 58.8477s
BOUND: 30 < 2147483647, total time: 77.0844s
BOUND: 31 < 2147483647, total time: 107.33s
Solution found with cost 31 total time: 137.492s
Merging: 1
21 141.493 1 582
Merging: 21
20 141.588 1 790
Merging: 19
19 141.708 1 752
Merging: 24
18 141.821 1 814
Merging: 18
17 141.947 1 760
Merging: 18
16 142.067 1 904
Merging: 16
15 142.207 1 746
Merging: 17
14 142.325 1 703
Merging: 19
13 142.428 1 711
Merging: 22
12 142.532 1 744
Merging: 17
11 142.649 1 810
Merging: 16
10 142.781 1 870
Merging: 20
9 142.93 1 836
Merging: 22
8 143.063 1 839
Merging: 21
7 143.197 1 868
Merging: 20
6 143.336 1 900
Merging: 22
5 143.478 1 777
Merging: 19
4 143.597 1 614
Merging: 21
3 143.688 1 435
Merging: 15
2 143.752 1 316
Merging: 9
1 143.802 1 224
Merging: 1
10 143.837 1 582
Merging: 16
9 143.859 1 956
Merging: 24
8 143.893 1 960
Merging: 23
7 143.926 1 837
Merging: 23
6 143.954 1 823
Merging: 17
5 143.98 1 885
Merging: 18
4 144.005 1 861
Merging: 17
3 144.04 1 744
Merging: 13
2 144.06 1 442
Merging: 9
1 144.074 1 201
BOUND: 31 < 31, total time: 144.084s
Solution found with cost 31 total time: 144.091s
Merging: 1
21 144.091 1 1150
Merging: 29
20 144.263 1 1055
Merging: 31
19 144.416 1 1075
Merging: 29
18 144.574 1 1073
Merging: 24
17 144.721 1 1001
Merging: 19
16 144.854 1 1020
Merging: 17
15 144.983 1 746
Merging: 17
14 145.077 1 703
Merging: 19
13 145.162 1 711
Merging: 22
12 145.252 1 744
Merging: 17
11 145.355 1 810
Merging: 16
10 145.461 1 870
Merging: 20
9 145.572 1 836
Merging: 22
8 145.676 1 839
Merging: 21
7 145.781 1 868
Merging: 20
6 145.888 1 900
Merging: 22
5 145.998 1 777
Merging: 19
4 146.092 1 614
Merging: 21
3 146.164 1 435
Merging: 15
2 146.213 1 316
Merging: 9
1 146.25 1 224
Merging: 1
10 146.276 1 1150
Merging: 29
9 146.313 1 1105
Merging: 29
8 146.33 1 960
Merging: 23
7 146.337 1 837
Merging: 23
6 146.343 1 823
Merging: 17
5 146.349 1 885
Merging: 18
4 146.355 1 861
Merging: 17
3 146.361 1 744
Merging: 13
2 146.366 1 442
Merging: 9
1 146.371 1 201
Actual search time: 145.026s [t=146.534s]
lift hoist2 crate3 crate0 distributor0 (1)
drive truck0 depot1 distributor0 (1)
load hoist2 crate3 truck0 distributor0 (1)
lift hoist2 crate0 pallet2 distributor0 (1)
load hoist2 crate0 truck0 distributor0 (1)
lift hoist3 crate6 crate5 distributor1 (1)
drive truck0 distributor0 distributor1 (1)
load hoist3 crate6 truck0 distributor1 (1)
lift hoist3 crate5 crate4 distributor1 (1)
load hoist3 crate5 truck0 distributor1 (1)
lift hoist3 crate4 crate2 distributor1 (1)
load hoist3 crate4 truck0 distributor1 (1)
lift hoist3 crate2 pallet3 distributor1 (1)
load hoist3 crate2 truck0 distributor1 (1)
unload hoist3 crate0 truck0 distributor1 (1)
drop hoist3 crate0 pallet3 distributor1 (1)
unload hoist3 crate3 truck0 distributor1 (1)
lift hoist0 crate1 pallet0 depot0 (1)
drive truck0 distributor1 depot0 (1)
load hoist0 crate1 truck0 depot0 (1)
drive truck0 depot0 depot1 (1)
drop hoist3 crate3 crate0 distributor1 (1)
unload hoist1 crate1 truck0 depot1 (1)
drop hoist1 crate1 pallet1 depot1 (1)
unload hoist1 crate5 truck0 depot1 (1)
drop hoist1 crate5 crate1 depot1 (1)
unload hoist1 crate6 truck0 depot1 (1)
drive truck0 depot1 distributor0 (1)
drop hoist1 crate6 crate5 depot1 (1)
unload hoist2 crate2 truck0 distributor0 (1)
drop hoist2 crate2 pallet2 distributor0 (1)
Plan length: 31 step(s).
Plan cost: 31
Bytes per state: 12
Search time: 146.021s
Total time: 146.534s
Solution found.
Peak memory: 692584 KB
Running single search parser
