INFO     Running translator.
INFO     translator input: ['domain.pddl', 'problem.pddl']
INFO     translator arguments: []
INFO     translator time limit: None
INFO     translator memory limit: None
INFO     callstring: /usr/bin/python /mnt/data_server/torralba/subdominization/training/data/training_depots/code-70296b3db083/builds/release32/bin/translate/translate.py domain.pddl problem.pddl
Parsing...
Parsing: [0.000s CPU, 0.008s wall-clock]
Normalizing task... [0.000s CPU, 0.000s wall-clock]
Instantiating...
Generating Datalog program... [0.000s CPU, 0.001s wall-clock]
Normalizing Datalog program...
Normalizing Datalog program: [0.010s CPU, 0.005s wall-clock]
Preparing model... [0.000s CPU, 0.003s wall-clock]
Generated 43 rules.
Computing model... [0.040s CPU, 0.047s wall-clock]
950 relevant atoms
857 auxiliary atoms
1807 final queue length
3373 total queue pushes
Completing instantiation... [0.080s CPU, 0.076s wall-clock]
Instantiating: [0.130s CPU, 0.162s wall-clock]
Computing fact groups...
Finding invariants...
16 initial candidates
Finding invariants: [0.020s CPU, 0.016s wall-clock]
Checking invariant weight... [0.000s CPU, 0.001s wall-clock]
Instantiating groups... [0.000s CPU, 0.008s wall-clock]
Collecting mutex groups... [0.000s CPU, 0.000s wall-clock]
Choosing groups...
23 uncovered facts
Choosing groups: [0.000s CPU, 0.002s wall-clock]
Building translation key... [0.000s CPU, 0.001s wall-clock]
Computing fact groups: [0.030s CPU, 0.031s wall-clock]
Building STRIPS to SAS dictionary... [0.000s CPU, 0.000s wall-clock]
Building dictionary for full mutex groups... [0.000s CPU, 0.001s wall-clock]
Building mutex information...
Building mutex information: [0.000s CPU, 0.001s wall-clock]
Translating task...
Processing axioms...
Simplifying axioms... [0.000s CPU, 0.000s wall-clock]
Processing axioms: [0.010s CPU, 0.004s wall-clock]
Translating task: [0.090s CPU, 0.089s wall-clock]
812 effect conditions simplified
0 implied preconditions added
Detecting unreachable propositions...
0 operators removed
0 axioms removed
32 propositions removed
Detecting unreachable propositions: [0.040s CPU, 0.041s wall-clock]
Translator variables: 31
Translator derived variables: 0
Translator facts: 185
Translator goal facts: 7
Translator mutex groups: 31
Translator total mutex groups size: 345
Translator operators: 612
Translator axioms: 0
Translator task size: 5792
Translator peak memory: 49336 KB
Writing output... [0.020s CPU, 0.018s wall-clock]
Done! [0.310s CPU, 0.355s wall-clock]
INFO     Running preprocessor (release32).
INFO     preprocessor input: output.sas
INFO     preprocessor arguments: []
INFO     preprocessor time limit: None
INFO     preprocessor memory limit: None
INFO     callstring: /mnt/data_server/torralba/subdominization/training/data/training_depots/code-70296b3db083/builds/release32/bin/preprocess < output.sas
Building causal graph...
The causal graph is not acyclic.
31 variables of 31 necessary
22 of 31 mutex groups necessary.
612 of 612 operators necessary.
0 of 0 axiom rules necessary.
Initializing mutex computation...
Mutex computation initialized with 185 fluents.
iteration for mutex detection and operator pruning
Initialize m_index fw
Initialized mvalues forward: reached=961, notReached=29724, spurious=3540
Initialize m_ops fw
Computing mutexes...
Mutex computation finished with reached=30237, notReached=448, spurious=3540
84 operators are spurious because were not triggered
H^2 mutexes added fw: 448, unreachable: 0
0 of 528 operators detected as spurious
iteration for mutex detection and operator pruning
Initialize m_index bw
Init values regression
Initialized mvalues backward: reached=2840, notReached=27397, spurious=3988
Initialize m_ops bw
Computing mutexes...
Mutex computation finished with reached=30237, notReached=0, spurious=3988
0 operators are spurious because were not triggered
H^2 mutexes added bw: 0, unreachable: 0
0 of 528 operators detected as spurious
Total mutex and disambiguation time: 0.062071 iterations: 2
246 of 246 mutex groups necessary.
528 of 612 operators necessary.
0 of 0 axiom rules necessary.
Change id of operators: 528
Change id of mutexes
Change id of goals
Change id of initial state
Remove unreachable facts from variables: 31
246 of 246 mutex groups necessary.
528 of 528 operators necessary.
0 of 0 axiom rules necessary.
Updating causal graph and pruning unnecessary facts
31 variables of 31 of 31 necessary
The causal graph is not acyclic.
31 variables of 31 necessary
246 of 246 mutex groups necessary.
528 of 528 operators necessary.
0 of 0 axiom rules necessary.
Building domain transition graphs...
solveable in poly time 0
Building successor generator...
Preprocessor variables: 31
Preprocessor facts: 185
Preprocessor derived variables: 0
Preprocessor operators: 528
Preprocessor mutex groups: 246
Preprocessor task size: 5280
Writing output...
Preprocessor time: 0.12528s
Preprocessor peak memory: 2988 KB
done
INFO     Running search (release32).
INFO     search input: output
INFO     search arguments: ['--search', 'sbd(store_operators_in_optimal_plan=true, cost_type=1)']
INFO     search time limit: 3600s
INFO     search memory limit: 4096 MB
INFO     search executable: /mnt/data_server/torralba/subdominization/training/data/training_depots/code-70296b3db083/builds/release32/bin/downward
INFO     callstring: /mnt/data_server/torralba/subdominization/training/data/training_depots/code-70296b3db083/builds/release32/bin/downward --search 'sbd(store_operators_in_optimal_plan=true, cost_type=1)' --internal-plan-file sas_plan < output
time limit 3600.00 -> (3600, 3601)
reading input... [t=0.000128399s]
done reading input! [t=0.0106066s]
packing state variables...done! [t=0.0106395s]
Variables: 31
FactPairs: 185
Bytes per state: 12
Building successor generator...done! [t=0.0122926s]
done initalizing global data [t=0.0123041s]
TR(time=60000, nodes=100000)
Mutex(time=60000, nodes=100000, type=edeletion)
Aux(time=2000, nodes=1000000)
Disj(nodes=2147483647)
Estimation: min_time(1000) time_penalty +(1000)*(2) nodes_penalty +(1000)*(2)
MaxStep(time=30000, nodes=100000000, nodes_per_planning_second=100)
Ratio useful: 0
   Min alloted time: 60000 nodes: 10000000
   Max alloted time: 60000 nodes: 15000000
   Mult alloted time: 2 nodes: 2
   Ratio after relax: 0.8
building causal graph...done! [t=0.00134479s]
Sym variable order: 4 2 5 3 24 25 12 6 13 21 7 9 19 17 8 11 15 18 14 10 27 28 30 29 26 22 16 23 20 1 0 
Initializing Symbolic Variables
Num variables: 31 => 68
Initialize Symbolic Manager(136, 117647, 16000000, 0)
Generating binary variables
Symbolic Variables... Done.
BOUND: 1 < 2147483647, total time: 1.25409s
BOUND: 2 < 2147483647, total time: 1.2561s
BOUND: 3 < 2147483647, total time: 1.25686s
BOUND: 4 < 2147483647, total time: 1.25808s
BOUND: 5 < 2147483647, total time: 1.26224s
BOUND: 6 < 2147483647, total time: 1.26427s
BOUND: 7 < 2147483647, total time: 1.2676s
BOUND: 8 < 2147483647, total time: 1.27327s
BOUND: 9 < 2147483647, total time: 1.28405s
BOUND: 10 < 2147483647, total time: 1.30071s
BOUND: 11 < 2147483647, total time: 1.32113s
BOUND: 12 < 2147483647, total time: 1.37039s
BOUND: 13 < 2147483647, total time: 1.40668s
BOUND: 14 < 2147483647, total time: 1.471s
BOUND: 15 < 2147483647, total time: 1.60195s
BOUND: 16 < 2147483647, total time: 1.7177s
BOUND: 17 < 2147483647, total time: 1.91999s
BOUND: 18 < 2147483647, total time: 2.24901s
BOUND: 19 < 2147483647, total time: 2.60423s
BOUND: 20 < 2147483647, total time: 3.19864s
BOUND: 21 < 2147483647, total time: 3.95352s
BOUND: 22 < 2147483647, total time: 4.9438s
BOUND: 23 < 2147483647, total time: 6.49302s
BOUND: 24 < 2147483647, total time: 8.17339s
BOUND: 25 < 2147483647, total time: 10.9122s
BOUND: 26 < 2147483647, total time: 14.1495s
BOUND: 27 < 2147483647, total time: 20.8854s
BOUND: 28 < 2147483647, total time: 28.9812s
BOUND: 29 < 2147483647, total time: 39.9638s
BOUND: 30 < 2147483647, total time: 54.7151s
BOUND: 31 < 2147483647, total time: 71.4863s
BOUND: 32 < 2147483647, total time: 93.2484s
Solution found with cost 32 total time: 120.725s
Merging: 1
20 123.218 1 123
Merging: 3
19 123.238 1 123
Merging: 3
18 123.259 1 130
Merging: 3
17 123.281 1 123
Merging: 3
16 123.301 1 123
Merging: 3
15 123.321 1 123
Merging: 4
14 123.341 1 175
Merging: 3
13 123.369 1 175
Merging: 4
12 123.396 1 123
Merging: 3
11 123.416 1 129
Merging: 3
10 123.437 1 117
Merging: 3
9 123.455 1 127
Merging: 4
8 123.477 1 181
Merging: 4
7 123.504 1 236
Merging: 5
6 123.539 1 243
Merging: 5
5 123.578 1 237
Merging: 5
4 123.614 1 226
Merging: 5
3 123.648 1 226
Merging: 5
2 123.683 1 226
Merging: 4
1 123.716 1 178
Merging: 1
12 123.743 1 123
Merging: 3
11 123.747 1 130
Merging: 3
10 123.753 1 126
Merging: 3
9 123.756 1 124
Merging: 3
8 123.76 1 123
Merging: 5
7 123.764 1 171
Merging: 6
6 123.77 1 239
Merging: 10
5 123.777 1 387
Merging: 8
4 123.79 1 579
Merging: 8
3 123.806 1 593
Merging: 8
2 123.821 1 452
Merging: 6
1 123.833 1 244
BOUND: 32 < 32, total time: 123.842s
Actual search time: 122.661s [t=123.917s]
lift hoist1 crate5 crate3 depot1 (1)
load hoist1 crate5 truck0 depot1 (1)
lift hoist1 crate3 crate1 depot1 (1)
load hoist1 crate3 truck0 depot1 (1)
lift hoist1 crate1 pallet1 depot1 (1)
load hoist1 crate1 truck0 depot1 (1)
lift hoist3 crate0 pallet3 distributor1 (1)
drive truck0 depot1 distributor1 (1)
load hoist3 crate0 truck0 distributor1 (1)
unload hoist3 crate3 truck0 distributor1 (1)
drop hoist3 crate3 pallet3 distributor1 (1)
unload hoist3 crate1 truck0 distributor1 (1)
lift hoist0 crate6 crate4 depot0 (1)
drive truck0 distributor1 depot0 (1)
load hoist0 crate6 truck0 depot0 (1)
lift hoist0 crate4 crate2 depot0 (1)
load hoist0 crate4 truck0 depot0 (1)
lift hoist0 crate2 pallet0 depot0 (1)
load hoist0 crate2 truck0 depot0 (1)
drop hoist3 crate1 crate3 distributor1 (1)
unload hoist0 crate5 truck0 depot0 (1)
drop hoist0 crate5 pallet0 depot0 (1)
unload hoist0 crate0 truck0 depot0 (1)
drop hoist0 crate0 crate5 depot0 (1)
unload hoist0 crate2 truck0 depot0 (1)
drive truck0 depot0 depot1 (1)
drop hoist0 crate2 crate0 depot0 (1)
unload hoist1 crate6 truck0 depot1 (1)
drive truck0 depot1 distributor0 (1)
drop hoist1 crate6 pallet1 depot1 (1)
unload hoist2 crate4 truck0 distributor0 (1)
drop hoist2 crate4 pallet2 distributor0 (1)
Plan length: 32 step(s).
Plan cost: 32
Bytes per state: 12
Search time: 123.408s
Total time: 123.917s
Solution found.
Peak memory: 634624 KB
Running single search parser
