INFO     Running translator.
INFO     translator input: ['domain.pddl', 'problem.pddl']
INFO     translator arguments: []
INFO     translator time limit: None
INFO     translator memory limit: None
INFO     callstring: /usr/bin/python /mnt/data_server/torralba/subdominization/training/data/training_depots/code-70296b3db083/builds/release32/bin/translate/translate.py domain.pddl problem.pddl
Parsing...
Parsing: [0.000s CPU, 0.008s wall-clock]
Normalizing task... [0.010s CPU, 0.000s wall-clock]
Instantiating...
Generating Datalog program... [0.000s CPU, 0.001s wall-clock]
Normalizing Datalog program...
Normalizing Datalog program: [0.000s CPU, 0.005s wall-clock]
Preparing model... [0.000s CPU, 0.003s wall-clock]
Generated 43 rules.
Computing model... [0.070s CPU, 0.057s wall-clock]
1141 relevant atoms
1000 auxiliary atoms
2141 final queue length
4111 total queue pushes
Completing instantiation... [0.090s CPU, 0.096s wall-clock]
Instantiating: [0.160s CPU, 0.187s wall-clock]
Computing fact groups...
Finding invariants...
16 initial candidates
Finding invariants: [0.010s CPU, 0.015s wall-clock]
Checking invariant weight... [0.010s CPU, 0.001s wall-clock]
Instantiating groups... [0.000s CPU, 0.009s wall-clock]
Collecting mutex groups... [0.000s CPU, 0.001s wall-clock]
Choosing groups...
24 uncovered facts
Choosing groups: [0.000s CPU, 0.002s wall-clock]
Building translation key... [0.000s CPU, 0.001s wall-clock]
Computing fact groups: [0.030s CPU, 0.032s wall-clock]
Building STRIPS to SAS dictionary... [0.000s CPU, 0.000s wall-clock]
Building dictionary for full mutex groups... [0.000s CPU, 0.001s wall-clock]
Building mutex information...
Building mutex information: [0.000s CPU, 0.001s wall-clock]
Translating task...
Processing axioms...
Simplifying axioms... [0.000s CPU, 0.000s wall-clock]
Processing axioms: [0.010s CPU, 0.005s wall-clock]
Translating task: [0.120s CPU, 0.113s wall-clock]
1024 effect conditions simplified
0 implied preconditions added
Detecting unreachable propositions...
0 operators removed
0 axioms removed
34 propositions removed
Detecting unreachable propositions: [0.050s CPU, 0.051s wall-clock]
Translator variables: 34
Translator derived variables: 0
Translator facts: 216
Translator goal facts: 6
Translator mutex groups: 34
Translator total mutex groups size: 408
Translator operators: 760
Translator axioms: 0
Translator task size: 7232
Translator peak memory: 51012 KB
Writing output... [0.020s CPU, 0.022s wall-clock]
Done! [0.390s CPU, 0.422s wall-clock]
INFO     Running preprocessor (release32).
INFO     preprocessor input: output.sas
INFO     preprocessor arguments: []
INFO     preprocessor time limit: None
INFO     preprocessor memory limit: None
INFO     callstring: /mnt/data_server/torralba/subdominization/training/data/training_depots/code-70296b3db083/builds/release32/bin/preprocess < output.sas
Building causal graph...
The causal graph is not acyclic.
34 variables of 34 necessary
24 of 34 mutex groups necessary.
760 of 760 operators necessary.
0 of 0 axiom rules necessary.
Initializing mutex computation...
Mutex computation initialized with 216 fluents.
iteration for mutex detection and operator pruning
Initialize m_index fw
Initialized mvalues forward: reached=1156, notReached=40932, spurious=4568
Initialize m_ops fw
Computing mutexes...
Mutex computation finished with reached=41536, notReached=552, spurious=4568
96 operators are spurious because were not triggered
H^2 mutexes added fw: 552, unreachable: 0
0 of 664 operators detected as spurious
iteration for mutex detection and operator pruning
Initialize m_index bw
Init values regression
Initialized mvalues backward: reached=6991, notReached=34545, spurious=5120
Initialize m_ops bw
Computing mutexes...
Mutex computation finished with reached=41536, notReached=0, spurious=5120
0 operators are spurious because were not triggered
H^2 mutexes added bw: 0, unreachable: 0
0 of 664 operators detected as spurious
Total mutex and disambiguation time: 0.093976 iterations: 2
300 of 300 mutex groups necessary.
664 of 760 operators necessary.
0 of 0 axiom rules necessary.
Change id of operators: 664
Change id of mutexes
Change id of goals
Change id of initial state
Remove unreachable facts from variables: 34
300 of 300 mutex groups necessary.
664 of 664 operators necessary.
0 of 0 axiom rules necessary.
Updating causal graph and pruning unnecessary facts
34 variables of 34 of 34 necessary
The causal graph is not acyclic.
34 variables of 34 necessary
300 of 300 mutex groups necessary.
664 of 664 operators necessary.
0 of 0 axiom rules necessary.
Building domain transition graphs...
solveable in poly time 0
Building successor generator...
Preprocessor variables: 34
Preprocessor facts: 216
Preprocessor derived variables: 0
Preprocessor operators: 664
Preprocessor mutex groups: 300
Preprocessor task size: 6680
Writing output...
Preprocessor time: 0.174498s
Preprocessor peak memory: 3292 KB
done
INFO     Running search (release32).
INFO     search input: output
INFO     search arguments: ['--search', 'sbd(store_operators_in_optimal_plan=true, cost_type=1)']
INFO     search time limit: 3600s
INFO     search memory limit: 4096 MB
INFO     search executable: /mnt/data_server/torralba/subdominization/training/data/training_depots/code-70296b3db083/builds/release32/bin/downward
INFO     callstring: /mnt/data_server/torralba/subdominization/training/data/training_depots/code-70296b3db083/builds/release32/bin/downward --search 'sbd(store_operators_in_optimal_plan=true, cost_type=1)' --internal-plan-file sas_plan < output
time limit 3600.00 -> (3600, 3601)
reading input... [t=0.00012652s]
done reading input! [t=0.0135487s]
packing state variables...done! [t=0.0135864s]
Variables: 34
FactPairs: 216
Bytes per state: 12
Building successor generator...done! [t=0.0159183s]
done initalizing global data [t=0.0159386s]
TR(time=60000, nodes=100000)
Mutex(time=60000, nodes=100000, type=edeletion)
Aux(time=2000, nodes=1000000)
Disj(nodes=2147483647)
Estimation: min_time(1000) time_penalty +(1000)*(2) nodes_penalty +(1000)*(2)
MaxStep(time=30000, nodes=100000000, nodes_per_planning_second=100)
Ratio useful: 0
   Min alloted time: 60000 nodes: 10000000
   Max alloted time: 60000 nodes: 15000000
   Mult alloted time: 2 nodes: 2
   Ratio after relax: 0.8
building causal graph...done! [t=0.00166925s]
Sym variable order: 0 1 26 4 31 32 30 28 8 22 27 19 9 11 14 15 16 7 10 12 13 21 17 23 24 25 20 18 6 29 33 3 5 2 
Initializing Symbolic Variables
Num variables: 34 => 84
Initialize Symbolic Manager(168, 95238, 16000000, 0)
Generating binary variables
Symbolic Variables... Done.
BOUND: 1 < 2147483647, total time: 13.1243s
BOUND: 2 < 2147483647, total time: 13.1289s
BOUND: 3 < 2147483647, total time: 13.177s
BOUND: 4 < 2147483647, total time: 13.1793s
BOUND: 5 < 2147483647, total time: 13.1836s
BOUND: 6 < 2147483647, total time: 13.195s
BOUND: 7 < 2147483647, total time: 13.2236s
BOUND: 8 < 2147483647, total time: 13.2809s
BOUND: 9 < 2147483647, total time: 13.5462s
BOUND: 10 < 2147483647, total time: 13.6603s
BOUND: 11 < 2147483647, total time: 13.886s
BOUND: 12 < 2147483647, total time: 14.3142s
BOUND: 13 < 2147483647, total time: 15.5414s
BOUND: 14 < 2147483647, total time: 16.4013s
BOUND: 15 < 2147483647, total time: 17.9123s
BOUND: 16 < 2147483647, total time: 22.2026s
BOUND: 17 < 2147483647, total time: 25.3517s
BOUND: 18 < 2147483647, total time: 30.7655s
BOUND: 19 < 2147483647, total time: 48.8223s
BOUND: 20 < 2147483647, total time: 61.5496s
BOUND: 21 < 2147483647, total time: 81.277s
BOUND: 22 < 2147483647, total time: 139.102s
BOUND: 23 < 2147483647, total time: 186.336s
BOUND: 24 < 2147483647, total time: 267.626s
Solution found with cost 24 total time: 362.66s
Merging: 1
17 362.965 1 597
Merging: 12
16 363.081 1 833
Merging: 14
15 363.258 1 841
Merging: 16
14 363.434 1 850
Merging: 17
13 363.618 1 1018
Merging: 19
12 363.836 1 1074
Merging: 20
11 364.061 1 1094
Merging: 18
10 364.289 1 1020
Merging: 18
9 364.517 1 955
Merging: 18
8 364.722 1 927
Merging: 19
7 364.919 1 810
Merging: 16
6 365.099 1 749
Merging: 13
5 365.25 1 675
Merging: 12
4 365.379 1 535
Merging: 9
3 365.478 1 406
Merging: 7
2 365.553 1 291
Merging: 5
1 365.609 1 210
Merging: 1
7 365.648 1 597
Merging: 11
6 365.662 1 874
Merging: 12
5 365.681 1 774
Merging: 9
4 365.697 1 589
Merging: 8
3 365.711 1 415
Merging: 7
2 365.721 1 362
Merging: 5
1 365.731 1 285
BOUND: 24 < 24, total time: 365.739s
Solution found with cost 24 total time: 365.749s
Merging: 1
17 365.749 1 85
Merging: 2
16 365.767 1 160
Merging: 3
15 365.799 1 160
Merging: 3
14 365.829 1 160
Merging: 3
13 365.856 1 160
Merging: 3
12 365.883 1 163
Merging: 3
11 365.912 1 160
Merging: 3
10 365.943 1 160
Merging: 4
9 365.976 1 240
Merging: 3
8 366.019 1 240
Merging: 4
7 366.056 1 163
Merging: 3
6 366.084 1 163
Merging: 3
5 366.11 1 163
Merging: 3
4 366.139 1 163
Merging: 3
3 366.165 1 163
Merging: 3
2 366.194 1 163
Merging: 3
1 366.222 1 163
Merging: 1
7 366.251 1 85
Merging: 1
6 366.255 1 85
Merging: 1
5 366.258 1 85
Merging: 1
4 366.262 1 85
Merging: 1
3 366.265 1 85
Merging: 1
2 366.267 1 85
Merging: 1
1 366.269 1 85
Solution found with cost 24 total time: 366.276s
Merging: 1
17 366.276 1 160
Merging: 4
16 366.306 1 297
Merging: 6
15 366.358 1 405
Merging: 8
14 366.426 1 519
Merging: 9
13 366.512 1 515
Merging: 10
12 366.595 1 565
Merging: 9
11 366.684 1 599
Merging: 9
10 366.778 1 595
Merging: 9
9 366.876 1 622
Merging: 9
8 366.98 1 572
Merging: 10
7 367.077 1 496
Merging: 9
6 367.158 1 491
Merging: 9
5 367.237 1 483
Merging: 9
4 367.319 1 478
Merging: 8
3 367.396 1 406
Merging: 7
2 367.456 1 291
Merging: 5
1 367.497 1 210
Merging: 1
7 367.528 1 160
Merging: 4
6 367.533 1 262
Merging: 6
5 367.538 1 394
Merging: 6
4 367.545 1 355
Merging: 5
3 367.55 1 234
Merging: 4
2 367.553 1 160
Merging: 3
1 367.556 1 160
Solution found with cost 24 total time: 367.563s
Merging: 1
17 367.563 1 708
Merging: 14
16 367.704 1 895
Merging: 17
15 367.865 1 974
Merging: 19
14 368.039 1 1072
Merging: 18
13 368.245 1 1152
Merging: 20
12 368.463 1 1179
Merging: 21
11 368.67 1 1155
Merging: 18
10 368.875 1 1020
Merging: 18
9 369.055 1 954
Merging: 18
8 369.228 1 927
Merging: 19
7 369.391 1 810
Merging: 16
6 369.533 1 749
Merging: 13
5 369.654 1 675
Merging: 12
4 369.752 1 535
Merging: 9
3 369.828 1 406
Merging: 7
2 369.882 1 291
Merging: 5
1 369.919 1 210
Merging: 1
7 369.946 1 708
Merging: 11
6 369.957 1 801
Merging: 10
5 369.962 1 701
Merging: 8
4 369.967 1 516
Merging: 6
3 369.971 1 338
Merging: 5
2 369.973 1 285
Merging: 4
1 369.976 1 285
Solution found with cost 24 total time: 369.984s
Merging: 1
17 369.984 1 160
Merging: 4
16 370.008 1 246
Merging: 6
15 370.044 1 373
Merging: 8
14 370.096 1 473
Merging: 11
13 370.162 1 657
Merging: 11
12 370.253 1 662
Merging: 11
11 370.354 1 683
Merging: 11
10 370.451 1 668
Merging: 11
9 370.549 1 675
Merging: 11
8 370.647 1 637
Merging: 12
7 370.741 1 558
Merging: 11
6 370.825 1 596
Merging: 11
5 370.913 1 596
Merging: 10
4 371 1 535
Merging: 9
3 371.076 1 406
Merging: 7
2 371.13 1 291
Merging: 5
1 371.166 1 210
Merging: 1
7 371.193 1 160
Merging: 4
6 371.196 1 250
Merging: 5
5 371.199 1 291
Merging: 5
4 371.202 1 303
Merging: 4
3 371.204 1 234
Merging: 4
2 371.206 1 160
Merging: 3
1 371.208 1 160
Solution found with cost 24 total time: 371.215s
Merging: 1
17 371.215 1 377
Merging: 8
16 371.275 1 492
Merging: 9
15 371.352 1 644
Merging: 11
14 371.446 1 612
Merging: 11
13 371.535 1 644
Merging: 12
12 371.626 1 806
Merging: 13
11 371.742 1 774
Merging: 13
10 371.857 1 744
Merging: 12
9 371.98 1 746
Merging: 14
8 372.108 1 716
Merging: 14
7 372.231 1 693
Merging: 13
6 372.347 1 748
Merging: 12
5 372.463 1 674
Merging: 11
4 372.568 1 535
Merging: 9
3 372.649 1 406
Merging: 7
2 372.709 1 291
Merging: 5
1 372.75 1 210
Merging: 1
7 372.78 1 377
Merging: 8
6 372.787 1 586
Merging: 9
5 372.794 1 664
Merging: 9
4 372.799 1 497
Merging: 8
3 372.803 1 310
Merging: 6
2 372.806 1 236
Merging: 4
1 372.808 1 159
Actual search time: 360.078s [t=373.206s]
lift hoist2 crate7 crate6 distributor0 (1)
load hoist2 crate7 truck1 distributor0 (1)
lift hoist2 crate6 crate2 distributor0 (1)
load hoist2 crate6 truck1 distributor0 (1)
lift hoist2 crate2 pallet2 distributor0 (1)
load hoist2 crate2 truck1 distributor0 (1)
unload hoist2 crate7 truck1 distributor0 (1)
lift hoist3 crate1 pallet3 distributor1 (1)
drive truck1 distributor0 distributor1 (1)
load hoist3 crate1 truck1 distributor1 (1)
unload hoist3 crate2 truck1 distributor1 (1)
lift hoist0 crate4 crate0 depot0 (1)
load hoist0 crate4 truck0 depot0 (1)
lift hoist0 crate0 pallet0 depot0 (1)
load hoist0 crate0 truck0 depot0 (1)
drop hoist3 crate2 pallet3 distributor1 (1)
drive truck0 depot0 distributor1 (1)
drop hoist2 crate7 pallet2 distributor0 (1)
unload hoist3 crate6 truck1 distributor1 (1)
drop hoist3 crate6 crate2 distributor1 (1)
unload hoist3 crate1 truck1 distributor1 (1)
drop hoist3 crate1 crate6 distributor1 (1)
unload hoist3 crate0 truck0 distributor1 (1)
drop hoist3 crate0 crate1 distributor1 (1)
Plan length: 24 step(s).
Plan cost: 24
Bytes per state: 12
Search time: 372.664s
Total time: 373.206s
Solution found.
Peak memory: 985216 KB
Running single search parser
