INFO     Running translator.
INFO     translator input: ['domain.pddl', 'problem.pddl']
INFO     translator arguments: []
INFO     translator time limit: None
INFO     translator memory limit: None
INFO     callstring: /usr/bin/python /mnt/data_server/torralba/subdominization/training/data/training_satellite/code-70296b3db083/builds/release32/bin/translate/translate.py domain.pddl problem.pddl
Parsing...
Parsing: [0.010s CPU, 0.068s wall-clock]
Normalizing task... [0.010s CPU, 0.000s wall-clock]
Instantiating...
Generating Datalog program... [0.000s CPU, 0.002s wall-clock]
Normalizing Datalog program...
Normalizing Datalog program: [0.010s CPU, 0.006s wall-clock]
Preparing model... [0.000s CPU, 0.003s wall-clock]
Generated 31 rules.
Computing model... [0.030s CPU, 0.035s wall-clock]
1229 relevant atoms
372 auxiliary atoms
1601 final queue length
2511 total queue pushes
Completing instantiation... [0.060s CPU, 0.053s wall-clock]
Instantiating: [0.100s CPU, 0.130s wall-clock]
Computing fact groups...
Finding invariants...
12 initial candidates
Finding invariants: [0.000s CPU, 0.003s wall-clock]
Checking invariant weight... [0.000s CPU, 0.000s wall-clock]
Instantiating groups... [0.000s CPU, 0.000s wall-clock]
Collecting mutex groups... [0.000s CPU, 0.000s wall-clock]
Choosing groups...
49 uncovered facts
Choosing groups: [0.000s CPU, 0.000s wall-clock]
Building translation key... [0.000s CPU, 0.001s wall-clock]
Computing fact groups: [0.000s CPU, 0.006s wall-clock]
Building STRIPS to SAS dictionary... [0.000s CPU, 0.000s wall-clock]
Building dictionary for full mutex groups... [0.000s CPU, 0.000s wall-clock]
Building mutex information...
Building mutex information: [0.000s CPU, 0.000s wall-clock]
Translating task...
Processing axioms...
Simplifying axioms... [0.000s CPU, 0.000s wall-clock]
Processing axioms: [0.010s CPU, 0.002s wall-clock]
Translating task: [0.060s CPU, 0.055s wall-clock]
21 effect conditions simplified
0 implied preconditions added
Detecting unreachable propositions...
0 operators removed
0 axioms removed
3 propositions removed
Detecting unreachable propositions: [0.030s CPU, 0.031s wall-clock]
Translator variables: 52
Translator derived variables: 0
Translator facts: 146
Translator goal facts: 3
Translator mutex groups: 3
Translator total mutex groups size: 48
Translator operators: 953
Translator axioms: 0
Translator task size: 3540
Translator peak memory: 47424 KB
Writing output... [0.010s CPU, 0.030s wall-clock]
Done! [0.220s CPU, 0.323s wall-clock]
INFO     Running preprocessor (release32).
INFO     preprocessor input: output.sas
INFO     preprocessor arguments: []
INFO     preprocessor time limit: None
INFO     preprocessor memory limit: None
INFO     callstring: /mnt/data_server/torralba/subdominization/training/data/training_satellite/code-70296b3db083/builds/release32/bin/preprocess < output.sas
Building causal graph...
The causal graph is not acyclic.
21 variables of 52 necessary
0 of 3 mutex groups necessary.
768 of 953 operators necessary.
0 of 0 axiom rules necessary.
Initializing mutex computation...
Mutex computation initialized with 84 fluents.
iteration for mutex detection and operator pruning
Initialize m_index fw
Initialized mvalues forward: reached=441, notReached=5859, spurious=756
Initialize m_ops fw
Computing mutexes...
Mutex computation finished with reached=6276, notReached=24, spurious=756
0 operators are spurious because were not triggered
H^2 mutexes added fw: 24, unreachable: 0
0 of 768 operators detected as spurious
iteration for mutex detection and operator pruning
Initialize m_index bw
Init values regression
Initialized mvalues backward: reached=2511, notReached=3765, spurious=780
Initialize m_ops bw
Computing mutexes...
Mutex computation finished with reached=6276, notReached=0, spurious=780
0 operators are spurious because were not triggered
H^2 mutexes added bw: 0, unreachable: 0
0 of 768 operators detected as spurious
Total mutex and disambiguation time: 0.021782 iterations: 2
12 of 12 mutex groups necessary.
768 of 768 operators necessary.
0 of 0 axiom rules necessary.
Change id of operators: 768
Change id of mutexes
Change id of goals
Change id of initial state
Remove unreachable facts from variables: 21
12 of 12 mutex groups necessary.
768 of 768 operators necessary.
0 of 0 axiom rules necessary.
Updating causal graph and pruning unnecessary facts
21 variables of 21 of 52 necessary
The causal graph is not acyclic.
21 variables of 21 necessary
12 of 12 mutex groups necessary.
768 of 768 operators necessary.
0 of 0 axiom rules necessary.
Building domain transition graphs...
solveable in poly time 0
Building successor generator...
Preprocessor variables: 21
Preprocessor facts: 84
Preprocessor derived variables: 0
Preprocessor operators: 768
Preprocessor mutex groups: 12
Preprocessor task size: 2498
Writing output...
Preprocessor time: 0.0450017s
Preprocessor peak memory: 2524 KB
done
INFO     Running search (release32).
INFO     search input: output
INFO     search arguments: ['--search', 'sbd(store_operators_in_optimal_plan=true, cost_type=1)']
INFO     search time limit: 3600s
INFO     search memory limit: 4096 MB
INFO     search executable: /mnt/data_server/torralba/subdominization/training/data/training_satellite/code-70296b3db083/builds/release32/bin/downward
INFO     callstring: /mnt/data_server/torralba/subdominization/training/data/training_satellite/code-70296b3db083/builds/release32/bin/downward --search 'sbd(store_operators_in_optimal_plan=true, cost_type=1)' --internal-plan-file sas_plan < output
time limit 3600.00 -> (3600, 3601)
reading input... [t=0.000117347s]
done reading input! [t=0.00567667s]
packing state variables...done! [t=0.0056905s]
Variables: 21
FactPairs: 84
Bytes per state: 4
Building successor generator...done! [t=0.00615157s]
done initalizing global data [t=0.00615858s]
TR(time=60000, nodes=100000)
Mutex(time=60000, nodes=100000, type=edeletion)
Aux(time=2000, nodes=1000000)
Disj(nodes=2147483647)
Estimation: min_time(1000) time_penalty +(1000)*(2) nodes_penalty +(1000)*(2)
MaxStep(time=30000, nodes=100000000, nodes_per_planning_second=100)
Ratio useful: 0
   Min alloted time: 60000 nodes: 10000000
   Max alloted time: 60000 nodes: 15000000
   Mult alloted time: 2 nodes: 2
   Ratio after relax: 0.8
building causal graph...done! [t=0.000129149s]
Sym variable order: 10 8 12 9 11 1 15 17 2 18 20 16 14 19 13 0 6 4 7 3 5 
Initializing Symbolic Variables
Num variables: 21 => 30
Initialize Symbolic Manager(60, 266666, 16000000, 0)
Generating binary variables
Symbolic Variables... Done.
BOUND: 1 < 2147483647, total time: 0.455497s
BOUND: 2 < 2147483647, total time: 0.455789s
BOUND: 3 < 2147483647, total time: 0.456074s
BOUND: 4 < 2147483647, total time: 0.456509s
BOUND: 5 < 2147483647, total time: 0.456882s
BOUND: 6 < 2147483647, total time: 0.457587s
Solution found with cost 6 total time: 0.458111s
Merging: 1
3 0.470419 1 97
Merging: 7
2 0.488865 1 86
Merging: 6
1 0.50471 1 62
Merging: 1
3 0.51597 1 97
Merging: 7
2 0.524881 1 87
Merging: 6
1 0.531255 1 75
BOUND: 6 < 6, total time: 0.53718s
Actual search time: 0.0820093s [t=0.537567s]
turn_to satellite1 groundstation8 groundstation7 (1)
switch_on instrument1 satellite0 (1)
calibrate satellite0 instrument1 star4 (1)
turn_to satellite0 planet15 star4 (1)
take_image satellite0 planet15 instrument1 infrared0 (1)
turn_to satellite2 star1 planet15 (1)
Plan length: 6 step(s).
Plan cost: 6
Bytes per state: 4
Search time: 0.095545s
Total time: 0.537585s
Solution found.
Peak memory: 269116 KB
Running single search parser
