INFO     Running translator.
INFO     translator input: ['domain.pddl', 'problem.pddl']
INFO     translator arguments: []
INFO     translator time limit: None
INFO     translator memory limit: None
INFO     callstring: /usr/bin/python /mnt/data_server/torralba/subdominization/training/data/training_blocksworld/code-70296b3db083/builds/release32/bin/translate/translate.py domain.pddl problem.pddl
Parsing...
Parsing: [0.000s CPU, 0.007s wall-clock]
Normalizing task... [0.000s CPU, 0.000s wall-clock]
Instantiating...
Generating Datalog program... [0.000s CPU, 0.000s wall-clock]
Normalizing Datalog program...
Normalizing Datalog program: [0.000s CPU, 0.004s wall-clock]
Preparing model... [0.010s CPU, 0.001s wall-clock]
Generated 18 rules.
Computing model... [0.040s CPU, 0.046s wall-clock]
2209 relevant atoms
504 auxiliary atoms
2713 final queue length
6448 total queue pushes
Completing instantiation... [0.110s CPU, 0.110s wall-clock]
Instantiating: [0.160s CPU, 0.181s wall-clock]
Computing fact groups...
Finding invariants...
7 initial candidates
Finding invariants: [0.000s CPU, 0.002s wall-clock]
Checking invariant weight... [0.000s CPU, 0.000s wall-clock]
Instantiating groups... [0.000s CPU, 0.001s wall-clock]
Collecting mutex groups... [0.000s CPU, 0.000s wall-clock]
Choosing groups...
12 uncovered facts
Choosing groups: [0.000s CPU, 0.001s wall-clock]
Building translation key... [0.000s CPU, 0.000s wall-clock]
Computing fact groups: [0.000s CPU, 0.007s wall-clock]
Building STRIPS to SAS dictionary... [0.000s CPU, 0.000s wall-clock]
Building dictionary for full mutex groups... [0.000s CPU, 0.000s wall-clock]
Building mutex information...
Building mutex information: [0.000s CPU, 0.001s wall-clock]
Translating task...
Processing axioms...
Simplifying axioms... [0.000s CPU, 0.000s wall-clock]
Processing axioms: [0.010s CPU, 0.007s wall-clock]
Translating task: [0.150s CPU, 0.141s wall-clock]
1596 effect conditions simplified
0 implied preconditions added
Detecting unreachable propositions...
0 operators removed
0 axioms removed
12 propositions removed
Detecting unreachable propositions: [0.060s CPU, 0.056s wall-clock]
Translator variables: 24
Translator derived variables: 0
Translator facts: 180
Translator goal facts: 9
Translator mutex groups: 24
Translator total mutex groups size: 312
Translator operators: 1728
Translator axioms: 0
Translator task size: 12069
Translator peak memory: 56388 KB
Writing output... [0.030s CPU, 0.028s wall-clock]
Done! [0.410s CPU, 0.427s wall-clock]
INFO     Running preprocessor (release32).
INFO     preprocessor input: output.sas
INFO     preprocessor arguments: []
INFO     preprocessor time limit: None
INFO     preprocessor memory limit: None
INFO     callstring: /mnt/data_server/torralba/subdominization/training/data/training_blocksworld/code-70296b3db083/builds/release32/bin/preprocess < output.sas
Building causal graph...
The causal graph is not acyclic.
24 variables of 24 necessary
12 of 24 mutex groups necessary.
1728 of 1728 operators necessary.
0 of 0 axiom rules necessary.
Initializing mutex computation...
Mutex computation initialized with 180 fluents.
iteration for mutex detection and operator pruning
Initialize m_index fw
Initialized mvalues forward: reached=576, notReached=28056, spurious=3768
Initialize m_ops fw
Computing mutexes...
Mutex computation finished with reached=28500, notReached=132, spurious=3768
0 operators are spurious because were not triggered
H^2 mutexes added fw: 132, unreachable: 0
0 of 1728 operators detected as spurious
iteration for mutex detection and operator pruning
Initialize m_index bw
Init values regression
Initialized mvalues backward: reached=1102, notReached=27398, spurious=3900
Initialize m_ops bw
Computing mutexes...
Mutex computation finished with reached=24900, notReached=3600, spurious=3900
144 operators are spurious because were not triggered
Unreachable proposition: Atom on(b11, b11)
Unreachable proposition: Atom on(b3, b3)
Unreachable proposition: Atom on(b9, b9)
Unreachable proposition: Atom on(b1, b1)
Unreachable proposition: Atom on(b10, b10)
Unreachable proposition: Atom on(b12, b12)
Unreachable proposition: Atom on(b2, b2)
Unreachable proposition: Atom on(b4, b4)
Unreachable proposition: Atom on(b5, b5)
Unreachable proposition: Atom on(b6, b6)
Unreachable proposition: Atom on(b7, b7)
Unreachable proposition: Atom on(b8, b8)
H^2 mutexes added bw: 0, unreachable: 12
0 of 1584 operators detected as spurious
iteration for mutex detection and operator pruning
Initialize m_index fw
Initialized mvalues forward: reached=576, notReached=24324, spurious=7500
Initialize m_ops fw
Computing mutexes...
Mutex computation finished with reached=24900, notReached=0, spurious=7500
0 operators are spurious because were not triggered
H^2 mutexes added fw: 0, unreachable: 0
0 of 1584 operators detected as spurious
Total mutex and disambiguation time: 0.185679 iterations: 3
78 of 78 mutex groups necessary.
1584 of 1728 operators necessary.
0 of 0 axiom rules necessary.
Change id of operators: 1584
Change id of mutexes
Change id of goals
Change id of initial state
Remove unreachable facts from variables: 24
78 of 78 mutex groups necessary.
1584 of 1584 operators necessary.
0 of 0 axiom rules necessary.
Updating causal graph and pruning unnecessary facts
24 variables of 24 of 24 necessary
The causal graph is not acyclic.
24 variables of 24 necessary
78 of 78 mutex groups necessary.
1584 of 1584 operators necessary.
0 of 0 axiom rules necessary.
Building domain transition graphs...
solveable in poly time 0
Building successor generator...
Preprocessor variables: 24
Preprocessor facts: 168
Preprocessor derived variables: 0
Preprocessor operators: 1584
Preprocessor mutex groups: 78
Preprocessor task size: 11169
Writing output...
Preprocessor time: 0.254792s
Preprocessor peak memory: 3492 KB
done
INFO     Running search (release32).
INFO     search input: output
INFO     search arguments: ['--search', 'sbd(store_operators_in_optimal_plan=true, cost_type=1)']
INFO     search time limit: 3600s
INFO     search memory limit: 4096 MB
INFO     search executable: /mnt/data_server/torralba/subdominization/training/data/training_blocksworld/code-70296b3db083/builds/release32/bin/downward
INFO     callstring: /mnt/data_server/torralba/subdominization/training/data/training_blocksworld/code-70296b3db083/builds/release32/bin/downward --search 'sbd(store_operators_in_optimal_plan=true, cost_type=1)' --internal-plan-file sas_plan < output
time limit 3600.00 -> (3600, 3601)
reading input... [t=0.000127449s]
done reading input! [t=0.0146685s]
packing state variables...done! [t=0.0146896s]
Variables: 24
FactPairs: 168
Bytes per state: 8
Building successor generator...done! [t=0.0172518s]
done initalizing global data [t=0.0172631s]
TR(time=60000, nodes=100000)
Mutex(time=60000, nodes=100000, type=edeletion)
Aux(time=2000, nodes=1000000)
Disj(nodes=2147483647)
Estimation: min_time(1000) time_penalty +(1000)*(2) nodes_penalty +(1000)*(2)
MaxStep(time=30000, nodes=100000000, nodes_per_planning_second=100)
Ratio useful: 0
   Min alloted time: 60000 nodes: 10000000
   Max alloted time: 60000 nodes: 15000000
   Mult alloted time: 2 nodes: 2
   Ratio after relax: 0.8
building causal graph...done! [t=0.00118781s]
Sym variable order: 0 1 2 17 19 16 5 7 8 9 10 11 12 13 14 3 6 4 15 18 20 21 22 23 
Initializing Symbolic Variables
Num variables: 24 => 60
Initialize Symbolic Manager(120, 133333, 16000000, 0)
Generating binary variables
Symbolic Variables... Done.
BOUND: 1 < 2147483647, total time: 6.65644s
BOUND: 2 < 2147483647, total time: 6.66032s
BOUND: 3 < 2147483647, total time: 6.66692s
BOUND: 4 < 2147483647, total time: 6.67167s
BOUND: 5 < 2147483647, total time: 6.68448s
BOUND: 6 < 2147483647, total time: 6.70189s
BOUND: 7 < 2147483647, total time: 6.73341s
BOUND: 8 < 2147483647, total time: 6.80238s
BOUND: 9 < 2147483647, total time: 6.89954s
BOUND: 10 < 2147483647, total time: 7.17893s
BOUND: 11 < 2147483647, total time: 7.44779s
BOUND: 12 < 2147483647, total time: 8.23195s
BOUND: 13 < 2147483647, total time: 9.31307s
BOUND: 14 < 2147483647, total time: 11.8245s
BOUND: 15 < 2147483647, total time: 16.4564s
Solution found with cost 15 total time: 27.3982s
Merging: 1
7 27.5747 1 208
Merging: 6
6 27.6631 1 282
Merging: 9
5 27.801 1 270
Merging: 11
4 27.9236 1 229
Merging: 12
3 28.0214 1 218
Merging: 10
2 28.1093 1 158
Merging: 6
1 28.179 1 115
Merging: 1
8 28.2183 1 208
Merging: 1
7 28.2363 1 208
Merging: 5
6 28.2535 1 126
Merging: 1
5 28.2628 1 126
Merging: 2
4 28.2732 1 130
Merging: 4
3 28.2857 1 181
Merging: 6
2 28.2995 1 143
Merging: 5
1 28.3165 1 123
BOUND: 15 < 15, total time: 28.3274s
Actual search time: 21.7256s [t=28.3848s]
move-b-to-t b7 b1 (1)
move-b-to-b b1 b9 b7 (1)
move-b-to-t b9 b2 (1)
move-b-to-t b11 b10 (1)
move-b-to-b b12 b6 b11 (1)
move-t-to-b b6 b9 (1)
move-b-to-b b10 b5 b1 (1)
move-b-to-b b5 b4 b6 (1)
move-b-to-b b10 b1 b5 (1)
move-b-to-b b2 b3 b10 (1)
move-b-to-b b3 b8 b12 (1)
move-b-to-b b1 b7 b3 (1)
move-t-to-b b8 b2 (1)
move-t-to-b b7 b8 (1)
move-t-to-b b4 b7 (1)
Plan length: 15 step(s).
Plan cost: 15
Bytes per state: 8
Search time: 27.9847s
Total time: 28.3848s
Solution found.
Peak memory: 591484 KB
Running single search parser
