INFO     Running translator.
INFO     translator input: ['domain.pddl', 'problem.pddl']
INFO     translator arguments: []
INFO     translator time limit: None
INFO     translator memory limit: None
INFO     callstring: /usr/bin/python /mnt/data_server/torralba/subdominization/training/data/training_satellite/code-70296b3db083/builds/release32/bin/translate/translate.py domain.pddl problem.pddl
Parsing...
Parsing: [0.010s CPU, 0.008s wall-clock]
Normalizing task... [0.000s CPU, 0.000s wall-clock]
Instantiating...
Generating Datalog program... [0.000s CPU, 0.001s wall-clock]
Normalizing Datalog program...
Normalizing Datalog program: [0.000s CPU, 0.008s wall-clock]
Preparing model... [0.000s CPU, 0.002s wall-clock]
Generated 31 rules.
Computing model... [0.020s CPU, 0.014s wall-clock]
450 relevant atoms
153 auxiliary atoms
603 final queue length
875 total queue pushes
Completing instantiation... [0.010s CPU, 0.017s wall-clock]
Instantiating: [0.030s CPU, 0.053s wall-clock]
Computing fact groups...
Finding invariants...
12 initial candidates
Finding invariants: [0.010s CPU, 0.003s wall-clock]
Checking invariant weight... [0.000s CPU, 0.000s wall-clock]
Instantiating groups... [0.000s CPU, 0.000s wall-clock]
Collecting mutex groups... [0.000s CPU, 0.000s wall-clock]
Choosing groups...
32 uncovered facts
Choosing groups: [0.000s CPU, 0.000s wall-clock]
Building translation key... [0.000s CPU, 0.000s wall-clock]
Computing fact groups: [0.010s CPU, 0.005s wall-clock]
Building STRIPS to SAS dictionary... [0.000s CPU, 0.000s wall-clock]
Building dictionary for full mutex groups... [0.000s CPU, 0.000s wall-clock]
Building mutex information...
Building mutex information: [0.000s CPU, 0.000s wall-clock]
Translating task...
Processing axioms...
Simplifying axioms... [0.000s CPU, 0.000s wall-clock]
Processing axioms: [0.000s CPU, 0.001s wall-clock]
Translating task: [0.020s CPU, 0.017s wall-clock]
12 effect conditions simplified
0 implied preconditions added
Detecting unreachable propositions...
0 operators removed
0 axioms removed
2 propositions removed
Detecting unreachable propositions: [0.010s CPU, 0.010s wall-clock]
Translator variables: 34
Translator derived variables: 0
Translator facts: 86
Translator goal facts: 2
Translator mutex groups: 2
Translator total mutex groups size: 22
Translator operators: 300
Translator axioms: 0
Translator task size: 1194
Translator peak memory: 44268 KB
Writing output... [0.000s CPU, 0.012s wall-clock]
Done! [0.080s CPU, 0.107s wall-clock]
INFO     Running preprocessor (release32).
INFO     preprocessor input: output.sas
INFO     preprocessor arguments: []
INFO     preprocessor time limit: None
INFO     preprocessor memory limit: None
INFO     callstring: /mnt/data_server/torralba/subdominization/training/data/training_satellite/code-70296b3db083/builds/release32/bin/preprocess < output.sas
Building causal graph...
The causal graph is not acyclic.
12 variables of 34 necessary
0 of 2 mutex groups necessary.
236 of 300 operators necessary.
0 of 0 axiom rules necessary.
Initializing mutex computation...
Mutex computation initialized with 42 fluents.
iteration for mutex detection and operator pruning
Initialize m_index fw
Initialized mvalues forward: reached=144, notReached=1380, spurious=240
Initialize m_ops fw
Computing mutexes...
Mutex computation finished with reached=1512, notReached=12, spurious=240
0 operators are spurious because were not triggered
H^2 mutexes added fw: 12, unreachable: 0
0 of 236 operators detected as spurious
iteration for mutex detection and operator pruning
Initialize m_index bw
Init values regression
Initialized mvalues backward: reached=821, notReached=691, spurious=252
Initialize m_ops bw
Computing mutexes...
Mutex computation finished with reached=1512, notReached=0, spurious=252
0 operators are spurious because were not triggered
H^2 mutexes added bw: 0, unreachable: 0
0 of 236 operators detected as spurious
Total mutex and disambiguation time: 0.003578 iterations: 2
6 of 6 mutex groups necessary.
236 of 236 operators necessary.
0 of 0 axiom rules necessary.
Change id of operators: 236
Change id of mutexes
Change id of goals
Change id of initial state
Remove unreachable facts from variables: 12
6 of 6 mutex groups necessary.
236 of 236 operators necessary.
0 of 0 axiom rules necessary.
Updating causal graph and pruning unnecessary facts
12 variables of 12 of 34 necessary
The causal graph is not acyclic.
12 variables of 12 necessary
6 of 6 mutex groups necessary.
236 of 236 operators necessary.
0 of 0 axiom rules necessary.
Building domain transition graphs...
solveable in poly time 0
Building successor generator...
Preprocessor variables: 12
Preprocessor facts: 42
Preprocessor derived variables: 0
Preprocessor operators: 236
Preprocessor mutex groups: 6
Preprocessor task size: 798
Writing output...
Preprocessor time: 0.0112696s
Preprocessor peak memory: 2248 KB
done
INFO     Running search (release32).
INFO     search input: output
INFO     search arguments: ['--search', 'sbd(store_operators_in_optimal_plan=true, cost_type=1)']
INFO     search time limit: 3600s
INFO     search memory limit: 4096 MB
INFO     search executable: /mnt/data_server/torralba/subdominization/training/data/training_satellite/code-70296b3db083/builds/release32/bin/downward
INFO     callstring: /mnt/data_server/torralba/subdominization/training/data/training_satellite/code-70296b3db083/builds/release32/bin/downward --search 'sbd(store_operators_in_optimal_plan=true, cost_type=1)' --internal-plan-file sas_plan < output
time limit 3600.00 -> (3600, 3601)
reading input... [t=0.000123292s]
done reading input! [t=0.00189747s]
packing state variables...done! [t=0.00191012s]
Variables: 12
FactPairs: 42
Bytes per state: 4
Building successor generator...done! [t=0.00205945s]
done initalizing global data [t=0.00206527s]
TR(time=60000, nodes=100000)
Mutex(time=60000, nodes=100000, type=edeletion)
Aux(time=2000, nodes=1000000)
Disj(nodes=2147483647)
Estimation: min_time(1000) time_penalty +(1000)*(2) nodes_penalty +(1000)*(2)
MaxStep(time=30000, nodes=100000000, nodes_per_planning_second=100)
Ratio useful: 0
   Min alloted time: 60000 nodes: 10000000
   Max alloted time: 60000 nodes: 15000000
   Mult alloted time: 2 nodes: 2
   Ratio after relax: 0.8
building causal graph...done! [t=5.8403e-05s]
Sym variable order: 6 8 10 7 9 11 1 0 5 3 4 2 
Initializing Symbolic Variables
Num variables: 12 => 18
Initialize Symbolic Manager(36, 444444, 16000000, 0)
Generating binary variables
Symbolic Variables... Done.
BOUND: 1 < 2147483647, total time: 0.319268s
BOUND: 2 < 2147483647, total time: 0.319417s
BOUND: 3 < 2147483647, total time: 0.319574s
BOUND: 4 < 2147483647, total time: 0.319775s
BOUND: 5 < 2147483647, total time: 0.319989s
Solution found with cost 5 total time: 0.320169s
Merging: 1
2 0.322004 1 26
Merging: 3
1 0.323872 1 28
Merging: 1
3 0.325724 1 26
Merging: 3
2 0.326807 1 22
Merging: 3
1 0.327799 1 21
BOUND: 5 < 5, total time: 0.328738s
Actual search time: 0.00965806s [t=0.328963s]
switch_on instrument1 satellite0 (1)
calibrate satellite0 instrument1 star3 (1)
turn_to satellite0 star10 star3 (1)
take_image satellite0 star10 instrument1 thermograph0 (1)
turn_to satellite1 groundstation2 groundstation6 (1)
Plan length: 5 step(s).
Plan cost: 5
Bytes per state: 4
Search time: 0.0136472s
Total time: 0.328974s
Solution found.
Peak memory: 219000 KB
Running single search parser
