INFO     Running translator.
INFO     translator input: ['domain.pddl', 'problem.pddl']
INFO     translator arguments: []
INFO     translator time limit: None
INFO     translator memory limit: None
INFO     callstring: /usr/bin/python /mnt/data_server/torralba/subdominization/training/data/training_satellite/code-70296b3db083/builds/release32/bin/translate/translate.py domain.pddl problem.pddl
Parsing...
Parsing: [0.010s CPU, 0.010s wall-clock]
Normalizing task... [0.000s CPU, 0.000s wall-clock]
Instantiating...
Generating Datalog program... [0.000s CPU, 0.001s wall-clock]
Normalizing Datalog program...
Normalizing Datalog program: [0.000s CPU, 0.006s wall-clock]
Preparing model... [0.010s CPU, 0.003s wall-clock]
Generated 31 rules.
Computing model... [0.050s CPU, 0.057s wall-clock]
2080 relevant atoms
461 auxiliary atoms
2541 final queue length
4178 total queue pushes
Completing instantiation... [0.090s CPU, 0.095s wall-clock]
Instantiating: [0.150s CPU, 0.170s wall-clock]
Computing fact groups...
Finding invariants...
12 initial candidates
Finding invariants: [0.010s CPU, 0.004s wall-clock]
Checking invariant weight... [0.000s CPU, 0.000s wall-clock]
Instantiating groups... [0.000s CPU, 0.001s wall-clock]
Collecting mutex groups... [0.000s CPU, 0.000s wall-clock]
Choosing groups...
77 uncovered facts
Choosing groups: [0.000s CPU, 0.000s wall-clock]
Building translation key... [0.000s CPU, 0.001s wall-clock]
Computing fact groups: [0.010s CPU, 0.009s wall-clock]
Building STRIPS to SAS dictionary... [0.000s CPU, 0.000s wall-clock]
Building dictionary for full mutex groups... [0.000s CPU, 0.000s wall-clock]
Building mutex information...
Building mutex information: [0.000s CPU, 0.000s wall-clock]
Translating task...
Processing axioms...
Simplifying axioms... [0.000s CPU, 0.000s wall-clock]
Processing axioms: [0.010s CPU, 0.004s wall-clock]
Translating task: [0.100s CPU, 0.097s wall-clock]
24 effect conditions simplified
0 implied preconditions added
Detecting unreachable propositions...
0 operators removed
0 axioms removed
4 propositions removed
Detecting unreachable propositions: [0.050s CPU, 0.056s wall-clock]
Translator variables: 81
Translator derived variables: 0
Translator facts: 230
Translator goal facts: 4
Translator mutex groups: 4
Translator total mutex groups size: 76
Translator operators: 1706
Translator axioms: 0
Translator task size: 6159
Translator peak memory: 51136 KB
Writing output... [0.020s CPU, 0.025s wall-clock]
Done! [0.350s CPU, 0.373s wall-clock]
INFO     Running preprocessor (release32).
INFO     preprocessor input: output.sas
INFO     preprocessor arguments: []
INFO     preprocessor time limit: None
INFO     preprocessor memory limit: None
INFO     callstring: /mnt/data_server/torralba/subdominization/training/data/training_satellite/code-70296b3db083/builds/release32/bin/preprocess < output.sas
Building causal graph...
The causal graph is not acyclic.
25 variables of 81 necessary
0 of 4 mutex groups necessary.
1410 of 1706 operators necessary.
0 of 0 axiom rules necessary.
Initializing mutex computation...
Mutex computation initialized with 118 fluents.
iteration for mutex detection and operator pruning
Initialize m_index fw
Initialized mvalues forward: reached=625, notReached=11889, spurious=1410
Initialize m_ops fw
Computing mutexes...
Mutex computation finished with reached=12490, notReached=24, spurious=1410
0 operators are spurious because were not triggered
H^2 mutexes added fw: 24, unreachable: 0
0 of 1410 operators detected as spurious
iteration for mutex detection and operator pruning
Initialize m_index bw
Init values regression
Initialized mvalues backward: reached=5654, notReached=6836, spurious=1434
Initialize m_ops bw
Computing mutexes...
Mutex computation finished with reached=12490, notReached=0, spurious=1434
0 operators are spurious because were not triggered
H^2 mutexes added bw: 0, unreachable: 0
0 of 1410 operators detected as spurious
Total mutex and disambiguation time: 0.054778 iterations: 2
12 of 12 mutex groups necessary.
1410 of 1410 operators necessary.
0 of 0 axiom rules necessary.
Change id of operators: 1410
Change id of mutexes
Change id of goals
Change id of initial state
Remove unreachable facts from variables: 25
12 of 12 mutex groups necessary.
1410 of 1410 operators necessary.
0 of 0 axiom rules necessary.
Updating causal graph and pruning unnecessary facts
25 variables of 25 of 81 necessary
The causal graph is not acyclic.
25 variables of 25 necessary
12 of 12 mutex groups necessary.
1410 of 1410 operators necessary.
0 of 0 axiom rules necessary.
Building domain transition graphs...
solveable in poly time 0
Building successor generator...
Preprocessor variables: 25
Preprocessor facts: 118
Preprocessor derived variables: 0
Preprocessor operators: 1410
Preprocessor mutex groups: 12
Preprocessor task size: 4461
Writing output...
Preprocessor time: 0.0945579s
Preprocessor peak memory: 2900 KB
done
INFO     Running search (release32).
INFO     search input: output
INFO     search arguments: ['--search', 'sbd(store_operators_in_optimal_plan=true, cost_type=1)']
INFO     search time limit: 3600s
INFO     search memory limit: 4096 MB
INFO     search executable: /mnt/data_server/torralba/subdominization/training/data/training_satellite/code-70296b3db083/builds/release32/bin/downward
INFO     callstring: /mnt/data_server/torralba/subdominization/training/data/training_satellite/code-70296b3db083/builds/release32/bin/downward --search 'sbd(store_operators_in_optimal_plan=true, cost_type=1)' --internal-plan-file sas_plan < output
time limit 3600.00 -> (3600, 3601)
reading input... [t=0.000144401s]
done reading input! [t=0.00981846s]
packing state variables...done! [t=0.00985129s]
Variables: 25
FactPairs: 118
Bytes per state: 8
Building successor generator...done! [t=0.0106637s]
done initalizing global data [t=0.0106717s]
TR(time=60000, nodes=100000)
Mutex(time=60000, nodes=100000, type=edeletion)
Aux(time=2000, nodes=1000000)
Disj(nodes=2147483647)
Estimation: min_time(1000) time_penalty +(1000)*(2) nodes_penalty +(1000)*(2)
MaxStep(time=30000, nodes=100000000, nodes_per_planning_second=100)
Ratio useful: 0
   Min alloted time: 60000 nodes: 10000000
   Max alloted time: 60000 nodes: 15000000
   Mult alloted time: 2 nodes: 2
   Ratio after relax: 0.8
building causal graph...done! [t=0.000182189s]
Sym variable order: 16 15 17 14 18 2 6 5 4 7 8 23 0 24 3 1 13 9 22 20 12 11 10 21 19 
Initializing Symbolic Variables
Num variables: 25 => 41
Initialize Symbolic Manager(82, 195121, 16000000, 0)
Generating binary variables
Symbolic Variables... Done.
BOUND: 1 < 2147483647, total time: 0.505713s
BOUND: 2 < 2147483647, total time: 0.506086s
BOUND: 3 < 2147483647, total time: 0.506644s
BOUND: 4 < 2147483647, total time: 0.507202s
BOUND: 5 < 2147483647, total time: 0.508205s
BOUND: 6 < 2147483647, total time: 0.508976s
BOUND: 7 < 2147483647, total time: 0.510158s
BOUND: 8 < 2147483647, total time: 0.512244s
Solution found with cost 8 total time: 0.513966s
Merging: 1
5 0.533005 1 60
Merging: 6
4 0.552611 1 65
Merging: 7
3 0.574282 1 74
Merging: 9
2 0.599227 1 79
Merging: 6
1 0.625181 1 69
Merging: 1
3 0.647493 1 60
Merging: 4
2 0.657436 1 59
Merging: 4
1 0.666015 1 54
BOUND: 8 < 8, total time: 0.674383s
Actual search time: 0.169033s [t=0.674785s]
turn_to satellite0 star5 star2 (1)
switch_on instrument0 satellite0 (1)
calibrate satellite0 instrument0 star5 (1)
turn_to satellite0 planet16 star5 (1)
take_image satellite0 planet16 instrument0 infrared0 (1)
turn_to satellite0 phenomenon15 planet16 (1)
take_image satellite0 phenomenon15 instrument0 image1 (1)
turn_to satellite1 star2 groundstation4 (1)
Plan length: 8 step(s).
Plan cost: 8
Bytes per state: 8
Search time: 0.196525s
Total time: 0.674795s
Solution found.
Peak memory: 230276 KB
Running single search parser
