INFO     Running translator.
INFO     translator input: ['domain.pddl', 'problem.pddl']
INFO     translator arguments: []
INFO     translator time limit: None
INFO     translator memory limit: None
INFO     callstring: /usr/bin/python /mnt/data_server/torralba/subdominization/training/data/training_depots/code-70296b3db083/builds/release32/bin/translate/translate.py domain.pddl problem.pddl
Parsing...
Parsing: [0.000s CPU, 0.007s wall-clock]
Normalizing task... [0.000s CPU, 0.000s wall-clock]
Instantiating...
Generating Datalog program... [0.010s CPU, 0.001s wall-clock]
Normalizing Datalog program...
Normalizing Datalog program: [0.000s CPU, 0.005s wall-clock]
Preparing model... [0.000s CPU, 0.003s wall-clock]
Generated 43 rules.
Computing model... [0.060s CPU, 0.056s wall-clock]
1141 relevant atoms
1000 auxiliary atoms
2141 final queue length
4111 total queue pushes
Completing instantiation... [0.100s CPU, 0.093s wall-clock]
Instantiating: [0.170s CPU, 0.176s wall-clock]
Computing fact groups...
Finding invariants...
16 initial candidates
Finding invariants: [0.010s CPU, 0.016s wall-clock]
Checking invariant weight... [0.000s CPU, 0.001s wall-clock]
Instantiating groups... [0.010s CPU, 0.009s wall-clock]
Collecting mutex groups... [0.000s CPU, 0.000s wall-clock]
Choosing groups...
24 uncovered facts
Choosing groups: [0.010s CPU, 0.002s wall-clock]
Building translation key... [0.000s CPU, 0.001s wall-clock]
Computing fact groups: [0.030s CPU, 0.033s wall-clock]
Building STRIPS to SAS dictionary... [0.000s CPU, 0.000s wall-clock]
Building dictionary for full mutex groups... [0.000s CPU, 0.001s wall-clock]
Building mutex information...
Building mutex information: [0.000s CPU, 0.001s wall-clock]
Translating task...
Processing axioms...
Simplifying axioms... [0.000s CPU, 0.000s wall-clock]
Processing axioms: [0.010s CPU, 0.005s wall-clock]
Translating task: [0.110s CPU, 0.111s wall-clock]
1024 effect conditions simplified
0 implied preconditions added
Detecting unreachable propositions...
0 operators removed
0 axioms removed
34 propositions removed
Detecting unreachable propositions: [0.050s CPU, 0.052s wall-clock]
Translator variables: 34
Translator derived variables: 0
Translator facts: 216
Translator goal facts: 7
Translator mutex groups: 34
Translator total mutex groups size: 408
Translator operators: 760
Translator axioms: 0
Translator task size: 7233
Translator peak memory: 51004 KB
Writing output... [0.020s CPU, 0.033s wall-clock]
Done! [0.380s CPU, 0.419s wall-clock]
INFO     Running preprocessor (release32).
INFO     preprocessor input: output.sas
INFO     preprocessor arguments: []
INFO     preprocessor time limit: None
INFO     preprocessor memory limit: None
INFO     callstring: /mnt/data_server/torralba/subdominization/training/data/training_depots/code-70296b3db083/builds/release32/bin/preprocess < output.sas
Building causal graph...
The causal graph is not acyclic.
34 variables of 34 necessary
24 of 34 mutex groups necessary.
760 of 760 operators necessary.
0 of 0 axiom rules necessary.
Initializing mutex computation...
Mutex computation initialized with 216 fluents.
iteration for mutex detection and operator pruning
Initialize m_index fw
Initialized mvalues forward: reached=1156, notReached=40932, spurious=4568
Initialize m_ops fw
Computing mutexes...
Mutex computation finished with reached=41536, notReached=552, spurious=4568
96 operators are spurious because were not triggered
H^2 mutexes added fw: 552, unreachable: 0
0 of 664 operators detected as spurious
iteration for mutex detection and operator pruning
Initialize m_index bw
Init values regression
Initialized mvalues backward: reached=4767, notReached=36769, spurious=5120
Initialize m_ops bw
Computing mutexes...
Mutex computation finished with reached=41536, notReached=0, spurious=5120
0 operators are spurious because were not triggered
H^2 mutexes added bw: 0, unreachable: 0
0 of 664 operators detected as spurious
Total mutex and disambiguation time: 0.089474 iterations: 2
300 of 300 mutex groups necessary.
664 of 760 operators necessary.
0 of 0 axiom rules necessary.
Change id of operators: 664
Change id of mutexes
Change id of goals
Change id of initial state
Remove unreachable facts from variables: 34
300 of 300 mutex groups necessary.
664 of 664 operators necessary.
0 of 0 axiom rules necessary.
Updating causal graph and pruning unnecessary facts
34 variables of 34 of 34 necessary
The causal graph is not acyclic.
34 variables of 34 necessary
300 of 300 mutex groups necessary.
664 of 664 operators necessary.
0 of 0 axiom rules necessary.
Building domain transition graphs...
solveable in poly time 0
Building successor generator...
Preprocessor variables: 34
Preprocessor facts: 216
Preprocessor derived variables: 0
Preprocessor operators: 664
Preprocessor mutex groups: 300
Preprocessor task size: 6681
Writing output...
Preprocessor time: 0.168682s
Preprocessor peak memory: 3292 KB
done
INFO     Running search (release32).
INFO     search input: output
INFO     search arguments: ['--search', 'sbd(store_operators_in_optimal_plan=true, cost_type=1)']
INFO     search time limit: 3600s
INFO     search memory limit: 4096 MB
INFO     search executable: /mnt/data_server/torralba/subdominization/training/data/training_depots/code-70296b3db083/builds/release32/bin/downward
INFO     callstring: /mnt/data_server/torralba/subdominization/training/data/training_depots/code-70296b3db083/builds/release32/bin/downward --search 'sbd(store_operators_in_optimal_plan=true, cost_type=1)' --internal-plan-file sas_plan < output
time limit 3600.00 -> (3600, 3601)
reading input... [t=0.000122381s]
done reading input! [t=0.0131744s]
packing state variables...done! [t=0.0132166s]
Variables: 34
FactPairs: 216
Bytes per state: 12
Building successor generator...done! [t=0.0154723s]
done initalizing global data [t=0.0154816s]
TR(time=60000, nodes=100000)
Mutex(time=60000, nodes=100000, type=edeletion)
Aux(time=2000, nodes=1000000)
Disj(nodes=2147483647)
Estimation: min_time(1000) time_penalty +(1000)*(2) nodes_penalty +(1000)*(2)
MaxStep(time=30000, nodes=100000000, nodes_per_planning_second=100)
Ratio useful: 0
   Min alloted time: 60000 nodes: 10000000
   Max alloted time: 60000 nodes: 15000000
   Mult alloted time: 2 nodes: 2
   Ratio after relax: 0.8
building causal graph...done! [t=0.00166501s]
Sym variable order: 0 1 23 3 32 28 29 31 6 20 26 25 7 8 14 15 21 17 10 19 13 16 22 9 24 11 18 12 33 27 30 2 5 4 
Initializing Symbolic Variables
Num variables: 34 => 84
Initialize Symbolic Manager(168, 95238, 16000000, 0)
Generating binary variables
Symbolic Variables... Done.
BOUND: 1 < 2147483647, total time: 6.02734s
BOUND: 2 < 2147483647, total time: 6.02918s
BOUND: 3 < 2147483647, total time: 6.03486s
BOUND: 4 < 2147483647, total time: 6.03692s
BOUND: 5 < 2147483647, total time: 6.04095s
BOUND: 6 < 2147483647, total time: 6.06317s
BOUND: 7 < 2147483647, total time: 6.07285s
BOUND: 8 < 2147483647, total time: 6.09576s
BOUND: 9 < 2147483647, total time: 6.21152s
BOUND: 10 < 2147483647, total time: 6.26146s
BOUND: 11 < 2147483647, total time: 6.36491s
BOUND: 12 < 2147483647, total time: 6.75575s
BOUND: 13 < 2147483647, total time: 6.95606s
BOUND: 14 < 2147483647, total time: 7.34178s
BOUND: 15 < 2147483647, total time: 8.66503s
BOUND: 16 < 2147483647, total time: 9.43131s
BOUND: 17 < 2147483647, total time: 10.7649s
BOUND: 18 < 2147483647, total time: 14.76s
BOUND: 19 < 2147483647, total time: 17.456s
BOUND: 20 < 2147483647, total time: 22.0737s
BOUND: 21 < 2147483647, total time: 35.0259s
BOUND: 22 < 2147483647, total time: 45.162s
BOUND: 23 < 2147483647, total time: 62.3338s
BOUND: 24 < 2147483647, total time: 97.9476s
BOUND: 25 < 2147483647, total time: 132.255s
BOUND: 26 < 2147483647, total time: 193.076s
BOUND: 27 < 2147483647, total time: 292.282s
BOUND: 28 < 2147483647, total time: 393.622s
BOUND: 29 < 2147483647, total time: 641.82s
BOUND: 30 < 2147483647, total time: 815.342s
BOUND: 31 < 2147483647, total time: 1095.77s
Peak memory: 1921028 KB
caught signal 24 -- exiting
Running single search parser
