INFO     Running translator.
INFO     translator input: ['domain.pddl', 'problem.pddl']
INFO     translator arguments: []
INFO     translator time limit: None
INFO     translator memory limit: None
INFO     callstring: /usr/bin/python /mnt/data_server/torralba/subdominization/training/data/training_satellite/code-70296b3db083/builds/release32/bin/translate/translate.py domain.pddl problem.pddl
Parsing...
Parsing: [0.000s CPU, 0.099s wall-clock]
Normalizing task... [0.000s CPU, 0.000s wall-clock]
Instantiating...
Generating Datalog program... [0.010s CPU, 0.001s wall-clock]
Normalizing Datalog program...
Normalizing Datalog program: [0.000s CPU, 0.007s wall-clock]
Preparing model... [0.000s CPU, 0.003s wall-clock]
Generated 31 rules.
Computing model... [0.060s CPU, 0.056s wall-clock]
2084 relevant atoms
473 auxiliary atoms
2557 final queue length
4161 total queue pushes
Completing instantiation... [0.090s CPU, 0.093s wall-clock]
Instantiating: [0.170s CPU, 0.191s wall-clock]
Computing fact groups...
Finding invariants...
12 initial candidates
Finding invariants: [0.000s CPU, 0.003s wall-clock]
Checking invariant weight... [0.000s CPU, 0.000s wall-clock]
Instantiating groups... [0.000s CPU, 0.000s wall-clock]
Collecting mutex groups... [0.000s CPU, 0.000s wall-clock]
Choosing groups...
94 uncovered facts
Choosing groups: [0.000s CPU, 0.000s wall-clock]
Building translation key... [0.010s CPU, 0.001s wall-clock]
Computing fact groups: [0.010s CPU, 0.008s wall-clock]
Building STRIPS to SAS dictionary... [0.000s CPU, 0.000s wall-clock]
Building dictionary for full mutex groups... [0.000s CPU, 0.000s wall-clock]
Building mutex information...
Building mutex information: [0.000s CPU, 0.000s wall-clock]
Translating task...
Processing axioms...
Simplifying axioms... [0.000s CPU, 0.000s wall-clock]
Processing axioms: [0.000s CPU, 0.004s wall-clock]
Translating task: [0.090s CPU, 0.095s wall-clock]
21 effect conditions simplified
0 implied preconditions added
Detecting unreachable propositions...
0 operators removed
0 axioms removed
4 propositions removed
Detecting unreachable propositions: [0.060s CPU, 0.055s wall-clock]
Translator variables: 98
Translator derived variables: 0
Translator facts: 264
Translator goal facts: 6
Translator mutex groups: 4
Translator total mutex groups size: 76
Translator operators: 1690
Translator axioms: 0
Translator task size: 6128
Translator peak memory: 50892 KB
Writing output... [0.020s CPU, 0.087s wall-clock]
Done! [0.350s CPU, 0.541s wall-clock]
INFO     Running preprocessor (release32).
INFO     preprocessor input: output.sas
INFO     preprocessor arguments: []
INFO     preprocessor time limit: None
INFO     preprocessor memory limit: None
INFO     callstring: /mnt/data_server/torralba/subdominization/training/data/training_satellite/code-70296b3db083/builds/release32/bin/preprocess < output.sas
Building causal graph...
The causal graph is not acyclic.
23 variables of 98 necessary
0 of 4 mutex groups necessary.
1409 of 1690 operators necessary.
0 of 0 axiom rules necessary.
Initializing mutex computation...
Mutex computation initialized with 114 fluents.
iteration for mutex detection and operator pruning
Initialize m_index fw
Initialized mvalues forward: reached=529, notReached=11061, spurious=1406
Initialize m_ops fw
Computing mutexes...
Mutex computation finished with reached=11564, notReached=26, spurious=1406
0 operators are spurious because were not triggered
H^2 mutexes added fw: 26, unreachable: 0
0 of 1409 operators detected as spurious
iteration for mutex detection and operator pruning
Initialize m_index bw
Init values regression
Initialized mvalues backward: reached=4736, notReached=6828, spurious=1432
Initialize m_ops bw
Computing mutexes...
Mutex computation finished with reached=11564, notReached=0, spurious=1432
0 operators are spurious because were not triggered
H^2 mutexes added bw: 0, unreachable: 0
0 of 1409 operators detected as spurious
Total mutex and disambiguation time: 0.052811 iterations: 2
13 of 13 mutex groups necessary.
1409 of 1409 operators necessary.
0 of 0 axiom rules necessary.
Change id of operators: 1409
Change id of mutexes
Change id of goals
Change id of initial state
Remove unreachable facts from variables: 23
13 of 13 mutex groups necessary.
1409 of 1409 operators necessary.
0 of 0 axiom rules necessary.
Updating causal graph and pruning unnecessary facts
23 variables of 23 of 98 necessary
The causal graph is not acyclic.
23 variables of 23 necessary
13 of 13 mutex groups necessary.
1409 of 1409 operators necessary.
0 of 0 axiom rules necessary.
Building domain transition graphs...
solveable in poly time 0
Building successor generator...
Preprocessor variables: 23
Preprocessor facts: 114
Preprocessor derived variables: 0
Preprocessor operators: 1409
Preprocessor mutex groups: 13
Preprocessor task size: 4457
Writing output...
Preprocessor time: 0.093243s
Preprocessor peak memory: 2904 KB
done
INFO     Running search (release32).
INFO     search input: output
INFO     search arguments: ['--search', 'sbd(store_operators_in_optimal_plan=true, cost_type=1)']
INFO     search time limit: 3600s
INFO     search memory limit: 4096 MB
INFO     search executable: /mnt/data_server/torralba/subdominization/training/data/training_satellite/code-70296b3db083/builds/release32/bin/downward
INFO     callstring: /mnt/data_server/torralba/subdominization/training/data/training_satellite/code-70296b3db083/builds/release32/bin/downward --search 'sbd(store_operators_in_optimal_plan=true, cost_type=1)' --internal-plan-file sas_plan < output
time limit 3600.00 -> (3600, 3601)
reading input... [t=0.000137894s]
done reading input! [t=0.0100243s]
packing state variables...done! [t=0.0100568s]
Variables: 23
FactPairs: 114
Bytes per state: 8
Building successor generator...done! [t=0.01088s]
done initalizing global data [t=0.0108882s]
TR(time=60000, nodes=100000)
Mutex(time=60000, nodes=100000, type=edeletion)
Aux(time=2000, nodes=1000000)
Disj(nodes=2147483647)
Estimation: min_time(1000) time_penalty +(1000)*(2) nodes_penalty +(1000)*(2)
MaxStep(time=30000, nodes=100000000, nodes_per_planning_second=100)
Ratio useful: 0
   Min alloted time: 60000 nodes: 10000000
   Max alloted time: 60000 nodes: 15000000
   Mult alloted time: 2 nodes: 2
   Ratio after relax: 0.8
building causal graph...done! [t=0.000176708s]
Sym variable order: 15 16 17 11 14 18 12 13 3 2 19 21 20 22 1 0 10 9 7 4 8 6 5 
Initializing Symbolic Variables
Num variables: 23 => 39
Initialize Symbolic Manager(78, 205128, 16000000, 0)
Generating binary variables
Symbolic Variables... Done.
BOUND: 1 < 2147483647, total time: 0.472864s
BOUND: 2 < 2147483647, total time: 0.473221s
BOUND: 3 < 2147483647, total time: 0.473768s
BOUND: 4 < 2147483647, total time: 0.474282s
BOUND: 5 < 2147483647, total time: 0.474947s
BOUND: 6 < 2147483647, total time: 0.476258s
BOUND: 7 < 2147483647, total time: 0.477325s
BOUND: 8 < 2147483647, total time: 0.478932s
BOUND: 9 < 2147483647, total time: 0.481641s
BOUND: 10 < 2147483647, total time: 0.484294s
BOUND: 11 < 2147483647, total time: 0.489344s
Solution found with cost 11 total time: 0.493475s
Merging: 1
7 0.540294 1 62
Merging: 10
6 0.567567 1 65
Merging: 10
5 0.595118 1 62
Merging: 10
4 0.621002 1 59
Merging: 7
3 0.643279 1 54
Merging: 5
2 0.663526 1 58
Merging: 3
1 0.682189 1 62
Merging: 1
4 0.700664 1 62
Merging: 10
3 0.712073 1 59
Merging: 7
2 0.721761 1 55
Merging: 5
1 0.7301 1 45
BOUND: 11 < 11, total time: 0.737499s
Actual search time: 0.265245s [t=0.738148s]
switch_on instrument3 satellite2 (1)
calibrate satellite2 instrument3 groundstation3 (1)
turn_to satellite2 planet17 groundstation3 (1)
take_image satellite2 planet17 instrument3 infrared2 (1)
turn_to satellite2 planet15 planet17 (1)
turn_to satellite1 groundstation12 planet15 (1)
take_image satellite2 planet15 instrument3 infrared2 (1)
turn_to satellite2 star18 planet15 (1)
take_image satellite2 star18 instrument3 infrared2 (1)
turn_to satellite2 star16 star18 (1)
take_image satellite2 star16 instrument3 infrared2 (1)
Plan length: 11 step(s).
Plan cost: 11
Bytes per state: 8
Search time: 0.292023s
Total time: 0.738159s
Solution found.
Peak memory: 226628 KB
Running single search parser
