INFO     Running translator.
INFO     translator input: ['domain.pddl', 'problem.pddl']
INFO     translator arguments: []
INFO     translator time limit: None
INFO     translator memory limit: None
INFO     callstring: /usr/bin/python /mnt/data_server/torralba/subdominization/training/data/training_blocksworld/code-70296b3db083/builds/release32/bin/translate/translate.py domain.pddl problem.pddl
Parsing...
Parsing: [0.000s CPU, 0.005s wall-clock]
Normalizing task... [0.000s CPU, 0.000s wall-clock]
Instantiating...
Generating Datalog program... [0.000s CPU, 0.000s wall-clock]
Normalizing Datalog program...
Normalizing Datalog program: [0.000s CPU, 0.003s wall-clock]
Preparing model... [0.000s CPU, 0.001s wall-clock]
Generated 18 rules.
Computing model... [0.080s CPU, 0.074s wall-clock]
2209 relevant atoms
504 auxiliary atoms
2713 final queue length
6447 total queue pushes
Completing instantiation... [0.170s CPU, 0.166s wall-clock]
Instantiating: [0.250s CPU, 0.271s wall-clock]
Computing fact groups...
Finding invariants...
7 initial candidates
Finding invariants: [0.010s CPU, 0.003s wall-clock]
Checking invariant weight... [0.000s CPU, 0.000s wall-clock]
Instantiating groups... [0.000s CPU, 0.002s wall-clock]
Collecting mutex groups... [0.000s CPU, 0.000s wall-clock]
Choosing groups...
12 uncovered facts
Choosing groups: [0.000s CPU, 0.002s wall-clock]
Building translation key... [0.000s CPU, 0.001s wall-clock]
Computing fact groups: [0.010s CPU, 0.010s wall-clock]
Building STRIPS to SAS dictionary... [0.000s CPU, 0.000s wall-clock]
Building dictionary for full mutex groups... [0.000s CPU, 0.000s wall-clock]
Building mutex information...
Building mutex information: [0.000s CPU, 0.001s wall-clock]
Translating task...
Processing axioms...
Simplifying axioms... [0.000s CPU, 0.000s wall-clock]
Processing axioms: [0.010s CPU, 0.009s wall-clock]
Translating task: [0.200s CPU, 0.197s wall-clock]
1596 effect conditions simplified
0 implied preconditions added
Detecting unreachable propositions...
0 operators removed
0 axioms removed
12 propositions removed
Detecting unreachable propositions: [0.090s CPU, 0.096s wall-clock]
Translator variables: 24
Translator derived variables: 0
Translator facts: 180
Translator goal facts: 8
Translator mutex groups: 24
Translator total mutex groups size: 312
Translator operators: 1728
Translator axioms: 0
Translator task size: 12068
Translator peak memory: 56384 KB
Writing output... [0.030s CPU, 0.038s wall-clock]
Done! [0.580s CPU, 0.628s wall-clock]
INFO     Running preprocessor (release32).
INFO     preprocessor input: output.sas
INFO     preprocessor arguments: []
INFO     preprocessor time limit: None
INFO     preprocessor memory limit: None
INFO     callstring: /mnt/data_server/torralba/subdominization/training/data/training_blocksworld/code-70296b3db083/builds/release32/bin/preprocess < output.sas
Building causal graph...
The causal graph is not acyclic.
24 variables of 24 necessary
12 of 24 mutex groups necessary.
1728 of 1728 operators necessary.
0 of 0 axiom rules necessary.
Initializing mutex computation...
Mutex computation initialized with 180 fluents.
iteration for mutex detection and operator pruning
Initialize m_index fw
Initialized mvalues forward: reached=576, notReached=28056, spurious=3768
Initialize m_ops fw
Computing mutexes...
Mutex computation finished with reached=28500, notReached=132, spurious=3768
0 operators are spurious because were not triggered
H^2 mutexes added fw: 132, unreachable: 0
0 of 1728 operators detected as spurious
iteration for mutex detection and operator pruning
Initialize m_index bw
Init values regression
Initialized mvalues backward: reached=1766, notReached=26734, spurious=3900
Initialize m_ops bw
Computing mutexes...
Mutex computation finished with reached=25480, notReached=3020, spurious=3900
120 operators are spurious because were not triggered
Unreachable proposition: Atom on(b5, b5)
Unreachable proposition: Atom on(b8, b8)
Unreachable proposition: Atom on(b1, b1)
Unreachable proposition: Atom on(b10, b10)
Unreachable proposition: Atom on(b11, b11)
Unreachable proposition: Atom on(b2, b2)
Unreachable proposition: Atom on(b3, b3)
Unreachable proposition: Atom on(b6, b6)
Unreachable proposition: Atom on(b7, b7)
Unreachable proposition: Atom on(b9, b9)
H^2 mutexes added bw: 0, unreachable: 10
0 of 1608 operators detected as spurious
iteration for mutex detection and operator pruning
Initialize m_index fw
Initialized mvalues forward: reached=576, notReached=24904, spurious=6920
Initialize m_ops fw
Computing mutexes...
Mutex computation finished with reached=25480, notReached=0, spurious=6920
0 operators are spurious because were not triggered
H^2 mutexes added fw: 0, unreachable: 0
0 of 1608 operators detected as spurious
Total mutex and disambiguation time: 0.219744 iterations: 3
78 of 78 mutex groups necessary.
1608 of 1728 operators necessary.
0 of 0 axiom rules necessary.
Change id of operators: 1608
Change id of mutexes
Change id of goals
Change id of initial state
Remove unreachable facts from variables: 24
78 of 78 mutex groups necessary.
1608 of 1608 operators necessary.
0 of 0 axiom rules necessary.
Updating causal graph and pruning unnecessary facts
24 variables of 24 of 24 necessary
The causal graph is not acyclic.
24 variables of 24 necessary
78 of 78 mutex groups necessary.
1608 of 1608 operators necessary.
0 of 0 axiom rules necessary.
Building domain transition graphs...
solveable in poly time 0
Building successor generator...
Preprocessor variables: 24
Preprocessor facts: 170
Preprocessor derived variables: 0
Preprocessor operators: 1608
Preprocessor mutex groups: 78
Preprocessor task size: 11314
Writing output...
Preprocessor time: 0.301757s
Preprocessor peak memory: 3492 KB
done
INFO     Running search (release32).
INFO     search input: output
INFO     search arguments: ['--search', 'sbd(store_operators_in_optimal_plan=true, cost_type=1)']
INFO     search time limit: 3600s
INFO     search memory limit: 4096 MB
INFO     search executable: /mnt/data_server/torralba/subdominization/training/data/training_blocksworld/code-70296b3db083/builds/release32/bin/downward
INFO     callstring: /mnt/data_server/torralba/subdominization/training/data/training_blocksworld/code-70296b3db083/builds/release32/bin/downward --search 'sbd(store_operators_in_optimal_plan=true, cost_type=1)' --internal-plan-file sas_plan < output
time limit 3600.00 -> (3600, 3601)
reading input... [t=0.000124728s]
done reading input! [t=0.0162488s]
packing state variables...done! [t=0.0162773s]
Variables: 24
FactPairs: 170
Bytes per state: 8
Building successor generator...done! [t=0.0194718s]
done initalizing global data [t=0.0194962s]
TR(time=60000, nodes=100000)
Mutex(time=60000, nodes=100000, type=edeletion)
Aux(time=2000, nodes=1000000)
Disj(nodes=2147483647)
Estimation: min_time(1000) time_penalty +(1000)*(2) nodes_penalty +(1000)*(2)
MaxStep(time=30000, nodes=100000000, nodes_per_planning_second=100)
Ratio useful: 0
   Min alloted time: 60000 nodes: 10000000
   Max alloted time: 60000 nodes: 15000000
   Mult alloted time: 2 nodes: 2
   Ratio after relax: 0.8
building causal graph...done! [t=0.00138973s]
Sym variable order: 0 1 2 3 19 16 5 7 8 9 10 11 12 13 14 15 6 4 17 18 20 21 22 23 
Initializing Symbolic Variables
Num variables: 24 => 60
Initialize Symbolic Manager(120, 133333, 16000000, 0)
Generating binary variables
Symbolic Variables... Done.
BOUND: 1 < 2147483647, total time: 7.94639s
BOUND: 2 < 2147483647, total time: 7.95098s
BOUND: 3 < 2147483647, total time: 7.96988s
BOUND: 4 < 2147483647, total time: 7.97156s
BOUND: 5 < 2147483647, total time: 7.97563s
BOUND: 6 < 2147483647, total time: 8.00025s
BOUND: 7 < 2147483647, total time: 8.0147s
BOUND: 8 < 2147483647, total time: 8.09703s
BOUND: 9 < 2147483647, total time: 8.14769s
BOUND: 10 < 2147483647, total time: 8.41124s
BOUND: 11 < 2147483647, total time: 8.59267s
BOUND: 12 < 2147483647, total time: 9.37753s
BOUND: 13 < 2147483647, total time: 10.0842s
BOUND: 14 < 2147483647, total time: 12.5741s
BOUND: 15 < 2147483647, total time: 15.6036s
BOUND: 16 < 2147483647, total time: 24.3617s
Solution found with cost 16 total time: 38.1073s
Merging: 1
9 38.4908 1 183
Merging: 3
8 38.623 1 219
Merging: 1
7 38.7777 1 219
Merging: 3
6 38.9375 1 209
Merging: 3
5 39.1088 1 177
Merging: 3
4 39.234 1 173
Merging: 3
3 39.3532 1 112
Merging: 2
2 39.4123 1 79
Merging: 3
1 39.451 1 70
Merging: 1
7 39.4829 1 183
Merging: 2
6 39.5124 1 167
Merging: 1
5 39.537 1 167
Merging: 5
4 39.5628 1 231
Merging: 1
3 39.5973 1 231
Merging: 6
2 39.6313 1 259
Merging: 8
1 39.6658 1 251
BOUND: 16 < 16, total time: 39.695s
Actual search time: 31.8021s [t=39.752s]
move-b-to-b b10 b1 b7 (1)
move-b-to-b b1 b12 b10 (1)
move-b-to-t b12 b4 (1)
move-b-to-t b4 b2 (1)
move-b-to-t b2 b5 (1)
move-b-to-b b5 b8 b4 (1)
move-b-to-b b8 b9 b12 (1)
move-t-to-b b9 b5 (1)
move-b-to-b b1 b10 b9 (1)
move-b-to-b b10 b7 b1 (1)
move-b-to-b b7 b11 b10 (1)
move-b-to-b b11 b3 b2 (1)
move-b-to-b b3 b6 b7 (1)
move-b-to-b b11 b2 b3 (1)
move-t-to-b b6 b8 (1)
move-t-to-b b2 b6 (1)
Plan length: 16 step(s).
Plan cost: 16
Bytes per state: 8
Search time: 39.2967s
Total time: 39.752s
Solution found.
Peak memory: 605728 KB
Running single search parser
