INFO     Running translator.
INFO     translator input: ['domain.pddl', 'problem.pddl']
INFO     translator arguments: []
INFO     translator time limit: None
INFO     translator memory limit: None
INFO     callstring: /usr/bin/python /mnt/data_server/torralba/subdominization/training/data/training_satellite/code-70296b3db083/builds/release32/bin/translate/translate.py domain.pddl problem.pddl
Parsing...
Parsing: [0.010s CPU, 0.068s wall-clock]
Normalizing task... [0.000s CPU, 0.000s wall-clock]
Instantiating...
Generating Datalog program... [0.000s CPU, 0.001s wall-clock]
Normalizing Datalog program...
Normalizing Datalog program: [0.000s CPU, 0.011s wall-clock]
Preparing model... [0.000s CPU, 0.003s wall-clock]
Generated 31 rules.
Computing model... [0.020s CPU, 0.014s wall-clock]
417 relevant atoms
238 auxiliary atoms
655 final queue length
847 total queue pushes
Completing instantiation... [0.010s CPU, 0.014s wall-clock]
Instantiating: [0.030s CPU, 0.064s wall-clock]
Computing fact groups...
Finding invariants...
12 initial candidates
Finding invariants: [0.000s CPU, 0.003s wall-clock]
Checking invariant weight... [0.000s CPU, 0.000s wall-clock]
Instantiating groups... [0.000s CPU, 0.000s wall-clock]
Collecting mutex groups... [0.000s CPU, 0.000s wall-clock]
Choosing groups...
44 uncovered facts
Choosing groups: [0.000s CPU, 0.000s wall-clock]
Building translation key... [0.000s CPU, 0.001s wall-clock]
Computing fact groups: [0.010s CPU, 0.005s wall-clock]
Building STRIPS to SAS dictionary... [0.000s CPU, 0.000s wall-clock]
Building dictionary for full mutex groups... [0.000s CPU, 0.000s wall-clock]
Building mutex information...
Building mutex information: [0.000s CPU, 0.000s wall-clock]
Translating task...
Processing axioms...
Simplifying axioms... [0.000s CPU, 0.000s wall-clock]
Processing axioms: [0.000s CPU, 0.001s wall-clock]
Translating task: [0.010s CPU, 0.014s wall-clock]
24 effect conditions simplified
0 implied preconditions added
Detecting unreachable propositions...
0 operators removed
0 axioms removed
4 propositions removed
Detecting unreachable propositions: [0.010s CPU, 0.008s wall-clock]
Translator variables: 48
Translator derived variables: 0
Translator facts: 112
Translator goal facts: 1
Translator mutex groups: 4
Translator total mutex groups size: 24
Translator operators: 228
Translator axioms: 0
Translator task size: 1069
Translator peak memory: 44272 KB
Writing output... [0.000s CPU, 0.032s wall-clock]
Done! [0.070s CPU, 0.194s wall-clock]
INFO     Running preprocessor (release32).
INFO     preprocessor input: output.sas
INFO     preprocessor arguments: []
INFO     preprocessor time limit: None
INFO     preprocessor memory limit: None
INFO     callstring: /mnt/data_server/torralba/subdominization/training/data/training_satellite/code-70296b3db083/builds/release32/bin/preprocess < output.sas
Building causal graph...
The causal graph is not acyclic.
18 variables of 48 necessary
0 of 4 mutex groups necessary.
112 of 228 operators necessary.
0 of 0 axiom rules necessary.
Initializing mutex computation...
Mutex computation initialized with 48 fluents.
iteration for mutex detection and operator pruning
Initialize m_index fw
Initialized mvalues forward: reached=324, notReached=1860, spurious=120
Initialize m_ops fw
Computing mutexes...
Mutex computation finished with reached=2162, notReached=22, spurious=120
0 operators are spurious because were not triggered
H^2 mutexes added fw: 22, unreachable: 0
0 of 112 operators detected as spurious
iteration for mutex detection and operator pruning
Initialize m_index bw
Init values regression
Initialized mvalues backward: reached=2069, notReached=93, spurious=142
Initialize m_ops bw
Computing mutexes...
Mutex computation finished with reached=2162, notReached=0, spurious=142
0 operators are spurious because were not triggered
H^2 mutexes added bw: 0, unreachable: 0
0 of 112 operators detected as spurious
Total mutex and disambiguation time: 0.002267 iterations: 2
11 of 11 mutex groups necessary.
112 of 112 operators necessary.
0 of 0 axiom rules necessary.
Change id of operators: 112
Change id of mutexes
Change id of goals
Change id of initial state
Remove unreachable facts from variables: 18
11 of 11 mutex groups necessary.
112 of 112 operators necessary.
0 of 0 axiom rules necessary.
Updating causal graph and pruning unnecessary facts
18 variables of 18 of 48 necessary
The causal graph is not acyclic.
18 variables of 18 necessary
11 of 11 mutex groups necessary.
112 of 112 operators necessary.
0 of 0 axiom rules necessary.
Building domain transition graphs...
solveable in poly time 0
Building successor generator...
Preprocessor variables: 18
Preprocessor facts: 48
Preprocessor derived variables: 0
Preprocessor operators: 112
Preprocessor mutex groups: 11
Preprocessor task size: 457
Writing output...
Preprocessor time: 0.00808565s
Preprocessor peak memory: 2228 KB
done
INFO     Running search (release32).
INFO     search input: output
INFO     search arguments: ['--search', 'sbd(store_operators_in_optimal_plan=true, cost_type=1)']
INFO     search time limit: 3600s
INFO     search memory limit: 4096 MB
INFO     search executable: /mnt/data_server/torralba/subdominization/training/data/training_satellite/code-70296b3db083/builds/release32/bin/downward
INFO     callstring: /mnt/data_server/torralba/subdominization/training/data/training_satellite/code-70296b3db083/builds/release32/bin/downward --search 'sbd(store_operators_in_optimal_plan=true, cost_type=1)' --internal-plan-file sas_plan < output
time limit 3600.00 -> (3600, 3601)
reading input... [t=0.000212372s]
done reading input! [t=0.00164122s]
packing state variables...done! [t=0.0016576s]
Variables: 18
FactPairs: 48
Bytes per state: 4
Building successor generator...done! [t=0.00179818s]
done initalizing global data [t=0.00180449s]
TR(time=60000, nodes=100000)
Mutex(time=60000, nodes=100000, type=edeletion)
Aux(time=2000, nodes=1000000)
Disj(nodes=2147483647)
Estimation: min_time(1000) time_penalty +(1000)*(2) nodes_penalty +(1000)*(2)
MaxStep(time=30000, nodes=100000000, nodes_per_planning_second=100)
Ratio useful: 0
   Min alloted time: 60000 nodes: 10000000
   Max alloted time: 60000 nodes: 15000000
   Mult alloted time: 2 nodes: 2
   Ratio after relax: 0.8
building causal graph...done! [t=9.2442e-05s]
Sym variable order: 9 10 11 1 13 15 14 2 17 16 12 0 7 5 8 4 6 3 
Initializing Symbolic Variables
Num variables: 18 => 24
Initialize Symbolic Manager(48, 333333, 16000000, 0)
Generating binary variables
Symbolic Variables... Done.
BOUND: 1 < 2147483647, total time: 0.396415s
BOUND: 2 < 2147483647, total time: 0.396598s
BOUND: 3 < 2147483647, total time: 0.396893s
BOUND: 4 < 2147483647, total time: 0.397229s
Solution found with cost 4 total time: 0.39747s
Merging: 1
2 0.398377 1 25
Merging: 1
1 0.399299 1 25
Merging: 1
2 0.400232 1 25
Merging: 1
1 0.400667 1 25
BOUND: 4 < 4, total time: 0.401183s
Actual search time: 0.00495533s [t=0.401417s]
switch_on instrument2 satellite0 (1)
calibrate satellite0 instrument2 groundstation2 (1)
turn_to satellite0 phenomenon5 groundstation2 (1)
take_image satellite0 phenomenon5 instrument2 infrared3 (1)
Plan length: 4 step(s).
Plan cost: 4
Bytes per state: 4
Search time: 0.008159s
Total time: 0.401427s
Solution found.
Peak memory: 243492 KB
Running single search parser
