INFO     Running translator.
INFO     translator input: ['domain.pddl', 'problem.pddl']
INFO     translator arguments: []
INFO     translator time limit: None
INFO     translator memory limit: None
INFO     callstring: /usr/bin/python /mnt/data_server/torralba/subdominization/training/data/training_blocksworld/code-70296b3db083/builds/release32/bin/translate/translate.py domain.pddl problem.pddl
Parsing...
Parsing: [0.000s CPU, 0.007s wall-clock]
Normalizing task... [0.000s CPU, 0.000s wall-clock]
Instantiating...
Generating Datalog program... [0.000s CPU, 0.000s wall-clock]
Normalizing Datalog program...
Normalizing Datalog program: [0.000s CPU, 0.003s wall-clock]
Preparing model... [0.000s CPU, 0.001s wall-clock]
Generated 18 rules.
Computing model... [0.030s CPU, 0.029s wall-clock]
1341 relevant atoms
360 auxiliary atoms
1701 final queue length
3895 total queue pushes
Completing instantiation... [0.060s CPU, 0.064s wall-clock]
Instantiating: [0.090s CPU, 0.102s wall-clock]
Computing fact groups...
Finding invariants...
7 initial candidates
Finding invariants: [0.010s CPU, 0.002s wall-clock]
Checking invariant weight... [0.000s CPU, 0.000s wall-clock]
Instantiating groups... [0.000s CPU, 0.001s wall-clock]
Collecting mutex groups... [0.000s CPU, 0.000s wall-clock]
Choosing groups...
10 uncovered facts
Choosing groups: [0.000s CPU, 0.001s wall-clock]
Building translation key... [0.000s CPU, 0.000s wall-clock]
Computing fact groups: [0.010s CPU, 0.006s wall-clock]
Building STRIPS to SAS dictionary... [0.000s CPU, 0.000s wall-clock]
Building dictionary for full mutex groups... [0.000s CPU, 0.000s wall-clock]
Building mutex information...
Building mutex information: [0.000s CPU, 0.000s wall-clock]
Translating task...
Processing axioms...
Simplifying axioms... [0.000s CPU, 0.000s wall-clock]
Processing axioms: [0.000s CPU, 0.004s wall-clock]
Translating task: [0.070s CPU, 0.073s wall-clock]
910 effect conditions simplified
0 implied preconditions added
Detecting unreachable propositions...
0 operators removed
0 axioms removed
10 propositions removed
Detecting unreachable propositions: [0.030s CPU, 0.032s wall-clock]
Translator variables: 20
Translator derived variables: 0
Translator facts: 130
Translator goal facts: 8
Translator mutex groups: 20
Translator total mutex groups size: 220
Translator operators: 1000
Translator axioms: 0
Translator task size: 6998
Translator peak memory: 50868 KB
Writing output... [0.010s CPU, 0.018s wall-clock]
Done! [0.220s CPU, 0.243s wall-clock]
INFO     Running preprocessor (release32).
INFO     preprocessor input: output.sas
INFO     preprocessor arguments: []
INFO     preprocessor time limit: None
INFO     preprocessor memory limit: None
INFO     callstring: /mnt/data_server/torralba/subdominization/training/data/training_blocksworld/code-70296b3db083/builds/release32/bin/preprocess < output.sas
Building causal graph...
The causal graph is not acyclic.
20 variables of 20 necessary
10 of 20 mutex groups necessary.
1000 of 1000 operators necessary.
0 of 0 axiom rules necessary.
Initializing mutex computation...
Mutex computation initialized with 130 fluents.
iteration for mutex detection and operator pruning
Initialize m_index fw
Initialized mvalues forward: reached=400, notReached=14280, spurious=2220
Initialize m_ops fw
Computing mutexes...
Mutex computation finished with reached=14590, notReached=90, spurious=2220
0 operators are spurious because were not triggered
H^2 mutexes added fw: 90, unreachable: 0
0 of 1000 operators detected as spurious
iteration for mutex detection and operator pruning
Initialize m_index bw
Init values regression
Initialized mvalues backward: reached=648, notReached=13942, spurious=2310
Initialize m_ops bw
Computing mutexes...
Mutex computation finished with reached=12490, notReached=2100, spurious=2310
100 operators are spurious because were not triggered
Unreachable proposition: Atom on(b4, b4)
Unreachable proposition: Atom on(b5, b5)
Unreachable proposition: Atom on(b1, b1)
Unreachable proposition: Atom on(b10, b10)
Unreachable proposition: Atom on(b2, b2)
Unreachable proposition: Atom on(b3, b3)
Unreachable proposition: Atom on(b6, b6)
Unreachable proposition: Atom on(b7, b7)
Unreachable proposition: Atom on(b8, b8)
Unreachable proposition: Atom on(b9, b9)
H^2 mutexes added bw: 0, unreachable: 10
0 of 900 operators detected as spurious
iteration for mutex detection and operator pruning
Initialize m_index fw
Initialized mvalues forward: reached=400, notReached=12090, spurious=4410
Initialize m_ops fw
Computing mutexes...
Mutex computation finished with reached=12490, notReached=0, spurious=4410
0 operators are spurious because were not triggered
H^2 mutexes added fw: 0, unreachable: 0
0 of 900 operators detected as spurious
Total mutex and disambiguation time: 0.076714 iterations: 3
55 of 55 mutex groups necessary.
900 of 1000 operators necessary.
0 of 0 axiom rules necessary.
Change id of operators: 900
Change id of mutexes
Change id of goals
Change id of initial state
Remove unreachable facts from variables: 20
55 of 55 mutex groups necessary.
900 of 900 operators necessary.
0 of 0 axiom rules necessary.
Updating causal graph and pruning unnecessary facts
20 variables of 20 of 20 necessary
The causal graph is not acyclic.
20 variables of 20 necessary
55 of 55 mutex groups necessary.
900 of 900 operators necessary.
0 of 0 axiom rules necessary.
Building domain transition graphs...
solveable in poly time 0
Building successor generator...
Preprocessor variables: 20
Preprocessor facts: 120
Preprocessor derived variables: 0
Preprocessor operators: 900
Preprocessor mutex groups: 55
Preprocessor task size: 6368
Writing output...
Preprocessor time: 0.115187s
Preprocessor peak memory: 2920 KB
done
INFO     Running search (release32).
INFO     search input: output
INFO     search arguments: ['--search', 'sbd(store_operators_in_optimal_plan=true, cost_type=1)']
INFO     search time limit: 3600s
INFO     search memory limit: 4096 MB
INFO     search executable: /mnt/data_server/torralba/subdominization/training/data/training_blocksworld/code-70296b3db083/builds/release32/bin/downward
INFO     callstring: /mnt/data_server/torralba/subdominization/training/data/training_blocksworld/code-70296b3db083/builds/release32/bin/downward --search 'sbd(store_operators_in_optimal_plan=true, cost_type=1)' --internal-plan-file sas_plan < output
time limit 3600.00 -> (3600, 3601)
reading input... [t=0.000104106s]
done reading input! [t=0.00907763s]
packing state variables...done! [t=0.00910286s]
Variables: 20
FactPairs: 120
Bytes per state: 8
Building successor generator...done! [t=0.010768s]
done initalizing global data [t=0.0107765s]
TR(time=60000, nodes=100000)
Mutex(time=60000, nodes=100000, type=edeletion)
Aux(time=2000, nodes=1000000)
Disj(nodes=2147483647)
Estimation: min_time(1000) time_penalty +(1000)*(2) nodes_penalty +(1000)*(2)
MaxStep(time=30000, nodes=100000000, nodes_per_planning_second=100)
Ratio useful: 0
   Min alloted time: 60000 nodes: 10000000
   Max alloted time: 60000 nodes: 15000000
   Mult alloted time: 2 nodes: 2
   Ratio after relax: 0.8
building causal graph...done! [t=0.000895966s]
Sym variable order: 0 1 14 15 13 4 6 2 8 9 10 11 7 5 3 12 16 17 18 19 
Initializing Symbolic Variables
Num variables: 20 => 50
Initialize Symbolic Manager(100, 160000, 16000000, 0)
Generating binary variables
Symbolic Variables... Done.
BOUND: 1 < 2147483647, total time: 2.51724s
BOUND: 2 < 2147483647, total time: 2.51842s
BOUND: 3 < 2147483647, total time: 2.5203s
BOUND: 4 < 2147483647, total time: 2.52267s
BOUND: 5 < 2147483647, total time: 2.52559s
BOUND: 6 < 2147483647, total time: 2.53015s
BOUND: 7 < 2147483647, total time: 2.54032s
BOUND: 8 < 2147483647, total time: 2.55218s
BOUND: 9 < 2147483647, total time: 2.58779s
BOUND: 10 < 2147483647, total time: 2.622s
BOUND: 11 < 2147483647, total time: 2.72713s
BOUND: 12 < 2147483647, total time: 2.87028s
BOUND: 13 < 2147483647, total time: 3.23434s
BOUND: 14 < 2147483647, total time: 3.79777s
Solution found with cost 14 total time: 5.13939s
Merging: 1
6 5.29412 1 757
Merging: 8
5 5.53196 1 881
Merging: 12
4 5.80506 1 584
Merging: 16
3 5.96664 1 246
Merging: 12
2 6.02141 1 123
Merging: 8
1 6.05165 1 87
Merging: 1
8 6.07223 1 757
Merging: 12
7 6.13423 1 847
Merging: 13
6 6.2013 1 810
Merging: 14
5 6.25909 1 573
Merging: 17
4 6.29359 1 399
Merging: 17
3 6.3117 1 200
Merging: 12
2 6.31937 1 133
Merging: 6
1 6.32478 1 81
BOUND: 14 < 14, total time: 6.32848s
Actual search time: 3.82007s [t=6.33781s]
move-b-to-t b3 b10 (1)
move-b-to-t b10 b8 (1)
move-b-to-b b8 b2 b6 (1)
move-b-to-b b2 b5 b3 (1)
move-b-to-t b5 b4 (1)
move-b-to-b b1 b9 b10 (1)
move-t-to-b b7 b5 (1)
move-b-to-b b8 b6 b7 (1)
move-t-to-b b9 b4 (1)
move-t-to-b b6 b9 (1)
move-b-to-b b2 b3 b6 (1)
move-b-to-b b1 b10 b2 (1)
move-t-to-b b10 b1 (1)
move-t-to-b b3 b10 (1)
Plan length: 14 step(s).
Plan cost: 14
Bytes per state: 8
Search time: 5.98461s
Total time: 6.33782s
Solution found.
Peak memory: 365824 KB
Running single search parser
