INFO     Running translator.
INFO     translator input: ['domain.pddl', 'problem.pddl']
INFO     translator arguments: []
INFO     translator time limit: None
INFO     translator memory limit: None
INFO     callstring: /usr/bin/python /mnt/data_server/torralba/subdominization/training/data/training_satellite/code-70296b3db083/builds/release32/bin/translate/translate.py domain.pddl problem.pddl
Parsing...
Parsing: [0.000s CPU, 0.009s wall-clock]
Normalizing task... [0.000s CPU, 0.000s wall-clock]
Instantiating...
Generating Datalog program... [0.010s CPU, 0.001s wall-clock]
Normalizing Datalog program...
Normalizing Datalog program: [0.000s CPU, 0.009s wall-clock]
Preparing model... [0.000s CPU, 0.002s wall-clock]
Generated 31 rules.
Computing model... [0.020s CPU, 0.013s wall-clock]
439 relevant atoms
150 auxiliary atoms
589 final queue length
838 total queue pushes
Completing instantiation... [0.020s CPU, 0.017s wall-clock]
Instantiating: [0.050s CPU, 0.057s wall-clock]
Computing fact groups...
Finding invariants...
12 initial candidates
Finding invariants: [0.000s CPU, 0.003s wall-clock]
Checking invariant weight... [0.000s CPU, 0.000s wall-clock]
Instantiating groups... [0.000s CPU, 0.000s wall-clock]
Collecting mutex groups... [0.000s CPU, 0.000s wall-clock]
Choosing groups...
36 uncovered facts
Choosing groups: [0.000s CPU, 0.000s wall-clock]
Building translation key... [0.000s CPU, 0.001s wall-clock]
Computing fact groups: [0.000s CPU, 0.005s wall-clock]
Building STRIPS to SAS dictionary... [0.000s CPU, 0.000s wall-clock]
Building dictionary for full mutex groups... [0.000s CPU, 0.000s wall-clock]
Building mutex information...
Building mutex information: [0.000s CPU, 0.000s wall-clock]
Translating task...
Processing axioms...
Simplifying axioms... [0.000s CPU, 0.000s wall-clock]
Processing axioms: [0.000s CPU, 0.001s wall-clock]
Translating task: [0.020s CPU, 0.016s wall-clock]
9 effect conditions simplified
0 implied preconditions added
Detecting unreachable propositions...
0 operators removed
0 axioms removed
3 propositions removed
Detecting unreachable propositions: [0.010s CPU, 0.010s wall-clock]
Translator variables: 39
Translator derived variables: 0
Translator facts: 99
Translator goal facts: 5
Translator mutex groups: 3
Translator total mutex groups size: 27
Translator operators: 279
Translator axioms: 0
Translator task size: 1127
Translator peak memory: 44268 KB
Writing output... [0.000s CPU, 0.016s wall-clock]
Done! [0.080s CPU, 0.114s wall-clock]
INFO     Running preprocessor (release32).
INFO     preprocessor input: output.sas
INFO     preprocessor arguments: []
INFO     preprocessor time limit: None
INFO     preprocessor memory limit: None
INFO     callstring: /mnt/data_server/torralba/subdominization/training/data/training_satellite/code-70296b3db083/builds/release32/bin/preprocess < output.sas
Building causal graph...
The causal graph is not acyclic.
11 variables of 39 necessary
0 of 3 mutex groups necessary.
154 of 279 operators necessary.
0 of 0 axiom rules necessary.
Initializing mutex computation...
Mutex computation initialized with 36 fluents.
iteration for mutex detection and operator pruning
Initialize m_index fw
Initialized mvalues forward: reached=121, notReached=1013, spurious=162
Initialize m_ops fw
Computing mutexes...
Mutex computation finished with reached=1126, notReached=8, spurious=162
0 operators are spurious because were not triggered
H^2 mutexes added fw: 8, unreachable: 0
0 of 154 operators detected as spurious
iteration for mutex detection and operator pruning
Initialize m_index bw
Init values regression
Initialized mvalues backward: reached=269, notReached=857, spurious=170
Initialize m_ops bw
Computing mutexes...
Mutex computation finished with reached=1126, notReached=0, spurious=170
0 operators are spurious because were not triggered
H^2 mutexes added bw: 0, unreachable: 0
0 of 154 operators detected as spurious
Total mutex and disambiguation time: 0.002117 iterations: 2
4 of 4 mutex groups necessary.
154 of 154 operators necessary.
0 of 0 axiom rules necessary.
Change id of operators: 154
Change id of mutexes
Change id of goals
Change id of initial state
Remove unreachable facts from variables: 11
4 of 4 mutex groups necessary.
154 of 154 operators necessary.
0 of 0 axiom rules necessary.
Updating causal graph and pruning unnecessary facts
11 variables of 11 of 39 necessary
The causal graph is not acyclic.
11 variables of 11 necessary
4 of 4 mutex groups necessary.
154 of 154 operators necessary.
0 of 0 axiom rules necessary.
Building domain transition graphs...
solveable in poly time 0
Building successor generator...
Preprocessor variables: 11
Preprocessor facts: 36
Preprocessor derived variables: 0
Preprocessor operators: 154
Preprocessor mutex groups: 4
Preprocessor task size: 538
Writing output...
Preprocessor time: 0.00809991s
Preprocessor peak memory: 2248 KB
done
INFO     Running search (release32).
INFO     search input: output
INFO     search arguments: ['--search', 'sbd(store_operators_in_optimal_plan=true, cost_type=1)']
INFO     search time limit: 3600s
INFO     search memory limit: 4096 MB
INFO     search executable: /mnt/data_server/torralba/subdominization/training/data/training_satellite/code-70296b3db083/builds/release32/bin/downward
INFO     callstring: /mnt/data_server/torralba/subdominization/training/data/training_satellite/code-70296b3db083/builds/release32/bin/downward --search 'sbd(store_operators_in_optimal_plan=true, cost_type=1)' --internal-plan-file sas_plan < output
time limit 3600.00 -> (3600, 3601)
reading input... [t=0.000117967s]
done reading input! [t=0.00133355s]
packing state variables...done! [t=0.00134618s]
Variables: 11
FactPairs: 36
Bytes per state: 4
Building successor generator...done! [t=0.00145601s]
done initalizing global data [t=0.00146143s]
TR(time=60000, nodes=100000)
Mutex(time=60000, nodes=100000, type=edeletion)
Aux(time=2000, nodes=1000000)
Disj(nodes=2147483647)
Estimation: min_time(1000) time_penalty +(1000)*(2) nodes_penalty +(1000)*(2)
MaxStep(time=30000, nodes=100000000, nodes_per_planning_second=100)
Ratio useful: 0
   Min alloted time: 60000 nodes: 10000000
   Max alloted time: 60000 nodes: 15000000
   Mult alloted time: 2 nodes: 2
   Ratio after relax: 0.8
building causal graph...done! [t=4.8278e-05s]
Sym variable order: 5 10 6 7 9 1 8 0 4 3 2 
Initializing Symbolic Variables
Num variables: 11 => 17
Initialize Symbolic Manager(34, 470588, 16000000, 0)
Generating binary variables
Symbolic Variables... Done.
BOUND: 1 < 2147483647, total time: 0.302545s
BOUND: 2 < 2147483647, total time: 0.302692s
BOUND: 3 < 2147483647, total time: 0.302803s
BOUND: 4 < 2147483647, total time: 0.302938s
BOUND: 5 < 2147483647, total time: 0.303082s
BOUND: 6 < 2147483647, total time: 0.30324s
BOUND: 7 < 2147483647, total time: 0.303424s
BOUND: 8 < 2147483647, total time: 0.303593s
BOUND: 9 < 2147483647, total time: 0.303827s
BOUND: 10 < 2147483647, total time: 0.304068s
BOUND: 11 < 2147483647, total time: 0.304375s
Solution found with cost 11 total time: 0.304654s
Merging: 1
6 0.308942 1 40
Merging: 10
5 0.311007 1 34
Merging: 7
4 0.312547 1 26
Merging: 5
3 0.313875 1 27
Merging: 4
2 0.315095 1 30
Merging: 3
1 0.316467 1 30
Merging: 1
5 0.317822 1 40
Merging: 10
4 0.319183 1 41
Merging: 10
3 0.320497 1 40
Merging: 10
2 0.32157 1 34
Merging: 7
1 0.322483 1 25
BOUND: 11 < 11, total time: 0.323201s
Actual search time: 0.0208606s [t=0.323447s]
turn_to satellite2 groundstation2 groundstation0 (1)
switch_on instrument2 satellite2 (1)
calibrate satellite2 instrument2 groundstation2 (1)
turn_to satellite2 planet8 groundstation2 (1)
turn_to satellite1 planet7 groundstation4 (1)
take_image satellite2 planet8 instrument2 thermograph3 (1)
turn_to satellite2 star5 planet8 (1)
take_image satellite2 star5 instrument2 thermograph3 (1)
turn_to satellite2 star6 star5 (1)
take_image satellite2 star6 instrument2 image1 (1)
turn_to satellite2 planet7 star6 (1)
Plan length: 11 step(s).
Plan cost: 11
Bytes per state: 4
Search time: 0.0238118s
Total time: 0.323458s
Solution found.
Peak memory: 214912 KB
Running single search parser
