INFO     Running translator.
INFO     translator input: ['domain.pddl', 'problem.pddl']
INFO     translator arguments: []
INFO     translator time limit: None
INFO     translator memory limit: None
INFO     callstring: /usr/bin/python /mnt/data_server/torralba/subdominization/training/data/training_tpp/code-70296b3db083/builds/release32/bin/translate/translate.py domain.pddl problem.pddl
Parsing...
Parsing: [0.010s CPU, 0.012s wall-clock]
Normalizing task... [0.000s CPU, 0.000s wall-clock]
Instantiating...
Generating Datalog program... [0.000s CPU, 0.002s wall-clock]
Normalizing Datalog program...
Normalizing Datalog program: [0.010s CPU, 0.007s wall-clock]
Preparing model... [0.010s CPU, 0.005s wall-clock]
Generated 45 rules.
Computing model... [0.030s CPU, 0.040s wall-clock]
548 relevant atoms
1174 auxiliary atoms
1722 final queue length
2015 total queue pushes
Completing instantiation... [0.030s CPU, 0.023s wall-clock]
Instantiating: [0.080s CPU, 0.081s wall-clock]
Computing fact groups...
Finding invariants...
18 initial candidates
Finding invariants: [0.010s CPU, 0.011s wall-clock]
Checking invariant weight... [0.000s CPU, 0.001s wall-clock]
Instantiating groups... [0.010s CPU, 0.008s wall-clock]
Collecting mutex groups... [0.000s CPU, 0.001s wall-clock]
Choosing groups...
72 uncovered facts
Choosing groups: [0.000s CPU, 0.001s wall-clock]
Building translation key... [0.000s CPU, 0.002s wall-clock]
Computing fact groups: [0.020s CPU, 0.029s wall-clock]
Building STRIPS to SAS dictionary... [0.000s CPU, 0.000s wall-clock]
Building dictionary for full mutex groups... [0.000s CPU, 0.000s wall-clock]
Building mutex information...
Building mutex information: [0.000s CPU, 0.001s wall-clock]
Translating task...
Processing axioms...
Simplifying axioms... [0.000s CPU, 0.000s wall-clock]
Processing axioms: [0.010s CPU, 0.001s wall-clock]
Translating task: [0.020s CPU, 0.018s wall-clock]
0 effect conditions simplified
0 implied preconditions added
Detecting unreachable propositions...
0 operators removed
0 axioms removed
199 propositions removed
Detecting unreachable propositions: [0.010s CPU, 0.011s wall-clock]
Translator variables: 55
Translator derived variables: 0
Translator facts: 152
Translator goal facts: 9
Translator mutex groups: 55
Translator total mutex groups size: 152
Translator operators: 210
Translator axioms: 0
Translator task size: 1538
Translator peak memory: 45248 KB
Writing output... [0.010s CPU, 0.008s wall-clock]
Done! [0.150s CPU, 0.162s wall-clock]
INFO     Running preprocessor (release32).
INFO     preprocessor input: output.sas
INFO     preprocessor arguments: []
INFO     preprocessor time limit: None
INFO     preprocessor memory limit: None
INFO     callstring: /mnt/data_server/torralba/subdominization/training/data/training_tpp/code-70296b3db083/builds/release32/bin/preprocess < output.sas
Building causal graph...
The causal graph is not acyclic.
55 variables of 55 necessary
0 of 55 mutex groups necessary.
210 of 210 operators necessary.
0 of 0 axiom rules necessary.
Initializing mutex computation...
Mutex computation initialized with 152 fluents.
iteration for mutex detection and operator pruning
Initialize m_index fw
Initialized mvalues forward: reached=3025, notReached=19771, spurious=308
Initialize m_ops fw
Computing mutexes...
Mutex computation finished with reached=17684, notReached=5112, spurious=308
54 operators are spurious because were not triggered
Unreachable proposition: Atom ready-to-load(goods9, market4, level2)
Unreachable proposition: Atom ready-to-load(goods9, market5, level2)
Unreachable proposition: Atom ready-to-load(goods8, market2, level2)
Unreachable proposition: Atom ready-to-load(goods8, market4, level2)
Unreachable proposition: Atom ready-to-load(goods7, market2, level2)
Unreachable proposition: Atom ready-to-load(goods7, market4, level2)
Unreachable proposition: Atom ready-to-load(goods6, market1, level2)
Unreachable proposition: Atom ready-to-load(goods6, market3, level2)
Unreachable proposition: Atom ready-to-load(goods5, market1, level2)
Unreachable proposition: Atom ready-to-load(goods5, market4, level2)
Unreachable proposition: Atom ready-to-load(goods4, market4, level2)
Unreachable proposition: Atom ready-to-load(goods4, market5, level2)
Unreachable proposition: Atom ready-to-load(goods3, market1, level2)
Unreachable proposition: Atom ready-to-load(goods3, market3, level2)
Unreachable proposition: Atom ready-to-load(goods2, market1, level2)
Unreachable proposition: Atom ready-to-load(goods2, market3, level2)
Unreachable proposition: Atom ready-to-load(goods1, market4, level2)
Unreachable proposition: Atom ready-to-load(goods1, market5, level2)
H^2 mutexes added fw: 36, unreachable: 18
0 of 156 operators detected as spurious
iteration for mutex detection and operator pruning
Initialize m_index bw
Init values regression
Initialized mvalues backward: reached=13238, notReached=4446, spurious=5420
Initialize m_ops bw
Computing mutexes...
Mutex computation finished with reached=16136, notReached=1548, spurious=5420
24 operators are spurious because were not triggered
Unreachable proposition: Atom stored(goods9, level2)
Unreachable proposition: Atom stored(goods7, level2)
Unreachable proposition: Atom stored(goods4, level2)
Unreachable proposition: Atom stored(goods3, level2)
Unreachable proposition: Atom stored(goods2, level2)
Unreachable proposition: Atom stored(goods1, level2)
H^2 mutexes added bw: 0, unreachable: 6
0 of 132 operators detected as spurious
iteration for mutex detection and operator pruning
Initialize m_index fw
Initialized mvalues forward: reached=3025, notReached=13111, spurious=6968
Initialize m_ops fw
Computing mutexes...
Mutex computation finished with reached=16136, notReached=0, spurious=6968
0 operators are spurious because were not triggered
H^2 mutexes added fw: 0, unreachable: 0
0 of 132 operators detected as spurious
Total mutex and disambiguation time: 0.014865 iterations: 3
18 of 18 mutex groups necessary.
132 of 210 operators necessary.
0 of 0 axiom rules necessary.
Change id of operators: 132
Change id of mutexes
Change id of goals
Change id of initial state
Remove unreachable facts from variables: 55
18 of 18 mutex groups necessary.
132 of 132 operators necessary.
0 of 0 axiom rules necessary.
Updating causal graph and pruning unnecessary facts
55 variables of 55 of 55 necessary
The causal graph is not acyclic.
55 variables of 55 necessary
18 of 18 mutex groups necessary.
132 of 132 operators necessary.
0 of 0 axiom rules necessary.
Building domain transition graphs...
solveable in poly time 0
Building successor generator...
Preprocessor variables: 55
Preprocessor facts: 128
Preprocessor derived variables: 0
Preprocessor operators: 132
Preprocessor mutex groups: 18
Preprocessor task size: 930
Writing output...
Preprocessor time: 0.0255148s
Preprocessor peak memory: 2360 KB
done
INFO     Running search (release32).
INFO     search input: output
INFO     search arguments: ['--search', 'sbd(store_operators_in_optimal_plan=true, cost_type=1)']
INFO     search time limit: 3600s
INFO     search memory limit: 4096 MB
INFO     search executable: /mnt/data_server/torralba/subdominization/training/data/training_tpp/code-70296b3db083/builds/release32/bin/downward
INFO     callstring: /mnt/data_server/torralba/subdominization/training/data/training_tpp/code-70296b3db083/builds/release32/bin/downward --search 'sbd(store_operators_in_optimal_plan=true, cost_type=1)' --internal-plan-file sas_plan < output
time limit 3600.00 -> (3600, 3601)
reading input... [t=0.000187571s]
done reading input! [t=0.00224363s]
packing state variables...done! [t=0.00226874s]
Variables: 55
FactPairs: 128
Bytes per state: 12
Building successor generator...done! [t=0.0026037s]
done initalizing global data [t=0.00261301s]
TR(time=60000, nodes=100000)
Mutex(time=60000, nodes=100000, type=edeletion)
Aux(time=2000, nodes=1000000)
Disj(nodes=2147483647)
Estimation: min_time(1000) time_penalty +(1000)*(2) nodes_penalty +(1000)*(2)
MaxStep(time=30000, nodes=100000000, nodes_per_planning_second=100)
Ratio useful: 0
   Min alloted time: 60000 nodes: 10000000
   Max alloted time: 60000 nodes: 15000000
   Mult alloted time: 2 nodes: 2
   Ratio after relax: 0.8
building causal graph...done! [t=0.000206578s]
Sym variable order: 26 28 30 29 27 25 1 3 5 6 4 2 32 34 31 33 35 36 7 9 12 11 10 8 43 45 47 0 48 46 44 13 15 18 17 16 14 50 52 54 53 51 49 38 40 41 42 39 37 20 22 24 23 21 19 
Initializing Symbolic Variables
Num variables: 55 => 69
Initialize Symbolic Manager(138, 115942, 16000000, 0)
Generating binary variables
Symbolic Variables... Done.
BOUND: 1 < 2147483647, total time: 0.638388s
BOUND: 2 < 2147483647, total time: 0.638631s
BOUND: 3 < 2147483647, total time: 0.639168s
BOUND: 4 < 2147483647, total time: 0.639327s
BOUND: 5 < 2147483647, total time: 0.639699s
BOUND: 6 < 2147483647, total time: 0.640307s
BOUND: 7 < 2147483647, total time: 0.641087s
BOUND: 8 < 2147483647, total time: 0.641918s
BOUND: 9 < 2147483647, total time: 0.643241s
BOUND: 10 < 2147483647, total time: 0.644705s
BOUND: 11 < 2147483647, total time: 0.647974s
BOUND: 12 < 2147483647, total time: 0.650944s
BOUND: 13 < 2147483647, total time: 0.655824s
BOUND: 14 < 2147483647, total time: 0.66115s
BOUND: 15 < 2147483647, total time: 0.669126s
BOUND: 16 < 2147483647, total time: 0.67632s
BOUND: 17 < 2147483647, total time: 0.689206s
BOUND: 18 < 2147483647, total time: 0.699411s
BOUND: 19 < 2147483647, total time: 0.712423s
BOUND: 20 < 2147483647, total time: 0.730839s
BOUND: 21 < 2147483647, total time: 0.749052s
BOUND: 22 < 2147483647, total time: 0.775726s
BOUND: 23 < 2147483647, total time: 0.798858s
BOUND: 24 < 2147483647, total time: 0.833042s
BOUND: 25 < 2147483647, total time: 0.862707s
BOUND: 26 < 2147483647, total time: 0.904563s
BOUND: 27 < 2147483647, total time: 0.947029s
BOUND: 28 < 2147483647, total time: 0.997838s
BOUND: 29 < 2147483647, total time: 1.04959s
BOUND: 30 < 2147483647, total time: 1.10578s
BOUND: 31 < 2147483647, total time: 1.16465s
BOUND: 32 < 2147483647, total time: 1.2318s
BOUND: 33 < 2147483647, total time: 1.29787s
BOUND: 34 < 2147483647, total time: 1.36298s
BOUND: 35 < 2147483647, total time: 1.45984s
BOUND: 36 < 2147483647, total time: 1.54021s
BOUND: 37 < 2147483647, total time: 1.6235s
BOUND: 38 < 2147483647, total time: 1.71034s
BOUND: 39 < 2147483647, total time: 1.8008s
BOUND: 40 < 2147483647, total time: 1.89648s
BOUND: 41 < 2147483647, total time: 1.99683s
BOUND: 42 < 2147483647, total time: 2.10328s
Solution found with cost 42 total time: 2.166s
Merging: 1
17 2.20368 1 1504
Merging: 36
16 2.29395 1 1564
Merging: 36
15 2.3678 1 1568
Merging: 36
14 2.44124 1 1581
Merging: 34
13 2.51486 1 1524
Merging: 35
12 2.58578 1 1525
Merging: 34
11 2.65736 1 1515
Merging: 34
10 2.72673 1 1432
Merging: 34
9 2.79019 1 1284
Merging: 34
8 2.84642 1 1086
Merging: 32
7 2.89297 1 862
Merging: 32
6 2.92896 1 715
Merging: 32
5 2.95924 1 580
Merging: 33
4 2.98261 1 440
Merging: 33
3 2.99841 1 260
Merging: 20
2 3.0069 1 91
Merging: 5
1 3.00979 1 70
Merging: 1
25 3.01198 1 1504
Merging: 35
24 3.04154 1 1551
Merging: 33
23 3.05822 1 1595
Merging: 34
22 3.07335 1 1561
Merging: 34
21 3.08818 1 1499
Merging: 34
20 3.10195 1 1335
Merging: 34
19 3.11392 1 1124
Merging: 32
18 3.12433 1 963
Merging: 33
17 3.13335 1 785
Merging: 34
16 3.14021 1 597
Merging: 34
15 3.1453 1 366
Merging: 20
14 3.14836 1 124
Merging: 5
13 3.14987 1 91
Merging: 2
12 3.15084 1 89
Merging: 18
11 3.15264 1 194
Merging: 24
10 3.1562 1 298
Merging: 24
9 3.1606 1 380
Merging: 24
8 3.16562 1 438
Merging: 24
7 3.17111 1 476
Merging: 24
6 3.1771 1 493
Merging: 24
5 3.18269 1 476
Merging: 24
4 3.18762 1 437
Merging: 24
3 3.19166 1 379
Merging: 24
2 3.19488 1 297
Merging: 24
1 3.19693 1 192
BOUND: 42 < 42, total time: 3.19775s
Actual search time: 2.60098s [t=3.23945s]
drive truck1 depot2 market2 (1)
drive truck1 market2 market1 (1)
buy truck1 goods6 market1 level0 level1 level0 level1 (1)
load goods6 truck1 market1 level0 level1 level0 level1 (1)
buy truck1 goods5 market1 level0 level1 level0 level1 (1)
load goods5 truck1 market1 level0 level1 level0 level1 (1)
buy truck1 goods3 market1 level0 level1 level0 level1 (1)
load goods3 truck1 market1 level0 level1 level0 level1 (1)
buy truck1 goods2 market1 level0 level1 level0 level1 (1)
load goods2 truck1 market1 level0 level1 level0 level1 (1)
drive truck1 market1 market4 (1)
buy truck1 goods9 market4 level0 level1 level0 level1 (1)
buy truck1 goods8 market4 level0 level1 level0 level1 (1)
buy truck1 goods7 market4 level0 level1 level0 level1 (1)
buy truck1 goods5 market4 level0 level1 level0 level1 (1)
buy truck1 goods4 market4 level0 level1 level0 level1 (1)
buy truck1 goods1 market4 level0 level1 level0 level1 (1)
load goods1 truck1 market4 level0 level1 level0 level1 (1)
load goods4 truck1 market4 level0 level1 level0 level1 (1)
load goods5 truck1 market4 level0 level1 level1 level2 (1)
load goods7 truck1 market4 level0 level1 level0 level1 (1)
load goods8 truck1 market4 level0 level1 level0 level1 (1)
load goods9 truck1 market4 level0 level1 level0 level1 (1)
drive truck1 market4 market3 (1)
buy truck1 goods6 market3 level0 level1 level0 level1 (1)
load goods6 truck1 market3 level0 level1 level1 level2 (1)
drive truck1 market3 market2 (1)
buy truck1 goods8 market2 level0 level1 level0 level1 (1)
load goods8 truck1 market2 level0 level1 level1 level2 (1)
drive truck1 market2 depot1 (1)
unload goods1 truck1 depot1 level0 level1 level0 level1 (1)
unload goods2 truck1 depot1 level0 level1 level0 level1 (1)
unload goods3 truck1 depot1 level0 level1 level0 level1 (1)
unload goods4 truck1 depot1 level0 level1 level0 level1 (1)
unload goods5 truck1 depot1 level1 level2 level0 level1 (1)
unload goods5 truck1 depot1 level0 level1 level1 level2 (1)
unload goods6 truck1 depot1 level1 level2 level0 level1 (1)
unload goods6 truck1 depot1 level0 level1 level1 level2 (1)
unload goods7 truck1 depot1 level0 level1 level0 level1 (1)
unload goods8 truck1 depot1 level1 level2 level0 level1 (1)
unload goods8 truck1 depot1 level0 level1 level1 level2 (1)
unload goods9 truck1 depot1 level0 level1 level0 level1 (1)
Plan length: 42 step(s).
Plan cost: 42
Bytes per state: 12
Search time: 2.61466s
Total time: 3.23947s
Solution found.
Peak memory: 237144 KB
Running single search parser
