INFO     Running translator.
INFO     translator input: ['domain.pddl', 'problem.pddl']
INFO     translator arguments: ['--grounding-action-queue-ordering', 'fifo']
INFO     translator time limit: 1799.92s
INFO     translator memory limit: 4096 MB
INFO     callstring: /usr/bin/python3 /mnt/data_server/gnad/lab-data/subdominization/old_servers/f24b670/fifo-relaxed-solvable-plus-x/code-f24b670501a4/builds/release32/bin/translate/translate.py domain.pddl problem.pddl --grounding-action-queue-ordering fifo
time limit 1799.92 -> (1800, 1801)
Parsing...
Parsing: [0.010s CPU, 0.019s wall-clock]
Normalizing task... [0.010s CPU, 0.001s wall-clock]
Instantiating...
Generating Datalog program... [0.010s CPU, 0.010s wall-clock]
Normalizing Datalog program...
Normalizing Datalog program: [0.030s CPU, 0.027s wall-clock]
Preparing model... [0.020s CPU, 0.024s wall-clock]
Generated 285 rules.
Using FIFO priority queue for actions.
using default termination condition, i.e. grounding all actions.
Computing model... [21.500s CPU, 21.599s wall-clock]
no statistics available
270808 relevant atoms
19957 auxiliary atoms
269137 actions instantiated
290765 final queue length
2614073 total queue pushes
Completing instantiation... [59.090s CPU, 59.543s wall-clock]
Instantiating: [80.770s CPU, 81.329s wall-clock]
Computing fact groups...
Finding invariants...
37 initial candidates
Finding invariants: [1.810s CPU, 1.821s wall-clock]
Checking invariant weight... [0.000s CPU, 0.000s wall-clock]
Instantiating groups... [0.000s CPU, 0.000s wall-clock]
Collecting mutex groups... [0.000s CPU, 0.000s wall-clock]
Choosing groups...
672 uncovered facts
Choosing groups: [0.000s CPU, 0.000s wall-clock]
Building translation key... [0.010s CPU, 0.007s wall-clock]
Computing fact groups: [1.830s CPU, 1.842s wall-clock]
Building STRIPS to SAS dictionary... [0.000s CPU, 0.002s wall-clock]
Building dictionary for full mutex groups... [0.000s CPU, 0.002s wall-clock]
Building mutex information...
Building mutex information: [0.010s CPU, 0.002s wall-clock]
Translating task...
Processing axioms...
Simplifying axioms... [0.000s CPU, 0.000s wall-clock]
Processing axioms: [0.770s CPU, 0.782s wall-clock]
Translating task: [18.500s CPU, 18.636s wall-clock]
0 effect conditions simplified
0 implied preconditions added
Detecting unreachable propositions...
0 operators removed
0 axioms removed
244 propositions removed
Detecting unreachable propositions: [7.410s CPU, 7.442s wall-clock]
Reordering and filtering variables...
392 of 550 variables necessary.
0 of 0 mutex groups necessary.
48938 of 49330 operators necessary.
0 of 0 axiom rules necessary.
Reordering and filtering variables: [5.180s CPU, 5.213s wall-clock]
Translator variables: 392
Translator derived variables: 0
Translator facts: 784
Translator goal facts: 6
Translator mutex groups: 0
Translator total mutex groups size: 0
Translator operators: 48938
Translator axioms: 0
Translator task size: 1244857
Translator peak memory: 1789872 KB
Writing output... [4.360s CPU, 4.549s wall-clock]
Done! [118.520s CPU, 119.486s wall-clock]
INFO     Running search (release32).
INFO     search input: output.sas
INFO     search arguments: ['--heuristic', 'hlm,hff=lm_ff_syn(lm_rhw(reasonable_orders=true,lm_cost_type=one),transform=adapt_costs(one))', '--search', 'lazy_greedy([hff,hlm],preferred=[hff,hlm],cost_type=one,reopen_closed=false)']
INFO     search time limit: 1679.62s
INFO     search memory limit: 4096 MB
INFO     search executable: /mnt/data_server/gnad/lab-data/subdominization/old_servers/f24b670/fifo-relaxed-solvable-plus-x/code-f24b670501a4/builds/release32/bin/downward
INFO     callstring: /mnt/data_server/gnad/lab-data/subdominization/old_servers/f24b670/fifo-relaxed-solvable-plus-x/code-f24b670501a4/builds/release32/bin/downward --heuristic 'hlm,hff=lm_ff_syn(lm_rhw(reasonable_orders=true,lm_cost_type=one),transform=adapt_costs(one))' --search 'lazy_greedy([hff,hlm],preferred=[hff,hlm],cost_type=one,reopen_closed=false)' --internal-plan-file sas_plan < output.sas
time limit 1679.62 -> (1680, 1681)
reading input... [t=0.000117684s]
done reading input! [t=1.53221s]
packing state variables...done! [t=1.53227s]
Variables: 392
FactPairs: 784
Bytes per state: 52
Building successor generator...done! [t=1.63933s]
peak memory difference for root successor generator creation: 15420 KB
time for root successor generation creation: 0.106968s
done initializing global data [t=1.63946s]
Initializing Exploration...
Initializing landmarks count heuristic...
Generating landmarks using the RPG/SAS+ approach
approx. reasonable orders
approx. obedient reasonable orders
Removed 0 reasonable or obedient reasonable orders
Landmarks generation time: 6.27726s
Discovered 86 landmarks, of which 0 are disjunctive and 0 are conjunctive 
352 edges
Initializing LAMA-FF synergy object
Conducting lazy best first search, (real) bound = 2147483647
46 initial landmarks, 6 goal landmarks
Switch from bucket-based to heap-based queue at key = 699, num_pushes = 552
New best heuristic value for <missing>: 40
New best heuristic value for <missing>: 39
[g=0, 1 evaluated, 0 expanded, t=8.32609s, 135508 KB]
Initial heuristic value for <missing>: 40
Initial heuristic value for <missing>: 39
New best heuristic value for <missing>: 38
New best heuristic value for <missing>: 37
[g=1, 2 evaluated, 1 expanded, t=8.37142s, 135508 KB]
New best heuristic value for <missing>: 33
[g=2, 3 evaluated, 2 expanded, t=8.41657s, 135508 KB]
New best heuristic value for <missing>: 31
New best heuristic value for <missing>: 36
[g=3, 4 evaluated, 3 expanded, t=8.46105s, 135508 KB]
New best heuristic value for <missing>: 25
[g=4, 5 evaluated, 4 expanded, t=8.50659s, 135508 KB]
New best heuristic value for <missing>: 24
[g=6, 11 evaluated, 10 expanded, t=8.77051s, 135508 KB]
New best heuristic value for <missing>: 35
[g=7, 12 evaluated, 11 expanded, t=8.81441s, 135508 KB]
New best heuristic value for <missing>: 23
[g=8, 25 evaluated, 24 expanded, t=9.38227s, 135508 KB]
New best heuristic value for <missing>: 33
[g=9, 26 evaluated, 25 expanded, t=9.42565s, 135508 KB]
New best heuristic value for <missing>: 22
[g=10, 39 evaluated, 38 expanded, t=9.99317s, 135508 KB]
New best heuristic value for <missing>: 20
[g=10, 41 evaluated, 40 expanded, t=10.0823s, 135508 KB]
New best heuristic value for <missing>: 32
[g=11, 49 evaluated, 48 expanded, t=10.43s, 135508 KB]
New best heuristic value for <missing>: 31
[g=12, 51 evaluated, 50 expanded, t=10.5145s, 135508 KB]
New best heuristic value for <missing>: 30
[g=11, 54 evaluated, 52 expanded, t=10.6383s, 135508 KB]
New best heuristic value for <missing>: 19
[g=11, 56 evaluated, 54 expanded, t=10.7262s, 135508 KB]
New best heuristic value for <missing>: 28
[g=12, 63 evaluated, 61 expanded, t=11.0289s, 135508 KB]
New best heuristic value for <missing>: 18
[g=12, 76 evaluated, 74 expanded, t=11.581s, 135508 KB]
New best heuristic value for <missing>: 27
[g=13, 77 evaluated, 75 expanded, t=11.6235s, 135508 KB]
New best heuristic value for <missing>: 25
[g=14, 79 evaluated, 77 expanded, t=11.7085s, 135508 KB]
New best heuristic value for <missing>: 24
[g=15, 81 evaluated, 79 expanded, t=11.7925s, 135508 KB]
New best heuristic value for <missing>: 16
New best heuristic value for <missing>: 23
[g=16, 93 evaluated, 90 expanded, t=12.2951s, 135508 KB]
New best heuristic value for <missing>: 15
[g=17, 96 evaluated, 92 expanded, t=12.4176s, 135508 KB]
New best heuristic value for <missing>: 14
New best heuristic value for <missing>: 22
[g=18, 103 evaluated, 97 expanded, t=12.6964s, 135508 KB]
New best heuristic value for <missing>: 20
[g=19, 105 evaluated, 98 expanded, t=12.7727s, 135508 KB]
New best heuristic value for <missing>: 13
[g=20, 106 evaluated, 99 expanded, t=12.8122s, 135508 KB]
New best heuristic value for <missing>: 10
New best heuristic value for <missing>: 19
[g=21, 110 evaluated, 101 expanded, t=12.9623s, 135508 KB]
New best heuristic value for <missing>: 17
[g=23, 120 evaluated, 106 expanded, t=13.3451s, 135508 KB]
New best heuristic value for <missing>: 16
[g=24, 232 evaluated, 140 expanded, t=17.447s, 135508 KB]
Peak memory: 151452 KB
caught signal 24 -- exiting
Running single search parser
2018-07-26 01:52:16,826 ERROR    Pattern search time limit: (\d+)s not found in /mnt/data_server/gnad/lab-data/subdominization/old_servers/f24b670/fifo-relaxed-solvable-plus-x/runs-00001-00100/00079/run.log
