INFO     Running translator.
INFO     translator input: ['domain.pddl', 'problem.pddl']
INFO     translator arguments: []
INFO     translator time limit: None
INFO     translator memory limit: None
INFO     callstring: /usr/bin/python /mnt/data_server/torralba/subdominization/training/data/training_agricola/code-70296b3db083/builds/release32/bin/translate/translate.py domain.pddl problem.pddl
Parsing...
Parsing: [0.030s CPU, 0.054s wall-clock]
Normalizing task... [0.000s CPU, 0.001s wall-clock]
Instantiating...
Generating Datalog program... [0.000s CPU, 0.006s wall-clock]
Normalizing Datalog program...
Normalizing Datalog program: [0.020s CPU, 0.019s wall-clock]
Preparing model... [0.020s CPU, 0.016s wall-clock]
Generated 258 rules.
Computing model... [1.450s CPU, 1.454s wall-clock]
37095 relevant atoms
1622 auxiliary atoms
38717 final queue length
138423 total queue pushes
Completing instantiation... [8.570s CPU, 8.628s wall-clock]
Instantiating: [10.080s CPU, 10.280s wall-clock]
Computing fact groups...
Finding invariants...
44 initial candidates
Finding invariants: [0.160s CPU, 0.164s wall-clock]
Checking invariant weight... [0.000s CPU, 0.000s wall-clock]
Instantiating groups... [0.010s CPU, 0.002s wall-clock]
Collecting mutex groups... [0.000s CPU, 0.000s wall-clock]
Choosing groups...
124 uncovered facts
Choosing groups: [0.000s CPU, 0.000s wall-clock]
Building translation key... [0.000s CPU, 0.001s wall-clock]
Computing fact groups: [0.170s CPU, 0.171s wall-clock]
Building STRIPS to SAS dictionary... [0.000s CPU, 0.000s wall-clock]
Building dictionary for full mutex groups... [0.000s CPU, 0.000s wall-clock]
Building mutex information...
Building mutex information: [0.000s CPU, 0.000s wall-clock]
Translating task...
Processing axioms...
Simplifying axioms... [0.000s CPU, 0.000s wall-clock]
Processing axioms: [0.260s CPU, 0.258s wall-clock]
Translating task: [5.930s CPU, 5.956s wall-clock]
39857 effect conditions simplified
0 implied preconditions added
Detecting unreachable propositions...
0 operators removed
0 axioms removed
34 propositions removed
Detecting unreachable propositions: [2.900s CPU, 2.913s wall-clock]
Translator variables: 119
Translator derived variables: 0
Translator facts: 263
Translator goal facts: 1
Translator mutex groups: 6
Translator total mutex groups size: 37
Translator operators: 36429
Translator axioms: 0
Translator task size: 403955
Translator peak memory: 415772 KB
Writing output... [0.820s CPU, 0.925s wall-clock]
Done! [20.130s CPU, 20.494s wall-clock]
INFO     Running preprocessor (release32).
INFO     preprocessor input: output.sas
INFO     preprocessor arguments: []
INFO     preprocessor time limit: None
INFO     preprocessor memory limit: None
INFO     callstring: /mnt/data_server/torralba/subdominization/training/data/training_agricola/code-70296b3db083/builds/release32/bin/preprocess < output.sas
Building causal graph...
The causal graph is not acyclic.
114 variables of 119 necessary
0 of 6 mutex groups necessary.
36429 of 36429 operators necessary.
0 of 0 axiom rules necessary.
Initializing mutex computation...
Mutex computation initialized with 253 fluents.
iteration for mutex detection and operator pruning
Initialize m_index fw
Initialized mvalues forward: reached=12996, notReached=50457, spurious=556
Initialize m_ops fw
Computing mutexes...
Mutex computation finished with reached=56137, notReached=7316, spurious=556
22091 operators are spurious because were not triggered
H^2 mutexes added fw: 7316, unreachable: 0
0 of 14338 operators detected as spurious
iteration for mutex detection and operator pruning
Initialize m_index bw
Init values regression
Initialized mvalues backward: reached=33601, notReached=22536, spurious=7872
Initialize m_ops bw
Computing mutexes...
Mutex computation finished with reached=56101, notReached=36, spurious=7872
0 operators are spurious because were not triggered
H^2 mutexes added bw: 36, unreachable: 0
0 of 14338 operators detected as spurious
iteration for mutex detection and operator pruning
Initialize m_index fw
Initialized mvalues forward: reached=12996, notReached=43105, spurious=7908
Initialize m_ops fw
Computing mutexes...
Mutex computation finished with reached=56101, notReached=0, spurious=7908
0 operators are spurious because were not triggered
H^2 mutexes added fw: 0, unreachable: 0
0 of 14338 operators detected as spurious
Total mutex and disambiguation time: 9.24933 iterations: 3
3676 of 3676 mutex groups necessary.
14338 of 36429 operators necessary.
0 of 0 axiom rules necessary.
Change id of operators: 14338
Change id of mutexes
Change id of goals
Change id of initial state
Remove unreachable facts from variables: 114
3676 of 3676 mutex groups necessary.
14338 of 14338 operators necessary.
0 of 0 axiom rules necessary.
Updating causal graph and pruning unnecessary facts
114 variables of 114 of 119 necessary
The causal graph is not acyclic.
114 variables of 114 necessary
3676 of 3676 mutex groups necessary.
14338 of 14338 operators necessary.
0 of 0 axiom rules necessary.
Building domain transition graphs...
solveable in poly time 0
Building successor generator...
Preprocessor variables: 114
Preprocessor facts: 253
Preprocessor derived variables: 0
Preprocessor operators: 14338
Preprocessor mutex groups: 3676
Preprocessor task size: 156484
Writing output...
Preprocessor time: 10.9927s
Preprocessor peak memory: 127452 KB
done
INFO     Running search (release32).
INFO     search input: output
INFO     search arguments: ['--search', 'sbw(store_operators_in_optimal_plan=true, cost_type=1)']
INFO     search time limit: 3600s
INFO     search memory limit: 4096 MB
INFO     search executable: /mnt/data_server/torralba/subdominization/training/data/training_agricola/code-70296b3db083/builds/release32/bin/downward
INFO     callstring: /mnt/data_server/torralba/subdominization/training/data/training_agricola/code-70296b3db083/builds/release32/bin/downward --search 'sbw(store_operators_in_optimal_plan=true, cost_type=1)' --internal-plan-file sas_plan < output
time limit 3600.00 -> (3600, 3601)
reading input... [t=0.000174448s]
done reading input! [t=0.230079s]
packing state variables...done! [t=0.23011s]
Variables: 114
FactPairs: 253
Bytes per state: 16
Building successor generator...done! [t=0.318241s]
done initalizing global data [t=0.318271s]
TR(time=60000, nodes=100000)
Mutex(time=60000, nodes=100000, type=edeletion)
Aux(time=2000, nodes=1000000)
Disj(nodes=2147483647)
Estimation: min_time(1000) time_penalty +(1000)*(2) nodes_penalty +(1000)*(2)
MaxStep(time=30000, nodes=100000000, nodes_per_planning_second=100)
Ratio useful: 0
   Min alloted time: 60000 nodes: 10000000
   Max alloted time: 60000 nodes: 15000000
   Mult alloted time: 2 nodes: 2
   Ratio after relax: 0.8
building causal graph...done! [t=0.0225874s]
Sym variable order: 4 3 16 17 22 20 19 23 18 34 31 46 24 52 54 56 55 53 58 47 50 48 49 51 106 75 73 99 74 72 79 107 96 92 91 93 87 89 110 33 25 35 86 85 111 98 97 81 36 39 41 38 37 40 82 21 59 45 43 57 42 44 77 76 78 80 95 94 28 30 32 29 26 88 90 84 102 100 104 109 112 108 83 0 1 15 10 12 14 13 11 27 2 9 103 101 105 65 71 63 62 64 61 60 69 68 67 70 66 8 5 6 7 113 
Initializing Symbolic Variables
Num variables: 114 => 125
Initialize Symbolic Manager(250, 64000, 16000000, 0)
Generating binary variables
Symbolic Variables... Done.
BOUND: 1 < 2147483647, total time: 3.03443s
BOUND: 2 < 2147483647, total time: 3.04949s
BOUND: 3 < 2147483647, total time: 3.05258s
BOUND: 4 < 2147483647, total time: 3.05584s
BOUND: 5 < 2147483647, total time: 3.06012s
BOUND: 6 < 2147483647, total time: 3.0683s
BOUND: 7 < 2147483647, total time: 3.08318s
BOUND: 8 < 2147483647, total time: 3.16937s
BOUND: 9 < 2147483647, total time: 3.40477s
BOUND: 10 < 2147483647, total time: 3.82132s
BOUND: 11 < 2147483647, total time: 4.23423s
BOUND: 12 < 2147483647, total time: 4.49366s
BOUND: 13 < 2147483647, total time: 4.62742s
BOUND: 14 < 2147483647, total time: 4.8327s
BOUND: 15 < 2147483647, total time: 5.2685s
BOUND: 16 < 2147483647, total time: 5.91385s
BOUND: 17 < 2147483647, total time: 6.4857s
BOUND: 18 < 2147483647, total time: 6.85887s
BOUND: 19 < 2147483647, total time: 7.05353s
BOUND: 20 < 2147483647, total time: 7.6165s
BOUND: 21 < 2147483647, total time: 7.69286s
BOUND: 22 < 2147483647, total time: 7.82124s
BOUND: 23 < 2147483647, total time: 8.00825s
BOUND: 24 < 2147483647, total time: 8.3363s
BOUND: 25 < 2147483647, total time: 8.9214s
BOUND: 26 < 2147483647, total time: 9.78935s
BOUND: 27 < 2147483647, total time: 10.7486s
BOUND: 28 < 2147483647, total time: 11.7446s
BOUND: 29 < 2147483647, total time: 12.7386s
BOUND: 30 < 2147483647, total time: 13.6642s
BOUND: 31 < 2147483647, total time: 14.2215s
BOUND: 32 < 2147483647, total time: 14.5914s
BOUND: 33 < 2147483647, total time: 15.9302s
BOUND: 34 < 2147483647, total time: 16.684s
BOUND: 35 < 2147483647, total time: 17.4595s
BOUND: 36 < 2147483647, total time: 18.0699s
BOUND: 37 < 2147483647, total time: 18.4578s
BOUND: 38 < 2147483647, total time: 18.7409s
BOUND: 39 < 2147483647, total time: 19.2238s
BOUND: 40 < 2147483647, total time: 19.9262s
BOUND: 41 < 2147483647, total time: 20.5532s
BOUND: 42 < 2147483647, total time: 20.9071s
BOUND: 43 < 2147483647, total time: 21.4503s
BOUND: 44 < 2147483647, total time: 22.544s
BOUND: 45 < 2147483647, total time: 25.0057s
BOUND: 46 < 2147483647, total time: 26.4355s
BOUND: 47 < 2147483647, total time: 27.5119s
BOUND: 48 < 2147483647, total time: 28.0263s
BOUND: 49 < 2147483647, total time: 28.3334s
BOUND: 50 < 2147483647, total time: 28.8747s
BOUND: 51 < 2147483647, total time: 29.773s
BOUND: 52 < 2147483647, total time: 30.8139s
BOUND: 53 < 2147483647, total time: 31.8093s
BOUND: 54 < 2147483647, total time: 32.4859s
BOUND: 55 < 2147483647, total time: 33.8505s
BOUND: 56 < 2147483647, total time: 34.0523s
BOUND: 57 < 2147483647, total time: 34.1831s
BOUND: 58 < 2147483647, total time: 34.258s
BOUND: 59 < 2147483647, total time: 34.3385s
BOUND: 60 < 2147483647, total time: 34.4837s
BOUND: 61 < 2147483647, total time: 34.6841s
BOUND: 62 < 2147483647, total time: 34.9047s
BOUND: 63 < 2147483647, total time: 35.1082s
BOUND: 64 < 2147483647, total time: 35.2823s
BOUND: 65 < 2147483647, total time: 35.4439s
BOUND: 66 < 2147483647, total time: 35.6011s
BOUND: 67 < 2147483647, total time: 35.7235s
BOUND: 68 < 2147483647, total time: 35.8206s
BOUND: 69 < 2147483647, total time: 35.9135s
BOUND: 70 < 2147483647, total time: 36.0092s
BOUND: 71 < 2147483647, total time: 36.0899s
BOUND: 72 < 2147483647, total time: 36.1517s
BOUND: 73 < 2147483647, total time: 36.2213s
BOUND: 74 < 2147483647, total time: 36.3276s
BOUND: 75 < 2147483647, total time: 36.4618s
BOUND: 76 < 2147483647, total time: 36.5897s
BOUND: 77 < 2147483647, total time: 36.6937s
BOUND: 78 < 2147483647, total time: 36.7625s
BOUND: 79 < 2147483647, total time: 36.7825s
Solution found with cost 79 total time: 36.7951s
Merging: 1
79 38.3843 1 126
Merging: 8
78 38.4307 1 364
Merging: 8
77 38.543 1 807
Merging: 1
76 38.7313 1 807
Merging: 5
75 38.9227 1 192
Merging: 1
74 38.9847 1 192
Merging: 14
73 39.0486 1 788
Merging: 14
72 39.2095 1 1516
Merging: 1
71 39.4571 1 1516
Merging: 5
70 39.7352 1 253
Merging: 1
69 39.8006 1 253
Merging: 16
68 39.8697 1 1081
Merging: 16
67 40.0792 1 2242
Merging: 1
66 40.4066 1 2242
Merging: 5
65 40.7961 1 309
Merging: 1
64 40.8665 1 309
Merging: 19
63 40.9491 1 1700
Merging: 19
62 41.1936 1 4054
Merging: 1
61 41.6091 1 4054
Merging: 5
60 42.0801 1 625
Merging: 1
59 42.1708 1 625
Merging: 3
58 42.2615 1 565
Merging: 1
57 42.3501 1 565
Merging: 1
56 42.4386 1 565
Merging: 22
55 42.5355 1 3496
Merging: 22
54 42.8903 1 8547
Merging: 1
53 43.5496 1 8547
Merging: 5
52 44.3811 1 725
Merging: 1
51 44.4658 1 725
Merging: 25
50 44.576 1 4899
Merging: 25
49 45.0244 1 12934
Merging: 1
48 45.7634 1 12934
Merging: 5
47 46.6896 1 1187
Merging: 1
46 46.7829 1 1187
Merging: 25
45 46.8889 1 7534
Merging: 25
44 47.409 1 15325
Merging: 1
43 48.2087 1 15325
Merging: 5
42 49.1484 1 1198
Merging: 1
41 49.2556 1 1198
Merging: 3
40 49.3606 1 1192
Merging: 1
39 49.4664 1 1192
Merging: 1
38 49.5728 1 1192
Merging: 26
37 49.7013 1 5312
Merging: 44
36 50.1244 1 7558
Merging: 1
35 50.4463 1 7558
Merging: 5
34 50.8724 1 1656
Merging: 1
33 50.9671 1 1656
Merging: 63
32 51.1118 1 6372
Merging: 62
31 51.6743 1 11562
Merging: 1
30 52.1481 1 11562
Merging: 5
29 52.6975 1 1256
Merging: 1
28 52.8097 1 1256
Merging: 7
27 52.9245 1 1259
Merging: 1
26 53.0337 1 1259
Merging: 1
25 53.1386 1 1259
Merging: 63
24 53.2928 1 8199
Merging: 85
23 54.0196 1 29567
Merging: 1
22 55.0788 1 29567
Merging: 5
21 56.4369 1 2171
Merging: 1
20 56.5466 1 2171
Merging: 98
19 56.7563 1 12645
Merging: 95
18 58.6478 1 35294
Merging: 1
17 59.8211 1 35294
Merging: 5
16 61.2247 1 2107
Merging: 1
15 61.3652 1 2107
Merging: 13
14 61.5018 1 2105
Merging: 1
13 61.6342 1 2105
Merging: 1
12 61.7619 1 2105
Merging: 89
11 61.9713 1 14243
Merging: 106
10 63.0777 1 51726
Merging: 1
9 64.6547 1 51726
Merging: 5
8 66.5884 1 2540
Merging: 1
7 66.7148 1 2540
Merging: 126
6 66.9556 1 16847
Merging: 123
5 68.6288 1 56630
Merging: 2
4 70.3357 1 56624
Merging: 5
3 72.3293 1 3505
Merging: 1
2 72.5157 1 3505
Merging: 28
1 72.711 1 3462
BOUND: 79 < 79, total time: 72.8923s
Actual search time: 69.8611s [t=72.8956s]
collect_resource worker2 worker1 worker2 round1 act_clay clay (60)
collect_resource worker1 noworker worker2 round1 act_reed reed (60)
ag__finish_round_backhome round1 worker2 (1)
ag__finish_round_renew round1 noworker (1)
ag__advance_round_normal round1 round2 act_fences (1)
build_fences boar worker2 worker1 worker2 round2 (60)
take_food worker1 noworker worker2 round2 num2 num3 (60)
ag__finish_round_backhome round2 worker2 (1)
ag__finish_round_renew round2 noworker (1)
ag__advance_round_normal round2 round3 act_sow (1)
build_fences boar worker2 worker1 worker2 round3 (60)
take_food worker1 noworker worker2 round3 num3 num4 (60)
ag__finish_round_backhome round3 worker2 (1)
ag__finish_round_renew round3 noworker (1)
ag__advance_round_normal round3 round4 act_sheep (1)
build_fences boar worker2 worker1 worker2 round4 (60)
take_food worker1 noworker worker2 round4 num4 num5 (60)
ag__finish_round_backhome round4 worker2 (1)
ag__finish_round_renew round4 noworker (1)
ag__harvest_collect_end round4 stage1 (1)
ag__harvest_feed round4 stage1 worker2 num5 num4 num1 (1)
ag__harvest_breed_end round4 stage1 (1)
ag__finish_stage stage1 stage2 round4 round5 act_cattle (1)
build_fences boar worker2 worker1 worker2 round5 (60)
take_food worker1 noworker worker2 round5 num1 num2 (60)
ag__finish_round_backhome round5 worker2 (1)
ag__finish_round_renew round5 noworker (1)
ag__advance_round_normal round5 round6 act_boar (1)
build_fences boar worker2 worker1 worker2 round6 (60)
take_food worker1 noworker worker2 round6 num2 num3 (60)
ag__finish_round_backhome round6 worker2 (1)
ag__finish_round_renew round6 noworker (1)
ag__advance_round_normal round6 round7 act_carrot (1)
build_fences boar worker2 worker1 worker2 round7 (60)
take_food worker1 noworker worker2 round7 num3 num4 (60)
ag__finish_round_backhome round7 worker2 (1)
ag__finish_round_renew round7 noworker (1)
ag__harvest_collect_end round7 stage2 (1)
ag__harvest_feed round7 stage2 worker2 num4 num4 num0 (1)
ag__harvest_breed_end round7 stage2 (1)
ag__finish_stage stage2 stage3 round7 round8 act_improve (1)
collect_resource worker2 worker1 worker2 round8 act_stone stone (60)
improve_home worker1 noworker worker2 round8 fireplace (60)
ag__finish_round_backhome round8 worker2 (1)
ag__finish_round_renew round8 noworker (1)
ag__advance_round_normal round8 round9 void (1)
collect_cook_animal boar act_boar worker2 worker1 worker2 round9 num0 num2 (60)
collect_cook_animal boar act_cattle worker1 noworker worker2 round9 num2 num4 (60)
ag__finish_round_backhome round9 worker2 (1)
ag__finish_round_renew round9 noworker (1)
ag__harvest_collect_end round9 stage3 (1)
ag__harvest_feed round9 stage3 worker2 num4 num4 num0 (1)
ag__harvest_breed_end round9 stage3 (1)
ag__finish_stage stage3 stage4 round9 round10 void (1)
build_fences boar worker2 worker1 worker2 round10 (60)
collect_cook_animal boar act_sheep worker1 noworker worker2 round10 num0 num2 (60)
ag__finish_round_backhome round10 worker2 (1)
ag__finish_round_renew round10 noworker (1)
ag__advance_round_normal round10 round11 void (1)
build_fences boar worker2 worker1 worker2 round11 (60)
collect_cook_animal boar act_sheep worker1 noworker worker2 round11 num2 num4 (60)
ag__finish_round_backhome round11 worker2 (1)
ag__finish_round_renew round11 noworker (1)
ag__harvest_collect_end round11 stage4 (1)
ag__harvest_feed round11 stage4 worker2 num4 num4 num0 (1)
ag__harvest_breed_end round11 stage4 (1)
ag__finish_stage stage4 stage5 round11 round12 void (1)
build_fences boar worker2 worker1 worker2 round12 (60)
collect_cook_animal boar act_sheep worker1 noworker worker2 round12 num0 num2 (60)
ag__finish_round_backhome round12 worker2 (1)
ag__finish_round_renew round12 noworker (1)
ag__advance_round_normal round12 round13 void (1)
build_fences boar worker2 worker1 worker2 round13 (60)
collect_cook_animal boar act_sheep worker1 noworker worker2 round13 num2 num4 (60)
ag__finish_round_backhome round13 worker2 (1)
ag__finish_round_renew round13 noworker (1)
ag__harvest_collect_end round13 stage5 (1)
ag__harvest_feed round13 stage5 worker2 num4 num4 num0 (1)
ag__harvest_breed_end round13 stage5 (1)
Plan length: 79 step(s).
Plan cost: 1613
Bytes per state: 16
Search time: 71.0532s
Total time: 72.8956s
Solution found.
Peak memory: 392688 KB
Running single search parser
