INFO     Running translator.
INFO     translator input: ['domain.pddl', 'problem.pddl']
INFO     translator arguments: []
INFO     translator time limit: None
INFO     translator memory limit: None
INFO     callstring: /usr/bin/python /mnt/data_server/torralba/subdominization/training/data/training_satellite/code-70296b3db083/builds/release32/bin/translate/translate.py domain.pddl problem.pddl
Parsing...
Parsing: [0.000s CPU, 0.016s wall-clock]
Normalizing task... [0.000s CPU, 0.000s wall-clock]
Instantiating...
Generating Datalog program... [0.010s CPU, 0.001s wall-clock]
Normalizing Datalog program...
Normalizing Datalog program: [0.000s CPU, 0.017s wall-clock]
Preparing model... [0.010s CPU, 0.002s wall-clock]
Generated 31 rules.
Computing model... [0.010s CPU, 0.007s wall-clock]
233 relevant atoms
102 auxiliary atoms
335 final queue length
424 total queue pushes
Completing instantiation... [0.000s CPU, 0.007s wall-clock]
Instantiating: [0.030s CPU, 0.036s wall-clock]
Computing fact groups...
Finding invariants...
12 initial candidates
Finding invariants: [0.000s CPU, 0.003s wall-clock]
Checking invariant weight... [0.000s CPU, 0.000s wall-clock]
Instantiating groups... [0.000s CPU, 0.000s wall-clock]
Collecting mutex groups... [0.000s CPU, 0.000s wall-clock]
Choosing groups...
32 uncovered facts
Choosing groups: [0.010s CPU, 0.000s wall-clock]
Building translation key... [0.000s CPU, 0.000s wall-clock]
Computing fact groups: [0.010s CPU, 0.004s wall-clock]
Building STRIPS to SAS dictionary... [0.000s CPU, 0.000s wall-clock]
Building dictionary for full mutex groups... [0.000s CPU, 0.000s wall-clock]
Building mutex information...
Building mutex information: [0.000s CPU, 0.000s wall-clock]
Translating task...
Processing axioms...
Simplifying axioms... [0.000s CPU, 0.000s wall-clock]
Processing axioms: [0.000s CPU, 0.000s wall-clock]
Translating task: [0.000s CPU, 0.008s wall-clock]
9 effect conditions simplified
0 implied preconditions added
Detecting unreachable propositions...
0 operators removed
0 axioms removed
2 propositions removed
Detecting unreachable propositions: [0.010s CPU, 0.005s wall-clock]
Translator variables: 34
Translator derived variables: 0
Translator facts: 76
Translator goal facts: 2
Translator mutex groups: 2
Translator total mutex groups size: 12
Translator operators: 117
Translator axioms: 0
Translator task size: 583
Translator peak memory: 43492 KB
Writing output... [0.000s CPU, 0.004s wall-clock]
Done! [0.050s CPU, 0.075s wall-clock]
INFO     Running preprocessor (release32).
INFO     preprocessor input: output.sas
INFO     preprocessor arguments: []
INFO     preprocessor time limit: None
INFO     preprocessor memory limit: None
INFO     callstring: /mnt/data_server/torralba/subdominization/training/data/training_satellite/code-70296b3db083/builds/release32/bin/preprocess < output.sas
Building causal graph...
The causal graph is not acyclic.
8 variables of 34 necessary
0 of 2 mutex groups necessary.
68 of 117 operators necessary.
0 of 0 axiom rules necessary.
Initializing mutex computation...
Mutex computation initialized with 24 fluents.
iteration for mutex detection and operator pruning
Initialize m_index fw
Initialized mvalues forward: reached=64, notReached=440, spurious=72
Initialize m_ops fw
Computing mutexes...
Mutex computation finished with reached=498, notReached=6, spurious=72
0 operators are spurious because were not triggered
H^2 mutexes added fw: 6, unreachable: 0
0 of 68 operators detected as spurious
iteration for mutex detection and operator pruning
Initialize m_index bw
Init values regression
Initialized mvalues backward: reached=278, notReached=220, spurious=78
Initialize m_ops bw
Computing mutexes...
Mutex computation finished with reached=498, notReached=0, spurious=78
0 operators are spurious because were not triggered
H^2 mutexes added bw: 0, unreachable: 0
0 of 68 operators detected as spurious
Total mutex and disambiguation time: 0.000757 iterations: 2
3 of 3 mutex groups necessary.
68 of 68 operators necessary.
0 of 0 axiom rules necessary.
Change id of operators: 68
Change id of mutexes
Change id of goals
Change id of initial state
Remove unreachable facts from variables: 8
3 of 3 mutex groups necessary.
68 of 68 operators necessary.
0 of 0 axiom rules necessary.
Updating causal graph and pruning unnecessary facts
8 variables of 8 of 34 necessary
The causal graph is not acyclic.
8 variables of 8 necessary
3 of 3 mutex groups necessary.
68 of 68 operators necessary.
0 of 0 axiom rules necessary.
Building domain transition graphs...
solveable in poly time 0
Building successor generator...
Preprocessor variables: 8
Preprocessor facts: 24
Preprocessor derived variables: 0
Preprocessor operators: 68
Preprocessor mutex groups: 3
Preprocessor task size: 256
Writing output...
Preprocessor time: 0.00404916s
Preprocessor peak memory: 2096 KB
done
INFO     Running search (release32).
INFO     search input: output
INFO     search arguments: ['--search', 'sbd(store_operators_in_optimal_plan=true, cost_type=1)']
INFO     search time limit: 3600s
INFO     search memory limit: 4096 MB
INFO     search executable: /mnt/data_server/torralba/subdominization/training/data/training_satellite/code-70296b3db083/builds/release32/bin/downward
INFO     callstring: /mnt/data_server/torralba/subdominization/training/data/training_satellite/code-70296b3db083/builds/release32/bin/downward --search 'sbd(store_operators_in_optimal_plan=true, cost_type=1)' --internal-plan-file sas_plan < output
time limit 3600.00 -> (3600, 3601)
reading input... [t=0.000122403s]
done reading input! [t=0.000762881s]
packing state variables...done! [t=0.000774718s]
Variables: 8
FactPairs: 24
Bytes per state: 4
Building successor generator...done! [t=0.000837703s]
done initalizing global data [t=0.000842349s]
TR(time=60000, nodes=100000)
Mutex(time=60000, nodes=100000, type=edeletion)
Aux(time=2000, nodes=1000000)
Disj(nodes=2147483647)
Estimation: min_time(1000) time_penalty +(1000)*(2) nodes_penalty +(1000)*(2)
MaxStep(time=30000, nodes=100000000, nodes_per_planning_second=100)
Ratio useful: 0
   Min alloted time: 60000 nodes: 10000000
   Max alloted time: 60000 nodes: 15000000
   Mult alloted time: 2 nodes: 2
   Ratio after relax: 0.8
building causal graph...done! [t=3.6942e-05s]
Sym variable order: 2 6 0 7 4 5 3 1 
Initializing Symbolic Variables
Num variables: 8 => 12
Initialize Symbolic Manager(24, 666666, 16000000, 0)
Generating binary variables
Symbolic Variables... Done.
BOUND: 1 < 2147483647, total time: 0.296174s
BOUND: 2 < 2147483647, total time: 0.296303s
BOUND: 3 < 2147483647, total time: 0.296453s
BOUND: 4 < 2147483647, total time: 0.296582s
BOUND: 5 < 2147483647, total time: 0.29675s
BOUND: 6 < 2147483647, total time: 0.296869s
Solution found with cost 6 total time: 0.296971s
Merging: 1
2 0.297735 1 38
Merging: 5
1 0.298616 1 30
Merging: 1
4 0.29923 1 38
Merging: 7
3 0.299804 1 31
Merging: 5
2 0.300199 1 35
Merging: 5
1 0.300638 1 29
BOUND: 6 < 6, total time: 0.301003s
Actual search time: 0.00503973s [t=0.301266s]
turn_to satellite0 groundstation3 star2 (1)
switch_on instrument0 satellite0 (1)
calibrate satellite0 instrument0 groundstation3 (1)
turn_to satellite0 star5 groundstation3 (1)
take_image satellite0 star5 instrument0 image0 (1)
turn_to satellite1 star2 groundstation0 (1)
Plan length: 6 step(s).
Plan cost: 6
Bytes per state: 4
Search time: 0.00644734s
Total time: 0.301285s
Solution found.
Peak memory: 245320 KB
Running single search parser
