INFO     Running translator.
INFO     translator input: ['domain.pddl', 'problem.pddl']
INFO     translator arguments: []
INFO     translator time limit: None
INFO     translator memory limit: None
INFO     callstring: /usr/bin/python /mnt/data_server/torralba/subdominization/training/data/training_tpp/code-70296b3db083/builds/release32/bin/translate/translate.py domain.pddl problem.pddl
Parsing...
Parsing: [0.010s CPU, 0.008s wall-clock]
Normalizing task... [0.000s CPU, 0.000s wall-clock]
Instantiating...
Generating Datalog program... [0.000s CPU, 0.001s wall-clock]
Normalizing Datalog program...
Normalizing Datalog program: [0.000s CPU, 0.007s wall-clock]
Preparing model... [0.010s CPU, 0.003s wall-clock]
Generated 45 rules.
Computing model... [0.020s CPU, 0.022s wall-clock]
321 relevant atoms
662 auxiliary atoms
983 final queue length
1159 total queue pushes
Completing instantiation... [0.010s CPU, 0.013s wall-clock]
Instantiating: [0.040s CPU, 0.050s wall-clock]
Computing fact groups...
Finding invariants...
18 initial candidates
Finding invariants: [0.010s CPU, 0.010s wall-clock]
Checking invariant weight... [0.000s CPU, 0.001s wall-clock]
Instantiating groups... [0.010s CPU, 0.003s wall-clock]
Collecting mutex groups... [0.000s CPU, 0.000s wall-clock]
Choosing groups...
26 uncovered facts
Choosing groups: [0.000s CPU, 0.001s wall-clock]
Building translation key... [0.000s CPU, 0.001s wall-clock]
Computing fact groups: [0.020s CPU, 0.018s wall-clock]
Building STRIPS to SAS dictionary... [0.000s CPU, 0.000s wall-clock]
Building dictionary for full mutex groups... [0.000s CPU, 0.000s wall-clock]
Building mutex information...
Building mutex information: [0.000s CPU, 0.000s wall-clock]
Translating task...
Processing axioms...
Simplifying axioms... [0.000s CPU, 0.000s wall-clock]
Processing axioms: [0.000s CPU, 0.001s wall-clock]
Translating task: [0.010s CPU, 0.011s wall-clock]
0 effect conditions simplified
0 implied preconditions added
Detecting unreachable propositions...
0 operators removed
0 axioms removed
87 propositions removed
Detecting unreachable propositions: [0.010s CPU, 0.006s wall-clock]
Translator variables: 35
Translator derived variables: 0
Translator facts: 97
Translator goal facts: 6
Translator mutex groups: 35
Translator total mutex groups size: 97
Translator operators: 124
Translator axioms: 0
Translator task size: 949
Translator peak memory: 44260 KB
Writing output... [0.000s CPU, 0.015s wall-clock]
Done! [0.090s CPU, 0.110s wall-clock]
INFO     Running preprocessor (release32).
INFO     preprocessor input: output.sas
INFO     preprocessor arguments: []
INFO     preprocessor time limit: None
INFO     preprocessor memory limit: None
INFO     callstring: /mnt/data_server/torralba/subdominization/training/data/training_tpp/code-70296b3db083/builds/release32/bin/preprocess < output.sas
Building causal graph...
The causal graph is not acyclic.
35 variables of 35 necessary
0 of 35 mutex groups necessary.
124 of 124 operators necessary.
0 of 0 axiom rules necessary.
Initializing mutex computation...
Mutex computation initialized with 97 fluents.
iteration for mutex detection and operator pruning
Initialize m_index fw
Initialized mvalues forward: reached=1225, notReached=7994, spurious=190
Initialize m_ops fw
Computing mutexes...
Mutex computation finished with reached=6886, notReached=2333, spurious=190
40 operators are spurious because were not triggered
Unreachable proposition: Atom ready-to-load(goods6, market3, level2)
Unreachable proposition: Atom ready-to-load(goods6, market4, level2)
Unreachable proposition: Atom ready-to-load(goods5, market1, level2)
Unreachable proposition: Atom ready-to-load(goods5, market2, level2)
Unreachable proposition: Atom ready-to-load(goods4, market1, level2)
Unreachable proposition: Atom ready-to-load(goods4, market2, level2)
Unreachable proposition: Atom ready-to-load(goods3, market3, level2)
Unreachable proposition: Atom loaded(goods3, truck1, level2)
Unreachable proposition: Atom stored(goods3, level2)
Unreachable proposition: Atom ready-to-load(goods2, market1, level2)
Unreachable proposition: Atom ready-to-load(goods2, market3, level2)
Unreachable proposition: Atom ready-to-load(goods1, market3, level2)
Unreachable proposition: Atom ready-to-load(goods1, market4, level2)
H^2 mutexes added fw: 32, unreachable: 13
0 of 84 operators detected as spurious
iteration for mutex detection and operator pruning
Initialize m_index bw
Init values regression
Initialized mvalues backward: reached=4780, notReached=2106, spurious=2523
Initialize m_ops bw
Computing mutexes...
Mutex computation finished with reached=6723, notReached=163, spurious=2523
4 operators are spurious because were not triggered
Unreachable proposition: Atom stored(goods5, level2)
H^2 mutexes added bw: 0, unreachable: 1
0 of 80 operators detected as spurious
iteration for mutex detection and operator pruning
Initialize m_index fw
Initialized mvalues forward: reached=1225, notReached=5498, spurious=2686
Initialize m_ops fw
Computing mutexes...
Mutex computation finished with reached=6723, notReached=0, spurious=2686
0 operators are spurious because were not triggered
H^2 mutexes added fw: 0, unreachable: 0
0 of 80 operators detected as spurious
Total mutex and disambiguation time: 0.005907 iterations: 3
16 of 16 mutex groups necessary.
80 of 124 operators necessary.
0 of 0 axiom rules necessary.
Change id of operators: 80
Change id of mutexes
Change id of goals
Change id of initial state
Remove unreachable facts from variables: 35
16 of 16 mutex groups necessary.
80 of 80 operators necessary.
0 of 0 axiom rules necessary.
Updating causal graph and pruning unnecessary facts
35 variables of 35 of 35 necessary
The causal graph is not acyclic.
35 variables of 35 necessary
16 of 16 mutex groups necessary.
80 of 80 operators necessary.
0 of 0 axiom rules necessary.
Building domain transition graphs...
solveable in poly time 0
Building successor generator...
Preprocessor variables: 35
Preprocessor facts: 83
Preprocessor derived variables: 0
Preprocessor operators: 80
Preprocessor mutex groups: 16
Preprocessor task size: 606
Writing output...
Preprocessor time: 0.01237s
Preprocessor peak memory: 2232 KB
done
INFO     Running search (release32).
INFO     search input: output
INFO     search arguments: ['--search', 'sbd(store_operators_in_optimal_plan=true, cost_type=1)']
INFO     search time limit: 3600s
INFO     search memory limit: 4096 MB
INFO     search executable: /mnt/data_server/torralba/subdominization/training/data/training_tpp/code-70296b3db083/builds/release32/bin/downward
INFO     callstring: /mnt/data_server/torralba/subdominization/training/data/training_tpp/code-70296b3db083/builds/release32/bin/downward --search 'sbd(store_operators_in_optimal_plan=true, cost_type=1)' --internal-plan-file sas_plan < output
time limit 3600.00 -> (3600, 3601)
reading input... [t=0.000122029s]
done reading input! [t=0.00140361s]
packing state variables...done! [t=0.0014177s]
Variables: 35
FactPairs: 83
Bytes per state: 8
Building successor generator...done! [t=0.00160545s]
done initalizing global data [t=0.0016106s]
TR(time=60000, nodes=100000)
Mutex(time=60000, nodes=100000, type=edeletion)
Aux(time=2000, nodes=1000000)
Disj(nodes=2147483647)
Estimation: min_time(1000) time_penalty +(1000)*(2) nodes_penalty +(1000)*(2)
MaxStep(time=30000, nodes=100000000, nodes_per_planning_second=100)
Ratio useful: 0
   Min alloted time: 60000 nodes: 10000000
   Max alloted time: 60000 nodes: 15000000
   Mult alloted time: 2 nodes: 2
   Ratio after relax: 0.8
building causal graph...done! [t=0.000137737s]
Sym variable order: 24 26 28 27 25 23 30 32 34 33 31 29 13 15 18 17 16 0 14 8 10 11 12 9 7 22 21 20 19 2 4 5 6 3 1 
Initializing Symbolic Variables
Num variables: 35 => 46
Initialize Symbolic Manager(92, 173913, 16000000, 0)
Generating binary variables
Symbolic Variables... Done.
BOUND: 1 < 2147483647, total time: 0.506049s
BOUND: 2 < 2147483647, total time: 0.506218s
BOUND: 3 < 2147483647, total time: 0.506539s
BOUND: 4 < 2147483647, total time: 0.506666s
BOUND: 5 < 2147483647, total time: 0.5069s
BOUND: 6 < 2147483647, total time: 0.507273s
BOUND: 7 < 2147483647, total time: 0.507807s
BOUND: 8 < 2147483647, total time: 0.508282s
BOUND: 9 < 2147483647, total time: 0.509358s
BOUND: 10 < 2147483647, total time: 0.510005s
BOUND: 11 < 2147483647, total time: 0.510864s
BOUND: 12 < 2147483647, total time: 0.512804s
BOUND: 13 < 2147483647, total time: 0.513958s
BOUND: 14 < 2147483647, total time: 0.515397s
BOUND: 15 < 2147483647, total time: 0.518234s
BOUND: 16 < 2147483647, total time: 0.520222s
BOUND: 17 < 2147483647, total time: 0.524134s
BOUND: 18 < 2147483647, total time: 0.526622s
BOUND: 19 < 2147483647, total time: 0.52966s
BOUND: 20 < 2147483647, total time: 0.535255s
BOUND: 21 < 2147483647, total time: 0.539236s
BOUND: 22 < 2147483647, total time: 0.545971s
BOUND: 23 < 2147483647, total time: 0.550671s
BOUND: 24 < 2147483647, total time: 0.558671s
BOUND: 25 < 2147483647, total time: 0.564038s
BOUND: 26 < 2147483647, total time: 0.569798s
BOUND: 27 < 2147483647, total time: 0.579829s
BOUND: 28 < 2147483647, total time: 0.586736s
BOUND: 29 < 2147483647, total time: 0.593471s
BOUND: 30 < 2147483647, total time: 0.604716s
BOUND: 31 < 2147483647, total time: 0.612324s
BOUND: 32 < 2147483647, total time: 0.619352s
BOUND: 33 < 2147483647, total time: 0.626334s
BOUND: 34 < 2147483647, total time: 0.633214s
BOUND: 35 < 2147483647, total time: 0.640053s
BOUND: 36 < 2147483647, total time: 0.64675s
BOUND: 37 < 2147483647, total time: 0.653207s
BOUND: 38 < 2147483647, total time: 0.659414s
Solution found with cost 38 total time: 0.663807s
Merging: 1
26 0.674825 1 93
Merging: 14
25 0.677043 1 214
Merging: 25
24 0.681957 1 319
Merging: 26
23 0.689436 1 399
Merging: 25
22 0.699513 1 477
Merging: 24
21 0.711365 1 528
Merging: 24
20 0.724269 1 573
Merging: 24
19 0.737926 1 569
Merging: 24
18 0.750739 1 522
Merging: 25
17 0.762633 1 492
Merging: 25
16 0.77374 1 460
Merging: 29
15 0.783317 1 423
Merging: 29
14 0.791476 1 383
Merging: 27
13 0.799216 1 411
Merging: 30
12 0.808177 1 441
Merging: 28
11 0.818668 1 472
Merging: 25
10 0.8302 1 497
Merging: 24
9 0.842713 1 535
Merging: 24
8 0.855678 1 534
Merging: 24
7 0.868964 1 492
Merging: 23
6 0.881369 1 437
Merging: 24
5 0.891984 1 364
Merging: 23
4 0.900584 1 282
Merging: 23
3 0.906734 1 185
Merging: 14
2 0.91008 1 80
Merging: 4
1 0.9114 1 47
Merging: 1
12 0.912251 1 93
Merging: 4
11 0.913046 1 53
Merging: 2
10 0.913421 1 52
Merging: 12
9 0.914136 1 108
Merging: 20
8 0.915449 1 166
Merging: 20
7 0.9171 1 205
Merging: 20
6 0.918979 1 232
Merging: 20
5 0.920953 1 234
Merging: 20
4 0.92282 1 231
Merging: 20
3 0.924496 1 204
Merging: 20
2 0.925771 1 164
Merging: 20
1 0.926644 1 107
BOUND: 38 < 38, total time: 0.927044s
Actual search time: 0.422522s [t=0.928634s]
drive truck1 depot1 market4 (1)
buy truck1 goods6 market4 level0 level1 level0 level1 (1)
load goods6 truck1 market4 level0 level1 level0 level1 (1)
drive truck1 market4 market3 (1)
buy truck1 goods6 market3 level0 level1 level0 level1 (1)
load goods6 truck1 market3 level0 level1 level1 level2 (1)
buy truck1 goods3 market3 level0 level1 level0 level1 (1)
load goods3 truck1 market3 level0 level1 level0 level1 (1)
buy truck1 goods2 market3 level0 level1 level0 level1 (1)
load goods2 truck1 market3 level0 level1 level0 level1 (1)
buy truck1 goods1 market3 level0 level1 level0 level1 (1)
load goods1 truck1 market3 level0 level1 level0 level1 (1)
drive truck1 market3 market4 (1)
drive truck1 market4 market1 (1)
buy truck1 goods5 market1 level0 level1 level0 level1 (1)
load goods5 truck1 market1 level0 level1 level0 level1 (1)
buy truck1 goods4 market1 level0 level1 level0 level1 (1)
load goods4 truck1 market1 level0 level1 level0 level1 (1)
buy truck1 goods2 market1 level0 level1 level0 level1 (1)
load goods2 truck1 market1 level0 level1 level1 level2 (1)
drive truck1 market1 market2 (1)
buy truck1 goods4 market2 level0 level1 level0 level1 (1)
load goods4 truck1 market2 level0 level1 level1 level2 (1)
drive truck1 market2 market1 (1)
drive truck1 market1 market4 (1)
buy truck1 goods1 market4 level0 level1 level0 level1 (1)
load goods1 truck1 market4 level0 level1 level1 level2 (1)
drive truck1 market4 depot1 (1)
unload goods1 truck1 depot1 level1 level2 level0 level1 (1)
unload goods1 truck1 depot1 level0 level1 level1 level2 (1)
unload goods2 truck1 depot1 level1 level2 level0 level1 (1)
unload goods2 truck1 depot1 level0 level1 level1 level2 (1)
unload goods3 truck1 depot1 level0 level1 level0 level1 (1)
unload goods4 truck1 depot1 level1 level2 level0 level1 (1)
unload goods4 truck1 depot1 level0 level1 level1 level2 (1)
unload goods5 truck1 depot1 level0 level1 level0 level1 (1)
unload goods6 truck1 depot1 level1 level2 level0 level1 (1)
unload goods6 truck1 depot1 level0 level1 level1 level2 (1)
Plan length: 38 step(s).
Plan cost: 38
Bytes per state: 8
Search time: 0.428315s
Total time: 0.928645s
Solution found.
Peak memory: 242664 KB
Running single search parser
