INFO     Running translator.
INFO     translator input: ['domain.pddl', 'problem.pddl']
INFO     translator arguments: []
INFO     translator time limit: None
INFO     translator memory limit: None
INFO     callstring: /usr/bin/python /mnt/data_server/torralba/subdominization/training/data/training_satellite/code-70296b3db083/builds/release32/bin/translate/translate.py domain.pddl problem.pddl
Parsing...
Parsing: [0.010s CPU, 0.012s wall-clock]
Normalizing task... [0.000s CPU, 0.000s wall-clock]
Instantiating...
Generating Datalog program... [0.000s CPU, 0.001s wall-clock]
Normalizing Datalog program...
Normalizing Datalog program: [0.000s CPU, 0.017s wall-clock]
Preparing model... [0.010s CPU, 0.002s wall-clock]
Generated 31 rules.
Computing model... [0.020s CPU, 0.016s wall-clock]
494 relevant atoms
203 auxiliary atoms
697 final queue length
994 total queue pushes
Completing instantiation... [0.020s CPU, 0.020s wall-clock]
Instantiating: [0.050s CPU, 0.073s wall-clock]
Computing fact groups...
Finding invariants...
12 initial candidates
Finding invariants: [0.000s CPU, 0.004s wall-clock]
Checking invariant weight... [0.000s CPU, 0.000s wall-clock]
Instantiating groups... [0.000s CPU, 0.000s wall-clock]
Collecting mutex groups... [0.000s CPU, 0.000s wall-clock]
Choosing groups...
33 uncovered facts
Choosing groups: [0.000s CPU, 0.000s wall-clock]
Building translation key... [0.000s CPU, 0.001s wall-clock]
Computing fact groups: [0.000s CPU, 0.006s wall-clock]
Building STRIPS to SAS dictionary... [0.000s CPU, 0.000s wall-clock]
Building dictionary for full mutex groups... [0.000s CPU, 0.000s wall-clock]
Building mutex information...
Building mutex information: [0.000s CPU, 0.000s wall-clock]
Translating task...
Processing axioms...
Simplifying axioms... [0.000s CPU, 0.000s wall-clock]
Processing axioms: [0.000s CPU, 0.001s wall-clock]
Translating task: [0.020s CPU, 0.022s wall-clock]
18 effect conditions simplified
0 implied preconditions added
Detecting unreachable propositions...
0 operators removed
0 axioms removed
3 propositions removed
Detecting unreachable propositions: [0.010s CPU, 0.013s wall-clock]
Translator variables: 36
Translator derived variables: 0
Translator facts: 93
Translator goal facts: 4
Translator mutex groups: 3
Translator total mutex groups size: 27
Translator operators: 324
Translator axioms: 0
Translator task size: 1336
Translator peak memory: 44544 KB
Writing output... [0.000s CPU, 0.007s wall-clock]
Done! [0.090s CPU, 0.136s wall-clock]
INFO     Running preprocessor (release32).
INFO     preprocessor input: output.sas
INFO     preprocessor arguments: []
INFO     preprocessor time limit: None
INFO     preprocessor memory limit: None
INFO     callstring: /mnt/data_server/torralba/subdominization/training/data/training_satellite/code-70296b3db083/builds/release32/bin/preprocess < output.sas
Building causal graph...
The causal graph is not acyclic.
22 variables of 36 necessary
0 of 3 mutex groups necessary.
254 of 324 operators necessary.
0 of 0 axiom rules necessary.
Initializing mutex computation...
Mutex computation initialized with 65 fluents.
iteration for mutex detection and operator pruning
Initialize m_index fw
Initialized mvalues forward: reached=484, notReached=3487, spurious=254
Initialize m_ops fw
Computing mutexes...
Mutex computation finished with reached=3953, notReached=18, spurious=254
0 operators are spurious because were not triggered
H^2 mutexes added fw: 18, unreachable: 0
0 of 254 operators detected as spurious
iteration for mutex detection and operator pruning
Initialize m_index bw
Init values regression
Initialized mvalues backward: reached=3457, notReached=496, spurious=272
Initialize m_ops bw
Computing mutexes...
Mutex computation finished with reached=3953, notReached=0, spurious=272
0 operators are spurious because were not triggered
H^2 mutexes added bw: 0, unreachable: 0
0 of 254 operators detected as spurious
Total mutex and disambiguation time: 0.006323 iterations: 2
9 of 9 mutex groups necessary.
254 of 254 operators necessary.
0 of 0 axiom rules necessary.
Change id of operators: 254
Change id of mutexes
Change id of goals
Change id of initial state
Remove unreachable facts from variables: 22
9 of 9 mutex groups necessary.
254 of 254 operators necessary.
0 of 0 axiom rules necessary.
Updating causal graph and pruning unnecessary facts
22 variables of 22 of 36 necessary
The causal graph is not acyclic.
22 variables of 22 necessary
9 of 9 mutex groups necessary.
254 of 254 operators necessary.
0 of 0 axiom rules necessary.
Building domain transition graphs...
solveable in poly time 0
Building successor generator...
Preprocessor variables: 22
Preprocessor facts: 65
Preprocessor derived variables: 0
Preprocessor operators: 254
Preprocessor mutex groups: 9
Preprocessor task size: 935
Writing output...
Preprocessor time: 0.0154219s
Preprocessor peak memory: 2248 KB
done
INFO     Running search (release32).
INFO     search input: output
INFO     search arguments: ['--search', 'sbd(store_operators_in_optimal_plan=true, cost_type=1)']
INFO     search time limit: 3600s
INFO     search memory limit: 4096 MB
INFO     search executable: /mnt/data_server/torralba/subdominization/training/data/training_satellite/code-70296b3db083/builds/release32/bin/downward
INFO     callstring: /mnt/data_server/torralba/subdominization/training/data/training_satellite/code-70296b3db083/builds/release32/bin/downward --search 'sbd(store_operators_in_optimal_plan=true, cost_type=1)' --internal-plan-file sas_plan < output
time limit 3600.00 -> (3600, 3601)
reading input... [t=8.619e-05s]
done reading input! [t=0.00217128s]
packing state variables...done! [t=0.00218868s]
Variables: 22
FactPairs: 65
Bytes per state: 4
Building successor generator...done! [t=0.00240479s]
done initalizing global data [t=0.00241156s]
TR(time=60000, nodes=100000)
Mutex(time=60000, nodes=100000, type=edeletion)
Aux(time=2000, nodes=1000000)
Disj(nodes=2147483647)
Estimation: min_time(1000) time_penalty +(1000)*(2) nodes_penalty +(1000)*(2)
MaxStep(time=30000, nodes=100000000, nodes_per_planning_second=100)
Ratio useful: 0
   Min alloted time: 60000 nodes: 10000000
   Max alloted time: 60000 nodes: 15000000
   Mult alloted time: 2 nodes: 2
   Ratio after relax: 0.8
building causal graph...done! [t=0.000110513s]
Sym variable order: 5 3 7 4 6 0 10 9 11 20 18 8 12 1 21 19 2 17 13 16 14 15 
Initializing Symbolic Variables
Num variables: 22 => 31
Initialize Symbolic Manager(62, 258064, 16000000, 0)
Generating binary variables
Symbolic Variables... Done.
BOUND: 1 < 2147483647, total time: 0.435723s
BOUND: 2 < 2147483647, total time: 0.435914s
BOUND: 3 < 2147483647, total time: 0.436267s
BOUND: 4 < 2147483647, total time: 0.436558s
BOUND: 5 < 2147483647, total time: 0.43688s
BOUND: 6 < 2147483647, total time: 0.437636s
BOUND: 7 < 2147483647, total time: 0.43808s
BOUND: 8 < 2147483647, total time: 0.438717s
BOUND: 9 < 2147483647, total time: 0.440104s
BOUND: 10 < 2147483647, total time: 0.441318s
BOUND: 11 < 2147483647, total time: 0.443204s
Solution found with cost 11 total time: 0.444909s
Merging: 1
7 0.453614 1 140
Merging: 16
6 0.463464 1 119
Merging: 24
5 0.471669 1 109
Merging: 16
4 0.479615 1 66
Merging: 8
3 0.483793 1 60
Merging: 4
2 0.48791 1 58
Merging: 6
1 0.491697 1 62
Merging: 1
4 0.496216 1 140
Merging: 24
3 0.502486 1 140
Merging: 16
2 0.508147 1 119
Merging: 24
1 0.51303 1 109
BOUND: 11 < 11, total time: 0.517228s
Actual search time: 0.0820207s [t=0.51778s]
turn_to satellite1 star2 groundstation1 (1)
switch_on instrument2 satellite1 (1)
calibrate satellite1 instrument2 star2 (1)
turn_to satellite1 planet6 star2 (1)
take_image satellite1 planet6 instrument2 spectrograph0 (1)
turn_to satellite1 planet5 planet6 (1)
take_image satellite1 planet5 instrument2 image1 (1)
turn_to satellite1 planet8 planet5 (1)
take_image satellite1 planet8 instrument2 image1 (1)
turn_to satellite1 star7 planet8 (1)
take_image satellite1 star7 instrument2 spectrograph0 (1)
Plan length: 11 step(s).
Plan cost: 11
Bytes per state: 4
Search time: 0.0885719s
Total time: 0.517792s
Solution found.
Peak memory: 208664 KB
Running single search parser
