INFO     Running translator.
INFO     translator input: ['domain.pddl', 'problem.pddl']
INFO     translator arguments: []
INFO     translator time limit: None
INFO     translator memory limit: None
INFO     callstring: /usr/bin/python /mnt/data_server/torralba/subdominization/training/data/training_satellite/code-70296b3db083/builds/release32/bin/translate/translate.py domain.pddl problem.pddl
Parsing...
Parsing: [0.010s CPU, 0.121s wall-clock]
Normalizing task... [0.000s CPU, 0.000s wall-clock]
Instantiating...
Generating Datalog program... [0.000s CPU, 0.001s wall-clock]
Normalizing Datalog program...
Normalizing Datalog program: [0.000s CPU, 3.264s wall-clock]
Preparing model... [0.000s CPU, 0.003s wall-clock]
Generated 31 rules.
Computing model... [0.010s CPU, 0.008s wall-clock]
395 relevant atoms
230 auxiliary atoms
625 final queue length
799 total queue pushes
Completing instantiation... [0.010s CPU, 0.009s wall-clock]
Instantiating: [0.020s CPU, 3.302s wall-clock]
Computing fact groups...
Finding invariants...
12 initial candidates
Finding invariants: [0.000s CPU, 0.002s wall-clock]
Checking invariant weight... [0.000s CPU, 0.000s wall-clock]
Instantiating groups... [0.000s CPU, 0.000s wall-clock]
Collecting mutex groups... [0.000s CPU, 0.000s wall-clock]
Choosing groups...
45 uncovered facts
Choosing groups: [0.000s CPU, 0.000s wall-clock]
Building translation key... [0.000s CPU, 0.000s wall-clock]
Computing fact groups: [0.000s CPU, 0.004s wall-clock]
Building STRIPS to SAS dictionary... [0.000s CPU, 0.000s wall-clock]
Building dictionary for full mutex groups... [0.000s CPU, 0.000s wall-clock]
Building mutex information...
Building mutex information: [0.000s CPU, 0.000s wall-clock]
Translating task...
Processing axioms...
Simplifying axioms... [0.000s CPU, 0.000s wall-clock]
Processing axioms: [0.000s CPU, 0.001s wall-clock]
Translating task: [0.010s CPU, 0.009s wall-clock]
27 effect conditions simplified
0 implied preconditions added
Detecting unreachable propositions...
0 operators removed
0 axioms removed
3 propositions removed
Detecting unreachable propositions: [0.010s CPU, 0.005s wall-clock]
Translator variables: 48
Translator derived variables: 0
Translator facts: 108
Translator goal facts: 3
Translator mutex groups: 3
Translator total mutex groups size: 18
Translator operators: 213
Translator axioms: 0
Translator task size: 1044
Translator peak memory: 44016 KB
Writing output... [0.000s CPU, 0.036s wall-clock]
Done! [0.050s CPU, 3.477s wall-clock]
INFO     Running preprocessor (release32).
INFO     preprocessor input: output.sas
INFO     preprocessor arguments: []
INFO     preprocessor time limit: None
INFO     preprocessor memory limit: None
INFO     callstring: /mnt/data_server/torralba/subdominization/training/data/training_satellite/code-70296b3db083/builds/release32/bin/preprocess < output.sas
Building causal graph...
The causal graph is not acyclic.
15 variables of 48 necessary
0 of 3 mutex groups necessary.
108 of 213 operators necessary.
0 of 0 axiom rules necessary.
Initializing mutex computation...
Mutex computation initialized with 42 fluents.
iteration for mutex detection and operator pruning
Initialize m_index fw
Initialized mvalues forward: reached=225, notReached=1425, spurious=114
Initialize m_ops fw
Computing mutexes...
Mutex computation finished with reached=1624, notReached=26, spurious=114
0 operators are spurious because were not triggered
H^2 mutexes added fw: 26, unreachable: 0
0 of 108 operators detected as spurious
iteration for mutex detection and operator pruning
Initialize m_index bw
Init values regression
Initialized mvalues backward: reached=883, notReached=741, spurious=140
Initialize m_ops bw
Computing mutexes...
Mutex computation finished with reached=1624, notReached=0, spurious=140
0 operators are spurious because were not triggered
H^2 mutexes added bw: 0, unreachable: 0
0 of 108 operators detected as spurious
Total mutex and disambiguation time: 0.001619 iterations: 2
13 of 13 mutex groups necessary.
108 of 108 operators necessary.
0 of 0 axiom rules necessary.
Change id of operators: 108
Change id of mutexes
Change id of goals
Change id of initial state
Remove unreachable facts from variables: 15
13 of 13 mutex groups necessary.
108 of 108 operators necessary.
0 of 0 axiom rules necessary.
Updating causal graph and pruning unnecessary facts
15 variables of 15 of 48 necessary
The causal graph is not acyclic.
15 variables of 15 necessary
13 of 13 mutex groups necessary.
108 of 108 operators necessary.
0 of 0 axiom rules necessary.
Building domain transition graphs...
solveable in poly time 0
Building successor generator...
Preprocessor variables: 15
Preprocessor facts: 42
Preprocessor derived variables: 0
Preprocessor operators: 108
Preprocessor mutex groups: 13
Preprocessor task size: 434
Writing output...
Preprocessor time: 0.00680651s
Preprocessor peak memory: 2228 KB
done
INFO     Running search (release32).
INFO     search input: output
INFO     search arguments: ['--search', 'sbd(store_operators_in_optimal_plan=true, cost_type=1)']
INFO     search time limit: 3600s
INFO     search memory limit: 4096 MB
INFO     search executable: /mnt/data_server/torralba/subdominization/training/data/training_satellite/code-70296b3db083/builds/release32/bin/downward
INFO     callstring: /mnt/data_server/torralba/subdominization/training/data/training_satellite/code-70296b3db083/builds/release32/bin/downward --search 'sbd(store_operators_in_optimal_plan=true, cost_type=1)' --internal-plan-file sas_plan < output
time limit 3600.00 -> (3600, 3601)
reading input... [t=0.000152404s]
done reading input! [t=0.00171244s]
packing state variables...done! [t=0.00172857s]
Variables: 15
FactPairs: 42
Bytes per state: 4
Building successor generator...done! [t=0.00187295s]
done initalizing global data [t=0.00187868s]
TR(time=60000, nodes=100000)
Mutex(time=60000, nodes=100000, type=edeletion)
Aux(time=2000, nodes=1000000)
Disj(nodes=2147483647)
Estimation: min_time(1000) time_penalty +(1000)*(2) nodes_penalty +(1000)*(2)
MaxStep(time=30000, nodes=100000000, nodes_per_planning_second=100)
Ratio useful: 0
   Min alloted time: 60000 nodes: 10000000
   Max alloted time: 60000 nodes: 15000000
   Mult alloted time: 2 nodes: 2
   Ratio after relax: 0.8
building causal graph...done! [t=9.5423e-05s]
Sym variable order: 2 3 5 7 6 8 4 9 0 14 1 13 10 12 11 
Initializing Symbolic Variables
Num variables: 15 => 21
Initialize Symbolic Manager(42, 380952, 16000000, 0)
Generating binary variables
Symbolic Variables... Done.
BOUND: 1 < 2147483647, total time: 0.319077s
BOUND: 2 < 2147483647, total time: 0.319209s
BOUND: 3 < 2147483647, total time: 0.319332s
BOUND: 4 < 2147483647, total time: 0.319484s
BOUND: 5 < 2147483647, total time: 0.319676s
BOUND: 6 < 2147483647, total time: 0.319888s
Solution found with cost 6 total time: 0.320099s
Merging: 1
3 0.321327 1 33
Merging: 3
2 0.322179 1 29
Merging: 3
1 0.322851 1 28
Merging: 1
3 0.323508 1 33
Merging: 3
2 0.324062 1 35
Merging: 3
1 0.324452 1 32
BOUND: 6 < 6, total time: 0.324849s
Actual search time: 0.00591563s [t=0.325021s]
turn_to satellite2 groundstation0 groundstation3 (1)
switch_on instrument3 satellite0 (1)
calibrate satellite0 instrument3 groundstation0 (1)
turn_to satellite0 planet5 groundstation0 (1)
take_image satellite0 planet5 instrument3 spectrograph1 (1)
turn_to satellite0 star1 planet5 (1)
Plan length: 6 step(s).
Plan cost: 6
Bytes per state: 4
Search time: 0.0082439s
Total time: 0.325028s
Solution found.
Peak memory: 231188 KB
Running single search parser
