INFO     Running translator.
INFO     translator input: ['domain.pddl', 'problem.pddl']
INFO     translator arguments: []
INFO     translator time limit: None
INFO     translator memory limit: None
INFO     callstring: /usr/bin/python /mnt/data_server/torralba/subdominization/training/data/training_satellite/code-70296b3db083/builds/release32/bin/translate/translate.py domain.pddl problem.pddl
Parsing...
Parsing: [0.010s CPU, 0.017s wall-clock]
Normalizing task... [0.000s CPU, 0.000s wall-clock]
Instantiating...
Generating Datalog program... [0.000s CPU, 0.001s wall-clock]
Normalizing Datalog program...
Normalizing Datalog program: [0.010s CPU, 0.139s wall-clock]
Preparing model... [0.000s CPU, 0.002s wall-clock]
Generated 31 rules.
Computing model... [0.020s CPU, 0.024s wall-clock]
832 relevant atoms
288 auxiliary atoms
1120 final queue length
1684 total queue pushes
Completing instantiation... [0.040s CPU, 0.037s wall-clock]
Instantiating: [0.070s CPU, 0.317s wall-clock]
Computing fact groups...
Finding invariants...
12 initial candidates
Finding invariants: [0.000s CPU, 0.003s wall-clock]
Checking invariant weight... [0.000s CPU, 0.000s wall-clock]
Instantiating groups... [0.000s CPU, 0.000s wall-clock]
Collecting mutex groups... [0.000s CPU, 0.000s wall-clock]
Choosing groups...
45 uncovered facts
Choosing groups: [0.000s CPU, 0.000s wall-clock]
Building translation key... [0.000s CPU, 0.001s wall-clock]
Computing fact groups: [0.000s CPU, 0.006s wall-clock]
Building STRIPS to SAS dictionary... [0.000s CPU, 0.000s wall-clock]
Building dictionary for full mutex groups... [0.000s CPU, 0.000s wall-clock]
Building mutex information...
Building mutex information: [0.000s CPU, 0.000s wall-clock]
Translating task...
Processing axioms...
Simplifying axioms... [0.000s CPU, 0.000s wall-clock]
Processing axioms: [0.010s CPU, 0.002s wall-clock]
Translating task: [0.040s CPU, 0.035s wall-clock]
27 effect conditions simplified
0 implied preconditions added
Detecting unreachable propositions...
0 operators removed
0 axioms removed
3 propositions removed
Detecting unreachable propositions: [0.020s CPU, 0.021s wall-clock]
Translator variables: 48
Translator derived variables: 0
Translator facts: 126
Translator goal facts: 5
Translator mutex groups: 3
Translator total mutex groups size: 36
Translator operators: 603
Translator axioms: 0
Translator task size: 2420
Translator peak memory: 45996 KB
Writing output... [0.010s CPU, 0.068s wall-clock]
Done! [0.150s CPU, 0.466s wall-clock]
INFO     Running preprocessor (release32).
INFO     preprocessor input: output.sas
INFO     preprocessor arguments: []
INFO     preprocessor time limit: None
INFO     preprocessor memory limit: None
INFO     callstring: /mnt/data_server/torralba/subdominization/training/data/training_satellite/code-70296b3db083/builds/release32/bin/preprocess < output.sas
Building causal graph...
The causal graph is not acyclic.
29 variables of 48 necessary
0 of 3 mutex groups necessary.
461 of 603 operators necessary.
0 of 0 axiom rules necessary.
Initializing mutex computation...
Mutex computation initialized with 88 fluents.
iteration for mutex detection and operator pruning
Initialize m_index fw
Initialized mvalues forward: reached=841, notReached=6455, spurious=448
Initialize m_ops fw
Computing mutexes...
Mutex computation finished with reached=7258, notReached=38, spurious=448
0 operators are spurious because were not triggered
H^2 mutexes added fw: 38, unreachable: 0
0 of 461 operators detected as spurious
iteration for mutex detection and operator pruning
Initialize m_index bw
Init values regression
Initialized mvalues backward: reached=6413, notReached=845, spurious=486
Initialize m_ops bw
Computing mutexes...
Mutex computation finished with reached=7258, notReached=0, spurious=486
0 operators are spurious because were not triggered
H^2 mutexes added bw: 0, unreachable: 0
0 of 461 operators detected as spurious
Total mutex and disambiguation time: 0.014853 iterations: 2
19 of 19 mutex groups necessary.
461 of 461 operators necessary.
0 of 0 axiom rules necessary.
Change id of operators: 461
Change id of mutexes
Change id of goals
Change id of initial state
Remove unreachable facts from variables: 29
19 of 19 mutex groups necessary.
461 of 461 operators necessary.
0 of 0 axiom rules necessary.
Updating causal graph and pruning unnecessary facts
29 variables of 29 of 48 necessary
The causal graph is not acyclic.
29 variables of 29 necessary
19 of 19 mutex groups necessary.
461 of 461 operators necessary.
0 of 0 axiom rules necessary.
Building domain transition graphs...
solveable in poly time 0
Building successor generator...
Preprocessor variables: 29
Preprocessor facts: 88
Preprocessor derived variables: 0
Preprocessor operators: 461
Preprocessor mutex groups: 19
Preprocessor task size: 1655
Writing output...
Preprocessor time: 0.031047s
Preprocessor peak memory: 2404 KB
done
INFO     Running search (release32).
INFO     search input: output
INFO     search arguments: ['--search', 'sbd(store_operators_in_optimal_plan=true, cost_type=1)']
INFO     search time limit: 3600s
INFO     search memory limit: 4096 MB
INFO     search executable: /mnt/data_server/torralba/subdominization/training/data/training_satellite/code-70296b3db083/builds/release32/bin/downward
INFO     callstring: /mnt/data_server/torralba/subdominization/training/data/training_satellite/code-70296b3db083/builds/release32/bin/downward --search 'sbd(store_operators_in_optimal_plan=true, cost_type=1)' --internal-plan-file sas_plan < output
time limit 3600.00 -> (3600, 3601)
reading input... [t=0.000122616s]
done reading input! [t=0.00376126s]
packing state variables...done! [t=0.00377904s]
Variables: 29
FactPairs: 88
Bytes per state: 8
Building successor generator...done! [t=0.00414714s]
done initalizing global data [t=0.00415321s]
TR(time=60000, nodes=100000)
Mutex(time=60000, nodes=100000, type=edeletion)
Aux(time=2000, nodes=1000000)
Disj(nodes=2147483647)
Estimation: min_time(1000) time_penalty +(1000)*(2) nodes_penalty +(1000)*(2)
MaxStep(time=30000, nodes=100000000, nodes_per_planning_second=100)
Ratio useful: 0
   Min alloted time: 60000 nodes: 10000000
   Max alloted time: 60000 nodes: 15000000
   Mult alloted time: 2 nodes: 2
   Ratio after relax: 0.8
building causal graph...done! [t=0.000177533s]
Sym variable order: 15 12 18 21 14 16 13 17 1 19 20 23 25 27 24 22 26 28 2 5 9 3 11 0 10 4 7 8 6 
Initializing Symbolic Variables
Num variables: 29 => 38
Initialize Symbolic Manager(76, 210526, 16000000, 0)
Generating binary variables
Symbolic Variables... Done.
BOUND: 1 < 2147483647, total time: 0.562356s
BOUND: 2 < 2147483647, total time: 0.562623s
BOUND: 3 < 2147483647, total time: 0.563274s
BOUND: 4 < 2147483647, total time: 0.563734s
BOUND: 5 < 2147483647, total time: 0.564372s
BOUND: 6 < 2147483647, total time: 0.565307s
BOUND: 7 < 2147483647, total time: 0.567238s
BOUND: 8 < 2147483647, total time: 0.56893s
BOUND: 9 < 2147483647, total time: 0.573157s
BOUND: 10 < 2147483647, total time: 0.576452s
BOUND: 11 < 2147483647, total time: 0.582977s
BOUND: 12 < 2147483647, total time: 0.589648s
Solution found with cost 12 total time: 0.598914s
Merging: 1
7 0.618841 1 87
Merging: 20
6 0.628525 1 86
Merging: 5
5 0.639363 1 78
Merging: 20
4 0.649591 1 74
Merging: 5
3 0.658107 1 42
Merging: 5
2 0.663121 1 39
Merging: 1
1 0.667473 1 39
Merging: 1
5 0.671402 1 87
Merging: 5
4 0.678368 1 87
Merging: 20
3 0.684135 1 86
Merging: 5
2 0.689545 1 78
Merging: 20
1 0.694249 1 74
BOUND: 12 < 12, total time: 0.698552s
Actual search time: 0.137098s [t=0.69949s]
switch_on instrument6 satellite1 (1)
calibrate satellite1 instrument6 groundstation2 (1)
turn_to satellite1 planet11 groundstation2 (1)
take_image satellite1 planet11 instrument6 image1 (1)
turn_to satellite1 phenomenon9 planet11 (1)
take_image satellite1 phenomenon9 instrument6 image0 (1)
turn_to satellite1 phenomenon8 phenomenon9 (1)
take_image satellite1 phenomenon8 instrument6 image1 (1)
turn_to satellite1 star5 phenomenon8 (1)
take_image satellite1 star5 instrument6 image0 (1)
turn_to satellite1 star6 star5 (1)
take_image satellite1 star6 instrument6 image0 (1)
Plan length: 12 step(s).
Plan cost: 12
Bytes per state: 8
Search time: 0.153636s
Total time: 0.6995s
Solution found.
Peak memory: 224176 KB
Running single search parser
