INFO     Running translator.
INFO     translator input: ['domain.pddl', 'problem.pddl']
INFO     translator arguments: []
INFO     translator time limit: None
INFO     translator memory limit: None
INFO     callstring: /usr/bin/python /mnt/data_server/torralba/subdominization/training/data/training_satellite/code-70296b3db083/builds/release32/bin/translate/translate.py domain.pddl problem.pddl
Parsing...
Parsing: [0.010s CPU, 0.017s wall-clock]
Normalizing task... [0.000s CPU, 0.000s wall-clock]
Instantiating...
Generating Datalog program... [0.000s CPU, 0.001s wall-clock]
Normalizing Datalog program...
Normalizing Datalog program: [0.000s CPU, 0.041s wall-clock]
Preparing model... [0.010s CPU, 0.003s wall-clock]
Generated 31 rules.
Computing model... [0.030s CPU, 0.029s wall-clock]
1084 relevant atoms
228 auxiliary atoms
1312 final queue length
2123 total queue pushes
Completing instantiation... [0.040s CPU, 0.049s wall-clock]
Instantiating: [0.080s CPU, 0.157s wall-clock]
Computing fact groups...
Finding invariants...
12 initial candidates
Finding invariants: [0.000s CPU, 0.003s wall-clock]
Checking invariant weight... [0.000s CPU, 0.000s wall-clock]
Instantiating groups... [0.010s CPU, 0.000s wall-clock]
Collecting mutex groups... [0.000s CPU, 0.000s wall-clock]
Choosing groups...
48 uncovered facts
Choosing groups: [0.000s CPU, 0.000s wall-clock]
Building translation key... [0.000s CPU, 0.001s wall-clock]
Computing fact groups: [0.010s CPU, 0.006s wall-clock]
Building STRIPS to SAS dictionary... [0.000s CPU, 0.000s wall-clock]
Building dictionary for full mutex groups... [0.000s CPU, 0.000s wall-clock]
Building mutex information...
Building mutex information: [0.000s CPU, 0.000s wall-clock]
Translating task...
Processing axioms...
Simplifying axioms... [0.000s CPU, 0.000s wall-clock]
Processing axioms: [0.000s CPU, 0.002s wall-clock]
Translating task: [0.050s CPU, 0.050s wall-clock]
12 effect conditions simplified
0 implied preconditions added
Detecting unreachable propositions...
0 operators removed
0 axioms removed
2 propositions removed
Detecting unreachable propositions: [0.020s CPU, 0.028s wall-clock]
Translator variables: 50
Translator derived variables: 0
Translator facts: 134
Translator goal facts: 2
Translator mutex groups: 2
Translator total mutex groups size: 38
Translator operators: 855
Translator axioms: 0
Translator task size: 3116
Translator peak memory: 46856 KB
Writing output... [0.010s CPU, 0.125s wall-clock]
Done! [0.190s CPU, 0.386s wall-clock]
INFO     Running preprocessor (release32).
INFO     preprocessor input: output.sas
INFO     preprocessor arguments: []
INFO     preprocessor time limit: None
INFO     preprocessor memory limit: None
INFO     callstring: /mnt/data_server/torralba/subdominization/training/data/training_satellite/code-70296b3db083/builds/release32/bin/preprocess < output.sas
Building causal graph...
The causal graph is not acyclic.
14 variables of 50 necessary
0 of 2 mutex groups necessary.
711 of 855 operators necessary.
0 of 0 axiom rules necessary.
Initializing mutex computation...
Mutex computation initialized with 62 fluents.
iteration for mutex detection and operator pruning
Initialize m_index fw
Initialized mvalues forward: reached=196, notReached=2940, spurious=708
Initialize m_ops fw
Computing mutexes...
Mutex computation finished with reached=3120, notReached=16, spurious=708
0 operators are spurious because were not triggered
H^2 mutexes added fw: 16, unreachable: 0
0 of 711 operators detected as spurious
iteration for mutex detection and operator pruning
Initialize m_index bw
Init values regression
Initialized mvalues backward: reached=2880, notReached=240, spurious=724
Initialize m_ops bw
Computing mutexes...
Mutex computation finished with reached=3120, notReached=0, spurious=724
0 operators are spurious because were not triggered
H^2 mutexes added bw: 0, unreachable: 0
0 of 711 operators detected as spurious
Total mutex and disambiguation time: 0.0161 iterations: 2
8 of 8 mutex groups necessary.
711 of 711 operators necessary.
0 of 0 axiom rules necessary.
Change id of operators: 711
Change id of mutexes
Change id of goals
Change id of initial state
Remove unreachable facts from variables: 14
8 of 8 mutex groups necessary.
711 of 711 operators necessary.
0 of 0 axiom rules necessary.
Updating causal graph and pruning unnecessary facts
14 variables of 14 of 50 necessary
The causal graph is not acyclic.
14 variables of 14 necessary
8 of 8 mutex groups necessary.
711 of 711 operators necessary.
0 of 0 axiom rules necessary.
Building domain transition graphs...
solveable in poly time 0
Building successor generator...
Preprocessor variables: 14
Preprocessor facts: 62
Preprocessor derived variables: 0
Preprocessor operators: 711
Preprocessor mutex groups: 8
Preprocessor task size: 2266
Writing output...
Preprocessor time: 0.0388498s
Preprocessor peak memory: 2524 KB
done
INFO     Running search (release32).
INFO     search input: output
INFO     search arguments: ['--search', 'sbd(store_operators_in_optimal_plan=true, cost_type=1)']
INFO     search time limit: 3600s
INFO     search memory limit: 4096 MB
INFO     search executable: /mnt/data_server/torralba/subdominization/training/data/training_satellite/code-70296b3db083/builds/release32/bin/downward
INFO     callstring: /mnt/data_server/torralba/subdominization/training/data/training_satellite/code-70296b3db083/builds/release32/bin/downward --search 'sbd(store_operators_in_optimal_plan=true, cost_type=1)' --internal-plan-file sas_plan < output
time limit 3600.00 -> (3600, 3601)
reading input... [t=0.000162897s]
done reading input! [t=0.00503446s]
packing state variables...done! [t=0.00504743s]
Variables: 14
FactPairs: 62
Bytes per state: 4
Building successor generator...done! [t=0.00542484s]
done initalizing global data [t=0.00543238s]
TR(time=60000, nodes=100000)
Mutex(time=60000, nodes=100000, type=edeletion)
Aux(time=2000, nodes=1000000)
Disj(nodes=2147483647)
Estimation: min_time(1000) time_penalty +(1000)*(2) nodes_penalty +(1000)*(2)
MaxStep(time=30000, nodes=100000000, nodes_per_planning_second=100)
Ratio useful: 0
   Min alloted time: 60000 nodes: 10000000
   Max alloted time: 60000 nodes: 15000000
   Mult alloted time: 2 nodes: 2
   Ratio after relax: 0.8
building causal graph...done! [t=0.000101593s]
Sym variable order: 2 3 4 0 5 11 13 12 1 10 8 6 9 7 
Initializing Symbolic Variables
Num variables: 14 => 22
Initialize Symbolic Manager(44, 363636, 16000000, 0)
Generating binary variables
Symbolic Variables... Done.
BOUND: 1 < 2147483647, total time: 0.367252s
BOUND: 2 < 2147483647, total time: 0.367513s
BOUND: 3 < 2147483647, total time: 0.367902s
BOUND: 4 < 2147483647, total time: 0.36822s
BOUND: 5 < 2147483647, total time: 0.368639s
BOUND: 6 < 2147483647, total time: 0.369036s
BOUND: 7 < 2147483647, total time: 0.369594s
Solution found with cost 7 total time: 0.370024s
Merging: 1
4 0.377233 1 58
Merging: 18
3 0.386783 1 68
Merging: 11
2 0.398103 1 68
Merging: 13
1 0.40875 1 62
Merging: 1
3 0.419749 1 58
Merging: 8
2 0.424908 1 70
Merging: 4
1 0.430691 1 70
BOUND: 7 < 7, total time: 0.435205s
Actual search time: 0.0682659s [t=0.43557s]
turn_to satellite0 groundstation7 groundstation6 (1)
switch_on instrument0 satellite0 (1)
calibrate satellite0 instrument0 groundstation7 (1)
turn_to satellite0 planet15 groundstation7 (1)
take_image satellite0 planet15 instrument0 spectrograph0 (1)
turn_to satellite0 star18 planet15 (1)
take_image satellite0 star18 instrument0 spectrograph0 (1)
Plan length: 7 step(s).
Plan cost: 7
Bytes per state: 4
Search time: 0.0807631s
Total time: 0.435583s
Solution found.
Peak memory: 236076 KB
Running single search parser
