INFO     Running translator.
INFO     translator input: ['domain.pddl', 'problem.pddl']
INFO     translator arguments: []
INFO     translator time limit: None
INFO     translator memory limit: None
INFO     callstring: /usr/bin/python /mnt/data_server/torralba/subdominization/training/data/training_blocksworld/code-70296b3db083/builds/release32/bin/translate/translate.py domain.pddl problem.pddl
Parsing...
Parsing: [0.000s CPU, 0.006s wall-clock]
Normalizing task... [0.000s CPU, 0.000s wall-clock]
Instantiating...
Generating Datalog program... [0.000s CPU, 0.000s wall-clock]
Normalizing Datalog program...
Normalizing Datalog program: [0.010s CPU, 0.006s wall-clock]
Preparing model... [0.000s CPU, 0.001s wall-clock]
Generated 18 rules.
Computing model... [0.090s CPU, 0.091s wall-clock]
2757 relevant atoms
585 auxiliary atoms
3342 final queue length
8064 total queue pushes
Completing instantiation... [0.210s CPU, 0.216s wall-clock]
Instantiating: [0.310s CPU, 0.318s wall-clock]
Computing fact groups...
Finding invariants...
7 initial candidates
Finding invariants: [0.000s CPU, 0.003s wall-clock]
Checking invariant weight... [0.000s CPU, 0.000s wall-clock]
Instantiating groups... [0.000s CPU, 0.002s wall-clock]
Collecting mutex groups... [0.000s CPU, 0.000s wall-clock]
Choosing groups...
13 uncovered facts
Choosing groups: [0.000s CPU, 0.002s wall-clock]
Building translation key... [0.000s CPU, 0.001s wall-clock]
Computing fact groups: [0.010s CPU, 0.011s wall-clock]
Building STRIPS to SAS dictionary... [0.000s CPU, 0.000s wall-clock]
Building dictionary for full mutex groups... [0.000s CPU, 0.001s wall-clock]
Building mutex information...
Building mutex information: [0.000s CPU, 0.001s wall-clock]
Translating task...
Processing axioms...
Simplifying axioms... [0.000s CPU, 0.000s wall-clock]
Processing axioms: [0.010s CPU, 0.011s wall-clock]
Translating task: [0.230s CPU, 0.234s wall-clock]
2041 effect conditions simplified
0 implied preconditions added
Detecting unreachable propositions...
0 operators removed
0 axioms removed
13 propositions removed
Detecting unreachable propositions: [0.110s CPU, 0.108s wall-clock]
Translator variables: 26
Translator derived variables: 0
Translator facts: 208
Translator goal facts: 10
Translator mutex groups: 26
Translator total mutex groups size: 364
Translator operators: 2197
Translator axioms: 0
Translator task size: 15337
Translator peak memory: 60120 KB
Writing output... [0.040s CPU, 0.065s wall-clock]
Done! [0.710s CPU, 0.754s wall-clock]
INFO     Running preprocessor (release32).
INFO     preprocessor input: output.sas
INFO     preprocessor arguments: []
INFO     preprocessor time limit: None
INFO     preprocessor memory limit: None
INFO     callstring: /mnt/data_server/torralba/subdominization/training/data/training_blocksworld/code-70296b3db083/builds/release32/bin/preprocess < output.sas
Building causal graph...
The causal graph is not acyclic.
26 variables of 26 necessary
13 of 26 mutex groups necessary.
2197 of 2197 operators necessary.
0 of 0 axiom rules necessary.
Initializing mutex computation...
Mutex computation initialized with 208 fluents.
iteration for mutex detection and operator pruning
Initialize m_index fw
Initialized mvalues forward: reached=676, notReached=37830, spurious=4758
Initialize m_ops fw
Computing mutexes...
Mutex computation finished with reached=38350, notReached=156, spurious=4758
0 operators are spurious because were not triggered
H^2 mutexes added fw: 156, unreachable: 0
0 of 2197 operators detected as spurious
iteration for mutex detection and operator pruning
Initialize m_index bw
Init values regression
Initialized mvalues backward: reached=1366, notReached=36984, spurious=4914
Initialize m_ops bw
Computing mutexes...
Mutex computation finished with reached=33787, notReached=4563, spurious=4914
169 operators are spurious because were not triggered
Unreachable proposition: Atom on(b1, b1)
Unreachable proposition: Atom on(b10, b10)
Unreachable proposition: Atom on(b12, b12)
Unreachable proposition: Atom on(b11, b11)
Unreachable proposition: Atom on(b13, b13)
Unreachable proposition: Atom on(b2, b2)
Unreachable proposition: Atom on(b3, b3)
Unreachable proposition: Atom on(b4, b4)
Unreachable proposition: Atom on(b5, b5)
Unreachable proposition: Atom on(b6, b6)
Unreachable proposition: Atom on(b7, b7)
Unreachable proposition: Atom on(b8, b8)
Unreachable proposition: Atom on(b9, b9)
H^2 mutexes added bw: 0, unreachable: 13
0 of 2028 operators detected as spurious
iteration for mutex detection and operator pruning
Initialize m_index fw
Initialized mvalues forward: reached=676, notReached=33111, spurious=9477
Initialize m_ops fw
Computing mutexes...
Mutex computation finished with reached=33787, notReached=0, spurious=9477
0 operators are spurious because were not triggered
H^2 mutexes added fw: 0, unreachable: 0
0 of 2028 operators detected as spurious
Total mutex and disambiguation time: 0.323328 iterations: 3
91 of 91 mutex groups necessary.
2028 of 2197 operators necessary.
0 of 0 axiom rules necessary.
Change id of operators: 2028
Change id of mutexes
Change id of goals
Change id of initial state
Remove unreachable facts from variables: 26
91 of 91 mutex groups necessary.
2028 of 2028 operators necessary.
0 of 0 axiom rules necessary.
Updating causal graph and pruning unnecessary facts
26 variables of 26 of 26 necessary
The causal graph is not acyclic.
26 variables of 26 necessary
91 of 91 mutex groups necessary.
2028 of 2028 operators necessary.
0 of 0 axiom rules necessary.
Building domain transition graphs...
solveable in poly time 0
Building successor generator...
Preprocessor variables: 26
Preprocessor facts: 195
Preprocessor derived variables: 0
Preprocessor operators: 2028
Preprocessor mutex groups: 91
Preprocessor task size: 14284
Writing output...
Preprocessor time: 0.426293s
Preprocessor peak memory: 4124 KB
done
INFO     Running search (release32).
INFO     search input: output
INFO     search arguments: ['--search', 'sbd(store_operators_in_optimal_plan=true, cost_type=1)']
INFO     search time limit: 3600s
INFO     search memory limit: 4096 MB
INFO     search executable: /mnt/data_server/torralba/subdominization/training/data/training_blocksworld/code-70296b3db083/builds/release32/bin/downward
INFO     callstring: /mnt/data_server/torralba/subdominization/training/data/training_blocksworld/code-70296b3db083/builds/release32/bin/downward --search 'sbd(store_operators_in_optimal_plan=true, cost_type=1)' --internal-plan-file sas_plan < output
time limit 3600.00 -> (3600, 3601)
reading input... [t=0.000131158s]
done reading input! [t=0.0201419s]
packing state variables...done! [t=0.0201562s]
Variables: 26
FactPairs: 195
Bytes per state: 12
Building successor generator...done! [t=0.0240706s]
done initalizing global data [t=0.0240786s]
TR(time=60000, nodes=100000)
Mutex(time=60000, nodes=100000, type=edeletion)
Aux(time=2000, nodes=1000000)
Disj(nodes=2147483647)
Estimation: min_time(1000) time_penalty +(1000)*(2) nodes_penalty +(1000)*(2)
MaxStep(time=30000, nodes=100000000, nodes_per_planning_second=100)
Ratio useful: 0
   Min alloted time: 60000 nodes: 10000000
   Max alloted time: 60000 nodes: 15000000
   Mult alloted time: 2 nodes: 2
   Ratio after relax: 0.8
building causal graph...done! [t=0.0017159s]
Sym variable order: 0 1 2 22 18 17 19 3 8 9 10 11 12 13 14 15 5 7 4 6 16 21 20 23 24 25 
Initializing Symbolic Variables
Num variables: 26 => 65
Initialize Symbolic Manager(130, 123076, 16000000, 0)
Generating binary variables
Symbolic Variables... Done.
BOUND: 1 < 2147483647, total time: 14.6696s
BOUND: 2 < 2147483647, total time: 14.6728s
BOUND: 3 < 2147483647, total time: 14.6858s
BOUND: 4 < 2147483647, total time: 14.6893s
BOUND: 5 < 2147483647, total time: 14.6989s
BOUND: 6 < 2147483647, total time: 14.7195s
BOUND: 7 < 2147483647, total time: 14.7742s
BOUND: 8 < 2147483647, total time: 14.8127s
BOUND: 9 < 2147483647, total time: 15.0187s
BOUND: 10 < 2147483647, total time: 15.1845s
BOUND: 11 < 2147483647, total time: 16.013s
BOUND: 12 < 2147483647, total time: 16.7276s
BOUND: 13 < 2147483647, total time: 19.6938s
BOUND: 14 < 2147483647, total time: 22.8379s
BOUND: 15 < 2147483647, total time: 35.2554s
BOUND: 16 < 2147483647, total time: 54.2397s
BOUND: 17 < 2147483647, total time: 123.723s
BOUND: 18 < 2147483647, total time: 207.609s
BOUND: 19 < 2147483647, total time: 488.171s
Solution found with cost 19 total time: 728.795s
Merging: 1
10 737.127 1 1602
Merging: 1
9 738.163 1 1602
Merging: 12
8 739.246 1 2978
Merging: 19
7 741.459 1 2822
Merging: 22
6 743.465 1 2711
Merging: 26
5 745.448 1 1596
Merging: 21
4 746.57 1 863
Merging: 23
3 747.174 1 517
Merging: 17
2 747.494 1 201
Merging: 9
1 747.607 1 109
Merging: 1
9 747.673 1 1602
Merging: 9
8 747.801 1 2247
Merging: 17
7 748 1 2387
Merging: 24
6 748.209 1 2224
Merging: 28
5 748.382 1 1636
Merging: 27
4 748.5 1 977
Merging: 23
3 748.571 1 630
Merging: 18
2 748.624 1 328
Merging: 8
1 748.654 1 223
BOUND: 19 < 19, total time: 748.675s
Solution found with cost 19 total time: 748.819s
Merging: 1
10 748.819 1 2486
Merging: 21
9 750.716 1 4547
Merging: 28
8 754.669 1 3735
Merging: 31
7 757.945 1 3503
Merging: 28
6 760.49 1 3340
Merging: 28
5 762.788 1 1900
Merging: 23
4 764.019 1 987
Merging: 25
3 764.666 1 558
Merging: 19
2 764.976 1 201
Merging: 9
1 765.075 1 109
Merging: 1
9 765.135 1 2486
Merging: 13
8 765.422 1 3162
Merging: 21
7 765.653 1 2795
Merging: 18
6 765.842 1 2422
Merging: 23
5 765.988 1 1838
Merging: 26
4 766.079 1 1008
Merging: 25
3 766.126 1 485
Merging: 19
2 766.15 1 234
Merging: 10
1 766.164 1 122
Solution found with cost 19 total time: 766.23s
Merging: 1
10 766.23 1 1079
Merging: 24
9 766.955 1 2726
Merging: 27
8 769.281 1 2876
Merging: 26
7 771.646 1 2849
Merging: 24
6 773.788 1 2771
Merging: 25
5 775.864 1 1781
Merging: 21
4 777.121 1 977
Merging: 24
3 783.537 1 567
Merging: 19
2 783.869 1 201
Merging: 9
1 783.98 1 109
Merging: 1
9 784.044 1 1079
Merging: 13
8 784.149 1 1434
Merging: 13
7 784.25 1 1136
Merging: 9
6 784.317 1 1241
Merging: 9
5 784.382 1 1073
Merging: 14
4 784.429 1 723
Merging: 15
3 784.461 1 375
Merging: 14
2 784.495 1 195
Merging: 8
1 784.51 1 122
Solution found with cost 19 total time: 784.549s
Merging: 1
10 784.549 1 659
Merging: 21
9 784.965 1 1880
Merging: 23
8 786.57 1 2529
Merging: 23
7 788.678 1 2672
Merging: 22
6 790.678 1 2727
Merging: 24
5 792.797 1 1781
Merging: 21
4 794.121 1 977
Merging: 24
3 794.77 1 567
Merging: 19
2 795.052 1 201
Merging: 9
1 795.147 1 109
Merging: 1
9 795.201 1 659
Merging: 13
8 795.259 1 1126
Merging: 13
7 795.323 1 855
Merging: 7
6 795.366 1 1025
Merging: 7
5 795.411 1 964
Merging: 13
4 795.444 1 654
Merging: 13
3 795.468 1 342
Merging: 12
2 795.484 1 177
Merging: 7
1 795.497 1 122
Solution found with cost 19 total time: 795.546s
Merging: 1
10 795.546 1 82
Merging: 5
9 795.595 1 143
Merging: 10
8 795.674 1 212
Merging: 12
7 795.813 1 360
Merging: 10
6 796.057 1 392
Merging: 6
5 796.297 1 334
Merging: 3
4 796.495 1 332
Merging: 7
3 796.694 1 232
Merging: 6
2 796.825 1 82
Merging: 1
1 796.89 1 82
Merging: 1
9 796.937 1 82
Merging: 6
8 796.95 1 198
Merging: 5
7 796.969 1 419
Merging: 1
6 797 1 419
Merging: 7
5 797.03 1 460
Merging: 7
4 797.056 1 351
Merging: 10
3 797.075 1 273
Merging: 10
2 797.092 1 132
Merging: 6
1 797.103 1 111
Solution found with cost 19 total time: 797.174s
Merging: 1
10 797.174 1 66
Merging: 6
9 797.216 1 154
Merging: 11
8 797.31 1 253
Merging: 13
7 797.486 1 474
Merging: 11
6 797.798 1 485
Merging: 6
5 798.094 1 436
Merging: 3
4 798.344 1 434
Merging: 8
3 798.608 1 260
Merging: 7
2 798.749 1 125
Merging: 6
1 798.822 1 109
Merging: 1
9 798.872 1 66
Merging: 6
8 798.884 1 153
Merging: 5
7 798.902 1 387
Merging: 1
6 798.929 1 387
Merging: 7
5 798.957 1 424
Merging: 7
4 798.981 1 332
Merging: 10
3 799 1 239
Merging: 9
2 799.016 1 116
Merging: 5
1 799.027 1 111
Solution found with cost 19 total time: 799.049s
Merging: 1
10 799.049 1 959
Merging: 16
9 799.717 1 2601
Merging: 23
8 801.943 1 2806
Merging: 27
7 804.364 1 2574
Merging: 24
6 806.37 1 2507
Merging: 24
5 814.007 1 1666
Merging: 20
4 815.228 1 897
Merging: 23
3 815.856 1 483
Merging: 17
2 816.167 1 201
Merging: 9
1 816.285 1 109
Merging: 1
9 816.352 1 959
Merging: 11
8 816.497 1 1321
Merging: 20
7 816.64 1 1119
Merging: 17
6 816.748 1 1025
Merging: 17
5 816.841 1 1042
Merging: 20
4 816.917 1 715
Merging: 20
3 816.966 1 426
Merging: 17
2 816.997 1 234
Merging: 10
1 817.015 1 122
Solution found with cost 19 total time: 817.05s
Merging: 1
10 817.05 1 335
Merging: 12
9 817.251 1 406
Merging: 19
8 817.492 1 1045
Merging: 19
7 818.292 1 1306
Merging: 18
6 819.304 1 1363
Merging: 13
5 820.281 1 1268
Merging: 15
4 821.093 1 736
Merging: 15
3 821.562 1 404
Merging: 16
2 821.822 1 201
Merging: 9
1 821.923 1 109
Merging: 1
9 821.978 1 335
Merging: 16
8 822.02 1 822
Merging: 9
7 822.09 1 518
Merging: 1
6 822.119 1 518
Merging: 7
5 822.156 1 555
Merging: 7
4 822.186 1 445
Merging: 10
3 822.21 1 290
Merging: 10
2 822.227 1 139
Merging: 7
1 822.238 1 111
Solution found with cost 19 total time: 822.371s
Merging: 1
10 822.371 1 573
Merging: 5
9 822.722 1 1313
Merging: 14
8 823.652 1 1184
Merging: 17
7 824.548 1 1052
Merging: 16
6 825.232 1 1062
Merging: 15
5 825.881 1 980
Merging: 14
4 826.437 1 575
Merging: 13
3 826.753 1 337
Merging: 13
2 826.95 1 201
Merging: 9
1 827.047 1 109
Merging: 1
9 827.101 1 573
Merging: 1
8 827.177 1 573
Merging: 8
7 827.245 1 649
Merging: 8
6 827.306 1 506
Merging: 7
5 827.352 1 530
Merging: 14
4 827.39 1 438
Merging: 16
3 827.418 1 350
Merging: 14
2 827.439 1 215
Merging: 9
1 827.452 1 122
Solution found with cost 19 total time: 827.482s
Merging: 1
10 827.482 1 1079
Merging: 24
9 828.205 1 2726
Merging: 27
8 830.577 1 2876
Merging: 26
7 832.92 1 2849
Merging: 24
6 834.897 1 2771
Merging: 25
5 836.901 1 1781
Merging: 21
4 838.041 1 977
Merging: 24
3 838.697 1 567
Merging: 19
2 839.027 1 201
Merging: 9
1 839.131 1 109
Merging: 1
9 839.189 1 1079
Merging: 13
8 839.301 1 1434
Merging: 13
7 839.398 1 1136
Merging: 9
6 839.47 1 1241
Merging: 9
5 839.53 1 1073
Merging: 14
4 839.576 1 723
Merging: 15
3 839.605 1 375
Merging: 14
2 839.621 1 195
Merging: 8
1 839.631 1 122
Solution found with cost 19 total time: 839.686s
Merging: 1
10 839.686 1 536
Merging: 18
9 839.961 1 777
Merging: 24
8 840.498 1 1255
Merging: 22
7 841.463 1 1173
Merging: 18
6 842.3 1 1194
Merging: 12
5 843.08 1 1076
Merging: 14
4 843.784 1 667
Merging: 13
3 844.176 1 368
Merging: 15
2 844.406 1 179
Merging: 8
1 844.513 1 109
Merging: 1
9 844.568 1 536
Merging: 10
8 844.613 1 1413
Merging: 10
7 844.706 1 1089
Merging: 9
6 844.767 1 1190
Merging: 9
5 844.828 1 1020
Merging: 14
4 844.874 1 735
Merging: 16
3 844.905 1 415
Merging: 14
2 844.925 1 202
Merging: 8
1 844.939 1 121
Solution found with cost 19 total time: 844.986s
Merging: 1
10 844.986 1 193
Merging: 13
9 845.095 1 422
Merging: 19
8 845.377 1 824
Merging: 18
7 851.705 1 921
Merging: 15
6 852.394 1 942
Merging: 9
5 853.103 1 891
Merging: 12
4 853.76 1 592
Merging: 11
3 854.167 1 329
Merging: 14
2 854.393 1 155
Merging: 7
1 854.495 1 109
Merging: 1
9 854.561 1 193
Merging: 10
8 854.589 1 595
Merging: 10
7 854.645 1 464
Merging: 4
6 854.679 1 664
Merging: 4
5 854.722 1 749
Merging: 10
4 854.76 1 596
Merging: 13
3 854.788 1 332
Merging: 11
2 854.808 1 165
Merging: 6
1 854.822 1 122
Solution found with cost 19 total time: 854.876s
Merging: 1
10 854.876 1 2737
Merging: 31
9 856.784 1 4892
Merging: 34
8 860.944 1 3722
Merging: 32
7 863.93 1 3419
Merging: 28
6 866.487 1 3249
Merging: 27
5 868.96 1 1963
Merging: 23
4 870.332 1 1012
Merging: 25
3 871.016 1 567
Merging: 19
2 871.349 1 201
Merging: 9
1 871.456 1 109
Merging: 1
9 871.511 1 2737
Merging: 21
8 871.775 1 3306
Merging: 22
7 872.033 1 3226
Merging: 18
6 872.259 1 2793
Merging: 24
5 872.439 1 2115
Merging: 27
4 872.547 1 1167
Merging: 25
3 872.606 1 582
Merging: 20
2 872.639 1 267
Merging: 11
1 872.657 1 140
Solution found with cost 19 total time: 872.788s
Merging: 1
10 872.788 1 2428
Merging: 31
9 874.453 1 4247
Merging: 34
8 877.89 1 3375
Merging: 32
7 880.405 1 3160
Merging: 28
6 882.618 1 2990
Merging: 27
5 884.856 1 1854
Merging: 23
4 886.115 1 993
Merging: 25
3 886.762 1 567
Merging: 19
2 887.057 1 201
Merging: 9
1 887.154 1 109
Merging: 1
9 887.21 1 2428
Merging: 21
8 887.375 1 2963
Merging: 22
7 893.159 1 2966
Merging: 18
6 893.362 1 2744
Merging: 24
5 893.526 1 2115
Merging: 27
4 893.631 1 1167
Merging: 25
3 893.686 1 582
Merging: 20
2 893.719 1 267
Merging: 11
1 893.737 1 140
Solution found with cost 19 total time: 893.827s
Merging: 1
10 893.827 1 531
Merging: 19
9 894.193 1 1337
Merging: 21
8 895.254 1 1616
Merging: 20
7 896.691 1 1716
Merging: 19
6 898.07 1 1771
Merging: 19
5 899.513 1 1326
Merging: 18
4 900.504 1 849
Merging: 22
3 901.141 1 551
Merging: 18
2 901.482 1 201
Merging: 9
1 901.597 1 109
Merging: 1
9 901.663 1 531
Merging: 14
8 901.739 1 844
Merging: 16
7 901.82 1 1037
Merging: 12
6 901.913 1 1064
Merging: 14
5 901.988 1 999
Merging: 17
4 902.047 1 676
Merging: 17
3 902.086 1 373
Merging: 13
2 902.109 1 175
Merging: 6
1 902.123 1 122
Actual search time: 888.468s [t=903.139s]
move-b-to-b b13 b3 b11 (1)
move-b-to-t b3 b6 (1)
move-b-to-t b6 b12 (1)
move-b-to-t b12 b10 (1)
move-b-to-t b10 b1 (1)
move-b-to-b b5 b4 b3 (1)
move-b-to-b b4 b9 b12 (1)
move-b-to-b b9 b7 b1 (1)
move-b-to-b b13 b11 b10 (1)
move-b-to-b b7 b2 b13 (1)
move-b-to-b b4 b12 b7 (1)
move-t-to-b b2 b12 (1)
move-t-to-b b11 b2 (1)
move-b-to-b b9 b1 b11 (1)
move-b-to-b b1 b8 b4 (1)
move-b-to-b b5 b3 b9 (1)
move-t-to-b b3 b5 (1)
move-t-to-b b6 b1 (1)
move-t-to-b b8 b6 (1)
Plan length: 19 step(s).
Plan cost: 19
Bytes per state: 12
Search time: 902.707s
Total time: 903.139s
Solution found.
Peak memory: 1264156 KB
Running single search parser
