INFO     Running translator.
INFO     translator input: ['domain.pddl', 'problem.pddl']
INFO     translator arguments: []
INFO     translator time limit: None
INFO     translator memory limit: None
INFO     callstring: /usr/bin/python /mnt/data_server/torralba/subdominization/training/data/training_agricola/code-70296b3db083/builds/release32/bin/translate/translate.py domain.pddl problem.pddl
Parsing...
Parsing: [0.030s CPU, 0.046s wall-clock]
Normalizing task... [0.000s CPU, 0.001s wall-clock]
Instantiating...
Generating Datalog program... [0.000s CPU, 0.006s wall-clock]
Normalizing Datalog program...
Normalizing Datalog program: [0.020s CPU, 0.020s wall-clock]
Preparing model... [0.020s CPU, 0.016s wall-clock]
Generated 258 rules.
Computing model... [0.520s CPU, 0.528s wall-clock]
13036 relevant atoms
1326 auxiliary atoms
14362 final queue length
48311 total queue pushes
Completing instantiation... [2.820s CPU, 2.834s wall-clock]
Instantiating: [3.390s CPU, 3.458s wall-clock]
Computing fact groups...
Finding invariants...
44 initial candidates
Finding invariants: [0.100s CPU, 0.095s wall-clock]
Checking invariant weight... [0.000s CPU, 0.000s wall-clock]
Instantiating groups... [0.000s CPU, 0.002s wall-clock]
Collecting mutex groups... [0.000s CPU, 0.000s wall-clock]
Choosing groups...
104 uncovered facts
Choosing groups: [0.000s CPU, 0.000s wall-clock]
Building translation key... [0.000s CPU, 0.001s wall-clock]
Computing fact groups: [0.100s CPU, 0.101s wall-clock]
Building STRIPS to SAS dictionary... [0.000s CPU, 0.000s wall-clock]
Building dictionary for full mutex groups... [0.000s CPU, 0.000s wall-clock]
Building mutex information...
Building mutex information: [0.010s CPU, 0.000s wall-clock]
Translating task...
Processing axioms...
Simplifying axioms... [0.000s CPU, 0.000s wall-clock]
Processing axioms: [0.090s CPU, 0.092s wall-clock]
Translating task: [2.080s CPU, 2.094s wall-clock]
13517 effect conditions simplified
0 implied preconditions added
Detecting unreachable propositions...
0 operators removed
0 axioms removed
33 propositions removed
Detecting unreachable propositions: [1.010s CPU, 1.017s wall-clock]
Translator variables: 98
Translator derived variables: 0
Translator facts: 215
Translator goal facts: 1
Translator mutex groups: 5
Translator total mutex groups size: 29
Translator operators: 12439
Translator axioms: 0
Translator task size: 138760
Translator peak memory: 171308 KB
Writing output... [0.280s CPU, 0.339s wall-clock]
Done! [6.960s CPU, 7.121s wall-clock]
INFO     Running preprocessor (release32).
INFO     preprocessor input: output.sas
INFO     preprocessor arguments: []
INFO     preprocessor time limit: None
INFO     preprocessor memory limit: None
INFO     callstring: /mnt/data_server/torralba/subdominization/training/data/training_agricola/code-70296b3db083/builds/release32/bin/preprocess < output.sas
Building causal graph...
The causal graph is not acyclic.
92 variables of 98 necessary
0 of 5 mutex groups necessary.
12439 of 12439 operators necessary.
0 of 0 axiom rules necessary.
Initializing mutex computation...
Mutex computation initialized with 203 fluents.
iteration for mutex detection and operator pruning
Initialize m_index fw
Initialized mvalues forward: reached=8464, notReached=32271, spurious=474
Initialize m_ops fw
Computing mutexes...
Mutex computation finished with reached=36203, notReached=4532, spurious=474
8337 operators are spurious because were not triggered
Unreachable proposition: Atom harvest_phase(stage4, harvest_feeding)
Unreachable proposition: Atom harvest_phase(stage4, harvest_breeding)
H^2 mutexes added fw: 3728, unreachable: 2
0 of 4102 operators detected as spurious
iteration for mutex detection and operator pruning
Initialize m_index bw
Init values regression
Initialized mvalues backward: reached=23561, notReached=12642, spurious=5006
Initialize m_ops bw
Computing mutexes...
Mutex computation finished with reached=36179, notReached=24, spurious=5006
0 operators are spurious because were not triggered
H^2 mutexes added bw: 24, unreachable: 0
0 of 4102 operators detected as spurious
iteration for mutex detection and operator pruning
Initialize m_index fw
Initialized mvalues forward: reached=8464, notReached=27715, spurious=5030
Initialize m_ops fw
Computing mutexes...
Mutex computation finished with reached=36179, notReached=0, spurious=5030
0 operators are spurious because were not triggered
H^2 mutexes added fw: 0, unreachable: 0
0 of 4102 operators detected as spurious
Total mutex and disambiguation time: 1.8268 iterations: 3
1876 of 1876 mutex groups necessary.
4102 of 12439 operators necessary.
0 of 0 axiom rules necessary.
Change id of operators: 4102
Change id of mutexes
Change id of goals
Change id of initial state
Remove unreachable facts from variables: 92
1876 of 1876 mutex groups necessary.
4102 of 4102 operators necessary.
0 of 0 axiom rules necessary.
Updating causal graph and pruning unnecessary facts
90 variables of 92 of 98 necessary
The causal graph is not acyclic.
89 variables of 90 necessary
1825 of 1876 mutex groups necessary.
4102 of 4102 operators necessary.
0 of 0 axiom rules necessary.
Building domain transition graphs...
solveable in poly time 0
Building successor generator...
Preprocessor variables: 89
Preprocessor facts: 197
Preprocessor derived variables: 0
Preprocessor operators: 4102
Preprocessor mutex groups: 1825
Preprocessor task size: 45733
Writing output...
Preprocessor time: 2.35209s
Preprocessor peak memory: 31012 KB
done
INFO     Running search (release32).
INFO     search input: output
INFO     search arguments: ['--search', 'sbw(store_operators_in_optimal_plan=true, cost_type=1)']
INFO     search time limit: 3600s
INFO     search memory limit: 4096 MB
INFO     search executable: /mnt/data_server/torralba/subdominization/training/data/training_agricola/code-70296b3db083/builds/release32/bin/downward
INFO     callstring: /mnt/data_server/torralba/subdominization/training/data/training_agricola/code-70296b3db083/builds/release32/bin/downward --search 'sbw(store_operators_in_optimal_plan=true, cost_type=1)' --internal-plan-file sas_plan < output
time limit 3600.00 -> (3600, 3601)
reading input... [t=0.000107541s]
done reading input! [t=0.0688717s]
packing state variables...done! [t=0.0689029s]
Variables: 89
FactPairs: 197
Bytes per state: 12
Building successor generator...done! [t=0.0893988s]
done initalizing global data [t=0.0894181s]
TR(time=60000, nodes=100000)
Mutex(time=60000, nodes=100000, type=edeletion)
Aux(time=2000, nodes=1000000)
Disj(nodes=2147483647)
Estimation: min_time(1000) time_penalty +(1000)*(2) nodes_penalty +(1000)*(2)
MaxStep(time=30000, nodes=100000000, nodes_per_planning_second=100)
Ratio useful: 0
   Min alloted time: 60000 nodes: 10000000
   Max alloted time: 60000 nodes: 15000000
   Mult alloted time: 2 nodes: 2
   Ratio after relax: 0.8
building causal graph...done! [t=0.00705147s]
Sym variable order: 4 13 16 17 14 15 12 24 32 36 18 38 37 40 34 35 33 60 56 45 43 42 44 54 82 63 70 72 67 75 74 85 23 9 55 62 25 61 86 26 27 28 29 65 41 66 39 30 31 64 22 21 20 68 69 71 73 59 58 57 53 87 78 77 76 84 52 83 3 2 0 11 10 8 1 7 19 81 80 79 48 47 46 50 51 49 6 5 88 
Initializing Symbolic Variables
Num variables: 89 => 95
Initialize Symbolic Manager(190, 84210, 16000000, 0)
Generating binary variables
Symbolic Variables... Done.
BOUND: 1 < 2147483647, total time: 1.83216s
BOUND: 2 < 2147483647, total time: 1.83962s
BOUND: 3 < 2147483647, total time: 1.84134s
BOUND: 4 < 2147483647, total time: 1.84288s
BOUND: 5 < 2147483647, total time: 1.84472s
BOUND: 6 < 2147483647, total time: 1.84717s
BOUND: 7 < 2147483647, total time: 1.85306s
BOUND: 8 < 2147483647, total time: 1.87862s
BOUND: 9 < 2147483647, total time: 1.92927s
BOUND: 10 < 2147483647, total time: 1.98457s
BOUND: 11 < 2147483647, total time: 2.01845s
BOUND: 12 < 2147483647, total time: 2.03912s
BOUND: 13 < 2147483647, total time: 2.07205s
BOUND: 14 < 2147483647, total time: 2.14194s
BOUND: 15 < 2147483647, total time: 2.22778s
BOUND: 16 < 2147483647, total time: 2.29026s
BOUND: 17 < 2147483647, total time: 2.31764s
BOUND: 18 < 2147483647, total time: 2.32567s
BOUND: 19 < 2147483647, total time: 2.33264s
BOUND: 20 < 2147483647, total time: 2.34153s
BOUND: 21 < 2147483647, total time: 2.35842s
BOUND: 22 < 2147483647, total time: 2.38308s
BOUND: 23 < 2147483647, total time: 2.41548s
BOUND: 24 < 2147483647, total time: 2.45429s
BOUND: 25 < 2147483647, total time: 2.49888s
BOUND: 26 < 2147483647, total time: 2.54426s
BOUND: 27 < 2147483647, total time: 2.57691s
BOUND: 28 < 2147483647, total time: 2.59567s
BOUND: 29 < 2147483647, total time: 2.61233s
BOUND: 30 < 2147483647, total time: 2.63941s
BOUND: 31 < 2147483647, total time: 2.67508s
BOUND: 32 < 2147483647, total time: 2.7054s
BOUND: 33 < 2147483647, total time: 2.72152s
BOUND: 34 < 2147483647, total time: 2.72828s
BOUND: 35 < 2147483647, total time: 2.7383s
BOUND: 36 < 2147483647, total time: 2.75032s
BOUND: 37 < 2147483647, total time: 2.75954s
BOUND: 38 < 2147483647, total time: 2.767s
BOUND: 39 < 2147483647, total time: 2.77389s
BOUND: 40 < 2147483647, total time: 2.78202s
BOUND: 41 < 2147483647, total time: 2.78876s
BOUND: 42 < 2147483647, total time: 2.79406s
BOUND: 43 < 2147483647, total time: 2.79892s
BOUND: 44 < 2147483647, total time: 2.80877s
BOUND: 45 < 2147483647, total time: 2.82072s
BOUND: 46 < 2147483647, total time: 2.83186s
BOUND: 47 < 2147483647, total time: 2.84145s
BOUND: 48 < 2147483647, total time: 2.84892s
BOUND: 49 < 2147483647, total time: 2.85543s
BOUND: 50 < 2147483647, total time: 2.86183s
BOUND: 51 < 2147483647, total time: 2.86797s
BOUND: 52 < 2147483647, total time: 2.87341s
BOUND: 53 < 2147483647, total time: 2.87908s
BOUND: 54 < 2147483647, total time: 2.88435s
Solution found with cost 54 total time: 2.88798s
Merging: 1
54 3.20166 1 96
Merging: 8
53 3.21354 1 269
Merging: 8
52 3.24118 1 590
Merging: 1
51 3.28517 1 590
Merging: 4
50 3.32194 1 143
Merging: 1
49 3.33751 1 143
Merging: 12
48 3.35437 1 525
Merging: 12
47 3.39677 1 1288
Merging: 1
46 3.46259 1 1288
Merging: 4
45 3.53429 1 266
Merging: 1
44 3.5519 1 266
Merging: 16
43 3.57517 1 1064
Merging: 16
42 3.6329 1 2156
Merging: 1
41 3.70853 1 2156
Merging: 4
40 3.80319 1 323
Merging: 1
39 3.82118 1 323
Merging: 19
38 3.84575 1 1356
Merging: 19
37 3.91374 1 2108
Merging: 1
36 3.99342 1 2108
Merging: 4
35 4.0747 1 305
Merging: 7
34 4.09814 1 471
Merging: 2
33 4.12978 1 474
Merging: 9
32 4.16228 1 551
Merging: 2
31 4.1944 1 577
Merging: 21
30 4.22925 1 1643
Merging: 42
29 4.33232 1 6403
Merging: 23
28 4.59419 1 9768
Merging: 5
27 5.01364 1 5819
Merging: 5
26 5.29804 1 1117
Merging: 25
25 5.33984 1 3258
Merging: 49
24 5.47828 1 10180
Merging: 26
23 5.73062 1 13642
Merging: 5
22 6.09058 1 7072
Merging: 5
21 6.27772 1 1750
Merging: 26
20 6.32306 1 4160
Merging: 49
19 6.46633 1 9202
Merging: 26
18 6.71729 1 12972
Merging: 5
17 7.03075 1 8396
Merging: 10
16 7.2293 1 1697
Merging: 1
15 7.27455 1 1697
Merging: 5
14 7.31741 1 1260
Merging: 1
13 7.36067 1 1260
Merging: 1
12 7.40115 1 1260
Merging: 27
11 7.46454 1 5885
Merging: 54
10 7.73486 1 10459
Merging: 1
9 8.00555 1 10459
Merging: 4
8 8.33257 1 1608
Merging: 1
7 8.35345 1 1608
Merging: 73
6 8.41307 1 4884
Merging: 73
5 8.60662 1 8820
Merging: 1
4 8.76064 1 8820
Merging: 4
3 8.93404 1 1256
Merging: 1
2 8.96526 1 1256
Merging: 9
1 8.99536 1 1272
BOUND: 54 < 54, total time: 9.02597s
Actual search time: 7.19613s [t=9.02835s]
collect_resource worker2 worker1 worker2 round1 act_clay clay (60)
collect_resource worker1 noworker worker2 round1 act_reed reed (60)
ag__finish_round_backhome round1 worker2 (1)
ag__finish_round_renew round1 noworker (1)
ag__advance_round_normal round1 round2 act_family (1)
collect_resource worker2 worker1 worker2 round2 act_clay clay (60)
plow_field worker1 noworker worker2 round2 (60)
ag__finish_round_backhome round2 worker2 (1)
ag__finish_round_renew round2 noworker (1)
ag__advance_round_normal round2 round3 act_fences (1)
take_food worker2 worker1 worker2 round3 num0 num1 (60)
take_grain worker1 noworker worker2 round3 carrot (60)
ag__finish_round_backhome round3 worker2 (1)
ag__finish_round_renew round3 noworker (1)
ag__advance_round_normal round3 round4 act_sheep (1)
sow worker2 worker1 worker2 round4 carrot (60)
take_food worker1 noworker worker2 round4 num1 num2 (60)
ag__finish_round_backhome round4 worker2 (1)
ag__finish_round_renew round4 noworker (1)
ag__harvest_collecting_veg round4 stage1 carrot num2 num4 num5 (1)
ag__harvest_collect_end round4 stage1 (1)
ag__harvest_feed round4 stage1 worker2 num5 num4 num1 (1)
ag__harvest_breed_end round4 stage1 (1)
ag__finish_stage stage1 stage2 round4 round5 act_boar (1)
build_fences boar worker2 worker1 worker2 round5 (60)
take_food worker1 noworker worker2 round5 num1 num2 (60)
ag__finish_round_backhome round5 worker2 (1)
ag__finish_round_renew round5 noworker (1)
ag__advance_round_normal round5 round6 act_cattle (1)
build_fences boar worker2 worker1 worker2 round6 (60)
take_food worker1 noworker worker2 round6 num2 num3 (60)
ag__finish_round_backhome round6 worker2 (1)
ag__finish_round_renew round6 noworker (1)
ag__advance_round_normal round6 round7 act_carrot (1)
build_fences boar worker2 worker1 worker2 round7 (60)
take_food worker1 noworker worker2 round7 num3 num4 (60)
ag__finish_round_backhome round7 worker2 (1)
ag__finish_round_renew round7 noworker (1)
ag__harvest_collect_end round7 stage2 (1)
ag__harvest_feed round7 stage2 worker2 num4 num4 num0 (1)
ag__harvest_breed_end round7 stage2 (1)
ag__finish_stage stage2 stage3 round7 round8 act_improve (1)
collect_resource worker2 worker1 worker2 round8 act_stone stone (60)
improve_home worker1 noworker worker2 round8 fireplace (60)
ag__finish_round_backhome round8 worker2 (1)
ag__finish_round_renew round8 noworker (1)
ag__advance_round_normal round8 round9 void (1)
collect_cook_animal boar act_boar worker2 worker1 worker2 round9 num0 num2 (60)
collect_cook_animal boar act_cattle worker1 noworker worker2 round9 num2 num4 (60)
ag__finish_round_backhome round9 worker2 (1)
ag__finish_round_renew round9 noworker (1)
ag__harvest_collect_end round9 stage3 (1)
ag__harvest_feed round9 stage3 worker2 num4 num4 num0 (1)
ag__harvest_breed_end round9 stage3 (1)
Plan length: 54 step(s).
Plan cost: 1116
Bytes per state: 12
Search time: 7.61567s
Total time: 9.02836s
Solution found.
Peak memory: 302520 KB
Running single search parser
