INFO     Running translator.
INFO     translator input: ['domain.pddl', 'problem.pddl']
INFO     translator arguments: []
INFO     translator time limit: None
INFO     translator memory limit: None
INFO     callstring: /usr/bin/python /mnt/data_server/torralba/subdominization/training/data/training_satellite/code-70296b3db083/builds/release32/bin/translate/translate.py domain.pddl problem.pddl
Parsing...
Parsing: [0.010s CPU, 0.124s wall-clock]
Normalizing task... [0.000s CPU, 0.000s wall-clock]
Instantiating...
Generating Datalog program... [0.000s CPU, 0.001s wall-clock]
Normalizing Datalog program...
Normalizing Datalog program: [0.010s CPU, 3.268s wall-clock]
Preparing model... [0.000s CPU, 0.002s wall-clock]
Generated 31 rules.
Computing model... [0.010s CPU, 0.012s wall-clock]
680 relevant atoms
195 auxiliary atoms
875 final queue length
1314 total queue pushes
Completing instantiation... [0.020s CPU, 0.019s wall-clock]
Instantiating: [0.040s CPU, 3.333s wall-clock]
Computing fact groups...
Finding invariants...
12 initial candidates
Finding invariants: [0.000s CPU, 0.002s wall-clock]
Checking invariant weight... [0.000s CPU, 0.000s wall-clock]
Instantiating groups... [0.000s CPU, 0.000s wall-clock]
Collecting mutex groups... [0.000s CPU, 0.000s wall-clock]
Choosing groups...
47 uncovered facts
Choosing groups: [0.000s CPU, 0.000s wall-clock]
Building translation key... [0.000s CPU, 0.000s wall-clock]
Computing fact groups: [0.000s CPU, 0.004s wall-clock]
Building STRIPS to SAS dictionary... [0.000s CPU, 0.000s wall-clock]
Building dictionary for full mutex groups... [0.000s CPU, 0.000s wall-clock]
Building mutex information...
Building mutex information: [0.000s CPU, 0.000s wall-clock]
Translating task...
Processing axioms...
Simplifying axioms... [0.000s CPU, 0.000s wall-clock]
Processing axioms: [0.010s CPU, 0.001s wall-clock]
Translating task: [0.020s CPU, 0.017s wall-clock]
12 effect conditions simplified
0 implied preconditions added
Detecting unreachable propositions...
0 operators removed
0 axioms removed
3 propositions removed
Detecting unreachable propositions: [0.010s CPU, 0.009s wall-clock]
Translator variables: 50
Translator derived variables: 0
Translator facts: 130
Translator goal facts: 7
Translator mutex groups: 3
Translator total mutex groups size: 36
Translator operators: 480
Translator axioms: 0
Translator task size: 1823
Translator peak memory: 45208 KB
Writing output... [0.000s CPU, 0.035s wall-clock]
Done! [0.080s CPU, 3.523s wall-clock]
INFO     Running preprocessor (release32).
INFO     preprocessor input: output.sas
INFO     preprocessor arguments: []
INFO     preprocessor time limit: None
INFO     preprocessor memory limit: None
INFO     callstring: /mnt/data_server/torralba/subdominization/training/data/training_satellite/code-70296b3db083/builds/release32/bin/preprocess < output.sas
Building causal graph...
The causal graph is not acyclic.
21 variables of 50 necessary
0 of 3 mutex groups necessary.
421 of 480 operators necessary.
0 of 0 axiom rules necessary.
Initializing mutex computation...
Mutex computation initialized with 72 fluents.
iteration for mutex detection and operator pruning
Initialize m_index fw
Initialized mvalues forward: reached=441, notReached=4311, spurious=432
Initialize m_ops fw
Computing mutexes...
Mutex computation finished with reached=4738, notReached=14, spurious=432
0 operators are spurious because were not triggered
H^2 mutexes added fw: 14, unreachable: 0
0 of 421 operators detected as spurious
iteration for mutex detection and operator pruning
Initialize m_index bw
Init values regression
Initialized mvalues backward: reached=3793, notReached=945, spurious=446
Initialize m_ops bw
Computing mutexes...
Mutex computation finished with reached=4738, notReached=0, spurious=446
0 operators are spurious because were not triggered
H^2 mutexes added bw: 0, unreachable: 0
0 of 421 operators detected as spurious
Total mutex and disambiguation time: 0.013547 iterations: 2
7 of 7 mutex groups necessary.
421 of 421 operators necessary.
0 of 0 axiom rules necessary.
Change id of operators: 421
Change id of mutexes
Change id of goals
Change id of initial state
Remove unreachable facts from variables: 21
7 of 7 mutex groups necessary.
421 of 421 operators necessary.
0 of 0 axiom rules necessary.
Updating causal graph and pruning unnecessary facts
21 variables of 21 of 50 necessary
The causal graph is not acyclic.
21 variables of 21 necessary
7 of 7 mutex groups necessary.
421 of 421 operators necessary.
0 of 0 axiom rules necessary.
Building domain transition graphs...
solveable in poly time 0
Building successor generator...
Preprocessor variables: 21
Preprocessor facts: 72
Preprocessor derived variables: 0
Preprocessor operators: 421
Preprocessor mutex groups: 7
Preprocessor task size: 1419
Writing output...
Preprocessor time: 0.0318055s
Preprocessor peak memory: 2252 KB
done
INFO     Running search (release32).
INFO     search input: output
INFO     search arguments: ['--search', 'sbd(store_operators_in_optimal_plan=true, cost_type=1)']
INFO     search time limit: 3600s
INFO     search memory limit: 4096 MB
INFO     search executable: /mnt/data_server/torralba/subdominization/training/data/training_satellite/code-70296b3db083/builds/release32/bin/downward
INFO     callstring: /mnt/data_server/torralba/subdominization/training/data/training_satellite/code-70296b3db083/builds/release32/bin/downward --search 'sbd(store_operators_in_optimal_plan=true, cost_type=1)' --internal-plan-file sas_plan < output
time limit 3600.00 -> (3600, 3601)
reading input... [t=0.000164959s]
done reading input! [t=0.00493469s]
packing state variables...done! [t=0.00495189s]
Variables: 21
FactPairs: 72
Bytes per state: 4
Building successor generator...done! [t=0.00537469s]
done initalizing global data [t=0.00538104s]
TR(time=60000, nodes=100000)
Mutex(time=60000, nodes=100000, type=edeletion)
Aux(time=2000, nodes=1000000)
Disj(nodes=2147483647)
Estimation: min_time(1000) time_penalty +(1000)*(2) nodes_penalty +(1000)*(2)
MaxStep(time=30000, nodes=100000000, nodes_per_planning_second=100)
Ratio useful: 0
   Min alloted time: 60000 nodes: 10000000
   Max alloted time: 60000 nodes: 15000000
   Mult alloted time: 2 nodes: 2
   Ratio after relax: 0.8
building causal graph...done! [t=0.000157944s]
Sym variable order: 6 9 10 7 8 1 18 17 20 19 11 16 2 15 13 14 12 0 5 4 3 
Initializing Symbolic Variables
Num variables: 21 => 30
Initialize Symbolic Manager(60, 266666, 16000000, 0)
Generating binary variables
Symbolic Variables... Done.
BOUND: 1 < 2147483647, total time: 0.424079s
BOUND: 2 < 2147483647, total time: 0.42425s
BOUND: 3 < 2147483647, total time: 0.424538s
BOUND: 4 < 2147483647, total time: 0.424794s
BOUND: 5 < 2147483647, total time: 0.425171s
BOUND: 6 < 2147483647, total time: 0.425773s
BOUND: 7 < 2147483647, total time: 0.426333s
BOUND: 8 < 2147483647, total time: 0.427166s
BOUND: 9 < 2147483647, total time: 0.428156s
BOUND: 10 < 2147483647, total time: 0.429524s
BOUND: 11 < 2147483647, total time: 0.431114s
BOUND: 12 < 2147483647, total time: 0.433s
BOUND: 13 < 2147483647, total time: 0.43551s
BOUND: 14 < 2147483647, total time: 0.437603s
BOUND: 15 < 2147483647, total time: 0.439551s
BOUND: 16 < 2147483647, total time: 0.441291s
Solution found with cost 16 total time: 0.442485s
Merging: 1
7 0.458278 1 110
Merging: 42
6 0.468123 1 104
Merging: 7
5 0.478806 1 79
Merging: 42
4 0.48661 1 71
Merging: 7
3 0.492607 1 35
Merging: 7
2 0.495583 1 31
Merging: 1
1 0.498195 1 31
Merging: 1
9 0.500583 1 110
Merging: 7
8 0.50793 1 123
Merging: 42
7 0.515227 1 124
Merging: 7
6 0.520545 1 124
Merging: 42
5 0.525641 1 123
Merging: 7
4 0.530454 1 110
Merging: 42
3 0.534485 1 104
Merging: 7
2 0.538056 1 79
Merging: 42
1 0.540956 1 71
BOUND: 16 < 16, total time: 0.543375s
Actual search time: 0.119704s [t=0.543808s]
switch_on instrument1 satellite1 (1)
calibrate satellite1 instrument1 groundstation4 (1)
turn_to satellite1 phenomenon7 groundstation4 (1)
take_image satellite1 phenomenon7 instrument1 thermograph0 (1)
turn_to satellite1 phenomenon6 phenomenon7 (1)
take_image satellite1 phenomenon6 instrument1 thermograph1 (1)
turn_to satellite1 phenomenon11 phenomenon6 (1)
take_image satellite1 phenomenon11 instrument1 spectrograph2 (1)
turn_to satellite1 planet10 phenomenon11 (1)
take_image satellite1 planet10 instrument1 thermograph0 (1)
turn_to satellite1 planet5 planet10 (1)
take_image satellite1 planet5 instrument1 thermograph0 (1)
turn_to satellite1 star8 planet5 (1)
take_image satellite1 star8 instrument1 thermograph1 (1)
turn_to satellite1 star9 star8 (1)
take_image satellite1 star9 instrument1 thermograph0 (1)
Plan length: 16 step(s).
Plan cost: 16
Bytes per state: 4
Search time: 0.127337s
Total time: 0.543814s
Solution found.
Peak memory: 269380 KB
Running single search parser
