INFO     Running translator.
INFO     translator input: ['domain.pddl', 'problem.pddl']
INFO     translator arguments: []
INFO     translator time limit: None
INFO     translator memory limit: None
INFO     callstring: /usr/bin/python /mnt/data_server/torralba/subdominization/training/data/training_satellite/code-70296b3db083/builds/release32/bin/translate/translate.py domain.pddl problem.pddl
Parsing...
Parsing: [0.010s CPU, 0.014s wall-clock]
Normalizing task... [0.000s CPU, 0.000s wall-clock]
Instantiating...
Generating Datalog program... [0.000s CPU, 0.001s wall-clock]
Normalizing Datalog program...
Normalizing Datalog program: [0.000s CPU, 0.014s wall-clock]
Preparing model... [0.010s CPU, 0.002s wall-clock]
Generated 31 rules.
Computing model... [0.040s CPU, 0.036s wall-clock]
1239 relevant atoms
382 auxiliary atoms
1621 final queue length
2537 total queue pushes
Completing instantiation... [0.050s CPU, 0.054s wall-clock]
Instantiating: [0.100s CPU, 0.127s wall-clock]
Computing fact groups...
Finding invariants...
12 initial candidates
Finding invariants: [0.000s CPU, 0.003s wall-clock]
Checking invariant weight... [0.000s CPU, 0.000s wall-clock]
Instantiating groups... [0.000s CPU, 0.000s wall-clock]
Collecting mutex groups... [0.000s CPU, 0.000s wall-clock]
Choosing groups...
48 uncovered facts
Choosing groups: [0.010s CPU, 0.000s wall-clock]
Building translation key... [0.000s CPU, 0.001s wall-clock]
Computing fact groups: [0.010s CPU, 0.006s wall-clock]
Building STRIPS to SAS dictionary... [0.000s CPU, 0.000s wall-clock]
Building dictionary for full mutex groups... [0.000s CPU, 0.000s wall-clock]
Building mutex information...
Building mutex information: [0.000s CPU, 0.000s wall-clock]
Translating task...
Processing axioms...
Simplifying axioms... [0.000s CPU, 0.000s wall-clock]
Processing axioms: [0.000s CPU, 0.003s wall-clock]
Translating task: [0.050s CPU, 0.055s wall-clock]
24 effect conditions simplified
0 implied preconditions added
Detecting unreachable propositions...
0 operators removed
0 axioms removed
4 propositions removed
Detecting unreachable propositions: [0.030s CPU, 0.030s wall-clock]
Translator variables: 52
Translator derived variables: 0
Translator facts: 152
Translator goal facts: 4
Translator mutex groups: 4
Translator total mutex groups size: 56
Translator operators: 956
Translator axioms: 0
Translator task size: 3564
Translator peak memory: 47412 KB
Writing output... [0.010s CPU, 0.033s wall-clock]
Done! [0.210s CPU, 0.269s wall-clock]
INFO     Running preprocessor (release32).
INFO     preprocessor input: output.sas
INFO     preprocessor arguments: []
INFO     preprocessor time limit: None
INFO     preprocessor memory limit: None
INFO     callstring: /mnt/data_server/torralba/subdominization/training/data/training_satellite/code-70296b3db083/builds/release32/bin/preprocess < output.sas
Building causal graph...
The causal graph is not acyclic.
28 variables of 52 necessary
0 of 4 mutex groups necessary.
790 of 956 operators necessary.
0 of 0 axiom rules necessary.
Initializing mutex computation...
Mutex computation initialized with 104 fluents.
iteration for mutex detection and operator pruning
Initialize m_index fw
Initialized mvalues forward: reached=784, notReached=9256, spurious=776
Initialize m_ops fw
Computing mutexes...
Mutex computation finished with reached=10012, notReached=28, spurious=776
0 operators are spurious because were not triggered
H^2 mutexes added fw: 28, unreachable: 0
0 of 790 operators detected as spurious
iteration for mutex detection and operator pruning
Initialize m_index bw
Init values regression
Initialized mvalues backward: reached=9204, notReached=808, spurious=804
Initialize m_ops bw
Computing mutexes...
Mutex computation finished with reached=10012, notReached=0, spurious=804
0 operators are spurious because were not triggered
H^2 mutexes added bw: 0, unreachable: 0
0 of 790 operators detected as spurious
Total mutex and disambiguation time: 0.028227 iterations: 2
14 of 14 mutex groups necessary.
790 of 790 operators necessary.
0 of 0 axiom rules necessary.
Change id of operators: 790
Change id of mutexes
Change id of goals
Change id of initial state
Remove unreachable facts from variables: 28
14 of 14 mutex groups necessary.
790 of 790 operators necessary.
0 of 0 axiom rules necessary.
Updating causal graph and pruning unnecessary facts
28 variables of 28 of 52 necessary
The causal graph is not acyclic.
28 variables of 28 necessary
14 of 14 mutex groups necessary.
790 of 790 operators necessary.
0 of 0 axiom rules necessary.
Building domain transition graphs...
solveable in poly time 0
Building successor generator...
Preprocessor variables: 28
Preprocessor facts: 104
Preprocessor derived variables: 0
Preprocessor operators: 790
Preprocessor mutex groups: 14
Preprocessor task size: 2634
Writing output...
Preprocessor time: 0.052122s
Preprocessor peak memory: 2528 KB
done
INFO     Running search (release32).
INFO     search input: output
INFO     search arguments: ['--search', 'sbd(store_operators_in_optimal_plan=true, cost_type=1)']
INFO     search time limit: 3600s
INFO     search memory limit: 4096 MB
INFO     search executable: /mnt/data_server/torralba/subdominization/training/data/training_satellite/code-70296b3db083/builds/release32/bin/downward
INFO     callstring: /mnt/data_server/torralba/subdominization/training/data/training_satellite/code-70296b3db083/builds/release32/bin/downward --search 'sbd(store_operators_in_optimal_plan=true, cost_type=1)' --internal-plan-file sas_plan < output
time limit 3600.00 -> (3600, 3601)
reading input... [t=8.6257e-05s]
done reading input! [t=0.00579413s]
packing state variables...done! [t=0.00581281s]
Variables: 28
FactPairs: 104
Bytes per state: 8
Building successor generator...done! [t=0.00637378s]
done initalizing global data [t=0.00638142s]
TR(time=60000, nodes=100000)
Mutex(time=60000, nodes=100000, type=edeletion)
Aux(time=2000, nodes=1000000)
Disj(nodes=2147483647)
Estimation: min_time(1000) time_penalty +(1000)*(2) nodes_penalty +(1000)*(2)
MaxStep(time=30000, nodes=100000000, nodes_per_planning_second=100)
Ratio useful: 0
   Min alloted time: 60000 nodes: 10000000
   Max alloted time: 60000 nodes: 15000000
   Mult alloted time: 2 nodes: 2
   Ratio after relax: 0.8
building causal graph...done! [t=0.000171648s]
Sym variable order: 21 7 6 8 4 10 0 9 5 22 23 3 24 26 27 25 2 19 17 20 16 1 14 12 15 11 18 13 
Initializing Symbolic Variables
Num variables: 28 => 40
Initialize Symbolic Manager(80, 200000, 16000000, 0)
Generating binary variables
Symbolic Variables... Done.
BOUND: 1 < 2147483647, total time: 0.532412s
BOUND: 2 < 2147483647, total time: 0.532767s
BOUND: 3 < 2147483647, total time: 0.533694s
BOUND: 4 < 2147483647, total time: 0.534285s
BOUND: 5 < 2147483647, total time: 0.53516s
BOUND: 6 < 2147483647, total time: 0.536339s
BOUND: 7 < 2147483647, total time: 0.538708s
BOUND: 8 < 2147483647, total time: 0.540703s
BOUND: 9 < 2147483647, total time: 0.543844s
BOUND: 10 < 2147483647, total time: 0.548924s
BOUND: 11 < 2147483647, total time: 0.554968s
Solution found with cost 11 total time: 0.561973s
Merging: 1
7 0.575937 1 239
Merging: 24
6 0.62397 1 215
Merging: 48
5 0.669993 1 211
Merging: 24
4 0.712698 1 132
Merging: 48
3 0.738263 1 131
Merging: 13
2 0.761505 1 132
Merging: 18
1 0.784257 1 121
Merging: 1
4 0.810893 1 239
Merging: 48
3 0.837256 1 239
Merging: 24
2 0.859487 1 215
Merging: 48
1 0.882378 1 211
BOUND: 11 < 11, total time: 0.904068s
Actual search time: 0.372574s [t=0.905038s]
turn_to satellite0 groundstation9 groundstation5 (1)
switch_on instrument0 satellite0 (1)
calibrate satellite0 instrument0 groundstation9 (1)
turn_to satellite0 planet10 groundstation9 (1)
take_image satellite0 planet10 instrument0 infrared0 (1)
turn_to satellite0 phenomenon13 planet10 (1)
take_image satellite0 phenomenon13 instrument0 infrared0 (1)
turn_to satellite0 planet11 phenomenon13 (1)
take_image satellite0 planet11 instrument0 infrared0 (1)
turn_to satellite0 star12 planet11 (1)
take_image satellite0 star12 instrument0 infrared1 (1)
Plan length: 11 step(s).
Plan cost: 11
Bytes per state: 8
Search time: 0.391386s
Total time: 0.905049s
Solution found.
Peak memory: 229728 KB
Running single search parser
