INFO     Running translator.
INFO     translator input: ['domain.pddl', 'problem.pddl']
INFO     translator arguments: []
INFO     translator time limit: None
INFO     translator memory limit: None
INFO     callstring: /usr/bin/python /mnt/data_server/torralba/subdominization/training/data/training_satellite/code-70296b3db083/builds/release32/bin/translate/translate.py domain.pddl problem.pddl
Parsing...
Parsing: [0.010s CPU, 0.098s wall-clock]
Normalizing task... [0.000s CPU, 0.000s wall-clock]
Instantiating...
Generating Datalog program... [0.000s CPU, 0.001s wall-clock]
Normalizing Datalog program...
Normalizing Datalog program: [0.000s CPU, 0.010s wall-clock]
Preparing model... [0.010s CPU, 0.002s wall-clock]
Generated 31 rules.
Computing model... [0.020s CPU, 0.019s wall-clock]
613 relevant atoms
239 auxiliary atoms
852 final queue length
1222 total queue pushes
Completing instantiation... [0.020s CPU, 0.023s wall-clock]
Instantiating: [0.050s CPU, 0.077s wall-clock]
Computing fact groups...
Finding invariants...
12 initial candidates
Finding invariants: [0.000s CPU, 0.003s wall-clock]
Checking invariant weight... [0.000s CPU, 0.000s wall-clock]
Instantiating groups... [0.000s CPU, 0.000s wall-clock]
Collecting mutex groups... [0.000s CPU, 0.000s wall-clock]
Choosing groups...
43 uncovered facts
Choosing groups: [0.000s CPU, 0.000s wall-clock]
Building translation key... [0.000s CPU, 0.001s wall-clock]
Computing fact groups: [0.000s CPU, 0.006s wall-clock]
Building STRIPS to SAS dictionary... [0.000s CPU, 0.000s wall-clock]
Building dictionary for full mutex groups... [0.000s CPU, 0.000s wall-clock]
Building mutex information...
Building mutex information: [0.000s CPU, 0.000s wall-clock]
Translating task...
Processing axioms...
Simplifying axioms... [0.000s CPU, 0.000s wall-clock]
Processing axioms: [0.000s CPU, 0.001s wall-clock]
Translating task: [0.030s CPU, 0.024s wall-clock]
18 effect conditions simplified
0 implied preconditions added
Detecting unreachable propositions...
0 operators removed
0 axioms removed
4 propositions removed
Detecting unreachable propositions: [0.010s CPU, 0.014s wall-clock]
Translator variables: 47
Translator derived variables: 0
Translator facts: 122
Translator goal facts: 3
Translator mutex groups: 4
Translator total mutex groups size: 36
Translator operators: 405
Translator axioms: 0
Translator task size: 1645
Translator peak memory: 44928 KB
Writing output... [0.010s CPU, 0.045s wall-clock]
Done! [0.110s CPU, 0.266s wall-clock]
INFO     Running preprocessor (release32).
INFO     preprocessor input: output.sas
INFO     preprocessor arguments: []
INFO     preprocessor time limit: None
INFO     preprocessor memory limit: None
INFO     callstring: /mnt/data_server/torralba/subdominization/training/data/training_satellite/code-70296b3db083/builds/release32/bin/preprocess < output.sas
Building causal graph...
The causal graph is not acyclic.
21 variables of 47 necessary
0 of 4 mutex groups necessary.
316 of 405 operators necessary.
0 of 0 axiom rules necessary.
Initializing mutex computation...
Mutex computation initialized with 70 fluents.
iteration for mutex detection and operator pruning
Initialize m_index fw
Initialized mvalues forward: reached=441, notReached=4137, spurious=322
Initialize m_ops fw
Computing mutexes...
Mutex computation finished with reached=4558, notReached=20, spurious=322
0 operators are spurious because were not triggered
H^2 mutexes added fw: 20, unreachable: 0
0 of 316 operators detected as spurious
iteration for mutex detection and operator pruning
Initialize m_index bw
Init values regression
Initialized mvalues backward: reached=4153, notReached=405, spurious=342
Initialize m_ops bw
Computing mutexes...
Mutex computation finished with reached=4558, notReached=0, spurious=342
0 operators are spurious because were not triggered
H^2 mutexes added bw: 0, unreachable: 0
0 of 316 operators detected as spurious
Total mutex and disambiguation time: 0.008096 iterations: 2
10 of 10 mutex groups necessary.
316 of 316 operators necessary.
0 of 0 axiom rules necessary.
Change id of operators: 316
Change id of mutexes
Change id of goals
Change id of initial state
Remove unreachable facts from variables: 21
10 of 10 mutex groups necessary.
316 of 316 operators necessary.
0 of 0 axiom rules necessary.
Updating causal graph and pruning unnecessary facts
21 variables of 21 of 47 necessary
The causal graph is not acyclic.
21 variables of 21 necessary
10 of 10 mutex groups necessary.
316 of 316 operators necessary.
0 of 0 axiom rules necessary.
Building domain transition graphs...
solveable in poly time 0
Building successor generator...
Preprocessor variables: 21
Preprocessor facts: 70
Preprocessor derived variables: 0
Preprocessor operators: 316
Preprocessor mutex groups: 10
Preprocessor task size: 1106
Writing output...
Preprocessor time: 0.0187378s
Preprocessor peak memory: 2256 KB
done
INFO     Running search (release32).
INFO     search input: output
INFO     search arguments: ['--search', 'sbd(store_operators_in_optimal_plan=true, cost_type=1)']
INFO     search time limit: 3600s
INFO     search memory limit: 4096 MB
INFO     search executable: /mnt/data_server/torralba/subdominization/training/data/training_satellite/code-70296b3db083/builds/release32/bin/downward
INFO     callstring: /mnt/data_server/torralba/subdominization/training/data/training_satellite/code-70296b3db083/builds/release32/bin/downward --search 'sbd(store_operators_in_optimal_plan=true, cost_type=1)' --internal-plan-file sas_plan < output
time limit 3600.00 -> (3600, 3601)
reading input... [t=0.000159069s]
done reading input! [t=0.00261672s]
packing state variables...done! [t=0.00262953s]
Variables: 21
FactPairs: 70
Bytes per state: 8
Building successor generator...done! [t=0.00286672s]
done initalizing global data [t=0.00287248s]
TR(time=60000, nodes=100000)
Mutex(time=60000, nodes=100000, type=edeletion)
Aux(time=2000, nodes=1000000)
Disj(nodes=2147483647)
Estimation: min_time(1000) time_penalty +(1000)*(2) nodes_penalty +(1000)*(2)
MaxStep(time=30000, nodes=100000000, nodes_per_planning_second=100)
Ratio useful: 0
   Min alloted time: 60000 nodes: 10000000
   Max alloted time: 60000 nodes: 15000000
   Mult alloted time: 2 nodes: 2
   Ratio after relax: 0.8
building causal graph...done! [t=8.9842e-05s]
Sym variable order: 8 10 15 9 11 16 17 1 3 18 19 20 2 0 14 13 7 5 12 6 4 
Initializing Symbolic Variables
Num variables: 21 => 33
Initialize Symbolic Manager(66, 242424, 16000000, 0)
Generating binary variables
Symbolic Variables... Done.
BOUND: 1 < 2147483647, total time: 0.420314s
BOUND: 2 < 2147483647, total time: 0.420539s
BOUND: 3 < 2147483647, total time: 0.421019s
BOUND: 4 < 2147483647, total time: 0.421364s
BOUND: 5 < 2147483647, total time: 0.421802s
BOUND: 6 < 2147483647, total time: 0.422374s
BOUND: 7 < 2147483647, total time: 0.42332s
BOUND: 8 < 2147483647, total time: 0.424301s
BOUND: 9 < 2147483647, total time: 0.426024s
Solution found with cost 9 total time: 0.427466s
Merging: 1
6 0.434406 1 129
Merging: 24
5 0.444247 1 125
Merging: 12
4 0.454712 1 96
Merging: 12
3 0.462283 1 86
Merging: 4
2 0.468794 1 86
Merging: 8
1 0.475062 1 76
Merging: 1
3 0.481636 1 129
Merging: 12
2 0.488571 1 129
Merging: 24
1 0.494483 1 125
BOUND: 9 < 9, total time: 0.500423s
Actual search time: 0.0805571s [t=0.50091s]
turn_to satellite0 star2 planet8 (1)
switch_on instrument1 satellite0 (1)
calibrate satellite0 instrument1 star2 (1)
turn_to satellite0 phenomenon7 star2 (1)
take_image satellite0 phenomenon7 instrument1 infrared2 (1)
turn_to satellite0 phenomenon6 phenomenon7 (1)
take_image satellite0 phenomenon6 instrument1 infrared2 (1)
turn_to satellite0 star5 phenomenon6 (1)
take_image satellite0 star5 instrument1 infrared2 (1)
Plan length: 9 step(s).
Plan cost: 9
Bytes per state: 8
Search time: 0.0885062s
Total time: 0.500923s
Solution found.
Peak memory: 212780 KB
Running single search parser
