INFO     Running translator.
INFO     translator input: ['domain.pddl', 'problem.pddl']
INFO     translator arguments: []
INFO     translator time limit: None
INFO     translator memory limit: None
INFO     callstring: /usr/bin/python /mnt/data_server/torralba/subdominization/training/data/training_tpp/code-70296b3db083/builds/release32/bin/translate/translate.py domain.pddl problem.pddl
Parsing...
Parsing: [0.010s CPU, 0.010s wall-clock]
Normalizing task... [0.000s CPU, 0.000s wall-clock]
Instantiating...
Generating Datalog program... [0.000s CPU, 0.001s wall-clock]
Normalizing Datalog program...
Normalizing Datalog program: [0.010s CPU, 0.006s wall-clock]
Preparing model... [0.000s CPU, 0.004s wall-clock]
Generated 45 rules.
Computing model... [0.030s CPU, 0.032s wall-clock]
463 relevant atoms
980 auxiliary atoms
1443 final queue length
1699 total queue pushes
Completing instantiation... [0.020s CPU, 0.018s wall-clock]
Instantiating: [0.060s CPU, 0.070s wall-clock]
Computing fact groups...
Finding invariants...
18 initial candidates
Finding invariants: [0.010s CPU, 0.010s wall-clock]
Checking invariant weight... [0.000s CPU, 0.001s wall-clock]
Instantiating groups... [0.010s CPU, 0.006s wall-clock]
Collecting mutex groups... [0.000s CPU, 0.000s wall-clock]
Choosing groups...
48 uncovered facts
Choosing groups: [0.000s CPU, 0.001s wall-clock]
Building translation key... [0.010s CPU, 0.001s wall-clock]
Computing fact groups: [0.030s CPU, 0.023s wall-clock]
Building STRIPS to SAS dictionary... [0.000s CPU, 0.000s wall-clock]
Building dictionary for full mutex groups... [0.000s CPU, 0.000s wall-clock]
Building mutex information...
Building mutex information: [0.000s CPU, 0.000s wall-clock]
Translating task...
Processing axioms...
Simplifying axioms... [0.000s CPU, 0.000s wall-clock]
Processing axioms: [0.000s CPU, 0.001s wall-clock]
Translating task: [0.010s CPU, 0.015s wall-clock]
0 effect conditions simplified
0 implied preconditions added
Detecting unreachable propositions...
0 operators removed
0 axioms removed
145 propositions removed
Detecting unreachable propositions: [0.010s CPU, 0.009s wall-clock]
Translator variables: 49
Translator derived variables: 0
Translator facts: 135
Translator goal facts: 8
Translator mutex groups: 49
Translator total mutex groups size: 135
Translator operators: 182
Translator axioms: 0
Translator task size: 1353
Translator peak memory: 44992 KB
Writing output... [0.000s CPU, 0.022s wall-clock]
Done! [0.120s CPU, 0.151s wall-clock]
INFO     Running preprocessor (release32).
INFO     preprocessor input: output.sas
INFO     preprocessor arguments: []
INFO     preprocessor time limit: None
INFO     preprocessor memory limit: None
INFO     callstring: /mnt/data_server/torralba/subdominization/training/data/training_tpp/code-70296b3db083/builds/release32/bin/preprocess < output.sas
Building causal graph...
The causal graph is not acyclic.
49 variables of 49 necessary
0 of 49 mutex groups necessary.
182 of 182 operators necessary.
0 of 0 axiom rules necessary.
Initializing mutex computation...
Mutex computation initialized with 135 fluents.
iteration for mutex detection and operator pruning
Initialize m_index fw
Initialized mvalues forward: reached=2401, notReached=15558, spurious=266
Initialize m_ops fw
Computing mutexes...
Mutex computation finished with reached=13927, notReached=4032, spurious=266
48 operators are spurious because were not triggered
Unreachable proposition: Atom ready-to-load(goods8, market2, level2)
Unreachable proposition: Atom ready-to-load(goods8, market3, level2)
Unreachable proposition: Atom ready-to-load(goods7, market1, level2)
Unreachable proposition: Atom ready-to-load(goods7, market2, level2)
Unreachable proposition: Atom ready-to-load(goods6, market1, level2)
Unreachable proposition: Atom ready-to-load(goods6, market2, level2)
Unreachable proposition: Atom ready-to-load(goods5, market3, level2)
Unreachable proposition: Atom ready-to-load(goods5, market5, level2)
Unreachable proposition: Atom ready-to-load(goods4, market1, level2)
Unreachable proposition: Atom ready-to-load(goods4, market3, level2)
Unreachable proposition: Atom ready-to-load(goods3, market1, level2)
Unreachable proposition: Atom ready-to-load(goods3, market3, level2)
Unreachable proposition: Atom ready-to-load(goods2, market1, level2)
Unreachable proposition: Atom ready-to-load(goods2, market3, level2)
Unreachable proposition: Atom ready-to-load(goods1, market3, level2)
Unreachable proposition: Atom ready-to-load(goods1, market5, level2)
H^2 mutexes added fw: 32, unreachable: 16
0 of 134 operators detected as spurious
iteration for mutex detection and operator pruning
Initialize m_index bw
Init values regression
Initialized mvalues backward: reached=10423, notReached=3504, spurious=4298
Initialize m_ops bw
Computing mutexes...
Mutex computation finished with reached=12559, notReached=1368, spurious=4298
24 operators are spurious because were not triggered
Unreachable proposition: Atom stored(goods8, level2)
Unreachable proposition: Atom stored(goods6, level2)
Unreachable proposition: Atom stored(goods5, level2)
Unreachable proposition: Atom stored(goods4, level2)
Unreachable proposition: Atom stored(goods3, level2)
Unreachable proposition: Atom stored(goods1, level2)
H^2 mutexes added bw: 0, unreachable: 6
0 of 110 operators detected as spurious
iteration for mutex detection and operator pruning
Initialize m_index fw
Initialized mvalues forward: reached=2401, notReached=10158, spurious=5666
Initialize m_ops fw
Computing mutexes...
Mutex computation finished with reached=12559, notReached=0, spurious=5666
0 operators are spurious because were not triggered
H^2 mutexes added fw: 0, unreachable: 0
0 of 110 operators detected as spurious
Total mutex and disambiguation time: 0.010814 iterations: 3
16 of 16 mutex groups necessary.
110 of 182 operators necessary.
0 of 0 axiom rules necessary.
Change id of operators: 110
Change id of mutexes
Change id of goals
Change id of initial state
Remove unreachable facts from variables: 49
16 of 16 mutex groups necessary.
110 of 110 operators necessary.
0 of 0 axiom rules necessary.
Updating causal graph and pruning unnecessary facts
49 variables of 49 of 49 necessary
The causal graph is not acyclic.
49 variables of 49 necessary
16 of 16 mutex groups necessary.
110 of 110 operators necessary.
0 of 0 axiom rules necessary.
Building domain transition graphs...
solveable in poly time 0
Building successor generator...
Preprocessor variables: 49
Preprocessor facts: 113
Preprocessor derived variables: 0
Preprocessor operators: 110
Preprocessor mutex groups: 16
Preprocessor task size: 796
Writing output...
Preprocessor time: 0.0194374s
Preprocessor peak memory: 2228 KB
done
INFO     Running search (release32).
INFO     search input: output
INFO     search arguments: ['--search', 'sbd(store_operators_in_optimal_plan=true, cost_type=1)']
INFO     search time limit: 3600s
INFO     search memory limit: 4096 MB
INFO     search executable: /mnt/data_server/torralba/subdominization/training/data/training_tpp/code-70296b3db083/builds/release32/bin/downward
INFO     callstring: /mnt/data_server/torralba/subdominization/training/data/training_tpp/code-70296b3db083/builds/release32/bin/downward --search 'sbd(store_operators_in_optimal_plan=true, cost_type=1)' --internal-plan-file sas_plan < output
time limit 3600.00 -> (3600, 3601)
reading input... [t=0.000116779s]
done reading input! [t=0.00180901s]
packing state variables...done! [t=0.00182459s]
Variables: 49
FactPairs: 113
Bytes per state: 8
Building successor generator...done! [t=0.00209258s]
done initalizing global data [t=0.00209801s]
TR(time=60000, nodes=100000)
Mutex(time=60000, nodes=100000, type=edeletion)
Aux(time=2000, nodes=1000000)
Disj(nodes=2147483647)
Estimation: min_time(1000) time_penalty +(1000)*(2) nodes_penalty +(1000)*(2)
MaxStep(time=30000, nodes=100000000, nodes_per_planning_second=100)
Ratio useful: 0
   Min alloted time: 60000 nodes: 10000000
   Max alloted time: 60000 nodes: 15000000
   Mult alloted time: 2 nodes: 2
   Ratio after relax: 0.8
building causal graph...done! [t=0.000181078s]
Sym variable order: 20 22 24 23 21 19 38 40 42 41 39 37 31 33 35 36 34 32 13 15 17 18 16 14 0 1 3 6 5 4 2 25 27 30 29 28 26 8 10 12 11 9 7 44 46 47 48 45 43 
Initializing Symbolic Variables
Num variables: 49 => 61
Initialize Symbolic Manager(122, 131147, 16000000, 0)
Generating binary variables
Symbolic Variables... Done.
BOUND: 1 < 2147483647, total time: 0.61597s
BOUND: 2 < 2147483647, total time: 0.616166s
BOUND: 3 < 2147483647, total time: 0.616605s
BOUND: 4 < 2147483647, total time: 0.616769s
BOUND: 5 < 2147483647, total time: 0.617151s
BOUND: 6 < 2147483647, total time: 0.617602s
BOUND: 7 < 2147483647, total time: 0.618272s
BOUND: 8 < 2147483647, total time: 0.619105s
BOUND: 9 < 2147483647, total time: 0.620431s
BOUND: 10 < 2147483647, total time: 0.621827s
BOUND: 11 < 2147483647, total time: 0.624273s
BOUND: 12 < 2147483647, total time: 0.626703s
BOUND: 13 < 2147483647, total time: 0.63039s
BOUND: 14 < 2147483647, total time: 0.63377s
BOUND: 15 < 2147483647, total time: 0.639463s
BOUND: 16 < 2147483647, total time: 0.644211s
BOUND: 17 < 2147483647, total time: 0.650185s
BOUND: 18 < 2147483647, total time: 0.658301s
BOUND: 19 < 2147483647, total time: 0.667022s
BOUND: 20 < 2147483647, total time: 0.678374s
BOUND: 21 < 2147483647, total time: 0.691381s
BOUND: 22 < 2147483647, total time: 0.703493s
BOUND: 23 < 2147483647, total time: 0.71948s
BOUND: 24 < 2147483647, total time: 0.735891s
BOUND: 25 < 2147483647, total time: 0.75567s
BOUND: 26 < 2147483647, total time: 0.775109s
BOUND: 27 < 2147483647, total time: 0.797722s
BOUND: 28 < 2147483647, total time: 0.822781s
BOUND: 29 < 2147483647, total time: 0.84612s
BOUND: 30 < 2147483647, total time: 0.870555s
BOUND: 31 < 2147483647, total time: 0.896123s
BOUND: 32 < 2147483647, total time: 0.922943s
BOUND: 33 < 2147483647, total time: 0.967557s
BOUND: 34 < 2147483647, total time: 1.01184s
BOUND: 35 < 2147483647, total time: 1.04813s
Solution found with cost 35 total time: 1.0696s
Merging: 1
14 1.09334 1 1324
Merging: 24
13 1.15554 1 1317
Merging: 22
12 1.20607 1 1288
Merging: 24
11 1.25596 1 1223
Merging: 29
10 1.30424 1 1135
Merging: 34
9 1.34936 1 1019
Merging: 34
8 1.38689 1 887
Merging: 33
7 1.4208 1 769
Merging: 33
6 1.44894 1 651
Merging: 33
5 1.47202 1 528
Merging: 31
4 1.48964 1 380
Merging: 30
3 1.50137 1 233
Merging: 21
2 1.50818 1 106
Merging: 7
1 1.511 1 62
Merging: 1
21 1.51243 1 1324
Merging: 29
20 1.53339 1 1288
Merging: 34
19 1.54354 1 1221
Merging: 34
18 1.55216 1 1129
Merging: 33
17 1.56015 1 1022
Merging: 33
16 1.56745 1 894
Merging: 33
15 1.57384 1 727
Merging: 33
14 1.57915 1 540
Merging: 32
13 1.58305 1 356
Merging: 21
12 1.5855 1 156
Merging: 9
11 1.5867 1 88
Merging: 2
10 1.58778 1 85
Merging: 16
9 1.5893 1 182
Merging: 20
8 1.59194 1 262
Merging: 20
7 1.59509 1 337
Merging: 20
6 1.59866 1 386
Merging: 20
5 1.60243 1 403
Merging: 20
4 1.60599 1 386
Merging: 20
3 1.60906 1 337
Merging: 20
2 1.6115 1 261
Merging: 20
1 1.61307 1 180
BOUND: 35 < 35, total time: 1.61382s
Actual search time: 1.01448s [t=1.6305s]
drive truck1 depot2 market1 (1)
buy truck1 goods7 market1 level0 level1 level0 level1 (1)
load goods7 truck1 market1 level0 level1 level0 level1 (1)
buy truck1 goods6 market1 level0 level1 level0 level1 (1)
load goods6 truck1 market1 level0 level1 level0 level1 (1)
buy truck1 goods2 market1 level0 level1 level0 level1 (1)
load goods2 truck1 market1 level0 level1 level0 level1 (1)
drive truck1 market1 market3 (1)
buy truck1 goods8 market3 level0 level1 level0 level1 (1)
buy truck1 goods5 market3 level0 level1 level0 level1 (1)
buy truck1 goods4 market3 level0 level1 level0 level1 (1)
buy truck1 goods3 market3 level0 level1 level0 level1 (1)
buy truck1 goods2 market3 level0 level1 level0 level1 (1)
buy truck1 goods1 market3 level0 level1 level0 level1 (1)
load goods1 truck1 market3 level0 level1 level0 level1 (1)
load goods2 truck1 market3 level0 level1 level1 level2 (1)
load goods3 truck1 market3 level0 level1 level0 level1 (1)
load goods4 truck1 market3 level0 level1 level0 level1 (1)
load goods5 truck1 market3 level0 level1 level0 level1 (1)
load goods8 truck1 market3 level0 level1 level0 level1 (1)
drive truck1 market3 market2 (1)
buy truck1 goods7 market2 level0 level1 level0 level1 (1)
load goods7 truck1 market2 level0 level1 level1 level2 (1)
drive truck1 market2 market1 (1)
drive truck1 market1 depot2 (1)
unload goods1 truck1 depot2 level0 level1 level0 level1 (1)
unload goods2 truck1 depot2 level1 level2 level0 level1 (1)
unload goods2 truck1 depot2 level0 level1 level1 level2 (1)
unload goods3 truck1 depot2 level0 level1 level0 level1 (1)
unload goods4 truck1 depot2 level0 level1 level0 level1 (1)
unload goods5 truck1 depot2 level0 level1 level0 level1 (1)
unload goods6 truck1 depot2 level0 level1 level0 level1 (1)
unload goods7 truck1 depot2 level1 level2 level0 level1 (1)
unload goods7 truck1 depot2 level0 level1 level1 level2 (1)
unload goods8 truck1 depot2 level0 level1 level0 level1 (1)
Plan length: 35 step(s).
Plan cost: 35
Bytes per state: 8
Search time: 1.02451s
Total time: 1.63052s
Solution found.
Peak memory: 278136 KB
Running single search parser
