INFO     Running translator.
INFO     translator input: ['domain.pddl', 'problem.pddl']
INFO     translator arguments: []
INFO     translator time limit: None
INFO     translator memory limit: None
INFO     callstring: /usr/bin/python /mnt/data_server/torralba/subdominization/training/data/training_tpp/code-70296b3db083/builds/release32/bin/translate/translate.py domain.pddl problem.pddl
Parsing...
Parsing: [0.000s CPU, 0.009s wall-clock]
Normalizing task... [0.000s CPU, 0.000s wall-clock]
Instantiating...
Generating Datalog program... [0.000s CPU, 0.001s wall-clock]
Normalizing Datalog program...
Normalizing Datalog program: [0.010s CPU, 0.010s wall-clock]
Preparing model... [0.000s CPU, 0.003s wall-clock]
Generated 45 rules.
Computing model... [0.030s CPU, 0.022s wall-clock]
325 relevant atoms
666 auxiliary atoms
991 final queue length
1169 total queue pushes
Completing instantiation... [0.010s CPU, 0.013s wall-clock]
Instantiating: [0.050s CPU, 0.053s wall-clock]
Computing fact groups...
Finding invariants...
18 initial candidates
Finding invariants: [0.010s CPU, 0.010s wall-clock]
Checking invariant weight... [0.000s CPU, 0.001s wall-clock]
Instantiating groups... [0.000s CPU, 0.003s wall-clock]
Collecting mutex groups... [0.000s CPU, 0.000s wall-clock]
Choosing groups...
26 uncovered facts
Choosing groups: [0.000s CPU, 0.001s wall-clock]
Building translation key... [0.000s CPU, 0.001s wall-clock]
Computing fact groups: [0.010s CPU, 0.018s wall-clock]
Building STRIPS to SAS dictionary... [0.000s CPU, 0.000s wall-clock]
Building dictionary for full mutex groups... [0.000s CPU, 0.000s wall-clock]
Building mutex information...
Building mutex information: [0.000s CPU, 0.000s wall-clock]
Translating task...
Processing axioms...
Simplifying axioms... [0.000s CPU, 0.000s wall-clock]
Processing axioms: [0.000s CPU, 0.001s wall-clock]
Translating task: [0.010s CPU, 0.011s wall-clock]
0 effect conditions simplified
0 implied preconditions added
Detecting unreachable propositions...
0 operators removed
0 axioms removed
87 propositions removed
Detecting unreachable propositions: [0.000s CPU, 0.006s wall-clock]
Translator variables: 35
Translator derived variables: 0
Translator facts: 97
Translator goal facts: 6
Translator mutex groups: 35
Translator total mutex groups size: 97
Translator operators: 126
Translator axioms: 0
Translator task size: 955
Translator peak memory: 44260 KB
Writing output... [0.000s CPU, 0.006s wall-clock]
Done! [0.080s CPU, 0.105s wall-clock]
INFO     Running preprocessor (release32).
INFO     preprocessor input: output.sas
INFO     preprocessor arguments: []
INFO     preprocessor time limit: None
INFO     preprocessor memory limit: None
INFO     callstring: /mnt/data_server/torralba/subdominization/training/data/training_tpp/code-70296b3db083/builds/release32/bin/preprocess < output.sas
Building causal graph...
The causal graph is not acyclic.
35 variables of 35 necessary
0 of 35 mutex groups necessary.
126 of 126 operators necessary.
0 of 0 axiom rules necessary.
Initializing mutex computation...
Mutex computation initialized with 97 fluents.
iteration for mutex detection and operator pruning
Initialize m_index fw
Initialized mvalues forward: reached=1225, notReached=7994, spurious=190
Initialize m_ops fw
Computing mutexes...
Mutex computation finished with reached=6886, notReached=2333, spurious=190
40 operators are spurious because were not triggered
Unreachable proposition: Atom ready-to-load(goods6, market1, level2)
Unreachable proposition: Atom ready-to-load(goods6, market2, level2)
Unreachable proposition: Atom ready-to-load(goods5, market1, level2)
Unreachable proposition: Atom ready-to-load(goods5, market3, level2)
Unreachable proposition: Atom ready-to-load(goods4, market1, level2)
Unreachable proposition: Atom loaded(goods4, truck1, level2)
Unreachable proposition: Atom stored(goods4, level2)
Unreachable proposition: Atom ready-to-load(goods3, market1, level2)
Unreachable proposition: Atom ready-to-load(goods3, market2, level2)
Unreachable proposition: Atom ready-to-load(goods2, market1, level2)
Unreachable proposition: Atom ready-to-load(goods2, market2, level2)
Unreachable proposition: Atom ready-to-load(goods1, market1, level2)
Unreachable proposition: Atom ready-to-load(goods1, market2, level2)
H^2 mutexes added fw: 32, unreachable: 13
0 of 86 operators detected as spurious
iteration for mutex detection and operator pruning
Initialize m_index bw
Init values regression
Initialized mvalues backward: reached=4780, notReached=2106, spurious=2523
Initialize m_ops bw
Computing mutexes...
Mutex computation finished with reached=6403, notReached=483, spurious=2523
12 operators are spurious because were not triggered
Unreachable proposition: Atom stored(goods5, level2)
Unreachable proposition: Atom stored(goods3, level2)
Unreachable proposition: Atom stored(goods2, level2)
H^2 mutexes added bw: 0, unreachable: 3
0 of 74 operators detected as spurious
iteration for mutex detection and operator pruning
Initialize m_index fw
Initialized mvalues forward: reached=1225, notReached=5178, spurious=3006
Initialize m_ops fw
Computing mutexes...
Mutex computation finished with reached=6403, notReached=0, spurious=3006
0 operators are spurious because were not triggered
H^2 mutexes added fw: 0, unreachable: 0
0 of 74 operators detected as spurious
Total mutex and disambiguation time: 0.005642 iterations: 3
16 of 16 mutex groups necessary.
74 of 126 operators necessary.
0 of 0 axiom rules necessary.
Change id of operators: 74
Change id of mutexes
Change id of goals
Change id of initial state
Remove unreachable facts from variables: 35
16 of 16 mutex groups necessary.
74 of 74 operators necessary.
0 of 0 axiom rules necessary.
Updating causal graph and pruning unnecessary facts
35 variables of 35 of 35 necessary
The causal graph is not acyclic.
35 variables of 35 necessary
16 of 16 mutex groups necessary.
74 of 74 operators necessary.
0 of 0 axiom rules necessary.
Building domain transition graphs...
solveable in poly time 0
Building successor generator...
Preprocessor variables: 35
Preprocessor facts: 81
Preprocessor derived variables: 0
Preprocessor operators: 74
Preprocessor mutex groups: 16
Preprocessor task size: 562
Writing output...
Preprocessor time: 0.0119006s
Preprocessor peak memory: 2232 KB
done
INFO     Running search (release32).
INFO     search input: output
INFO     search arguments: ['--search', 'sbd(store_operators_in_optimal_plan=true, cost_type=1)']
INFO     search time limit: 3600s
INFO     search memory limit: 4096 MB
INFO     search executable: /mnt/data_server/torralba/subdominization/training/data/training_tpp/code-70296b3db083/builds/release32/bin/downward
INFO     callstring: /mnt/data_server/torralba/subdominization/training/data/training_tpp/code-70296b3db083/builds/release32/bin/downward --search 'sbd(store_operators_in_optimal_plan=true, cost_type=1)' --internal-plan-file sas_plan < output
time limit 3600.00 -> (3600, 3601)
reading input... [t=0.000151354s]
done reading input! [t=0.00138807s]
packing state variables...done! [t=0.00140284s]
Variables: 35
FactPairs: 81
Bytes per state: 8
Building successor generator...done! [t=0.00158148s]
done initalizing global data [t=0.00158704s]
TR(time=60000, nodes=100000)
Mutex(time=60000, nodes=100000, type=edeletion)
Aux(time=2000, nodes=1000000)
Disj(nodes=2147483647)
Estimation: min_time(1000) time_penalty +(1000)*(2) nodes_penalty +(1000)*(2)
MaxStep(time=30000, nodes=100000000, nodes_per_planning_second=100)
Ratio useful: 0
   Min alloted time: 60000 nodes: 10000000
   Max alloted time: 60000 nodes: 15000000
   Mult alloted time: 2 nodes: 2
   Ratio after relax: 0.8
building causal graph...done! [t=0.000136569s]
Sym variable order: 23 25 28 27 26 24 1 3 6 5 4 2 7 9 12 11 10 0 8 18 20 21 22 19 17 29 31 34 33 32 30 16 15 14 13 
Initializing Symbolic Variables
Num variables: 35 => 44
Initialize Symbolic Manager(88, 181818, 16000000, 0)
Generating binary variables
Symbolic Variables... Done.
BOUND: 1 < 2147483647, total time: 0.501445s
BOUND: 2 < 2147483647, total time: 0.501606s
BOUND: 3 < 2147483647, total time: 0.501907s
BOUND: 4 < 2147483647, total time: 0.502009s
BOUND: 5 < 2147483647, total time: 0.502192s
BOUND: 6 < 2147483647, total time: 0.502528s
BOUND: 7 < 2147483647, total time: 0.502849s
BOUND: 8 < 2147483647, total time: 0.503264s
BOUND: 9 < 2147483647, total time: 0.503888s
BOUND: 10 < 2147483647, total time: 0.504423s
BOUND: 11 < 2147483647, total time: 0.50558s
BOUND: 12 < 2147483647, total time: 0.506376s
BOUND: 13 < 2147483647, total time: 0.50734s
BOUND: 14 < 2147483647, total time: 0.509027s
BOUND: 15 < 2147483647, total time: 0.510336s
BOUND: 16 < 2147483647, total time: 0.512884s
BOUND: 17 < 2147483647, total time: 0.514448s
BOUND: 18 < 2147483647, total time: 0.516144s
BOUND: 19 < 2147483647, total time: 0.519259s
BOUND: 20 < 2147483647, total time: 0.5214s
BOUND: 21 < 2147483647, total time: 0.525566s
BOUND: 22 < 2147483647, total time: 0.528754s
BOUND: 23 < 2147483647, total time: 0.533589s
BOUND: 24 < 2147483647, total time: 0.537513s
BOUND: 25 < 2147483647, total time: 0.543413s
BOUND: 26 < 2147483647, total time: 0.548696s
BOUND: 27 < 2147483647, total time: 0.554312s
BOUND: 28 < 2147483647, total time: 0.560231s
BOUND: 29 < 2147483647, total time: 0.567552s
BOUND: 30 < 2147483647, total time: 0.573723s
Solution found with cost 30 total time: 0.578134s
Merging: 1
14 0.586797 1 659
Merging: 26
13 0.608582 1 748
Merging: 26
12 0.628885 1 792
Merging: 26
11 0.649954 1 805
Merging: 26
10 0.670788 1 757
Merging: 26
9 0.69008 1 687
Merging: 24
8 0.70793 1 599
Merging: 24
7 0.722469 1 506
Merging: 23
6 0.73473 1 413
Merging: 21
5 0.744001 1 301
Merging: 21
4 0.750076 1 197
Merging: 18
3 0.753485 1 100
Merging: 9
2 0.755362 1 49
Merging: 2
1 0.75641 1 45
Merging: 1
16 0.757285 1 659
Merging: 24
15 0.765699 1 558
Merging: 23
14 0.769646 1 482
Merging: 23
13 0.772676 1 372
Merging: 23
12 0.774781 1 259
Merging: 18
11 0.776229 1 140
Merging: 9
10 0.777207 1 71
Merging: 3
9 0.77785 1 64
Merging: 2
8 0.778452 1 64
Merging: 12
7 0.779405 1 132
Merging: 16
6 0.781041 1 182
Merging: 16
5 0.782952 1 227
Merging: 16
4 0.784897 1 248
Merging: 16
3 0.786742 1 227
Merging: 16
2 0.788272 1 181
Merging: 16
1 0.789406 1 130
BOUND: 30 < 30, total time: 0.789994s
Actual search time: 0.290844s [t=0.79235s]
drive truck1 depot2 market3 (1)
drive truck1 market3 market1 (1)
drive truck1 market1 market2 (1)
buy truck1 goods6 market2 level0 level1 level0 level1 (1)
load goods6 truck1 market2 level0 level1 level0 level1 (1)
buy truck1 goods1 market2 level0 level1 level0 level1 (1)
load goods1 truck1 market2 level0 level1 level0 level1 (1)
drive truck1 market2 market1 (1)
buy truck1 goods6 market1 level0 level1 level0 level1 (1)
buy truck1 goods5 market1 level0 level1 level0 level1 (1)
buy truck1 goods4 market1 level0 level1 level0 level1 (1)
buy truck1 goods3 market1 level0 level1 level0 level1 (1)
buy truck1 goods2 market1 level0 level1 level0 level1 (1)
buy truck1 goods1 market1 level0 level1 level0 level1 (1)
load goods1 truck1 market1 level0 level1 level1 level2 (1)
load goods2 truck1 market1 level0 level1 level0 level1 (1)
load goods3 truck1 market1 level0 level1 level0 level1 (1)
load goods4 truck1 market1 level0 level1 level0 level1 (1)
load goods5 truck1 market1 level0 level1 level0 level1 (1)
load goods6 truck1 market1 level0 level1 level1 level2 (1)
drive truck1 market1 market3 (1)
drive truck1 market3 depot2 (1)
unload goods1 truck1 depot2 level1 level2 level0 level1 (1)
unload goods1 truck1 depot2 level0 level1 level1 level2 (1)
unload goods2 truck1 depot2 level0 level1 level0 level1 (1)
unload goods3 truck1 depot2 level0 level1 level0 level1 (1)
unload goods4 truck1 depot2 level0 level1 level0 level1 (1)
unload goods5 truck1 depot2 level0 level1 level0 level1 (1)
unload goods6 truck1 depot2 level1 level2 level0 level1 (1)
unload goods6 truck1 depot2 level0 level1 level1 level2 (1)
Plan length: 30 step(s).
Plan cost: 30
Bytes per state: 8
Search time: 0.296483s
Total time: 0.792371s
Solution found.
Peak memory: 236704 KB
Running single search parser
