INFO     Running translator.
INFO     translator input: ['domain.pddl', 'problem.pddl']
INFO     translator arguments: []
INFO     translator time limit: None
INFO     translator memory limit: None
INFO     callstring: /usr/bin/python /mnt/data_server/torralba/subdominization/training/data/training_satellite/code-70296b3db083/builds/release32/bin/translate/translate.py domain.pddl problem.pddl
Parsing...
Parsing: [0.010s CPU, 0.054s wall-clock]
Normalizing task... [0.000s CPU, 0.000s wall-clock]
Instantiating...
Generating Datalog program... [0.000s CPU, 0.001s wall-clock]
Normalizing Datalog program...
Normalizing Datalog program: [0.010s CPU, 0.010s wall-clock]
Preparing model... [0.000s CPU, 0.003s wall-clock]
Generated 31 rules.
Computing model... [0.030s CPU, 0.038s wall-clock]
1328 relevant atoms
400 auxiliary atoms
1728 final queue length
2717 total queue pushes
Completing instantiation... [0.060s CPU, 0.058s wall-clock]
Instantiating: [0.100s CPU, 0.138s wall-clock]
Computing fact groups...
Finding invariants...
12 initial candidates
Finding invariants: [0.010s CPU, 0.004s wall-clock]
Checking invariant weight... [0.000s CPU, 0.000s wall-clock]
Instantiating groups... [0.000s CPU, 0.000s wall-clock]
Collecting mutex groups... [0.000s CPU, 0.000s wall-clock]
Choosing groups...
53 uncovered facts
Choosing groups: [0.000s CPU, 0.000s wall-clock]
Building translation key... [0.000s CPU, 0.001s wall-clock]
Computing fact groups: [0.010s CPU, 0.007s wall-clock]
Building STRIPS to SAS dictionary... [0.000s CPU, 0.000s wall-clock]
Building dictionary for full mutex groups... [0.000s CPU, 0.000s wall-clock]
Building mutex information...
Building mutex information: [0.000s CPU, 0.000s wall-clock]
Translating task...
Processing axioms...
Simplifying axioms... [0.000s CPU, 0.000s wall-clock]
Processing axioms: [0.000s CPU, 0.003s wall-clock]
Translating task: [0.060s CPU, 0.063s wall-clock]
27 effect conditions simplified
0 implied preconditions added
Detecting unreachable propositions...
0 operators removed
0 axioms removed
3 propositions removed
Detecting unreachable propositions: [0.030s CPU, 0.035s wall-clock]
Translator variables: 56
Translator derived variables: 0
Translator facts: 154
Translator goal facts: 3
Translator mutex groups: 3
Translator total mutex groups size: 48
Translator operators: 1036
Translator axioms: 0
Translator task size: 3966
Translator peak memory: 48064 KB
Writing output... [0.020s CPU, 0.084s wall-clock]
Done! [0.240s CPU, 0.385s wall-clock]
INFO     Running preprocessor (release32).
INFO     preprocessor input: output.sas
INFO     preprocessor arguments: []
INFO     preprocessor time limit: None
INFO     preprocessor memory limit: None
INFO     callstring: /mnt/data_server/torralba/subdominization/training/data/training_satellite/code-70296b3db083/builds/release32/bin/preprocess < output.sas
Building causal graph...
The causal graph is not acyclic.
25 variables of 56 necessary
0 of 3 mutex groups necessary.
773 of 1036 operators necessary.
0 of 0 axiom rules necessary.
Initializing mutex computation...
Mutex computation initialized with 92 fluents.
iteration for mutex detection and operator pruning
Initialize m_index fw
Initialized mvalues forward: reached=625, notReached=7075, spurious=764
Initialize m_ops fw
Computing mutexes...
Mutex computation finished with reached=7662, notReached=38, spurious=764
0 operators are spurious because were not triggered
H^2 mutexes added fw: 38, unreachable: 0
0 of 773 operators detected as spurious
iteration for mutex detection and operator pruning
Initialize m_index bw
Init values regression
Initialized mvalues backward: reached=3401, notReached=4261, spurious=802
Initialize m_ops bw
Computing mutexes...
Mutex computation finished with reached=7662, notReached=0, spurious=802
0 operators are spurious because were not triggered
H^2 mutexes added bw: 0, unreachable: 0
0 of 773 operators detected as spurious
Total mutex and disambiguation time: 0.024591 iterations: 2
19 of 19 mutex groups necessary.
773 of 773 operators necessary.
0 of 0 axiom rules necessary.
Change id of operators: 773
Change id of mutexes
Change id of goals
Change id of initial state
Remove unreachable facts from variables: 25
19 of 19 mutex groups necessary.
773 of 773 operators necessary.
0 of 0 axiom rules necessary.
Updating causal graph and pruning unnecessary facts
25 variables of 25 of 56 necessary
The causal graph is not acyclic.
25 variables of 25 necessary
19 of 19 mutex groups necessary.
773 of 773 operators necessary.
0 of 0 axiom rules necessary.
Building domain transition graphs...
solveable in poly time 0
Building successor generator...
Preprocessor variables: 25
Preprocessor facts: 92
Preprocessor derived variables: 0
Preprocessor operators: 773
Preprocessor mutex groups: 19
Preprocessor task size: 2548
Writing output...
Preprocessor time: 0.0496811s
Preprocessor peak memory: 2620 KB
done
INFO     Running search (release32).
INFO     search input: output
INFO     search arguments: ['--search', 'sbd(store_operators_in_optimal_plan=true, cost_type=1)']
INFO     search time limit: 3600s
INFO     search memory limit: 4096 MB
INFO     search executable: /mnt/data_server/torralba/subdominization/training/data/training_satellite/code-70296b3db083/builds/release32/bin/downward
INFO     callstring: /mnt/data_server/torralba/subdominization/training/data/training_satellite/code-70296b3db083/builds/release32/bin/downward --search 'sbd(store_operators_in_optimal_plan=true, cost_type=1)' --internal-plan-file sas_plan < output
time limit 3600.00 -> (3600, 3601)
reading input... [t=0.000175875s]
done reading input! [t=0.00613627s]
packing state variables...done! [t=0.00615458s]
Variables: 25
FactPairs: 92
Bytes per state: 8
Building successor generator...done! [t=0.00664736s]
done initalizing global data [t=0.00665481s]
TR(time=60000, nodes=100000)
Mutex(time=60000, nodes=100000, type=edeletion)
Aux(time=2000, nodes=1000000)
Disj(nodes=2147483647)
Estimation: min_time(1000) time_penalty +(1000)*(2) nodes_penalty +(1000)*(2)
MaxStep(time=30000, nodes=100000000, nodes_per_planning_second=100)
Ratio useful: 0
   Min alloted time: 60000 nodes: 10000000
   Max alloted time: 60000 nodes: 15000000
   Mult alloted time: 2 nodes: 2
   Ratio after relax: 0.8
building causal graph...done! [t=0.000144511s]
Sym variable order: 4 6 8 3 9 0 7 5 18 17 20 21 24 19 2 22 16 23 15 1 13 11 14 10 12 
Initializing Symbolic Variables
Num variables: 25 => 34
Initialize Symbolic Manager(68, 235294, 16000000, 0)
Generating binary variables
Symbolic Variables... Done.
BOUND: 1 < 2147483647, total time: 0.461006s
BOUND: 2 < 2147483647, total time: 0.461285s
BOUND: 3 < 2147483647, total time: 0.461659s
BOUND: 4 < 2147483647, total time: 0.462195s
BOUND: 5 < 2147483647, total time: 0.462615s
BOUND: 6 < 2147483647, total time: 0.463222s
Solution found with cost 6 total time: 0.464033s
Merging: 1
3 0.476088 1 75
Merging: 6
2 0.488834 1 82
Merging: 6
1 0.50138 1 59
Merging: 1
3 0.511705 1 75
Merging: 6
2 0.51825 1 73
Merging: 6
1 0.523836 1 76
BOUND: 6 < 6, total time: 0.52934s
Actual search time: 0.0685552s [t=0.529596s]
turn_to satellite2 groundstation3 star6 (1)
switch_on instrument3 satellite1 (1)
calibrate satellite1 instrument3 groundstation12 (1)
turn_to satellite1 phenomenon15 groundstation12 (1)
take_image satellite1 phenomenon15 instrument3 thermograph0 (1)
turn_to satellite1 star1 phenomenon15 (1)
Plan length: 6 step(s).
Plan cost: 6
Bytes per state: 8
Search time: 0.0830355s
Total time: 0.529607s
Solution found.
Peak memory: 214980 KB
Running single search parser
