INFO     Running translator.
INFO     translator input: ['domain.pddl', 'problem.pddl']
INFO     translator arguments: []
INFO     translator time limit: None
INFO     translator memory limit: None
INFO     callstring: /usr/bin/python /mnt/data_server/torralba/subdominization/training/data/training_satellite/code-70296b3db083/builds/release32/bin/translate/translate.py domain.pddl problem.pddl
Parsing...
Parsing: [0.000s CPU, 0.008s wall-clock]
Normalizing task... [0.000s CPU, 0.000s wall-clock]
Instantiating...
Generating Datalog program... [0.000s CPU, 0.001s wall-clock]
Normalizing Datalog program...
Normalizing Datalog program: [0.000s CPU, 0.004s wall-clock]
Preparing model... [0.010s CPU, 0.002s wall-clock]
Generated 31 rules.
Computing model... [0.000s CPU, 0.009s wall-clock]
282 relevant atoms
152 auxiliary atoms
434 final queue length
556 total queue pushes
Completing instantiation... [0.010s CPU, 0.010s wall-clock]
Instantiating: [0.020s CPU, 0.032s wall-clock]
Computing fact groups...
Finding invariants...
12 initial candidates
Finding invariants: [0.010s CPU, 0.003s wall-clock]
Checking invariant weight... [0.000s CPU, 0.000s wall-clock]
Instantiating groups... [0.000s CPU, 0.000s wall-clock]
Collecting mutex groups... [0.000s CPU, 0.000s wall-clock]
Choosing groups...
32 uncovered facts
Choosing groups: [0.000s CPU, 0.000s wall-clock]
Building translation key... [0.000s CPU, 0.000s wall-clock]
Computing fact groups: [0.010s CPU, 0.005s wall-clock]
Building STRIPS to SAS dictionary... [0.000s CPU, 0.000s wall-clock]
Building dictionary for full mutex groups... [0.000s CPU, 0.000s wall-clock]
Building mutex information...
Building mutex information: [0.000s CPU, 0.000s wall-clock]
Translating task...
Processing axioms...
Simplifying axioms... [0.000s CPU, 0.000s wall-clock]
Processing axioms: [0.000s CPU, 0.001s wall-clock]
Translating task: [0.010s CPU, 0.010s wall-clock]
18 effect conditions simplified
0 implied preconditions added
Detecting unreachable propositions...
0 operators removed
0 axioms removed
2 propositions removed
Detecting unreachable propositions: [0.010s CPU, 0.006s wall-clock]
Translator variables: 34
Translator derived variables: 0
Translator facts: 76
Translator goal facts: 3
Translator mutex groups: 2
Translator total mutex groups size: 12
Translator operators: 150
Translator axioms: 0
Translator task size: 743
Translator peak memory: 43744 KB
Writing output... [0.000s CPU, 0.011s wall-clock]
Done! [0.050s CPU, 0.073s wall-clock]
INFO     Running preprocessor (release32).
INFO     preprocessor input: output.sas
INFO     preprocessor arguments: []
INFO     preprocessor time limit: None
INFO     preprocessor memory limit: None
INFO     callstring: /mnt/data_server/torralba/subdominization/training/data/training_satellite/code-70296b3db083/builds/release32/bin/preprocess < output.sas
Building causal graph...
The causal graph is not acyclic.
14 variables of 34 necessary
0 of 2 mutex groups necessary.
78 of 150 operators necessary.
0 of 0 axiom rules necessary.
Initializing mutex computation...
Mutex computation initialized with 36 fluents.
iteration for mutex detection and operator pruning
Initialize m_index fw
Initialized mvalues forward: reached=196, notReached=1016, spurious=84
Initialize m_ops fw
Computing mutexes...
Mutex computation finished with reached=1188, notReached=24, spurious=84
0 operators are spurious because were not triggered
H^2 mutexes added fw: 24, unreachable: 0
0 of 78 operators detected as spurious
iteration for mutex detection and operator pruning
Initialize m_index bw
Init values regression
Initialized mvalues backward: reached=579, notReached=609, spurious=108
Initialize m_ops bw
Computing mutexes...
Mutex computation finished with reached=1188, notReached=0, spurious=108
0 operators are spurious because were not triggered
H^2 mutexes added bw: 0, unreachable: 0
0 of 78 operators detected as spurious
Total mutex and disambiguation time: 0.001297 iterations: 2
12 of 12 mutex groups necessary.
78 of 78 operators necessary.
0 of 0 axiom rules necessary.
Change id of operators: 78
Change id of mutexes
Change id of goals
Change id of initial state
Remove unreachable facts from variables: 14
12 of 12 mutex groups necessary.
78 of 78 operators necessary.
0 of 0 axiom rules necessary.
Updating causal graph and pruning unnecessary facts
14 variables of 14 of 34 necessary
The causal graph is not acyclic.
14 variables of 14 necessary
12 of 12 mutex groups necessary.
78 of 78 operators necessary.
0 of 0 axiom rules necessary.
Building domain transition graphs...
solveable in poly time 0
Building successor generator...
Preprocessor variables: 14
Preprocessor facts: 36
Preprocessor derived variables: 0
Preprocessor operators: 78
Preprocessor mutex groups: 12
Preprocessor task size: 335
Writing output...
Preprocessor time: 0.00554106s
Preprocessor peak memory: 2232 KB
done
INFO     Running search (release32).
INFO     search input: output
INFO     search arguments: ['--search', 'sbd(store_operators_in_optimal_plan=true, cost_type=1)']
INFO     search time limit: 3600s
INFO     search memory limit: 4096 MB
INFO     search executable: /mnt/data_server/torralba/subdominization/training/data/training_satellite/code-70296b3db083/builds/release32/bin/downward
INFO     callstring: /mnt/data_server/torralba/subdominization/training/data/training_satellite/code-70296b3db083/builds/release32/bin/downward --search 'sbd(store_operators_in_optimal_plan=true, cost_type=1)' --internal-plan-file sas_plan < output
time limit 3600.00 -> (3600, 3601)
reading input... [t=0.000144008s]
done reading input! [t=0.000973202s]
packing state variables...done! [t=0.000986264s]
Variables: 14
FactPairs: 36
Bytes per state: 4
Building successor generator...done! [t=0.0010663s]
done initalizing global data [t=0.0010716s]
TR(time=60000, nodes=100000)
Mutex(time=60000, nodes=100000, type=edeletion)
Aux(time=2000, nodes=1000000)
Disj(nodes=2147483647)
Estimation: min_time(1000) time_penalty +(1000)*(2) nodes_penalty +(1000)*(2)
MaxStep(time=30000, nodes=100000000, nodes_per_planning_second=100)
Ratio useful: 0
   Min alloted time: 60000 nodes: 10000000
   Max alloted time: 60000 nodes: 15000000
   Mult alloted time: 2 nodes: 2
   Ratio after relax: 0.8
building causal graph...done! [t=6.1429e-05s]
Sym variable order: 4 3 5 2 6 0 13 1 11 9 12 7 10 8 
Initializing Symbolic Variables
Num variables: 14 => 18
Initialize Symbolic Manager(36, 444444, 16000000, 0)
Generating binary variables
Symbolic Variables... Done.
BOUND: 1 < 2147483647, total time: 0.333684s
BOUND: 2 < 2147483647, total time: 0.33382s
BOUND: 3 < 2147483647, total time: 0.333957s
BOUND: 4 < 2147483647, total time: 0.334115s
BOUND: 5 < 2147483647, total time: 0.334282s
Solution found with cost 5 total time: 0.33441s
Merging: 1
2 0.335117 1 19
Merging: 2
1 0.335614 1 24
Merging: 1
3 0.336203 1 19
Merging: 1
2 0.336527 1 19
Merging: 1
1 0.336767 1 19
BOUND: 5 < 5, total time: 0.337037s
Actual search time: 0.00355107s [t=0.337278s]
turn_to satellite0 groundstation0 star3 (1)
switch_on instrument0 satellite0 (1)
calibrate satellite0 instrument0 groundstation0 (1)
turn_to satellite0 phenomenon5 groundstation0 (1)
take_image satellite0 phenomenon5 instrument0 image0 (1)
Plan length: 5 step(s).
Plan cost: 5
Bytes per state: 4
Search time: 0.00565625s
Total time: 0.337288s
Solution found.
Peak memory: 218732 KB
Running single search parser
