INFO     Running translator.
INFO     translator input: ['domain.pddl', 'problem.pddl']
INFO     translator arguments: []
INFO     translator time limit: None
INFO     translator memory limit: None
INFO     callstring: /usr/bin/python /mnt/data_server/torralba/subdominization/training/data/training_satellite/code-70296b3db083/builds/release32/bin/translate/translate.py domain.pddl problem.pddl
Parsing...
Parsing: [0.000s CPU, 0.024s wall-clock]
Normalizing task... [0.000s CPU, 0.000s wall-clock]
Instantiating...
Generating Datalog program... [0.000s CPU, 0.001s wall-clock]
Normalizing Datalog program...
Normalizing Datalog program: [0.010s CPU, 0.066s wall-clock]
Preparing model... [0.000s CPU, 0.003s wall-clock]
Generated 31 rules.
Computing model... [0.020s CPU, 0.018s wall-clock]
506 relevant atoms
190 auxiliary atoms
696 final queue length
992 total queue pushes
Completing instantiation... [0.020s CPU, 0.019s wall-clock]
Instantiating: [0.050s CPU, 0.110s wall-clock]
Computing fact groups...
Finding invariants...
12 initial candidates
Finding invariants: [0.000s CPU, 0.003s wall-clock]
Checking invariant weight... [0.000s CPU, 0.000s wall-clock]
Instantiating groups... [0.000s CPU, 0.000s wall-clock]
Collecting mutex groups... [0.000s CPU, 0.000s wall-clock]
Choosing groups...
40 uncovered facts
Choosing groups: [0.010s CPU, 0.000s wall-clock]
Building translation key... [0.000s CPU, 0.001s wall-clock]
Computing fact groups: [0.010s CPU, 0.005s wall-clock]
Building STRIPS to SAS dictionary... [0.000s CPU, 0.000s wall-clock]
Building dictionary for full mutex groups... [0.000s CPU, 0.000s wall-clock]
Building mutex information...
Building mutex information: [0.000s CPU, 0.000s wall-clock]
Translating task...
Processing axioms...
Simplifying axioms... [0.000s CPU, 0.000s wall-clock]
Processing axioms: [0.000s CPU, 0.001s wall-clock]
Translating task: [0.020s CPU, 0.019s wall-clock]
15 effect conditions simplified
0 implied preconditions added
Detecting unreachable propositions...
0 operators removed
0 axioms removed
3 propositions removed
Detecting unreachable propositions: [0.010s CPU, 0.012s wall-clock]
Translator variables: 43
Translator derived variables: 0
Translator facts: 107
Translator goal facts: 6
Translator mutex groups: 3
Translator total mutex groups size: 27
Translator operators: 330
Translator axioms: 0
Translator task size: 1391
Translator peak memory: 44592 KB
Writing output... [0.000s CPU, 0.059s wall-clock]
Done! [0.100s CPU, 0.232s wall-clock]
INFO     Running preprocessor (release32).
INFO     preprocessor input: output.sas
INFO     preprocessor arguments: []
INFO     preprocessor time limit: None
INFO     preprocessor memory limit: None
INFO     callstring: /mnt/data_server/torralba/subdominization/training/data/training_satellite/code-70296b3db083/builds/release32/bin/preprocess < output.sas
Building causal graph...
The causal graph is not acyclic.
20 variables of 43 necessary
0 of 3 mutex groups necessary.
245 of 330 operators necessary.
0 of 0 axiom rules necessary.
Initializing mutex computation...
Mutex computation initialized with 61 fluents.
iteration for mutex detection and operator pruning
Initialize m_index fw
Initialized mvalues forward: reached=400, notReached=3071, spurious=250
Initialize m_ops fw
Computing mutexes...
Mutex computation finished with reached=3455, notReached=16, spurious=250
0 operators are spurious because were not triggered
H^2 mutexes added fw: 16, unreachable: 0
0 of 245 operators detected as spurious
iteration for mutex detection and operator pruning
Initialize m_index bw
Init values regression
Initialized mvalues backward: reached=1567, notReached=1888, spurious=266
Initialize m_ops bw
Computing mutexes...
Mutex computation finished with reached=3455, notReached=0, spurious=266
0 operators are spurious because were not triggered
H^2 mutexes added bw: 0, unreachable: 0
0 of 245 operators detected as spurious
Total mutex and disambiguation time: 0.005689 iterations: 2
8 of 8 mutex groups necessary.
245 of 245 operators necessary.
0 of 0 axiom rules necessary.
Change id of operators: 245
Change id of mutexes
Change id of goals
Change id of initial state
Remove unreachable facts from variables: 20
8 of 8 mutex groups necessary.
245 of 245 operators necessary.
0 of 0 axiom rules necessary.
Updating causal graph and pruning unnecessary facts
20 variables of 20 of 43 necessary
The causal graph is not acyclic.
20 variables of 20 necessary
8 of 8 mutex groups necessary.
245 of 245 operators necessary.
0 of 0 axiom rules necessary.
Building domain transition graphs...
solveable in poly time 0
Building successor generator...
Preprocessor variables: 20
Preprocessor facts: 61
Preprocessor derived variables: 0
Preprocessor operators: 245
Preprocessor mutex groups: 8
Preprocessor task size: 886
Writing output...
Preprocessor time: 0.0145336s
Preprocessor peak memory: 2252 KB
done
INFO     Running search (release32).
INFO     search input: output
INFO     search arguments: ['--search', 'sbd(store_operators_in_optimal_plan=true, cost_type=1)']
INFO     search time limit: 3600s
INFO     search memory limit: 4096 MB
INFO     search executable: /mnt/data_server/torralba/subdominization/training/data/training_satellite/code-70296b3db083/builds/release32/bin/downward
INFO     callstring: /mnt/data_server/torralba/subdominization/training/data/training_satellite/code-70296b3db083/builds/release32/bin/downward --search 'sbd(store_operators_in_optimal_plan=true, cost_type=1)' --internal-plan-file sas_plan < output
time limit 3600.00 -> (3600, 3601)
reading input... [t=0.000134473s]
done reading input! [t=0.00208178s]
packing state variables...done! [t=0.00209783s]
Variables: 20
FactPairs: 61
Bytes per state: 4
Building successor generator...done! [t=0.00229806s]
done initalizing global data [t=0.00230358s]
TR(time=60000, nodes=100000)
Mutex(time=60000, nodes=100000, type=edeletion)
Aux(time=2000, nodes=1000000)
Disj(nodes=2147483647)
Estimation: min_time(1000) time_penalty +(1000)*(2) nodes_penalty +(1000)*(2)
MaxStep(time=30000, nodes=100000000, nodes_per_planning_second=100)
Ratio useful: 0
   Min alloted time: 60000 nodes: 10000000
   Max alloted time: 60000 nodes: 15000000
   Mult alloted time: 2 nodes: 2
   Ratio after relax: 0.8
building causal graph...done! [t=9.6758e-05s]
Sym variable order: 8 9 10 1 19 16 18 2 15 11 14 12 17 13 0 7 3 6 4 5 
Initializing Symbolic Variables
Num variables: 20 => 29
Initialize Symbolic Manager(58, 275862, 16000000, 0)
Generating binary variables
Symbolic Variables... Done.
BOUND: 1 < 2147483647, total time: 0.447492s
BOUND: 2 < 2147483647, total time: 0.447708s
BOUND: 3 < 2147483647, total time: 0.447962s
BOUND: 4 < 2147483647, total time: 0.44823s
BOUND: 5 < 2147483647, total time: 0.448691s
BOUND: 6 < 2147483647, total time: 0.449063s
BOUND: 7 < 2147483647, total time: 0.44963s
BOUND: 8 < 2147483647, total time: 0.450478s
BOUND: 9 < 2147483647, total time: 0.451441s
BOUND: 10 < 2147483647, total time: 0.452842s
BOUND: 11 < 2147483647, total time: 0.454534s
BOUND: 12 < 2147483647, total time: 0.456693s
Solution found with cost 12 total time: 0.459234s
Merging: 1
7 0.469071 1 166
Merging: 34
6 0.481122 1 171
Merging: 34
5 0.492764 1 147
Merging: 38
4 0.501816 1 123
Merging: 19
3 0.509403 1 88
Merging: 13
2 0.514928 1 76
Merging: 6
1 0.519483 1 57
Merging: 1
5 0.522845 1 166
Merging: 34
4 0.53035 1 172
Merging: 34
3 0.536344 1 156
Merging: 34
2 0.541026 1 137
Merging: 26
1 0.544995 1 98
BOUND: 12 < 12, total time: 0.547926s
Actual search time: 0.100871s [t=0.548421s]
switch_on instrument2 satellite1 (1)
calibrate satellite1 instrument2 star0 (1)
turn_to satellite1 star6 star0 (1)
take_image satellite1 star6 instrument2 image1 (1)
turn_to satellite1 planet5 star6 (1)
turn_to satellite0 star4 planet5 (1)
take_image satellite1 planet5 instrument2 image1 (1)
turn_to satellite1 star7 planet5 (1)
take_image satellite1 star7 instrument2 thermograph0 (1)
turn_to satellite1 star8 star7 (1)
take_image satellite1 star8 instrument2 image1 (1)
turn_to satellite2 star0 groundstation2 (1)
Plan length: 12 step(s).
Plan cost: 12
Bytes per state: 4
Search time: 0.107246s
Total time: 0.548433s
Solution found.
Peak memory: 264832 KB
Running single search parser
