INFO     Running translator.
INFO     translator input: ['domain.pddl', 'problem.pddl']
INFO     translator arguments: []
INFO     translator time limit: None
INFO     translator memory limit: None
INFO     callstring: /usr/bin/python /mnt/data_server/torralba/subdominization/training/data/training_agricola/code-70296b3db083/builds/release32/bin/translate/translate.py domain.pddl problem.pddl
Parsing...
Parsing: [0.030s CPU, 0.030s wall-clock]
Normalizing task... [0.000s CPU, 0.001s wall-clock]
Instantiating...
Generating Datalog program... [0.010s CPU, 0.006s wall-clock]
Normalizing Datalog program...
Normalizing Datalog program: [0.010s CPU, 0.019s wall-clock]
Preparing model... [0.020s CPU, 0.016s wall-clock]
Generated 258 rules.
Computing model... [2.380s CPU, 2.391s wall-clock]
60055 relevant atoms
1572 auxiliary atoms
61627 final queue length
223775 total queue pushes
Completing instantiation... [14.750s CPU, 14.823s wall-clock]
Instantiating: [17.190s CPU, 17.400s wall-clock]
Computing fact groups...
Finding invariants...
44 initial candidates
Finding invariants: [0.250s CPU, 0.251s wall-clock]
Checking invariant weight... [0.000s CPU, 0.001s wall-clock]
Instantiating groups... [0.010s CPU, 0.002s wall-clock]
Collecting mutex groups... [0.000s CPU, 0.000s wall-clock]
Choosing groups...
104 uncovered facts
Choosing groups: [0.000s CPU, 0.000s wall-clock]
Building translation key... [0.000s CPU, 0.001s wall-clock]
Computing fact groups: [0.260s CPU, 0.258s wall-clock]
Building STRIPS to SAS dictionary... [0.000s CPU, 0.000s wall-clock]
Building dictionary for full mutex groups... [0.000s CPU, 0.000s wall-clock]
Building mutex information...
Building mutex information: [0.000s CPU, 0.000s wall-clock]
Translating task...
Processing axioms...
Simplifying axioms... [0.000s CPU, 0.000s wall-clock]
Processing axioms: [0.440s CPU, 0.439s wall-clock]
Translating task: [9.890s CPU, 9.934s wall-clock]
63815 effect conditions simplified
0 implied preconditions added
Detecting unreachable propositions...
0 operators removed
0 axioms removed
36 propositions removed
Detecting unreachable propositions: [4.760s CPU, 4.781s wall-clock]
Translator variables: 101
Translator derived variables: 0
Translator facts: 239
Translator goal facts: 1
Translator mutex groups: 8
Translator total mutex groups size: 53
Translator operators: 59407
Translator axioms: 0
Translator task size: 670219
Translator peak memory: 658220 KB
Writing output... [1.360s CPU, 1.742s wall-clock]
Done! [33.810s CPU, 34.463s wall-clock]
INFO     Running preprocessor (release32).
INFO     preprocessor input: output.sas
INFO     preprocessor arguments: []
INFO     preprocessor time limit: None
INFO     preprocessor memory limit: None
INFO     callstring: /mnt/data_server/torralba/subdominization/training/data/training_agricola/code-70296b3db083/builds/release32/bin/preprocess < output.sas
Building causal graph...
The causal graph is not acyclic.
95 variables of 101 necessary
0 of 8 mutex groups necessary.
59407 of 59407 operators necessary.
0 of 0 axiom rules necessary.
Initializing mutex computation...
Mutex computation initialized with 227 fluents.
iteration for mutex detection and operator pruning
Initialize m_index fw
Initialized mvalues forward: reached=9025, notReached=41904, spurious=600
Initialize m_ops fw
Computing mutexes...
Mutex computation finished with reached=45711, notReached=5218, spurious=600
43975 operators are spurious because were not triggered
Unreachable proposition: Atom harvest_phase(stage4, harvest_feeding)
Unreachable proposition: Atom harvest_phase(stage4, harvest_breeding)
H^2 mutexes added fw: 4318, unreachable: 2
0 of 15432 operators detected as spurious
iteration for mutex detection and operator pruning
Initialize m_index bw
Init values regression
Initialized mvalues backward: reached=31383, notReached=14328, spurious=5818
Initialize m_ops bw
Computing mutexes...
Mutex computation finished with reached=45691, notReached=20, spurious=5818
0 operators are spurious because were not triggered
H^2 mutexes added bw: 20, unreachable: 0
0 of 15432 operators detected as spurious
iteration for mutex detection and operator pruning
Initialize m_index fw
Initialized mvalues forward: reached=9025, notReached=36666, spurious=5838
Initialize m_ops fw
Computing mutexes...
Mutex computation finished with reached=45691, notReached=0, spurious=5838
0 operators are spurious because were not triggered
H^2 mutexes added fw: 0, unreachable: 0
0 of 15432 operators detected as spurious
Total mutex and disambiguation time: 8.21563 iterations: 3
2169 of 2169 mutex groups necessary.
15432 of 59407 operators necessary.
0 of 0 axiom rules necessary.
Change id of operators: 15432
Change id of mutexes
Change id of goals
Change id of initial state
Remove unreachable facts from variables: 95
2169 of 2169 mutex groups necessary.
15432 of 15432 operators necessary.
0 of 0 axiom rules necessary.
Updating causal graph and pruning unnecessary facts
93 variables of 95 of 101 necessary
The causal graph is not acyclic.
92 variables of 93 necessary
2118 of 2169 mutex groups necessary.
15432 of 15432 operators necessary.
0 of 0 axiom rules necessary.
Building domain transition graphs...
solveable in poly time 0
Building successor generator...
Preprocessor variables: 92
Preprocessor facts: 221
Preprocessor derived variables: 0
Preprocessor operators: 15432
Preprocessor mutex groups: 2118
Preprocessor task size: 164526
Writing output...
Preprocessor time: 10.3598s
Preprocessor peak memory: 132336 KB
done
INFO     Running search (release32).
INFO     search input: output
INFO     search arguments: ['--search', 'sbw(store_operators_in_optimal_plan=true, cost_type=1)']
INFO     search time limit: 3600s
INFO     search memory limit: 4096 MB
INFO     search executable: /mnt/data_server/torralba/subdominization/training/data/training_agricola/code-70296b3db083/builds/release32/bin/downward
INFO     callstring: /mnt/data_server/torralba/subdominization/training/data/training_agricola/code-70296b3db083/builds/release32/bin/downward --search 'sbw(store_operators_in_optimal_plan=true, cost_type=1)' --internal-plan-file sas_plan < output
time limit 3600.00 -> (3600, 3601)
reading input... [t=0.000145549s]
done reading input! [t=0.235493s]
packing state variables...done! [t=0.235536s]
Variables: 92
FactPairs: 221
Bytes per state: 16
Building successor generator...done! [t=0.315801s]
done initalizing global data [t=0.315829s]
TR(time=60000, nodes=100000)
Mutex(time=60000, nodes=100000, type=edeletion)
Aux(time=2000, nodes=1000000)
Disj(nodes=2147483647)
Estimation: min_time(1000) time_penalty +(1000)*(2) nodes_penalty +(1000)*(2)
MaxStep(time=30000, nodes=100000000, nodes_per_planning_second=100)
Ratio useful: 0
   Min alloted time: 60000 nodes: 10000000
   Max alloted time: 60000 nodes: 15000000
   Mult alloted time: 2 nodes: 2
   Ratio after relax: 0.8
building causal graph...done! [t=0.0231198s]
Sym variable order: 91 6 7 43 46 47 42 44 45 65 67 66 14 1 8 0 5 11 10 3 86 87 54 77 79 78 90 55 57 59 58 62 64 69 70 60 23 22 24 34 61 39 29 63 41 32 33 31 76 25 89 27 81 9 82 75 73 74 15 88 84 71 72 68 80 56 85 50 52 83 51 53 48 49 36 37 28 40 38 30 35 26 12 16 19 18 17 20 21 13 2 4 
Initializing Symbolic Variables
Num variables: 92 => 109
Initialize Symbolic Manager(218, 73394, 16000000, 0)
Generating binary variables
Symbolic Variables... Done.
BOUND: 1 < 2147483647, total time: 2.99418s
BOUND: 2 < 2147483647, total time: 3.04515s
BOUND: 3 < 2147483647, total time: 3.04943s
BOUND: 4 < 2147483647, total time: 3.05377s
BOUND: 5 < 2147483647, total time: 3.05982s
BOUND: 6 < 2147483647, total time: 3.07601s
BOUND: 7 < 2147483647, total time: 3.11141s
BOUND: 8 < 2147483647, total time: 3.42495s
BOUND: 9 < 2147483647, total time: 4.80698s
BOUND: 10 < 2147483647, total time: 8.69971s
BOUND: 11 < 2147483647, total time: 18.9794s
BOUND: 12 < 2147483647, total time: 28.6957s
BOUND: 13 < 2147483647, total time: 36.3032s
BOUND: 14 < 2147483647, total time: 38.0487s
BOUND: 15 < 2147483647, total time: 38.8087s
BOUND: 16 < 2147483647, total time: 40.0146s
BOUND: 17 < 2147483647, total time: 42.4482s
BOUND: 18 < 2147483647, total time: 47.0976s
BOUND: 19 < 2147483647, total time: 54.4509s
BOUND: 20 < 2147483647, total time: 66.8946s
BOUND: 21 < 2147483647, total time: 73.8156s
BOUND: 22 < 2147483647, total time: 77.1372s
BOUND: 23 < 2147483647, total time: 78.1817s
BOUND: 24 < 2147483647, total time: 78.5847s
BOUND: 25 < 2147483647, total time: 78.9361s
BOUND: 26 < 2147483647, total time: 79.4065s
BOUND: 27 < 2147483647, total time: 81.9718s
BOUND: 28 < 2147483647, total time: 82.5817s
BOUND: 29 < 2147483647, total time: 83.3461s
BOUND: 30 < 2147483647, total time: 84.4135s
BOUND: 31 < 2147483647, total time: 85.6874s
BOUND: 32 < 2147483647, total time: 86.9335s
BOUND: 33 < 2147483647, total time: 88.1246s
BOUND: 34 < 2147483647, total time: 88.9261s
BOUND: 35 < 2147483647, total time: 89.4033s
BOUND: 36 < 2147483647, total time: 89.7614s
BOUND: 37 < 2147483647, total time: 90.0639s
BOUND: 38 < 2147483647, total time: 90.3936s
BOUND: 39 < 2147483647, total time: 90.6991s
BOUND: 40 < 2147483647, total time: 91.0081s
BOUND: 41 < 2147483647, total time: 91.2831s
BOUND: 42 < 2147483647, total time: 91.4746s
BOUND: 43 < 2147483647, total time: 91.6229s
BOUND: 44 < 2147483647, total time: 91.8127s
BOUND: 45 < 2147483647, total time: 92.0573s
BOUND: 46 < 2147483647, total time: 92.2296s
BOUND: 47 < 2147483647, total time: 92.3219s
BOUND: 48 < 2147483647, total time: 92.4152s
BOUND: 49 < 2147483647, total time: 92.5553s
BOUND: 50 < 2147483647, total time: 92.7768s
BOUND: 51 < 2147483647, total time: 92.9635s
BOUND: 52 < 2147483647, total time: 93.0746s
BOUND: 53 < 2147483647, total time: 93.16s
Solution found with cost 53 total time: 93.2255s
Merging: 1
53 94.416 1 110
Merging: 11
52 94.4795 1 413
Merging: 11
51 94.558 1 1133
Merging: 1
50 94.6553 1 1133
Merging: 7
49 94.7523 1 183
Merging: 1
48 94.8269 1 183
Merging: 16
47 94.9057 1 2577
Merging: 16
46 95.0659 1 2982
Merging: 1
45 95.1985 1 2982
Merging: 7
44 95.3283 1 258
Merging: 1
43 95.4097 1 258
Merging: 19
42 95.5045 1 4959
Merging: 19
41 95.7953 1 5910
Merging: 1
40 96.0482 1 5910
Merging: 7
39 96.2975 1 367
Merging: 1
38 96.4125 1 367
Merging: 21
37 96.5423 1 9401
Merging: 21
36 97.0598 1 10538
Merging: 1
35 97.4693 1 10538
Merging: 7
34 97.8646 1 485
Merging: 1
33 98.0031 1 485
Merging: 3
32 98.0607 1 448
Merging: 1
31 98.1435 1 448
Merging: 1
30 98.1971 1 448
Merging: 21
29 98.3448 1 14495
Merging: 21
28 99.1225 1 16175
Merging: 1
27 99.7195 1 16175
Merging: 7
26 100.286 1 495
Merging: 1
25 100.43 1 495
Merging: 24
24 100.6 1 19449
Merging: 24
23 101.758 1 26399
Merging: 1
22 102.753 1 26399
Merging: 7
21 103.71 1 548
Merging: 1
20 103.869 1 548
Merging: 27
19 104.064 1 31630
Merging: 27
18 105.953 1 34399
Merging: 1
17 107.282 1 34399
Merging: 7
16 108.557 1 593
Merging: 1
15 108.75 1 593
Merging: 3
14 108.816 1 593
Merging: 1
13 108.925 1 593
Merging: 1
12 108.99 1 593
Merging: 28
11 109.21 1 10728
Merging: 46
10 110.172 1 16451
Merging: 1
9 111.417 1 16451
Merging: 7
8 112.531 1 789
Merging: 1
7 112.83 1 789
Merging: 65
6 113.188 1 16809
Merging: 64
5 114.834 1 22713
Merging: 1
4 116.286 1 22713
Merging: 7
3 117.701 1 629
Merging: 1
2 117.939 1 629
Merging: 7
1 118.007 1 630
BOUND: 53 < 53, total time: 118.135s
Actual search time: 115.144s [t=118.138s]
build_fences boar worker2 worker1 worker2 round1 (60)
collect_resource worker1 noworker worker2 round1 act_clay clay (60)
ag__finish_round_backhome round1 worker2 (1)
ag__finish_round_renew round1 noworker (1)
ag__advance_round_normal round1 round2 act_family (1)
build_fences boar worker2 worker1 worker2 round2 (60)
take_food worker1 noworker worker2 round2 num2 num3 (60)
ag__finish_round_backhome round2 worker2 (1)
ag__finish_round_renew round2 noworker (1)
ag__advance_round_normal round2 round3 act_sheep (1)
build_fences boar worker2 worker1 worker2 round3 (60)
take_food worker1 noworker worker2 round3 num3 num4 (60)
ag__finish_round_backhome round3 worker2 (1)
ag__finish_round_renew round3 noworker (1)
ag__advance_round_normal round3 round4 act_sow (1)
build_fences boar worker2 worker1 worker2 round4 (60)
take_food worker1 noworker worker2 round4 num4 num5 (60)
ag__finish_round_backhome round4 worker2 (1)
ag__finish_round_renew round4 noworker (1)
ag__harvest_collect_end round4 stage1 (1)
ag__harvest_feed round4 stage1 worker2 num5 num4 num1 (1)
ag__harvest_breed_end round4 stage1 (1)
ag__finish_stage stage1 stage2 round4 round5 act_carrot (1)
build_fences boar worker2 worker1 worker2 round5 (60)
take_food worker1 noworker worker2 round5 num1 num2 (60)
ag__finish_round_backhome round5 worker2 (1)
ag__finish_round_renew round5 noworker (1)
ag__advance_round_normal round5 round6 act_cattle (1)
build_fences boar worker2 worker1 worker2 round6 (60)
take_food worker1 noworker worker2 round6 num2 num3 (60)
ag__finish_round_backhome round6 worker2 (1)
ag__finish_round_renew round6 noworker (1)
ag__advance_round_normal round6 round7 act_boar (1)
build_fences boar worker2 worker1 worker2 round7 (60)
take_food worker1 noworker worker2 round7 num3 num4 (60)
ag__finish_round_backhome round7 worker2 (1)
ag__finish_round_renew round7 noworker (1)
ag__harvest_collect_end round7 stage2 (1)
ag__harvest_feed round7 stage2 worker2 num4 num4 num0 (1)
ag__harvest_breed_end round7 stage2 (1)
ag__finish_stage stage2 stage3 round7 round8 act_improve (1)
collect_resource worker2 worker1 worker2 round8 act_stone stone (60)
improve_home worker1 noworker worker2 round8 fireplace (60)
ag__finish_round_backhome round8 worker2 (1)
ag__finish_round_renew round8 noworker (1)
ag__advance_round_normal round8 round9 void (1)
collect_cook_animal boar act_boar worker2 worker1 worker2 round9 num0 num2 (60)
collect_cook_animal boar act_cattle worker1 noworker worker2 round9 num2 num4 (60)
ag__finish_round_backhome round9 worker2 (1)
ag__finish_round_renew round9 noworker (1)
ag__harvest_collect_end round9 stage3 (1)
ag__harvest_feed round9 stage3 worker2 num4 num4 num0 (1)
ag__harvest_breed_end round9 stage3 (1)
Plan length: 53 step(s).
Plan cost: 1115
Bytes per state: 16
Search time: 116.457s
Total time: 118.138s
Solution found.
Peak memory: 608988 KB
Running single search parser
