INFO     Running translator.
INFO     translator input: ['domain.pddl', 'problem.pddl']
INFO     translator arguments: []
INFO     translator time limit: None
INFO     translator memory limit: None
INFO     callstring: /usr/bin/python /mnt/data_server/torralba/subdominization/training/data/training_tpp/code-70296b3db083/builds/release32/bin/translate/translate.py domain.pddl problem.pddl
Parsing...
Parsing: [0.010s CPU, 0.012s wall-clock]
Normalizing task... [0.000s CPU, 0.000s wall-clock]
Instantiating...
Generating Datalog program... [0.000s CPU, 0.002s wall-clock]
Normalizing Datalog program...
Normalizing Datalog program: [0.000s CPU, 0.007s wall-clock]
Preparing model... [0.010s CPU, 0.005s wall-clock]
Generated 45 rules.
Computing model... [0.040s CPU, 0.041s wall-clock]
568 relevant atoms
1262 auxiliary atoms
1830 final queue length
2139 total queue pushes
Completing instantiation... [0.020s CPU, 0.024s wall-clock]
Instantiating: [0.080s CPU, 0.093s wall-clock]
Computing fact groups...
Finding invariants...
18 initial candidates
Finding invariants: [0.010s CPU, 0.011s wall-clock]
Checking invariant weight... [0.000s CPU, 0.002s wall-clock]
Instantiating groups... [0.010s CPU, 0.010s wall-clock]
Collecting mutex groups... [0.000s CPU, 0.001s wall-clock]
Choosing groups...
80 uncovered facts
Choosing groups: [0.000s CPU, 0.001s wall-clock]
Building translation key... [0.000s CPU, 0.002s wall-clock]
Computing fact groups: [0.030s CPU, 0.031s wall-clock]
Building STRIPS to SAS dictionary... [0.000s CPU, 0.000s wall-clock]
Building dictionary for full mutex groups... [0.000s CPU, 0.000s wall-clock]
Building mutex information...
Building mutex information: [0.000s CPU, 0.001s wall-clock]
Translating task...
Processing axioms...
Simplifying axioms... [0.000s CPU, 0.000s wall-clock]
Processing axioms: [0.000s CPU, 0.001s wall-clock]
Translating task: [0.020s CPU, 0.019s wall-clock]
0 effect conditions simplified
0 implied preconditions added
Detecting unreachable propositions...
0 operators removed
0 axioms removed
221 propositions removed
Detecting unreachable propositions: [0.010s CPU, 0.012s wall-clock]
Translator variables: 61
Translator derived variables: 0
Translator facts: 168
Translator goal facts: 10
Translator mutex groups: 61
Translator total mutex groups size: 168
Translator operators: 216
Translator axioms: 0
Translator task size: 1655
Translator peak memory: 45500 KB
Writing output... [0.010s CPU, 0.018s wall-clock]
Done! [0.160s CPU, 0.187s wall-clock]
INFO     Running preprocessor (release32).
INFO     preprocessor input: output.sas
INFO     preprocessor arguments: []
INFO     preprocessor time limit: None
INFO     preprocessor memory limit: None
INFO     callstring: /mnt/data_server/torralba/subdominization/training/data/training_tpp/code-70296b3db083/builds/release32/bin/preprocess < output.sas
Building causal graph...
The causal graph is not acyclic.
61 variables of 61 necessary
0 of 61 mutex groups necessary.
216 of 216 operators necessary.
0 of 0 axiom rules necessary.
Initializing mutex computation...
Mutex computation initialized with 168 fluents.
iteration for mutex detection and operator pruning
Initialize m_index fw
Initialized mvalues forward: reached=3721, notReached=24167, spurious=336
Initialize m_ops fw
Computing mutexes...
Mutex computation finished with reached=21608, notReached=6280, spurious=336
60 operators are spurious because were not triggered
Unreachable proposition: Atom ready-to-load(goods9, market1, level2)
Unreachable proposition: Atom ready-to-load(goods9, market2, level2)
Unreachable proposition: Atom ready-to-load(goods8, market2, level2)
Unreachable proposition: Atom ready-to-load(goods8, market3, level2)
Unreachable proposition: Atom ready-to-load(goods7, market2, level2)
Unreachable proposition: Atom ready-to-load(goods7, market3, level2)
Unreachable proposition: Atom ready-to-load(goods6, market1, level2)
Unreachable proposition: Atom ready-to-load(goods6, market2, level2)
Unreachable proposition: Atom ready-to-load(goods5, market1, level2)
Unreachable proposition: Atom ready-to-load(goods5, market2, level2)
Unreachable proposition: Atom ready-to-load(goods4, market1, level2)
Unreachable proposition: Atom ready-to-load(goods4, market2, level2)
Unreachable proposition: Atom ready-to-load(goods3, market1, level2)
Unreachable proposition: Atom ready-to-load(goods3, market2, level2)
Unreachable proposition: Atom ready-to-load(goods2, market2, level2)
Unreachable proposition: Atom ready-to-load(goods2, market3, level2)
Unreachable proposition: Atom ready-to-load(goods10, market1, level2)
Unreachable proposition: Atom ready-to-load(goods10, market2, level2)
Unreachable proposition: Atom ready-to-load(goods1, market1, level2)
Unreachable proposition: Atom ready-to-load(goods1, market2, level2)
H^2 mutexes added fw: 40, unreachable: 20
0 of 156 operators detected as spurious
iteration for mutex detection and operator pruning
Initialize m_index bw
Init values regression
Initialized mvalues backward: reached=16148, notReached=5460, spurious=6616
Initialize m_ops bw
Computing mutexes...
Mutex computation finished with reached=19892, notReached=1716, spurious=6616
24 operators are spurious because were not triggered
Unreachable proposition: Atom stored(goods9, level2)
Unreachable proposition: Atom stored(goods8, level2)
Unreachable proposition: Atom stored(goods7, level2)
Unreachable proposition: Atom stored(goods4, level2)
Unreachable proposition: Atom stored(goods2, level2)
Unreachable proposition: Atom stored(goods1, level2)
H^2 mutexes added bw: 0, unreachable: 6
0 of 132 operators detected as spurious
iteration for mutex detection and operator pruning
Initialize m_index fw
Initialized mvalues forward: reached=3721, notReached=16171, spurious=8332
Initialize m_ops fw
Computing mutexes...
Mutex computation finished with reached=19892, notReached=0, spurious=8332
0 operators are spurious because were not triggered
H^2 mutexes added fw: 0, unreachable: 0
0 of 132 operators detected as spurious
Total mutex and disambiguation time: 0.01622 iterations: 3
20 of 20 mutex groups necessary.
132 of 216 operators necessary.
0 of 0 axiom rules necessary.
Change id of operators: 132
Change id of mutexes
Change id of goals
Change id of initial state
Remove unreachable facts from variables: 61
20 of 20 mutex groups necessary.
132 of 132 operators necessary.
0 of 0 axiom rules necessary.
Updating causal graph and pruning unnecessary facts
61 variables of 61 of 61 necessary
The causal graph is not acyclic.
61 variables of 61 necessary
20 of 20 mutex groups necessary.
132 of 132 operators necessary.
0 of 0 axiom rules necessary.
Building domain transition graphs...
solveable in poly time 0
Building successor generator...
Preprocessor variables: 61
Preprocessor facts: 142
Preprocessor derived variables: 0
Preprocessor operators: 132
Preprocessor mutex groups: 20
Preprocessor task size: 997
Writing output...
Preprocessor time: 0.0272771s
Preprocessor peak memory: 2364 KB
done
INFO     Running search (release32).
INFO     search input: output
INFO     search arguments: ['--search', 'sbd(store_operators_in_optimal_plan=true, cost_type=1)']
INFO     search time limit: 3600s
INFO     search memory limit: 4096 MB
INFO     search executable: /mnt/data_server/torralba/subdominization/training/data/training_tpp/code-70296b3db083/builds/release32/bin/downward
INFO     callstring: /mnt/data_server/torralba/subdominization/training/data/training_tpp/code-70296b3db083/builds/release32/bin/downward --search 'sbd(store_operators_in_optimal_plan=true, cost_type=1)' --internal-plan-file sas_plan < output
time limit 3600.00 -> (3600, 3601)
reading input... [t=0.00012385s]
done reading input! [t=0.00223219s]
packing state variables...done! [t=0.00225177s]
Variables: 61
FactPairs: 142
Bytes per state: 12
Building successor generator...done! [t=0.00262168s]
done initalizing global data [t=0.00262783s]
TR(time=60000, nodes=100000)
Mutex(time=60000, nodes=100000, type=edeletion)
Aux(time=2000, nodes=1000000)
Disj(nodes=2147483647)
Estimation: min_time(1000) time_penalty +(1000)*(2) nodes_penalty +(1000)*(2)
MaxStep(time=30000, nodes=100000000, nodes_per_planning_second=100)
Ratio useful: 0
   Min alloted time: 60000 nodes: 10000000
   Max alloted time: 60000 nodes: 15000000
   Mult alloted time: 2 nodes: 2
   Ratio after relax: 0.8
building causal graph...done! [t=0.000224272s]
Sym variable order: 44 46 47 48 45 43 20 22 23 24 21 19 32 34 36 35 33 31 2 4 5 6 3 1 50 52 54 53 51 49 0 13 15 18 17 16 14 55 57 59 60 58 56 8 10 11 12 9 7 25 27 30 29 28 26 37 39 41 42 40 38 
Initializing Symbolic Variables
Num variables: 61 => 77
Initialize Symbolic Manager(154, 103896, 16000000, 0)
Generating binary variables
Symbolic Variables... Done.
BOUND: 1 < 2147483647, total time: 0.672749s
BOUND: 2 < 2147483647, total time: 0.672996s
BOUND: 3 < 2147483647, total time: 0.673529s
BOUND: 4 < 2147483647, total time: 0.673736s
BOUND: 5 < 2147483647, total time: 0.67416s
BOUND: 6 < 2147483647, total time: 0.674777s
BOUND: 7 < 2147483647, total time: 0.675739s
BOUND: 8 < 2147483647, total time: 0.676681s
BOUND: 9 < 2147483647, total time: 0.678762s
BOUND: 10 < 2147483647, total time: 0.680157s
BOUND: 11 < 2147483647, total time: 0.682149s
BOUND: 12 < 2147483647, total time: 0.686762s
BOUND: 13 < 2147483647, total time: 0.689691s
BOUND: 14 < 2147483647, total time: 0.697196s
BOUND: 15 < 2147483647, total time: 0.701323s
BOUND: 16 < 2147483647, total time: 0.706194s
BOUND: 17 < 2147483647, total time: 0.717335s
BOUND: 18 < 2147483647, total time: 0.724247s
BOUND: 19 < 2147483647, total time: 0.740293s
BOUND: 20 < 2147483647, total time: 0.749084s
BOUND: 21 < 2147483647, total time: 0.759067s
BOUND: 22 < 2147483647, total time: 0.780403s
BOUND: 23 < 2147483647, total time: 0.793848s
BOUND: 24 < 2147483647, total time: 0.821163s
BOUND: 25 < 2147483647, total time: 0.837266s
BOUND: 26 < 2147483647, total time: 0.853521s
BOUND: 27 < 2147483647, total time: 0.890687s
BOUND: 28 < 2147483647, total time: 0.910733s
BOUND: 29 < 2147483647, total time: 0.9297s
BOUND: 30 < 2147483647, total time: 0.977695s
BOUND: 31 < 2147483647, total time: 1.0023s
BOUND: 32 < 2147483647, total time: 1.02491s
BOUND: 33 < 2147483647, total time: 1.08614s
BOUND: 34 < 2147483647, total time: 1.11691s
BOUND: 35 < 2147483647, total time: 1.14311s
BOUND: 36 < 2147483647, total time: 1.22133s
BOUND: 37 < 2147483647, total time: 1.25724s
BOUND: 38 < 2147483647, total time: 1.28603s
BOUND: 39 < 2147483647, total time: 1.38738s
BOUND: 40 < 2147483647, total time: 1.43003s
BOUND: 41 < 2147483647, total time: 1.46246s
BOUND: 42 < 2147483647, total time: 1.49581s
BOUND: 43 < 2147483647, total time: 1.52975s
BOUND: 44 < 2147483647, total time: 1.56425s
BOUND: 45 < 2147483647, total time: 1.59901s
BOUND: 46 < 2147483647, total time: 1.63452s
Solution found with cost 46 total time: 1.65801s
Merging: 1
31 1.69456 1 96
Merging: 8
30 1.69784 1 189
Merging: 25
29 1.70623 1 388
Merging: 39
28 1.72454 1 586
Merging: 39
27 1.75445 1 770
Merging: 39
26 1.79433 1 921
Merging: 39
25 1.84051 1 1055
Merging: 39
24 1.89441 1 1164
Merging: 39
23 1.95523 1 1250
Merging: 39
22 2.02217 1 1323
Merging: 39
21 2.08887 1 1345
Merging: 39
20 2.15605 1 1358
Merging: 39
19 2.22457 1 1316
Merging: 39
18 2.29066 1 1269
Merging: 32
17 2.35524 1 1219
Merging: 25
16 2.4177 1 1170
Merging: 25
15 2.47548 1 1217
Merging: 32
14 2.53849 1 1272
Merging: 39
13 2.60413 1 1299
Merging: 39
12 2.67031 1 1307
Merging: 39
11 2.7369 1 1276
Merging: 39
10 2.80224 1 1229
Merging: 39
9 2.86601 1 1146
Merging: 39
8 2.92479 1 1049
Merging: 39
7 2.97496 1 937
Merging: 39
6 3.01939 1 797
Merging: 39
5 3.05594 1 646
Merging: 35
4 3.08634 1 469
Merging: 35
3 3.1052 1 296
Merging: 25
2 3.11562 1 140
Merging: 8
1 3.11982 1 78
Merging: 1
15 3.12189 1 96
Merging: 1
14 3.12333 1 96
Merging: 10
13 3.12506 1 206
Merging: 14
12 3.12797 1 312
Merging: 14
11 3.13163 1 405
Merging: 14
10 3.13568 1 484
Merging: 14
9 3.14004 1 537
Merging: 14
8 3.14461 1 563
Merging: 14
7 3.14937 1 574
Merging: 14
6 3.15389 1 563
Merging: 14
5 3.15809 1 536
Merging: 14
4 3.162 1 483
Merging: 14
3 3.16517 1 403
Merging: 14
2 3.16747 1 310
Merging: 14
1 3.16894 1 206
BOUND: 46 < 46, total time: 3.16971s
Actual search time: 2.5081s [t=3.18092s]
drive truck1 depot1 market1 (1)
buy truck1 goods9 market1 level0 level1 level0 level1 (1)
load goods9 truck1 market1 level0 level1 level0 level1 (1)
buy truck1 goods6 market1 level0 level1 level0 level1 (1)
load goods6 truck1 market1 level0 level1 level0 level1 (1)
buy truck1 goods5 market1 level0 level1 level0 level1 (1)
load goods5 truck1 market1 level0 level1 level0 level1 (1)
buy truck1 goods3 market1 level0 level1 level0 level1 (1)
load goods3 truck1 market1 level0 level1 level0 level1 (1)
buy truck1 goods10 market1 level0 level1 level0 level1 (1)
load goods10 truck1 market1 level0 level1 level0 level1 (1)
drive truck1 market1 market2 (1)
buy truck1 goods8 market2 level0 level1 level0 level1 (1)
load goods8 truck1 market2 level0 level1 level0 level1 (1)
buy truck1 goods7 market2 level0 level1 level0 level1 (1)
load goods7 truck1 market2 level0 level1 level0 level1 (1)
buy truck1 goods6 market2 level0 level1 level0 level1 (1)
load goods6 truck1 market2 level0 level1 level1 level2 (1)
buy truck1 goods5 market2 level0 level1 level0 level1 (1)
load goods5 truck1 market2 level0 level1 level1 level2 (1)
buy truck1 goods4 market2 level0 level1 level0 level1 (1)
load goods4 truck1 market2 level0 level1 level0 level1 (1)
buy truck1 goods3 market2 level0 level1 level0 level1 (1)
load goods3 truck1 market2 level0 level1 level1 level2 (1)
buy truck1 goods2 market2 level0 level1 level0 level1 (1)
load goods2 truck1 market2 level0 level1 level0 level1 (1)
buy truck1 goods10 market2 level0 level1 level0 level1 (1)
load goods10 truck1 market2 level0 level1 level1 level2 (1)
buy truck1 goods1 market2 level0 level1 level0 level1 (1)
load goods1 truck1 market2 level0 level1 level0 level1 (1)
drive truck1 market2 market1 (1)
drive truck1 market1 depot1 (1)
unload goods1 truck1 depot1 level0 level1 level0 level1 (1)
unload goods10 truck1 depot1 level1 level2 level0 level1 (1)
unload goods10 truck1 depot1 level0 level1 level1 level2 (1)
unload goods2 truck1 depot1 level0 level1 level0 level1 (1)
unload goods3 truck1 depot1 level1 level2 level0 level1 (1)
unload goods3 truck1 depot1 level0 level1 level1 level2 (1)
unload goods4 truck1 depot1 level0 level1 level0 level1 (1)
unload goods5 truck1 depot1 level1 level2 level0 level1 (1)
unload goods5 truck1 depot1 level0 level1 level1 level2 (1)
unload goods6 truck1 depot1 level1 level2 level0 level1 (1)
unload goods6 truck1 depot1 level0 level1 level1 level2 (1)
unload goods7 truck1 depot1 level0 level1 level0 level1 (1)
unload goods8 truck1 depot1 level0 level1 level0 level1 (1)
unload goods9 truck1 depot1 level0 level1 level0 level1 (1)
Plan length: 46 step(s).
Plan cost: 46
Bytes per state: 12
Search time: 2.52213s
Total time: 3.18094s
Solution found.
Peak memory: 236228 KB
Running single search parser
