INFO     Running translator.
INFO     translator input: ['domain.pddl', 'problem.pddl']
INFO     translator arguments: []
INFO     translator time limit: None
INFO     translator memory limit: None
INFO     callstring: /usr/bin/python /mnt/data_server/torralba/subdominization/training/data/training_satellite/code-70296b3db083/builds/release32/bin/translate/translate.py domain.pddl problem.pddl
Parsing...
Parsing: [0.010s CPU, 0.032s wall-clock]
Normalizing task... [0.000s CPU, 0.000s wall-clock]
Instantiating...
Generating Datalog program... [0.000s CPU, 0.001s wall-clock]
Normalizing Datalog program...
Normalizing Datalog program: [0.010s CPU, 0.014s wall-clock]
Preparing model... [0.000s CPU, 0.003s wall-clock]
Generated 31 rules.
Computing model... [0.030s CPU, 0.030s wall-clock]
1006 relevant atoms
313 auxiliary atoms
1319 final queue length
2036 total queue pushes
Completing instantiation... [0.040s CPU, 0.042s wall-clock]
Instantiating: [0.080s CPU, 0.095s wall-clock]
Computing fact groups...
Finding invariants...
12 initial candidates
Finding invariants: [0.010s CPU, 0.003s wall-clock]
Checking invariant weight... [0.000s CPU, 0.000s wall-clock]
Instantiating groups... [0.000s CPU, 0.000s wall-clock]
Collecting mutex groups... [0.000s CPU, 0.000s wall-clock]
Choosing groups...
47 uncovered facts
Choosing groups: [0.000s CPU, 0.000s wall-clock]
Building translation key... [0.000s CPU, 0.001s wall-clock]
Computing fact groups: [0.010s CPU, 0.006s wall-clock]
Building STRIPS to SAS dictionary... [0.000s CPU, 0.000s wall-clock]
Building dictionary for full mutex groups... [0.000s CPU, 0.000s wall-clock]
Building mutex information...
Building mutex information: [0.000s CPU, 0.000s wall-clock]
Translating task...
Processing axioms...
Simplifying axioms... [0.000s CPU, 0.000s wall-clock]
Processing axioms: [0.000s CPU, 0.002s wall-clock]
Translating task: [0.040s CPU, 0.045s wall-clock]
24 effect conditions simplified
0 implied preconditions added
Detecting unreachable propositions...
0 operators removed
0 axioms removed
3 propositions removed
Detecting unreachable propositions: [0.030s CPU, 0.025s wall-clock]
Translator variables: 50
Translator derived variables: 0
Translator facts: 136
Translator goal facts: 6
Translator mutex groups: 3
Translator total mutex groups size: 42
Translator operators: 758
Translator axioms: 0
Translator task size: 2910
Translator peak memory: 46592 KB
Writing output... [0.010s CPU, 0.016s wall-clock]
Done! [0.180s CPU, 0.222s wall-clock]
INFO     Running preprocessor (release32).
INFO     preprocessor input: output.sas
INFO     preprocessor arguments: []
INFO     preprocessor time limit: None
INFO     preprocessor memory limit: None
INFO     callstring: /mnt/data_server/torralba/subdominization/training/data/training_satellite/code-70296b3db083/builds/release32/bin/preprocess < output.sas
Building causal graph...
The causal graph is not acyclic.
26 variables of 50 necessary
0 of 3 mutex groups necessary.
602 of 758 operators necessary.
0 of 0 axiom rules necessary.
Initializing mutex computation...
Mutex computation initialized with 88 fluents.
iteration for mutex detection and operator pruning
Initialize m_index fw
Initialized mvalues forward: reached=676, notReached=6476, spurious=592
Initialize m_ops fw
Computing mutexes...
Mutex computation finished with reached=7122, notReached=30, spurious=592
0 operators are spurious because were not triggered
H^2 mutexes added fw: 30, unreachable: 0
0 of 602 operators detected as spurious
iteration for mutex detection and operator pruning
Initialize m_index bw
Init values regression
Initialized mvalues backward: reached=3114, notReached=4008, spurious=622
Initialize m_ops bw
Computing mutexes...
Mutex computation finished with reached=7122, notReached=0, spurious=622
0 operators are spurious because were not triggered
H^2 mutexes added bw: 0, unreachable: 0
0 of 602 operators detected as spurious
Total mutex and disambiguation time: 0.018539 iterations: 2
15 of 15 mutex groups necessary.
602 of 602 operators necessary.
0 of 0 axiom rules necessary.
Change id of operators: 602
Change id of mutexes
Change id of goals
Change id of initial state
Remove unreachable facts from variables: 26
15 of 15 mutex groups necessary.
602 of 602 operators necessary.
0 of 0 axiom rules necessary.
Updating causal graph and pruning unnecessary facts
26 variables of 26 of 50 necessary
The causal graph is not acyclic.
26 variables of 26 necessary
15 of 15 mutex groups necessary.
602 of 602 operators necessary.
0 of 0 axiom rules necessary.
Building domain transition graphs...
solveable in poly time 0
Building successor generator...
Preprocessor variables: 26
Preprocessor facts: 88
Preprocessor derived variables: 0
Preprocessor operators: 602
Preprocessor mutex groups: 15
Preprocessor task size: 2046
Writing output...
Preprocessor time: 0.0376516s
Preprocessor peak memory: 2420 KB
done
INFO     Running search (release32).
INFO     search input: output
INFO     search arguments: ['--search', 'sbd(store_operators_in_optimal_plan=true, cost_type=1)']
INFO     search time limit: 3600s
INFO     search memory limit: 4096 MB
INFO     search executable: /mnt/data_server/torralba/subdominization/training/data/training_satellite/code-70296b3db083/builds/release32/bin/downward
INFO     callstring: /mnt/data_server/torralba/subdominization/training/data/training_satellite/code-70296b3db083/builds/release32/bin/downward --search 'sbd(store_operators_in_optimal_plan=true, cost_type=1)' --internal-plan-file sas_plan < output
time limit 3600.00 -> (3600, 3601)
reading input... [t=0.000175423s]
done reading input! [t=0.00453453s]
packing state variables...done! [t=0.00454891s]
Variables: 26
FactPairs: 88
Bytes per state: 8
Building successor generator...done! [t=0.00495785s]
done initalizing global data [t=0.00496467s]
TR(time=60000, nodes=100000)
Mutex(time=60000, nodes=100000, type=edeletion)
Aux(time=2000, nodes=1000000)
Disj(nodes=2147483647)
Estimation: min_time(1000) time_penalty +(1000)*(2) nodes_penalty +(1000)*(2)
MaxStep(time=30000, nodes=100000000, nodes_per_planning_second=100)
Ratio useful: 0
   Min alloted time: 60000 nodes: 10000000
   Max alloted time: 60000 nodes: 15000000
   Mult alloted time: 2 nodes: 2
   Ratio after relax: 0.8
building causal graph...done! [t=0.000152142s]
Sym variable order: 10 11 12 8 14 1 13 9 21 22 17 19 2 24 25 20 16 0 6 4 18 23 15 7 3 5 
Initializing Symbolic Variables
Num variables: 26 => 35
Initialize Symbolic Manager(70, 228571, 16000000, 0)
Generating binary variables
Symbolic Variables... Done.
BOUND: 1 < 2147483647, total time: 0.523739s
BOUND: 2 < 2147483647, total time: 0.52404s
BOUND: 3 < 2147483647, total time: 0.524491s
BOUND: 4 < 2147483647, total time: 0.524974s
BOUND: 5 < 2147483647, total time: 0.525719s
BOUND: 6 < 2147483647, total time: 0.526876s
BOUND: 7 < 2147483647, total time: 0.52802s
BOUND: 8 < 2147483647, total time: 0.529858s
BOUND: 9 < 2147483647, total time: 0.5329s
BOUND: 10 < 2147483647, total time: 0.536476s
BOUND: 11 < 2147483647, total time: 0.544249s
BOUND: 12 < 2147483647, total time: 0.550929s
Solution found with cost 12 total time: 0.561041s
Merging: 1
8 0.586275 1 91
Merging: 13
7 0.602632 1 89
Merging: 13
6 0.616756 1 91
Merging: 13
5 0.630858 1 78
Merging: 16
4 0.642615 1 64
Merging: 13
3 0.651639 1 68
Merging: 9
2 0.661927 1 79
Merging: 6
1 0.67393 1 72
Merging: 1
4 0.683249 1 91
Merging: 13
3 0.691192 1 78
Merging: 10
2 0.695197 1 61
Merging: 6
1 0.699035 1 65
BOUND: 12 < 12, total time: 0.702727s
Actual search time: 0.179819s [t=0.703598s]
turn_to satellite2 star0 planet10 (1)
switch_on instrument6 satellite2 (1)
calibrate satellite2 instrument6 star0 (1)
turn_to satellite2 planet10 star0 (1)
take_image satellite2 planet10 instrument6 spectrograph1 (1)
turn_to satellite2 phenomenon13 planet10 (1)
turn_to satellite1 star2 groundstation4 (1)
take_image satellite2 phenomenon13 instrument6 image0 (1)
turn_to satellite2 planet11 phenomenon13 (1)
take_image satellite2 planet11 instrument6 spectrograph1 (1)
turn_to satellite2 planet12 planet11 (1)
take_image satellite2 planet12 instrument6 image0 (1)
Plan length: 12 step(s).
Plan cost: 12
Bytes per state: 8
Search time: 0.198097s
Total time: 0.703608s
Solution found.
Peak memory: 217920 KB
Running single search parser
