INFO     Running translator.
INFO     translator input: ['domain.pddl', 'problem.pddl']
INFO     translator arguments: []
INFO     translator time limit: None
INFO     translator memory limit: None
INFO     callstring: /usr/bin/python /mnt/data_server/torralba/subdominization/training/data/training_satellite/code-70296b3db083/builds/release32/bin/translate/translate.py domain.pddl problem.pddl
Parsing...
Parsing: [0.000s CPU, 0.049s wall-clock]
Normalizing task... [0.000s CPU, 0.000s wall-clock]
Instantiating...
Generating Datalog program... [0.000s CPU, 0.001s wall-clock]
Normalizing Datalog program...
Normalizing Datalog program: [0.010s CPU, 0.008s wall-clock]
Preparing model... [0.000s CPU, 0.002s wall-clock]
Generated 31 rules.
Computing model... [0.020s CPU, 0.016s wall-clock]
457 relevant atoms
294 auxiliary atoms
751 final queue length
982 total queue pushes
Completing instantiation... [0.010s CPU, 0.016s wall-clock]
Instantiating: [0.040s CPU, 0.058s wall-clock]
Computing fact groups...
Finding invariants...
12 initial candidates
Finding invariants: [0.000s CPU, 0.003s wall-clock]
Checking invariant weight... [0.000s CPU, 0.000s wall-clock]
Instantiating groups... [0.010s CPU, 0.000s wall-clock]
Collecting mutex groups... [0.000s CPU, 0.000s wall-clock]
Choosing groups...
38 uncovered facts
Choosing groups: [0.000s CPU, 0.000s wall-clock]
Building translation key... [0.000s CPU, 0.001s wall-clock]
Computing fact groups: [0.010s CPU, 0.005s wall-clock]
Building STRIPS to SAS dictionary... [0.000s CPU, 0.000s wall-clock]
Building dictionary for full mutex groups... [0.000s CPU, 0.000s wall-clock]
Building mutex information...
Building mutex information: [0.000s CPU, 0.000s wall-clock]
Translating task...
Processing axioms...
Simplifying axioms... [0.000s CPU, 0.000s wall-clock]
Processing axioms: [0.000s CPU, 0.001s wall-clock]
Translating task: [0.010s CPU, 0.017s wall-clock]
33 effect conditions simplified
0 implied preconditions added
Detecting unreachable propositions...
0 operators removed
0 axioms removed
4 propositions removed
Detecting unreachable propositions: [0.010s CPU, 0.011s wall-clock]
Translator variables: 42
Translator derived variables: 0
Translator facts: 100
Translator goal facts: 4
Translator mutex groups: 4
Translator total mutex groups size: 24
Translator operators: 261
Translator axioms: 0
Translator task size: 1213
Translator peak memory: 44328 KB
Writing output... [0.010s CPU, 0.034s wall-clock]
Done! [0.080s CPU, 0.175s wall-clock]
INFO     Running preprocessor (release32).
INFO     preprocessor input: output.sas
INFO     preprocessor arguments: []
INFO     preprocessor time limit: None
INFO     preprocessor memory limit: None
INFO     callstring: /mnt/data_server/torralba/subdominization/training/data/training_satellite/code-70296b3db083/builds/release32/bin/preprocess < output.sas
Building causal graph...
The causal graph is not acyclic.
29 variables of 42 necessary
0 of 4 mutex groups necessary.
160 of 261 operators necessary.
0 of 0 axiom rules necessary.
Initializing mutex computation...
Mutex computation initialized with 74 fluents.
iteration for mutex detection and operator pruning
Initialize m_index fw
Initialized mvalues forward: reached=841, notReached=4465, spurious=170
Initialize m_ops fw
Computing mutexes...
Mutex computation finished with reached=5262, notReached=44, spurious=170
0 operators are spurious because were not triggered
H^2 mutexes added fw: 44, unreachable: 0
0 of 160 operators detected as spurious
iteration for mutex detection and operator pruning
Initialize m_index bw
Init values regression
Initialized mvalues backward: reached=3242, notReached=2020, spurious=214
Initialize m_ops bw
Computing mutexes...
Mutex computation finished with reached=5262, notReached=0, spurious=214
0 operators are spurious because were not triggered
H^2 mutexes added bw: 0, unreachable: 0
0 of 160 operators detected as spurious
Total mutex and disambiguation time: 0.00498 iterations: 2
22 of 22 mutex groups necessary.
160 of 160 operators necessary.
0 of 0 axiom rules necessary.
Change id of operators: 160
Change id of mutexes
Change id of goals
Change id of initial state
Remove unreachable facts from variables: 29
22 of 22 mutex groups necessary.
160 of 160 operators necessary.
0 of 0 axiom rules necessary.
Updating causal graph and pruning unnecessary facts
29 variables of 29 of 42 necessary
The causal graph is not acyclic.
29 variables of 29 necessary
22 of 22 mutex groups necessary.
160 of 160 operators necessary.
0 of 0 axiom rules necessary.
Building domain transition graphs...
solveable in poly time 0
Building successor generator...
Preprocessor variables: 29
Preprocessor facts: 74
Preprocessor derived variables: 0
Preprocessor operators: 160
Preprocessor mutex groups: 22
Preprocessor task size: 689
Writing output...
Preprocessor time: 0.0127061s
Preprocessor peak memory: 2252 KB
done
INFO     Running search (release32).
INFO     search input: output
INFO     search arguments: ['--search', 'sbd(store_operators_in_optimal_plan=true, cost_type=1)']
INFO     search time limit: 3600s
INFO     search memory limit: 4096 MB
INFO     search executable: /mnt/data_server/torralba/subdominization/training/data/training_satellite/code-70296b3db083/builds/release32/bin/downward
INFO     callstring: /mnt/data_server/torralba/subdominization/training/data/training_satellite/code-70296b3db083/builds/release32/bin/downward --search 'sbd(store_operators_in_optimal_plan=true, cost_type=1)' --internal-plan-file sas_plan < output
time limit 3600.00 -> (3600, 3601)
reading input... [t=0.000130294s]
done reading input! [t=0.00177013s]
packing state variables...done! [t=0.00178406s]
Variables: 29
FactPairs: 74
Bytes per state: 8
Building successor generator...done! [t=0.00195629s]
done initalizing global data [t=0.00196144s]
TR(time=60000, nodes=100000)
Mutex(time=60000, nodes=100000, type=edeletion)
Aux(time=2000, nodes=1000000)
Disj(nodes=2147483647)
Estimation: min_time(1000) time_penalty +(1000)*(2) nodes_penalty +(1000)*(2)
MaxStep(time=30000, nodes=100000000, nodes_per_planning_second=100)
Ratio useful: 0
   Min alloted time: 60000 nodes: 10000000
   Max alloted time: 60000 nodes: 15000000
   Mult alloted time: 2 nodes: 2
   Ratio after relax: 0.8
building causal graph...done! [t=0.000124614s]
Sym variable order: 9 12 10 14 11 13 1 6 4 8 5 7 0 2 28 19 15 18 17 16 22 26 3 27 21 25 24 23 20 
Initializing Symbolic Variables
Num variables: 29 => 37
Initialize Symbolic Manager(74, 216216, 16000000, 0)
Generating binary variables
Symbolic Variables... Done.
BOUND: 1 < 2147483647, total time: 0.479334s
BOUND: 2 < 2147483647, total time: 0.479542s
BOUND: 3 < 2147483647, total time: 0.479825s
BOUND: 4 < 2147483647, total time: 0.480195s
BOUND: 5 < 2147483647, total time: 0.48059s
BOUND: 6 < 2147483647, total time: 0.48122s
Solution found with cost 6 total time: 0.48165s
Merging: 1
3 0.484632 1 45
Merging: 3
2 0.486691 1 47
Merging: 3
1 0.488422 1 51
Merging: 1
3 0.490327 1 45
Merging: 3
2 0.491679 1 44
Merging: 3
1 0.492815 1 46
BOUND: 6 < 6, total time: 0.493968s
Actual search time: 0.0149052s [t=0.494281s]
turn_to satellite0 star2 star4 (1)
switch_on instrument4 satellite1 (1)
calibrate satellite1 instrument4 star4 (1)
turn_to satellite1 planet5 star4 (1)
take_image satellite1 planet5 instrument4 infrared1 (1)
turn_to satellite1 groundstation3 planet5 (1)
Plan length: 6 step(s).
Plan cost: 6
Bytes per state: 8
Search time: 0.0218625s
Total time: 0.494292s
Solution found.
Peak memory: 220460 KB
Running single search parser
