INFO     Running translator.
INFO     translator input: ['domain.pddl', 'problem.pddl']
INFO     translator arguments: []
INFO     translator time limit: None
INFO     translator memory limit: None
INFO     callstring: /usr/bin/python /mnt/data_server/torralba/subdominization/training/data/training_satellite/code-70296b3db083/builds/release32/bin/translate/translate.py domain.pddl problem.pddl
Parsing...
Parsing: [0.010s CPU, 0.027s wall-clock]
Normalizing task... [0.000s CPU, 0.000s wall-clock]
Instantiating...
Generating Datalog program... [0.000s CPU, 0.002s wall-clock]
Normalizing Datalog program...
Normalizing Datalog program: [0.020s CPU, 0.006s wall-clock]
Preparing model... [0.000s CPU, 0.002s wall-clock]
Generated 31 rules.
Computing model... [0.020s CPU, 0.020s wall-clock]
713 relevant atoms
197 auxiliary atoms
910 final queue length
1368 total queue pushes
Completing instantiation... [0.030s CPU, 0.029s wall-clock]
Instantiating: [0.070s CPU, 0.064s wall-clock]
Computing fact groups...
Finding invariants...
12 initial candidates
Finding invariants: [0.000s CPU, 0.004s wall-clock]
Checking invariant weight... [0.000s CPU, 0.000s wall-clock]
Instantiating groups... [0.000s CPU, 0.000s wall-clock]
Collecting mutex groups... [0.000s CPU, 0.000s wall-clock]
Choosing groups...
54 uncovered facts
Choosing groups: [0.000s CPU, 0.000s wall-clock]
Building translation key... [0.000s CPU, 0.001s wall-clock]
Computing fact groups: [0.000s CPU, 0.006s wall-clock]
Building STRIPS to SAS dictionary... [0.000s CPU, 0.000s wall-clock]
Building dictionary for full mutex groups... [0.000s CPU, 0.000s wall-clock]
Building mutex information...
Building mutex information: [0.000s CPU, 0.000s wall-clock]
Translating task...
Processing axioms...
Simplifying axioms... [0.000s CPU, 0.000s wall-clock]
Processing axioms: [0.000s CPU, 0.001s wall-clock]
Translating task: [0.030s CPU, 0.030s wall-clock]
15 effect conditions simplified
0 implied preconditions added
Detecting unreachable propositions...
0 operators removed
0 axioms removed
2 propositions removed
Detecting unreachable propositions: [0.020s CPU, 0.017s wall-clock]
Translator variables: 56
Translator derived variables: 0
Translator facts: 136
Translator goal facts: 5
Translator mutex groups: 2
Translator total mutex groups size: 28
Translator operators: 508
Translator axioms: 0
Translator task size: 2024
Translator peak memory: 45428 KB
Writing output... [0.010s CPU, 0.052s wall-clock]
Done! [0.140s CPU, 0.198s wall-clock]
INFO     Running preprocessor (release32).
INFO     preprocessor input: output.sas
INFO     preprocessor arguments: []
INFO     preprocessor time limit: None
INFO     preprocessor memory limit: None
INFO     callstring: /mnt/data_server/torralba/subdominization/training/data/training_satellite/code-70296b3db083/builds/release32/bin/preprocess < output.sas
Building causal graph...
The causal graph is not acyclic.
16 variables of 56 necessary
0 of 2 mutex groups necessary.
391 of 508 operators necessary.
0 of 0 axiom rules necessary.
Initializing mutex computation...
Mutex computation initialized with 56 fluents.
iteration for mutex detection and operator pruning
Initialize m_index fw
Initialized mvalues forward: reached=256, notReached=2488, spurious=392
Initialize m_ops fw
Computing mutexes...
Mutex computation finished with reached=2726, notReached=18, spurious=392
0 operators are spurious because were not triggered
H^2 mutexes added fw: 18, unreachable: 0
0 of 391 operators detected as spurious
iteration for mutex detection and operator pruning
Initialize m_index bw
Init values regression
Initialized mvalues backward: reached=1301, notReached=1425, spurious=410
Initialize m_ops bw
Computing mutexes...
Mutex computation finished with reached=2726, notReached=0, spurious=410
0 operators are spurious because were not triggered
H^2 mutexes added bw: 0, unreachable: 0
0 of 391 operators detected as spurious
Total mutex and disambiguation time: 0.007538 iterations: 2
9 of 9 mutex groups necessary.
391 of 391 operators necessary.
0 of 0 axiom rules necessary.
Change id of operators: 391
Change id of mutexes
Change id of goals
Change id of initial state
Remove unreachable facts from variables: 16
9 of 9 mutex groups necessary.
391 of 391 operators necessary.
0 of 0 axiom rules necessary.
Updating causal graph and pruning unnecessary facts
16 variables of 16 of 56 necessary
The causal graph is not acyclic.
16 variables of 16 necessary
9 of 9 mutex groups necessary.
391 of 391 operators necessary.
0 of 0 axiom rules necessary.
Building domain transition graphs...
solveable in poly time 0
Building successor generator...
Preprocessor variables: 16
Preprocessor facts: 56
Preprocessor derived variables: 0
Preprocessor operators: 391
Preprocessor mutex groups: 9
Preprocessor task size: 1310
Writing output...
Preprocessor time: 0.0200979s
Preprocessor peak memory: 2260 KB
done
INFO     Running search (release32).
INFO     search input: output
INFO     search arguments: ['--search', 'sbd(store_operators_in_optimal_plan=true, cost_type=1)']
INFO     search time limit: 3600s
INFO     search memory limit: 4096 MB
INFO     search executable: /mnt/data_server/torralba/subdominization/training/data/training_satellite/code-70296b3db083/builds/release32/bin/downward
INFO     callstring: /mnt/data_server/torralba/subdominization/training/data/training_satellite/code-70296b3db083/builds/release32/bin/downward --search 'sbd(store_operators_in_optimal_plan=true, cost_type=1)' --internal-plan-file sas_plan < output
time limit 3600.00 -> (3600, 3601)
reading input... [t=0.000125571s]
done reading input! [t=0.00299256s]
packing state variables...done! [t=0.00300569s]
Variables: 16
FactPairs: 56
Bytes per state: 4
Building successor generator...done! [t=0.00324274s]
done initalizing global data [t=0.00324841s]
TR(time=60000, nodes=100000)
Mutex(time=60000, nodes=100000, type=edeletion)
Aux(time=2000, nodes=1000000)
Disj(nodes=2147483647)
Estimation: min_time(1000) time_penalty +(1000)*(2) nodes_penalty +(1000)*(2)
MaxStep(time=30000, nodes=100000000, nodes_per_planning_second=100)
Ratio useful: 0
   Min alloted time: 60000 nodes: 10000000
   Max alloted time: 60000 nodes: 15000000
   Mult alloted time: 2 nodes: 2
   Ratio after relax: 0.8
building causal graph...done! [t=8.868e-05s]
Sym variable order: 4 2 6 3 5 0 15 14 13 12 1 11 9 10 7 8 
Initializing Symbolic Variables
Num variables: 16 => 22
Initialize Symbolic Manager(44, 363636, 16000000, 0)
Generating binary variables
Symbolic Variables... Done.
BOUND: 1 < 2147483647, total time: 0.380228s
BOUND: 2 < 2147483647, total time: 0.380408s
BOUND: 3 < 2147483647, total time: 0.380615s
BOUND: 4 < 2147483647, total time: 0.38083s
BOUND: 5 < 2147483647, total time: 0.381141s
BOUND: 6 < 2147483647, total time: 0.381394s
BOUND: 7 < 2147483647, total time: 0.381696s
BOUND: 8 < 2147483647, total time: 0.382187s
BOUND: 9 < 2147483647, total time: 0.382685s
BOUND: 10 < 2147483647, total time: 0.383433s
BOUND: 11 < 2147483647, total time: 0.384138s
Solution found with cost 11 total time: 0.384873s
Merging: 1
6 0.394659 1 88
Merging: 23
5 0.40416 1 83
Merging: 23
4 0.412197 1 64
Merging: 18
3 0.418493 1 60
Merging: 10
2 0.424707 1 60
Merging: 8
1 0.430204 1 47
Merging: 1
5 0.43558 1 88
Merging: 23
4 0.441257 1 87
Merging: 23
3 0.445779 1 87
Merging: 23
2 0.450049 1 73
Merging: 20
1 0.453756 1 64
BOUND: 11 < 11, total time: 0.456713s
Actual search time: 0.076775s [t=0.457041s]
switch_on instrument4 satellite1 (1)
calibrate satellite1 instrument4 groundstation0 (1)
turn_to satellite1 planet12 groundstation0 (1)
take_image satellite1 planet12 instrument4 thermograph1 (1)
turn_to satellite1 phenomenon11 planet12 (1)
take_image satellite1 phenomenon11 instrument4 thermograph1 (1)
turn_to satellite0 star13 groundstation0 (1)
turn_to satellite1 star10 phenomenon11 (1)
take_image satellite1 star10 instrument4 thermograph1 (1)
turn_to satellite1 star13 star10 (1)
take_image satellite1 star13 instrument4 thermograph1 (1)
Plan length: 11 step(s).
Plan cost: 11
Bytes per state: 4
Search time: 0.0839246s
Total time: 0.457052s
Solution found.
Peak memory: 235972 KB
Running single search parser
