INFO     Running translator.
INFO     translator input: ['domain.pddl', 'problem.pddl']
INFO     translator arguments: []
INFO     translator time limit: None
INFO     translator memory limit: None
INFO     callstring: /usr/bin/python /mnt/data_server/torralba/subdominization/training/data/training_tpp/code-70296b3db083/builds/release32/bin/translate/translate.py domain.pddl problem.pddl
Parsing...
Parsing: [0.000s CPU, 0.009s wall-clock]
Normalizing task... [0.000s CPU, 0.000s wall-clock]
Instantiating...
Generating Datalog program... [0.000s CPU, 0.001s wall-clock]
Normalizing Datalog program...
Normalizing Datalog program: [0.010s CPU, 0.007s wall-clock]
Preparing model... [0.000s CPU, 0.004s wall-clock]
Generated 45 rules.
Computing model... [0.030s CPU, 0.027s wall-clock]
382 relevant atoms
800 auxiliary atoms
1182 final queue length
1401 total queue pushes
Completing instantiation... [0.010s CPU, 0.016s wall-clock]
Instantiating: [0.050s CPU, 0.059s wall-clock]
Computing fact groups...
Finding invariants...
18 initial candidates
Finding invariants: [0.010s CPU, 0.010s wall-clock]
Checking invariant weight... [0.000s CPU, 0.001s wall-clock]
Instantiating groups... [0.000s CPU, 0.004s wall-clock]
Collecting mutex groups... [0.000s CPU, 0.000s wall-clock]
Choosing groups...
28 uncovered facts
Choosing groups: [0.000s CPU, 0.001s wall-clock]
Building translation key... [0.000s CPU, 0.001s wall-clock]
Computing fact groups: [0.020s CPU, 0.019s wall-clock]
Building STRIPS to SAS dictionary... [0.000s CPU, 0.000s wall-clock]
Building dictionary for full mutex groups... [0.000s CPU, 0.000s wall-clock]
Building mutex information...
Building mutex information: [0.000s CPU, 0.000s wall-clock]
Translating task...
Processing axioms...
Simplifying axioms... [0.000s CPU, 0.000s wall-clock]
Processing axioms: [0.000s CPU, 0.001s wall-clock]
Translating task: [0.020s CPU, 0.014s wall-clock]
0 effect conditions simplified
0 implied preconditions added
Detecting unreachable propositions...
0 operators removed
0 axioms removed
99 propositions removed
Detecting unreachable propositions: [0.000s CPU, 0.008s wall-clock]
Translator variables: 43
Translator derived variables: 0
Translator facts: 118
Translator goal facts: 7
Translator mutex groups: 43
Translator total mutex groups size: 118
Translator operators: 154
Translator axioms: 0
Translator task size: 1168
Translator peak memory: 44648 KB
Writing output... [0.010s CPU, 0.006s wall-clock]
Done! [0.100s CPU, 0.117s wall-clock]
INFO     Running preprocessor (release32).
INFO     preprocessor input: output.sas
INFO     preprocessor arguments: []
INFO     preprocessor time limit: None
INFO     preprocessor memory limit: None
INFO     callstring: /mnt/data_server/torralba/subdominization/training/data/training_tpp/code-70296b3db083/builds/release32/bin/preprocess < output.sas
Building causal graph...
The causal graph is not acyclic.
43 variables of 43 necessary
0 of 43 mutex groups necessary.
154 of 154 operators necessary.
0 of 0 axiom rules necessary.
Initializing mutex computation...
Mutex computation initialized with 118 fluents.
iteration for mutex detection and operator pruning
Initialize m_index fw
Initialized mvalues forward: reached=1849, notReached=11849, spurious=226
Initialize m_ops fw
Computing mutexes...
Mutex computation finished with reached=10618, notReached=3080, spurious=226
42 operators are spurious because were not triggered
Unreachable proposition: Atom ready-to-load(goods7, market1, level2)
Unreachable proposition: Atom ready-to-load(goods7, market2, level2)
Unreachable proposition: Atom ready-to-load(goods6, market1, level2)
Unreachable proposition: Atom ready-to-load(goods6, market4, level2)
Unreachable proposition: Atom ready-to-load(goods5, market1, level2)
Unreachable proposition: Atom ready-to-load(goods5, market2, level2)
Unreachable proposition: Atom ready-to-load(goods4, market1, level2)
Unreachable proposition: Atom ready-to-load(goods4, market3, level2)
Unreachable proposition: Atom ready-to-load(goods3, market1, level2)
Unreachable proposition: Atom ready-to-load(goods3, market2, level2)
Unreachable proposition: Atom ready-to-load(goods2, market1, level2)
Unreachable proposition: Atom ready-to-load(goods2, market2, level2)
Unreachable proposition: Atom ready-to-load(goods1, market1, level2)
Unreachable proposition: Atom ready-to-load(goods1, market2, level2)
H^2 mutexes added fw: 28, unreachable: 14
0 of 112 operators detected as spurious
iteration for mutex detection and operator pruning
Initialize m_index bw
Init values regression
Initialized mvalues backward: reached=7944, notReached=2674, spurious=3306
Initialize m_ops bw
Computing mutexes...
Mutex computation finished with reached=10415, notReached=203, spurious=3306
4 operators are spurious because were not triggered
Unreachable proposition: Atom stored(goods2, level2)
H^2 mutexes added bw: 0, unreachable: 1
0 of 108 operators detected as spurious
iteration for mutex detection and operator pruning
Initialize m_index fw
Initialized mvalues forward: reached=1849, notReached=8566, spurious=3509
Initialize m_ops fw
Computing mutexes...
Mutex computation finished with reached=10415, notReached=0, spurious=3509
0 operators are spurious because were not triggered
H^2 mutexes added fw: 0, unreachable: 0
0 of 108 operators detected as spurious
Total mutex and disambiguation time: 0.00877 iterations: 3
14 of 14 mutex groups necessary.
108 of 154 operators necessary.
0 of 0 axiom rules necessary.
Change id of operators: 108
Change id of mutexes
Change id of goals
Change id of initial state
Remove unreachable facts from variables: 43
14 of 14 mutex groups necessary.
108 of 108 operators necessary.
0 of 0 axiom rules necessary.
Updating causal graph and pruning unnecessary facts
43 variables of 43 of 43 necessary
The causal graph is not acyclic.
43 variables of 43 necessary
14 of 14 mutex groups necessary.
108 of 108 operators necessary.
0 of 0 axiom rules necessary.
Building domain transition graphs...
solveable in poly time 0
Building successor generator...
Preprocessor variables: 43
Preprocessor facts: 103
Preprocessor derived variables: 0
Preprocessor operators: 108
Preprocessor mutex groups: 14
Preprocessor task size: 787
Writing output...
Preprocessor time: 0.0169981s
Preprocessor peak memory: 2272 KB
done
INFO     Running search (release32).
INFO     search input: output
INFO     search arguments: ['--search', 'sbd(store_operators_in_optimal_plan=true, cost_type=1)']
INFO     search time limit: 3600s
INFO     search memory limit: 4096 MB
INFO     search executable: /mnt/data_server/torralba/subdominization/training/data/training_tpp/code-70296b3db083/builds/release32/bin/downward
INFO     callstring: /mnt/data_server/torralba/subdominization/training/data/training_tpp/code-70296b3db083/builds/release32/bin/downward --search 'sbd(store_operators_in_optimal_plan=true, cost_type=1)' --internal-plan-file sas_plan < output
time limit 3600.00 -> (3600, 3601)
reading input... [t=0.000119802s]
done reading input! [t=0.00173412s]
packing state variables...done! [t=0.00175109s]
Variables: 43
FactPairs: 103
Bytes per state: 8
Building successor generator...done! [t=0.0020021s]
done initalizing global data [t=0.00200721s]
TR(time=60000, nodes=100000)
Mutex(time=60000, nodes=100000, type=edeletion)
Aux(time=2000, nodes=1000000)
Disj(nodes=2147483647)
Estimation: min_time(1000) time_penalty +(1000)*(2) nodes_penalty +(1000)*(2)
MaxStep(time=30000, nodes=100000000, nodes_per_planning_second=100)
Ratio useful: 0
   Min alloted time: 60000 nodes: 10000000
   Max alloted time: 60000 nodes: 15000000
   Mult alloted time: 2 nodes: 2
   Ratio after relax: 0.8
building causal graph...done! [t=0.00017457s]
Sym variable order: 31 33 36 35 34 32 38 40 42 41 39 37 1 3 5 6 4 2 8 10 12 0 11 9 7 13 15 17 18 16 14 19 21 24 23 22 20 25 27 30 29 28 26 
Initializing Symbolic Variables
Num variables: 43 => 58
Initialize Symbolic Manager(116, 137931, 16000000, 0)
Generating binary variables
Symbolic Variables... Done.
BOUND: 1 < 2147483647, total time: 0.578841s
BOUND: 2 < 2147483647, total time: 0.579039s
BOUND: 3 < 2147483647, total time: 0.57944s
BOUND: 4 < 2147483647, total time: 0.579607s
BOUND: 5 < 2147483647, total time: 0.580004s
BOUND: 6 < 2147483647, total time: 0.580468s
BOUND: 7 < 2147483647, total time: 0.581256s
BOUND: 8 < 2147483647, total time: 0.581978s
BOUND: 9 < 2147483647, total time: 0.583558s
BOUND: 10 < 2147483647, total time: 0.584747s
BOUND: 11 < 2147483647, total time: 0.586484s
BOUND: 12 < 2147483647, total time: 0.589343s
BOUND: 13 < 2147483647, total time: 0.591858s
BOUND: 14 < 2147483647, total time: 0.595989s
BOUND: 15 < 2147483647, total time: 0.599793s
BOUND: 16 < 2147483647, total time: 0.606069s
BOUND: 17 < 2147483647, total time: 0.610977s
BOUND: 18 < 2147483647, total time: 0.616663s
BOUND: 19 < 2147483647, total time: 0.62553s
BOUND: 20 < 2147483647, total time: 0.633525s
BOUND: 21 < 2147483647, total time: 0.644614s
BOUND: 22 < 2147483647, total time: 0.654063s
BOUND: 23 < 2147483647, total time: 0.667316s
BOUND: 24 < 2147483647, total time: 0.678378s
BOUND: 25 < 2147483647, total time: 0.690043s
BOUND: 26 < 2147483647, total time: 0.70677s
BOUND: 27 < 2147483647, total time: 0.721635s
BOUND: 28 < 2147483647, total time: 0.740429s
BOUND: 29 < 2147483647, total time: 0.756249s
BOUND: 30 < 2147483647, total time: 0.771622s
BOUND: 31 < 2147483647, total time: 0.793647s
BOUND: 32 < 2147483647, total time: 0.811359s
BOUND: 33 < 2147483647, total time: 0.827834s
BOUND: 34 < 2147483647, total time: 0.854255s
BOUND: 35 < 2147483647, total time: 0.874262s
BOUND: 36 < 2147483647, total time: 0.8921s
BOUND: 37 < 2147483647, total time: 0.910282s
BOUND: 38 < 2147483647, total time: 0.928711s
BOUND: 39 < 2147483647, total time: 0.94723s
BOUND: 40 < 2147483647, total time: 0.965842s
BOUND: 41 < 2147483647, total time: 0.984373s
BOUND: 42 < 2147483647, total time: 1.00287s
BOUND: 43 < 2147483647, total time: 1.02121s
BOUND: 44 < 2147483647, total time: 1.03926s
Solution found with cost 44 total time: 1.05074s
Merging: 1
30 1.07207 1 65
Merging: 1
29 1.07362 1 65
Merging: 1
28 1.07541 1 65
Merging: 1
27 1.07705 1 65
Merging: 1
26 1.0786 1 65
Merging: 1
25 1.08051 1 65
Merging: 1
24 1.08226 1 65
Merging: 5
23 1.08394 1 130
Merging: 10
22 1.08741 1 196
Merging: 10
21 1.09402 1 235
Merging: 10
20 1.10153 1 274
Merging: 10
19 1.1094 1 275
Merging: 10
18 1.11726 1 271
Merging: 10
17 1.12527 1 234
Merging: 10
16 1.13217 1 187
Merging: 11
15 1.13734 1 140
Merging: 12
14 1.14078 1 148
Merging: 15
13 1.14505 1 186
Merging: 14
12 1.15142 1 230
Merging: 14
11 1.15921 1 267
Merging: 14
10 1.16804 1 292
Merging: 14
9 1.17782 1 315
Merging: 14
8 1.18812 1 316
Merging: 14
7 1.19822 1 314
Merging: 14
6 1.20799 1 291
Merging: 14
5 1.21686 1 266
Merging: 14
4 1.22498 1 224
Merging: 14
3 1.23179 1 182
Merging: 14
2 1.23711 1 115
Merging: 7
1 1.23979 1 59
Merging: 1
14 1.24092 1 65
Merging: 1
13 1.24166 1 65
Merging: 7
12 1.24244 1 138
Merging: 13
11 1.24412 1 206
Merging: 13
10 1.24624 1 263
Merging: 13
9 1.24862 1 308
Merging: 13
8 1.25113 1 341
Merging: 13
7 1.25368 1 359
Merging: 13
6 1.25617 1 359
Merging: 13
5 1.25849 1 341
Merging: 13
4 1.26057 1 308
Merging: 13
3 1.26242 1 263
Merging: 13
2 1.26404 1 206
Merging: 13
1 1.26512 1 136
BOUND: 44 < 44, total time: 1.26579s
Actual search time: 0.692682s [t=1.27159s]
drive truck1 depot2 market1 (1)
buy truck1 goods7 market1 level0 level1 level0 level1 (1)
load goods7 truck1 market1 level0 level1 level0 level1 (1)
buy truck1 goods6 market1 level0 level1 level0 level1 (1)
load goods6 truck1 market1 level0 level1 level0 level1 (1)
buy truck1 goods5 market1 level0 level1 level0 level1 (1)
load goods5 truck1 market1 level0 level1 level0 level1 (1)
buy truck1 goods4 market1 level0 level1 level0 level1 (1)
load goods4 truck1 market1 level0 level1 level0 level1 (1)
buy truck1 goods3 market1 level0 level1 level0 level1 (1)
load goods3 truck1 market1 level0 level1 level0 level1 (1)
buy truck1 goods1 market1 level0 level1 level0 level1 (1)
load goods1 truck1 market1 level0 level1 level0 level1 (1)
drive truck1 market1 market2 (1)
buy truck1 goods7 market2 level0 level1 level0 level1 (1)
load goods7 truck1 market2 level0 level1 level1 level2 (1)
buy truck1 goods5 market2 level0 level1 level0 level1 (1)
load goods5 truck1 market2 level0 level1 level1 level2 (1)
buy truck1 goods3 market2 level0 level1 level0 level1 (1)
load goods3 truck1 market2 level0 level1 level1 level2 (1)
buy truck1 goods2 market2 level0 level1 level0 level1 (1)
load goods2 truck1 market2 level0 level1 level0 level1 (1)
buy truck1 goods1 market2 level0 level1 level0 level1 (1)
load goods1 truck1 market2 level0 level1 level1 level2 (1)
drive truck1 market2 market3 (1)
buy truck1 goods4 market3 level0 level1 level0 level1 (1)
load goods4 truck1 market3 level0 level1 level1 level2 (1)
drive truck1 market3 market4 (1)
buy truck1 goods6 market4 level0 level1 level0 level1 (1)
load goods6 truck1 market4 level0 level1 level1 level2 (1)
drive truck1 market4 depot1 (1)
unload goods1 truck1 depot1 level1 level2 level0 level1 (1)
unload goods1 truck1 depot1 level0 level1 level1 level2 (1)
unload goods2 truck1 depot1 level0 level1 level0 level1 (1)
unload goods3 truck1 depot1 level1 level2 level0 level1 (1)
unload goods3 truck1 depot1 level0 level1 level1 level2 (1)
unload goods4 truck1 depot1 level1 level2 level0 level1 (1)
unload goods4 truck1 depot1 level0 level1 level1 level2 (1)
unload goods5 truck1 depot1 level1 level2 level0 level1 (1)
unload goods5 truck1 depot1 level0 level1 level1 level2 (1)
unload goods6 truck1 depot1 level1 level2 level0 level1 (1)
unload goods6 truck1 depot1 level0 level1 level1 level2 (1)
unload goods7 truck1 depot1 level1 level2 level0 level1 (1)
unload goods7 truck1 depot1 level0 level1 level1 level2 (1)
Plan length: 44 step(s).
Plan cost: 44
Bytes per state: 8
Search time: 0.701051s
Total time: 1.2716s
Solution found.
Peak memory: 269212 KB
Running single search parser
