INFO     Running translator.
INFO     translator input: ['domain.pddl', 'problem.pddl']
INFO     translator arguments: []
INFO     translator time limit: None
INFO     translator memory limit: None
INFO     callstring: /usr/bin/python /mnt/data_server/torralba/subdominization/training/data/training_satellite/code-70296b3db083/builds/release32/bin/translate/translate.py domain.pddl problem.pddl
Parsing...
Parsing: [0.010s CPU, 0.120s wall-clock]
Normalizing task... [0.000s CPU, 0.000s wall-clock]
Instantiating...
Generating Datalog program... [0.000s CPU, 0.001s wall-clock]
Normalizing Datalog program...
Normalizing Datalog program: [0.000s CPU, 3.264s wall-clock]
Preparing model... [0.000s CPU, 0.003s wall-clock]
Generated 31 rules.
Computing model... [0.040s CPU, 0.033s wall-clock]
1894 relevant atoms
414 auxiliary atoms
2308 final queue length
3831 total queue pushes
Completing instantiation... [0.050s CPU, 0.054s wall-clock]
Instantiating: [0.090s CPU, 3.411s wall-clock]
Computing fact groups...
Finding invariants...
12 initial candidates
Finding invariants: [0.000s CPU, 0.002s wall-clock]
Checking invariant weight... [0.000s CPU, 0.000s wall-clock]
Instantiating groups... [0.000s CPU, 0.000s wall-clock]
Collecting mutex groups... [0.000s CPU, 0.000s wall-clock]
Choosing groups...
52 uncovered facts
Choosing groups: [0.000s CPU, 0.000s wall-clock]
Building translation key... [0.000s CPU, 0.001s wall-clock]
Computing fact groups: [0.010s CPU, 0.005s wall-clock]
Building STRIPS to SAS dictionary... [0.000s CPU, 0.000s wall-clock]
Building dictionary for full mutex groups... [0.000s CPU, 0.000s wall-clock]
Building mutex information...
Building mutex information: [0.000s CPU, 0.000s wall-clock]
Translating task...
Processing axioms...
Simplifying axioms... [0.000s CPU, 0.000s wall-clock]
Processing axioms: [0.000s CPU, 0.003s wall-clock]
Translating task: [0.050s CPU, 0.054s wall-clock]
15 effect conditions simplified
0 implied preconditions added
Detecting unreachable propositions...
0 operators removed
0 axioms removed
4 propositions removed
Detecting unreachable propositions: [0.030s CPU, 0.028s wall-clock]
Translator variables: 56
Translator derived variables: 0
Translator facts: 180
Translator goal facts: 3
Translator mutex groups: 4
Translator total mutex groups size: 76
Translator operators: 1567
Translator axioms: 0
Translator task size: 5391
Translator peak memory: 50228 KB
Writing output... [0.030s CPU, 0.051s wall-clock]
Done! [0.220s CPU, 3.673s wall-clock]
INFO     Running preprocessor (release32).
INFO     preprocessor input: output.sas
INFO     preprocessor arguments: []
INFO     preprocessor time limit: None
INFO     preprocessor memory limit: None
INFO     callstring: /mnt/data_server/torralba/subdominization/training/data/training_satellite/code-70296b3db083/builds/release32/bin/preprocess < output.sas
Building causal graph...
The causal graph is not acyclic.
20 variables of 56 necessary
0 of 4 mutex groups necessary.
1406 of 1567 operators necessary.
0 of 0 axiom rules necessary.
Initializing mutex computation...
Mutex computation initialized with 108 fluents.
iteration for mutex detection and operator pruning
Initialize m_index fw
Initialized mvalues forward: reached=400, notReached=9864, spurious=1400
Initialize m_ops fw
Computing mutexes...
Mutex computation finished with reached=10246, notReached=18, spurious=1400
0 operators are spurious because were not triggered
H^2 mutexes added fw: 18, unreachable: 0
0 of 1406 operators detected as spurious
iteration for mutex detection and operator pruning
Initialize m_index bw
Init values regression
Initialized mvalues backward: reached=6672, notReached=3574, spurious=1418
Initialize m_ops bw
Computing mutexes...
Mutex computation finished with reached=10246, notReached=0, spurious=1418
0 operators are spurious because were not triggered
H^2 mutexes added bw: 0, unreachable: 0
0 of 1406 operators detected as spurious
Total mutex and disambiguation time: 0.044682 iterations: 2
9 of 9 mutex groups necessary.
1406 of 1406 operators necessary.
0 of 0 axiom rules necessary.
Change id of operators: 1406
Change id of mutexes
Change id of goals
Change id of initial state
Remove unreachable facts from variables: 20
9 of 9 mutex groups necessary.
1406 of 1406 operators necessary.
0 of 0 axiom rules necessary.
Updating causal graph and pruning unnecessary facts
20 variables of 20 of 56 necessary
The causal graph is not acyclic.
20 variables of 20 necessary
9 of 9 mutex groups necessary.
1406 of 1406 operators necessary.
0 of 0 axiom rules necessary.
Building domain transition graphs...
solveable in poly time 0
Building successor generator...
Preprocessor variables: 20
Preprocessor facts: 108
Preprocessor derived variables: 0
Preprocessor operators: 1406
Preprocessor mutex groups: 9
Preprocessor task size: 4420
Writing output...
Preprocessor time: 0.0820325s
Preprocessor peak memory: 2912 KB
done
INFO     Running search (release32).
INFO     search input: output
INFO     search arguments: ['--search', 'sbd(store_operators_in_optimal_plan=true, cost_type=1)']
INFO     search time limit: 3600s
INFO     search memory limit: 4096 MB
INFO     search executable: /mnt/data_server/torralba/subdominization/training/data/training_satellite/code-70296b3db083/builds/release32/bin/downward
INFO     callstring: /mnt/data_server/torralba/subdominization/training/data/training_satellite/code-70296b3db083/builds/release32/bin/downward --search 'sbd(store_operators_in_optimal_plan=true, cost_type=1)' --internal-plan-file sas_plan < output
time limit 3600.00 -> (3600, 3601)
reading input... [t=0.000153307s]
done reading input! [t=0.0129912s]
packing state variables...done! [t=0.0130008s]
Variables: 20
FactPairs: 108
Bytes per state: 8
Building successor generator...done! [t=0.0136573s]
done initalizing global data [t=0.0136613s]
TR(time=60000, nodes=100000)
Mutex(time=60000, nodes=100000, type=edeletion)
Aux(time=2000, nodes=1000000)
Disj(nodes=2147483647)
Estimation: min_time(1000) time_penalty +(1000)*(2) nodes_penalty +(1000)*(2)
MaxStep(time=30000, nodes=100000000, nodes_per_planning_second=100)
Ratio useful: 0
   Min alloted time: 60000 nodes: 10000000
   Max alloted time: 60000 nodes: 15000000
   Mult alloted time: 2 nodes: 2
   Ratio after relax: 0.8
building causal graph...done! [t=0.000133778s]
Sym variable order: 12 15 13 14 16 17 2 3 0 19 18 7 8 5 4 6 1 11 10 9 
Initializing Symbolic Variables
Num variables: 20 => 36
Initialize Symbolic Manager(72, 222222, 16000000, 0)
Generating binary variables
Symbolic Variables... Done.
BOUND: 1 < 2147483647, total time: 0.399966s
BOUND: 2 < 2147483647, total time: 0.400256s
BOUND: 3 < 2147483647, total time: 0.400772s
BOUND: 4 < 2147483647, total time: 0.401209s
BOUND: 5 < 2147483647, total time: 0.401771s
BOUND: 6 < 2147483647, total time: 0.40285s
BOUND: 7 < 2147483647, total time: 0.403699s
Solution found with cost 7 total time: 0.404698s
Merging: 1
5 0.421694 1 78
Merging: 6
4 0.441987 1 80
Merging: 8
3 0.46224 1 73
Merging: 7
2 0.480757 1 78
Merging: 7
1 0.499058 1 66
Merging: 1
2 0.516932 1 78
Merging: 6
1 0.527371 1 80
BOUND: 7 < 7, total time: 0.535863s
Actual search time: 0.136112s [t=0.536164s]
turn_to satellite3 planet16 star12 (1)
switch_on instrument0 satellite0 (1)
calibrate satellite0 instrument0 groundstation4 (1)
turn_to satellite0 phenomenon17 groundstation4 (1)
take_image satellite0 phenomenon17 instrument0 image0 (1)
turn_to satellite0 planet16 phenomenon17 (1)
take_image satellite0 planet16 instrument0 image0 (1)
Plan length: 7 step(s).
Plan cost: 7
Bytes per state: 8
Search time: 0.15749s
Total time: 0.536176s
Solution found.
Peak memory: 219828 KB
Running single search parser
