INFO     Running translator.
INFO     translator input: ['domain.pddl', 'problem.pddl']
INFO     translator arguments: []
INFO     translator time limit: None
INFO     translator memory limit: None
INFO     callstring: /usr/bin/python /mnt/data_server/torralba/subdominization/training/data/training_depots/code-70296b3db083/builds/release32/bin/translate/translate.py domain.pddl problem.pddl
Parsing...
Parsing: [0.000s CPU, 0.008s wall-clock]
Normalizing task... [0.000s CPU, 0.000s wall-clock]
Instantiating...
Generating Datalog program... [0.000s CPU, 0.001s wall-clock]
Normalizing Datalog program...
Normalizing Datalog program: [0.000s CPU, 0.005s wall-clock]
Preparing model... [0.010s CPU, 0.002s wall-clock]
Generated 43 rules.
Computing model... [0.020s CPU, 0.024s wall-clock]
777 relevant atoms
724 auxiliary atoms
1501 final queue length
2709 total queue pushes
Completing instantiation... [0.040s CPU, 0.039s wall-clock]
Instantiating: [0.070s CPU, 0.082s wall-clock]
Computing fact groups...
Finding invariants...
16 initial candidates
Finding invariants: [0.010s CPU, 0.011s wall-clock]
Checking invariant weight... [0.000s CPU, 0.000s wall-clock]
Instantiating groups... [0.000s CPU, 0.005s wall-clock]
Collecting mutex groups... [0.000s CPU, 0.000s wall-clock]
Choosing groups...
22 uncovered facts
Choosing groups: [0.010s CPU, 0.001s wall-clock]
Building translation key... [0.000s CPU, 0.000s wall-clock]
Computing fact groups: [0.020s CPU, 0.020s wall-clock]
Building STRIPS to SAS dictionary... [0.000s CPU, 0.000s wall-clock]
Building dictionary for full mutex groups... [0.000s CPU, 0.001s wall-clock]
Building mutex information...
Building mutex information: [0.000s CPU, 0.001s wall-clock]
Translating task...
Processing axioms...
Simplifying axioms... [0.000s CPU, 0.000s wall-clock]
Processing axioms: [0.000s CPU, 0.003s wall-clock]
Translating task: [0.040s CPU, 0.047s wall-clock]
624 effect conditions simplified
0 implied preconditions added
Detecting unreachable propositions...
0 operators removed
0 axioms removed
30 propositions removed
Detecting unreachable propositions: [0.030s CPU, 0.020s wall-clock]
Translator variables: 28
Translator derived variables: 0
Translator facts: 156
Translator goal facts: 5
Translator mutex groups: 28
Translator total mutex groups size: 286
Translator operators: 480
Translator axioms: 0
Translator task size: 4507
Translator peak memory: 47940 KB
Writing output... [0.010s CPU, 0.027s wall-clock]
Done! [0.170s CPU, 0.210s wall-clock]
INFO     Running preprocessor (release32).
INFO     preprocessor input: output.sas
INFO     preprocessor arguments: []
INFO     preprocessor time limit: None
INFO     preprocessor memory limit: None
INFO     callstring: /mnt/data_server/torralba/subdominization/training/data/training_depots/code-70296b3db083/builds/release32/bin/preprocess < output.sas
Building causal graph...
The causal graph is not acyclic.
28 variables of 28 necessary
20 of 28 mutex groups necessary.
480 of 480 operators necessary.
0 of 0 axiom rules necessary.
Initializing mutex computation...
Mutex computation initialized with 156 fluents.
iteration for mutex detection and operator pruning
Initialize m_index fw
Initialized mvalues forward: reached=784, notReached=20884, spurious=2668
Initialize m_ops fw
Computing mutexes...
Mutex computation finished with reached=21314, notReached=354, spurious=2668
72 operators are spurious because were not triggered
H^2 mutexes added fw: 354, unreachable: 0
0 of 408 operators detected as spurious
iteration for mutex detection and operator pruning
Initialize m_index bw
Init values regression
Initialized mvalues backward: reached=3939, notReached=17375, spurious=3022
Initialize m_ops bw
Computing mutexes...
Mutex computation finished with reached=21314, notReached=0, spurious=3022
0 operators are spurious because were not triggered
H^2 mutexes added bw: 0, unreachable: 0
0 of 408 operators detected as spurious
Total mutex and disambiguation time: 0.034596 iterations: 2
197 of 197 mutex groups necessary.
408 of 480 operators necessary.
0 of 0 axiom rules necessary.
Change id of operators: 408
Change id of mutexes
Change id of goals
Change id of initial state
Remove unreachable facts from variables: 28
197 of 197 mutex groups necessary.
408 of 408 operators necessary.
0 of 0 axiom rules necessary.
Updating causal graph and pruning unnecessary facts
28 variables of 28 of 28 necessary
The causal graph is not acyclic.
28 variables of 28 necessary
197 of 197 mutex groups necessary.
408 of 408 operators necessary.
0 of 0 axiom rules necessary.
Building domain transition graphs...
solveable in poly time 0
Building successor generator...
Preprocessor variables: 28
Preprocessor facts: 156
Preprocessor derived variables: 0
Preprocessor operators: 408
Preprocessor mutex groups: 197
Preprocessor task size: 4043
Writing output...
Preprocessor time: 0.0746166s
Preprocessor peak memory: 2756 KB
done
INFO     Running search (release32).
INFO     search input: output
INFO     search arguments: ['--search', 'sbd(store_operators_in_optimal_plan=true, cost_type=1)']
INFO     search time limit: 3600s
INFO     search memory limit: 4096 MB
INFO     search executable: /mnt/data_server/torralba/subdominization/training/data/training_depots/code-70296b3db083/builds/release32/bin/downward
INFO     callstring: /mnt/data_server/torralba/subdominization/training/data/training_depots/code-70296b3db083/builds/release32/bin/downward --search 'sbd(store_operators_in_optimal_plan=true, cost_type=1)' --internal-plan-file sas_plan < output
time limit 3600.00 -> (3600, 3601)
reading input... [t=0.000145255s]
done reading input! [t=0.00681549s]
packing state variables...done! [t=0.00684212s]
Variables: 28
FactPairs: 156
Bytes per state: 8
Building successor generator...done! [t=0.00791635s]
done initalizing global data [t=0.00792612s]
TR(time=60000, nodes=100000)
Mutex(time=60000, nodes=100000, type=edeletion)
Aux(time=2000, nodes=1000000)
Disj(nodes=2147483647)
Estimation: min_time(1000) time_penalty +(1000)*(2) nodes_penalty +(1000)*(2)
MaxStep(time=30000, nodes=100000000, nodes_per_planning_second=100)
Ratio useful: 0
   Min alloted time: 60000 nodes: 10000000
   Max alloted time: 60000 nodes: 15000000
   Mult alloted time: 2 nodes: 2
   Ratio after relax: 0.8
building causal graph...done! [t=0.000949964s]
Sym variable order: 0 1 15 14 17 21 25 6 23 27 26 11 9 12 7 8 16 22 18 19 20 10 13 24 3 2 4 5 
Initializing Symbolic Variables
Num variables: 28 => 60
Initialize Symbolic Manager(120, 133333, 16000000, 0)
Generating binary variables
Symbolic Variables... Done.
BOUND: 1 < 2147483647, total time: 1.00578s
BOUND: 2 < 2147483647, total time: 1.00678s
BOUND: 3 < 2147483647, total time: 1.01192s
BOUND: 4 < 2147483647, total time: 1.01269s
BOUND: 5 < 2147483647, total time: 1.01377s
BOUND: 6 < 2147483647, total time: 1.01557s
BOUND: 7 < 2147483647, total time: 1.01937s
BOUND: 8 < 2147483647, total time: 1.02746s
BOUND: 9 < 2147483647, total time: 1.0619s
BOUND: 10 < 2147483647, total time: 1.07766s
BOUND: 11 < 2147483647, total time: 1.10546s
BOUND: 12 < 2147483647, total time: 1.15594s
BOUND: 13 < 2147483647, total time: 1.24316s
BOUND: 14 < 2147483647, total time: 1.41404s
BOUND: 15 < 2147483647, total time: 1.56197s
BOUND: 16 < 2147483647, total time: 1.79725s
BOUND: 17 < 2147483647, total time: 2.15892s
BOUND: 18 < 2147483647, total time: 2.55059s
BOUND: 19 < 2147483647, total time: 3.18033s
BOUND: 20 < 2147483647, total time: 3.93361s
Solution found with cost 20 total time: 4.85577s
Merging: 1
15 4.92662 1 470
Merging: 24
14 4.97709 1 497
Merging: 22
13 5.03366 1 612
Merging: 26
12 5.10282 1 579
Merging: 34
11 5.17326 1 649
Merging: 38
10 5.25786 1 774
Merging: 34
9 5.34813 1 738
Merging: 30
8 5.42997 1 639
Merging: 26
7 5.50167 1 536
Merging: 28
6 5.56262 1 500
Merging: 24
5 5.62123 1 458
Merging: 16
4 5.66878 1 349
Merging: 12
3 5.70841 1 210
Merging: 10
2 5.73281 1 200
Merging: 6
1 5.75255 1 152
Merging: 1
5 5.76442 1 470
Merging: 20
4 5.77153 1 438
Merging: 12
3 5.77629 1 393
Merging: 8
2 5.78069 1 256
Merging: 6
1 5.78385 1 113
BOUND: 20 < 20, total time: 5.7857s
Actual search time: 4.79733s [t=5.80376s]
lift hoist2 crate4 crate2 distributor0 (1)
drive truck0 depot1 distributor0 (1)
load hoist2 crate4 truck0 distributor0 (1)
lift hoist2 crate2 pallet2 distributor0 (1)
load hoist2 crate2 truck0 distributor0 (1)
drive truck0 distributor0 depot1 (1)
unload hoist1 crate4 truck0 depot1 (1)
drop hoist1 crate4 crate5 depot1 (1)
unload hoist1 crate2 truck0 depot1 (1)
lift hoist0 crate3 crate1 depot0 (1)
drive truck0 depot1 depot0 (1)
load hoist0 crate3 truck0 depot0 (1)
lift hoist0 crate1 crate0 depot0 (1)
load hoist0 crate1 truck0 depot0 (1)
drive truck0 depot0 distributor1 (1)
drop hoist1 crate2 crate4 depot1 (1)
unload hoist3 crate1 truck0 distributor1 (1)
drop hoist3 crate1 pallet3 distributor1 (1)
unload hoist3 crate3 truck0 distributor1 (1)
drop hoist3 crate3 crate1 distributor1 (1)
Plan length: 20 step(s).
Plan cost: 20
Bytes per state: 8
Search time: 5.32176s
Total time: 5.80379s
Solution found.
Peak memory: 364340 KB
Running single search parser
