INFO     Running translator.
INFO     translator input: ['domain.pddl', 'problem.pddl']
INFO     translator arguments: []
INFO     translator time limit: None
INFO     translator memory limit: None
INFO     callstring: /usr/bin/python /mnt/data_server/torralba/subdominization/training/data/training_tpp/code-70296b3db083/builds/release32/bin/translate/translate.py domain.pddl problem.pddl
Parsing...
Parsing: [0.000s CPU, 0.012s wall-clock]
Normalizing task... [0.010s CPU, 0.000s wall-clock]
Instantiating...
Generating Datalog program... [0.000s CPU, 0.002s wall-clock]
Normalizing Datalog program...
Normalizing Datalog program: [0.000s CPU, 0.007s wall-clock]
Preparing model... [0.010s CPU, 0.005s wall-clock]
Generated 45 rules.
Computing model... [0.040s CPU, 0.041s wall-clock]
580 relevant atoms
1274 auxiliary atoms
1854 final queue length
2169 total queue pushes
Completing instantiation... [0.020s CPU, 0.024s wall-clock]
Instantiating: [0.070s CPU, 0.083s wall-clock]
Computing fact groups...
Finding invariants...
18 initial candidates
Finding invariants: [0.010s CPU, 0.010s wall-clock]
Checking invariant weight... [0.010s CPU, 0.001s wall-clock]
Instantiating groups... [0.000s CPU, 0.009s wall-clock]
Collecting mutex groups... [0.000s CPU, 0.001s wall-clock]
Choosing groups...
80 uncovered facts
Choosing groups: [0.000s CPU, 0.001s wall-clock]
Building translation key... [0.000s CPU, 0.002s wall-clock]
Computing fact groups: [0.030s CPU, 0.030s wall-clock]
Building STRIPS to SAS dictionary... [0.000s CPU, 0.000s wall-clock]
Building dictionary for full mutex groups... [0.000s CPU, 0.000s wall-clock]
Building mutex information...
Building mutex information: [0.010s CPU, 0.001s wall-clock]
Translating task...
Processing axioms...
Simplifying axioms... [0.000s CPU, 0.000s wall-clock]
Processing axioms: [0.000s CPU, 0.001s wall-clock]
Translating task: [0.010s CPU, 0.019s wall-clock]
0 effect conditions simplified
0 implied preconditions added
Detecting unreachable propositions...
0 operators removed
0 axioms removed
221 propositions removed
Detecting unreachable propositions: [0.020s CPU, 0.012s wall-clock]
Translator variables: 61
Translator derived variables: 0
Translator facts: 168
Translator goal facts: 10
Translator mutex groups: 61
Translator total mutex groups size: 168
Translator operators: 222
Translator axioms: 0
Translator task size: 1673
Translator peak memory: 45500 KB
Writing output... [0.000s CPU, 0.014s wall-clock]
Done! [0.150s CPU, 0.174s wall-clock]
INFO     Running preprocessor (release32).
INFO     preprocessor input: output.sas
INFO     preprocessor arguments: []
INFO     preprocessor time limit: None
INFO     preprocessor memory limit: None
INFO     callstring: /mnt/data_server/torralba/subdominization/training/data/training_tpp/code-70296b3db083/builds/release32/bin/preprocess < output.sas
Building causal graph...
The causal graph is not acyclic.
61 variables of 61 necessary
0 of 61 mutex groups necessary.
222 of 222 operators necessary.
0 of 0 axiom rules necessary.
Initializing mutex computation...
Mutex computation initialized with 168 fluents.
iteration for mutex detection and operator pruning
Initialize m_index fw
Initialized mvalues forward: reached=3721, notReached=24167, spurious=336
Initialize m_ops fw
Computing mutexes...
Mutex computation finished with reached=21608, notReached=6280, spurious=336
60 operators are spurious because were not triggered
Unreachable proposition: Atom ready-to-load(goods9, market2, level2)
Unreachable proposition: Atom ready-to-load(goods9, market3, level2)
Unreachable proposition: Atom ready-to-load(goods8, market1, level2)
Unreachable proposition: Atom ready-to-load(goods8, market2, level2)
Unreachable proposition: Atom ready-to-load(goods7, market1, level2)
Unreachable proposition: Atom ready-to-load(goods7, market2, level2)
Unreachable proposition: Atom ready-to-load(goods6, market1, level2)
Unreachable proposition: Atom ready-to-load(goods6, market2, level2)
Unreachable proposition: Atom ready-to-load(goods5, market2, level2)
Unreachable proposition: Atom ready-to-load(goods5, market3, level2)
Unreachable proposition: Atom ready-to-load(goods4, market1, level2)
Unreachable proposition: Atom ready-to-load(goods4, market3, level2)
Unreachable proposition: Atom ready-to-load(goods3, market2, level2)
Unreachable proposition: Atom ready-to-load(goods3, market3, level2)
Unreachable proposition: Atom ready-to-load(goods2, market2, level2)
Unreachable proposition: Atom ready-to-load(goods2, market3, level2)
Unreachable proposition: Atom ready-to-load(goods10, market2, level2)
Unreachable proposition: Atom ready-to-load(goods10, market3, level2)
Unreachable proposition: Atom ready-to-load(goods1, market2, level2)
Unreachable proposition: Atom ready-to-load(goods1, market3, level2)
H^2 mutexes added fw: 40, unreachable: 20
0 of 162 operators detected as spurious
iteration for mutex detection and operator pruning
Initialize m_index bw
Init values regression
Initialized mvalues backward: reached=16148, notReached=5460, spurious=6616
Initialize m_ops bw
Computing mutexes...
Mutex computation finished with reached=19892, notReached=1716, spurious=6616
24 operators are spurious because were not triggered
Unreachable proposition: Atom stored(goods8, level2)
Unreachable proposition: Atom stored(goods7, level2)
Unreachable proposition: Atom stored(goods6, level2)
Unreachable proposition: Atom stored(goods5, level2)
Unreachable proposition: Atom stored(goods2, level2)
Unreachable proposition: Atom stored(goods1, level2)
H^2 mutexes added bw: 0, unreachable: 6
0 of 138 operators detected as spurious
iteration for mutex detection and operator pruning
Initialize m_index fw
Initialized mvalues forward: reached=3721, notReached=16171, spurious=8332
Initialize m_ops fw
Computing mutexes...
Mutex computation finished with reached=19892, notReached=0, spurious=8332
0 operators are spurious because were not triggered
H^2 mutexes added fw: 0, unreachable: 0
0 of 138 operators detected as spurious
Total mutex and disambiguation time: 0.016977 iterations: 3
20 of 20 mutex groups necessary.
138 of 222 operators necessary.
0 of 0 axiom rules necessary.
Change id of operators: 138
Change id of mutexes
Change id of goals
Change id of initial state
Remove unreachable facts from variables: 61
20 of 20 mutex groups necessary.
138 of 138 operators necessary.
0 of 0 axiom rules necessary.
Updating causal graph and pruning unnecessary facts
61 variables of 61 of 61 necessary
The causal graph is not acyclic.
61 variables of 61 necessary
20 of 20 mutex groups necessary.
138 of 138 operators necessary.
0 of 0 axiom rules necessary.
Building domain transition graphs...
solveable in poly time 0
Building successor generator...
Preprocessor variables: 61
Preprocessor facts: 142
Preprocessor derived variables: 0
Preprocessor operators: 138
Preprocessor mutex groups: 20
Preprocessor task size: 1015
Writing output...
Preprocessor time: 0.0282056s
Preprocessor peak memory: 2364 KB
done
INFO     Running search (release32).
INFO     search input: output
INFO     search arguments: ['--search', 'sbd(store_operators_in_optimal_plan=true, cost_type=1)']
INFO     search time limit: 3600s
INFO     search memory limit: 4096 MB
INFO     search executable: /mnt/data_server/torralba/subdominization/training/data/training_tpp/code-70296b3db083/builds/release32/bin/downward
INFO     callstring: /mnt/data_server/torralba/subdominization/training/data/training_tpp/code-70296b3db083/builds/release32/bin/downward --search 'sbd(store_operators_in_optimal_plan=true, cost_type=1)' --internal-plan-file sas_plan < output
time limit 3600.00 -> (3600, 3601)
reading input... [t=0.00012816s]
done reading input! [t=0.00225036s]
packing state variables...done! [t=0.00226846s]
Variables: 61
FactPairs: 142
Bytes per state: 12
Building successor generator...done! [t=0.00263868s]
done initalizing global data [t=0.00264435s]
TR(time=60000, nodes=100000)
Mutex(time=60000, nodes=100000, type=edeletion)
Aux(time=2000, nodes=1000000)
Disj(nodes=2147483647)
Estimation: min_time(1000) time_penalty +(1000)*(2) nodes_penalty +(1000)*(2)
MaxStep(time=30000, nodes=100000000, nodes_per_planning_second=100)
Ratio useful: 0
   Min alloted time: 60000 nodes: 10000000
   Max alloted time: 60000 nodes: 15000000
   Mult alloted time: 2 nodes: 2
   Ratio after relax: 0.8
building causal graph...done! [t=0.000221891s]
Sym variable order: 44 46 47 48 45 43 20 22 23 24 21 19 32 34 36 35 33 31 2 4 5 6 3 1 50 52 54 53 51 49 0 13 15 18 17 16 14 55 57 59 60 58 56 8 10 11 12 9 7 25 27 30 29 28 26 37 39 41 42 40 38 
Initializing Symbolic Variables
Num variables: 61 => 77
Initialize Symbolic Manager(154, 103896, 16000000, 0)
Generating binary variables
Symbolic Variables... Done.
BOUND: 1 < 2147483647, total time: 0.677785s
BOUND: 2 < 2147483647, total time: 0.678037s
BOUND: 3 < 2147483647, total time: 0.678615s
BOUND: 4 < 2147483647, total time: 0.678779s
BOUND: 5 < 2147483647, total time: 0.678928s
BOUND: 6 < 2147483647, total time: 0.679306s
BOUND: 7 < 2147483647, total time: 0.679948s
BOUND: 8 < 2147483647, total time: 0.68067s
BOUND: 9 < 2147483647, total time: 0.681482s
BOUND: 10 < 2147483647, total time: 0.682309s
BOUND: 11 < 2147483647, total time: 0.683713s
BOUND: 12 < 2147483647, total time: 0.685235s
BOUND: 13 < 2147483647, total time: 0.688883s
BOUND: 14 < 2147483647, total time: 0.691704s
BOUND: 15 < 2147483647, total time: 0.695352s
BOUND: 16 < 2147483647, total time: 0.701704s
BOUND: 17 < 2147483647, total time: 0.70707s
BOUND: 18 < 2147483647, total time: 0.717266s
BOUND: 19 < 2147483647, total time: 0.724008s
BOUND: 20 < 2147483647, total time: 0.732199s
BOUND: 21 < 2147483647, total time: 0.747341s
BOUND: 22 < 2147483647, total time: 0.757828s
BOUND: 23 < 2147483647, total time: 0.769429s
BOUND: 24 < 2147483647, total time: 0.793489s
BOUND: 25 < 2147483647, total time: 0.809635s
BOUND: 26 < 2147483647, total time: 0.843939s
BOUND: 27 < 2147483647, total time: 0.86498s
BOUND: 28 < 2147483647, total time: 0.890778s
BOUND: 29 < 2147483647, total time: 0.942107s
BOUND: 30 < 2147483647, total time: 0.974043s
BOUND: 31 < 2147483647, total time: 1.04115s
BOUND: 32 < 2147483647, total time: 1.08578s
BOUND: 33 < 2147483647, total time: 1.1278s
BOUND: 34 < 2147483647, total time: 1.20372s
BOUND: 35 < 2147483647, total time: 1.25389s
BOUND: 36 < 2147483647, total time: 1.34081s
BOUND: 37 < 2147483647, total time: 1.39923s
BOUND: 38 < 2147483647, total time: 1.49717s
BOUND: 39 < 2147483647, total time: 1.56238s
BOUND: 40 < 2147483647, total time: 1.62238s
BOUND: 41 < 2147483647, total time: 1.74979s
BOUND: 42 < 2147483647, total time: 1.82611s
BOUND: 43 < 2147483647, total time: 1.96235s
BOUND: 44 < 2147483647, total time: 2.06127s
BOUND: 45 < 2147483647, total time: 2.21545s
BOUND: 46 < 2147483647, total time: 2.32382s
BOUND: 47 < 2147483647, total time: 2.41274s
BOUND: 48 < 2147483647, total time: 2.6227s
BOUND: 49 < 2147483647, total time: 2.75437s
BOUND: 50 < 2147483647, total time: 2.85656s
Solution found with cost 50 total time: 2.92902s
Merging: 1
30 2.97141 1 647
Merging: 33
29 3.0097 1 853
Merging: 41
28 3.0543 1 1004
Merging: 40
27 3.11092 1 1102
Merging: 42
26 3.16964 1 1207
Merging: 40
25 3.2358 1 1310
Merging: 38
24 3.30869 1 1426
Merging: 36
23 3.38818 1 1530
Merging: 37
22 3.47182 1 1611
Merging: 37
21 3.55957 1 1708
Merging: 40
20 3.65485 1 1798
Merging: 40
19 3.75275 1 1852
Merging: 40
18 3.85216 1 1857
Merging: 40
17 3.95017 1 1772
Merging: 40
16 4.04307 1 1679
Merging: 37
15 4.13406 1 1572
Merging: 37
14 4.21551 1 1461
Merging: 37
13 4.29 1 1344
Merging: 36
12 4.35753 1 1207
Merging: 38
11 4.41458 1 1072
Merging: 36
10 4.46615 1 984
Merging: 42
9 4.51304 1 879
Merging: 40
8 4.55513 1 779
Merging: 41
7 4.59232 1 645
Merging: 33
6 4.62308 1 467
Merging: 27
5 4.64309 1 347
Merging: 26
4 4.65799 1 201
Merging: 13
3 4.6651 1 77
Merging: 3
2 4.66819 1 79
Merging: 2
1 4.67119 1 78
Merging: 1
20 4.67421 1 647
Merging: 27
19 4.68796 1 482
Merging: 26
18 4.69413 1 294
Merging: 13
17 4.69694 1 113
Merging: 3
16 4.69834 1 115
Merging: 2
15 4.69999 1 114
Merging: 2
14 4.70151 1 113
Merging: 20
13 4.70415 1 241
Merging: 28
12 4.70898 1 357
Merging: 28
11 4.71602 1 445
Merging: 28
10 4.72374 1 516
Merging: 28
9 4.73173 1 561
Merging: 28
8 4.73986 1 586
Merging: 28
7 4.74823 1 588
Merging: 28
6 4.7568 1 585
Merging: 28
5 4.76461 1 560
Merging: 28
4 4.77176 1 516
Merging: 28
3 4.77856 1 445
Merging: 28
2 4.7837 1 356
Merging: 28
1 4.7871 1 241
BOUND: 50 < 50, total time: 4.78857s
Actual search time: 4.14213s [t=4.81999s]
drive truck1 depot1 market6 (1)
drive truck1 market6 market5 (1)
drive truck1 market5 market1 (1)
buy truck1 goods4 market1 level0 level1 level0 level1 (1)
load goods4 truck1 market1 level0 level1 level0 level1 (1)
drive truck1 market1 market3 (1)
buy truck1 goods9 market3 level0 level1 level0 level1 (1)
load goods9 truck1 market3 level0 level1 level0 level1 (1)
buy truck1 goods4 market3 level0 level1 level0 level1 (1)
load goods4 truck1 market3 level0 level1 level1 level2 (1)
buy truck1 goods3 market3 level0 level1 level0 level1 (1)
load goods3 truck1 market3 level0 level1 level0 level1 (1)
buy truck1 goods10 market3 level0 level1 level0 level1 (1)
load goods10 truck1 market3 level0 level1 level0 level1 (1)
drive truck1 market3 market2 (1)
buy truck1 goods9 market2 level0 level1 level0 level1 (1)
load goods9 truck1 market2 level0 level1 level1 level2 (1)
buy truck1 goods8 market2 level0 level1 level0 level1 (1)
load goods8 truck1 market2 level0 level1 level0 level1 (1)
buy truck1 goods7 market2 level0 level1 level0 level1 (1)
load goods7 truck1 market2 level0 level1 level0 level1 (1)
buy truck1 goods6 market2 level0 level1 level0 level1 (1)
load goods6 truck1 market2 level0 level1 level0 level1 (1)
buy truck1 goods5 market2 level0 level1 level0 level1 (1)
load goods5 truck1 market2 level0 level1 level0 level1 (1)
buy truck1 goods3 market2 level0 level1 level0 level1 (1)
load goods3 truck1 market2 level0 level1 level1 level2 (1)
buy truck1 goods2 market2 level0 level1 level0 level1 (1)
buy truck1 goods10 market2 level0 level1 level0 level1 (1)
buy truck1 goods1 market2 level0 level1 level0 level1 (1)
load goods1 truck1 market2 level0 level1 level0 level1 (1)
load goods10 truck1 market2 level0 level1 level1 level2 (1)
load goods2 truck1 market2 level0 level1 level0 level1 (1)
drive truck1 market2 market4 (1)
drive truck1 market4 market6 (1)
drive truck1 market6 depot1 (1)
unload goods1 truck1 depot1 level0 level1 level0 level1 (1)
unload goods10 truck1 depot1 level1 level2 level0 level1 (1)
unload goods10 truck1 depot1 level0 level1 level1 level2 (1)
unload goods2 truck1 depot1 level0 level1 level0 level1 (1)
unload goods3 truck1 depot1 level1 level2 level0 level1 (1)
unload goods3 truck1 depot1 level0 level1 level1 level2 (1)
unload goods4 truck1 depot1 level1 level2 level0 level1 (1)
unload goods4 truck1 depot1 level0 level1 level1 level2 (1)
unload goods5 truck1 depot1 level0 level1 level0 level1 (1)
unload goods6 truck1 depot1 level0 level1 level0 level1 (1)
unload goods7 truck1 depot1 level0 level1 level0 level1 (1)
unload goods8 truck1 depot1 level0 level1 level0 level1 (1)
unload goods9 truck1 depot1 level1 level2 level0 level1 (1)
unload goods9 truck1 depot1 level0 level1 level1 level2 (1)
Plan length: 50 step(s).
Plan cost: 50
Bytes per state: 12
Search time: 4.1591s
Total time: 4.82001s
Solution found.
Peak memory: 249760 KB
Running single search parser
