INFO     Running translator.
INFO     translator input: ['domain.pddl', 'problem.pddl']
INFO     translator arguments: []
INFO     translator time limit: None
INFO     translator memory limit: None
INFO     callstring: /usr/bin/python /mnt/data_server/torralba/subdominization/training/data/training_satellite/code-70296b3db083/builds/release32/bin/translate/translate.py domain.pddl problem.pddl
Parsing...
Parsing: [0.000s CPU, 0.063s wall-clock]
Normalizing task... [0.000s CPU, 0.000s wall-clock]
Instantiating...
Generating Datalog program... [0.010s CPU, 0.003s wall-clock]
Normalizing Datalog program...
Normalizing Datalog program: [0.000s CPU, 0.092s wall-clock]
Preparing model... [0.000s CPU, 0.004s wall-clock]
Generated 31 rules.
Computing model... [0.070s CPU, 0.067s wall-clock]
2410 relevant atoms
706 auxiliary atoms
3116 final queue length
4958 total queue pushes
Completing instantiation... [0.110s CPU, 0.108s wall-clock]
Instantiating: [0.190s CPU, 0.365s wall-clock]
Computing fact groups...
Finding invariants...
12 initial candidates
Finding invariants: [0.000s CPU, 0.004s wall-clock]
Checking invariant weight... [0.000s CPU, 0.000s wall-clock]
Instantiating groups... [0.000s CPU, 0.001s wall-clock]
Collecting mutex groups... [0.000s CPU, 0.000s wall-clock]
Choosing groups...
106 uncovered facts
Choosing groups: [0.000s CPU, 0.000s wall-clock]
Building translation key... [0.000s CPU, 0.001s wall-clock]
Computing fact groups: [0.010s CPU, 0.010s wall-clock]
Building STRIPS to SAS dictionary... [0.000s CPU, 0.000s wall-clock]
Building dictionary for full mutex groups... [0.000s CPU, 0.000s wall-clock]
Building mutex information...
Building mutex information: [0.000s CPU, 0.000s wall-clock]
Translating task...
Processing axioms...
Simplifying axioms... [0.000s CPU, 0.000s wall-clock]
Processing axioms: [0.010s CPU, 0.005s wall-clock]
Translating task: [0.110s CPU, 0.114s wall-clock]
39 effect conditions simplified
0 implied preconditions added
Detecting unreachable propositions...
0 operators removed
0 axioms removed
4 propositions removed
Detecting unreachable propositions: [0.070s CPU, 0.063s wall-clock]
Translator variables: 110
Translator derived variables: 0
Translator facts: 288
Translator goal facts: 5
Translator mutex groups: 4
Translator total mutex groups size: 76
Translator operators: 1940
Translator axioms: 0
Translator task size: 7378
Translator peak memory: 52332 KB
Writing output... [0.020s CPU, 0.052s wall-clock]
Done! [0.400s CPU, 0.674s wall-clock]
INFO     Running preprocessor (release32).
INFO     preprocessor input: output.sas
INFO     preprocessor arguments: []
INFO     preprocessor time limit: None
INFO     preprocessor memory limit: None
INFO     callstring: /mnt/data_server/torralba/subdominization/training/data/training_satellite/code-70296b3db083/builds/release32/bin/preprocess < output.sas
Building causal graph...
The causal graph is not acyclic.
37 variables of 110 necessary
0 of 4 mutex groups necessary.
1466 of 1940 operators necessary.
0 of 0 axiom rules necessary.
Initializing mutex computation...
Mutex computation initialized with 142 fluents.
iteration for mutex detection and operator pruning
Initialize m_index fw
Initialized mvalues forward: reached=1369, notReached=17361, spurious=1434
Initialize m_ops fw
Computing mutexes...
Mutex computation finished with reached=18672, notReached=58, spurious=1434
0 operators are spurious because were not triggered
H^2 mutexes added fw: 58, unreachable: 0
0 of 1466 operators detected as spurious
iteration for mutex detection and operator pruning
Initialize m_index bw
Init values regression
Initialized mvalues backward: reached=13258, notReached=5414, spurious=1492
Initialize m_ops bw
Computing mutexes...
Mutex computation finished with reached=18672, notReached=0, spurious=1492
0 operators are spurious because were not triggered
H^2 mutexes added bw: 0, unreachable: 0
0 of 1466 operators detected as spurious
Total mutex and disambiguation time: 0.071981 iterations: 2
29 of 29 mutex groups necessary.
1466 of 1466 operators necessary.
0 of 0 axiom rules necessary.
Change id of operators: 1466
Change id of mutexes
Change id of goals
Change id of initial state
Remove unreachable facts from variables: 37
29 of 29 mutex groups necessary.
1466 of 1466 operators necessary.
0 of 0 axiom rules necessary.
Updating causal graph and pruning unnecessary facts
37 variables of 37 of 110 necessary
The causal graph is not acyclic.
37 variables of 37 necessary
29 of 29 mutex groups necessary.
1466 of 1466 operators necessary.
0 of 0 axiom rules necessary.
Building domain transition graphs...
solveable in poly time 0
Building successor generator...
Preprocessor variables: 37
Preprocessor facts: 142
Preprocessor derived variables: 0
Preprocessor operators: 1466
Preprocessor mutex groups: 29
Preprocessor task size: 4774
Writing output...
Preprocessor time: 0.118135s
Preprocessor peak memory: 3092 KB
done
INFO     Running search (release32).
INFO     search input: output
INFO     search arguments: ['--search', 'sbd(store_operators_in_optimal_plan=true, cost_type=1)']
INFO     search time limit: 3600s
INFO     search memory limit: 4096 MB
INFO     search executable: /mnt/data_server/torralba/subdominization/training/data/training_satellite/code-70296b3db083/builds/release32/bin/downward
INFO     callstring: /mnt/data_server/torralba/subdominization/training/data/training_satellite/code-70296b3db083/builds/release32/bin/downward --search 'sbd(store_operators_in_optimal_plan=true, cost_type=1)' --internal-plan-file sas_plan < output
time limit 3600.00 -> (3600, 3601)
reading input... [t=0.000173692s]
done reading input! [t=0.0111099s]
packing state variables...done! [t=0.0111402s]
Variables: 37
FactPairs: 142
Bytes per state: 8
Building successor generator...done! [t=0.0121595s]
done initalizing global data [t=0.0121688s]
TR(time=60000, nodes=100000)
Mutex(time=60000, nodes=100000, type=edeletion)
Aux(time=2000, nodes=1000000)
Disj(nodes=2147483647)
Estimation: min_time(1000) time_penalty +(1000)*(2) nodes_penalty +(1000)*(2)
MaxStep(time=30000, nodes=100000000, nodes_per_planning_second=100)
Ratio useful: 0
   Min alloted time: 60000 nodes: 10000000
   Max alloted time: 60000 nodes: 15000000
   Mult alloted time: 2 nodes: 2
   Ratio after relax: 0.8
building causal graph...done! [t=0.000246521s]
Sym variable order: 7 4 9 8 13 14 12 6 10 0 11 5 17 16 18 15 19 1 34 36 28 33 3 32 29 35 31 27 2 26 20 24 25 22 21 23 30 
Initializing Symbolic Variables
Num variables: 37 => 53
Initialize Symbolic Manager(106, 150943, 16000000, 0)
Generating binary variables
Symbolic Variables... Done.
BOUND: 1 < 2147483647, total time: 0.642748s
BOUND: 2 < 2147483647, total time: 0.643125s
BOUND: 3 < 2147483647, total time: 0.644061s
BOUND: 4 < 2147483647, total time: 0.644786s
BOUND: 5 < 2147483647, total time: 0.646548s
BOUND: 6 < 2147483647, total time: 0.647677s
BOUND: 7 < 2147483647, total time: 0.649453s
BOUND: 8 < 2147483647, total time: 0.653087s
BOUND: 9 < 2147483647, total time: 0.656142s
BOUND: 10 < 2147483647, total time: 0.66107s
BOUND: 11 < 2147483647, total time: 0.667998s
BOUND: 12 < 2147483647, total time: 0.677651s
Solution found with cost 12 total time: 0.687242s
Merging: 1
7 0.724902 1 206
Merging: 17
6 0.806669 1 149
Merging: 17
5 0.8556 1 132
Merging: 21
4 0.896034 1 91
Merging: 21
3 0.925673 1 87
Merging: 10
2 0.949369 1 108
Merging: 6
1 0.98453 1 104
Merging: 1
5 1.01869 1 206
Merging: 17
4 1.06065 1 205
Merging: 17
3 1.0877 1 206
Merging: 17
2 1.10245 1 149
Merging: 17
1 1.1143 1 132
BOUND: 12 < 12, total time: 1.12596s
Actual search time: 0.484172s [t=1.12698s]
turn_to satellite0 groundstation0 groundstation9 (1)
switch_on instrument1 satellite0 (1)
calibrate satellite0 instrument1 groundstation0 (1)
turn_to satellite0 star16 groundstation0 (1)
take_image satellite0 star16 instrument1 thermograph1 (1)
turn_to satellite0 star15 star16 (1)
take_image satellite0 star15 instrument1 spectrograph0 (1)
turn_to satellite0 star17 star15 (1)
take_image satellite0 star17 instrument1 thermograph3 (1)
turn_to satellite0 star18 star17 (1)
take_image satellite0 star18 instrument1 spectrograph0 (1)
turn_to satellite2 groundstation2 groundstation5 (1)
Plan length: 12 step(s).
Plan cost: 12
Bytes per state: 8
Search time: 0.519373s
Total time: 1.12699s
Solution found.
Peak memory: 256896 KB
Running single search parser
