INFO     Running translator.
INFO     translator input: ['domain.pddl', 'problem.pddl']
INFO     translator arguments: []
INFO     translator time limit: None
INFO     translator memory limit: None
INFO     callstring: /usr/bin/python /mnt/data_server/torralba/subdominization/training/data/training_tpp/code-70296b3db083/builds/release32/bin/translate/translate.py domain.pddl problem.pddl
Parsing...
Parsing: [0.000s CPU, 0.011s wall-clock]
Normalizing task... [0.000s CPU, 0.000s wall-clock]
Instantiating...
Generating Datalog program... [0.010s CPU, 0.002s wall-clock]
Normalizing Datalog program...
Normalizing Datalog program: [0.000s CPU, 0.007s wall-clock]
Preparing model... [0.010s CPU, 0.005s wall-clock]
Generated 45 rules.
Computing model... [0.030s CPU, 0.038s wall-clock]
540 relevant atoms
1166 auxiliary atoms
1706 final queue length
1995 total queue pushes
Completing instantiation... [0.020s CPU, 0.022s wall-clock]
Instantiating: [0.080s CPU, 0.094s wall-clock]
Computing fact groups...
Finding invariants...
18 initial candidates
Finding invariants: [0.010s CPU, 0.010s wall-clock]
Checking invariant weight... [0.000s CPU, 0.001s wall-clock]
Instantiating groups... [0.010s CPU, 0.008s wall-clock]
Collecting mutex groups... [0.000s CPU, 0.000s wall-clock]
Choosing groups...
72 uncovered facts
Choosing groups: [0.000s CPU, 0.001s wall-clock]
Building translation key... [0.000s CPU, 0.001s wall-clock]
Computing fact groups: [0.020s CPU, 0.027s wall-clock]
Building STRIPS to SAS dictionary... [0.000s CPU, 0.000s wall-clock]
Building dictionary for full mutex groups... [0.000s CPU, 0.000s wall-clock]
Building mutex information...
Building mutex information: [0.000s CPU, 0.001s wall-clock]
Translating task...
Processing axioms...
Simplifying axioms... [0.000s CPU, 0.000s wall-clock]
Processing axioms: [0.010s CPU, 0.001s wall-clock]
Translating task: [0.020s CPU, 0.018s wall-clock]
0 effect conditions simplified
0 implied preconditions added
Detecting unreachable propositions...
0 operators removed
0 axioms removed
199 propositions removed
Detecting unreachable propositions: [0.010s CPU, 0.010s wall-clock]
Translator variables: 55
Translator derived variables: 0
Translator facts: 152
Translator goal facts: 9
Translator mutex groups: 55
Translator total mutex groups size: 152
Translator operators: 206
Translator axioms: 0
Translator task size: 1526
Translator peak memory: 45248 KB
Writing output... [0.010s CPU, 0.008s wall-clock]
Done! [0.140s CPU, 0.170s wall-clock]
INFO     Running preprocessor (release32).
INFO     preprocessor input: output.sas
INFO     preprocessor arguments: []
INFO     preprocessor time limit: None
INFO     preprocessor memory limit: None
INFO     callstring: /mnt/data_server/torralba/subdominization/training/data/training_tpp/code-70296b3db083/builds/release32/bin/preprocess < output.sas
Building causal graph...
The causal graph is not acyclic.
55 variables of 55 necessary
0 of 55 mutex groups necessary.
206 of 206 operators necessary.
0 of 0 axiom rules necessary.
Initializing mutex computation...
Mutex computation initialized with 152 fluents.
iteration for mutex detection and operator pruning
Initialize m_index fw
Initialized mvalues forward: reached=3025, notReached=19771, spurious=308
Initialize m_ops fw
Computing mutexes...
Mutex computation finished with reached=17684, notReached=5112, spurious=308
54 operators are spurious because were not triggered
Unreachable proposition: Atom ready-to-load(goods9, market1, level2)
Unreachable proposition: Atom ready-to-load(goods9, market4, level2)
Unreachable proposition: Atom ready-to-load(goods8, market1, level2)
Unreachable proposition: Atom ready-to-load(goods8, market2, level2)
Unreachable proposition: Atom ready-to-load(goods7, market1, level2)
Unreachable proposition: Atom ready-to-load(goods7, market2, level2)
Unreachable proposition: Atom ready-to-load(goods6, market1, level2)
Unreachable proposition: Atom ready-to-load(goods6, market4, level2)
Unreachable proposition: Atom ready-to-load(goods5, market1, level2)
Unreachable proposition: Atom ready-to-load(goods5, market2, level2)
Unreachable proposition: Atom ready-to-load(goods4, market1, level2)
Unreachable proposition: Atom ready-to-load(goods4, market2, level2)
Unreachable proposition: Atom ready-to-load(goods3, market1, level2)
Unreachable proposition: Atom ready-to-load(goods3, market2, level2)
Unreachable proposition: Atom ready-to-load(goods2, market1, level2)
Unreachable proposition: Atom ready-to-load(goods2, market3, level2)
Unreachable proposition: Atom ready-to-load(goods1, market1, level2)
Unreachable proposition: Atom ready-to-load(goods1, market2, level2)
H^2 mutexes added fw: 36, unreachable: 18
0 of 152 operators detected as spurious
iteration for mutex detection and operator pruning
Initialize m_index bw
Init values regression
Initialized mvalues backward: reached=13238, notReached=4446, spurious=5420
Initialize m_ops bw
Computing mutexes...
Mutex computation finished with reached=16136, notReached=1548, spurious=5420
24 operators are spurious because were not triggered
Unreachable proposition: Atom stored(goods8, level2)
Unreachable proposition: Atom stored(goods7, level2)
Unreachable proposition: Atom stored(goods6, level2)
Unreachable proposition: Atom stored(goods3, level2)
Unreachable proposition: Atom stored(goods2, level2)
Unreachable proposition: Atom stored(goods1, level2)
H^2 mutexes added bw: 0, unreachable: 6
0 of 128 operators detected as spurious
iteration for mutex detection and operator pruning
Initialize m_index fw
Initialized mvalues forward: reached=3025, notReached=13111, spurious=6968
Initialize m_ops fw
Computing mutexes...
Mutex computation finished with reached=16136, notReached=0, spurious=6968
0 operators are spurious because were not triggered
H^2 mutexes added fw: 0, unreachable: 0
0 of 128 operators detected as spurious
Total mutex and disambiguation time: 0.013882 iterations: 3
18 of 18 mutex groups necessary.
128 of 206 operators necessary.
0 of 0 axiom rules necessary.
Change id of operators: 128
Change id of mutexes
Change id of goals
Change id of initial state
Remove unreachable facts from variables: 55
18 of 18 mutex groups necessary.
128 of 128 operators necessary.
0 of 0 axiom rules necessary.
Updating causal graph and pruning unnecessary facts
55 variables of 55 of 55 necessary
The causal graph is not acyclic.
55 variables of 55 necessary
18 of 18 mutex groups necessary.
128 of 128 operators necessary.
0 of 0 axiom rules necessary.
Building domain transition graphs...
solveable in poly time 0
Building successor generator...
Preprocessor variables: 55
Preprocessor facts: 128
Preprocessor derived variables: 0
Preprocessor operators: 128
Preprocessor mutex groups: 18
Preprocessor task size: 918
Writing output...
Preprocessor time: 0.0239663s
Preprocessor peak memory: 2360 KB
done
INFO     Running search (release32).
INFO     search input: output
INFO     search arguments: ['--search', 'sbd(store_operators_in_optimal_plan=true, cost_type=1)']
INFO     search time limit: 3600s
INFO     search memory limit: 4096 MB
INFO     search executable: /mnt/data_server/torralba/subdominization/training/data/training_tpp/code-70296b3db083/builds/release32/bin/downward
INFO     callstring: /mnt/data_server/torralba/subdominization/training/data/training_tpp/code-70296b3db083/builds/release32/bin/downward --search 'sbd(store_operators_in_optimal_plan=true, cost_type=1)' --internal-plan-file sas_plan < output
time limit 3600.00 -> (3600, 3601)
reading input... [t=0.00011832s]
done reading input! [t=0.00203776s]
packing state variables...done! [t=0.00205329s]
Variables: 55
FactPairs: 128
Bytes per state: 12
Building successor generator...done! [t=0.00236724s]
done initalizing global data [t=0.00237291s]
TR(time=60000, nodes=100000)
Mutex(time=60000, nodes=100000, type=edeletion)
Aux(time=2000, nodes=1000000)
Disj(nodes=2147483647)
Estimation: min_time(1000) time_penalty +(1000)*(2) nodes_penalty +(1000)*(2)
MaxStep(time=30000, nodes=100000000, nodes_per_planning_second=100)
Ratio useful: 0
   Min alloted time: 60000 nodes: 10000000
   Max alloted time: 60000 nodes: 15000000
   Mult alloted time: 2 nodes: 2
   Ratio after relax: 0.8
building causal graph...done! [t=0.00019864s]
Sym variable order: 26 28 30 29 27 25 1 3 5 6 4 2 32 34 31 33 35 36 7 9 12 11 10 8 43 45 47 0 48 46 44 13 15 18 17 16 14 50 52 54 53 51 49 38 40 41 42 39 37 20 22 24 23 21 19 
Initializing Symbolic Variables
Num variables: 55 => 69
Initialize Symbolic Manager(138, 115942, 16000000, 0)
Generating binary variables
Symbolic Variables... Done.
BOUND: 1 < 2147483647, total time: 0.62792s
BOUND: 2 < 2147483647, total time: 0.628168s
BOUND: 3 < 2147483647, total time: 0.628701s
BOUND: 4 < 2147483647, total time: 0.628901s
BOUND: 5 < 2147483647, total time: 0.629253s
BOUND: 6 < 2147483647, total time: 0.629888s
BOUND: 7 < 2147483647, total time: 0.63081s
BOUND: 8 < 2147483647, total time: 0.631585s
BOUND: 9 < 2147483647, total time: 0.633616s
BOUND: 10 < 2147483647, total time: 0.635133s
BOUND: 11 < 2147483647, total time: 0.637205s
BOUND: 12 < 2147483647, total time: 0.641315s
BOUND: 13 < 2147483647, total time: 0.644479s
BOUND: 14 < 2147483647, total time: 0.651218s
BOUND: 15 < 2147483647, total time: 0.655671s
BOUND: 16 < 2147483647, total time: 0.661053s
BOUND: 17 < 2147483647, total time: 0.671556s
BOUND: 18 < 2147483647, total time: 0.679317s
BOUND: 19 < 2147483647, total time: 0.695308s
BOUND: 20 < 2147483647, total time: 0.705247s
BOUND: 21 < 2147483647, total time: 0.717486s
BOUND: 22 < 2147483647, total time: 0.739609s
BOUND: 23 < 2147483647, total time: 0.755855s
BOUND: 24 < 2147483647, total time: 0.773779s
BOUND: 25 < 2147483647, total time: 0.805051s
BOUND: 26 < 2147483647, total time: 0.825263s
BOUND: 27 < 2147483647, total time: 0.846216s
BOUND: 28 < 2147483647, total time: 0.883008s
BOUND: 29 < 2147483647, total time: 0.905325s
BOUND: 30 < 2147483647, total time: 0.927983s
BOUND: 31 < 2147483647, total time: 0.971438s
BOUND: 32 < 2147483647, total time: 0.999142s
BOUND: 33 < 2147483647, total time: 1.02794s
BOUND: 34 < 2147483647, total time: 1.05569s
BOUND: 35 < 2147483647, total time: 1.08354s
BOUND: 36 < 2147483647, total time: 1.11117s
BOUND: 37 < 2147483647, total time: 1.13872s
BOUND: 38 < 2147483647, total time: 1.16627s
BOUND: 39 < 2147483647, total time: 1.19395s
BOUND: 40 < 2147483647, total time: 1.22163s
BOUND: 41 < 2147483647, total time: 1.24958s
Solution found with cost 41 total time: 1.27091s
Merging: 1
29 1.30266 1 99
Merging: 1
28 1.30623 1 99
Merging: 1
27 1.31 1 99
Merging: 9
26 1.31367 1 200
Merging: 18
25 1.32165 1 300
Merging: 18
24 1.33394 1 381
Merging: 18
23 1.35006 1 459
Merging: 18
22 1.36865 1 512
Merging: 18
21 1.38995 1 563
Merging: 18
20 1.4124 1 585
Merging: 18
19 1.436 1 602
Merging: 19
18 1.46155 1 635
Merging: 20
17 1.48917 1 687
Merging: 23
16 1.5196 1 704
Merging: 22
15 1.5504 1 703
Merging: 23
14 1.58109 1 673
Merging: 23
13 1.61053 1 637
Merging: 29
12 1.63754 1 614
Merging: 35
11 1.66307 1 576
Merging: 35
10 1.68636 1 515
Merging: 26
9 1.70713 1 445
Merging: 17
8 1.72539 1 428
Merging: 17
7 1.74238 1 380
Merging: 14
6 1.75644 1 312
Merging: 13
5 1.76826 1 283
Merging: 12
4 1.77826 1 243
Merging: 12
3 1.78624 1 199
Merging: 12
2 1.79253 1 130
Merging: 6
1 1.79592 1 70
Merging: 1
12 1.7976 1 99
Merging: 9
11 1.79921 1 208
Merging: 12
10 1.80152 1 305
Merging: 12
9 1.80432 1 376
Merging: 12
8 1.80735 1 429
Merging: 12
7 1.81061 1 457
Merging: 12
6 1.81403 1 466
Merging: 12
5 1.81694 1 457
Merging: 12
4 1.81959 1 430
Merging: 12
3 1.82187 1 377
Merging: 12
2 1.82364 1 307
Merging: 12
1 1.82496 1 210
BOUND: 41 < 41, total time: 1.8256s
Actual search time: 1.2029s [t=1.83089s]
drive truck1 depot2 market2 (1)
buy truck1 goods5 market2 level0 level1 level0 level1 (1)
load goods5 truck1 market2 level0 level1 level0 level1 (1)
buy truck1 goods4 market2 level0 level1 level0 level1 (1)
load goods4 truck1 market2 level0 level1 level0 level1 (1)
drive truck1 market2 market4 (1)
buy truck1 goods9 market4 level0 level1 level0 level1 (1)
load goods9 truck1 market4 level0 level1 level0 level1 (1)
drive truck1 market4 market1 (1)
buy truck1 goods9 market1 level0 level1 level0 level1 (1)
load goods9 truck1 market1 level0 level1 level1 level2 (1)
buy truck1 goods8 market1 level0 level1 level0 level1 (1)
load goods8 truck1 market1 level0 level1 level0 level1 (1)
buy truck1 goods7 market1 level0 level1 level0 level1 (1)
load goods7 truck1 market1 level0 level1 level0 level1 (1)
buy truck1 goods6 market1 level0 level1 level0 level1 (1)
load goods6 truck1 market1 level0 level1 level0 level1 (1)
buy truck1 goods5 market1 level0 level1 level0 level1 (1)
load goods5 truck1 market1 level0 level1 level1 level2 (1)
buy truck1 goods4 market1 level0 level1 level0 level1 (1)
load goods4 truck1 market1 level0 level1 level1 level2 (1)
buy truck1 goods3 market1 level0 level1 level0 level1 (1)
load goods3 truck1 market1 level0 level1 level0 level1 (1)
buy truck1 goods2 market1 level0 level1 level0 level1 (1)
load goods2 truck1 market1 level0 level1 level0 level1 (1)
buy truck1 goods1 market1 level0 level1 level0 level1 (1)
load goods1 truck1 market1 level0 level1 level0 level1 (1)
drive truck1 market1 market5 (1)
drive truck1 market5 depot1 (1)
unload goods1 truck1 depot1 level0 level1 level0 level1 (1)
unload goods2 truck1 depot1 level0 level1 level0 level1 (1)
unload goods3 truck1 depot1 level0 level1 level0 level1 (1)
unload goods4 truck1 depot1 level1 level2 level0 level1 (1)
unload goods4 truck1 depot1 level0 level1 level1 level2 (1)
unload goods5 truck1 depot1 level1 level2 level0 level1 (1)
unload goods5 truck1 depot1 level0 level1 level1 level2 (1)
unload goods6 truck1 depot1 level0 level1 level0 level1 (1)
unload goods7 truck1 depot1 level0 level1 level0 level1 (1)
unload goods8 truck1 depot1 level0 level1 level0 level1 (1)
unload goods9 truck1 depot1 level1 level2 level0 level1 (1)
unload goods9 truck1 depot1 level0 level1 level1 level2 (1)
Plan length: 41 step(s).
Plan cost: 41
Bytes per state: 12
Search time: 1.21639s
Total time: 1.8309s
Solution found.
Peak memory: 224620 KB
Running single search parser
