INFO     Running translator.
INFO     translator input: ['domain.pddl', 'problem.pddl']
INFO     translator arguments: []
INFO     translator time limit: None
INFO     translator memory limit: None
INFO     callstring: /usr/bin/python /mnt/data_server/torralba/subdominization/training/data/training_depots/code-70296b3db083/builds/release32/bin/translate/translate.py domain.pddl problem.pddl
Parsing...
Parsing: [0.010s CPU, 0.007s wall-clock]
Normalizing task... [0.000s CPU, 0.000s wall-clock]
Instantiating...
Generating Datalog program... [0.000s CPU, 0.001s wall-clock]
Normalizing Datalog program...
Normalizing Datalog program: [0.000s CPU, 0.005s wall-clock]
Preparing model... [0.010s CPU, 0.003s wall-clock]
Generated 43 rules.
Computing model... [0.030s CPU, 0.039s wall-clock]
777 relevant atoms
724 auxiliary atoms
1501 final queue length
2709 total queue pushes
Completing instantiation... [0.060s CPU, 0.059s wall-clock]
Instantiating: [0.100s CPU, 0.130s wall-clock]
Computing fact groups...
Finding invariants...
16 initial candidates
Finding invariants: [0.020s CPU, 0.015s wall-clock]
Checking invariant weight... [0.000s CPU, 0.001s wall-clock]
Instantiating groups... [0.000s CPU, 0.007s wall-clock]
Collecting mutex groups... [0.010s CPU, 0.000s wall-clock]
Choosing groups...
22 uncovered facts
Choosing groups: [0.000s CPU, 0.001s wall-clock]
Building translation key... [0.000s CPU, 0.001s wall-clock]
Computing fact groups: [0.030s CPU, 0.028s wall-clock]
Building STRIPS to SAS dictionary... [0.000s CPU, 0.000s wall-clock]
Building dictionary for full mutex groups... [0.000s CPU, 0.001s wall-clock]
Building mutex information...
Building mutex information: [0.000s CPU, 0.001s wall-clock]
Translating task...
Processing axioms...
Simplifying axioms... [0.000s CPU, 0.000s wall-clock]
Processing axioms: [0.000s CPU, 0.003s wall-clock]
Translating task: [0.070s CPU, 0.068s wall-clock]
624 effect conditions simplified
0 implied preconditions added
Detecting unreachable propositions...
0 operators removed
0 axioms removed
30 propositions removed
Detecting unreachable propositions: [0.040s CPU, 0.032s wall-clock]
Translator variables: 28
Translator derived variables: 0
Translator facts: 156
Translator goal facts: 4
Translator mutex groups: 28
Translator total mutex groups size: 286
Translator operators: 480
Translator axioms: 0
Translator task size: 4506
Translator peak memory: 47924 KB
Writing output... [0.010s CPU, 0.076s wall-clock]
Done! [0.260s CPU, 0.346s wall-clock]
INFO     Running preprocessor (release32).
INFO     preprocessor input: output.sas
INFO     preprocessor arguments: []
INFO     preprocessor time limit: None
INFO     preprocessor memory limit: None
INFO     callstring: /mnt/data_server/torralba/subdominization/training/data/training_depots/code-70296b3db083/builds/release32/bin/preprocess < output.sas
Building causal graph...
The causal graph is not acyclic.
28 variables of 28 necessary
20 of 28 mutex groups necessary.
480 of 480 operators necessary.
0 of 0 axiom rules necessary.
Initializing mutex computation...
Mutex computation initialized with 156 fluents.
iteration for mutex detection and operator pruning
Initialize m_index fw
Initialized mvalues forward: reached=784, notReached=20884, spurious=2668
Initialize m_ops fw
Computing mutexes...
Mutex computation finished with reached=21314, notReached=354, spurious=2668
72 operators are spurious because were not triggered
H^2 mutexes added fw: 354, unreachable: 0
0 of 408 operators detected as spurious
iteration for mutex detection and operator pruning
Initialize m_index bw
Init values regression
Initialized mvalues backward: reached=5071, notReached=16243, spurious=3022
Initialize m_ops bw
Computing mutexes...
Mutex computation finished with reached=21314, notReached=0, spurious=3022
0 operators are spurious because were not triggered
H^2 mutexes added bw: 0, unreachable: 0
0 of 408 operators detected as spurious
Total mutex and disambiguation time: 0.040339 iterations: 2
197 of 197 mutex groups necessary.
408 of 480 operators necessary.
0 of 0 axiom rules necessary.
Change id of operators: 408
Change id of mutexes
Change id of goals
Change id of initial state
Remove unreachable facts from variables: 28
197 of 197 mutex groups necessary.
408 of 408 operators necessary.
0 of 0 axiom rules necessary.
Updating causal graph and pruning unnecessary facts
28 variables of 28 of 28 necessary
The causal graph is not acyclic.
28 variables of 28 necessary
197 of 197 mutex groups necessary.
408 of 408 operators necessary.
0 of 0 axiom rules necessary.
Building domain transition graphs...
solveable in poly time 0
Building successor generator...
Preprocessor variables: 28
Preprocessor facts: 156
Preprocessor derived variables: 0
Preprocessor operators: 408
Preprocessor mutex groups: 197
Preprocessor task size: 4042
Writing output...
Preprocessor time: 0.0880801s
Preprocessor peak memory: 2756 KB
done
INFO     Running search (release32).
INFO     search input: output
INFO     search arguments: ['--search', 'sbd(store_operators_in_optimal_plan=true, cost_type=1)']
INFO     search time limit: 3600s
INFO     search memory limit: 4096 MB
INFO     search executable: /mnt/data_server/torralba/subdominization/training/data/training_depots/code-70296b3db083/builds/release32/bin/downward
INFO     callstring: /mnt/data_server/torralba/subdominization/training/data/training_depots/code-70296b3db083/builds/release32/bin/downward --search 'sbd(store_operators_in_optimal_plan=true, cost_type=1)' --internal-plan-file sas_plan < output
time limit 3600.00 -> (3600, 3601)
reading input... [t=0.000153861s]
done reading input! [t=0.00808833s]
packing state variables...done! [t=0.00811749s]
Variables: 28
FactPairs: 156
Bytes per state: 8
Building successor generator...done! [t=0.0094066s]
done initalizing global data [t=0.00941551s]
TR(time=60000, nodes=100000)
Mutex(time=60000, nodes=100000, type=edeletion)
Aux(time=2000, nodes=1000000)
Disj(nodes=2147483647)
Estimation: min_time(1000) time_penalty +(1000)*(2) nodes_penalty +(1000)*(2)
MaxStep(time=30000, nodes=100000000, nodes_per_planning_second=100)
Ratio useful: 0
   Min alloted time: 60000 nodes: 10000000
   Max alloted time: 60000 nodes: 15000000
   Mult alloted time: 2 nodes: 2
   Ratio after relax: 0.8
building causal graph...done! [t=0.00108881s]
Sym variable order: 0 1 17 18 16 20 24 6 8 27 25 9 11 7 14 15 10 21 13 19 12 22 23 26 3 4 2 5 
Initializing Symbolic Variables
Num variables: 28 => 60
Initialize Symbolic Manager(120, 133333, 16000000, 0)
Generating binary variables
Symbolic Variables... Done.
BOUND: 1 < 2147483647, total time: 1.15723s
BOUND: 2 < 2147483647, total time: 1.15917s
BOUND: 3 < 2147483647, total time: 1.18433s
BOUND: 4 < 2147483647, total time: 1.18528s
BOUND: 5 < 2147483647, total time: 1.18678s
BOUND: 6 < 2147483647, total time: 1.18919s
BOUND: 7 < 2147483647, total time: 1.19353s
BOUND: 8 < 2147483647, total time: 1.20284s
BOUND: 9 < 2147483647, total time: 1.21758s
BOUND: 10 < 2147483647, total time: 1.24144s
BOUND: 11 < 2147483647, total time: 1.3364s
BOUND: 12 < 2147483647, total time: 1.37385s
BOUND: 13 < 2147483647, total time: 1.43507s
BOUND: 14 < 2147483647, total time: 1.53487s
BOUND: 15 < 2147483647, total time: 1.69725s
BOUND: 16 < 2147483647, total time: 2.20193s
BOUND: 17 < 2147483647, total time: 2.46839s
BOUND: 18 < 2147483647, total time: 2.90218s
BOUND: 19 < 2147483647, total time: 3.62224s
BOUND: 20 < 2147483647, total time: 4.98411s
BOUND: 21 < 2147483647, total time: 7.01498s
Solution found with cost 21 total time: 9.06572s
Merging: 1
17 9.16299 1 586
Merging: 12
16 9.23029 1 570
Merging: 9
15 9.28936 1 439
Merging: 9
14 9.33302 1 247
Merging: 11
13 9.36182 1 284
Merging: 8
12 9.39408 1 306
Merging: 6
11 9.42601 1 275
Merging: 8
10 9.45697 1 239
Merging: 6
9 9.48169 1 247
Merging: 6
8 9.50995 1 245
Merging: 5
7 9.53566 1 228
Merging: 6
6 9.56346 1 227
Merging: 5
5 9.58929 1 209
Merging: 6
4 9.61405 1 213
Merging: 7
3 9.63775 1 246
Merging: 8
2 9.66789 1 211
Merging: 6
1 9.68819 1 164
Merging: 1
4 9.70327 1 586
Merging: 12
3 9.71278 1 548
Merging: 10
2 9.72099 1 382
Merging: 7
1 9.72788 1 234
BOUND: 21 < 21, total time: 9.73348s
Actual search time: 8.59034s [t=9.74911s]
lift hoist0 crate4 pallet0 depot0 (1)
load hoist0 crate4 truck0 depot0 (1)
lift hoist2 crate5 crate3 distributor0 (1)
drive truck0 depot0 distributor0 (1)
load hoist2 crate5 truck0 distributor0 (1)
lift hoist2 crate3 crate2 distributor0 (1)
load hoist2 crate3 truck0 distributor0 (1)
lift hoist2 crate2 crate0 distributor0 (1)
load hoist2 crate2 truck0 distributor0 (1)
lift hoist2 crate0 pallet2 distributor0 (1)
load hoist2 crate0 truck0 distributor0 (1)
unload hoist2 crate3 truck0 distributor0 (1)
drive truck0 distributor0 depot0 (1)
unload hoist0 crate5 truck0 depot0 (1)
drop hoist2 crate3 pallet2 distributor0 (1)
drop hoist0 crate5 pallet0 depot0 (1)
drive truck0 depot0 distributor1 (1)
unload hoist3 crate0 truck0 distributor1 (1)
drop hoist3 crate0 pallet3 distributor1 (1)
unload hoist3 crate4 truck0 distributor1 (1)
drop hoist3 crate4 crate0 distributor1 (1)
Plan length: 21 step(s).
Plan cost: 21
Bytes per state: 8
Search time: 9.22681s
Total time: 9.74913s
Solution found.
Peak memory: 392132 KB
Running single search parser
