INFO     Running translator.
INFO     translator input: ['domain.pddl', 'problem.pddl']
INFO     translator arguments: []
INFO     translator time limit: None
INFO     translator memory limit: None
INFO     callstring: /usr/bin/python /mnt/data_server/torralba/subdominization/training/data/training_satellite/code-70296b3db083/builds/release32/bin/translate/translate.py domain.pddl problem.pddl
Parsing...
Parsing: [0.000s CPU, 0.009s wall-clock]
Normalizing task... [0.000s CPU, 0.000s wall-clock]
Instantiating...
Generating Datalog program... [0.000s CPU, 0.001s wall-clock]
Normalizing Datalog program...
Normalizing Datalog program: [0.020s CPU, 0.021s wall-clock]
Preparing model... [0.000s CPU, 0.003s wall-clock]
Generated 31 rules.
Computing model... [0.040s CPU, 0.045s wall-clock]
1692 relevant atoms
378 auxiliary atoms
2070 final queue length
3346 total queue pushes
Completing instantiation... [0.080s CPU, 0.074s wall-clock]
Instantiating: [0.140s CPU, 0.207s wall-clock]
Computing fact groups...
Finding invariants...
12 initial candidates
Finding invariants: [0.000s CPU, 0.003s wall-clock]
Checking invariant weight... [0.000s CPU, 0.000s wall-clock]
Instantiating groups... [0.000s CPU, 0.000s wall-clock]
Collecting mutex groups... [0.000s CPU, 0.000s wall-clock]
Choosing groups...
82 uncovered facts
Choosing groups: [0.000s CPU, 0.000s wall-clock]
Building translation key... [0.000s CPU, 0.001s wall-clock]
Computing fact groups: [0.000s CPU, 0.008s wall-clock]
Building STRIPS to SAS dictionary... [0.000s CPU, 0.000s wall-clock]
Building dictionary for full mutex groups... [0.000s CPU, 0.000s wall-clock]
Building mutex information...
Building mutex information: [0.000s CPU, 0.000s wall-clock]
Translating task...
Processing axioms...
Simplifying axioms... [0.000s CPU, 0.000s wall-clock]
Processing axioms: [0.010s CPU, 0.003s wall-clock]
Translating task: [0.080s CPU, 0.076s wall-clock]
15 effect conditions simplified
0 implied preconditions added
Detecting unreachable propositions...
0 operators removed
0 axioms removed
4 propositions removed
Detecting unreachable propositions: [0.040s CPU, 0.044s wall-clock]
Translator variables: 86
Translator derived variables: 0
Translator facts: 232
Translator goal facts: 8
Translator mutex groups: 4
Translator total mutex groups size: 68
Translator operators: 1350
Translator axioms: 0
Translator task size: 4949
Translator peak memory: 49464 KB
Writing output... [0.020s CPU, 0.113s wall-clock]
Done! [0.280s CPU, 0.462s wall-clock]
INFO     Running preprocessor (release32).
INFO     preprocessor input: output.sas
INFO     preprocessor arguments: []
INFO     preprocessor time limit: None
INFO     preprocessor memory limit: None
INFO     callstring: /mnt/data_server/torralba/subdominization/training/data/training_satellite/code-70296b3db083/builds/release32/bin/preprocess < output.sas
Building causal graph...
The causal graph is not acyclic.
25 variables of 86 necessary
0 of 4 mutex groups necessary.
1135 of 1350 operators necessary.
0 of 0 axiom rules necessary.
Initializing mutex computation...
Mutex computation initialized with 110 fluents.
iteration for mutex detection and operator pruning
Initialize m_index fw
Initialized mvalues forward: reached=625, notReached=10345, spurious=1130
Initialize m_ops fw
Computing mutexes...
Mutex computation finished with reached=10952, notReached=18, spurious=1130
0 operators are spurious because were not triggered
H^2 mutexes added fw: 18, unreachable: 0
0 of 1135 operators detected as spurious
iteration for mutex detection and operator pruning
Initialize m_index bw
Init values regression
Initialized mvalues backward: reached=6707, notReached=4245, spurious=1148
Initialize m_ops bw
Computing mutexes...
Mutex computation finished with reached=10952, notReached=0, spurious=1148
0 operators are spurious because were not triggered
H^2 mutexes added bw: 0, unreachable: 0
0 of 1135 operators detected as spurious
Total mutex and disambiguation time: 0.041273 iterations: 2
9 of 9 mutex groups necessary.
1135 of 1135 operators necessary.
0 of 0 axiom rules necessary.
Change id of operators: 1135
Change id of mutexes
Change id of goals
Change id of initial state
Remove unreachable facts from variables: 25
9 of 9 mutex groups necessary.
1135 of 1135 operators necessary.
0 of 0 axiom rules necessary.
Updating causal graph and pruning unnecessary facts
25 variables of 25 of 86 necessary
The causal graph is not acyclic.
25 variables of 25 necessary
9 of 9 mutex groups necessary.
1135 of 1135 operators necessary.
0 of 0 axiom rules necessary.
Building domain transition graphs...
solveable in poly time 0
Building successor generator...
Preprocessor variables: 25
Preprocessor facts: 110
Preprocessor derived variables: 0
Preprocessor operators: 1135
Preprocessor mutex groups: 9
Preprocessor task size: 3641
Writing output...
Preprocessor time: 0.0766745s
Preprocessor peak memory: 2732 KB
done
INFO     Running search (release32).
INFO     search input: output
INFO     search arguments: ['--search', 'sbd(store_operators_in_optimal_plan=true, cost_type=1)']
INFO     search time limit: 3600s
INFO     search memory limit: 4096 MB
INFO     search executable: /mnt/data_server/torralba/subdominization/training/data/training_satellite/code-70296b3db083/builds/release32/bin/downward
INFO     callstring: /mnt/data_server/torralba/subdominization/training/data/training_satellite/code-70296b3db083/builds/release32/bin/downward --search 'sbd(store_operators_in_optimal_plan=true, cost_type=1)' --internal-plan-file sas_plan < output
time limit 3600.00 -> (3600, 3601)
reading input... [t=0.000103977s]
done reading input! [t=0.00803413s]
packing state variables...done! [t=0.0080477s]
Variables: 25
FactPairs: 110
Bytes per state: 8
Building successor generator...done! [t=0.00872008s]
done initalizing global data [t=0.00872764s]
TR(time=60000, nodes=100000)
Mutex(time=60000, nodes=100000, type=edeletion)
Aux(time=2000, nodes=1000000)
Disj(nodes=2147483647)
Estimation: min_time(1000) time_penalty +(1000)*(2) nodes_penalty +(1000)*(2)
MaxStep(time=30000, nodes=100000000, nodes_per_planning_second=100)
Ratio useful: 0
   Min alloted time: 60000 nodes: 10000000
   Max alloted time: 60000 nodes: 15000000
   Mult alloted time: 2 nodes: 2
   Ratio after relax: 0.8
building causal graph...done! [t=0.000171678s]
Sym variable order: 4 5 6 0 17 18 15 16 11 13 2 14 10 24 22 12 23 3 21 20 1 9 8 19 7 
Initializing Symbolic Variables
Num variables: 25 => 41
Initialize Symbolic Manager(82, 195121, 16000000, 0)
Generating binary variables
Symbolic Variables... Done.
BOUND: 1 < 2147483647, total time: 0.533942s
BOUND: 2 < 2147483647, total time: 0.534301s
BOUND: 3 < 2147483647, total time: 0.534914s
BOUND: 4 < 2147483647, total time: 0.535444s
BOUND: 5 < 2147483647, total time: 0.536179s
BOUND: 6 < 2147483647, total time: 0.537635s
BOUND: 7 < 2147483647, total time: 0.538666s
BOUND: 8 < 2147483647, total time: 0.540259s
BOUND: 9 < 2147483647, total time: 0.543568s
BOUND: 10 < 2147483647, total time: 0.546461s
BOUND: 11 < 2147483647, total time: 0.551369s
BOUND: 12 < 2147483647, total time: 0.557758s
BOUND: 13 < 2147483647, total time: 0.567684s
BOUND: 14 < 2147483647, total time: 0.577746s
BOUND: 15 < 2147483647, total time: 0.59131s
BOUND: 16 < 2147483647, total time: 0.609308s
BOUND: 17 < 2147483647, total time: 0.62543s
BOUND: 18 < 2147483647, total time: 0.64313s
BOUND: 19 < 2147483647, total time: 0.661647s
Solution found with cost 19 total time: 0.676066s
Merging: 1
9 0.720139 1 582
Merging: 85
8 0.928586 1 483
Merging: 85
7 1.06956 1 393
Merging: 81
6 1.18017 1 299
Merging: 80
5 1.25853 1 227
Merging: 59
4 1.31574 1 152
Merging: 34
3 1.35419 1 105
Merging: 14
2 1.38093 1 86
Merging: 6
1 1.40008 1 68
Merging: 1
10 1.41789 1 582
Merging: 85
9 1.52062 1 633
Merging: 85
8 1.59841 1 675
Merging: 85
7 1.67347 1 628
Merging: 85
6 1.74402 1 585
Merging: 85
5 1.80584 1 447
Merging: 69
4 1.8541 1 356
Merging: 66
3 1.8939 1 229
Merging: 38
2 1.91907 1 148
Merging: 32
1 1.93478 1 85
BOUND: 19 < 19, total time: 1.94185s
Actual search time: 1.41073s [t=1.94473s]
switch_on instrument2 satellite2 (1)
calibrate satellite2 instrument2 star3 (1)
turn_to satellite2 phenomenon15 star3 (1)
take_image satellite2 phenomenon15 instrument2 thermograph2 (1)
turn_to satellite2 phenomenon10 phenomenon15 (1)
turn_to satellite0 groundstation1 groundstation0 (1)
take_image satellite2 phenomenon10 instrument2 infrared3 (1)
switch_on instrument0 satellite0 (1)
calibrate satellite0 instrument0 groundstation1 (1)
turn_to satellite0 planet12 groundstation1 (1)
take_image satellite0 planet12 instrument0 spectrograph0 (1)
turn_to satellite0 planet13 planet12 (1)
take_image satellite0 planet13 instrument0 infrared3 (1)
turn_to satellite0 planet14 planet13 (1)
take_image satellite0 planet14 instrument0 infrared3 (1)
turn_to satellite2 planet11 phenomenon10 (1)
take_image satellite2 planet11 instrument2 image1 (1)
turn_to satellite2 planet16 planet11 (1)
take_image satellite2 planet16 instrument2 infrared3 (1)
Plan length: 19 step(s).
Plan cost: 19
Bytes per state: 8
Search time: 1.43651s
Total time: 1.94476s
Solution found.
Peak memory: 236252 KB
Running single search parser
