INFO     Running translator.
INFO     translator input: ['domain.pddl', 'problem.pddl']
INFO     translator arguments: []
INFO     translator time limit: None
INFO     translator memory limit: None
INFO     callstring: /usr/bin/python /mnt/data_server/torralba/subdominization/training/data/training_satellite/code-70296b3db083/builds/release32/bin/translate/translate.py domain.pddl problem.pddl
Parsing...
Parsing: [0.010s CPU, 0.070s wall-clock]
Normalizing task... [0.000s CPU, 0.000s wall-clock]
Instantiating...
Generating Datalog program... [0.000s CPU, 0.002s wall-clock]
Normalizing Datalog program...
Normalizing Datalog program: [0.010s CPU, 0.006s wall-clock]
Preparing model... [0.000s CPU, 0.003s wall-clock]
Generated 31 rules.
Computing model... [0.040s CPU, 0.042s wall-clock]
1461 relevant atoms
477 auxiliary atoms
1938 final queue length
3002 total queue pushes
Completing instantiation... [0.060s CPU, 0.064s wall-clock]
Instantiating: [0.110s CPU, 0.142s wall-clock]
Computing fact groups...
Finding invariants...
12 initial candidates
Finding invariants: [0.010s CPU, 0.003s wall-clock]
Checking invariant weight... [0.000s CPU, 0.000s wall-clock]
Instantiating groups... [0.000s CPU, 0.000s wall-clock]
Collecting mutex groups... [0.000s CPU, 0.000s wall-clock]
Choosing groups...
68 uncovered facts
Choosing groups: [0.000s CPU, 0.000s wall-clock]
Building translation key... [0.000s CPU, 0.001s wall-clock]
Computing fact groups: [0.010s CPU, 0.007s wall-clock]
Building STRIPS to SAS dictionary... [0.000s CPU, 0.000s wall-clock]
Building dictionary for full mutex groups... [0.000s CPU, 0.000s wall-clock]
Building mutex information...
Building mutex information: [0.000s CPU, 0.000s wall-clock]
Translating task...
Processing axioms...
Simplifying axioms... [0.000s CPU, 0.000s wall-clock]
Processing axioms: [0.010s CPU, 0.003s wall-clock]
Translating task: [0.070s CPU, 0.070s wall-clock]
33 effect conditions simplified
0 implied preconditions added
Detecting unreachable propositions...
0 operators removed
0 axioms removed
4 propositions removed
Detecting unreachable propositions: [0.040s CPU, 0.038s wall-clock]
Translator variables: 72
Translator derived variables: 0
Translator facts: 192
Translator goal facts: 5
Translator mutex groups: 4
Translator total mutex groups size: 56
Translator operators: 1124
Translator axioms: 0
Translator task size: 4454
Translator peak memory: 48564 KB
Writing output... [0.010s CPU, 0.058s wall-clock]
Done! [0.250s CPU, 0.390s wall-clock]
INFO     Running preprocessor (release32).
INFO     preprocessor input: output.sas
INFO     preprocessor arguments: []
INFO     preprocessor time limit: None
INFO     preprocessor memory limit: None
INFO     callstring: /mnt/data_server/torralba/subdominization/training/data/training_satellite/code-70296b3db083/builds/release32/bin/preprocess < output.sas
Building causal graph...
The causal graph is not acyclic.
34 variables of 72 necessary
0 of 4 mutex groups necessary.
804 of 1124 operators necessary.
0 of 0 axiom rules necessary.
Initializing mutex computation...
Mutex computation initialized with 116 fluents.
iteration for mutex detection and operator pruning
Initialize m_index fw
Initialized mvalues forward: reached=1156, notReached=11512, spurious=788
Initialize m_ops fw
Computing mutexes...
Mutex computation finished with reached=12626, notReached=42, spurious=788
0 operators are spurious because were not triggered
H^2 mutexes added fw: 42, unreachable: 0
0 of 804 operators detected as spurious
iteration for mutex detection and operator pruning
Initialize m_index bw
Init values regression
Initialized mvalues backward: reached=9161, notReached=3465, spurious=830
Initialize m_ops bw
Computing mutexes...
Mutex computation finished with reached=12626, notReached=0, spurious=830
0 operators are spurious because were not triggered
H^2 mutexes added bw: 0, unreachable: 0
0 of 804 operators detected as spurious
Total mutex and disambiguation time: 0.032672 iterations: 2
21 of 21 mutex groups necessary.
804 of 804 operators necessary.
0 of 0 axiom rules necessary.
Change id of operators: 804
Change id of mutexes
Change id of goals
Change id of initial state
Remove unreachable facts from variables: 34
21 of 21 mutex groups necessary.
804 of 804 operators necessary.
0 of 0 axiom rules necessary.
Updating causal graph and pruning unnecessary facts
34 variables of 34 of 72 necessary
The causal graph is not acyclic.
34 variables of 34 necessary
21 of 21 mutex groups necessary.
804 of 804 operators necessary.
0 of 0 axiom rules necessary.
Building domain transition graphs...
solveable in poly time 0
Building successor generator...
Preprocessor variables: 34
Preprocessor facts: 116
Preprocessor derived variables: 0
Preprocessor operators: 804
Preprocessor mutex groups: 21
Preprocessor task size: 2726
Writing output...
Preprocessor time: 0.0594193s
Preprocessor peak memory: 2644 KB
done
INFO     Running search (release32).
INFO     search input: output
INFO     search arguments: ['--search', 'sbd(store_operators_in_optimal_plan=true, cost_type=1)']
INFO     search time limit: 3600s
INFO     search memory limit: 4096 MB
INFO     search executable: /mnt/data_server/torralba/subdominization/training/data/training_satellite/code-70296b3db083/builds/release32/bin/downward
INFO     callstring: /mnt/data_server/torralba/subdominization/training/data/training_satellite/code-70296b3db083/builds/release32/bin/downward --search 'sbd(store_operators_in_optimal_plan=true, cost_type=1)' --internal-plan-file sas_plan < output
time limit 3600.00 -> (3600, 3601)
reading input... [t=0.000105473s]
done reading input! [t=0.00603978s]
packing state variables...done! [t=0.00605445s]
Variables: 34
FactPairs: 116
Bytes per state: 8
Building successor generator...done! [t=0.00663622s]
done initalizing global data [t=0.00664393s]
TR(time=60000, nodes=100000)
Mutex(time=60000, nodes=100000, type=edeletion)
Aux(time=2000, nodes=1000000)
Disj(nodes=2147483647)
Estimation: min_time(1000) time_penalty +(1000)*(2) nodes_penalty +(1000)*(2)
MaxStep(time=30000, nodes=100000000, nodes_per_planning_second=100)
Ratio useful: 0
   Min alloted time: 60000 nodes: 10000000
   Max alloted time: 60000 nodes: 15000000
   Mult alloted time: 2 nodes: 2
   Ratio after relax: 0.8
building causal graph...done! [t=0.000196676s]
Sym variable order: 25 27 26 23 31 18 19 17 20 21 3 28 24 2 22 32 16 33 29 30 0 9 5 10 4 1 8 14 12 7 6 15 11 13 
Initializing Symbolic Variables
Num variables: 34 => 46
Initialize Symbolic Manager(92, 173913, 16000000, 0)
Generating binary variables
Symbolic Variables... Done.
BOUND: 1 < 2147483647, total time: 0.612288s
BOUND: 2 < 2147483647, total time: 0.612641s
BOUND: 3 < 2147483647, total time: 0.614013s
BOUND: 4 < 2147483647, total time: 0.61469s
BOUND: 5 < 2147483647, total time: 0.615833s
BOUND: 6 < 2147483647, total time: 0.617843s
BOUND: 7 < 2147483647, total time: 0.621198s
BOUND: 8 < 2147483647, total time: 0.625097s
BOUND: 9 < 2147483647, total time: 0.63205s
BOUND: 10 < 2147483647, total time: 0.639458s
BOUND: 11 < 2147483647, total time: 0.654247s
Solution found with cost 11 total time: 0.66676s
Merging: 1
7 0.701804 1 105
Merging: 17
6 0.725379 1 106
Merging: 17
5 0.749151 1 98
Merging: 17
4 0.770526 1 94
Merging: 9
3 0.790412 1 65
Merging: 6
2 0.803788 1 62
Merging: 3
1 0.814419 1 74
Merging: 1
4 0.828155 1 105
Merging: 17
3 0.840579 1 106
Merging: 17
2 0.851795 1 98
Merging: 17
1 0.861128 1 94
BOUND: 11 < 11, total time: 0.869961s
Actual search time: 0.259377s [t=0.871722s]
switch_on instrument8 satellite3 (1)
calibrate satellite3 instrument8 groundstation4 (1)
turn_to satellite3 phenomenon11 groundstation4 (1)
take_image satellite3 phenomenon11 instrument8 spectrograph0 (1)
turn_to satellite3 phenomenon10 phenomenon11 (1)
turn_to satellite0 groundstation4 star1 (1)
take_image satellite3 phenomenon10 instrument8 spectrograph0 (1)
turn_to satellite3 phenomenon12 phenomenon10 (1)
take_image satellite3 phenomenon12 instrument8 image2 (1)
turn_to satellite3 star13 phenomenon12 (1)
take_image satellite3 star13 instrument8 thermograph1 (1)
Plan length: 11 step(s).
Plan cost: 11
Bytes per state: 8
Search time: 0.284288s
Total time: 0.871732s
Solution found.
Peak memory: 241892 KB
Running single search parser
