INFO     Running translator.
INFO     translator input: ['domain.pddl', 'problem.pddl']
INFO     translator arguments: []
INFO     translator time limit: None
INFO     translator memory limit: None
INFO     callstring: /usr/bin/python /mnt/data_server/torralba/subdominization/training/data/training_agricola/code-70296b3db083/builds/release32/bin/translate/translate.py domain.pddl problem.pddl
Parsing...
Parsing: [0.020s CPU, 0.031s wall-clock]
Normalizing task... [0.000s CPU, 0.001s wall-clock]
Instantiating...
Generating Datalog program... [0.010s CPU, 0.006s wall-clock]
Normalizing Datalog program...
Normalizing Datalog program: [0.020s CPU, 0.020s wall-clock]
Preparing model... [0.010s CPU, 0.016s wall-clock]
Generated 258 rules.
Computing model... [1.440s CPU, 1.448s wall-clock]
37095 relevant atoms
1622 auxiliary atoms
38717 final queue length
138423 total queue pushes
Completing instantiation... [8.360s CPU, 8.394s wall-clock]
Instantiating: [9.850s CPU, 10.112s wall-clock]
Computing fact groups...
Finding invariants...
44 initial candidates
Finding invariants: [0.170s CPU, 0.166s wall-clock]
Checking invariant weight... [0.000s CPU, 0.000s wall-clock]
Instantiating groups... [0.000s CPU, 0.002s wall-clock]
Collecting mutex groups... [0.000s CPU, 0.000s wall-clock]
Choosing groups...
124 uncovered facts
Choosing groups: [0.000s CPU, 0.000s wall-clock]
Building translation key... [0.010s CPU, 0.001s wall-clock]
Computing fact groups: [0.180s CPU, 0.173s wall-clock]
Building STRIPS to SAS dictionary... [0.000s CPU, 0.000s wall-clock]
Building dictionary for full mutex groups... [0.000s CPU, 0.000s wall-clock]
Building mutex information...
Building mutex information: [0.000s CPU, 0.000s wall-clock]
Translating task...
Processing axioms...
Simplifying axioms... [0.000s CPU, 0.000s wall-clock]
Processing axioms: [0.250s CPU, 0.256s wall-clock]
Translating task: [5.930s CPU, 5.960s wall-clock]
39857 effect conditions simplified
0 implied preconditions added
Detecting unreachable propositions...
0 operators removed
0 axioms removed
34 propositions removed
Detecting unreachable propositions: [2.870s CPU, 2.900s wall-clock]
Translator variables: 119
Translator derived variables: 0
Translator facts: 263
Translator goal facts: 1
Translator mutex groups: 6
Translator total mutex groups size: 37
Translator operators: 36429
Translator axioms: 0
Translator task size: 403955
Translator peak memory: 415512 KB
Writing output... [0.830s CPU, 0.924s wall-clock]
Done! [19.870s CPU, 20.294s wall-clock]
INFO     Running preprocessor (release32).
INFO     preprocessor input: output.sas
INFO     preprocessor arguments: []
INFO     preprocessor time limit: None
INFO     preprocessor memory limit: None
INFO     callstring: /mnt/data_server/torralba/subdominization/training/data/training_agricola/code-70296b3db083/builds/release32/bin/preprocess < output.sas
Building causal graph...
The causal graph is not acyclic.
114 variables of 119 necessary
0 of 6 mutex groups necessary.
36429 of 36429 operators necessary.
0 of 0 axiom rules necessary.
Initializing mutex computation...
Mutex computation initialized with 253 fluents.
iteration for mutex detection and operator pruning
Initialize m_index fw
Initialized mvalues forward: reached=12996, notReached=50457, spurious=556
Initialize m_ops fw
Computing mutexes...
Mutex computation finished with reached=56153, notReached=7300, spurious=556
22123 operators are spurious because were not triggered
H^2 mutexes added fw: 7300, unreachable: 0
0 of 14306 operators detected as spurious
iteration for mutex detection and operator pruning
Initialize m_index bw
Init values regression
Initialized mvalues backward: reached=33607, notReached=22546, spurious=7856
Initialize m_ops bw
Computing mutexes...
Mutex computation finished with reached=56115, notReached=38, spurious=7856
0 operators are spurious because were not triggered
H^2 mutexes added bw: 38, unreachable: 0
0 of 14306 operators detected as spurious
iteration for mutex detection and operator pruning
Initialize m_index fw
Initialized mvalues forward: reached=12996, notReached=43119, spurious=7894
Initialize m_ops fw
Computing mutexes...
Mutex computation finished with reached=56115, notReached=0, spurious=7894
0 operators are spurious because were not triggered
H^2 mutexes added fw: 0, unreachable: 0
0 of 14306 operators detected as spurious
Total mutex and disambiguation time: 9.1382 iterations: 3
3669 of 3669 mutex groups necessary.
14306 of 36429 operators necessary.
0 of 0 axiom rules necessary.
Change id of operators: 14306
Change id of mutexes
Change id of goals
Change id of initial state
Remove unreachable facts from variables: 114
3669 of 3669 mutex groups necessary.
14306 of 14306 operators necessary.
0 of 0 axiom rules necessary.
Updating causal graph and pruning unnecessary facts
114 variables of 114 of 119 necessary
The causal graph is not acyclic.
114 variables of 114 necessary
3669 of 3669 mutex groups necessary.
14306 of 14306 operators necessary.
0 of 0 axiom rules necessary.
Building domain transition graphs...
solveable in poly time 0
Building successor generator...
Preprocessor variables: 114
Preprocessor facts: 253
Preprocessor derived variables: 0
Preprocessor operators: 14306
Preprocessor mutex groups: 3669
Preprocessor task size: 156148
Writing output...
Preprocessor time: 10.9046s
Preprocessor peak memory: 127584 KB
done
INFO     Running search (release32).
INFO     search input: output
INFO     search arguments: ['--search', 'sbw(store_operators_in_optimal_plan=true, cost_type=1)']
INFO     search time limit: 3600s
INFO     search memory limit: 4096 MB
INFO     search executable: /mnt/data_server/torralba/subdominization/training/data/training_agricola/code-70296b3db083/builds/release32/bin/downward
INFO     callstring: /mnt/data_server/torralba/subdominization/training/data/training_agricola/code-70296b3db083/builds/release32/bin/downward --search 'sbw(store_operators_in_optimal_plan=true, cost_type=1)' --internal-plan-file sas_plan < output
time limit 3600.00 -> (3600, 3601)
reading input... [t=0.000103038s]
done reading input! [t=0.229022s]
packing state variables...done! [t=0.229065s]
Variables: 114
FactPairs: 253
Bytes per state: 16
Building successor generator...done! [t=0.31673s]
done initalizing global data [t=0.316758s]
TR(time=60000, nodes=100000)
Mutex(time=60000, nodes=100000, type=edeletion)
Aux(time=2000, nodes=1000000)
Disj(nodes=2147483647)
Estimation: min_time(1000) time_penalty +(1000)*(2) nodes_penalty +(1000)*(2)
MaxStep(time=30000, nodes=100000000, nodes_per_planning_second=100)
Ratio useful: 0
   Min alloted time: 60000 nodes: 10000000
   Max alloted time: 60000 nodes: 15000000
   Mult alloted time: 2 nodes: 2
   Ratio after relax: 0.8
building causal graph...done! [t=0.0221134s]
Sym variable order: 4 1 2 0 5 108 109 77 76 78 101 99 103 98 97 86 85 82 81 80 83 95 94 25 39 41 36 35 40 38 37 33 84 45 111 57 43 44 42 22 106 16 17 18 31 52 90 110 59 96 92 91 105 79 75 73 74 72 107 88 93 46 34 112 24 53 50 51 47 49 56 48 89 87 55 54 58 19 23 20 30 32 29 28 26 21 10 14 27 12 13 15 11 3 102 100 104 62 64 65 63 61 60 68 71 70 67 69 66 9 7 113 8 6 
Initializing Symbolic Variables
Num variables: 114 => 125
Initialize Symbolic Manager(250, 64000, 16000000, 0)
Generating binary variables
Symbolic Variables... Done.
BOUND: 1 < 2147483647, total time: 3.15544s
BOUND: 2 < 2147483647, total time: 3.18205s
BOUND: 3 < 2147483647, total time: 3.18878s
BOUND: 4 < 2147483647, total time: 3.19501s
BOUND: 5 < 2147483647, total time: 3.20184s
BOUND: 6 < 2147483647, total time: 3.21337s
BOUND: 7 < 2147483647, total time: 3.23676s
BOUND: 8 < 2147483647, total time: 3.3454s
BOUND: 9 < 2147483647, total time: 3.75535s
BOUND: 10 < 2147483647, total time: 4.51574s
BOUND: 11 < 2147483647, total time: 5.21837s
BOUND: 12 < 2147483647, total time: 5.70056s
BOUND: 13 < 2147483647, total time: 5.9143s
BOUND: 14 < 2147483647, total time: 6.21662s
BOUND: 15 < 2147483647, total time: 7.31465s
BOUND: 16 < 2147483647, total time: 8.06745s
BOUND: 17 < 2147483647, total time: 8.86609s
BOUND: 18 < 2147483647, total time: 9.48604s
BOUND: 19 < 2147483647, total time: 9.82368s
BOUND: 20 < 2147483647, total time: 9.99518s
BOUND: 21 < 2147483647, total time: 10.1398s
BOUND: 22 < 2147483647, total time: 10.3773s
BOUND: 23 < 2147483647, total time: 10.7436s
BOUND: 24 < 2147483647, total time: 11.5086s
BOUND: 25 < 2147483647, total time: 12.9371s
BOUND: 26 < 2147483647, total time: 14.7234s
BOUND: 27 < 2147483647, total time: 16.5981s
BOUND: 28 < 2147483647, total time: 17.8356s
BOUND: 29 < 2147483647, total time: 19.2151s
BOUND: 30 < 2147483647, total time: 20.6888s
BOUND: 31 < 2147483647, total time: 21.6846s
BOUND: 32 < 2147483647, total time: 22.5504s
BOUND: 33 < 2147483647, total time: 23.713s
BOUND: 34 < 2147483647, total time: 25.0943s
BOUND: 35 < 2147483647, total time: 27.1235s
BOUND: 36 < 2147483647, total time: 27.9684s
BOUND: 37 < 2147483647, total time: 28.4217s
BOUND: 38 < 2147483647, total time: 28.8382s
BOUND: 39 < 2147483647, total time: 29.6882s
BOUND: 40 < 2147483647, total time: 31.2109s
BOUND: 41 < 2147483647, total time: 32.2651s
BOUND: 42 < 2147483647, total time: 32.9663s
BOUND: 43 < 2147483647, total time: 33.9086s
BOUND: 44 < 2147483647, total time: 35.5121s
BOUND: 45 < 2147483647, total time: 38.3748s
BOUND: 46 < 2147483647, total time: 40.1789s
BOUND: 47 < 2147483647, total time: 41.3052s
BOUND: 48 < 2147483647, total time: 41.8778s
BOUND: 49 < 2147483647, total time: 42.3196s
BOUND: 50 < 2147483647, total time: 43.1181s
BOUND: 51 < 2147483647, total time: 44.3308s
BOUND: 52 < 2147483647, total time: 45.5879s
BOUND: 53 < 2147483647, total time: 47.4855s
BOUND: 54 < 2147483647, total time: 48.1041s
BOUND: 55 < 2147483647, total time: 48.5643s
BOUND: 56 < 2147483647, total time: 48.9137s
BOUND: 57 < 2147483647, total time: 49.1068s
BOUND: 58 < 2147483647, total time: 49.2201s
BOUND: 59 < 2147483647, total time: 49.3586s
BOUND: 60 < 2147483647, total time: 49.5961s
BOUND: 61 < 2147483647, total time: 49.919s
BOUND: 62 < 2147483647, total time: 50.2449s
BOUND: 63 < 2147483647, total time: 50.5108s
BOUND: 64 < 2147483647, total time: 50.7168s
BOUND: 65 < 2147483647, total time: 50.8672s
BOUND: 66 < 2147483647, total time: 50.9909s
BOUND: 67 < 2147483647, total time: 51.1102s
BOUND: 68 < 2147483647, total time: 51.2378s
BOUND: 69 < 2147483647, total time: 51.367s
BOUND: 70 < 2147483647, total time: 51.4716s
BOUND: 71 < 2147483647, total time: 51.5304s
BOUND: 72 < 2147483647, total time: 51.5555s
BOUND: 73 < 2147483647, total time: 51.5837s
BOUND: 74 < 2147483647, total time: 51.6383s
BOUND: 75 < 2147483647, total time: 51.725s
BOUND: 76 < 2147483647, total time: 51.8171s
BOUND: 77 < 2147483647, total time: 51.9046s
BOUND: 78 < 2147483647, total time: 51.9606s
BOUND: 79 < 2147483647, total time: 51.9888s
Solution found with cost 79 total time: 52.0122s
Merging: 1
79 53.4126 1 126
Merging: 8
78 53.459 1 383
Merging: 8
77 53.5313 1 336
Merging: 1
76 53.5998 1 336
Merging: 5
75 53.6723 1 137
Merging: 1
74 53.7245 1 137
Merging: 8
73 53.7798 1 948
Merging: 8
72 53.9087 1 847
Merging: 1
71 54.0246 1 847
Merging: 5
70 54.14 1 148
Merging: 1
69 54.2 1 148
Merging: 15
68 54.264 1 1907
Merging: 15
67 54.5231 1 1688
Merging: 1
66 54.7392 1 1688
Merging: 5
65 54.9449 1 214
Merging: 1
64 55.0226 1 214
Merging: 18
63 55.113 1 4650
Merging: 18
62 55.7138 1 3974
Merging: 1
61 56.2086 1 3974
Merging: 5
60 56.6933 1 286
Merging: 1
59 56.8055 1 286
Merging: 1
58 56.9172 1 286
Merging: 1
57 57.0293 1 286
Merging: 1
56 57.1463 1 286
Merging: 18
55 57.2649 1 8873
Merging: 18
54 58.3397 1 7063
Merging: 1
53 59.1972 1 7063
Merging: 5
52 60.0706 1 343
Merging: 1
51 60.2081 1 343
Merging: 21
50 60.3763 1 13860
Merging: 21
49 62.4479 1 10112
Merging: 1
48 64.0081 1 10112
Merging: 5
47 65.4647 1 419
Merging: 1
46 65.6578 1 419
Merging: 24
45 65.8836 1 18550
Merging: 24
44 68.9656 1 14386
Merging: 1
43 71.3245 1 14386
Merging: 5
42 73.7343 1 367
Merging: 1
41 73.9453 1 367
Merging: 1
40 74.1592 1 367
Merging: 1
39 74.3737 1 367
Merging: 1
38 74.5841 1 367
Merging: 25
37 74.8152 1 7882
Merging: 34
36 76.5036 1 8251
Merging: 1
35 78.2753 1 8251
Merging: 5
34 80.116 1 830
Merging: 1
33 80.4402 1 830
Merging: 52
32 80.8129 1 11658
Merging: 52
31 83.8396 1 14936
Merging: 1
30 86.9471 1 14936
Merging: 5
29 90.0253 1 747
Merging: 1
28 90.3213 1 747
Merging: 5
27 90.6155 1 745
Merging: 1
26 90.9156 1 745
Merging: 1
25 91.2099 1 745
Merging: 53
24 91.5686 1 36944
Merging: 75
23 99.8604 1 90528
Merging: 1
22 110.981 1 90528
Merging: 5
21 122.726 1 2248
Merging: 1
20 123.332 1 2248
Merging: 88
19 124.081 1 67998
Merging: 85
18 136.125 1 86380
Merging: 1
17 147.054 1 86380
Merging: 5
16 158.318 1 2006
Merging: 1
15 158.904 1 2006
Merging: 11
14 159.499 1 1861
Merging: 1
13 160.074 1 1861
Merging: 1
12 160.643 1 1861
Merging: 79
11 161.374 1 107866
Merging: 96
10 180.601 1 212040
Merging: 1
9 202.023 1 212040
Merging: 5
8 225.424 1 3237
Merging: 1
7 226.223 1 3237
Merging: 116
6 227.317 1 141904
Merging: 113
5 252.443 1 192277
Merging: 2
4 273.164 1 195597
Merging: 5
3 294.558 1 3475
Merging: 1
2 295.507 1 3475
Merging: 24
1 296.478 1 3292
BOUND: 79 < 79, total time: 297.44s
Actual search time: 294.289s [t=297.445s]
collect_resource worker2 worker1 worker2 round1 act_clay clay (60)
take_food worker1 noworker worker2 round1 num1 num2 (60)
ag__finish_round_backhome round1 worker2 (1)
ag__finish_round_renew round1 noworker (1)
ag__advance_round_normal round1 round2 act_sow (1)
collect_resource worker2 worker1 worker2 round2 act_clay clay (60)
take_food worker1 noworker worker2 round2 num2 num3 (60)
ag__finish_round_backhome round2 worker2 (1)
ag__finish_round_renew round2 noworker (1)
ag__advance_round_normal round2 round3 act_fences (1)
build_fences boar worker2 worker1 worker2 round3 (60)
take_food worker1 noworker worker2 round3 num3 num4 (60)
ag__finish_round_backhome round3 worker2 (1)
ag__finish_round_renew round3 noworker (1)
ag__advance_round_normal round3 round4 act_sheep (1)
build_fences boar worker2 worker1 worker2 round4 (60)
take_food worker1 noworker worker2 round4 num4 num5 (60)
ag__finish_round_backhome round4 worker2 (1)
ag__finish_round_renew round4 noworker (1)
ag__harvest_collect_end round4 stage1 (1)
ag__harvest_feed round4 stage1 worker2 num5 num4 num1 (1)
ag__harvest_breed_end round4 stage1 (1)
ag__finish_stage stage1 stage2 round4 round5 act_carrot (1)
build_fences boar worker2 worker1 worker2 round5 (60)
take_food worker1 noworker worker2 round5 num1 num2 (60)
ag__finish_round_backhome round5 worker2 (1)
ag__finish_round_renew round5 noworker (1)
ag__advance_round_normal round5 round6 act_cattle (1)
build_fences boar worker2 worker1 worker2 round6 (60)
take_food worker1 noworker worker2 round6 num2 num3 (60)
ag__finish_round_backhome round6 worker2 (1)
ag__finish_round_renew round6 noworker (1)
ag__advance_round_normal round6 round7 act_boar (1)
build_fences boar worker2 worker1 worker2 round7 (60)
take_food worker1 noworker worker2 round7 num3 num4 (60)
ag__finish_round_backhome round7 worker2 (1)
ag__finish_round_renew round7 noworker (1)
ag__harvest_collect_end round7 stage2 (1)
ag__harvest_feed round7 stage2 worker2 num4 num4 num0 (1)
ag__harvest_breed_end round7 stage2 (1)
ag__finish_stage stage2 stage3 round7 round8 act_improve (1)
collect_resource worker2 worker1 worker2 round8 act_stone stone (60)
improve_home worker1 noworker worker2 round8 fireplace (60)
ag__finish_round_backhome round8 worker2 (1)
ag__finish_round_renew round8 noworker (1)
ag__advance_round_normal round8 round9 void (1)
collect_cook_animal boar act_boar worker2 worker1 worker2 round9 num0 num2 (60)
collect_cook_animal boar act_cattle worker1 noworker worker2 round9 num2 num4 (60)
ag__finish_round_backhome round9 worker2 (1)
ag__finish_round_renew round9 noworker (1)
ag__harvest_collect_end round9 stage3 (1)
ag__harvest_feed round9 stage3 worker2 num4 num4 num0 (1)
ag__harvest_breed_end round9 stage3 (1)
ag__finish_stage stage3 stage4 round9 round10 void (1)
build_fences boar worker2 worker1 worker2 round10 (60)
collect_cook_animal boar act_sheep worker1 noworker worker2 round10 num0 num2 (60)
ag__finish_round_backhome round10 worker2 (1)
ag__finish_round_renew round10 noworker (1)
ag__advance_round_normal round10 round11 void (1)
build_fences boar worker2 worker1 worker2 round11 (60)
collect_cook_animal boar act_sheep worker1 noworker worker2 round11 num2 num4 (60)
ag__finish_round_backhome round11 worker2 (1)
ag__finish_round_renew round11 noworker (1)
ag__harvest_collect_end round11 stage4 (1)
ag__harvest_feed round11 stage4 worker2 num4 num4 num0 (1)
ag__harvest_breed_end round11 stage4 (1)
ag__finish_stage stage4 stage5 round11 round12 void (1)
build_fences boar worker2 worker1 worker2 round12 (60)
collect_cook_animal boar act_sheep worker1 noworker worker2 round12 num0 num2 (60)
ag__finish_round_backhome round12 worker2 (1)
ag__finish_round_renew round12 noworker (1)
ag__advance_round_normal round12 round13 void (1)
build_fences boar worker2 worker1 worker2 round13 (60)
collect_cook_animal boar act_sheep worker1 noworker worker2 round13 num2 num4 (60)
ag__finish_round_backhome round13 worker2 (1)
ag__finish_round_renew round13 noworker (1)
ag__harvest_collect_end round13 stage5 (1)
ag__harvest_feed round13 stage5 worker2 num4 num4 num0 (1)
ag__harvest_breed_end round13 stage5 (1)
Plan length: 79 step(s).
Plan cost: 1613
Bytes per state: 16
Search time: 295.618s
Total time: 297.445s
Solution found.
Peak memory: 421996 KB
Running single search parser
