INFO     Running translator.
INFO     translator input: ['domain.pddl', 'problem.pddl']
INFO     translator arguments: []
INFO     translator time limit: None
INFO     translator memory limit: None
INFO     callstring: /usr/bin/python /mnt/data_server/torralba/subdominization/training/data/training_satellite/code-70296b3db083/builds/release32/bin/translate/translate.py domain.pddl problem.pddl
Parsing...
Parsing: [0.000s CPU, 0.051s wall-clock]
Normalizing task... [0.000s CPU, 0.000s wall-clock]
Instantiating...
Generating Datalog program... [0.010s CPU, 0.002s wall-clock]
Normalizing Datalog program...
Normalizing Datalog program: [0.010s CPU, 0.011s wall-clock]
Preparing model... [0.000s CPU, 0.004s wall-clock]
Generated 31 rules.
Computing model... [0.070s CPU, 0.074s wall-clock]
2772 relevant atoms
574 auxiliary atoms
3346 final queue length
5601 total queue pushes
Completing instantiation... [0.120s CPU, 0.127s wall-clock]
Instantiating: [0.210s CPU, 0.241s wall-clock]
Computing fact groups...
Finding invariants...
12 initial candidates
Finding invariants: [0.010s CPU, 0.004s wall-clock]
Checking invariant weight... [0.000s CPU, 0.000s wall-clock]
Instantiating groups... [0.000s CPU, 0.001s wall-clock]
Collecting mutex groups... [0.000s CPU, 0.000s wall-clock]
Choosing groups...
88 uncovered facts
Choosing groups: [0.000s CPU, 0.000s wall-clock]
Building translation key... [0.000s CPU, 0.001s wall-clock]
Computing fact groups: [0.010s CPU, 0.009s wall-clock]
Building STRIPS to SAS dictionary... [0.000s CPU, 0.000s wall-clock]
Building dictionary for full mutex groups... [0.000s CPU, 0.000s wall-clock]
Building mutex information...
Building mutex information: [0.000s CPU, 0.000s wall-clock]
Translating task...
Processing axioms...
Simplifying axioms... [0.000s CPU, 0.000s wall-clock]
Processing axioms: [0.020s CPU, 0.006s wall-clock]
Translating task: [0.150s CPU, 0.133s wall-clock]
27 effect conditions simplified
0 implied preconditions added
Detecting unreachable propositions...
0 operators removed
0 axioms removed
4 propositions removed
Detecting unreachable propositions: [0.080s CPU, 0.088s wall-clock]
Translator variables: 92
Translator derived variables: 0
Translator facts: 264
Translator goal facts: 6
Translator mutex groups: 4
Translator total mutex groups size: 88
Translator operators: 2335
Translator axioms: 0
Translator task size: 8391
Translator peak memory: 53760 KB
Writing output... [0.020s CPU, 0.050s wall-clock]
Done! [0.480s CPU, 0.579s wall-clock]
INFO     Running preprocessor (release32).
INFO     preprocessor input: output.sas
INFO     preprocessor arguments: []
INFO     preprocessor time limit: None
INFO     preprocessor memory limit: None
INFO     callstring: /mnt/data_server/torralba/subdominization/training/data/training_satellite/code-70296b3db083/builds/release32/bin/preprocess < output.sas
Building causal graph...
The causal graph is not acyclic.
32 variables of 92 necessary
0 of 4 mutex groups necessary.
1935 of 2335 operators necessary.
0 of 0 axiom rules necessary.
Initializing mutex computation...
Mutex computation initialized with 144 fluents.
iteration for mutex detection and operator pruning
Initialize m_index fw
Initialized mvalues forward: reached=1024, notReached=17808, spurious=1904
Initialize m_ops fw
Computing mutexes...
Mutex computation finished with reached=18792, notReached=40, spurious=1904
0 operators are spurious because were not triggered
H^2 mutexes added fw: 40, unreachable: 0
0 of 1935 operators detected as spurious
iteration for mutex detection and operator pruning
Initialize m_index bw
Init values regression
Initialized mvalues backward: reached=17112, notReached=1680, spurious=1944
Initialize m_ops bw
Computing mutexes...
Mutex computation finished with reached=18792, notReached=0, spurious=1944
0 operators are spurious because were not triggered
H^2 mutexes added bw: 0, unreachable: 0
0 of 1935 operators detected as spurious
Total mutex and disambiguation time: 0.091575 iterations: 2
20 of 20 mutex groups necessary.
1935 of 1935 operators necessary.
0 of 0 axiom rules necessary.
Change id of operators: 1935
Change id of mutexes
Change id of goals
Change id of initial state
Remove unreachable facts from variables: 32
20 of 20 mutex groups necessary.
1935 of 1935 operators necessary.
0 of 0 axiom rules necessary.
Updating causal graph and pruning unnecessary facts
32 variables of 32 of 92 necessary
The causal graph is not acyclic.
32 variables of 32 necessary
20 of 20 mutex groups necessary.
1935 of 1935 operators necessary.
0 of 0 axiom rules necessary.
Building domain transition graphs...
solveable in poly time 0
Building successor generator...
Preprocessor variables: 32
Preprocessor facts: 144
Preprocessor derived variables: 0
Preprocessor operators: 1935
Preprocessor mutex groups: 20
Preprocessor task size: 6163
Writing output...
Preprocessor time: 0.148037s
Preprocessor peak memory: 3392 KB
done
INFO     Running search (release32).
INFO     search input: output
INFO     search arguments: ['--search', 'sbd(store_operators_in_optimal_plan=true, cost_type=1)']
INFO     search time limit: 3600s
INFO     search memory limit: 4096 MB
INFO     search executable: /mnt/data_server/torralba/subdominization/training/data/training_satellite/code-70296b3db083/builds/release32/bin/downward
INFO     callstring: /mnt/data_server/torralba/subdominization/training/data/training_satellite/code-70296b3db083/builds/release32/bin/downward --search 'sbd(store_operators_in_optimal_plan=true, cost_type=1)' --internal-plan-file sas_plan < output
time limit 3600.00 -> (3600, 3601)
reading input... [t=0.000180325s]
done reading input! [t=0.0133936s]
packing state variables...done! [t=0.0134111s]
Variables: 32
FactPairs: 144
Bytes per state: 8
Building successor generator...done! [t=0.0146523s]
done initalizing global data [t=0.0146606s]
TR(time=60000, nodes=100000)
Mutex(time=60000, nodes=100000, type=edeletion)
Aux(time=2000, nodes=1000000)
Disj(nodes=2147483647)
Estimation: min_time(1000) time_penalty +(1000)*(2) nodes_penalty +(1000)*(2)
MaxStep(time=30000, nodes=100000000, nodes_per_planning_second=100)
Ratio useful: 0
   Min alloted time: 60000 nodes: 10000000
   Max alloted time: 60000 nodes: 15000000
   Mult alloted time: 2 nodes: 2
   Ratio after relax: 0.8
building causal graph...done! [t=0.000274732s]
Sym variable order: 23 8 5 11 4 12 7 9 0 10 6 24 29 27 25 28 26 30 31 3 13 19 1 18 14 2 22 21 17 16 15 20 
Initializing Symbolic Variables
Num variables: 32 => 48
Initialize Symbolic Manager(96, 166666, 16000000, 0)
Generating binary variables
Symbolic Variables... Done.
BOUND: 1 < 2147483647, total time: 0.665029s
BOUND: 2 < 2147483647, total time: 0.665557s
BOUND: 3 < 2147483647, total time: 0.666995s
BOUND: 4 < 2147483647, total time: 0.667895s
BOUND: 5 < 2147483647, total time: 0.669248s
BOUND: 6 < 2147483647, total time: 0.67129s
BOUND: 7 < 2147483647, total time: 0.676133s
BOUND: 8 < 2147483647, total time: 0.679534s
BOUND: 9 < 2147483647, total time: 0.685817s
BOUND: 10 < 2147483647, total time: 0.700968s
BOUND: 11 < 2147483647, total time: 0.71473s
BOUND: 12 < 2147483647, total time: 0.745436s
BOUND: 13 < 2147483647, total time: 0.773209s
BOUND: 14 < 2147483647, total time: 0.833409s
Solution found with cost 14 total time: 0.880144s
Merging: 1
9 0.967111 1 264
Merging: 30
8 1.09491 1 264
Merging: 6
7 1.20182 1 214
Merging: 30
6 1.30754 1 211
Merging: 6
5 1.41399 1 119
Merging: 30
4 1.47586 1 114
Merging: 6
3 1.5352 1 55
Merging: 6
2 1.56533 1 49
Merging: 1
1 1.58932 1 49
Merging: 1
5 1.61328 1 264
Merging: 6
4 1.67853 1 214
Merging: 30
3 1.72911 1 211
Merging: 6
2 1.77898 1 119
Merging: 30
1 1.80778 1 114
BOUND: 14 < 14, total time: 1.83337s
Actual search time: 1.17091s [t=1.836s]
switch_on instrument4 satellite1 (1)
calibrate satellite1 instrument4 star2 (1)
turn_to satellite1 planet17 star2 (1)
take_image satellite1 planet17 instrument4 thermograph0 (1)
turn_to satellite1 planet16 planet17 (1)
take_image satellite1 planet16 instrument4 infrared1 (1)
turn_to satellite1 planet15 planet16 (1)
take_image satellite1 planet15 instrument4 thermograph2 (1)
turn_to satellite1 phenomenon20 planet15 (1)
take_image satellite1 phenomenon20 instrument4 thermograph2 (1)
turn_to satellite1 planet19 phenomenon20 (1)
take_image satellite1 planet19 instrument4 infrared1 (1)
turn_to satellite1 star21 planet19 (1)
take_image satellite1 star21 instrument4 thermograph0 (1)
Plan length: 14 step(s).
Plan cost: 14
Bytes per state: 8
Search time: 1.21996s
Total time: 1.83601s
Solution found.
Peak memory: 250840 KB
Running single search parser
