INFO     Running translator.
INFO     translator input: ['domain.pddl', 'problem.pddl']
INFO     translator arguments: []
INFO     translator time limit: None
INFO     translator memory limit: None
INFO     callstring: /usr/bin/python /mnt/data_server/torralba/subdominization/training/data/training_agricola/code-70296b3db083/builds/release32/bin/translate/translate.py domain.pddl problem.pddl
Parsing...
Parsing: [0.030s CPU, 0.041s wall-clock]
Normalizing task... [0.000s CPU, 0.001s wall-clock]
Instantiating...
Generating Datalog program... [0.000s CPU, 0.006s wall-clock]
Normalizing Datalog program...
Normalizing Datalog program: [0.030s CPU, 0.019s wall-clock]
Preparing model... [0.010s CPU, 0.016s wall-clock]
Generated 258 rules.
Computing model... [1.920s CPU, 1.933s wall-clock]
48835 relevant atoms
1588 auxiliary atoms
50423 final queue length
182745 total queue pushes
Completing instantiation... [9.410s CPU, 9.450s wall-clock]
Instantiating: [11.380s CPU, 11.602s wall-clock]
Computing fact groups...
Finding invariants...
44 initial candidates
Finding invariants: [0.210s CPU, 0.209s wall-clock]
Checking invariant weight... [0.000s CPU, 0.001s wall-clock]
Instantiating groups... [0.010s CPU, 0.002s wall-clock]
Collecting mutex groups... [0.000s CPU, 0.000s wall-clock]
Choosing groups...
114 uncovered facts
Choosing groups: [0.000s CPU, 0.000s wall-clock]
Building translation key... [0.000s CPU, 0.001s wall-clock]
Computing fact groups: [0.220s CPU, 0.216s wall-clock]
Building STRIPS to SAS dictionary... [0.000s CPU, 0.000s wall-clock]
Building dictionary for full mutex groups... [0.000s CPU, 0.000s wall-clock]
Building mutex information...
Building mutex information: [0.000s CPU, 0.000s wall-clock]
Translating task...
Processing axioms...
Simplifying axioms... [0.000s CPU, 0.000s wall-clock]
Processing axioms: [0.370s CPU, 0.365s wall-clock]
Translating task: [8.000s CPU, 8.036s wall-clock]
51815 effect conditions simplified
0 implied preconditions added
Detecting unreachable propositions...
0 operators removed
0 axioms removed
35 propositions removed
Detecting unreachable propositions: [3.920s CPU, 3.931s wall-clock]
Translator variables: 110
Translator derived variables: 0
Translator facts: 250
Translator goal facts: 1
Translator mutex groups: 7
Translator total mutex groups size: 44
Translator operators: 48179
Translator axioms: 0
Translator task size: 540156
Translator peak memory: 540496 KB
Writing output... [1.100s CPU, 1.364s wall-clock]
Done! [24.900s CPU, 25.445s wall-clock]
INFO     Running preprocessor (release32).
INFO     preprocessor input: output.sas
INFO     preprocessor arguments: []
INFO     preprocessor time limit: None
INFO     preprocessor memory limit: None
INFO     callstring: /mnt/data_server/torralba/subdominization/training/data/training_agricola/code-70296b3db083/builds/release32/bin/preprocess < output.sas
Building causal graph...
The causal graph is not acyclic.
104 variables of 110 necessary
0 of 7 mutex groups necessary.
48179 of 48179 operators necessary.
0 of 0 axiom rules necessary.
Initializing mutex computation...
Mutex computation initialized with 238 fluents.
iteration for mutex detection and operator pruning
Initialize m_index fw
Initialized mvalues forward: reached=10816, notReached=45264, spurious=564
Initialize m_ops fw
Computing mutexes...
Mutex computation finished with reached=49844, notReached=6236, spurious=564
28272 operators are spurious because were not triggered
Unreachable proposition: Atom harvest_phase(stage5, harvest_feeding)
Unreachable proposition: Atom harvest_phase(stage5, harvest_breeding)
H^2 mutexes added fw: 5292, unreachable: 2
0 of 19907 operators detected as spurious
iteration for mutex detection and operator pruning
Initialize m_index bw
Init values regression
Initialized mvalues backward: reached=31485, notReached=18359, spurious=6800
Initialize m_ops bw
Computing mutexes...
Mutex computation finished with reached=49816, notReached=28, spurious=6800
0 operators are spurious because were not triggered
H^2 mutexes added bw: 28, unreachable: 0
0 of 19907 operators detected as spurious
iteration for mutex detection and operator pruning
Initialize m_index fw
Initialized mvalues forward: reached=10816, notReached=39000, spurious=6828
Initialize m_ops fw
Computing mutexes...
Mutex computation finished with reached=49816, notReached=0, spurious=6828
0 operators are spurious because were not triggered
H^2 mutexes added fw: 0, unreachable: 0
0 of 19907 operators detected as spurious
Total mutex and disambiguation time: 10.6054 iterations: 3
2660 of 2660 mutex groups necessary.
19907 of 48179 operators necessary.
0 of 0 axiom rules necessary.
Change id of operators: 19907
Change id of mutexes
Change id of goals
Change id of initial state
Remove unreachable facts from variables: 104
2660 of 2660 mutex groups necessary.
19907 of 19907 operators necessary.
0 of 0 axiom rules necessary.
Updating causal graph and pruning unnecessary facts
102 variables of 104 of 110 necessary
The causal graph is not acyclic.
101 variables of 102 necessary
2598 of 2660 mutex groups necessary.
19907 of 19907 operators necessary.
0 of 0 axiom rules necessary.
Building domain transition graphs...
solveable in poly time 0
Building successor generator...
Preprocessor variables: 101
Preprocessor facts: 232
Preprocessor derived variables: 0
Preprocessor operators: 19907
Preprocessor mutex groups: 2598
Preprocessor task size: 213568
Writing output...
Preprocessor time: 13.0091s
Preprocessor peak memory: 152688 KB
done
INFO     Running search (release32).
INFO     search input: output
INFO     search arguments: ['--search', 'sbw(store_operators_in_optimal_plan=true, cost_type=1)']
INFO     search time limit: 3600s
INFO     search memory limit: 4096 MB
INFO     search executable: /mnt/data_server/torralba/subdominization/training/data/training_agricola/code-70296b3db083/builds/release32/bin/downward
INFO     callstring: /mnt/data_server/torralba/subdominization/training/data/training_agricola/code-70296b3db083/builds/release32/bin/downward --search 'sbw(store_operators_in_optimal_plan=true, cost_type=1)' --internal-plan-file sas_plan < output
time limit 3600.00 -> (3600, 3601)
reading input... [t=0.000131152s]
done reading input! [t=0.303587s]
packing state variables...done! [t=0.303633s]
Variables: 101
FactPairs: 232
Bytes per state: 16
Building successor generator...done! [t=0.41586s]
done initalizing global data [t=0.415891s]
TR(time=60000, nodes=100000)
Mutex(time=60000, nodes=100000, type=edeletion)
Aux(time=2000, nodes=1000000)
Disj(nodes=2147483647)
Estimation: min_time(1000) time_penalty +(1000)*(2) nodes_penalty +(1000)*(2)
MaxStep(time=30000, nodes=100000000, nodes_per_planning_second=100)
Ratio useful: 0
   Min alloted time: 60000 nodes: 10000000
   Max alloted time: 60000 nodes: 15000000
   Mult alloted time: 2 nodes: 2
   Ratio after relax: 0.8
building causal graph...done! [t=0.0295098s]
Sym variable order: 100 7 8 6 54 55 56 57 50 51 52 53 80 81 82 9 13 1 0 10 11 12 4 5 95 96 86 87 88 99 77 78 64 65 66 85 72 84 70 22 23 24 26 68 36 37 38 47 32 49 33 34 31 75 91 90 74 98 35 76 71 69 27 14 29 97 93 83 63 79 89 73 92 94 60 58 67 61 59 62 40 41 42 43 48 44 45 46 39 25 28 30 16 15 21 17 18 20 19 2 3 
Initializing Symbolic Variables
Num variables: 101 => 113
Initialize Symbolic Manager(226, 70796, 16000000, 0)
Generating binary variables
Symbolic Variables... Done.
BOUND: 1 < 2147483647, total time: 3.80131s
BOUND: 2 < 2147483647, total time: 3.85191s
BOUND: 3 < 2147483647, total time: 3.85647s
BOUND: 4 < 2147483647, total time: 3.86098s
BOUND: 5 < 2147483647, total time: 3.86692s
BOUND: 6 < 2147483647, total time: 3.88179s
BOUND: 7 < 2147483647, total time: 3.90917s
BOUND: 8 < 2147483647, total time: 4.15567s
BOUND: 9 < 2147483647, total time: 5.19449s
BOUND: 10 < 2147483647, total time: 8.32958s
BOUND: 11 < 2147483647, total time: 11.9899s
BOUND: 12 < 2147483647, total time: 15.0457s
BOUND: 13 < 2147483647, total time: 16.1651s
BOUND: 14 < 2147483647, total time: 16.6135s
BOUND: 15 < 2147483647, total time: 17.3399s
BOUND: 16 < 2147483647, total time: 18.6969s
BOUND: 17 < 2147483647, total time: 20.7934s
BOUND: 18 < 2147483647, total time: 24.3632s
BOUND: 19 < 2147483647, total time: 26.2897s
BOUND: 20 < 2147483647, total time: 27.313s
BOUND: 21 < 2147483647, total time: 27.7354s
BOUND: 22 < 2147483647, total time: 27.9809s
BOUND: 23 < 2147483647, total time: 28.2475s
BOUND: 24 < 2147483647, total time: 28.786s
BOUND: 25 < 2147483647, total time: 29.6528s
BOUND: 26 < 2147483647, total time: 30.9469s
BOUND: 27 < 2147483647, total time: 33.1992s
BOUND: 28 < 2147483647, total time: 37.4664s
BOUND: 29 < 2147483647, total time: 41.2061s
BOUND: 30 < 2147483647, total time: 44.5116s
BOUND: 31 < 2147483647, total time: 47.5166s
BOUND: 32 < 2147483647, total time: 49.9931s
BOUND: 33 < 2147483647, total time: 52.0976s
BOUND: 34 < 2147483647, total time: 54.2009s
BOUND: 35 < 2147483647, total time: 58.2739s
BOUND: 36 < 2147483647, total time: 60.0537s
BOUND: 37 < 2147483647, total time: 61.6043s
BOUND: 38 < 2147483647, total time: 63.2016s
BOUND: 39 < 2147483647, total time: 65.002s
BOUND: 40 < 2147483647, total time: 66.5205s
BOUND: 41 < 2147483647, total time: 67.3675s
BOUND: 42 < 2147483647, total time: 67.7558s
BOUND: 43 < 2147483647, total time: 68.5168s
BOUND: 44 < 2147483647, total time: 70.3596s
BOUND: 45 < 2147483647, total time: 74.6733s
BOUND: 46 < 2147483647, total time: 77.7764s
BOUND: 47 < 2147483647, total time: 79.6297s
BOUND: 48 < 2147483647, total time: 80.8565s
BOUND: 49 < 2147483647, total time: 82.2928s
BOUND: 50 < 2147483647, total time: 84.719s
BOUND: 51 < 2147483647, total time: 88.0686s
BOUND: 52 < 2147483647, total time: 91.72s
BOUND: 53 < 2147483647, total time: 95.2577s
BOUND: 54 < 2147483647, total time: 95.846s
BOUND: 55 < 2147483647, total time: 96.2129s
BOUND: 56 < 2147483647, total time: 96.911s
BOUND: 57 < 2147483647, total time: 97.8211s
BOUND: 58 < 2147483647, total time: 98.7616s
BOUND: 59 < 2147483647, total time: 99.7292s
BOUND: 60 < 2147483647, total time: 100.341s
BOUND: 61 < 2147483647, total time: 100.534s
BOUND: 62 < 2147483647, total time: 100.601s
BOUND: 63 < 2147483647, total time: 100.693s
BOUND: 64 < 2147483647, total time: 100.833s
BOUND: 65 < 2147483647, total time: 100.968s
BOUND: 66 < 2147483647, total time: 101.087s
Solution found with cost 66 total time: 101.216s
Merging: 1
66 103.066 1 114
Merging: 8
65 103.13 1 351
Merging: 8
64 103.224 1 792
Merging: 1
63 103.324 1 792
Merging: 6
62 103.424 1 178
Merging: 1
61 103.52 1 178
Merging: 12
60 103.615 1 1506
Merging: 12
59 103.746 1 2887
Merging: 1
58 103.875 1 2887
Merging: 6
57 104.003 1 346
Merging: 1
56 104.112 1 346
Merging: 15
55 104.226 1 3349
Merging: 15
54 104.411 1 3801
Merging: 1
53 104.57 1 3801
Merging: 6
52 104.735 1 389
Merging: 1
51 104.851 1 389
Merging: 18
50 104.975 1 5122
Merging: 21
49 105.27 1 8054
Merging: 1
48 105.57 1 8054
Merging: 6
47 105.873 1 551
Merging: 1
46 106.022 1 551
Merging: 5
45 106.098 1 488
Merging: 1
44 106.2 1 488
Merging: 1
43 106.267 1 488
Merging: 24
42 106.437 1 13578
Merging: 24
41 107.231 1 28969
Merging: 1
40 108.194 1 28969
Merging: 6
39 109.056 1 705
Merging: 1
38 109.273 1 705
Merging: 27
37 109.534 1 22196
Merging: 51
36 110.911 1 37326
Merging: 1
35 112.455 1 37326
Merging: 6
34 113.966 1 966
Merging: 1
33 114.298 1 966
Merging: 85
32 114.699 1 44674
Merging: 84
31 118.243 1 76492
Merging: 1
30 121.806 1 76492
Merging: 6
29 125.18 1 1056
Merging: 1
28 125.631 1 1056
Merging: 11
27 125.742 1 1043
Merging: 1
26 125.967 1 1043
Merging: 1
25 126.099 1 1043
Merging: 86
24 126.619 1 57316
Merging: 106
23 131.813 1 170186
Merging: 1
22 138.859 1 170186
Merging: 6
21 144.587 1 1275
Merging: 1
20 145.142 1 1275
Merging: 119
19 146.254 1 83380
Merging: 116
18 153.286 1 155830
Merging: 1
17 160.554 1 155830
Merging: 6
16 166.094 1 1168
Merging: 1
15 166.567 1 1168
Merging: 17
14 166.678 1 1128
Merging: 1
13 166.922 1 1128
Merging: 1
12 167.06 1 1128
Merging: 110
11 167.66 1 100872
Merging: 127
10 176.005 1 317299
Merging: 1
9 187.098 1 317299
Merging: 6
8 197.239 1 1345
Merging: 1
7 197.803 1 1345
Merging: 151
6 198.592 1 148585
Merging: 148
5 210.521 1 303352
Merging: 2
4 222.364 1 304943
Merging: 6
3 232.555 1 1682
Merging: 1
2 233.176 1 1682
Merging: 36
1 233.322 1 1763
BOUND: 66 < 66, total time: 233.801s
Actual search time: 230.006s [t=233.808s]
collect_resource worker2 worker1 worker2 round1 act_clay clay (60)
collect_resource worker1 noworker worker2 round1 act_reed reed (60)
ag__finish_round_backhome round1 worker2 (1)
ag__finish_round_renew round1 noworker (1)
ag__advance_round_normal round1 round2 act_sheep (1)
collect_resource worker2 worker1 worker2 round2 act_clay clay (60)
collect_resource worker1 noworker worker2 round2 act_reed reed (60)
ag__finish_round_backhome round2 worker2 (1)
ag__finish_round_renew round2 noworker (1)
ag__advance_round_normal round2 round3 act_sow (1)
collect_resource worker2 worker1 worker2 round3 act_clay clay (60)
take_food worker1 noworker worker2 round3 num2 num3 (60)
ag__finish_round_backhome round3 worker2 (1)
ag__finish_round_renew round3 noworker (1)
ag__advance_round_normal round3 round4 act_fences (1)
build_fences boar worker2 worker1 worker2 round4 (60)
take_food worker1 noworker worker2 round4 num3 num4 (60)
ag__finish_round_backhome round4 worker2 (1)
ag__finish_round_renew round4 noworker (1)
ag__harvest_collect_end round4 stage1 (1)
ag__harvest_feed round4 stage1 worker2 num4 num4 num0 (1)
ag__harvest_breed_end round4 stage1 (1)
ag__finish_stage stage1 stage2 round4 round5 act_cattle (1)
build_fences boar worker2 worker1 worker2 round5 (60)
collect_animal boar act_cattle worker1 noworker worker2 round5 (60)
ag__finish_round_backhome round5 worker2 (1)
ag__finish_round_renew round5 noworker (1)
ag__advance_round_normal round5 round6 act_improve (1)
collect_resource worker2 worker1 worker2 round6 act_stone stone (60)
improve_home worker1 noworker worker2 round6 fireplace (60)
ag__finish_round_backhome round6 worker2 (1)
ag__finish_round_renew round6 noworker (1)
ag__advance_round_normal round6 round7 act_boar (1)
collect_cook_animal boar act_boar worker2 worker1 worker2 round7 num0 num2 (60)
collect_cook_animal boar act_sheep worker1 noworker worker2 round7 num2 num4 (60)
ag__finish_round_backhome round7 worker2 (1)
ag__finish_round_renew round7 noworker (1)
ag__harvest_collect_end round7 stage2 (1)
ag__harvest_feed round7 stage2 worker2 num4 num4 num0 (1)
ag__harvest_breed_end round7 stage2 (1)
ag__finish_stage stage2 stage3 round7 round8 act_carrot (1)
build_fences boar worker2 worker1 worker2 round8 (60)
collect_cook_animal boar act_sheep worker1 noworker worker2 round8 num0 num2 (60)
ag__finish_round_backhome round8 worker2 (1)
ag__finish_round_renew round8 noworker (1)
ag__advance_round_normal round8 round9 void (1)
build_fences boar worker2 worker1 worker2 round9 (60)
collect_cook_animal boar act_sheep worker1 noworker worker2 round9 num2 num4 (60)
ag__finish_round_backhome round9 worker2 (1)
ag__finish_round_renew round9 noworker (1)
ag__harvest_collect_end round9 stage3 (1)
ag__harvest_feed round9 stage3 worker2 num4 num4 num0 (1)
ag__harvest_breed_end round9 stage3 (1)
ag__finish_stage stage3 stage4 round9 round10 void (1)
build_fences boar worker2 worker1 worker2 round10 (60)
collect_cook_animal boar act_sheep worker1 noworker worker2 round10 num0 num2 (60)
ag__finish_round_backhome round10 worker2 (1)
ag__finish_round_renew round10 noworker (1)
ag__advance_round_normal round10 round11 void (1)
build_fences boar worker2 worker1 worker2 round11 (60)
collect_cook_animal boar act_sheep worker1 noworker worker2 round11 num2 num4 (60)
ag__finish_round_backhome round11 worker2 (1)
ag__finish_round_renew round11 noworker (1)
ag__harvest_collect_end round11 stage4 (1)
ag__harvest_feed round11 stage4 worker2 num4 num4 num0 (1)
ag__harvest_breed_end round11 stage4 (1)
Plan length: 66 step(s).
Plan cost: 1364
Bytes per state: 16
Search time: 231.948s
Total time: 233.808s
Solution found.
Peak memory: 583788 KB
Running single search parser
