INFO     Running translator.
INFO     translator input: ['domain.pddl', 'problem.pddl']
INFO     translator arguments: []
INFO     translator time limit: None
INFO     translator memory limit: None
INFO     callstring: /usr/bin/python /mnt/data_server/torralba/subdominization/training/data/training_satellite/code-70296b3db083/builds/release32/bin/translate/translate.py domain.pddl problem.pddl
Parsing...
Parsing: [0.000s CPU, 0.126s wall-clock]
Normalizing task... [0.000s CPU, 0.000s wall-clock]
Instantiating...
Generating Datalog program... [0.000s CPU, 0.001s wall-clock]
Normalizing Datalog program...
Normalizing Datalog program: [0.020s CPU, 3.258s wall-clock]
Preparing model... [0.000s CPU, 0.006s wall-clock]
Generated 31 rules.
Computing model... [0.030s CPU, 0.032s wall-clock]
1901 relevant atoms
456 auxiliary atoms
2357 final queue length
3830 total queue pushes
Completing instantiation... [0.060s CPU, 0.055s wall-clock]
Instantiating: [0.110s CPU, 3.391s wall-clock]
Computing fact groups...
Finding invariants...
12 initial candidates
Finding invariants: [0.000s CPU, 0.003s wall-clock]
Checking invariant weight... [0.000s CPU, 0.000s wall-clock]
Instantiating groups... [0.000s CPU, 0.000s wall-clock]
Collecting mutex groups... [0.000s CPU, 0.000s wall-clock]
Choosing groups...
73 uncovered facts
Choosing groups: [0.000s CPU, 0.000s wall-clock]
Building translation key... [0.000s CPU, 0.001s wall-clock]
Computing fact groups: [0.000s CPU, 0.006s wall-clock]
Building STRIPS to SAS dictionary... [0.000s CPU, 0.000s wall-clock]
Building dictionary for full mutex groups... [0.000s CPU, 0.000s wall-clock]
Building mutex information...
Building mutex information: [0.000s CPU, 0.000s wall-clock]
Translating task...
Processing axioms...
Simplifying axioms... [0.000s CPU, 0.000s wall-clock]
Processing axioms: [0.010s CPU, 0.003s wall-clock]
Translating task: [0.050s CPU, 0.052s wall-clock]
18 effect conditions simplified
0 implied preconditions added
Detecting unreachable propositions...
0 operators removed
0 axioms removed
4 propositions removed
Detecting unreachable propositions: [0.030s CPU, 0.027s wall-clock]
Translator variables: 77
Translator derived variables: 0
Translator facts: 222
Translator goal facts: 5
Translator mutex groups: 4
Translator total mutex groups size: 76
Translator operators: 1538
Translator axioms: 0
Translator task size: 5303
Translator peak memory: 49984 KB
Writing output... [0.020s CPU, 0.066s wall-clock]
Done! [0.210s CPU, 3.673s wall-clock]
INFO     Running preprocessor (release32).
INFO     preprocessor input: output.sas
INFO     preprocessor arguments: []
INFO     preprocessor time limit: None
INFO     preprocessor memory limit: None
INFO     callstring: /mnt/data_server/torralba/subdominization/training/data/training_satellite/code-70296b3db083/builds/release32/bin/preprocess < output.sas
Building causal graph...
The causal graph is not acyclic.
19 variables of 77 necessary
0 of 4 mutex groups necessary.
1400 of 1538 operators necessary.
0 of 0 axiom rules necessary.
Initializing mutex computation...
Mutex computation initialized with 106 fluents.
iteration for mutex detection and operator pruning
Initialize m_index fw
Initialized mvalues forward: reached=361, notReached=9477, spurious=1398
Initialize m_ops fw
Computing mutexes...
Mutex computation finished with reached=9822, notReached=16, spurious=1398
0 operators are spurious because were not triggered
H^2 mutexes added fw: 16, unreachable: 0
0 of 1400 operators detected as spurious
iteration for mutex detection and operator pruning
Initialize m_index bw
Init values regression
Initialized mvalues backward: reached=3765, notReached=6057, spurious=1414
Initialize m_ops bw
Computing mutexes...
Mutex computation finished with reached=9822, notReached=0, spurious=1414
0 operators are spurious because were not triggered
H^2 mutexes added bw: 0, unreachable: 0
0 of 1400 operators detected as spurious
Total mutex and disambiguation time: 0.04468 iterations: 2
8 of 8 mutex groups necessary.
1400 of 1400 operators necessary.
0 of 0 axiom rules necessary.
Change id of operators: 1400
Change id of mutexes
Change id of goals
Change id of initial state
Remove unreachable facts from variables: 19
8 of 8 mutex groups necessary.
1400 of 1400 operators necessary.
0 of 0 axiom rules necessary.
Updating causal graph and pruning unnecessary facts
19 variables of 19 of 77 necessary
The causal graph is not acyclic.
19 variables of 19 necessary
8 of 8 mutex groups necessary.
1400 of 1400 operators necessary.
0 of 0 axiom rules necessary.
Building domain transition graphs...
solveable in poly time 0
Building successor generator...
Preprocessor variables: 19
Preprocessor facts: 106
Preprocessor derived variables: 0
Preprocessor operators: 1400
Preprocessor mutex groups: 8
Preprocessor task size: 4388
Writing output...
Preprocessor time: 0.079647s
Preprocessor peak memory: 2912 KB
done
INFO     Running search (release32).
INFO     search input: output
INFO     search arguments: ['--search', 'sbd(store_operators_in_optimal_plan=true, cost_type=1)']
INFO     search time limit: 3600s
INFO     search memory limit: 4096 MB
INFO     search executable: /mnt/data_server/torralba/subdominization/training/data/training_satellite/code-70296b3db083/builds/release32/bin/downward
INFO     callstring: /mnt/data_server/torralba/subdominization/training/data/training_satellite/code-70296b3db083/builds/release32/bin/downward --search 'sbd(store_operators_in_optimal_plan=true, cost_type=1)' --internal-plan-file sas_plan < output
time limit 3600.00 -> (3600, 3601)
reading input... [t=0.000132558s]
done reading input! [t=0.00780414s]
packing state variables...done! [t=0.00781335s]
Variables: 19
FactPairs: 106
Bytes per state: 8
Building successor generator...done! [t=0.00844401s]
done initalizing global data [t=0.00844815s]
TR(time=60000, nodes=100000)
Mutex(time=60000, nodes=100000, type=edeletion)
Aux(time=2000, nodes=1000000)
Disj(nodes=2147483647)
Estimation: min_time(1000) time_penalty +(1000)*(2) nodes_penalty +(1000)*(2)
MaxStep(time=30000, nodes=100000000, nodes_per_planning_second=100)
Ratio useful: 0
   Min alloted time: 60000 nodes: 10000000
   Max alloted time: 60000 nodes: 15000000
   Mult alloted time: 2 nodes: 2
   Ratio after relax: 0.8
building causal graph...done! [t=0.000126501s]
Sym variable order: 3 15 13 17 14 16 2 0 18 6 5 4 1 11 10 7 12 9 8 
Initializing Symbolic Variables
Num variables: 19 => 35
Initialize Symbolic Manager(70, 228571, 16000000, 0)
Generating binary variables
Symbolic Variables... Done.
BOUND: 1 < 2147483647, total time: 0.37205s
BOUND: 2 < 2147483647, total time: 0.372353s
BOUND: 3 < 2147483647, total time: 0.372725s
BOUND: 4 < 2147483647, total time: 0.373149s
BOUND: 5 < 2147483647, total time: 0.373676s
BOUND: 6 < 2147483647, total time: 0.374234s
BOUND: 7 < 2147483647, total time: 0.374901s
BOUND: 8 < 2147483647, total time: 0.375813s
BOUND: 9 < 2147483647, total time: 0.376849s
BOUND: 10 < 2147483647, total time: 0.378318s
BOUND: 11 < 2147483647, total time: 0.379902s
Solution found with cost 11 total time: 0.381552s
Merging: 1
6 0.409836 1 100
Merging: 23
5 0.436523 1 92
Merging: 21
4 0.457427 1 83
Merging: 23
3 0.476197 1 91
Merging: 11
2 0.495726 1 88
Merging: 7
1 0.515964 1 74
Merging: 1
5 0.532288 1 100
Merging: 11
4 0.543565 1 110
Merging: 11
3 0.551583 1 110
Merging: 11
2 0.559342 1 100
Merging: 11
1 0.566741 1 79
BOUND: 11 < 11, total time: 0.572649s
Actual search time: 0.201039s [t=0.573131s]
turn_to satellite1 groundstation3 star4 (1)
switch_on instrument1 satellite1 (1)
calibrate satellite1 instrument1 groundstation3 (1)
turn_to satellite1 planet15 groundstation3 (1)
turn_to satellite0 groundstation9 groundstation6 (1)
take_image satellite1 planet15 instrument1 spectrograph3 (1)
turn_to satellite1 star17 planet15 (1)
take_image satellite1 star17 instrument1 spectrograph3 (1)
turn_to satellite1 star18 star17 (1)
take_image satellite1 star18 instrument1 spectrograph1 (1)
turn_to satellite3 groundstation9 star12 (1)
Plan length: 11 step(s).
Plan cost: 11
Bytes per state: 8
Search time: 0.221309s
Total time: 0.57314s
Solution found.
Peak memory: 217988 KB
Running single search parser
