INFO     Running translator.
INFO     translator input: ['domain.pddl', 'problem.pddl']
INFO     translator arguments: []
INFO     translator time limit: None
INFO     translator memory limit: None
INFO     callstring: /usr/bin/python /mnt/data_server/torralba/subdominization/training/data/training_satellite/code-70296b3db083/builds/release32/bin/translate/translate.py domain.pddl problem.pddl
Parsing...
Parsing: [0.010s CPU, 0.028s wall-clock]
Normalizing task... [0.000s CPU, 0.000s wall-clock]
Instantiating...
Generating Datalog program... [0.000s CPU, 0.002s wall-clock]
Normalizing Datalog program...
Normalizing Datalog program: [0.010s CPU, 0.006s wall-clock]
Preparing model... [0.000s CPU, 0.002s wall-clock]
Generated 31 rules.
Computing model... [0.030s CPU, 0.031s wall-clock]
1153 relevant atoms
287 auxiliary atoms
1440 final queue length
2243 total queue pushes
Completing instantiation... [0.040s CPU, 0.049s wall-clock]
Instantiating: [0.080s CPU, 0.094s wall-clock]
Computing fact groups...
Finding invariants...
12 initial candidates
Finding invariants: [0.010s CPU, 0.003s wall-clock]
Checking invariant weight... [0.000s CPU, 0.000s wall-clock]
Instantiating groups... [0.000s CPU, 0.000s wall-clock]
Collecting mutex groups... [0.000s CPU, 0.000s wall-clock]
Choosing groups...
75 uncovered facts
Choosing groups: [0.000s CPU, 0.000s wall-clock]
Building translation key... [0.000s CPU, 0.001s wall-clock]
Computing fact groups: [0.010s CPU, 0.007s wall-clock]
Building STRIPS to SAS dictionary... [0.000s CPU, 0.000s wall-clock]
Building dictionary for full mutex groups... [0.000s CPU, 0.000s wall-clock]
Building mutex information...
Building mutex information: [0.000s CPU, 0.000s wall-clock]
Translating task...
Processing axioms...
Simplifying axioms... [0.000s CPU, 0.000s wall-clock]
Processing axioms: [0.000s CPU, 0.002s wall-clock]
Translating task: [0.050s CPU, 0.049s wall-clock]
12 effect conditions simplified
0 implied preconditions added
Detecting unreachable propositions...
0 operators removed
0 axioms removed
3 propositions removed
Detecting unreachable propositions: [0.030s CPU, 0.030s wall-clock]
Translator variables: 78
Translator derived variables: 0
Translator facts: 198
Translator goal facts: 2
Translator mutex groups: 3
Translator total mutex groups size: 48
Translator operators: 872
Translator axioms: 0
Translator task size: 3226
Translator peak memory: 47120 KB
Writing output... [0.010s CPU, 0.016s wall-clock]
Done! [0.190s CPU, 0.227s wall-clock]
INFO     Running preprocessor (release32).
INFO     preprocessor input: output.sas
INFO     preprocessor arguments: []
INFO     preprocessor time limit: None
INFO     preprocessor memory limit: None
INFO     callstring: /mnt/data_server/torralba/subdominization/training/data/training_satellite/code-70296b3db083/builds/release32/bin/preprocess < output.sas
Building causal graph...
The causal graph is not acyclic.
10 variables of 78 necessary
0 of 3 mutex groups necessary.
494 of 872 operators necessary.
0 of 0 axiom rules necessary.
Initializing mutex computation...
Mutex computation initialized with 48 fluents.
iteration for mutex detection and operator pruning
Initialize m_index fw
Initialized mvalues forward: reached=100, notReached=1708, spurious=496
Initialize m_ops fw
Computing mutexes...
Mutex computation finished with reached=1798, notReached=10, spurious=496
0 operators are spurious because were not triggered
H^2 mutexes added fw: 10, unreachable: 0
0 of 494 operators detected as spurious
iteration for mutex detection and operator pruning
Initialize m_index bw
Init values regression
Initialized mvalues backward: reached=760, notReached=1038, spurious=506
Initialize m_ops bw
Computing mutexes...
Mutex computation finished with reached=1798, notReached=0, spurious=506
0 operators are spurious because were not triggered
H^2 mutexes added bw: 0, unreachable: 0
0 of 494 operators detected as spurious
Total mutex and disambiguation time: 0.007487 iterations: 2
5 of 5 mutex groups necessary.
494 of 494 operators necessary.
0 of 0 axiom rules necessary.
Change id of operators: 494
Change id of mutexes
Change id of goals
Change id of initial state
Remove unreachable facts from variables: 10
5 of 5 mutex groups necessary.
494 of 494 operators necessary.
0 of 0 axiom rules necessary.
Updating causal graph and pruning unnecessary facts
10 variables of 10 of 78 necessary
The causal graph is not acyclic.
10 variables of 10 necessary
5 of 5 mutex groups necessary.
494 of 494 operators necessary.
0 of 0 axiom rules necessary.
Building domain transition graphs...
solveable in poly time 0
Building successor generator...
Preprocessor variables: 10
Preprocessor facts: 48
Preprocessor derived variables: 0
Preprocessor operators: 494
Preprocessor mutex groups: 5
Preprocessor task size: 1570
Writing output...
Preprocessor time: 0.0238445s
Preprocessor peak memory: 2400 KB
done
INFO     Running search (release32).
INFO     search input: output
INFO     search arguments: ['--search', 'sbd(store_operators_in_optimal_plan=true, cost_type=1)']
INFO     search time limit: 3600s
INFO     search memory limit: 4096 MB
INFO     search executable: /mnt/data_server/torralba/subdominization/training/data/training_satellite/code-70296b3db083/builds/release32/bin/downward
INFO     callstring: /mnt/data_server/torralba/subdominization/training/data/training_satellite/code-70296b3db083/builds/release32/bin/downward --search 'sbd(store_operators_in_optimal_plan=true, cost_type=1)' --internal-plan-file sas_plan < output
time limit 3600.00 -> (3600, 3601)
reading input... [t=0.000150339s]
done reading input! [t=0.00354105s]
packing state variables...done! [t=0.0035533s]
Variables: 10
FactPairs: 48
Bytes per state: 4
Building successor generator...done! [t=0.00380862s]
done initalizing global data [t=0.00381531s]
TR(time=60000, nodes=100000)
Mutex(time=60000, nodes=100000, type=edeletion)
Aux(time=2000, nodes=1000000)
Disj(nodes=2147483647)
Estimation: min_time(1000) time_penalty +(1000)*(2) nodes_penalty +(1000)*(2)
MaxStep(time=30000, nodes=100000000, nodes_per_planning_second=100)
Ratio useful: 0
   Min alloted time: 60000 nodes: 10000000
   Max alloted time: 60000 nodes: 15000000
   Mult alloted time: 2 nodes: 2
   Ratio after relax: 0.8
building causal graph...done! [t=6.4924e-05s]
Sym variable order: 3 4 2 5 0 9 1 8 7 6 
Initializing Symbolic Variables
Num variables: 10 => 16
Initialize Symbolic Manager(32, 500000, 16000000, 0)
Generating binary variables
Symbolic Variables... Done.
BOUND: 1 < 2147483647, total time: 0.302233s
BOUND: 2 < 2147483647, total time: 0.302421s
BOUND: 3 < 2147483647, total time: 0.302576s
BOUND: 4 < 2147483647, total time: 0.302759s
BOUND: 5 < 2147483647, total time: 0.302967s
Solution found with cost 5 total time: 0.303144s
Merging: 1
2 0.306617 1 25
Merging: 3
1 0.31052 1 26
Merging: 1
3 0.314205 1 25
Merging: 3
2 0.316215 1 21
Merging: 3
1 0.31806 1 20
BOUND: 5 < 5, total time: 0.319815s
Actual search time: 0.0177608s [t=0.320042s]
switch_on instrument3 satellite2 (1)
calibrate satellite2 instrument3 star14 (1)
turn_to satellite1 groundstation9 groundstation13 (1)
turn_to satellite2 star15 star14 (1)
take_image satellite2 star15 instrument3 infrared3 (1)
Plan length: 5 step(s).
Plan cost: 5
Bytes per state: 4
Search time: 0.0246935s
Total time: 0.320053s
Solution found.
Peak memory: 210948 KB
Running single search parser
