INFO     Running translator.
INFO     translator input: ['domain.pddl', 'problem.pddl']
INFO     translator arguments: []
INFO     translator time limit: None
INFO     translator memory limit: None
INFO     callstring: /usr/bin/python /mnt/data_server/torralba/subdominization/training/data/training_agricola/code-70296b3db083/builds/release32/bin/translate/translate.py domain.pddl problem.pddl
Parsing...
Parsing: [0.030s CPU, 0.040s wall-clock]
Normalizing task... [0.000s CPU, 0.001s wall-clock]
Instantiating...
Generating Datalog program... [0.010s CPU, 0.006s wall-clock]
Normalizing Datalog program...
Normalizing Datalog program: [0.010s CPU, 0.028s wall-clock]
Preparing model... [0.020s CPU, 0.016s wall-clock]
Generated 258 rules.
Computing model... [0.960s CPU, 0.960s wall-clock]
24375 relevant atoms
1408 auxiliary atoms
25783 final queue length
91247 total queue pushes
Completing instantiation... [5.130s CPU, 5.164s wall-clock]
Instantiating: [6.140s CPU, 6.324s wall-clock]
Computing fact groups...
Finding invariants...
44 initial candidates
Finding invariants: [0.120s CPU, 0.121s wall-clock]
Checking invariant weight... [0.000s CPU, 0.000s wall-clock]
Instantiating groups... [0.000s CPU, 0.002s wall-clock]
Collecting mutex groups... [0.000s CPU, 0.000s wall-clock]
Choosing groups...
104 uncovered facts
Choosing groups: [0.000s CPU, 0.000s wall-clock]
Building translation key... [0.000s CPU, 0.001s wall-clock]
Computing fact groups: [0.120s CPU, 0.127s wall-clock]
Building STRIPS to SAS dictionary... [0.000s CPU, 0.000s wall-clock]
Building dictionary for full mutex groups... [0.000s CPU, 0.000s wall-clock]
Building mutex information...
Building mutex information: [0.000s CPU, 0.000s wall-clock]
Translating task...
Processing axioms...
Simplifying axioms... [0.000s CPU, 0.000s wall-clock]
Processing axioms: [0.180s CPU, 0.177s wall-clock]
Translating task: [3.800s CPU, 3.822s wall-clock]
25471 effect conditions simplified
0 implied preconditions added
Detecting unreachable propositions...
0 operators removed
0 axioms removed
34 propositions removed
Detecting unreachable propositions: [2.210s CPU, 2.219s wall-clock]
Translator variables: 99
Translator derived variables: 0
Translator facts: 221
Translator goal facts: 1
Translator mutex groups: 6
Translator total mutex groups size: 35
Translator operators: 23763
Translator axioms: 0
Translator task size: 267197
Translator peak memory: 289224 KB
Writing output... [0.540s CPU, 0.720s wall-clock]
Done! [12.970s CPU, 13.377s wall-clock]
INFO     Running preprocessor (release32).
INFO     preprocessor input: output.sas
INFO     preprocessor arguments: []
INFO     preprocessor time limit: None
INFO     preprocessor memory limit: None
INFO     callstring: /mnt/data_server/torralba/subdominization/training/data/training_agricola/code-70296b3db083/builds/release32/bin/preprocess < output.sas
Building causal graph...
The causal graph is not acyclic.
93 variables of 99 necessary
0 of 6 mutex groups necessary.
23763 of 23763 operators necessary.
0 of 0 axiom rules necessary.
Initializing mutex computation...
Mutex computation initialized with 209 fluents.
iteration for mutex detection and operator pruning
Initialize m_index fw
Initialized mvalues forward: reached=8649, notReached=34536, spurious=496
Initialize m_ops fw
Computing mutexes...
Mutex computation finished with reached=38613, notReached=4572, spurious=496
15832 operators are spurious because were not triggered
Unreachable proposition: Atom harvest_phase(stage4, harvest_feeding)
Unreachable proposition: Atom harvest_phase(stage4, harvest_breeding)
H^2 mutexes added fw: 3744, unreachable: 2
0 of 7931 operators detected as spurious
iteration for mutex detection and operator pruning
Initialize m_index bw
Init values regression
Initialized mvalues backward: reached=25437, notReached=13176, spurious=5068
Initialize m_ops bw
Computing mutexes...
Mutex computation finished with reached=38589, notReached=24, spurious=5068
0 operators are spurious because were not triggered
H^2 mutexes added bw: 24, unreachable: 0
0 of 7931 operators detected as spurious
iteration for mutex detection and operator pruning
Initialize m_index fw
Initialized mvalues forward: reached=8649, notReached=29940, spurious=5092
Initialize m_ops fw
Computing mutexes...
Mutex computation finished with reached=38589, notReached=0, spurious=5092
0 operators are spurious because were not triggered
H^2 mutexes added fw: 0, unreachable: 0
0 of 7931 operators detected as spurious
Total mutex and disambiguation time: 3.54933 iterations: 3
1884 of 1884 mutex groups necessary.
7931 of 23763 operators necessary.
0 of 0 axiom rules necessary.
Change id of operators: 7931
Change id of mutexes
Change id of goals
Change id of initial state
Remove unreachable facts from variables: 93
1884 of 1884 mutex groups necessary.
7931 of 7931 operators necessary.
0 of 0 axiom rules necessary.
Updating causal graph and pruning unnecessary facts
91 variables of 93 of 99 necessary
The causal graph is not acyclic.
90 variables of 91 necessary
1833 of 1884 mutex groups necessary.
7931 of 7931 operators necessary.
0 of 0 axiom rules necessary.
Building domain transition graphs...
solveable in poly time 0
Building successor generator...
Preprocessor variables: 90
Preprocessor facts: 203
Preprocessor derived variables: 0
Preprocessor operators: 7931
Preprocessor mutex groups: 1833
Preprocessor task size: 85934
Writing output...
Preprocessor time: 4.49446s
Preprocessor peak memory: 56220 KB
done
INFO     Running search (release32).
INFO     search input: output
INFO     search arguments: ['--search', 'sbw(store_operators_in_optimal_plan=true, cost_type=1)']
INFO     search time limit: 3600s
INFO     search memory limit: 4096 MB
INFO     search executable: /mnt/data_server/torralba/subdominization/training/data/training_agricola/code-70296b3db083/builds/release32/bin/downward
INFO     callstring: /mnt/data_server/torralba/subdominization/training/data/training_agricola/code-70296b3db083/builds/release32/bin/downward --search 'sbw(store_operators_in_optimal_plan=true, cost_type=1)' --internal-plan-file sas_plan < output
time limit 3600.00 -> (3600, 3601)
reading input... [t=0.000120958s]
done reading input! [t=0.124156s]
packing state variables...done! [t=0.124204s]
Variables: 90
FactPairs: 203
Bytes per state: 16
Building successor generator...done! [t=0.164427s]
done initalizing global data [t=0.164458s]
TR(time=60000, nodes=100000)
Mutex(time=60000, nodes=100000, type=edeletion)
Aux(time=2000, nodes=1000000)
Disj(nodes=2147483647)
Estimation: min_time(1000) time_penalty +(1000)*(2) nodes_penalty +(1000)*(2)
MaxStep(time=30000, nodes=100000000, nodes_per_planning_second=100)
Ratio useful: 0
   Min alloted time: 60000 nodes: 10000000
   Max alloted time: 60000 nodes: 15000000
   Mult alloted time: 2 nodes: 2
   Ratio after relax: 0.8
building causal graph...done! [t=0.0125221s]
Sym variable order: 89 6 7 46 45 47 43 42 44 76 80 78 8 14 2 1 11 10 3 84 0 85 4 75 79 77 88 56 57 64 62 53 55 54 60 21 71 70 20 23 63 32 61 39 31 41 28 29 30 27 87 74 25 73 9 65 66 22 86 67 69 68 59 58 52 72 83 50 48 51 49 81 82 34 35 33 40 37 38 19 36 26 12 24 17 16 15 18 13 5 
Initializing Symbolic Variables
Num variables: 90 => 100
Initialize Symbolic Manager(200, 80000, 16000000, 0)
Generating binary variables
Symbolic Variables... Done.
BOUND: 1 < 2147483647, total time: 2.1921s
BOUND: 2 < 2147483647, total time: 2.21067s
BOUND: 3 < 2147483647, total time: 2.2136s
BOUND: 4 < 2147483647, total time: 2.21641s
BOUND: 5 < 2147483647, total time: 2.22079s
BOUND: 6 < 2147483647, total time: 2.22953s
BOUND: 7 < 2147483647, total time: 2.24545s
BOUND: 8 < 2147483647, total time: 2.34506s
BOUND: 9 < 2147483647, total time: 2.67012s
BOUND: 10 < 2147483647, total time: 3.10845s
BOUND: 11 < 2147483647, total time: 3.51009s
BOUND: 12 < 2147483647, total time: 3.75992s
BOUND: 13 < 2147483647, total time: 3.88909s
BOUND: 14 < 2147483647, total time: 4.00352s
BOUND: 15 < 2147483647, total time: 4.23308s
BOUND: 16 < 2147483647, total time: 4.59007s
BOUND: 17 < 2147483647, total time: 4.94192s
BOUND: 18 < 2147483647, total time: 5.19226s
BOUND: 19 < 2147483647, total time: 5.31742s
BOUND: 20 < 2147483647, total time: 5.36113s
BOUND: 21 < 2147483647, total time: 5.41851s
BOUND: 22 < 2147483647, total time: 5.49923s
BOUND: 23 < 2147483647, total time: 5.59299s
BOUND: 24 < 2147483647, total time: 5.74033s
BOUND: 25 < 2147483647, total time: 5.96614s
BOUND: 26 < 2147483647, total time: 6.22039s
BOUND: 27 < 2147483647, total time: 6.45515s
BOUND: 28 < 2147483647, total time: 6.66479s
BOUND: 29 < 2147483647, total time: 6.85563s
BOUND: 30 < 2147483647, total time: 6.9975s
BOUND: 31 < 2147483647, total time: 7.11022s
BOUND: 32 < 2147483647, total time: 7.17973s
BOUND: 33 < 2147483647, total time: 7.25537s
BOUND: 34 < 2147483647, total time: 7.35531s
BOUND: 35 < 2147483647, total time: 7.43499s
BOUND: 36 < 2147483647, total time: 7.48104s
BOUND: 37 < 2147483647, total time: 7.49562s
BOUND: 38 < 2147483647, total time: 7.50358s
BOUND: 39 < 2147483647, total time: 7.519s
BOUND: 40 < 2147483647, total time: 7.54437s
BOUND: 41 < 2147483647, total time: 7.56738s
BOUND: 42 < 2147483647, total time: 7.58132s
BOUND: 43 < 2147483647, total time: 7.58997s
BOUND: 44 < 2147483647, total time: 7.60254s
BOUND: 45 < 2147483647, total time: 7.61913s
BOUND: 46 < 2147483647, total time: 7.63547s
BOUND: 47 < 2147483647, total time: 7.64746s
BOUND: 48 < 2147483647, total time: 7.65546s
BOUND: 49 < 2147483647, total time: 7.66652s
BOUND: 50 < 2147483647, total time: 7.68486s
BOUND: 51 < 2147483647, total time: 7.71162s
BOUND: 52 < 2147483647, total time: 7.73513s
BOUND: 53 < 2147483647, total time: 7.75288s
Solution found with cost 53 total time: 7.76504s
Merging: 1
53 8.33241 1 101
Merging: 11
52 8.36514 1 347
Merging: 11
51 8.40619 1 298
Merging: 1
50 8.44328 1 298
Merging: 5
49 8.47964 1 126
Merging: 1
48 8.51727 1 126
Merging: 11
47 8.55219 1 842
Merging: 11
46 8.60298 1 771
Merging: 1
45 8.64588 1 771
Merging: 5
44 8.68857 1 169
Merging: 1
43 8.72367 1 169
Merging: 15
42 8.76153 1 1637
Merging: 15
41 8.83452 1 1520
Merging: 1
40 8.89044 1 1520
Merging: 5
39 8.94574 1 201
Merging: 1
38 8.98395 1 201
Merging: 18
37 9.02615 1 2590
Merging: 18
36 9.13875 1 2441
Merging: 1
35 9.22346 1 2441
Merging: 5
34 9.30707 1 273
Merging: 1
33 9.35482 1 273
Merging: 1
32 9.38089 1 273
Merging: 1
31 9.41261 1 273
Merging: 1
30 9.43647 1 273
Merging: 18
29 9.4896 1 3116
Merging: 18
28 9.64037 1 2901
Merging: 1
27 9.74959 1 2901
Merging: 5
26 9.85364 1 285
Merging: 1
25 9.9078 1 285
Merging: 21
24 9.9693 1 1590
Merging: 21
23 10.096 1 1388
Merging: 1
22 10.1868 1 1388
Merging: 5
21 10.2772 1 284
Merging: 1
20 10.3352 1 284
Merging: 1
19 10.397 1 284
Merging: 6
18 10.4605 1 576
Merging: 1
17 10.5456 1 576
Merging: 5
16 10.6308 1 279
Merging: 1
15 10.6883 1 279
Merging: 1
14 10.716 1 279
Merging: 1
13 10.7517 1 279
Merging: 1
12 10.7773 1 279
Merging: 33
11 10.8393 1 3450
Merging: 52
10 11.1642 1 16650
Merging: 1
9 11.9756 1 16650
Merging: 5
8 12.7242 1 782
Merging: 1
7 12.8873 1 782
Merging: 80
6 13.0897 1 18689
Merging: 80
5 14.2192 1 27788
Merging: 2
4 15.2048 1 27803
Merging: 5
3 16.1292 1 697
Merging: 1
2 16.2713 1 697
Merging: 10
1 16.3075 1 677
BOUND: 53 < 53, total time: 16.38s
Actual search time: 14.1893s [t=16.3814s]
build_fences boar worker2 worker1 worker2 round1 (60)
take_food worker1 noworker worker2 round1 num0 num1 (60)
ag__finish_round_backhome round1 worker2 (1)
ag__finish_round_renew round1 noworker (1)
ag__advance_round_normal round1 round2 act_family (1)
build_fences boar worker2 worker1 worker2 round2 (60)
take_food worker1 noworker worker2 round2 num1 num2 (60)
ag__finish_round_backhome round2 worker2 (1)
ag__finish_round_renew round2 noworker (1)
ag__advance_round_normal round2 round3 act_sow (1)
build_fences boar worker2 worker1 worker2 round3 (60)
take_food worker1 noworker worker2 round3 num2 num3 (60)
ag__finish_round_backhome round3 worker2 (1)
ag__finish_round_renew round3 noworker (1)
ag__advance_round_normal round3 round4 act_sheep (1)
build_fences boar worker2 worker1 worker2 round4 (60)
take_food worker1 noworker worker2 round4 num3 num4 (60)
ag__finish_round_backhome round4 worker2 (1)
ag__finish_round_renew round4 noworker (1)
ag__harvest_collect_end round4 stage1 (1)
ag__harvest_feed round4 stage1 worker2 num4 num4 num0 (1)
ag__harvest_breed_end round4 stage1 (1)
ag__finish_stage stage1 stage2 round4 round5 act_carrot (1)
collect_resource worker2 worker1 worker2 round5 act_clay clay (60)
take_food worker1 noworker worker2 round5 num0 num1 (60)
ag__finish_round_backhome round5 worker2 (1)
ag__finish_round_renew round5 noworker (1)
ag__advance_round_normal round5 round6 act_boar (1)
collect_resource worker2 worker1 worker2 round6 act_stone stone (60)
take_food worker1 noworker worker2 round6 num1 num2 (60)
ag__finish_round_backhome round6 worker2 (1)
ag__finish_round_renew round6 noworker (1)
ag__advance_round_normal round6 round7 act_improve (1)
improve_home worker2 worker1 worker2 round7 fireplace (60)
collect_cook_animal boar act_boar worker1 noworker worker2 round7 num2 num4 (60)
ag__finish_round_backhome round7 worker2 (1)
ag__finish_round_renew round7 noworker (1)
ag__harvest_collect_end round7 stage2 (1)
ag__harvest_feed round7 stage2 worker2 num4 num4 num0 (1)
ag__harvest_breed_end round7 stage2 (1)
ag__finish_stage stage2 stage3 round7 round8 act_cattle (1)
build_fences boar worker2 worker1 worker2 round8 (60)
collect_animal boar act_sheep worker1 noworker worker2 round8 (60)
ag__finish_round_backhome round8 worker2 (1)
ag__finish_round_renew round8 noworker (1)
ag__advance_round_normal round8 round9 void (1)
collect_cook_animal boar act_cattle worker2 worker1 worker2 round9 num0 num2 (60)
collect_cook_animal boar act_sheep worker1 noworker worker2 round9 num2 num4 (60)
ag__finish_round_backhome round9 worker2 (1)
ag__finish_round_renew round9 noworker (1)
ag__harvest_collect_end round9 stage3 (1)
ag__harvest_feed round9 stage3 worker2 num4 num4 num0 (1)
ag__harvest_breed_end round9 stage3 (1)
Plan length: 53 step(s).
Plan cost: 1115
Bytes per state: 16
Search time: 14.8884s
Total time: 16.3815s
Solution found.
Peak memory: 394884 KB
Running single search parser
