INFO     Running translator.
INFO     translator input: ['domain.pddl', 'problem.pddl']
INFO     translator arguments: []
INFO     translator time limit: None
INFO     translator memory limit: None
INFO     callstring: /usr/bin/python /mnt/data_server/torralba/subdominization/training/data/training_satellite/code-70296b3db083/builds/release32/bin/translate/translate.py domain.pddl problem.pddl
Parsing...
Parsing: [0.020s CPU, 0.016s wall-clock]
Normalizing task... [0.000s CPU, 0.000s wall-clock]
Instantiating...
Generating Datalog program... [0.000s CPU, 0.001s wall-clock]
Normalizing Datalog program...
Normalizing Datalog program: [0.000s CPU, 0.052s wall-clock]
Preparing model... [0.000s CPU, 0.002s wall-clock]
Generated 31 rules.
Computing model... [0.020s CPU, 0.021s wall-clock]
789 relevant atoms
189 auxiliary atoms
978 final queue length
1499 total queue pushes
Completing instantiation... [0.020s CPU, 0.032s wall-clock]
Instantiating: [0.050s CPU, 0.138s wall-clock]
Computing fact groups...
Finding invariants...
12 initial candidates
Finding invariants: [0.010s CPU, 0.003s wall-clock]
Checking invariant weight... [0.000s CPU, 0.000s wall-clock]
Instantiating groups... [0.000s CPU, 0.000s wall-clock]
Collecting mutex groups... [0.000s CPU, 0.000s wall-clock]
Choosing groups...
58 uncovered facts
Choosing groups: [0.000s CPU, 0.000s wall-clock]
Building translation key... [0.000s CPU, 0.001s wall-clock]
Computing fact groups: [0.010s CPU, 0.006s wall-clock]
Building STRIPS to SAS dictionary... [0.000s CPU, 0.000s wall-clock]
Building dictionary for full mutex groups... [0.000s CPU, 0.000s wall-clock]
Building mutex information...
Building mutex information: [0.000s CPU, 0.000s wall-clock]
Translating task...
Processing axioms...
Simplifying axioms... [0.000s CPU, 0.000s wall-clock]
Processing axioms: [0.000s CPU, 0.001s wall-clock]
Translating task: [0.030s CPU, 0.032s wall-clock]
12 effect conditions simplified
0 implied preconditions added
Detecting unreachable propositions...
0 operators removed
0 axioms removed
2 propositions removed
Detecting unreachable propositions: [0.030s CPU, 0.019s wall-clock]
Translator variables: 60
Translator derived variables: 0
Translator facts: 148
Translator goal facts: 2
Translator mutex groups: 2
Translator total mutex groups size: 32
Translator operators: 575
Translator axioms: 0
Translator task size: 2146
Translator peak memory: 45784 KB
Writing output... [0.010s CPU, 0.024s wall-clock]
Done! [0.150s CPU, 0.237s wall-clock]
INFO     Running preprocessor (release32).
INFO     preprocessor input: output.sas
INFO     preprocessor arguments: []
INFO     preprocessor time limit: None
INFO     preprocessor memory limit: None
INFO     callstring: /mnt/data_server/torralba/subdominization/training/data/training_satellite/code-70296b3db083/builds/release32/bin/preprocess < output.sas
Building causal graph...
The causal graph is not acyclic.
11 variables of 60 necessary
0 of 2 mutex groups necessary.
493 of 575 operators necessary.
0 of 0 axiom rules necessary.
Initializing mutex computation...
Mutex computation initialized with 50 fluents.
iteration for mutex detection and operator pruning
Initialize m_index fw
Initialized mvalues forward: reached=121, notReached=1881, spurious=498
Initialize m_ops fw
Computing mutexes...
Mutex computation finished with reached=1990, notReached=12, spurious=498
0 operators are spurious because were not triggered
H^2 mutexes added fw: 12, unreachable: 0
0 of 493 operators detected as spurious
iteration for mutex detection and operator pruning
Initialize m_index bw
Init values regression
Initialized mvalues backward: reached=888, notReached=1102, spurious=510
Initialize m_ops bw
Computing mutexes...
Mutex computation finished with reached=1990, notReached=0, spurious=510
0 operators are spurious because were not triggered
H^2 mutexes added bw: 0, unreachable: 0
0 of 493 operators detected as spurious
Total mutex and disambiguation time: 0.007883 iterations: 2
6 of 6 mutex groups necessary.
493 of 493 operators necessary.
0 of 0 axiom rules necessary.
Change id of operators: 493
Change id of mutexes
Change id of goals
Change id of initial state
Remove unreachable facts from variables: 11
6 of 6 mutex groups necessary.
493 of 493 operators necessary.
0 of 0 axiom rules necessary.
Updating causal graph and pruning unnecessary facts
11 variables of 11 of 60 necessary
The causal graph is not acyclic.
11 variables of 11 necessary
6 of 6 mutex groups necessary.
493 of 493 operators necessary.
0 of 0 axiom rules necessary.
Building domain transition graphs...
solveable in poly time 0
Building successor generator...
Preprocessor variables: 11
Preprocessor facts: 50
Preprocessor derived variables: 0
Preprocessor operators: 493
Preprocessor mutex groups: 6
Preprocessor task size: 1571
Writing output...
Preprocessor time: 0.0216309s
Preprocessor peak memory: 2392 KB
done
INFO     Running search (release32).
INFO     search input: output
INFO     search arguments: ['--search', 'sbd(store_operators_in_optimal_plan=true, cost_type=1)']
INFO     search time limit: 3600s
INFO     search memory limit: 4096 MB
INFO     search executable: /mnt/data_server/torralba/subdominization/training/data/training_satellite/code-70296b3db083/builds/release32/bin/downward
INFO     callstring: /mnt/data_server/torralba/subdominization/training/data/training_satellite/code-70296b3db083/builds/release32/bin/downward --search 'sbd(store_operators_in_optimal_plan=true, cost_type=1)' --internal-plan-file sas_plan < output
time limit 3600.00 -> (3600, 3601)
reading input... [t=8.2669e-05s]
done reading input! [t=0.00346639s]
packing state variables...done! [t=0.00348335s]
Variables: 11
FactPairs: 50
Bytes per state: 4
Building successor generator...done! [t=0.00373745s]
done initalizing global data [t=0.00374419s]
TR(time=60000, nodes=100000)
Mutex(time=60000, nodes=100000, type=edeletion)
Aux(time=2000, nodes=1000000)
Disj(nodes=2147483647)
Estimation: min_time(1000) time_penalty +(1000)*(2) nodes_penalty +(1000)*(2)
MaxStep(time=30000, nodes=100000000, nodes_per_planning_second=100)
Ratio useful: 0
   Min alloted time: 60000 nodes: 10000000
   Max alloted time: 60000 nodes: 15000000
   Mult alloted time: 2 nodes: 2
   Ratio after relax: 0.8
building causal graph...done! [t=6.7475e-05s]
Sym variable order: 3 4 2 5 0 10 1 9 6 8 7 
Initializing Symbolic Variables
Num variables: 11 => 17
Initialize Symbolic Manager(34, 470588, 16000000, 0)
Generating binary variables
Symbolic Variables... Done.
BOUND: 1 < 2147483647, total time: 0.306997s
BOUND: 2 < 2147483647, total time: 0.307157s
BOUND: 3 < 2147483647, total time: 0.307315s
BOUND: 4 < 2147483647, total time: 0.307487s
BOUND: 5 < 2147483647, total time: 0.307674s
Solution found with cost 5 total time: 0.307843s
Merging: 1
2 0.310741 1 26
Merging: 3
1 0.314424 1 28
Merging: 1
3 0.317956 1 26
Merging: 3
2 0.319875 1 24
Merging: 3
1 0.321667 1 21
BOUND: 5 < 5, total time: 0.323323s
Actual search time: 0.0165414s [t=0.323569s]
switch_on instrument2 satellite1 (1)
calibrate satellite1 instrument2 groundstation0 (1)
turn_to satellite0 groundstation5 groundstation12 (1)
turn_to satellite1 phenomenon15 groundstation0 (1)
take_image satellite1 phenomenon15 instrument2 image2 (1)
Plan length: 5 step(s).
Plan cost: 5
Bytes per state: 4
Search time: 0.02332s
Total time: 0.323581s
Solution found.
Peak memory: 215052 KB
Running single search parser
