INFO     Running translator.
INFO     translator input: ['domain.pddl', 'problem.pddl']
INFO     translator arguments: []
INFO     translator time limit: None
INFO     translator memory limit: None
INFO     callstring: /usr/bin/python /mnt/data_server/torralba/subdominization/training/data/training_blocksworld/code-70296b3db083/builds/release32/bin/translate/translate.py domain.pddl problem.pddl
Parsing...
Parsing: [0.000s CPU, 0.006s wall-clock]
Normalizing task... [0.000s CPU, 0.000s wall-clock]
Instantiating...
Generating Datalog program... [0.000s CPU, 0.000s wall-clock]
Normalizing Datalog program...
Normalizing Datalog program: [0.000s CPU, 0.003s wall-clock]
Preparing model... [0.000s CPU, 0.001s wall-clock]
Generated 18 rules.
Computing model... [0.000s CPU, 0.003s wall-clock]
129 relevant atoms
72 auxiliary atoms
201 final queue length
359 total queue pushes
Completing instantiation... [0.010s CPU, 0.005s wall-clock]
Instantiating: [0.010s CPU, 0.021s wall-clock]
Computing fact groups...
Finding invariants...
7 initial candidates
Finding invariants: [0.000s CPU, 0.002s wall-clock]
Checking invariant weight... [0.000s CPU, 0.000s wall-clock]
Instantiating groups... [0.000s CPU, 0.000s wall-clock]
Collecting mutex groups... [0.000s CPU, 0.000s wall-clock]
Choosing groups...
4 uncovered facts
Choosing groups: [0.000s CPU, 0.000s wall-clock]
Building translation key... [0.000s CPU, 0.000s wall-clock]
Computing fact groups: [0.000s CPU, 0.003s wall-clock]
Building STRIPS to SAS dictionary... [0.000s CPU, 0.000s wall-clock]
Building dictionary for full mutex groups... [0.000s CPU, 0.000s wall-clock]
Building mutex information...
Building mutex information: [0.000s CPU, 0.000s wall-clock]
Translating task...
Processing axioms...
Simplifying axioms... [0.000s CPU, 0.000s wall-clock]
Processing axioms: [0.000s CPU, 0.000s wall-clock]
Translating task: [0.000s CPU, 0.005s wall-clock]
52 effect conditions simplified
0 implied preconditions added
Detecting unreachable propositions...
0 operators removed
0 axioms removed
4 propositions removed
Detecting unreachable propositions: [0.010s CPU, 0.003s wall-clock]
Translator variables: 8
Translator derived variables: 0
Translator facts: 28
Translator goal facts: 2
Translator mutex groups: 8
Translator total mutex groups size: 40
Translator operators: 64
Translator axioms: 0
Translator task size: 470
Translator peak memory: 43504 KB
Writing output... [0.000s CPU, 0.010s wall-clock]
Done! [0.020s CPU, 0.049s wall-clock]
INFO     Running preprocessor (release32).
INFO     preprocessor input: output.sas
INFO     preprocessor arguments: []
INFO     preprocessor time limit: None
INFO     preprocessor memory limit: None
INFO     callstring: /mnt/data_server/torralba/subdominization/training/data/training_blocksworld/code-70296b3db083/builds/release32/bin/preprocess < output.sas
Building causal graph...
The causal graph is not acyclic.
8 variables of 8 necessary
4 of 8 mutex groups necessary.
64 of 64 operators necessary.
0 of 0 axiom rules necessary.
Initializing mutex computation...
Mutex computation initialized with 28 fluents.
iteration for mutex detection and operator pruning
Initialize m_index fw
Initialized mvalues forward: reached=64, notReached=552, spurious=168
Initialize m_ops fw
Computing mutexes...
Mutex computation finished with reached=604, notReached=12, spurious=168
0 operators are spurious because were not triggered
H^2 mutexes added fw: 12, unreachable: 0
0 of 64 operators detected as spurious
iteration for mutex detection and operator pruning
Initialize m_index bw
Init values regression
Initialized mvalues backward: reached=168, notReached=436, spurious=180
Initialize m_ops bw
Computing mutexes...
Mutex computation finished with reached=493, notReached=111, spurious=180
12 operators are spurious because were not triggered
Unreachable proposition: Atom on(b3, b3)
Unreachable proposition: Atom on(b1, b1)
Unreachable proposition: Atom on(b2, b2)
H^2 mutexes added bw: 0, unreachable: 3
0 of 52 operators detected as spurious
iteration for mutex detection and operator pruning
Initialize m_index fw
Initialized mvalues forward: reached=64, notReached=429, spurious=291
Initialize m_ops fw
Computing mutexes...
Mutex computation finished with reached=493, notReached=0, spurious=291
0 operators are spurious because were not triggered
H^2 mutexes added fw: 0, unreachable: 0
0 of 52 operators detected as spurious
Total mutex and disambiguation time: 0.001415 iterations: 3
10 of 10 mutex groups necessary.
52 of 64 operators necessary.
0 of 0 axiom rules necessary.
Change id of operators: 52
Change id of mutexes
Change id of goals
Change id of initial state
Remove unreachable facts from variables: 8
10 of 10 mutex groups necessary.
52 of 52 operators necessary.
0 of 0 axiom rules necessary.
Updating causal graph and pruning unnecessary facts
8 variables of 8 of 8 necessary
The causal graph is not acyclic.
8 variables of 8 necessary
10 of 10 mutex groups necessary.
52 of 52 operators necessary.
0 of 0 axiom rules necessary.
Building domain transition graphs...
solveable in poly time 0
Building successor generator...
Preprocessor variables: 8
Preprocessor facts: 25
Preprocessor derived variables: 0
Preprocessor operators: 52
Preprocessor mutex groups: 10
Preprocessor task size: 387
Writing output...
Preprocessor time: 0.00459799s
Preprocessor peak memory: 2096 KB
done
INFO     Running search (release32).
INFO     search input: output
INFO     search arguments: ['--search', 'sbd(store_operators_in_optimal_plan=true, cost_type=1)']
INFO     search time limit: 3600s
INFO     search memory limit: 4096 MB
INFO     search executable: /mnt/data_server/torralba/subdominization/training/data/training_blocksworld/code-70296b3db083/builds/release32/bin/downward
INFO     callstring: /mnt/data_server/torralba/subdominization/training/data/training_blocksworld/code-70296b3db083/builds/release32/bin/downward --search 'sbd(store_operators_in_optimal_plan=true, cost_type=1)' --internal-plan-file sas_plan < output
time limit 3600.00 -> (3600, 3601)
reading input... [t=0.000138365s]
done reading input! [t=0.000686504s]
packing state variables...done! [t=0.000695149s]
Variables: 8
FactPairs: 25
Bytes per state: 4
Building successor generator...done! [t=0.000780713s]
done initalizing global data [t=0.00078353s]
TR(time=60000, nodes=100000)
Mutex(time=60000, nodes=100000, type=edeletion)
Aux(time=2000, nodes=1000000)
Disj(nodes=2147483647)
Estimation: min_time(1000) time_penalty +(1000)*(2) nodes_penalty +(1000)*(2)
MaxStep(time=30000, nodes=100000000, nodes_per_planning_second=100)
Ratio useful: 0
   Min alloted time: 60000 nodes: 10000000
   Max alloted time: 60000 nodes: 15000000
   Mult alloted time: 2 nodes: 2
   Ratio after relax: 0.8
building causal graph...done! [t=7.0538e-05s]
Sym variable order: 0 1 2 3 4 5 6 7 
Initializing Symbolic Variables
Num variables: 8 => 13
Initialize Symbolic Manager(26, 615384, 16000000, 0)
Generating binary variables
Symbolic Variables... Done.
BOUND: 1 < 2147483647, total time: 0.27205s
BOUND: 2 < 2147483647, total time: 0.272193s
BOUND: 3 < 2147483647, total time: 0.272335s
BOUND: 4 < 2147483647, total time: 0.272464s
Solution found with cost 4 total time: 0.272576s
Merging: 1
2 0.273152 1 25
Merging: 2
1 0.273549 1 18
Merging: 1
2 0.27383 1 25
Merging: 2
1 0.274084 1 21
BOUND: 4 < 4, total time: 0.274266s
Actual search time: 0.00231318s [t=0.274426s]
move-b-to-t b2 b3 (1)
move-b-to-b b3 b1 b4 (1)
move-t-to-b b2 b3 (1)
move-t-to-b b1 b2 (1)
Plan length: 4 step(s).
Plan cost: 4
Bytes per state: 4
Search time: 0.0055773s
Total time: 0.274436s
Solution found.
Peak memory: 253652 KB
Running single search parser
