INFO     Running translator.
INFO     translator input: ['domain.pddl', 'problem.pddl']
INFO     translator arguments: []
INFO     translator time limit: None
INFO     translator memory limit: None
INFO     callstring: /usr/bin/python /mnt/data_server/torralba/subdominization/training/data/training_agricola/code-70296b3db083/builds/release32/bin/translate/translate.py domain.pddl problem.pddl
Parsing...
Parsing: [0.020s CPU, 0.044s wall-clock]
Normalizing task... [0.000s CPU, 0.001s wall-clock]
Instantiating...
Generating Datalog program... [0.010s CPU, 0.006s wall-clock]
Normalizing Datalog program...
Normalizing Datalog program: [0.020s CPU, 0.041s wall-clock]
Preparing model... [0.010s CPU, 0.017s wall-clock]
Generated 258 rules.
Computing model... [3.520s CPU, 3.640s wall-clock]
87455 relevant atoms
1786 auxiliary atoms
89241 final queue length
326423 total queue pushes
Completing instantiation... [21.580s CPU, 21.853s wall-clock]
Instantiating: [25.170s CPU, 25.787s wall-clock]
Computing fact groups...
Finding invariants...
44 initial candidates
Finding invariants: [0.330s CPU, 0.333s wall-clock]
Checking invariant weight... [0.000s CPU, 0.001s wall-clock]
Instantiating groups... [0.010s CPU, 0.002s wall-clock]
Collecting mutex groups... [0.000s CPU, 0.000s wall-clock]
Choosing groups...
124 uncovered facts
Choosing groups: [0.000s CPU, 0.000s wall-clock]
Building translation key... [0.000s CPU, 0.002s wall-clock]
Computing fact groups: [0.340s CPU, 0.341s wall-clock]
Building STRIPS to SAS dictionary... [0.000s CPU, 0.000s wall-clock]
Building dictionary for full mutex groups... [0.000s CPU, 0.000s wall-clock]
Building mutex information...
Building mutex information: [0.000s CPU, 0.000s wall-clock]
Translating task...
Processing axioms...
Simplifying axioms... [0.000s CPU, 0.000s wall-clock]
Processing axioms: [0.630s CPU, 0.634s wall-clock]
Translating task: [13.840s CPU, 13.990s wall-clock]
93961 effect conditions simplified
0 implied preconditions added
Detecting unreachable propositions...
0 operators removed
0 axioms removed
36 propositions removed
Detecting unreachable propositions: [7.900s CPU, 7.986s wall-clock]
Translator variables: 121
Translator derived variables: 0
Translator facts: 281
Translator goal facts: 1
Translator mutex groups: 8
Translator total mutex groups size: 55
Translator operators: 86753
Translator axioms: 0
Translator task size: 969093
Translator peak memory: 935792 KB
Writing output... [1.990s CPU, 2.649s wall-clock]
Done! [49.720s CPU, 51.260s wall-clock]
INFO     Running preprocessor (release32).
INFO     preprocessor input: output.sas
INFO     preprocessor arguments: []
INFO     preprocessor time limit: None
INFO     preprocessor memory limit: None
INFO     callstring: /mnt/data_server/torralba/subdominization/training/data/training_agricola/code-70296b3db083/builds/release32/bin/preprocess < output.sas
Building causal graph...
The causal graph is not acyclic.
116 variables of 121 necessary
0 of 8 mutex groups necessary.
86753 of 86753 operators necessary.
0 of 0 axiom rules necessary.
Initializing mutex computation...
Mutex computation initialized with 271 fluents.
iteration for mutex detection and operator pruning
Initialize m_index fw
Initialized mvalues forward: reached=13456, notReached=59325, spurious=660
Initialize m_ops fw
Computing mutexes...
Mutex computation finished with reached=65051, notReached=7730, spurious=660
54824 operators are spurious because were not triggered
H^2 mutexes added fw: 7730, unreachable: 0
0 of 31929 operators detected as spurious
iteration for mutex detection and operator pruning
Initialize m_index bw
Init values regression
Initialized mvalues backward: reached=40423, notReached=24628, spurious=8390
Initialize m_ops bw
Computing mutexes...
Mutex computation finished with reached=65017, notReached=34, spurious=8390
0 operators are spurious because were not triggered
H^2 mutexes added bw: 34, unreachable: 0
0 of 31929 operators detected as spurious
iteration for mutex detection and operator pruning
Initialize m_index fw
Initialized mvalues forward: reached=13456, notReached=51561, spurious=8424
Initialize m_ops fw
Computing mutexes...
Mutex computation finished with reached=65017, notReached=0, spurious=8424
0 operators are spurious because were not triggered
H^2 mutexes added fw: 0, unreachable: 0
0 of 31929 operators detected as spurious
Total mutex and disambiguation time: 22.4295 iterations: 3
3882 of 3882 mutex groups necessary.
31929 of 86753 operators necessary.
0 of 0 axiom rules necessary.
Change id of operators: 31929
Change id of mutexes
Change id of goals
Change id of initial state
Remove unreachable facts from variables: 116
3882 of 3882 mutex groups necessary.
31929 of 31929 operators necessary.
0 of 0 axiom rules necessary.
Updating causal graph and pruning unnecessary facts
116 variables of 116 of 121 necessary
The causal graph is not acyclic.
116 variables of 116 necessary
3882 of 3882 mutex groups necessary.
31929 of 31929 operators necessary.
0 of 0 axiom rules necessary.
Building domain transition graphs...
solveable in poly time 0
Building successor generator...
Preprocessor variables: 116
Preprocessor facts: 271
Preprocessor derived variables: 0
Preprocessor operators: 31929
Preprocessor mutex groups: 3882
Preprocessor task size: 340085
Writing output...
Preprocessor time: 26.829s
Preprocessor peak memory: 292468 KB
done
INFO     Running search (release32).
INFO     search input: output
INFO     search arguments: ['--search', 'sbw(store_operators_in_optimal_plan=true, cost_type=1)']
INFO     search time limit: 3600s
INFO     search memory limit: 4096 MB
INFO     search executable: /mnt/data_server/torralba/subdominization/training/data/training_agricola/code-70296b3db083/builds/release32/bin/downward
INFO     callstring: /mnt/data_server/torralba/subdominization/training/data/training_agricola/code-70296b3db083/builds/release32/bin/downward --search 'sbw(store_operators_in_optimal_plan=true, cost_type=1)' --internal-plan-file sas_plan < output
time limit 3600.00 -> (3600, 3601)
reading input... [t=0.000105795s]
done reading input! [t=0.489688s]
packing state variables...done! [t=0.489739s]
Variables: 116
FactPairs: 271
Bytes per state: 20
Building successor generator...done! [t=0.69002s]
done initalizing global data [t=0.690049s]
TR(time=60000, nodes=100000)
Mutex(time=60000, nodes=100000, type=edeletion)
Aux(time=2000, nodes=1000000)
Disj(nodes=2147483647)
Estimation: min_time(1000) time_penalty +(1000)*(2) nodes_penalty +(1000)*(2)
MaxStep(time=30000, nodes=100000000, nodes_per_planning_second=100)
Ratio useful: 0
   Min alloted time: 60000 nodes: 10000000
   Max alloted time: 60000 nodes: 15000000
   Mult alloted time: 2 nodes: 2
   Ratio after relax: 0.8
building causal graph...done! [t=0.0462114s]
Sym variable order: 0 3 20 21 25 23 22 26 19 36 34 18 27 52 56 53 55 54 38 49 50 58 51 48 108 75 73 74 72 81 107 109 89 104 90 98 77 76 112 35 16 33 91 92 94 37 113 93 106 105 83 41 43 40 42 39 85 59 47 57 44 45 46 24 82 100 99 32 31 28 30 29 79 84 86 78 80 88 102 101 103 114 87 111 110 4 1 15 10 14 13 12 11 17 2 9 96 95 97 65 71 64 62 63 61 60 70 68 67 69 66 8 5 115 6 7 
Initializing Symbolic Variables
Num variables: 116 => 134
Initialize Symbolic Manager(268, 59701, 16000000, 0)
Generating binary variables
Symbolic Variables... Done.
BOUND: 1 < 2147483647, total time: 4.50295s
BOUND: 2 < 2147483647, total time: 4.54342s
BOUND: 3 < 2147483647, total time: 4.54934s
BOUND: 4 < 2147483647, total time: 4.55499s
BOUND: 5 < 2147483647, total time: 4.56143s
BOUND: 6 < 2147483647, total time: 4.57173s
BOUND: 7 < 2147483647, total time: 4.60373s
BOUND: 8 < 2147483647, total time: 4.8381s
BOUND: 9 < 2147483647, total time: 5.61839s
BOUND: 10 < 2147483647, total time: 8.07141s
BOUND: 11 < 2147483647, total time: 11.1863s
BOUND: 12 < 2147483647, total time: 14.6085s
BOUND: 13 < 2147483647, total time: 17.1402s
BOUND: 14 < 2147483647, total time: 19.5955s
BOUND: 15 < 2147483647, total time: 20.5705s
BOUND: 16 < 2147483647, total time: 21.8978s
BOUND: 17 < 2147483647, total time: 24.1195s
BOUND: 18 < 2147483647, total time: 27.3158s
BOUND: 19 < 2147483647, total time: 31.5601s
BOUND: 20 < 2147483647, total time: 35.3501s
BOUND: 21 < 2147483647, total time: 38.8303s
BOUND: 22 < 2147483647, total time: 42.7243s
BOUND: 23 < 2147483647, total time: 44.1732s
BOUND: 24 < 2147483647, total time: 44.9951s
BOUND: 25 < 2147483647, total time: 45.9145s
BOUND: 26 < 2147483647, total time: 47.2666s
BOUND: 27 < 2147483647, total time: 49.2333s
BOUND: 28 < 2147483647, total time: 53.0357s
BOUND: 29 < 2147483647, total time: 55.9449s
BOUND: 30 < 2147483647, total time: 60.4442s
BOUND: 31 < 2147483647, total time: 66.1136s
BOUND: 32 < 2147483647, total time: 71.7859s
BOUND: 33 < 2147483647, total time: 79.2373s
BOUND: 34 < 2147483647, total time: 86.0519s
BOUND: 35 < 2147483647, total time: 93.1968s
BOUND: 36 < 2147483647, total time: 97.4333s
BOUND: 37 < 2147483647, total time: 104.099s
BOUND: 38 < 2147483647, total time: 108.084s
BOUND: 39 < 2147483647, total time: 114.366s
BOUND: 40 < 2147483647, total time: 118.822s
BOUND: 41 < 2147483647, total time: 126.337s
BOUND: 42 < 2147483647, total time: 131.508s
BOUND: 43 < 2147483647, total time: 138.383s
BOUND: 44 < 2147483647, total time: 143.643s
BOUND: 45 < 2147483647, total time: 151.049s
BOUND: 46 < 2147483647, total time: 155.228s
BOUND: 47 < 2147483647, total time: 158.482s
BOUND: 48 < 2147483647, total time: 163.413s
BOUND: 49 < 2147483647, total time: 166.251s
BOUND: 50 < 2147483647, total time: 170.429s
BOUND: 51 < 2147483647, total time: 178.13s
BOUND: 52 < 2147483647, total time: 183.015s
BOUND: 53 < 2147483647, total time: 191.985s
BOUND: 54 < 2147483647, total time: 197.428s
BOUND: 55 < 2147483647, total time: 205.027s
BOUND: 56 < 2147483647, total time: 210.627s
BOUND: 57 < 2147483647, total time: 220.319s
BOUND: 58 < 2147483647, total time: 227.081s
BOUND: 59 < 2147483647, total time: 232.206s
BOUND: 60 < 2147483647, total time: 238.761s
BOUND: 61 < 2147483647, total time: 241.614s
BOUND: 62 < 2147483647, total time: 244.091s
BOUND: 63 < 2147483647, total time: 247.042s
BOUND: 64 < 2147483647, total time: 253.831s
BOUND: 65 < 2147483647, total time: 257.644s
BOUND: 66 < 2147483647, total time: 261.531s
BOUND: 67 < 2147483647, total time: 264.363s
BOUND: 68 < 2147483647, total time: 269.505s
BOUND: 69 < 2147483647, total time: 270.568s
BOUND: 70 < 2147483647, total time: 271.657s
BOUND: 71 < 2147483647, total time: 272.964s
BOUND: 72 < 2147483647, total time: 274.302s
BOUND: 73 < 2147483647, total time: 275.772s
BOUND: 74 < 2147483647, total time: 276.98s
BOUND: 75 < 2147483647, total time: 278.023s
BOUND: 76 < 2147483647, total time: 279.236s
BOUND: 77 < 2147483647, total time: 283.559s
BOUND: 78 < 2147483647, total time: 284.809s
BOUND: 79 < 2147483647, total time: 285.949s
Solution found with cost 79 total time: 286.762s
Merging: 1
79 290.627 1 135
Merging: 8
78 290.73 1 418
Merging: 8
77 290.982 1 974
Merging: 1
76 291.437 1 974
Merging: 7
75 291.879 1 195
Merging: 1
74 292.023 1 195
Merging: 13
73 292.172 1 741
Merging: 13
72 292.493 1 1879
Merging: 1
71 293.116 1 1879
Merging: 7
70 293.798 1 329
Merging: 1
69 293.947 1 329
Merging: 16
68 294.098 1 1252
Merging: 16
67 294.555 1 2743
Merging: 1
66 295.468 1 2743
Merging: 7
65 296.42 1 357
Merging: 1
64 296.587 1 357
Merging: 19
63 296.751 1 1727
Merging: 22
62 297.286 1 4651
Merging: 1
61 298.429 1 4651
Merging: 7
60 299.628 1 457
Merging: 1
59 299.832 1 457
Merging: 5
58 300.027 1 429
Merging: 1
57 300.221 1 429
Merging: 1
56 300.414 1 429
Merging: 25
55 300.619 1 2640
Merging: 25
54 301.37 1 7725
Merging: 1
53 303.012 1 7725
Merging: 7
52 305.108 1 513
Merging: 1
51 305.29 1 513
Merging: 28
50 305.502 1 3352
Merging: 28
49 306.35 1 10501
Merging: 1
48 308.205 1 10501
Merging: 7
47 310.638 1 769
Merging: 1
46 310.827 1 769
Merging: 28
45 311.037 1 4978
Merging: 28
44 311.931 1 12811
Merging: 1
43 313.831 1 12811
Merging: 7
42 316.255 1 965
Merging: 1
41 316.464 1 965
Merging: 5
40 316.672 1 952
Merging: 1
39 316.879 1 952
Merging: 1
38 317.084 1 952
Merging: 30
37 317.331 1 5373
Merging: 57
36 318.292 1 11986
Merging: 1
35 320.156 1 11986
Merging: 7
34 322.536 1 1222
Merging: 1
33 322.726 1 1222
Merging: 75
32 322.982 1 6719
Merging: 75
31 324.096 1 14880
Merging: 1
30 326.028 1 14880
Merging: 7
29 328.481 1 1153
Merging: 1
28 328.703 1 1153
Merging: 9
27 328.916 1 1154
Merging: 1
26 329.131 1 1154
Merging: 1
25 329.338 1 1154
Merging: 77
24 329.605 1 7053
Merging: 97
23 330.821 1 23275
Merging: 1
22 333.266 1 23275
Merging: 7
21 336.627 1 1238
Merging: 1
20 336.825 1 1238
Merging: 110
19 337.119 1 7228
Merging: 107
18 338.442 1 22781
Merging: 1
17 340.874 1 22781
Merging: 7
16 344.135 1 1213
Merging: 1
15 344.363 1 1213
Merging: 15
14 344.594 1 1206
Merging: 1
13 344.83 1 1206
Merging: 1
12 345.048 1 1206
Merging: 101
11 345.344 1 7910
Merging: 118
10 346.772 1 28863
Merging: 1
9 349.375 1 28863
Merging: 7
8 353.161 1 1401
Merging: 1
7 353.368 1 1401
Merging: 146
6 353.689 1 9102
Merging: 143
5 358.152 1 32165
Merging: 2
4 361.335 1 32144
Merging: 7
3 365.754 1 2060
Merging: 1
2 366.04 1 2060
Merging: 32
1 366.329 1 1997
BOUND: 79 < 79, total time: 366.615s
Actual search time: 362.118s [t=366.621s]
collect_resource worker2 worker1 worker2 round1 act_clay clay (60)
collect_resource worker1 noworker worker2 round1 act_reed reed (60)
ag__finish_round_backhome round1 worker2 (1)
ag__finish_round_renew round1 noworker (1)
ag__advance_round_normal round1 round2 act_sheep (1)
collect_resource worker2 worker1 worker2 round2 act_clay clay (60)
collect_resource worker1 noworker worker2 round2 act_reed reed (60)
ag__finish_round_backhome round2 worker2 (1)
ag__finish_round_renew round2 noworker (1)
ag__advance_round_normal round2 round3 act_sow (1)
collect_resource worker2 worker1 worker2 round3 act_clay clay (60)
take_food worker1 noworker worker2 round3 num3 num4 (60)
ag__finish_round_backhome round3 worker2 (1)
ag__finish_round_renew round3 noworker (1)
ag__advance_round_normal round3 round4 act_fences (1)
build_fences boar worker2 worker1 worker2 round4 (60)
take_food worker1 noworker worker2 round4 num4 num5 (60)
ag__finish_round_backhome round4 worker2 (1)
ag__finish_round_renew round4 noworker (1)
ag__harvest_collect_end round4 stage1 (1)
ag__harvest_feed round4 stage1 worker2 num5 num4 num1 (1)
ag__harvest_breed_end round4 stage1 (1)
ag__finish_stage stage1 stage2 round4 round5 act_boar (1)
build_fences boar worker2 worker1 worker2 round5 (60)
take_food worker1 noworker worker2 round5 num1 num2 (60)
ag__finish_round_backhome round5 worker2 (1)
ag__finish_round_renew round5 noworker (1)
ag__advance_round_normal round5 round6 act_cattle (1)
build_fences boar worker2 worker1 worker2 round6 (60)
take_food worker1 noworker worker2 round6 num2 num3 (60)
ag__finish_round_backhome round6 worker2 (1)
ag__finish_round_renew round6 noworker (1)
ag__advance_round_normal round6 round7 act_carrot (1)
build_fences boar worker2 worker1 worker2 round7 (60)
take_food worker1 noworker worker2 round7 num3 num4 (60)
ag__finish_round_backhome round7 worker2 (1)
ag__finish_round_renew round7 noworker (1)
ag__harvest_collect_end round7 stage2 (1)
ag__harvest_feed round7 stage2 worker2 num4 num4 num0 (1)
ag__harvest_breed_end round7 stage2 (1)
ag__finish_stage stage2 stage3 round7 round8 act_improve (1)
collect_resource worker2 worker1 worker2 round8 act_stone stone (60)
improve_home worker1 noworker worker2 round8 fireplace (60)
ag__finish_round_backhome round8 worker2 (1)
ag__finish_round_renew round8 noworker (1)
ag__advance_round_normal round8 round9 void (1)
collect_cook_animal boar act_boar worker2 worker1 worker2 round9 num0 num2 (60)
collect_cook_animal boar act_cattle worker1 noworker worker2 round9 num2 num4 (60)
ag__finish_round_backhome round9 worker2 (1)
ag__finish_round_renew round9 noworker (1)
ag__harvest_collect_end round9 stage3 (1)
ag__harvest_feed round9 stage3 worker2 num4 num4 num0 (1)
ag__harvest_breed_end round9 stage3 (1)
ag__finish_stage stage3 stage4 round9 round10 void (1)
build_fences boar worker2 worker1 worker2 round10 (60)
collect_cook_animal boar act_sheep worker1 noworker worker2 round10 num0 num2 (60)
ag__finish_round_backhome round10 worker2 (1)
ag__finish_round_renew round10 noworker (1)
ag__advance_round_normal round10 round11 void (1)
build_fences boar worker2 worker1 worker2 round11 (60)
collect_cook_animal boar act_sheep worker1 noworker worker2 round11 num2 num4 (60)
ag__finish_round_backhome round11 worker2 (1)
ag__finish_round_renew round11 noworker (1)
ag__harvest_collect_end round11 stage4 (1)
ag__harvest_feed round11 stage4 worker2 num4 num4 num0 (1)
ag__harvest_breed_end round11 stage4 (1)
ag__finish_stage stage4 stage5 round11 round12 void (1)
build_fences boar worker2 worker1 worker2 round12 (60)
collect_cook_animal boar act_sheep worker1 noworker worker2 round12 num0 num2 (60)
ag__finish_round_backhome round12 worker2 (1)
ag__finish_round_renew round12 noworker (1)
ag__advance_round_normal round12 round13 void (1)
build_fences boar worker2 worker1 worker2 round13 (60)
collect_cook_animal boar act_sheep worker1 noworker worker2 round13 num2 num4 (60)
ag__finish_round_backhome round13 worker2 (1)
ag__finish_round_renew round13 noworker (1)
ag__harvest_collect_end round13 stage5 (1)
ag__harvest_feed round13 stage5 worker2 num4 num4 num0 (1)
ag__harvest_breed_end round13 stage5 (1)
Plan length: 79 step(s).
Plan cost: 1613
Bytes per state: 20
Search time: 364.369s
Total time: 366.621s
Solution found.
Peak memory: 761468 KB
Running single search parser
