INFO     Running translator.
INFO     translator input: ['domain.pddl', 'problem.pddl']
INFO     translator arguments: ['--grounding-action-queue-ordering', 'fifo']
INFO     translator time limit: 1799.92s
INFO     translator memory limit: 4096 MB
INFO     callstring: /usr/bin/python3 /mnt/data_server/gnad/lab-data/subdominization/old_servers/f24b670/fifo-relaxed-solvable-plus-x/code-f24b670501a4/builds/release32/bin/translate/translate.py domain.pddl problem.pddl --grounding-action-queue-ordering fifo
time limit 1799.92 -> (1800, 1801)
Parsing...
Parsing: [0.010s CPU, 0.039s wall-clock]
Normalizing task... [0.000s CPU, 0.001s wall-clock]
Instantiating...
Generating Datalog program... [0.010s CPU, 0.006s wall-clock]
Normalizing Datalog program...
Normalizing Datalog program: [0.020s CPU, 0.027s wall-clock]
Preparing model... [0.020s CPU, 0.017s wall-clock]
Generated 285 rules.
Using FIFO priority queue for actions.
using default termination condition, i.e. grounding all actions.
Computing model... [0.230s CPU, 0.234s wall-clock]
no statistics available
2856 relevant atoms
1978 auxiliary atoms
2101 actions instantiated
4834 final queue length
27005 total queue pushes
Completing instantiation... [0.530s CPU, 0.538s wall-clock]
Instantiating: [0.810s CPU, 0.825s wall-clock]
Computing fact groups...
Finding invariants...
37 initial candidates
Finding invariants: [0.030s CPU, 0.029s wall-clock]
Checking invariant weight... [0.000s CPU, 0.000s wall-clock]
Instantiating groups... [0.000s CPU, 0.000s wall-clock]
Collecting mutex groups... [0.000s CPU, 0.000s wall-clock]
Choosing groups...
233 uncovered facts
Choosing groups: [0.000s CPU, 0.000s wall-clock]
Building translation key... [0.010s CPU, 0.002s wall-clock]
Computing fact groups: [0.040s CPU, 0.036s wall-clock]
Building STRIPS to SAS dictionary... [0.000s CPU, 0.001s wall-clock]
Building dictionary for full mutex groups... [0.000s CPU, 0.000s wall-clock]
Building mutex information...
Building mutex information: [0.000s CPU, 0.000s wall-clock]
Translating task...
Processing axioms...
Simplifying axioms... [0.000s CPU, 0.000s wall-clock]
Processing axioms: [0.010s CPU, 0.014s wall-clock]
Translating task: [0.340s CPU, 0.341s wall-clock]
0 effect conditions simplified
0 implied preconditions added
Detecting unreachable propositions...
0 operators removed
0 axioms removed
120 propositions removed
Detecting unreachable propositions: [0.170s CPU, 0.178s wall-clock]
Reordering and filtering variables...
118 of 173 variables necessary.
0 of 0 mutex groups necessary.
910 of 946 operators necessary.
0 of 0 axiom rules necessary.
Reordering and filtering variables: [0.110s CPU, 0.111s wall-clock]
Translator variables: 118
Translator derived variables: 0
Translator facts: 236
Translator goal facts: 2
Translator mutex groups: 0
Translator total mutex groups size: 0
Translator operators: 910
Translator axioms: 0
Translator task size: 21548
Translator peak memory: 1155260 KB
Writing output... [0.070s CPU, 0.112s wall-clock]
Done! [1.560s CPU, 1.652s wall-clock]
INFO     Running search (release32).
INFO     search input: output.sas
INFO     search arguments: ['--heuristic', 'hlm,hff=lm_ff_syn(lm_rhw(reasonable_orders=true,lm_cost_type=one),transform=adapt_costs(one))', '--search', 'lazy_greedy([hff,hlm],preferred=[hff,hlm],cost_type=one,reopen_closed=false)']
INFO     search time limit: 1796.7s
INFO     search memory limit: 4096 MB
INFO     search executable: /mnt/data_server/gnad/lab-data/subdominization/old_servers/f24b670/fifo-relaxed-solvable-plus-x/code-f24b670501a4/builds/release32/bin/downward
INFO     callstring: /mnt/data_server/gnad/lab-data/subdominization/old_servers/f24b670/fifo-relaxed-solvable-plus-x/code-f24b670501a4/builds/release32/bin/downward --heuristic 'hlm,hff=lm_ff_syn(lm_rhw(reasonable_orders=true,lm_cost_type=one),transform=adapt_costs(one))' --search 'lazy_greedy([hff,hlm],preferred=[hff,hlm],cost_type=one,reopen_closed=false)' --internal-plan-file sas_plan < output.sas
time limit 1796.70 -> (1797, 1798)
reading input... [t=0.000136087s]
done reading input! [t=0.0268602s]
packing state variables...done! [t=0.0269078s]
Variables: 118
FactPairs: 236
Bytes per state: 16
Building successor generator...done! [t=0.0288041s]
peak memory difference for root successor generator creation: 264 KB
time for root successor generation creation: 0.00178497s
done initializing global data [t=0.0288952s]
Initializing Exploration...
Initializing landmarks count heuristic...
Generating landmarks using the RPG/SAS+ approach
approx. reasonable orders
approx. obedient reasonable orders
Removed 0 reasonable or obedient reasonable orders
Landmarks generation time: 0.0369918s
Discovered 32 landmarks, of which 4 are disjunctive and 0 are conjunctive 
69 edges
Initializing LAMA-FF synergy object
Conducting lazy best first search, (real) bound = 2147483647
15 initial landmarks, 2 goal landmarks
Switch from bucket-based to heap-based queue at key = 699, num_pushes = 190
New best heuristic value for <missing>: 17
New best heuristic value for <missing>: 11
[g=0, 1 evaluated, 0 expanded, t=0.0726669s, 6680 KB]
Initial heuristic value for <missing>: 17
Initial heuristic value for <missing>: 11
New best heuristic value for <missing>: 15
New best heuristic value for <missing>: 10
[g=1, 2 evaluated, 1 expanded, t=0.0733225s, 6680 KB]
New best heuristic value for <missing>: 10
New best heuristic value for <missing>: 9
[g=2, 3 evaluated, 2 expanded, t=0.0739003s, 6680 KB]
New best heuristic value for <missing>: 8
New best heuristic value for <missing>: 8
[g=3, 4 evaluated, 3 expanded, t=0.0744958s, 6680 KB]
New best heuristic value for <missing>: 5
[g=4, 5 evaluated, 4 expanded, t=0.0751408s, 6680 KB]
New best heuristic value for <missing>: 7
[g=4, 7 evaluated, 6 expanded, t=0.0763302s, 6680 KB]
New best heuristic value for <missing>: 4
[g=5, 8 evaluated, 7 expanded, t=0.0769711s, 6680 KB]
New best heuristic value for <missing>: 3
[g=6, 11 evaluated, 10 expanded, t=0.0787258s, 6680 KB]
New best heuristic value for <missing>: 6
[g=5, 12 evaluated, 11 expanded, t=0.0793481s, 6680 KB]
New best heuristic value for <missing>: 2
[g=7, 15 evaluated, 14 expanded, t=0.0811326s, 6680 KB]
New best heuristic value for <missing>: 5
[g=6, 20 evaluated, 19 expanded, t=0.084085s, 6680 KB]
New best heuristic value for <missing>: 4
[g=8, 21 evaluated, 20 expanded, t=0.0847178s, 6680 KB]
New best heuristic value for <missing>: 1
[g=8, 23 evaluated, 22 expanded, t=0.0859166s, 6680 KB]
New best heuristic value for <missing>: 3
[g=9, 24 evaluated, 23 expanded, t=0.0865542s, 6680 KB]
New best heuristic value for <missing>: 1
[g=10, 28 evaluated, 27 expanded, t=0.0887511s, 6680 KB]
Solution found!
Actual search time: 0.0173126s [t=0.0895013s]
get_domain id_bvrat id_bhhost str__bn (1)
creds id_bvrat id_bhhost id_adomain (1)
get_computers id_bvrat id_adomain (1)
net_use id_bvrat id_bhhost id_bahost str__bg id_tdomaincredential str__u id_sdomainuser str__robert id_adomain str__alpha id_ccshare (1)
get_admin id_bvrat id_bahost id_adomain (1)
smb_copy id_bvrat id_bhhost str__bw id_ccshare id_bhhost id_bahost whatever id_bzfile (1)
wmic id_bvrat id_bhhost id_bahost id_bzfile somepath id_tdomaincredential id_sdomainuser id_adomain str__alpha str__u id_chrat (1)
net_use id_bvrat id_bhhost id_bohost str__bu id_pdomaincredential str__q id_odomainuser str__patricia id_adomain str__alpha id_cbshare (1)
get_admin id_bvrat id_bohost id_adomain (1)
smb_copy id_bvrat id_bhhost str__bw id_cbshare id_bhhost id_bohost whatever id_bxfile (1)
wmic id_chrat id_bahost id_bohost id_bxfile somepath id_pdomaincredential id_odomainuser id_adomain str__alpha str__q id_cirat (1)
Plan length: 11 step(s).
Plan cost: 11
Expanded 29 state(s).
Reopened 0 state(s).
Evaluated 30 state(s).
Evaluations: 60
Generated 506 state(s).
Dead ends: 0 state(s).
Number of registered states: 30
Search time: 0.0173451s
Total time: 0.0895063s
Solution found.
Peak memory: 6680 KB
Running single search parser
2018-07-25 20:40:36,432 ERROR    Pattern search time limit: (\d+)s not found in /mnt/data_server/gnad/lab-data/subdominization/old_servers/f24b670/fifo-relaxed-solvable-plus-x/runs-00001-00100/00072/run.log
