INFO     Running translator.
INFO     translator input: ['domain.pddl', 'problem.pddl']
INFO     translator arguments: []
INFO     translator time limit: None
INFO     translator memory limit: None
INFO     callstring: /usr/bin/python /mnt/data_server/torralba/subdominization/training/data/training_satellite/code-70296b3db083/builds/release32/bin/translate/translate.py domain.pddl problem.pddl
Parsing...
Parsing: [0.000s CPU, 0.028s wall-clock]
Normalizing task... [0.000s CPU, 0.000s wall-clock]
Instantiating...
Generating Datalog program... [0.000s CPU, 0.001s wall-clock]
Normalizing Datalog program...
Normalizing Datalog program: [0.010s CPU, 0.026s wall-clock]
Preparing model... [0.000s CPU, 0.003s wall-clock]
Generated 31 rules.
Computing model... [0.010s CPU, 0.013s wall-clock]
432 relevant atoms
123 auxiliary atoms
555 final queue length
803 total queue pushes
Completing instantiation... [0.020s CPU, 0.016s wall-clock]
Instantiating: [0.040s CPU, 0.066s wall-clock]
Computing fact groups...
Finding invariants...
12 initial candidates
Finding invariants: [0.000s CPU, 0.003s wall-clock]
Checking invariant weight... [0.000s CPU, 0.000s wall-clock]
Instantiating groups... [0.000s CPU, 0.000s wall-clock]
Collecting mutex groups... [0.000s CPU, 0.000s wall-clock]
Choosing groups...
39 uncovered facts
Choosing groups: [0.000s CPU, 0.000s wall-clock]
Building translation key... [0.010s CPU, 0.001s wall-clock]
Computing fact groups: [0.010s CPU, 0.005s wall-clock]
Building STRIPS to SAS dictionary... [0.000s CPU, 0.000s wall-clock]
Building dictionary for full mutex groups... [0.000s CPU, 0.000s wall-clock]
Building mutex information...
Building mutex information: [0.000s CPU, 0.000s wall-clock]
Translating task...
Processing axioms...
Simplifying axioms... [0.000s CPU, 0.000s wall-clock]
Processing axioms: [0.000s CPU, 0.001s wall-clock]
Translating task: [0.010s CPU, 0.016s wall-clock]
6 effect conditions simplified
0 implied preconditions added
Detecting unreachable propositions...
0 operators removed
0 axioms removed
2 propositions removed
Detecting unreachable propositions: [0.010s CPU, 0.010s wall-clock]
Translator variables: 41
Translator derived variables: 0
Translator facts: 100
Translator goal facts: 1
Translator mutex groups: 2
Translator total mutex groups size: 22
Translator operators: 283
Translator axioms: 0
Translator task size: 1133
Translator peak memory: 44344 KB
Writing output... [0.000s CPU, 0.074s wall-clock]
Done! [0.070s CPU, 0.200s wall-clock]
INFO     Running preprocessor (release32).
INFO     preprocessor input: output.sas
INFO     preprocessor arguments: []
INFO     preprocessor time limit: None
INFO     preprocessor memory limit: None
INFO     callstring: /mnt/data_server/torralba/subdominization/training/data/training_satellite/code-70296b3db083/builds/release32/bin/preprocess < output.sas
Building causal graph...
The causal graph is not acyclic.
9 variables of 41 necessary
0 of 2 mutex groups necessary.
230 of 283 operators necessary.
0 of 0 axiom rules necessary.
Initializing mutex computation...
Mutex computation initialized with 36 fluents.
iteration for mutex detection and operator pruning
Initialize m_index fw
Initialized mvalues forward: reached=81, notReached=981, spurious=234
Initialize m_ops fw
Computing mutexes...
Mutex computation finished with reached=1054, notReached=8, spurious=234
0 operators are spurious because were not triggered
H^2 mutexes added fw: 8, unreachable: 0
0 of 230 operators detected as spurious
iteration for mutex detection and operator pruning
Initialize m_index bw
Init values regression
Initialized mvalues backward: reached=985, notReached=69, spurious=242
Initialize m_ops bw
Computing mutexes...
Mutex computation finished with reached=1054, notReached=0, spurious=242
0 operators are spurious because were not triggered
H^2 mutexes added bw: 0, unreachable: 0
0 of 230 operators detected as spurious
Total mutex and disambiguation time: 0.002874 iterations: 2
4 of 4 mutex groups necessary.
230 of 230 operators necessary.
0 of 0 axiom rules necessary.
Change id of operators: 230
Change id of mutexes
Change id of goals
Change id of initial state
Remove unreachable facts from variables: 9
4 of 4 mutex groups necessary.
230 of 230 operators necessary.
0 of 0 axiom rules necessary.
Updating causal graph and pruning unnecessary facts
9 variables of 9 of 41 necessary
The causal graph is not acyclic.
9 variables of 9 necessary
4 of 4 mutex groups necessary.
230 of 230 operators necessary.
0 of 0 axiom rules necessary.
Building domain transition graphs...
solveable in poly time 0
Building successor generator...
Preprocessor variables: 9
Preprocessor facts: 36
Preprocessor derived variables: 0
Preprocessor operators: 230
Preprocessor mutex groups: 4
Preprocessor task size: 758
Writing output...
Preprocessor time: 0.0101021s
Preprocessor peak memory: 2248 KB
done
INFO     Running search (release32).
INFO     search input: output
INFO     search arguments: ['--search', 'sbd(store_operators_in_optimal_plan=true, cost_type=1)']
INFO     search time limit: 3600s
INFO     search memory limit: 4096 MB
INFO     search executable: /mnt/data_server/torralba/subdominization/training/data/training_satellite/code-70296b3db083/builds/release32/bin/downward
INFO     callstring: /mnt/data_server/torralba/subdominization/training/data/training_satellite/code-70296b3db083/builds/release32/bin/downward --search 'sbd(store_operators_in_optimal_plan=true, cost_type=1)' --internal-plan-file sas_plan < output
time limit 3600.00 -> (3600, 3601)
reading input... [t=0.00020844s]
done reading input! [t=0.00187275s]
packing state variables...done! [t=0.00188538s]
Variables: 9
FactPairs: 36
Bytes per state: 4
Building successor generator...done! [t=0.00202946s]
done initalizing global data [t=0.0020352s]
TR(time=60000, nodes=100000)
Mutex(time=60000, nodes=100000, type=edeletion)
Aux(time=2000, nodes=1000000)
Disj(nodes=2147483647)
Estimation: min_time(1000) time_penalty +(1000)*(2) nodes_penalty +(1000)*(2)
MaxStep(time=30000, nodes=100000000, nodes_per_planning_second=100)
Ratio useful: 0
   Min alloted time: 60000 nodes: 10000000
   Max alloted time: 60000 nodes: 15000000
   Mult alloted time: 2 nodes: 2
   Ratio after relax: 0.8
building causal graph...done! [t=4.5519e-05s]
Sym variable order: 2 3 4 0 8 1 7 6 5 
Initializing Symbolic Variables
Num variables: 9 => 15
Initialize Symbolic Manager(30, 533333, 16000000, 0)
Generating binary variables
Symbolic Variables... Done.
BOUND: 1 < 2147483647, total time: 0.322246s
BOUND: 2 < 2147483647, total time: 0.322371s
BOUND: 3 < 2147483647, total time: 0.32253s
BOUND: 4 < 2147483647, total time: 0.322687s
Solution found with cost 4 total time: 0.322835s
Merging: 1
2 0.323652 1 16
Merging: 1
1 0.324957 1 16
Merging: 1
2 0.326073 1 16
Merging: 1
1 0.326799 1 16
BOUND: 4 < 4, total time: 0.327472s
Actual search time: 0.00542726s [t=0.327707s]
switch_on instrument0 satellite0 (1)
calibrate satellite0 instrument0 star3 (1)
turn_to satellite0 star10 star3 (1)
take_image satellite0 star10 instrument0 image1 (1)
Plan length: 4 step(s).
Plan cost: 4
Bytes per state: 4
Search time: 0.00896766s
Total time: 0.327721s
Solution found.
Peak memory: 270056 KB
Running single search parser
