INFO     Running translator.
INFO     translator input: ['domain.pddl', 'problem.pddl']
INFO     translator arguments: []
INFO     translator time limit: None
INFO     translator memory limit: None
INFO     callstring: /usr/bin/python /mnt/data_server/torralba/subdominization/training/data/training_satellite/code-70296b3db083/builds/release32/bin/translate/translate.py domain.pddl problem.pddl
Parsing...
Parsing: [0.000s CPU, 0.050s wall-clock]
Normalizing task... [0.000s CPU, 0.000s wall-clock]
Instantiating...
Generating Datalog program... [0.010s CPU, 0.002s wall-clock]
Normalizing Datalog program...
Normalizing Datalog program: [0.000s CPU, 0.006s wall-clock]
Preparing model... [0.000s CPU, 0.002s wall-clock]
Generated 31 rules.
Computing model... [0.020s CPU, 0.022s wall-clock]
823 relevant atoms
198 auxiliary atoms
1021 final queue length
1607 total queue pushes
Completing instantiation... [0.040s CPU, 0.034s wall-clock]
Instantiating: [0.070s CPU, 0.075s wall-clock]
Computing fact groups...
Finding invariants...
12 initial candidates
Finding invariants: [0.000s CPU, 0.003s wall-clock]
Checking invariant weight... [0.000s CPU, 0.000s wall-clock]
Instantiating groups... [0.000s CPU, 0.000s wall-clock]
Collecting mutex groups... [0.000s CPU, 0.000s wall-clock]
Choosing groups...
42 uncovered facts
Choosing groups: [0.000s CPU, 0.000s wall-clock]
Building translation key... [0.000s CPU, 0.001s wall-clock]
Computing fact groups: [0.000s CPU, 0.005s wall-clock]
Building STRIPS to SAS dictionary... [0.000s CPU, 0.000s wall-clock]
Building dictionary for full mutex groups... [0.000s CPU, 0.000s wall-clock]
Building mutex information...
Building mutex information: [0.000s CPU, 0.000s wall-clock]
Translating task...
Processing axioms...
Simplifying axioms... [0.000s CPU, 0.000s wall-clock]
Processing axioms: [0.000s CPU, 0.002s wall-clock]
Translating task: [0.040s CPU, 0.035s wall-clock]
12 effect conditions simplified
0 implied preconditions added
Detecting unreachable propositions...
0 operators removed
0 axioms removed
2 propositions removed
Detecting unreachable propositions: [0.020s CPU, 0.021s wall-clock]
Translator variables: 44
Translator derived variables: 0
Translator facts: 116
Translator goal facts: 2
Translator mutex groups: 2
Translator total mutex groups size: 32
Translator operators: 624
Translator axioms: 0
Translator task size: 2342
Translator peak memory: 45944 KB
Writing output... [0.010s CPU, 0.059s wall-clock]
Done! [0.140s CPU, 0.247s wall-clock]
INFO     Running preprocessor (release32).
INFO     preprocessor input: output.sas
INFO     preprocessor arguments: []
INFO     preprocessor time limit: None
INFO     preprocessor memory limit: None
INFO     callstring: /mnt/data_server/torralba/subdominization/training/data/training_satellite/code-70296b3db083/builds/release32/bin/preprocess < output.sas
Building causal graph...
The causal graph is not acyclic.
13 variables of 44 necessary
0 of 2 mutex groups necessary.
500 of 624 operators necessary.
0 of 0 axiom rules necessary.
Initializing mutex computation...
Mutex computation initialized with 54 fluents.
iteration for mutex detection and operator pruning
Initialize m_index fw
Initialized mvalues forward: reached=169, notReached=2245, spurious=502
Initialize m_ops fw
Computing mutexes...
Mutex computation finished with reached=2398, notReached=16, spurious=502
0 operators are spurious because were not triggered
H^2 mutexes added fw: 16, unreachable: 0
0 of 500 operators detected as spurious
iteration for mutex detection and operator pruning
Initialize m_index bw
Init values regression
Initialized mvalues backward: reached=1168, notReached=1230, spurious=518
Initialize m_ops bw
Computing mutexes...
Mutex computation finished with reached=2398, notReached=0, spurious=518
0 operators are spurious because were not triggered
H^2 mutexes added bw: 0, unreachable: 0
0 of 500 operators detected as spurious
Total mutex and disambiguation time: 0.008709 iterations: 2
8 of 8 mutex groups necessary.
500 of 500 operators necessary.
0 of 0 axiom rules necessary.
Change id of operators: 500
Change id of mutexes
Change id of goals
Change id of initial state
Remove unreachable facts from variables: 13
8 of 8 mutex groups necessary.
500 of 500 operators necessary.
0 of 0 axiom rules necessary.
Updating causal graph and pruning unnecessary facts
13 variables of 13 of 44 necessary
The causal graph is not acyclic.
13 variables of 13 necessary
8 of 8 mutex groups necessary.
500 of 500 operators necessary.
0 of 0 axiom rules necessary.
Building domain transition graphs...
solveable in poly time 0
Building successor generator...
Preprocessor variables: 13
Preprocessor facts: 54
Preprocessor derived variables: 0
Preprocessor operators: 500
Preprocessor mutex groups: 8
Preprocessor task size: 1613
Writing output...
Preprocessor time: 0.0247276s
Preprocessor peak memory: 2396 KB
done
INFO     Running search (release32).
INFO     search input: output
INFO     search arguments: ['--search', 'sbd(store_operators_in_optimal_plan=true, cost_type=1)']
INFO     search time limit: 3600s
INFO     search memory limit: 4096 MB
INFO     search executable: /mnt/data_server/torralba/subdominization/training/data/training_satellite/code-70296b3db083/builds/release32/bin/downward
INFO     callstring: /mnt/data_server/torralba/subdominization/training/data/training_satellite/code-70296b3db083/builds/release32/bin/downward --search 'sbd(store_operators_in_optimal_plan=true, cost_type=1)' --internal-plan-file sas_plan < output
time limit 3600.00 -> (3600, 3601)
reading input... [t=0.000148155s]
done reading input! [t=0.0036538s]
packing state variables...done! [t=0.00366628s]
Variables: 13
FactPairs: 54
Bytes per state: 4
Building successor generator...done! [t=0.00393334s]
done initalizing global data [t=0.00394025s]
TR(time=60000, nodes=100000)
Mutex(time=60000, nodes=100000, type=edeletion)
Aux(time=2000, nodes=1000000)
Disj(nodes=2147483647)
Estimation: min_time(1000) time_penalty +(1000)*(2) nodes_penalty +(1000)*(2)
MaxStep(time=30000, nodes=100000000, nodes_per_planning_second=100)
Ratio useful: 0
   Min alloted time: 60000 nodes: 10000000
   Max alloted time: 60000 nodes: 15000000
   Mult alloted time: 2 nodes: 2
   Ratio after relax: 0.8
building causal graph...done! [t=8.0291e-05s]
Sym variable order: 2 3 4 0 7 9 12 1 10 8 6 11 5 
Initializing Symbolic Variables
Num variables: 13 => 19
Initialize Symbolic Manager(38, 421052, 16000000, 0)
Generating binary variables
Symbolic Variables... Done.
BOUND: 1 < 2147483647, total time: 0.342877s
BOUND: 2 < 2147483647, total time: 0.34305s
BOUND: 3 < 2147483647, total time: 0.343268s
BOUND: 4 < 2147483647, total time: 0.343475s
BOUND: 5 < 2147483647, total time: 0.343703s
BOUND: 6 < 2147483647, total time: 0.34398s
Solution found with cost 6 total time: 0.344253s
Merging: 1
3 0.347204 1 74
Merging: 18
2 0.356212 1 76
Merging: 11
1 0.36439 1 50
Merging: 1
3 0.370521 1 74
Merging: 15
2 0.374724 1 68
Merging: 11
1 0.377914 1 53
BOUND: 6 < 6, total time: 0.380537s
Actual search time: 0.0379241s [t=0.380832s]
turn_to satellite0 groundstation8 star10 (1)
switch_on instrument0 satellite0 (1)
calibrate satellite0 instrument0 groundstation8 (1)
turn_to satellite0 planet15 groundstation8 (1)
take_image satellite0 planet15 instrument0 infrared1 (1)
turn_to satellite0 groundstation8 planet15 (1)
Plan length: 6 step(s).
Plan cost: 6
Bytes per state: 4
Search time: 0.0453307s
Total time: 0.380843s
Solution found.
Peak memory: 223400 KB
Running single search parser
