INFO     Running translator.
INFO     translator input: ['domain.pddl', 'problem.pddl']
INFO     translator arguments: []
INFO     translator time limit: None
INFO     translator memory limit: None
INFO     callstring: /usr/bin/python /mnt/data_server/torralba/subdominization/training/data/training_tpp/code-70296b3db083/builds/release32/bin/translate/translate.py domain.pddl problem.pddl
Parsing...
Parsing: [0.010s CPU, 0.011s wall-clock]
Normalizing task... [0.000s CPU, 0.000s wall-clock]
Instantiating...
Generating Datalog program... [0.000s CPU, 0.002s wall-clock]
Normalizing Datalog program...
Normalizing Datalog program: [0.000s CPU, 0.007s wall-clock]
Preparing model... [0.010s CPU, 0.005s wall-clock]
Generated 45 rules.
Computing model... [0.030s CPU, 0.037s wall-clock]
515 relevant atoms
1122 auxiliary atoms
1637 final queue length
1909 total queue pushes
Completing instantiation... [0.020s CPU, 0.021s wall-clock]
Instantiating: [0.070s CPU, 0.076s wall-clock]
Computing fact groups...
Finding invariants...
18 initial candidates
Finding invariants: [0.010s CPU, 0.010s wall-clock]
Checking invariant weight... [0.000s CPU, 0.001s wall-clock]
Instantiating groups... [0.010s CPU, 0.008s wall-clock]
Collecting mutex groups... [0.000s CPU, 0.000s wall-clock]
Choosing groups...
74 uncovered facts
Choosing groups: [0.000s CPU, 0.001s wall-clock]
Building translation key... [0.000s CPU, 0.001s wall-clock]
Computing fact groups: [0.020s CPU, 0.027s wall-clock]
Building STRIPS to SAS dictionary... [0.000s CPU, 0.000s wall-clock]
Building dictionary for full mutex groups... [0.000s CPU, 0.000s wall-clock]
Building mutex information...
Building mutex information: [0.000s CPU, 0.001s wall-clock]
Translating task...
Processing axioms...
Simplifying axioms... [0.000s CPU, 0.000s wall-clock]
Processing axioms: [0.010s CPU, 0.001s wall-clock]
Translating task: [0.020s CPU, 0.017s wall-clock]
0 effect conditions simplified
0 implied preconditions added
Detecting unreachable propositions...
0 operators removed
0 axioms removed
201 propositions removed
Detecting unreachable propositions: [0.010s CPU, 0.010s wall-clock]
Translator variables: 53
Translator derived variables: 0
Translator facts: 147
Translator goal facts: 9
Translator mutex groups: 53
Translator total mutex groups size: 147
Translator operators: 192
Translator axioms: 0
Translator task size: 1454
Translator peak memory: 45252 KB
Writing output... [0.000s CPU, 0.006s wall-clock]
Done! [0.130s CPU, 0.149s wall-clock]
INFO     Running preprocessor (release32).
INFO     preprocessor input: output.sas
INFO     preprocessor arguments: []
INFO     preprocessor time limit: None
INFO     preprocessor memory limit: None
INFO     callstring: /mnt/data_server/torralba/subdominization/training/data/training_tpp/code-70296b3db083/builds/release32/bin/preprocess < output.sas
Building causal graph...
The causal graph is not acyclic.
53 variables of 53 necessary
0 of 53 mutex groups necessary.
192 of 192 operators necessary.
0 of 0 axiom rules necessary.
Initializing mutex computation...
Mutex computation initialized with 147 fluents.
iteration for mutex detection and operator pruning
Initialize m_index fw
Initialized mvalues forward: reached=2809, notReached=18500, spurious=300
Initialize m_ops fw
Computing mutexes...
Mutex computation finished with reached=16116, notReached=5193, spurious=300
58 operators are spurious because were not triggered
Unreachable proposition: Atom ready-to-load(goods9, market1, level2)
Unreachable proposition: Atom ready-to-load(goods9, market4, level2)
Unreachable proposition: Atom ready-to-load(goods8, market2, level2)
Unreachable proposition: Atom ready-to-load(goods8, market4, level2)
Unreachable proposition: Atom ready-to-load(goods7, market4, level2)
Unreachable proposition: Atom ready-to-load(goods7, market5, level2)
Unreachable proposition: Atom ready-to-load(goods6, market1, level2)
Unreachable proposition: Atom ready-to-load(goods6, market3, level2)
Unreachable proposition: Atom ready-to-load(goods5, market1, level2)
Unreachable proposition: Atom ready-to-load(goods5, market4, level2)
Unreachable proposition: Atom ready-to-load(goods4, market4, level2)
Unreachable proposition: Atom loaded(goods4, truck1, level2)
Unreachable proposition: Atom stored(goods4, level2)
Unreachable proposition: Atom ready-to-load(goods3, market4, level2)
Unreachable proposition: Atom ready-to-load(goods3, market6, level2)
Unreachable proposition: Atom ready-to-load(goods2, market3, level2)
Unreachable proposition: Atom ready-to-load(goods2, market4, level2)
Unreachable proposition: Atom ready-to-load(goods1, market2, level2)
Unreachable proposition: Atom ready-to-load(goods1, market3, level2)
H^2 mutexes added fw: 44, unreachable: 19
0 of 134 operators detected as spurious
iteration for mutex detection and operator pruning
Initialize m_index bw
Init values regression
Initialized mvalues backward: reached=11464, notReached=4652, spurious=5493
Initialize m_ops bw
Computing mutexes...
Mutex computation finished with reached=14401, notReached=1715, spurious=5493
28 operators are spurious because were not triggered
Unreachable proposition: Atom stored(goods9, level2)
Unreachable proposition: Atom stored(goods8, level2)
Unreachable proposition: Atom stored(goods7, level2)
Unreachable proposition: Atom stored(goods5, level2)
Unreachable proposition: Atom stored(goods3, level2)
Unreachable proposition: Atom stored(goods2, level2)
Unreachable proposition: Atom stored(goods1, level2)
H^2 mutexes added bw: 0, unreachable: 7
0 of 106 operators detected as spurious
iteration for mutex detection and operator pruning
Initialize m_index fw
Initialized mvalues forward: reached=2809, notReached=11592, spurious=7208
Initialize m_ops fw
Computing mutexes...
Mutex computation finished with reached=14401, notReached=0, spurious=7208
0 operators are spurious because were not triggered
H^2 mutexes added fw: 0, unreachable: 0
0 of 106 operators detected as spurious
Total mutex and disambiguation time: 0.012017 iterations: 3
22 of 22 mutex groups necessary.
106 of 192 operators necessary.
0 of 0 axiom rules necessary.
Change id of operators: 106
Change id of mutexes
Change id of goals
Change id of initial state
Remove unreachable facts from variables: 53
22 of 22 mutex groups necessary.
106 of 106 operators necessary.
0 of 0 axiom rules necessary.
Updating causal graph and pruning unnecessary facts
53 variables of 53 of 53 necessary
The causal graph is not acyclic.
53 variables of 53 necessary
22 of 22 mutex groups necessary.
106 of 106 operators necessary.
0 of 0 axiom rules necessary.
Building domain transition graphs...
solveable in poly time 0
Building successor generator...
Preprocessor variables: 53
Preprocessor facts: 121
Preprocessor derived variables: 0
Preprocessor operators: 106
Preprocessor mutex groups: 22
Preprocessor task size: 809
Writing output...
Preprocessor time: 0.0213201s
Preprocessor peak memory: 2228 KB
done
INFO     Running search (release32).
INFO     search input: output
INFO     search arguments: ['--search', 'sbd(store_operators_in_optimal_plan=true, cost_type=1)']
INFO     search time limit: 3600s
INFO     search memory limit: 4096 MB
INFO     search executable: /mnt/data_server/torralba/subdominization/training/data/training_tpp/code-70296b3db083/builds/release32/bin/downward
INFO     callstring: /mnt/data_server/torralba/subdominization/training/data/training_tpp/code-70296b3db083/builds/release32/bin/downward --search 'sbd(store_operators_in_optimal_plan=true, cost_type=1)' --internal-plan-file sas_plan < output
time limit 3600.00 -> (3600, 3601)
reading input... [t=0.000124756s]
done reading input! [t=0.00188271s]
packing state variables...done! [t=0.00189912s]
Variables: 53
FactPairs: 121
Bytes per state: 8
Building successor generator...done! [t=0.00217951s]
done initalizing global data [t=0.00218482s]
TR(time=60000, nodes=100000)
Mutex(time=60000, nodes=100000, type=edeletion)
Aux(time=2000, nodes=1000000)
Disj(nodes=2147483647)
Estimation: min_time(1000) time_penalty +(1000)*(2) nodes_penalty +(1000)*(2)
MaxStep(time=30000, nodes=100000000, nodes_per_planning_second=100)
Ratio useful: 0
   Min alloted time: 60000 nodes: 10000000
   Max alloted time: 60000 nodes: 15000000
   Mult alloted time: 2 nodes: 2
   Ratio after relax: 0.8
building causal graph...done! [t=0.000199617s]
Sym variable order: 34 33 32 31 20 22 24 23 21 19 13 15 18 17 16 14 41 43 45 46 44 42 26 28 30 29 0 27 25 47 49 51 52 50 48 2 4 6 5 3 1 35 37 40 39 38 36 8 10 11 12 9 7 
Initializing Symbolic Variables
Num variables: 53 => 64
Initialize Symbolic Manager(128, 125000, 16000000, 0)
Generating binary variables
Symbolic Variables... Done.
BOUND: 1 < 2147483647, total time: 0.609746s
BOUND: 2 < 2147483647, total time: 0.609963s
BOUND: 3 < 2147483647, total time: 0.610455s
BOUND: 4 < 2147483647, total time: 0.61064s
BOUND: 5 < 2147483647, total time: 0.61099s
BOUND: 6 < 2147483647, total time: 0.61153s
BOUND: 7 < 2147483647, total time: 0.612405s
BOUND: 8 < 2147483647, total time: 0.613118s
BOUND: 9 < 2147483647, total time: 0.614928s
BOUND: 10 < 2147483647, total time: 0.616121s
BOUND: 11 < 2147483647, total time: 0.619606s
BOUND: 12 < 2147483647, total time: 0.621591s
BOUND: 13 < 2147483647, total time: 0.624267s
BOUND: 14 < 2147483647, total time: 0.629449s
BOUND: 15 < 2147483647, total time: 0.634028s
BOUND: 16 < 2147483647, total time: 0.640967s
BOUND: 17 < 2147483647, total time: 0.646785s
BOUND: 18 < 2147483647, total time: 0.657716s
BOUND: 19 < 2147483647, total time: 0.665928s
BOUND: 20 < 2147483647, total time: 0.682965s
BOUND: 21 < 2147483647, total time: 0.693634s
BOUND: 22 < 2147483647, total time: 0.707249s
BOUND: 23 < 2147483647, total time: 0.731761s
BOUND: 24 < 2147483647, total time: 0.750808s
BOUND: 25 < 2147483647, total time: 0.785558s
BOUND: 26 < 2147483647, total time: 0.808408s
BOUND: 27 < 2147483647, total time: 0.835314s
BOUND: 28 < 2147483647, total time: 0.882316s
BOUND: 29 < 2147483647, total time: 0.9194s
BOUND: 30 < 2147483647, total time: 0.981814s
BOUND: 31 < 2147483647, total time: 1.02584s
BOUND: 32 < 2147483647, total time: 1.07019s
BOUND: 33 < 2147483647, total time: 1.16245s
BOUND: 34 < 2147483647, total time: 1.2223s
BOUND: 35 < 2147483647, total time: 1.27543s
BOUND: 36 < 2147483647, total time: 1.33275s
Solution found with cost 36 total time: 1.42485s
Merging: 1
21 1.44459 1 273
Merging: 9
20 1.45378 1 339
Merging: 13
19 1.4632 1 354
Merging: 12
18 1.4734 1 351
Merging: 13
17 1.48415 1 333
Merging: 10
16 1.49407 1 309
Merging: 9
15 1.50335 1 333
Merging: 15
14 1.5135 1 401
Merging: 22
13 1.52727 1 466
Merging: 22
12 1.54279 1 486
Merging: 22
11 1.55941 1 494
Merging: 22
10 1.57628 1 488
Merging: 19
9 1.59233 1 455
Merging: 16
8 1.60758 1 439
Merging: 16
7 1.62203 1 402
Merging: 15
6 1.63542 1 368
Merging: 15
5 1.6472 1 303
Merging: 14
4 1.65743 1 253
Merging: 14
3 1.66486 1 200
Merging: 14
2 1.67098 1 126
Merging: 7
1 1.67398 1 65
Merging: 1
15 1.67525 1 273
Merging: 7
14 1.67892 1 211
Merging: 7
13 1.68002 1 186
Merging: 4
12 1.68129 1 126
Merging: 2
11 1.68201 1 98
Merging: 1
10 1.68265 1 98
Merging: 9
9 1.68406 1 209
Merging: 10
8 1.68618 1 299
Merging: 10
7 1.68867 1 372
Merging: 10
6 1.69134 1 423
Merging: 10
5 1.69402 1 438
Merging: 10
4 1.69651 1 423
Merging: 10
3 1.69865 1 372
Merging: 10
2 1.70026 1 299
Merging: 10
1 1.70135 1 208
BOUND: 36 < 36, total time: 1.70194s
Actual search time: 1.13828s [t=1.74809s]
drive truck1 depot1 market4 (1)
buy truck1 goods8 market4 level0 level1 level0 level1 (1)
load goods8 truck1 market4 level0 level1 level0 level1 (1)
buy truck1 goods7 market4 level0 level1 level0 level1 (1)
load goods7 truck1 market4 level0 level1 level0 level1 (1)
buy truck1 goods4 market4 level0 level1 level0 level1 (1)
load goods4 truck1 market4 level0 level1 level0 level1 (1)
buy truck1 goods3 market4 level0 level1 level0 level1 (1)
load goods3 truck1 market4 level0 level1 level0 level1 (1)
drive truck1 market4 market6 (1)
drive truck1 market6 market3 (1)
buy truck1 goods6 market3 level0 level1 level0 level1 (1)
load goods6 truck1 market3 level0 level1 level0 level1 (1)
buy truck1 goods2 market3 level0 level1 level0 level1 (1)
load goods2 truck1 market3 level0 level1 level0 level1 (1)
buy truck1 goods1 market3 level0 level1 level0 level1 (1)
load goods1 truck1 market3 level0 level1 level0 level1 (1)
drive truck1 market3 market1 (1)
buy truck1 goods9 market1 level0 level1 level0 level1 (1)
buy truck1 goods6 market1 level0 level1 level0 level1 (1)
buy truck1 goods5 market1 level0 level1 level0 level1 (1)
load goods5 truck1 market1 level0 level1 level0 level1 (1)
load goods6 truck1 market1 level0 level1 level1 level2 (1)
load goods9 truck1 market1 level0 level1 level0 level1 (1)
drive truck1 market1 market5 (1)
drive truck1 market5 depot2 (1)
unload goods1 truck1 depot2 level0 level1 level0 level1 (1)
unload goods2 truck1 depot2 level0 level1 level0 level1 (1)
unload goods3 truck1 depot2 level0 level1 level0 level1 (1)
unload goods4 truck1 depot2 level0 level1 level0 level1 (1)
unload goods5 truck1 depot2 level0 level1 level0 level1 (1)
unload goods6 truck1 depot2 level1 level2 level0 level1 (1)
unload goods6 truck1 depot2 level0 level1 level1 level2 (1)
unload goods7 truck1 depot2 level0 level1 level0 level1 (1)
unload goods8 truck1 depot2 level0 level1 level0 level1 (1)
unload goods9 truck1 depot2 level0 level1 level0 level1 (1)
Plan length: 36 step(s).
Plan cost: 36
Bytes per state: 8
Search time: 1.1499s
Total time: 1.7481s
Solution found.
Peak memory: 222100 KB
Running single search parser
