INFO     Running translator.
INFO     translator input: ['domain.pddl', 'problem.pddl']
INFO     translator arguments: []
INFO     translator time limit: None
INFO     translator memory limit: None
INFO     callstring: /usr/bin/python /mnt/data_server/torralba/subdominization/training/data/training_agricola/code-70296b3db083/builds/release32/bin/translate/translate.py domain.pddl problem.pddl
Parsing...
Parsing: [0.030s CPU, 0.050s wall-clock]
Normalizing task... [0.000s CPU, 0.001s wall-clock]
Instantiating...
Generating Datalog program... [0.010s CPU, 0.006s wall-clock]
Normalizing Datalog program...
Normalizing Datalog program: [0.010s CPU, 0.020s wall-clock]
Preparing model... [0.020s CPU, 0.015s wall-clock]
Generated 258 rules.
Computing model... [0.510s CPU, 0.528s wall-clock]
13036 relevant atoms
1326 auxiliary atoms
14362 final queue length
48311 total queue pushes
Completing instantiation... [2.840s CPU, 2.860s wall-clock]
Instantiating: [3.390s CPU, 3.682s wall-clock]
Computing fact groups...
Finding invariants...
44 initial candidates
Finding invariants: [0.090s CPU, 0.094s wall-clock]
Checking invariant weight... [0.000s CPU, 0.000s wall-clock]
Instantiating groups... [0.000s CPU, 0.002s wall-clock]
Collecting mutex groups... [0.000s CPU, 0.000s wall-clock]
Choosing groups...
104 uncovered facts
Choosing groups: [0.000s CPU, 0.000s wall-clock]
Building translation key... [0.000s CPU, 0.001s wall-clock]
Computing fact groups: [0.100s CPU, 0.100s wall-clock]
Building STRIPS to SAS dictionary... [0.000s CPU, 0.000s wall-clock]
Building dictionary for full mutex groups... [0.000s CPU, 0.000s wall-clock]
Building mutex information...
Building mutex information: [0.000s CPU, 0.000s wall-clock]
Translating task...
Processing axioms...
Simplifying axioms... [0.000s CPU, 0.000s wall-clock]
Processing axioms: [0.090s CPU, 0.090s wall-clock]
Translating task: [2.070s CPU, 2.091s wall-clock]
13517 effect conditions simplified
0 implied preconditions added
Detecting unreachable propositions...
0 operators removed
0 axioms removed
33 propositions removed
Detecting unreachable propositions: [1.000s CPU, 0.998s wall-clock]
Translator variables: 98
Translator derived variables: 0
Translator facts: 215
Translator goal facts: 1
Translator mutex groups: 5
Translator total mutex groups size: 29
Translator operators: 12439
Translator axioms: 0
Translator task size: 138760
Translator peak memory: 171316 KB
Writing output... [0.280s CPU, 0.332s wall-clock]
Done! [6.930s CPU, 7.316s wall-clock]
INFO     Running preprocessor (release32).
INFO     preprocessor input: output.sas
INFO     preprocessor arguments: []
INFO     preprocessor time limit: None
INFO     preprocessor memory limit: None
INFO     callstring: /mnt/data_server/torralba/subdominization/training/data/training_agricola/code-70296b3db083/builds/release32/bin/preprocess < output.sas
Building causal graph...
The causal graph is not acyclic.
92 variables of 98 necessary
0 of 5 mutex groups necessary.
12439 of 12439 operators necessary.
0 of 0 axiom rules necessary.
Initializing mutex computation...
Mutex computation initialized with 203 fluents.
iteration for mutex detection and operator pruning
Initialize m_index fw
Initialized mvalues forward: reached=8464, notReached=32271, spurious=474
Initialize m_ops fw
Computing mutexes...
Mutex computation finished with reached=36213, notReached=4522, spurious=474
7436 operators are spurious because were not triggered
Unreachable proposition: Atom harvest_phase(stage4, harvest_feeding)
Unreachable proposition: Atom harvest_phase(stage4, harvest_breeding)
H^2 mutexes added fw: 3718, unreachable: 2
0 of 5003 operators detected as spurious
iteration for mutex detection and operator pruning
Initialize m_index bw
Init values regression
Initialized mvalues backward: reached=23561, notReached=12652, spurious=4996
Initialize m_ops bw
Computing mutexes...
Mutex computation finished with reached=36189, notReached=24, spurious=4996
0 operators are spurious because were not triggered
H^2 mutexes added bw: 24, unreachable: 0
0 of 5003 operators detected as spurious
iteration for mutex detection and operator pruning
Initialize m_index fw
Initialized mvalues forward: reached=8464, notReached=27725, spurious=5020
Initialize m_ops fw
Computing mutexes...
Mutex computation finished with reached=36189, notReached=0, spurious=5020
0 operators are spurious because were not triggered
H^2 mutexes added fw: 0, unreachable: 0
0 of 5003 operators detected as spurious
Total mutex and disambiguation time: 2.03963 iterations: 3
1871 of 1871 mutex groups necessary.
5003 of 12439 operators necessary.
0 of 0 axiom rules necessary.
Change id of operators: 5003
Change id of mutexes
Change id of goals
Change id of initial state
Remove unreachable facts from variables: 92
1871 of 1871 mutex groups necessary.
5003 of 5003 operators necessary.
0 of 0 axiom rules necessary.
Updating causal graph and pruning unnecessary facts
90 variables of 92 of 98 necessary
The causal graph is not acyclic.
89 variables of 90 necessary
1820 of 1871 mutex groups necessary.
5003 of 5003 operators necessary.
0 of 0 axiom rules necessary.
Building domain transition graphs...
solveable in poly time 0
Building successor generator...
Preprocessor variables: 89
Preprocessor facts: 197
Preprocessor derived variables: 0
Preprocessor operators: 5003
Preprocessor mutex groups: 1820
Preprocessor task size: 55708
Writing output...
Preprocessor time: 2.58153s
Preprocessor peak memory: 32464 KB
done
INFO     Running search (release32).
INFO     search input: output
INFO     search arguments: ['--search', 'sbw(store_operators_in_optimal_plan=true, cost_type=1)']
INFO     search time limit: 3600s
INFO     search memory limit: 4096 MB
INFO     search executable: /mnt/data_server/torralba/subdominization/training/data/training_agricola/code-70296b3db083/builds/release32/bin/downward
INFO     callstring: /mnt/data_server/torralba/subdominization/training/data/training_agricola/code-70296b3db083/builds/release32/bin/downward --search 'sbw(store_operators_in_optimal_plan=true, cost_type=1)' --internal-plan-file sas_plan < output
time limit 3600.00 -> (3600, 3601)
reading input... [t=0.0001487s]
done reading input! [t=0.0825192s]
packing state variables...done! [t=0.0825568s]
Variables: 89
FactPairs: 197
Bytes per state: 12
Building successor generator...done! [t=0.107586s]
done initalizing global data [t=0.107614s]
TR(time=60000, nodes=100000)
Mutex(time=60000, nodes=100000, type=edeletion)
Aux(time=2000, nodes=1000000)
Disj(nodes=2147483647)
Estimation: min_time(1000) time_penalty +(1000)*(2) nodes_penalty +(1000)*(2)
MaxStep(time=30000, nodes=100000000, nodes_per_planning_second=100)
Ratio useful: 0
   Min alloted time: 60000 nodes: 10000000
   Max alloted time: 60000 nodes: 15000000
   Mult alloted time: 2 nodes: 2
   Ratio after relax: 0.8
building causal graph...done! [t=0.00846063s]
Sym variable order: 4 0 13 18 16 17 14 15 24 12 32 36 37 38 40 35 34 33 58 73 57 69 71 42 44 43 45 83 55 61 67 68 85 23 74 75 25 9 66 86 56 29 27 28 26 41 59 60 39 31 30 22 65 21 20 63 64 70 72 62 52 54 87 53 76 78 77 84 3 2 82 11 10 1 8 7 19 79 81 80 48 47 46 51 50 49 6 5 88 
Initializing Symbolic Variables
Num variables: 89 => 95
Initialize Symbolic Manager(190, 84210, 16000000, 0)
Generating binary variables
Symbolic Variables... Done.
BOUND: 1 < 2147483647, total time: 1.87944s
BOUND: 2 < 2147483647, total time: 1.88583s
BOUND: 3 < 2147483647, total time: 1.88739s
BOUND: 4 < 2147483647, total time: 1.88885s
BOUND: 5 < 2147483647, total time: 1.89056s
BOUND: 6 < 2147483647, total time: 1.8929s
BOUND: 7 < 2147483647, total time: 1.89815s
BOUND: 8 < 2147483647, total time: 1.91939s
BOUND: 9 < 2147483647, total time: 1.96038s
BOUND: 10 < 2147483647, total time: 2.01172s
BOUND: 11 < 2147483647, total time: 2.04012s
BOUND: 12 < 2147483647, total time: 2.06553s
BOUND: 13 < 2147483647, total time: 2.10155s
BOUND: 14 < 2147483647, total time: 2.17387s
BOUND: 15 < 2147483647, total time: 2.25727s
BOUND: 16 < 2147483647, total time: 2.32024s
BOUND: 17 < 2147483647, total time: 2.34505s
BOUND: 18 < 2147483647, total time: 2.35133s
BOUND: 19 < 2147483647, total time: 2.35898s
BOUND: 20 < 2147483647, total time: 2.37121s
BOUND: 21 < 2147483647, total time: 2.3987s
BOUND: 22 < 2147483647, total time: 2.44035s
BOUND: 23 < 2147483647, total time: 2.49254s
BOUND: 24 < 2147483647, total time: 2.55786s
BOUND: 25 < 2147483647, total time: 2.6619s
BOUND: 26 < 2147483647, total time: 2.75607s
BOUND: 27 < 2147483647, total time: 2.81634s
BOUND: 28 < 2147483647, total time: 2.84979s
BOUND: 29 < 2147483647, total time: 2.89509s
BOUND: 30 < 2147483647, total time: 2.96777s
BOUND: 31 < 2147483647, total time: 3.03383s
BOUND: 32 < 2147483647, total time: 3.07082s
BOUND: 33 < 2147483647, total time: 3.08102s
BOUND: 34 < 2147483647, total time: 3.08692s
BOUND: 35 < 2147483647, total time: 3.09763s
BOUND: 36 < 2147483647, total time: 3.11254s
BOUND: 37 < 2147483647, total time: 3.12224s
BOUND: 38 < 2147483647, total time: 3.12861s
BOUND: 39 < 2147483647, total time: 3.13436s
BOUND: 40 < 2147483647, total time: 3.1407s
BOUND: 41 < 2147483647, total time: 3.14471s
BOUND: 42 < 2147483647, total time: 3.14698s
BOUND: 43 < 2147483647, total time: 3.15094s
BOUND: 44 < 2147483647, total time: 3.15938s
BOUND: 45 < 2147483647, total time: 3.16943s
BOUND: 46 < 2147483647, total time: 3.1788s
BOUND: 47 < 2147483647, total time: 3.18459s
BOUND: 48 < 2147483647, total time: 3.18897s
BOUND: 49 < 2147483647, total time: 3.1935s
BOUND: 50 < 2147483647, total time: 3.1994s
BOUND: 51 < 2147483647, total time: 3.20512s
BOUND: 52 < 2147483647, total time: 3.21002s
BOUND: 53 < 2147483647, total time: 3.21395s
Solution found with cost 53 total time: 3.2171s
Merging: 1
53 3.57618 1 96
Merging: 8
52 3.59075 1 252
Merging: 8
51 3.61984 1 216
Merging: 1
50 3.64389 1 216
Merging: 4
49 3.66581 1 122
Merging: 1
48 3.68424 1 122
Merging: 8
47 3.7044 1 379
Merging: 8
46 3.74452 1 314
Merging: 1
45 3.77288 1 314
Merging: 4
44 3.80214 1 143
Merging: 1
43 3.82153 1 143
Merging: 11
42 3.84466 1 495
Merging: 11
41 3.89278 1 411
Merging: 1
40 3.92362 1 411
Merging: 4
39 3.95722 1 162
Merging: 1
38 3.97698 1 162
Merging: 14
37 4.00126 1 691
Merging: 14
36 4.05739 1 589
Merging: 1
35 4.09003 1 589
Merging: 4
34 4.12481 1 193
Merging: 1
33 4.14895 1 193
Merging: 1
32 4.17282 1 193
Merging: 1
31 4.19673 1 193
Merging: 1
30 4.22051 1 193
Merging: 20
29 4.24723 1 1055
Merging: 20
28 4.326 1 2676
Merging: 1
27 4.43911 1 2676
Merging: 4
26 4.59107 1 346
Merging: 1
25 4.61273 1 346
Merging: 22
24 4.6398 1 1278
Merging: 34
23 4.7073 1 1823
Merging: 1
22 4.75393 1 1823
Merging: 4
21 4.81271 1 566
Merging: 1
20 4.83406 1 566
Merging: 47
19 4.86819 1 1533
Merging: 46
18 4.9463 1 2191
Merging: 1
17 5.00139 1 2191
Merging: 4
16 5.06681 1 439
Merging: 1
15 5.09248 1 439
Merging: 7
14 5.11792 1 426
Merging: 1
13 5.14648 1 426
Merging: 1
12 5.17087 1 426
Merging: 59
11 5.20607 1 2321
Merging: 81
10 5.33451 1 7186
Merging: 1
9 5.48009 1 7186
Merging: 4
8 5.68671 1 998
Merging: 1
7 5.71269 1 998
Merging: 101
6 5.77078 1 3783
Merging: 98
5 5.98161 1 9038
Merging: 2
4 6.16297 1 9036
Merging: 4
3 6.40236 1 950
Merging: 1
2 6.43908 1 950
Merging: 20
1 6.47619 1 934
BOUND: 53 < 53, total time: 6.51304s
Actual search time: 4.6364s [t=6.5159s]
collect_resource worker2 worker1 worker2 round1 act_clay clay (60)
take_food worker1 noworker worker2 round1 num0 num1 (60)
ag__finish_round_backhome round1 worker2 (1)
ag__finish_round_renew round1 noworker (1)
ag__advance_round_normal round1 round2 act_family (1)
collect_resource worker2 worker1 worker2 round2 act_clay clay (60)
take_food worker1 noworker worker2 round2 num1 num2 (60)
ag__finish_round_backhome round2 worker2 (1)
ag__finish_round_renew round2 noworker (1)
ag__advance_round_normal round2 round3 act_sheep (1)
collect_resource worker2 worker1 worker2 round3 act_clay clay (60)
take_food worker1 noworker worker2 round3 num2 num3 (60)
ag__finish_round_backhome round3 worker2 (1)
ag__finish_round_renew round3 noworker (1)
ag__advance_round_normal round3 round4 act_fences (1)
build_fences boar worker2 worker1 worker2 round4 (60)
take_food worker1 noworker worker2 round4 num3 num4 (60)
ag__finish_round_backhome round4 worker2 (1)
ag__finish_round_renew round4 noworker (1)
ag__harvest_collect_end round4 stage1 (1)
ag__harvest_feed round4 stage1 worker2 num4 num4 num0 (1)
ag__harvest_breed_end round4 stage1 (1)
ag__finish_stage stage1 stage2 round4 round5 act_cattle (1)
build_fences boar worker2 worker1 worker2 round5 (60)
collect_animal boar act_sheep worker1 noworker worker2 round5 (60)
ag__finish_round_backhome round5 worker2 (1)
ag__finish_round_renew round5 noworker (1)
ag__advance_round_normal round5 round6 act_improve (1)
collect_resource worker2 worker1 worker2 round6 act_stone stone (60)
improve_home worker1 noworker worker2 round6 fireplace (60)
ag__finish_round_backhome round6 worker2 (1)
ag__finish_round_renew round6 noworker (1)
ag__advance_round_normal round6 round7 act_carrot (1)
collect_cook_animal boar act_cattle worker2 worker1 worker2 round7 num0 num2 (60)
collect_cook_animal boar act_sheep worker1 noworker worker2 round7 num2 num4 (60)
ag__finish_round_backhome round7 worker2 (1)
ag__finish_round_renew round7 noworker (1)
ag__harvest_collect_end round7 stage2 (1)
ag__harvest_feed round7 stage2 worker2 num4 num4 num0 (1)
ag__harvest_breed_end round7 stage2 (1)
ag__finish_stage stage2 stage3 round7 round8 act_boar (1)
build_fences boar worker2 worker1 worker2 round8 (60)
collect_animal boar act_sheep worker1 noworker worker2 round8 (60)
ag__finish_round_backhome round8 worker2 (1)
ag__finish_round_renew round8 noworker (1)
ag__advance_round_normal round8 round9 void (1)
collect_cook_animal boar act_boar worker2 worker1 worker2 round9 num0 num2 (60)
collect_cook_animal boar act_sheep worker1 noworker worker2 round9 num2 num4 (60)
ag__finish_round_backhome round9 worker2 (1)
ag__finish_round_renew round9 noworker (1)
ag__harvest_collect_end round9 stage3 (1)
ag__harvest_feed round9 stage3 worker2 num4 num4 num0 (1)
ag__harvest_breed_end round9 stage3 (1)
Plan length: 53 step(s).
Plan cost: 1115
Bytes per state: 12
Search time: 5.08893s
Total time: 6.51591s
Solution found.
Peak memory: 298952 KB
Running single search parser
