INFO     Running translator.
INFO     translator input: ['domain.pddl', 'problem.pddl']
INFO     translator arguments: []
INFO     translator time limit: None
INFO     translator memory limit: None
INFO     callstring: /usr/bin/python /mnt/data_server/torralba/subdominization/training/data/training_tpp/code-70296b3db083/builds/release32/bin/translate/translate.py domain.pddl problem.pddl
Parsing...
Parsing: [0.010s CPU, 0.012s wall-clock]
Normalizing task... [0.000s CPU, 0.000s wall-clock]
Instantiating...
Generating Datalog program... [0.000s CPU, 0.002s wall-clock]
Normalizing Datalog program...
Normalizing Datalog program: [0.010s CPU, 0.007s wall-clock]
Preparing model... [0.010s CPU, 0.006s wall-clock]
Generated 45 rules.
Computing model... [0.050s CPU, 0.047s wall-clock]
671 relevant atoms
1489 auxiliary atoms
2160 final queue length
2512 total queue pushes
Completing instantiation... [0.020s CPU, 0.026s wall-clock]
Instantiating: [0.090s CPU, 0.102s wall-clock]
Computing fact groups...
Finding invariants...
18 initial candidates
Finding invariants: [0.010s CPU, 0.010s wall-clock]
Checking invariant weight... [0.010s CPU, 0.002s wall-clock]
Instantiating groups... [0.010s CPU, 0.013s wall-clock]
Collecting mutex groups... [0.000s CPU, 0.001s wall-clock]
Choosing groups...
110 uncovered facts
Choosing groups: [0.000s CPU, 0.001s wall-clock]
Building translation key... [0.000s CPU, 0.002s wall-clock]
Computing fact groups: [0.040s CPU, 0.035s wall-clock]
Building STRIPS to SAS dictionary... [0.000s CPU, 0.001s wall-clock]
Building dictionary for full mutex groups... [0.000s CPU, 0.001s wall-clock]
Building mutex information...
Building mutex information: [0.000s CPU, 0.001s wall-clock]
Translating task...
Processing axioms...
Simplifying axioms... [0.000s CPU, 0.000s wall-clock]
Processing axioms: [0.000s CPU, 0.001s wall-clock]
Translating task: [0.020s CPU, 0.022s wall-clock]
0 effect conditions simplified
0 implied preconditions added
Detecting unreachable propositions...
0 operators removed
0 axioms removed
287 propositions removed
Detecting unreachable propositions: [0.010s CPU, 0.013s wall-clock]
Translator variables: 67
Translator derived variables: 0
Translator facts: 185
Translator goal facts: 11
Translator mutex groups: 67
Translator total mutex groups size: 185
Translator operators: 250
Translator axioms: 0
Translator task size: 1858
Translator peak memory: 45772 KB
Writing output... [0.010s CPU, 0.008s wall-clock]
Done! [0.180s CPU, 0.197s wall-clock]
INFO     Running preprocessor (release32).
INFO     preprocessor input: output.sas
INFO     preprocessor arguments: []
INFO     preprocessor time limit: None
INFO     preprocessor memory limit: None
INFO     callstring: /mnt/data_server/torralba/subdominization/training/data/training_tpp/code-70296b3db083/builds/release32/bin/preprocess < output.sas
Building causal graph...
The causal graph is not acyclic.
67 variables of 67 necessary
0 of 67 mutex groups necessary.
250 of 250 operators necessary.
0 of 0 axiom rules necessary.
Initializing mutex computation...
Mutex computation initialized with 185 fluents.
iteration for mutex detection and operator pruning
Initialize m_index fw
Initialized mvalues forward: reached=4489, notReached=29356, spurious=380
Initialize m_ops fw
Computing mutexes...
Mutex computation finished with reached=26233, notReached=7612, spurious=380
66 operators are spurious because were not triggered
Unreachable proposition: Atom ready-to-load(goods9, market1, level2)
Unreachable proposition: Atom ready-to-load(goods9, market2, level2)
Unreachable proposition: Atom ready-to-load(goods8, market2, level2)
Unreachable proposition: Atom ready-to-load(goods8, market3, level2)
Unreachable proposition: Atom ready-to-load(goods7, market2, level2)
Unreachable proposition: Atom ready-to-load(goods7, market5, level2)
Unreachable proposition: Atom ready-to-load(goods6, market2, level2)
Unreachable proposition: Atom ready-to-load(goods6, market7, level2)
Unreachable proposition: Atom ready-to-load(goods5, market2, level2)
Unreachable proposition: Atom ready-to-load(goods5, market6, level2)
Unreachable proposition: Atom ready-to-load(goods4, market2, level2)
Unreachable proposition: Atom ready-to-load(goods4, market3, level2)
Unreachable proposition: Atom ready-to-load(goods3, market1, level2)
Unreachable proposition: Atom ready-to-load(goods3, market2, level2)
Unreachable proposition: Atom ready-to-load(goods2, market2, level2)
Unreachable proposition: Atom ready-to-load(goods2, market4, level2)
Unreachable proposition: Atom ready-to-load(goods11, market2, level2)
Unreachable proposition: Atom ready-to-load(goods11, market3, level2)
Unreachable proposition: Atom ready-to-load(goods10, market1, level2)
Unreachable proposition: Atom ready-to-load(goods10, market2, level2)
Unreachable proposition: Atom ready-to-load(goods1, market2, level2)
Unreachable proposition: Atom ready-to-load(goods1, market5, level2)
H^2 mutexes added fw: 44, unreachable: 22
0 of 184 operators detected as spurious
iteration for mutex detection and operator pruning
Initialize m_index bw
Init values regression
Initialized mvalues backward: reached=19611, notReached=6622, spurious=7992
Initialize m_ops bw
Computing mutexes...
Mutex computation finished with reached=23721, notReached=2512, spurious=7992
32 operators are spurious because were not triggered
Unreachable proposition: Atom stored(goods9, level2)
Unreachable proposition: Atom stored(goods8, level2)
Unreachable proposition: Atom stored(goods7, level2)
Unreachable proposition: Atom stored(goods5, level2)
Unreachable proposition: Atom stored(goods4, level2)
Unreachable proposition: Atom stored(goods3, level2)
Unreachable proposition: Atom stored(goods2, level2)
Unreachable proposition: Atom stored(goods10, level2)
H^2 mutexes added bw: 0, unreachable: 8
0 of 152 operators detected as spurious
iteration for mutex detection and operator pruning
Initialize m_index fw
Initialized mvalues forward: reached=4489, notReached=19232, spurious=10504
Initialize m_ops fw
Computing mutexes...
Mutex computation finished with reached=23721, notReached=0, spurious=10504
0 operators are spurious because were not triggered
H^2 mutexes added fw: 0, unreachable: 0
0 of 152 operators detected as spurious
Total mutex and disambiguation time: 0.020105 iterations: 3
22 of 22 mutex groups necessary.
152 of 250 operators necessary.
0 of 0 axiom rules necessary.
Change id of operators: 152
Change id of mutexes
Change id of goals
Change id of initial state
Remove unreachable facts from variables: 67
22 of 22 mutex groups necessary.
152 of 152 operators necessary.
0 of 0 axiom rules necessary.
Updating causal graph and pruning unnecessary facts
67 variables of 67 of 67 necessary
The causal graph is not acyclic.
67 variables of 67 necessary
22 of 22 mutex groups necessary.
152 of 152 operators necessary.
0 of 0 axiom rules necessary.
Building domain transition graphs...
solveable in poly time 0
Building successor generator...
Preprocessor variables: 67
Preprocessor facts: 155
Preprocessor derived variables: 0
Preprocessor operators: 152
Preprocessor mutex groups: 22
Preprocessor task size: 1099
Writing output...
Preprocessor time: 0.0324297s
Preprocessor peak memory: 2364 KB
done
INFO     Running search (release32).
INFO     search input: output
INFO     search arguments: ['--search', 'sbd(store_operators_in_optimal_plan=true, cost_type=1)']
INFO     search time limit: 3600s
INFO     search memory limit: 4096 MB
INFO     search executable: /mnt/data_server/torralba/subdominization/training/data/training_tpp/code-70296b3db083/builds/release32/bin/downward
INFO     callstring: /mnt/data_server/torralba/subdominization/training/data/training_tpp/code-70296b3db083/builds/release32/bin/downward --search 'sbd(store_operators_in_optimal_plan=true, cost_type=1)' --internal-plan-file sas_plan < output
time limit 3600.00 -> (3600, 3601)
reading input... [t=0.000129141s]
done reading input! [t=0.00243816s]
packing state variables...done! [t=0.0024562s]
Variables: 67
FactPairs: 155
Bytes per state: 12
Building successor generator...done! [t=0.00287907s]
done initalizing global data [t=0.00288514s]
TR(time=60000, nodes=100000)
Mutex(time=60000, nodes=100000, type=edeletion)
Aux(time=2000, nodes=1000000)
Disj(nodes=2147483647)
Estimation: min_time(1000) time_penalty +(1000)*(2) nodes_penalty +(1000)*(2)
MaxStep(time=30000, nodes=100000000, nodes_per_planning_second=100)
Ratio useful: 0
   Min alloted time: 60000 nodes: 10000000
   Max alloted time: 60000 nodes: 15000000
   Mult alloted time: 2 nodes: 2
   Ratio after relax: 0.8
building causal graph...done! [t=0.000236584s]
Sym variable order: 25 27 30 29 28 26 55 57 60 59 58 56 50 52 53 54 51 49 1 3 5 6 4 2 44 46 48 47 45 43 38 40 41 0 42 39 37 7 9 11 12 10 8 14 16 17 18 15 13 19 21 23 24 22 20 61 63 66 65 64 62 32 34 35 36 33 31 
Initializing Symbolic Variables
Num variables: 67 => 84
Initialize Symbolic Manager(168, 95238, 16000000, 0)
Generating binary variables
Symbolic Variables... Done.
BOUND: 1 < 2147483647, total time: 0.731965s
BOUND: 2 < 2147483647, total time: 0.732267s
BOUND: 3 < 2147483647, total time: 0.73297s
BOUND: 4 < 2147483647, total time: 0.73317s
BOUND: 5 < 2147483647, total time: 0.733444s
BOUND: 6 < 2147483647, total time: 0.734216s
BOUND: 7 < 2147483647, total time: 0.734981s
BOUND: 8 < 2147483647, total time: 0.736143s
BOUND: 9 < 2147483647, total time: 0.738297s
BOUND: 10 < 2147483647, total time: 0.73979s
BOUND: 11 < 2147483647, total time: 0.745056s
BOUND: 12 < 2147483647, total time: 0.747802s
BOUND: 13 < 2147483647, total time: 0.751833s
BOUND: 14 < 2147483647, total time: 0.760182s
BOUND: 15 < 2147483647, total time: 0.76739s
BOUND: 16 < 2147483647, total time: 0.780385s
BOUND: 17 < 2147483647, total time: 0.791888s
BOUND: 18 < 2147483647, total time: 0.814982s
BOUND: 19 < 2147483647, total time: 0.831395s
BOUND: 20 < 2147483647, total time: 0.854464s
BOUND: 21 < 2147483647, total time: 0.893214s
BOUND: 22 < 2147483647, total time: 0.923429s
BOUND: 23 < 2147483647, total time: 0.989876s
BOUND: 24 < 2147483647, total time: 1.03268s
BOUND: 25 < 2147483647, total time: 1.08656s
BOUND: 26 < 2147483647, total time: 1.19536s
BOUND: 27 < 2147483647, total time: 1.28789s
BOUND: 28 < 2147483647, total time: 1.51275s
BOUND: 29 < 2147483647, total time: 1.64716s
BOUND: 30 < 2147483647, total time: 1.79724s
BOUND: 31 < 2147483647, total time: 2.38821s
BOUND: 32 < 2147483647, total time: 2.61976s
BOUND: 33 < 2147483647, total time: 2.8172s
BOUND: 34 < 2147483647, total time: 3.24025s
BOUND: 35 < 2147483647, total time: 3.49134s
BOUND: 36 < 2147483647, total time: 3.72764s
BOUND: 37 < 2147483647, total time: 4.39044s
BOUND: 38 < 2147483647, total time: 4.74414s
BOUND: 39 < 2147483647, total time: 5.03669s
BOUND: 40 < 2147483647, total time: 5.34544s
BOUND: 41 < 2147483647, total time: 6.51502s
BOUND: 42 < 2147483647, total time: 7.07409s
BOUND: 43 < 2147483647, total time: 7.45172s
BOUND: 44 < 2147483647, total time: 7.84037s
BOUND: 45 < 2147483647, total time: 8.24106s
BOUND: 46 < 2147483647, total time: 8.65846s
BOUND: 47 < 2147483647, total time: 9.09911s
BOUND: 48 < 2147483647, total time: 9.55748s
BOUND: 49 < 2147483647, total time: 10.0242s
BOUND: 50 < 2147483647, total time: 10.5499s
Solution found with cost 50 total time: 10.8818s
Merging: 1
34 10.9434 1 231
Merging: 13
33 10.9549 1 411
Merging: 25
32 10.9799 1 600
Merging: 25
31 11.0154 1 862
Merging: 27
30 11.0664 1 1082
Merging: 28
29 11.1306 1 1280
Merging: 28
28 11.2064 1 1505
Merging: 30
27 11.2983 1 1702
Merging: 30
26 11.3981 1 1875
Merging: 33
25 11.507 1 2138
Merging: 37
24 11.6424 1 2311
Merging: 37
23 11.7945 1 2485
Merging: 40
22 11.958 1 2562
Merging: 41
21 12.1253 1 2657
Merging: 44
20 12.3011 1 2790
Merging: 43
19 12.4789 1 2871
Merging: 43
18 12.6599 1 2932
Merging: 43
17 12.8432 1 2853
Merging: 42
16 13.021 1 2828
Merging: 43
15 13.197 1 2741
Merging: 43
14 13.3684 1 2634
Merging: 43
13 13.5342 1 2499
Merging: 42
12 13.688 1 2326
Merging: 42
11 13.83 1 2126
Merging: 45
10 13.9462 1 1883
Merging: 44
9 14.0497 1 1697
Merging: 44
8 14.1456 1 1460
Merging: 41
7 14.2257 1 1205
Merging: 44
6 14.2901 1 978
Merging: 47
5 14.3384 1 755
Merging: 45
4 14.3729 1 481
Merging: 29
3 14.3909 1 215
Merging: 13
2 14.3993 1 126
Merging: 5
1 14.4033 1 85
Merging: 1
16 14.4057 1 231
Merging: 2
15 14.4102 1 136
Merging: 1
14 14.4123 1 136
Merging: 11
13 14.4153 1 298
Merging: 14
12 14.42 1 437
Merging: 14
11 14.4259 1 560
Merging: 14
10 14.4322 1 671
Merging: 14
9 14.4393 1 767
Merging: 14
8 14.4467 1 834
Merging: 14
7 14.4542 1 859
Merging: 14
6 14.4614 1 834
Merging: 14
5 14.4681 1 767
Merging: 14
4 14.4737 1 672
Merging: 14
3 14.4783 1 561
Merging: 14
2 14.482 1 438
Merging: 14
1 14.4846 1 299
BOUND: 50 < 50, total time: 14.4859s
Actual search time: 13.9552s [t=14.6873s]
drive truck1 depot1 market1 (1)
buy truck1 goods9 market1 level0 level1 level0 level1 (1)
load goods9 truck1 market1 level0 level1 level0 level1 (1)
drive truck1 market1 market4 (1)
drive truck1 market4 market5 (1)
buy truck1 goods7 market5 level0 level1 level0 level1 (1)
load goods7 truck1 market5 level0 level1 level0 level1 (1)
buy truck1 goods1 market5 level0 level1 level0 level1 (1)
load goods1 truck1 market5 level0 level1 level0 level1 (1)
drive truck1 market5 market3 (1)
buy truck1 goods8 market3 level0 level1 level0 level1 (1)
load goods8 truck1 market3 level0 level1 level0 level1 (1)
buy truck1 goods11 market3 level0 level1 level0 level1 (1)
load goods11 truck1 market3 level0 level1 level0 level1 (1)
drive truck1 market3 market6 (1)
drive truck1 market6 market2 (1)
buy truck1 goods6 market2 level0 level1 level0 level1 (1)
load goods6 truck1 market2 level0 level1 level0 level1 (1)
buy truck1 goods5 market2 level0 level1 level0 level1 (1)
load goods5 truck1 market2 level0 level1 level0 level1 (1)
buy truck1 goods4 market2 level0 level1 level0 level1 (1)
load goods4 truck1 market2 level0 level1 level0 level1 (1)
buy truck1 goods3 market2 level0 level1 level0 level1 (1)
load goods3 truck1 market2 level0 level1 level0 level1 (1)
buy truck1 goods2 market2 level0 level1 level0 level1 (1)
load goods2 truck1 market2 level0 level1 level0 level1 (1)
buy truck1 goods11 market2 level0 level1 level0 level1 (1)
load goods11 truck1 market2 level0 level1 level1 level2 (1)
buy truck1 goods10 market2 level0 level1 level0 level1 (1)
load goods10 truck1 market2 level0 level1 level0 level1 (1)
buy truck1 goods1 market2 level0 level1 level0 level1 (1)
load goods1 truck1 market2 level0 level1 level1 level2 (1)
drive truck1 market2 market7 (1)
buy truck1 goods6 market7 level0 level1 level0 level1 (1)
load goods6 truck1 market7 level0 level1 level1 level2 (1)
drive truck1 market7 depot2 (1)
unload goods1 truck1 depot2 level1 level2 level0 level1 (1)
unload goods1 truck1 depot2 level0 level1 level1 level2 (1)
unload goods10 truck1 depot2 level0 level1 level0 level1 (1)
unload goods11 truck1 depot2 level1 level2 level0 level1 (1)
unload goods11 truck1 depot2 level0 level1 level1 level2 (1)
unload goods2 truck1 depot2 level0 level1 level0 level1 (1)
unload goods3 truck1 depot2 level0 level1 level0 level1 (1)
unload goods4 truck1 depot2 level0 level1 level0 level1 (1)
unload goods5 truck1 depot2 level0 level1 level0 level1 (1)
unload goods6 truck1 depot2 level1 level2 level0 level1 (1)
unload goods6 truck1 depot2 level0 level1 level1 level2 (1)
unload goods7 truck1 depot2 level0 level1 level0 level1 (1)
unload goods8 truck1 depot2 level0 level1 level0 level1 (1)
unload goods9 truck1 depot2 level0 level1 level0 level1 (1)
Plan length: 50 step(s).
Plan cost: 50
Bytes per state: 12
Search time: 13.9745s
Total time: 14.6873s
Solution found.
Peak memory: 306516 KB
Running single search parser
