INFO     Running translator.
INFO     translator input: ['domain.pddl', 'problem.pddl']
INFO     translator arguments: []
INFO     translator time limit: None
INFO     translator memory limit: None
INFO     callstring: /usr/bin/python /mnt/data_server/torralba/subdominization/training/data/training_agricola/code-70296b3db083/builds/release32/bin/translate/translate.py domain.pddl problem.pddl
Parsing...
Parsing: [0.020s CPU, 0.063s wall-clock]
Normalizing task... [0.010s CPU, 0.001s wall-clock]
Instantiating...
Generating Datalog program... [0.000s CPU, 0.006s wall-clock]
Normalizing Datalog program...
Normalizing Datalog program: [0.030s CPU, 0.032s wall-clock]
Preparing model... [0.010s CPU, 0.016s wall-clock]
Generated 258 rules.
Computing model... [0.820s CPU, 0.819s wall-clock]
20900 relevant atoms
1540 auxiliary atoms
22440 final queue length
76391 total queue pushes
Completing instantiation... [5.030s CPU, 5.046s wall-clock]
Instantiating: [5.890s CPU, 5.979s wall-clock]
Computing fact groups...
Finding invariants...
44 initial candidates
Finding invariants: [0.110s CPU, 0.111s wall-clock]
Checking invariant weight... [0.000s CPU, 0.000s wall-clock]
Instantiating groups... [0.000s CPU, 0.002s wall-clock]
Collecting mutex groups... [0.000s CPU, 0.000s wall-clock]
Choosing groups...
124 uncovered facts
Choosing groups: [0.000s CPU, 0.000s wall-clock]
Building translation key... [0.000s CPU, 0.001s wall-clock]
Computing fact groups: [0.120s CPU, 0.117s wall-clock]
Building STRIPS to SAS dictionary... [0.000s CPU, 0.000s wall-clock]
Building dictionary for full mutex groups... [0.000s CPU, 0.000s wall-clock]
Building mutex information...
Building mutex information: [0.000s CPU, 0.000s wall-clock]
Translating task...
Processing axioms...
Simplifying axioms... [0.000s CPU, 0.000s wall-clock]
Processing axioms: [0.140s CPU, 0.141s wall-clock]
Translating task: [3.100s CPU, 3.112s wall-clock]
22795 effect conditions simplified
0 implied preconditions added
Detecting unreachable propositions...
0 operators removed
0 axioms removed
33 propositions removed
Detecting unreachable propositions: [1.570s CPU, 1.578s wall-clock]
Translator variables: 118
Translator derived variables: 0
Translator facts: 257
Translator goal facts: 1
Translator mutex groups: 5
Translator total mutex groups size: 31
Translator operators: 20249
Translator axioms: 0
Translator task size: 220950
Translator peak memory: 247240 KB
Writing output... [0.450s CPU, 0.510s wall-clock]
Done! [11.260s CPU, 11.463s wall-clock]
INFO     Running preprocessor (release32).
INFO     preprocessor input: output.sas
INFO     preprocessor arguments: []
INFO     preprocessor time limit: None
INFO     preprocessor memory limit: None
INFO     callstring: /mnt/data_server/torralba/subdominization/training/data/training_agricola/code-70296b3db083/builds/release32/bin/preprocess < output.sas
Building causal graph...
The causal graph is not acyclic.
113 variables of 118 necessary
0 of 5 mutex groups necessary.
20249 of 20249 operators necessary.
0 of 0 axiom rules necessary.
Initializing mutex computation...
Mutex computation initialized with 247 fluents.
iteration for mutex detection and operator pruning
Initialize m_index fw
Initialized mvalues forward: reached=12769, notReached=47706, spurious=534
Initialize m_ops fw
Computing mutexes...
Mutex computation finished with reached=53135, notReached=7340, spurious=534
11839 operators are spurious because were not triggered
H^2 mutexes added fw: 7340, unreachable: 0
0 of 8410 operators detected as spurious
iteration for mutex detection and operator pruning
Initialize m_index bw
Init values regression
Initialized mvalues backward: reached=31437, notReached=21698, spurious=7874
Initialize m_ops bw
Computing mutexes...
Mutex computation finished with reached=53099, notReached=36, spurious=7874
0 operators are spurious because were not triggered
H^2 mutexes added bw: 36, unreachable: 0
0 of 8410 operators detected as spurious
iteration for mutex detection and operator pruning
Initialize m_index fw
Initialized mvalues forward: reached=12769, notReached=40330, spurious=7910
Initialize m_ops fw
Computing mutexes...
Mutex computation finished with reached=53099, notReached=0, spurious=7910
0 operators are spurious because were not triggered
H^2 mutexes added fw: 0, unreachable: 0
0 of 8410 operators detected as spurious
Total mutex and disambiguation time: 5.21863 iterations: 3
3688 of 3688 mutex groups necessary.
8410 of 20249 operators necessary.
0 of 0 axiom rules necessary.
Change id of operators: 8410
Change id of mutexes
Change id of goals
Change id of initial state
Remove unreachable facts from variables: 113
3688 of 3688 mutex groups necessary.
8410 of 8410 operators necessary.
0 of 0 axiom rules necessary.
Updating causal graph and pruning unnecessary facts
113 variables of 113 of 118 necessary
The causal graph is not acyclic.
113 variables of 113 necessary
3688 of 3688 mutex groups necessary.
8410 of 8410 operators necessary.
0 of 0 axiom rules necessary.
Building domain transition graphs...
solveable in poly time 0
Building successor generator...
Preprocessor variables: 113
Preprocessor facts: 247
Preprocessor derived variables: 0
Preprocessor operators: 8410
Preprocessor mutex groups: 3688
Preprocessor task size: 95281
Writing output...
Preprocessor time: 6.17846s
Preprocessor peak memory: 74676 KB
done
INFO     Running search (release32).
INFO     search input: output
INFO     search arguments: ['--search', 'sbw(store_operators_in_optimal_plan=true, cost_type=1)']
INFO     search time limit: 3600s
INFO     search memory limit: 4096 MB
INFO     search executable: /mnt/data_server/torralba/subdominization/training/data/training_agricola/code-70296b3db083/builds/release32/bin/downward
INFO     callstring: /mnt/data_server/torralba/subdominization/training/data/training_agricola/code-70296b3db083/builds/release32/bin/downward --search 'sbw(store_operators_in_optimal_plan=true, cost_type=1)' --internal-plan-file sas_plan < output
time limit 3600.00 -> (3600, 3601)
reading input... [t=9.7757e-05s]
done reading input! [t=0.146422s]
packing state variables...done! [t=0.146458s]
Variables: 113
FactPairs: 247
Bytes per state: 16
Building successor generator...done! [t=0.197132s]
done initalizing global data [t=0.197158s]
TR(time=60000, nodes=100000)
Mutex(time=60000, nodes=100000, type=edeletion)
Aux(time=2000, nodes=1000000)
Disj(nodes=2147483647)
Estimation: min_time(1000) time_penalty +(1000)*(2) nodes_penalty +(1000)*(2)
MaxStep(time=30000, nodes=100000000, nodes_per_planning_second=100)
Ratio useful: 0
   Min alloted time: 60000 nodes: 10000000
   Max alloted time: 60000 nodes: 15000000
   Mult alloted time: 2 nodes: 2
   Ratio after relax: 0.8
building causal graph...done! [t=0.0136634s]
Sym variable order: 4 1 20 26 22 27 23 17 21 19 16 36 28 52 53 56 55 54 58 51 47 50 49 48 82 93 81 72 74 73 75 79 106 85 91 92 99 101 109 35 11 18 80 94 110 95 83 40 84 37 41 38 39 42 90 24 59 44 43 57 45 46 87 88 86 30 34 32 29 89 33 100 102 76 78 77 96 98 111 97 108 107 0 5 2 25 13 14 15 12 31 3 10 103 105 104 65 71 62 64 63 61 60 68 70 69 67 66 9 7 112 8 6 
Initializing Symbolic Variables
Num variables: 113 => 120
Initialize Symbolic Manager(240, 66666, 16000000, 0)
Generating binary variables
Symbolic Variables... Done.
BOUND: 1 < 2147483647, total time: 2.70666s
BOUND: 2 < 2147483647, total time: 2.71513s
BOUND: 3 < 2147483647, total time: 2.71719s
BOUND: 4 < 2147483647, total time: 2.71912s
BOUND: 5 < 2147483647, total time: 2.7215s
BOUND: 6 < 2147483647, total time: 2.72464s
BOUND: 7 < 2147483647, total time: 2.73083s
BOUND: 8 < 2147483647, total time: 2.75569s
BOUND: 9 < 2147483647, total time: 2.80582s
BOUND: 10 < 2147483647, total time: 2.86284s
BOUND: 11 < 2147483647, total time: 2.89648s
BOUND: 12 < 2147483647, total time: 2.91987s
BOUND: 13 < 2147483647, total time: 2.9516s
BOUND: 14 < 2147483647, total time: 3.01521s
BOUND: 15 < 2147483647, total time: 3.09204s
BOUND: 16 < 2147483647, total time: 3.15959s
BOUND: 17 < 2147483647, total time: 3.18794s
BOUND: 18 < 2147483647, total time: 3.19565s
BOUND: 19 < 2147483647, total time: 3.20421s
BOUND: 20 < 2147483647, total time: 3.21806s
BOUND: 21 < 2147483647, total time: 3.25298s
BOUND: 22 < 2147483647, total time: 3.31401s
BOUND: 23 < 2147483647, total time: 3.3912s
BOUND: 24 < 2147483647, total time: 3.4977s
BOUND: 25 < 2147483647, total time: 3.64228s
BOUND: 26 < 2147483647, total time: 3.78839s
BOUND: 27 < 2147483647, total time: 3.88815s
BOUND: 28 < 2147483647, total time: 3.94596s
BOUND: 29 < 2147483647, total time: 4.00968s
BOUND: 30 < 2147483647, total time: 4.10061s
BOUND: 31 < 2147483647, total time: 4.18769s
BOUND: 32 < 2147483647, total time: 4.24954s
BOUND: 33 < 2147483647, total time: 4.28528s
BOUND: 34 < 2147483647, total time: 4.32671s
BOUND: 35 < 2147483647, total time: 4.39412s
BOUND: 36 < 2147483647, total time: 4.4474s
BOUND: 37 < 2147483647, total time: 4.48214s
BOUND: 38 < 2147483647, total time: 4.54364s
BOUND: 39 < 2147483647, total time: 4.68589s
BOUND: 40 < 2147483647, total time: 4.88166s
BOUND: 41 < 2147483647, total time: 5.02379s
BOUND: 42 < 2147483647, total time: 5.08797s
BOUND: 43 < 2147483647, total time: 5.1177s
BOUND: 44 < 2147483647, total time: 5.17085s
BOUND: 45 < 2147483647, total time: 5.27106s
BOUND: 46 < 2147483647, total time: 5.40537s
BOUND: 47 < 2147483647, total time: 5.5038s
BOUND: 48 < 2147483647, total time: 5.56459s
BOUND: 49 < 2147483647, total time: 5.59311s
BOUND: 50 < 2147483647, total time: 5.60419s
BOUND: 51 < 2147483647, total time: 5.61413s
BOUND: 52 < 2147483647, total time: 5.63645s
BOUND: 53 < 2147483647, total time: 5.68356s
BOUND: 54 < 2147483647, total time: 5.76055s
BOUND: 55 < 2147483647, total time: 5.8538s
BOUND: 56 < 2147483647, total time: 5.92492s
BOUND: 57 < 2147483647, total time: 5.96144s
BOUND: 58 < 2147483647, total time: 5.98425s
BOUND: 59 < 2147483647, total time: 6.01153s
BOUND: 60 < 2147483647, total time: 6.0535s
BOUND: 61 < 2147483647, total time: 6.09094s
BOUND: 62 < 2147483647, total time: 6.11291s
BOUND: 63 < 2147483647, total time: 6.12282s
BOUND: 64 < 2147483647, total time: 6.1298s
BOUND: 65 < 2147483647, total time: 6.14218s
BOUND: 66 < 2147483647, total time: 6.1571s
BOUND: 67 < 2147483647, total time: 6.16428s
BOUND: 68 < 2147483647, total time: 6.16649s
BOUND: 69 < 2147483647, total time: 6.16876s
BOUND: 70 < 2147483647, total time: 6.17249s
BOUND: 71 < 2147483647, total time: 6.17602s
BOUND: 72 < 2147483647, total time: 6.17908s
BOUND: 73 < 2147483647, total time: 6.18258s
BOUND: 74 < 2147483647, total time: 6.18973s
BOUND: 75 < 2147483647, total time: 6.19994s
BOUND: 76 < 2147483647, total time: 6.20973s
BOUND: 77 < 2147483647, total time: 6.21525s
BOUND: 78 < 2147483647, total time: 6.21795s
BOUND: 79 < 2147483647, total time: 6.22023s
Solution found with cost 79 total time: 6.22332s
Merging: 1
79 7.17371 1 121
Merging: 8
78 7.19761 1 293
Merging: 8
77 7.24721 1 569
Merging: 1
76 7.31697 1 569
Merging: 4
75 7.38126 1 178
Merging: 1
74 7.41539 1 178
Merging: 12
73 7.45266 1 525
Merging: 12
72 7.52381 1 1144
Merging: 1
71 7.62629 1 1144
Merging: 4
70 7.73413 1 287
Merging: 1
69 7.76931 1 287
Merging: 13
68 7.80504 1 884
Merging: 13
67 7.89766 1 1504
Merging: 1
66 8.01408 1 1504
Merging: 4
65 8.15335 1 310
Merging: 1
64 8.18844 1 310
Merging: 16
63 8.23629 1 1222
Merging: 19
62 8.36047 1 2696
Merging: 1
61 8.51855 1 2696
Merging: 4
60 8.71472 1 383
Merging: 1
59 8.76294 1 383
Merging: 5
58 8.81166 1 357
Merging: 1
57 8.85947 1 357
Merging: 1
56 8.90685 1 357
Merging: 19
55 8.96001 1 2200
Merging: 19
54 9.14284 1 5294
Merging: 1
53 9.3726 1 5294
Merging: 4
52 9.75946 1 595
Merging: 1
51 9.81698 1 595
Merging: 22
50 9.88474 1 3121
Merging: 22
49 10.1141 1 7507
Merging: 1
48 10.3931 1 7507
Merging: 4
47 10.8794 1 658
Merging: 1
46 10.9338 1 658
Merging: 23
45 10.9948 1 3312
Merging: 40
44 11.2623 1 6296
Merging: 1
43 11.5599 1 6296
Merging: 4
42 11.9543 1 880
Merging: 1
41 12.0235 1 880
Merging: 5
40 12.0977 1 872
Merging: 1
39 12.1673 1 872
Merging: 1
38 12.2344 1 872
Merging: 53
37 12.3266 1 5125
Merging: 74
36 12.6921 1 12957
Merging: 1
35 13.0609 1 12957
Merging: 4
34 13.6591 1 1422
Merging: 1
33 13.7203 1 1422
Merging: 93
32 13.8241 1 5863
Merging: 93
31 14.2481 1 13000
Merging: 1
30 14.6274 1 13000
Merging: 4
29 15.1868 1 1126
Merging: 1
28 15.2587 1 1126
Merging: 13
27 15.3352 1 1121
Merging: 1
26 15.4059 1 1121
Merging: 1
25 15.4772 1 1121
Merging: 88
24 15.5849 1 6446
Merging: 105
23 16.0404 1 19559
Merging: 1
22 16.5277 1 19559
Merging: 4
21 17.307 1 1563
Merging: 1
20 17.3765 1 1563
Merging: 117
19 17.5059 1 7656
Merging: 114
18 18.1033 1 18987
Merging: 1
17 18.614 1 18987
Merging: 4
16 19.3889 1 1501
Merging: 1
15 19.4781 1 1501
Merging: 17
14 19.5666 1 1475
Merging: 1
13 19.6535 1 1475
Merging: 1
12 19.732 1 1475
Merging: 108
11 19.8714 1 8533
Merging: 125
10 20.4883 1 25705
Merging: 1
9 21.0888 1 25705
Merging: 4
8 21.9765 1 1621
Merging: 1
7 22.049 1 1621
Merging: 141
6 22.1848 1 9087
Merging: 138
5 22.9145 1 26265
Merging: 2
4 23.5681 1 26262
Merging: 4
3 24.5091 1 2165
Merging: 1
2 24.6142 1 2165
Merging: 36
1 24.7208 1 2066
BOUND: 79 < 79, total time: 24.8274s
Actual search time: 22.124s [t=24.8307s]
collect_resource worker2 worker1 worker2 round1 act_clay clay (60)
collect_resource worker1 noworker worker2 round1 act_reed reed (60)
ag__finish_round_backhome round1 worker2 (1)
ag__finish_round_renew round1 noworker (1)
ag__advance_round_normal round1 round2 act_sheep (1)
collect_resource worker2 worker1 worker2 round2 act_clay clay (60)
collect_resource worker1 noworker worker2 round2 act_reed reed (60)
ag__finish_round_backhome round2 worker2 (1)
ag__finish_round_renew round2 noworker (1)
ag__advance_round_normal round2 round3 act_family (1)
collect_resource worker2 worker1 worker2 round3 act_clay clay (60)
take_food worker1 noworker worker2 round3 num2 num3 (60)
ag__finish_round_backhome round3 worker2 (1)
ag__finish_round_renew round3 noworker (1)
ag__advance_round_normal round3 round4 act_fences (1)
build_fences boar worker2 worker1 worker2 round4 (60)
take_food worker1 noworker worker2 round4 num3 num4 (60)
ag__finish_round_backhome round4 worker2 (1)
ag__finish_round_renew round4 noworker (1)
ag__harvest_collect_end round4 stage1 (1)
ag__harvest_feed round4 stage1 worker2 num4 num4 num0 (1)
ag__harvest_breed_end round4 stage1 (1)
ag__finish_stage stage1 stage2 round4 round5 act_carrot (1)
build_fences boar worker2 worker1 worker2 round5 (60)
take_food worker1 noworker worker2 round5 num0 num1 (60)
ag__finish_round_backhome round5 worker2 (1)
ag__finish_round_renew round5 noworker (1)
ag__advance_round_normal round5 round6 act_cattle (1)
collect_resource worker2 worker1 worker2 round6 act_stone stone (60)
take_food worker1 noworker worker2 round6 num1 num2 (60)
ag__finish_round_backhome round6 worker2 (1)
ag__finish_round_renew round6 noworker (1)
ag__advance_round_normal round6 round7 act_improve (1)
improve_home worker2 worker1 worker2 round7 fireplace (60)
collect_cook_animal boar act_cattle worker1 noworker worker2 round7 num2 num4 (60)
ag__finish_round_backhome round7 worker2 (1)
ag__finish_round_renew round7 noworker (1)
ag__harvest_collect_end round7 stage2 (1)
ag__harvest_feed round7 stage2 worker2 num4 num4 num0 (1)
ag__harvest_breed_end round7 stage2 (1)
ag__finish_stage stage2 stage3 round7 round8 act_boar (1)
build_fences boar worker2 worker1 worker2 round8 (60)
collect_animal boar act_sheep worker1 noworker worker2 round8 (60)
ag__finish_round_backhome round8 worker2 (1)
ag__finish_round_renew round8 noworker (1)
ag__advance_round_normal round8 round9 void (1)
collect_cook_animal boar act_boar worker2 worker1 worker2 round9 num0 num2 (60)
collect_cook_animal boar act_sheep worker1 noworker worker2 round9 num2 num4 (60)
ag__finish_round_backhome round9 worker2 (1)
ag__finish_round_renew round9 noworker (1)
ag__harvest_collect_end round9 stage3 (1)
ag__harvest_feed round9 stage3 worker2 num4 num4 num0 (1)
ag__harvest_breed_end round9 stage3 (1)
ag__finish_stage stage3 stage4 round9 round10 void (1)
build_fences boar worker2 worker1 worker2 round10 (60)
collect_cook_animal boar act_sheep worker1 noworker worker2 round10 num0 num2 (60)
ag__finish_round_backhome round10 worker2 (1)
ag__finish_round_renew round10 noworker (1)
ag__advance_round_normal round10 round11 void (1)
build_fences boar worker2 worker1 worker2 round11 (60)
collect_cook_animal boar act_sheep worker1 noworker worker2 round11 num2 num4 (60)
ag__finish_round_backhome round11 worker2 (1)
ag__finish_round_renew round11 noworker (1)
ag__harvest_collect_end round11 stage4 (1)
ag__harvest_feed round11 stage4 worker2 num4 num4 num0 (1)
ag__harvest_breed_end round11 stage4 (1)
ag__finish_stage stage4 stage5 round11 round12 void (1)
build_fences boar worker2 worker1 worker2 round12 (60)
collect_cook_animal boar act_sheep worker1 noworker worker2 round12 num0 num2 (60)
ag__finish_round_backhome round12 worker2 (1)
ag__finish_round_renew round12 noworker (1)
ag__advance_round_normal round12 round13 void (1)
build_fences boar worker2 worker1 worker2 round13 (60)
collect_cook_animal boar act_sheep worker1 noworker worker2 round13 num2 num4 (60)
ag__finish_round_backhome round13 worker2 (1)
ag__finish_round_renew round13 noworker (1)
ag__harvest_collect_end round13 stage5 (1)
ag__harvest_feed round13 stage5 worker2 num4 num4 num0 (1)
ag__harvest_breed_end round13 stage5 (1)
Plan length: 79 step(s).
Plan cost: 1613
Bytes per state: 16
Search time: 23.086s
Total time: 24.8307s
Solution found.
Peak memory: 444764 KB
Running single search parser
