INFO     Running translator.
INFO     translator input: ['domain.pddl', 'problem.pddl']
INFO     translator arguments: []
INFO     translator time limit: None
INFO     translator memory limit: None
INFO     callstring: /usr/bin/python /mnt/data_server/torralba/subdominization/training/data/training_satellite/code-70296b3db083/builds/release32/bin/translate/translate.py domain.pddl problem.pddl
Parsing...
Parsing: [0.000s CPU, 0.017s wall-clock]
Normalizing task... [0.000s CPU, 0.000s wall-clock]
Instantiating...
Generating Datalog program... [0.000s CPU, 0.001s wall-clock]
Normalizing Datalog program...
Normalizing Datalog program: [0.010s CPU, 0.139s wall-clock]
Preparing model... [0.000s CPU, 0.002s wall-clock]
Generated 31 rules.
Computing model... [0.030s CPU, 0.033s wall-clock]
1180 relevant atoms
310 auxiliary atoms
1490 final queue length
2343 total queue pushes
Completing instantiation... [0.060s CPU, 0.051s wall-clock]
Instantiating: [0.100s CPU, 0.353s wall-clock]
Computing fact groups...
Finding invariants...
12 initial candidates
Finding invariants: [0.000s CPU, 0.004s wall-clock]
Checking invariant weight... [0.000s CPU, 0.000s wall-clock]
Instantiating groups... [0.000s CPU, 0.000s wall-clock]
Collecting mutex groups... [0.000s CPU, 0.000s wall-clock]
Choosing groups...
61 uncovered facts
Choosing groups: [0.000s CPU, 0.000s wall-clock]
Building translation key... [0.000s CPU, 0.001s wall-clock]
Computing fact groups: [0.010s CPU, 0.007s wall-clock]
Building STRIPS to SAS dictionary... [0.000s CPU, 0.000s wall-clock]
Building dictionary for full mutex groups... [0.000s CPU, 0.000s wall-clock]
Building mutex information...
Building mutex information: [0.000s CPU, 0.000s wall-clock]
Translating task...
Processing axioms...
Simplifying axioms... [0.000s CPU, 0.000s wall-clock]
Processing axioms: [0.000s CPU, 0.002s wall-clock]
Translating task: [0.050s CPU, 0.051s wall-clock]
15 effect conditions simplified
0 implied preconditions added
Detecting unreachable propositions...
0 operators removed
0 axioms removed
3 propositions removed
Detecting unreachable propositions: [0.030s CPU, 0.030s wall-clock]
Translator variables: 64
Translator derived variables: 0
Translator facts: 170
Translator goal facts: 2
Translator mutex groups: 3
Translator total mutex groups size: 48
Translator operators: 908
Translator axioms: 0
Translator task size: 3361
Translator peak memory: 47144 KB
Writing output... [0.010s CPU, 0.037s wall-clock]
Done! [0.200s CPU, 0.498s wall-clock]
INFO     Running preprocessor (release32).
INFO     preprocessor input: output.sas
INFO     preprocessor arguments: []
INFO     preprocessor time limit: None
INFO     preprocessor memory limit: None
INFO     callstring: /mnt/data_server/torralba/subdominization/training/data/training_satellite/code-70296b3db083/builds/release32/bin/preprocess < output.sas
Building causal graph...
The causal graph is not acyclic.
16 variables of 64 necessary
0 of 3 mutex groups necessary.
749 of 908 operators necessary.
0 of 0 axiom rules necessary.
Initializing mutex computation...
Mutex computation initialized with 74 fluents.
iteration for mutex detection and operator pruning
Initialize m_index fw
Initialized mvalues forward: reached=256, notReached=4474, spurious=746
Initialize m_ops fw
Computing mutexes...
Mutex computation finished with reached=4710, notReached=20, spurious=746
0 operators are spurious because were not triggered
H^2 mutexes added fw: 20, unreachable: 0
0 of 749 operators detected as spurious
iteration for mutex detection and operator pruning
Initialize m_index bw
Init values regression
Initialized mvalues backward: reached=2840, notReached=1870, spurious=766
Initialize m_ops bw
Computing mutexes...
Mutex computation finished with reached=4710, notReached=0, spurious=766
0 operators are spurious because were not triggered
H^2 mutexes added bw: 0, unreachable: 0
0 of 749 operators detected as spurious
Total mutex and disambiguation time: 0.018445 iterations: 2
10 of 10 mutex groups necessary.
749 of 749 operators necessary.
0 of 0 axiom rules necessary.
Change id of operators: 749
Change id of mutexes
Change id of goals
Change id of initial state
Remove unreachable facts from variables: 16
10 of 10 mutex groups necessary.
749 of 749 operators necessary.
0 of 0 axiom rules necessary.
Updating causal graph and pruning unnecessary facts
16 variables of 16 of 64 necessary
The causal graph is not acyclic.
16 variables of 16 necessary
10 of 10 mutex groups necessary.
749 of 749 operators necessary.
0 of 0 axiom rules necessary.
Building domain transition graphs...
solveable in poly time 0
Building successor generator...
Preprocessor variables: 16
Preprocessor facts: 74
Preprocessor derived variables: 0
Preprocessor operators: 749
Preprocessor mutex groups: 10
Preprocessor task size: 2396
Writing output...
Preprocessor time: 0.0399358s
Preprocessor peak memory: 2528 KB
done
INFO     Running search (release32).
INFO     search input: output
INFO     search arguments: ['--search', 'sbd(store_operators_in_optimal_plan=true, cost_type=1)']
INFO     search time limit: 3600s
INFO     search memory limit: 4096 MB
INFO     search executable: /mnt/data_server/torralba/subdominization/training/data/training_satellite/code-70296b3db083/builds/release32/bin/downward
INFO     callstring: /mnt/data_server/torralba/subdominization/training/data/training_satellite/code-70296b3db083/builds/release32/bin/downward --search 'sbd(store_operators_in_optimal_plan=true, cost_type=1)' --internal-plan-file sas_plan < output
time limit 3600.00 -> (3600, 3601)
reading input... [t=0.000130624s]
done reading input! [t=0.00530583s]
packing state variables...done! [t=0.00531915s]
Variables: 16
FactPairs: 74
Bytes per state: 4
Building successor generator...done! [t=0.00574425s]
done initalizing global data [t=0.00575196s]
TR(time=60000, nodes=100000)
Mutex(time=60000, nodes=100000, type=edeletion)
Aux(time=2000, nodes=1000000)
Disj(nodes=2147483647)
Estimation: min_time(1000) time_penalty +(1000)*(2) nodes_penalty +(1000)*(2)
MaxStep(time=30000, nodes=100000000, nodes_per_planning_second=100)
Ratio useful: 0
   Min alloted time: 60000 nodes: 10000000
   Max alloted time: 60000 nodes: 15000000
   Mult alloted time: 2 nodes: 2
   Ratio after relax: 0.8
building causal graph...done! [t=0.000101775s]
Sym variable order: 3 6 4 8 5 7 0 2 15 14 13 12 1 11 10 9 
Initializing Symbolic Variables
Num variables: 16 => 25
Initialize Symbolic Manager(50, 320000, 16000000, 0)
Generating binary variables
Symbolic Variables... Done.
BOUND: 1 < 2147483647, total time: 0.388691s
BOUND: 2 < 2147483647, total time: 0.388924s
BOUND: 3 < 2147483647, total time: 0.389205s
BOUND: 4 < 2147483647, total time: 0.389534s
BOUND: 5 < 2147483647, total time: 0.389838s
Solution found with cost 5 total time: 0.390205s
Merging: 1
2 0.39454 1 71
Merging: 8
1 0.410122 1 52
Merging: 1
3 0.41967 1 71
Merging: 7
2 0.427439 1 73
Merging: 7
1 0.433768 1 66
BOUND: 5 < 5, total time: 0.439979s
Actual search time: 0.0515534s [t=0.44028s]
switch_on instrument1 satellite0 (1)
calibrate satellite0 instrument1 star13 (1)
turn_to satellite0 star15 star13 (1)
take_image satellite0 star15 instrument1 thermograph0 (1)
turn_to satellite1 groundstation14 star1 (1)
Plan length: 5 step(s).
Plan cost: 5
Bytes per state: 4
Search time: 0.0634151s
Total time: 0.440292s
Solution found.
Peak memory: 248412 KB
Running single search parser
