INFO     Running translator.
INFO     translator input: ['domain.pddl', 'problem.pddl']
INFO     translator arguments: []
INFO     translator time limit: None
INFO     translator memory limit: None
INFO     callstring: /usr/bin/python /mnt/data_server/torralba/subdominization/training/data/training_satellite/code-70296b3db083/builds/release32/bin/translate/translate.py domain.pddl problem.pddl
Parsing...
Parsing: [0.010s CPU, 0.216s wall-clock]
Normalizing task... [0.000s CPU, 0.000s wall-clock]
Instantiating...
Generating Datalog program... [0.000s CPU, 0.001s wall-clock]
Normalizing Datalog program...
Normalizing Datalog program: [0.000s CPU, 0.124s wall-clock]
Preparing model... [0.000s CPU, 0.002s wall-clock]
Generated 31 rules.
Computing model... [0.020s CPU, 0.014s wall-clock]
406 relevant atoms
240 auxiliary atoms
646 final queue length
856 total queue pushes
Completing instantiation... [0.010s CPU, 0.015s wall-clock]
Instantiating: [0.030s CPU, 0.202s wall-clock]
Computing fact groups...
Finding invariants...
12 initial candidates
Finding invariants: [0.010s CPU, 0.003s wall-clock]
Checking invariant weight... [0.000s CPU, 0.000s wall-clock]
Instantiating groups... [0.000s CPU, 0.000s wall-clock]
Collecting mutex groups... [0.000s CPU, 0.000s wall-clock]
Choosing groups...
32 uncovered facts
Choosing groups: [0.000s CPU, 0.000s wall-clock]
Building translation key... [0.000s CPU, 0.000s wall-clock]
Computing fact groups: [0.010s CPU, 0.005s wall-clock]
Building STRIPS to SAS dictionary... [0.000s CPU, 0.000s wall-clock]
Building dictionary for full mutex groups... [0.000s CPU, 0.000s wall-clock]
Building mutex information...
Building mutex information: [0.000s CPU, 0.000s wall-clock]
Translating task...
Processing axioms...
Simplifying axioms... [0.000s CPU, 0.000s wall-clock]
Processing axioms: [0.000s CPU, 0.001s wall-clock]
Translating task: [0.010s CPU, 0.015s wall-clock]
24 effect conditions simplified
0 implied preconditions added
Detecting unreachable propositions...
0 operators removed
0 axioms removed
4 propositions removed
Detecting unreachable propositions: [0.010s CPU, 0.009s wall-clock]
Translator variables: 36
Translator derived variables: 0
Translator facts: 88
Translator goal facts: 2
Translator mutex groups: 4
Translator total mutex groups size: 24
Translator operators: 234
Translator axioms: 0
Translator task size: 1064
Translator peak memory: 44344 KB
Writing output... [0.000s CPU, 0.040s wall-clock]
Done! [0.070s CPU, 0.488s wall-clock]
INFO     Running preprocessor (release32).
INFO     preprocessor input: output.sas
INFO     preprocessor arguments: []
INFO     preprocessor time limit: None
INFO     preprocessor memory limit: None
INFO     callstring: /mnt/data_server/torralba/subdominization/training/data/training_satellite/code-70296b3db083/builds/release32/bin/preprocess < output.sas
Building causal graph...
The causal graph is not acyclic.
24 variables of 36 necessary
0 of 4 mutex groups necessary.
150 of 234 operators necessary.
0 of 0 axiom rules necessary.
Initializing mutex computation...
Mutex computation initialized with 64 fluents.
iteration for mutex detection and operator pruning
Initialize m_index fw
Initialized mvalues forward: reached=576, notReached=3360, spurious=160
Initialize m_ops fw
Computing mutexes...
Mutex computation finished with reached=3904, notReached=32, spurious=160
0 operators are spurious because were not triggered
H^2 mutexes added fw: 32, unreachable: 0
0 of 150 operators detected as spurious
iteration for mutex detection and operator pruning
Initialize m_index bw
Init values regression
Initialized mvalues backward: reached=3204, notReached=700, spurious=192
Initialize m_ops bw
Computing mutexes...
Mutex computation finished with reached=3904, notReached=0, spurious=192
0 operators are spurious because were not triggered
H^2 mutexes added bw: 0, unreachable: 0
0 of 150 operators detected as spurious
Total mutex and disambiguation time: 0.003929 iterations: 2
16 of 16 mutex groups necessary.
150 of 150 operators necessary.
0 of 0 axiom rules necessary.
Change id of operators: 150
Change id of mutexes
Change id of goals
Change id of initial state
Remove unreachable facts from variables: 24
16 of 16 mutex groups necessary.
150 of 150 operators necessary.
0 of 0 axiom rules necessary.
Updating causal graph and pruning unnecessary facts
24 variables of 24 of 36 necessary
The causal graph is not acyclic.
24 variables of 24 necessary
16 of 16 mutex groups necessary.
150 of 150 operators necessary.
0 of 0 axiom rules necessary.
Building domain transition graphs...
solveable in poly time 0
Building successor generator...
Preprocessor variables: 24
Preprocessor facts: 64
Preprocessor derived variables: 0
Preprocessor operators: 150
Preprocessor mutex groups: 16
Preprocessor task size: 616
Writing output...
Preprocessor time: 0.0106997s
Preprocessor peak memory: 2228 KB
done
INFO     Running search (release32).
INFO     search input: output
INFO     search arguments: ['--search', 'sbd(store_operators_in_optimal_plan=true, cost_type=1)']
INFO     search time limit: 3600s
INFO     search memory limit: 4096 MB
INFO     search executable: /mnt/data_server/torralba/subdominization/training/data/training_satellite/code-70296b3db083/builds/release32/bin/downward
INFO     callstring: /mnt/data_server/torralba/subdominization/training/data/training_satellite/code-70296b3db083/builds/release32/bin/downward --search 'sbd(store_operators_in_optimal_plan=true, cost_type=1)' --internal-plan-file sas_plan < output
time limit 3600.00 -> (3600, 3601)
reading input... [t=0.00015292s]
done reading input! [t=0.00164603s]
packing state variables...done! [t=0.00165955s]
Variables: 24
FactPairs: 64
Bytes per state: 4
Building successor generator...done! [t=0.0018091s]
done initalizing global data [t=0.00181413s]
TR(time=60000, nodes=100000)
Mutex(time=60000, nodes=100000, type=edeletion)
Aux(time=2000, nodes=1000000)
Disj(nodes=2147483647)
Estimation: min_time(1000) time_penalty +(1000)*(2) nodes_penalty +(1000)*(2)
MaxStep(time=30000, nodes=100000000, nodes_per_planning_second=100)
Ratio useful: 0
   Min alloted time: 60000 nodes: 10000000
   Max alloted time: 60000 nodes: 15000000
   Mult alloted time: 2 nodes: 2
   Ratio after relax: 0.8
building causal graph...done! [t=9.9974e-05s]
Sym variable order: 7 4 8 9 5 6 1 0 16 22 3 23 21 19 20 17 18 2 14 12 15 10 13 11 
Initializing Symbolic Variables
Num variables: 24 => 32
Initialize Symbolic Manager(64, 250000, 16000000, 0)
Generating binary variables
Symbolic Variables... Done.
BOUND: 1 < 2147483647, total time: 0.431558s
BOUND: 2 < 2147483647, total time: 0.431741s
BOUND: 3 < 2147483647, total time: 0.432065s
BOUND: 4 < 2147483647, total time: 0.432552s
BOUND: 5 < 2147483647, total time: 0.432894s
Solution found with cost 5 total time: 0.433286s
Merging: 1
3 0.436068 1 55
Merging: 4
2 0.438198 1 56
Merging: 4
1 0.440266 1 50
Merging: 1
2 0.442131 1 55
Merging: 4
1 0.443495 1 49
BOUND: 5 < 5, total time: 0.444654s
Actual search time: 0.0132925s [t=0.444885s]
turn_to satellite3 star1 groundstation2 (1)
switch_on instrument2 satellite2 (1)
calibrate satellite2 instrument2 star0 (1)
turn_to satellite2 phenomenon5 star0 (1)
take_image satellite2 phenomenon5 instrument2 infrared0 (1)
Plan length: 5 step(s).
Plan cost: 5
Bytes per state: 4
Search time: 0.0186957s
Total time: 0.444894s
Solution found.
Peak memory: 210052 KB
Running single search parser
