INFO     Running translator.
INFO     translator input: ['domain.pddl', 'problem.pddl']
INFO     translator arguments: []
INFO     translator time limit: None
INFO     translator memory limit: None
INFO     callstring: /usr/bin/python /mnt/data_server/torralba/subdominization/training/data/training_satellite/code-70296b3db083/builds/release32/bin/translate/translate.py domain.pddl problem.pddl
Parsing...
Parsing: [0.000s CPU, 0.031s wall-clock]
Normalizing task... [0.000s CPU, 0.000s wall-clock]
Instantiating...
Generating Datalog program... [0.000s CPU, 0.001s wall-clock]
Normalizing Datalog program...
Normalizing Datalog program: [0.010s CPU, 0.019s wall-clock]
Preparing model... [0.000s CPU, 0.003s wall-clock]
Generated 31 rules.
Computing model... [0.030s CPU, 0.032s wall-clock]
1072 relevant atoms
327 auxiliary atoms
1399 final queue length
2146 total queue pushes
Completing instantiation... [0.050s CPU, 0.046s wall-clock]
Instantiating: [0.090s CPU, 0.132s wall-clock]
Computing fact groups...
Finding invariants...
12 initial candidates
Finding invariants: [0.000s CPU, 0.004s wall-clock]
Checking invariant weight... [0.000s CPU, 0.000s wall-clock]
Instantiating groups... [0.000s CPU, 0.000s wall-clock]
Collecting mutex groups... [0.000s CPU, 0.000s wall-clock]
Choosing groups...
61 uncovered facts
Choosing groups: [0.000s CPU, 0.000s wall-clock]
Building translation key... [0.000s CPU, 0.001s wall-clock]
Computing fact groups: [0.000s CPU, 0.007s wall-clock]
Building STRIPS to SAS dictionary... [0.000s CPU, 0.000s wall-clock]
Building dictionary for full mutex groups... [0.000s CPU, 0.000s wall-clock]
Building mutex information...
Building mutex information: [0.000s CPU, 0.001s wall-clock]
Translating task...
Processing axioms...
Simplifying axioms... [0.000s CPU, 0.000s wall-clock]
Processing axioms: [0.010s CPU, 0.002s wall-clock]
Translating task: [0.050s CPU, 0.048s wall-clock]
24 effect conditions simplified
0 implied preconditions added
Detecting unreachable propositions...
0 operators removed
0 axioms removed
3 propositions removed
Detecting unreachable propositions: [0.030s CPU, 0.027s wall-clock]
Translator variables: 64
Translator derived variables: 0
Translator facts: 164
Translator goal facts: 4
Translator mutex groups: 3
Translator total mutex groups size: 42
Translator operators: 802
Translator axioms: 0
Translator task size: 3168
Translator peak memory: 46892 KB
Writing output... [0.010s CPU, 0.017s wall-clock]
Done! [0.180s CPU, 0.266s wall-clock]
INFO     Running preprocessor (release32).
INFO     preprocessor input: output.sas
INFO     preprocessor arguments: []
INFO     preprocessor time limit: None
INFO     preprocessor memory limit: None
INFO     callstring: /mnt/data_server/torralba/subdominization/training/data/training_satellite/code-70296b3db083/builds/release32/bin/preprocess < output.sas
Building causal graph...
The causal graph is not acyclic.
26 variables of 64 necessary
0 of 3 mutex groups necessary.
599 of 802 operators necessary.
0 of 0 axiom rules necessary.
Initializing mutex computation...
Mutex computation initialized with 88 fluents.
iteration for mutex detection and operator pruning
Initialize m_index fw
Initialized mvalues forward: reached=676, notReached=6476, spurious=592
Initialize m_ops fw
Computing mutexes...
Mutex computation finished with reached=7122, notReached=30, spurious=592
0 operators are spurious because were not triggered
H^2 mutexes added fw: 30, unreachable: 0
0 of 599 operators detected as spurious
iteration for mutex detection and operator pruning
Initialize m_index bw
Init values regression
Initialized mvalues backward: reached=6442, notReached=680, spurious=622
Initialize m_ops bw
Computing mutexes...
Mutex computation finished with reached=7122, notReached=0, spurious=622
0 operators are spurious because were not triggered
H^2 mutexes added bw: 0, unreachable: 0
0 of 599 operators detected as spurious
Total mutex and disambiguation time: 0.018355 iterations: 2
15 of 15 mutex groups necessary.
599 of 599 operators necessary.
0 of 0 axiom rules necessary.
Change id of operators: 599
Change id of mutexes
Change id of goals
Change id of initial state
Remove unreachable facts from variables: 26
15 of 15 mutex groups necessary.
599 of 599 operators necessary.
0 of 0 axiom rules necessary.
Updating causal graph and pruning unnecessary facts
26 variables of 26 of 64 necessary
The causal graph is not acyclic.
26 variables of 26 necessary
15 of 15 mutex groups necessary.
599 of 599 operators necessary.
0 of 0 axiom rules necessary.
Building domain transition graphs...
solveable in poly time 0
Building successor generator...
Preprocessor variables: 26
Preprocessor facts: 88
Preprocessor derived variables: 0
Preprocessor operators: 599
Preprocessor mutex groups: 15
Preprocessor task size: 2027
Writing output...
Preprocessor time: 0.0385093s
Preprocessor peak memory: 2404 KB
done
INFO     Running search (release32).
INFO     search input: output
INFO     search arguments: ['--search', 'sbd(store_operators_in_optimal_plan=true, cost_type=1)']
INFO     search time limit: 3600s
INFO     search memory limit: 4096 MB
INFO     search executable: /mnt/data_server/torralba/subdominization/training/data/training_satellite/code-70296b3db083/builds/release32/bin/downward
INFO     callstring: /mnt/data_server/torralba/subdominization/training/data/training_satellite/code-70296b3db083/builds/release32/bin/downward --search 'sbd(store_operators_in_optimal_plan=true, cost_type=1)' --internal-plan-file sas_plan < output
time limit 3600.00 -> (3600, 3601)
reading input... [t=0.00012273s]
done reading input! [t=0.00461272s]
packing state variables...done! [t=0.00462669s]
Variables: 26
FactPairs: 88
Bytes per state: 8
Building successor generator...done! [t=0.00502799s]
done initalizing global data [t=0.00503502s]
TR(time=60000, nodes=100000)
Mutex(time=60000, nodes=100000, type=edeletion)
Aux(time=2000, nodes=1000000)
Disj(nodes=2147483647)
Estimation: min_time(1000) time_penalty +(1000)*(2) nodes_penalty +(1000)*(2)
MaxStep(time=30000, nodes=100000000, nodes_per_planning_second=100)
Ratio useful: 0
   Min alloted time: 60000 nodes: 10000000
   Max alloted time: 60000 nodes: 15000000
   Mult alloted time: 2 nodes: 2
   Ratio after relax: 0.8
building causal graph...done! [t=0.000149398s]
Sym variable order: 18 15 23 16 20 17 19 2 24 1 21 22 13 25 11 14 10 0 9 3 12 8 4 7 6 5 
Initializing Symbolic Variables
Num variables: 26 => 35
Initialize Symbolic Manager(70, 228571, 16000000, 0)
Generating binary variables
Symbolic Variables... Done.
BOUND: 1 < 2147483647, total time: 0.539869s
BOUND: 2 < 2147483647, total time: 0.540123s
BOUND: 3 < 2147483647, total time: 0.540759s
BOUND: 4 < 2147483647, total time: 0.541147s
BOUND: 5 < 2147483647, total time: 0.541699s
BOUND: 6 < 2147483647, total time: 0.542483s
BOUND: 7 < 2147483647, total time: 0.544414s
BOUND: 8 < 2147483647, total time: 0.545743s
BOUND: 9 < 2147483647, total time: 0.548049s
BOUND: 10 < 2147483647, total time: 0.55343s
BOUND: 11 < 2147483647, total time: 0.558131s
Solution found with cost 11 total time: 0.566748s
Merging: 1
7 0.58709 1 139
Merging: 8
6 0.606103 1 123
Merging: 24
5 0.623386 1 110
Merging: 8
4 0.637412 1 69
Merging: 12
3 0.647063 1 67
Merging: 3
2 0.65616 1 67
Merging: 5
1 0.665228 1 68
Merging: 1
4 0.675477 1 139
Merging: 24
3 0.686493 1 139
Merging: 8
2 0.696773 1 123
Merging: 24
1 0.704537 1 110
BOUND: 11 < 11, total time: 0.711079s
Actual search time: 0.171933s [t=0.711837s]
turn_to satellite1 groundstation1 star9 (1)
switch_on instrument4 satellite1 (1)
calibrate satellite1 instrument4 groundstation1 (1)
turn_to satellite1 star10 groundstation1 (1)
take_image satellite1 star10 instrument4 thermograph1 (1)
turn_to satellite1 phenomenon12 star10 (1)
take_image satellite1 phenomenon12 instrument4 spectrograph0 (1)
turn_to satellite1 star11 phenomenon12 (1)
take_image satellite1 star11 instrument4 spectrograph0 (1)
turn_to satellite1 star13 star11 (1)
take_image satellite1 star13 instrument4 thermograph2 (1)
Plan length: 11 step(s).
Plan cost: 11
Bytes per state: 8
Search time: 0.187823s
Total time: 0.711846s
Solution found.
Peak memory: 217936 KB
Running single search parser
