INFO     Running translator.
INFO     translator input: ['domain.pddl', 'problem.pddl']
INFO     translator arguments: []
INFO     translator time limit: None
INFO     translator memory limit: None
INFO     callstring: /usr/bin/python /mnt/data_server/torralba/subdominization/training/data/training_satellite/code-70296b3db083/builds/release32/bin/translate/translate.py domain.pddl problem.pddl
Parsing...
Parsing: [0.000s CPU, 0.018s wall-clock]
Normalizing task... [0.000s CPU, 0.000s wall-clock]
Instantiating...
Generating Datalog program... [0.000s CPU, 0.001s wall-clock]
Normalizing Datalog program...
Normalizing Datalog program: [0.010s CPU, 0.054s wall-clock]
Preparing model... [0.000s CPU, 0.003s wall-clock]
Generated 31 rules.
Computing model... [0.050s CPU, 0.048s wall-clock]
1794 relevant atoms
456 auxiliary atoms
2250 final queue length
3577 total queue pushes
Completing instantiation... [0.080s CPU, 0.079s wall-clock]
Instantiating: [0.140s CPU, 0.212s wall-clock]
Computing fact groups...
Finding invariants...
12 initial candidates
Finding invariants: [0.000s CPU, 0.004s wall-clock]
Checking invariant weight... [0.000s CPU, 0.000s wall-clock]
Instantiating groups... [0.000s CPU, 0.000s wall-clock]
Collecting mutex groups... [0.000s CPU, 0.000s wall-clock]
Choosing groups...
97 uncovered facts
Choosing groups: [0.000s CPU, 0.000s wall-clock]
Building translation key... [0.000s CPU, 0.001s wall-clock]
Computing fact groups: [0.000s CPU, 0.008s wall-clock]
Building STRIPS to SAS dictionary... [0.010s CPU, 0.000s wall-clock]
Building dictionary for full mutex groups... [0.000s CPU, 0.000s wall-clock]
Building mutex information...
Building mutex information: [0.000s CPU, 0.000s wall-clock]
Translating task...
Processing axioms...
Simplifying axioms... [0.000s CPU, 0.000s wall-clock]
Processing axioms: [0.000s CPU, 0.004s wall-clock]
Translating task: [0.080s CPU, 0.084s wall-clock]
27 effect conditions simplified
0 implied preconditions added
Detecting unreachable propositions...
0 operators removed
0 axioms removed
3 propositions removed
Detecting unreachable propositions: [0.040s CPU, 0.047s wall-clock]
Translator variables: 100
Translator derived variables: 0
Translator facts: 251
Translator goal facts: 3
Translator mutex groups: 3
Translator total mutex groups size: 57
Translator operators: 1418
Translator axioms: 0
Translator task size: 5408
Translator peak memory: 50052 KB
Writing output... [0.010s CPU, 0.084s wall-clock]
Done! [0.300s CPU, 0.457s wall-clock]
INFO     Running preprocessor (release32).
INFO     preprocessor input: output.sas
INFO     preprocessor arguments: []
INFO     preprocessor time limit: None
INFO     preprocessor memory limit: None
INFO     callstring: /mnt/data_server/torralba/subdominization/training/data/training_satellite/code-70296b3db083/builds/release32/bin/preprocess < output.sas
Building causal graph...
The causal graph is not acyclic.
26 variables of 100 necessary
0 of 3 mutex groups necessary.
1088 of 1418 operators necessary.
0 of 0 axiom rules necessary.
Initializing mutex computation...
Mutex computation initialized with 103 fluents.
iteration for mutex detection and operator pruning
Initialize m_index fw
Initialized mvalues forward: reached=676, notReached=8861, spurious=1072
Initialize m_ops fw
Computing mutexes...
Mutex computation finished with reached=9499, notReached=38, spurious=1072
0 operators are spurious because were not triggered
H^2 mutexes added fw: 38, unreachable: 0
0 of 1088 operators detected as spurious
iteration for mutex detection and operator pruning
Initialize m_index bw
Init values regression
Initialized mvalues backward: reached=6125, notReached=3374, spurious=1110
Initialize m_ops bw
Computing mutexes...
Mutex computation finished with reached=9499, notReached=0, spurious=1110
0 operators are spurious because were not triggered
H^2 mutexes added bw: 0, unreachable: 0
0 of 1088 operators detected as spurious
Total mutex and disambiguation time: 0.037193 iterations: 2
19 of 19 mutex groups necessary.
1088 of 1088 operators necessary.
0 of 0 axiom rules necessary.
Change id of operators: 1088
Change id of mutexes
Change id of goals
Change id of initial state
Remove unreachable facts from variables: 26
19 of 19 mutex groups necessary.
1088 of 1088 operators necessary.
0 of 0 axiom rules necessary.
Updating causal graph and pruning unnecessary facts
26 variables of 26 of 100 necessary
The causal graph is not acyclic.
26 variables of 26 necessary
19 of 19 mutex groups necessary.
1088 of 1088 operators necessary.
0 of 0 axiom rules necessary.
Building domain transition graphs...
solveable in poly time 0
Building successor generator...
Preprocessor variables: 26
Preprocessor facts: 103
Preprocessor derived variables: 0
Preprocessor operators: 1088
Preprocessor mutex groups: 19
Preprocessor task size: 3517
Writing output...
Preprocessor time: 0.0727475s
Preprocessor peak memory: 2872 KB
done
INFO     Running search (release32).
INFO     search input: output
INFO     search arguments: ['--search', 'sbd(store_operators_in_optimal_plan=true, cost_type=1)']
INFO     search time limit: 3600s
INFO     search memory limit: 4096 MB
INFO     search executable: /mnt/data_server/torralba/subdominization/training/data/training_satellite/code-70296b3db083/builds/release32/bin/downward
INFO     callstring: /mnt/data_server/torralba/subdominization/training/data/training_satellite/code-70296b3db083/builds/release32/bin/downward --search 'sbd(store_operators_in_optimal_plan=true, cost_type=1)' --internal-plan-file sas_plan < output
time limit 3600.00 -> (3600, 3601)
reading input... [t=0.000118076s]
done reading input! [t=0.00778503s]
packing state variables...done! [t=0.00780003s]
Variables: 26
FactPairs: 103
Bytes per state: 8
Building successor generator...done! [t=0.00842203s]
done initalizing global data [t=0.00842967s]
TR(time=60000, nodes=100000)
Mutex(time=60000, nodes=100000, type=edeletion)
Aux(time=2000, nodes=1000000)
Disj(nodes=2147483647)
Estimation: min_time(1000) time_penalty +(1000)*(2) nodes_penalty +(1000)*(2)
MaxStep(time=30000, nodes=100000000, nodes_per_planning_second=100)
Ratio useful: 0
   Min alloted time: 60000 nodes: 10000000
   Max alloted time: 60000 nodes: 15000000
   Mult alloted time: 2 nodes: 2
   Ratio after relax: 0.8
building causal graph...done! [t=0.000169612s]
Sym variable order: 10 18 11 17 14 1 16 12 15 13 25 5 23 7 0 9 3 6 8 2 4 24 19 22 20 21 
Initializing Symbolic Variables
Num variables: 26 => 38
Initialize Symbolic Manager(76, 210526, 16000000, 0)
Generating binary variables
Symbolic Variables... Done.
BOUND: 1 < 2147483647, total time: 0.519753s
BOUND: 2 < 2147483647, total time: 0.520096s
BOUND: 3 < 2147483647, total time: 0.520731s
BOUND: 4 < 2147483647, total time: 0.521274s
BOUND: 5 < 2147483647, total time: 0.522157s
BOUND: 6 < 2147483647, total time: 0.523273s
BOUND: 7 < 2147483647, total time: 0.524575s
BOUND: 8 < 2147483647, total time: 0.526843s
Solution found with cost 8 total time: 0.52868s
Merging: 1
5 0.543297 1 91
Merging: 17
4 0.569357 1 94
Merging: 23
3 0.596808 1 90
Merging: 17
2 0.620585 1 100
Merging: 12
1 0.648565 1 79
Merging: 1
3 0.671317 1 91
Merging: 9
2 0.685113 1 93
Merging: 9
1 0.696149 1 87
BOUND: 8 < 8, total time: 0.706316s
Actual search time: 0.186957s [t=0.706757s]
turn_to satellite0 star1 phenomenon18 (1)
switch_on instrument2 satellite0 (1)
calibrate satellite0 instrument2 star1 (1)
turn_to satellite0 phenomenon18 star1 (1)
take_image satellite0 phenomenon18 instrument2 spectrograph2 (1)
turn_to satellite0 planet16 phenomenon18 (1)
take_image satellite0 planet16 instrument2 thermograph1 (1)
turn_to satellite0 star11 planet16 (1)
Plan length: 8 step(s).
Plan cost: 8
Bytes per state: 8
Search time: 0.210625s
Total time: 0.706768s
Solution found.
Peak memory: 224128 KB
Running single search parser
