INFO     Running translator.
INFO     translator input: ['domain.pddl', 'problem.pddl']
INFO     translator arguments: []
INFO     translator time limit: None
INFO     translator memory limit: None
INFO     callstring: /usr/bin/python /mnt/data_server/torralba/subdominization/training/data/training_tpp/code-70296b3db083/builds/release32/bin/translate/translate.py domain.pddl problem.pddl
Parsing...
Parsing: [0.000s CPU, 0.010s wall-clock]
Normalizing task... [0.000s CPU, 0.000s wall-clock]
Instantiating...
Generating Datalog program... [0.000s CPU, 0.001s wall-clock]
Normalizing Datalog program...
Normalizing Datalog program: [0.010s CPU, 0.010s wall-clock]
Preparing model... [0.000s CPU, 0.003s wall-clock]
Generated 45 rules.
Computing model... [0.030s CPU, 0.023s wall-clock]
329 relevant atoms
670 auxiliary atoms
999 final queue length
1179 total queue pushes
Completing instantiation... [0.010s CPU, 0.013s wall-clock]
Instantiating: [0.050s CPU, 0.054s wall-clock]
Computing fact groups...
Finding invariants...
18 initial candidates
Finding invariants: [0.010s CPU, 0.010s wall-clock]
Checking invariant weight... [0.000s CPU, 0.001s wall-clock]
Instantiating groups... [0.000s CPU, 0.003s wall-clock]
Collecting mutex groups... [0.000s CPU, 0.000s wall-clock]
Choosing groups...
26 uncovered facts
Choosing groups: [0.010s CPU, 0.001s wall-clock]
Building translation key... [0.000s CPU, 0.001s wall-clock]
Computing fact groups: [0.020s CPU, 0.018s wall-clock]
Building STRIPS to SAS dictionary... [0.000s CPU, 0.000s wall-clock]
Building dictionary for full mutex groups... [0.000s CPU, 0.000s wall-clock]
Building mutex information...
Building mutex information: [0.000s CPU, 0.000s wall-clock]
Translating task...
Processing axioms...
Simplifying axioms... [0.000s CPU, 0.000s wall-clock]
Processing axioms: [0.000s CPU, 0.001s wall-clock]
Translating task: [0.010s CPU, 0.011s wall-clock]
0 effect conditions simplified
0 implied preconditions added
Detecting unreachable propositions...
0 operators removed
0 axioms removed
87 propositions removed
Detecting unreachable propositions: [0.000s CPU, 0.006s wall-clock]
Translator variables: 35
Translator derived variables: 0
Translator facts: 97
Translator goal facts: 6
Translator mutex groups: 35
Translator total mutex groups size: 97
Translator operators: 128
Translator axioms: 0
Translator task size: 961
Translator peak memory: 44256 KB
Writing output... [0.000s CPU, 0.008s wall-clock]
Done! [0.090s CPU, 0.109s wall-clock]
INFO     Running preprocessor (release32).
INFO     preprocessor input: output.sas
INFO     preprocessor arguments: []
INFO     preprocessor time limit: None
INFO     preprocessor memory limit: None
INFO     callstring: /mnt/data_server/torralba/subdominization/training/data/training_tpp/code-70296b3db083/builds/release32/bin/preprocess < output.sas
Building causal graph...
The causal graph is not acyclic.
35 variables of 35 necessary
0 of 35 mutex groups necessary.
128 of 128 operators necessary.
0 of 0 axiom rules necessary.
Initializing mutex computation...
Mutex computation initialized with 97 fluents.
iteration for mutex detection and operator pruning
Initialize m_index fw
Initialized mvalues forward: reached=1225, notReached=7994, spurious=190
Initialize m_ops fw
Computing mutexes...
Mutex computation finished with reached=6886, notReached=2333, spurious=190
40 operators are spurious because were not triggered
Unreachable proposition: Atom ready-to-load(goods6, market4, level2)
Unreachable proposition: Atom loaded(goods6, truck1, level2)
Unreachable proposition: Atom stored(goods6, level2)
Unreachable proposition: Atom ready-to-load(goods5, market3, level2)
Unreachable proposition: Atom ready-to-load(goods5, market4, level2)
Unreachable proposition: Atom ready-to-load(goods4, market1, level2)
Unreachable proposition: Atom ready-to-load(goods4, market2, level2)
Unreachable proposition: Atom ready-to-load(goods3, market2, level2)
Unreachable proposition: Atom ready-to-load(goods3, market3, level2)
Unreachable proposition: Atom ready-to-load(goods2, market3, level2)
Unreachable proposition: Atom ready-to-load(goods2, market4, level2)
Unreachable proposition: Atom ready-to-load(goods1, market2, level2)
Unreachable proposition: Atom ready-to-load(goods1, market4, level2)
H^2 mutexes added fw: 32, unreachable: 13
0 of 88 operators detected as spurious
iteration for mutex detection and operator pruning
Initialize m_index bw
Init values regression
Initialized mvalues backward: reached=4780, notReached=2106, spurious=2523
Initialize m_ops bw
Computing mutexes...
Mutex computation finished with reached=6403, notReached=483, spurious=2523
12 operators are spurious because were not triggered
Unreachable proposition: Atom stored(goods4, level2)
Unreachable proposition: Atom stored(goods2, level2)
Unreachable proposition: Atom stored(goods1, level2)
H^2 mutexes added bw: 0, unreachable: 3
0 of 76 operators detected as spurious
iteration for mutex detection and operator pruning
Initialize m_index fw
Initialized mvalues forward: reached=1225, notReached=5178, spurious=3006
Initialize m_ops fw
Computing mutexes...
Mutex computation finished with reached=6403, notReached=0, spurious=3006
0 operators are spurious because were not triggered
H^2 mutexes added fw: 0, unreachable: 0
0 of 76 operators detected as spurious
Total mutex and disambiguation time: 0.005794 iterations: 3
16 of 16 mutex groups necessary.
76 of 128 operators necessary.
0 of 0 axiom rules necessary.
Change id of operators: 76
Change id of mutexes
Change id of goals
Change id of initial state
Remove unreachable facts from variables: 35
16 of 16 mutex groups necessary.
76 of 76 operators necessary.
0 of 0 axiom rules necessary.
Updating causal graph and pruning unnecessary facts
35 variables of 35 of 35 necessary
The causal graph is not acyclic.
35 variables of 35 necessary
16 of 16 mutex groups necessary.
76 of 76 operators necessary.
0 of 0 axiom rules necessary.
Building domain transition graphs...
solveable in poly time 0
Building successor generator...
Preprocessor variables: 35
Preprocessor facts: 81
Preprocessor derived variables: 0
Preprocessor operators: 76
Preprocessor mutex groups: 16
Preprocessor task size: 568
Writing output...
Preprocessor time: 0.0122805s
Preprocessor peak memory: 2232 KB
done
INFO     Running search (release32).
INFO     search input: output
INFO     search arguments: ['--search', 'sbd(store_operators_in_optimal_plan=true, cost_type=1)']
INFO     search time limit: 3600s
INFO     search memory limit: 4096 MB
INFO     search executable: /mnt/data_server/torralba/subdominization/training/data/training_tpp/code-70296b3db083/builds/release32/bin/downward
INFO     callstring: /mnt/data_server/torralba/subdominization/training/data/training_tpp/code-70296b3db083/builds/release32/bin/downward --search 'sbd(store_operators_in_optimal_plan=true, cost_type=1)' --internal-plan-file sas_plan < output
time limit 3600.00 -> (3600, 3601)
reading input... [t=0.000150563s]
done reading input! [t=0.00140677s]
packing state variables...done! [t=0.00142363s]
Variables: 35
FactPairs: 81
Bytes per state: 8
Building successor generator...done! [t=0.00160682s]
done initalizing global data [t=0.00161287s]
TR(time=60000, nodes=100000)
Mutex(time=60000, nodes=100000, type=edeletion)
Aux(time=2000, nodes=1000000)
Disj(nodes=2147483647)
Estimation: min_time(1000) time_penalty +(1000)*(2) nodes_penalty +(1000)*(2)
MaxStep(time=30000, nodes=100000000, nodes_per_planning_second=100)
Ratio useful: 0
   Min alloted time: 60000 nodes: 10000000
   Max alloted time: 60000 nodes: 15000000
   Mult alloted time: 2 nodes: 2
   Ratio after relax: 0.8
building causal graph...done! [t=0.000141577s]
Sym variable order: 4 3 2 1 30 32 33 34 31 29 11 13 16 15 14 12 24 0 26 28 27 25 23 17 19 21 22 20 18 6 8 9 10 7 5 
Initializing Symbolic Variables
Num variables: 35 => 44
Initialize Symbolic Manager(88, 181818, 16000000, 0)
Generating binary variables
Symbolic Variables... Done.
BOUND: 1 < 2147483647, total time: 0.510222s
BOUND: 2 < 2147483647, total time: 0.510404s
BOUND: 3 < 2147483647, total time: 0.510737s
BOUND: 4 < 2147483647, total time: 0.510848s
BOUND: 5 < 2147483647, total time: 0.511111s
BOUND: 6 < 2147483647, total time: 0.511465s
BOUND: 7 < 2147483647, total time: 0.512016s
BOUND: 8 < 2147483647, total time: 0.51254s
BOUND: 9 < 2147483647, total time: 0.513475s
BOUND: 10 < 2147483647, total time: 0.514273s
BOUND: 11 < 2147483647, total time: 0.515749s
BOUND: 12 < 2147483647, total time: 0.516905s
BOUND: 13 < 2147483647, total time: 0.518476s
BOUND: 14 < 2147483647, total time: 0.520836s
BOUND: 15 < 2147483647, total time: 0.523204s
BOUND: 16 < 2147483647, total time: 0.526587s
BOUND: 17 < 2147483647, total time: 0.529954s
BOUND: 18 < 2147483647, total time: 0.535432s
BOUND: 19 < 2147483647, total time: 0.54018s
BOUND: 20 < 2147483647, total time: 0.546834s
BOUND: 21 < 2147483647, total time: 0.553042s
BOUND: 22 < 2147483647, total time: 0.561875s
BOUND: 23 < 2147483647, total time: 0.570605s
BOUND: 24 < 2147483647, total time: 0.582602s
BOUND: 25 < 2147483647, total time: 0.594656s
BOUND: 26 < 2147483647, total time: 0.608204s
BOUND: 27 < 2147483647, total time: 0.625223s
BOUND: 28 < 2147483647, total time: 0.640915s
BOUND: 29 < 2147483647, total time: 0.660349s
BOUND: 30 < 2147483647, total time: 0.681438s
Solution found with cost 30 total time: 0.69242s
Merging: 1
14 0.702439 1 619
Merging: 34
13 0.721874 1 686
Merging: 34
12 0.740703 1 726
Merging: 34
11 0.760145 1 719
Merging: 34
10 0.779278 1 658
Merging: 34
9 0.795662 1 568
Merging: 32
8 0.80988 1 483
Merging: 27
7 0.822297 1 426
Merging: 24
6 0.833332 1 380
Merging: 23
5 0.843347 1 323
Merging: 22
4 0.851362 1 249
Merging: 22
3 0.856998 1 159
Merging: 15
2 0.860147 1 68
Merging: 5
1 0.861482 1 45
Merging: 1
16 0.862312 1 619
Merging: 28
15 0.870023 1 567
Merging: 24
14 0.874087 1 507
Merging: 23
13 0.877332 1 444
Merging: 23
12 0.87996 1 361
Merging: 23
11 0.882112 1 246
Merging: 15
10 0.88352 1 112
Merging: 5
9 0.884311 1 66
Merging: 2
8 0.884763 1 64
Merging: 12
7 0.885692 1 133
Merging: 16
6 0.88746 1 193
Merging: 16
5 0.889732 1 228
Merging: 16
4 0.892233 1 242
Merging: 16
3 0.894254 1 229
Merging: 16
2 0.89608 1 194
Merging: 16
1 0.897292 1 135
BOUND: 30 < 30, total time: 0.897846s
Actual search time: 0.394531s [t=0.904817s]
drive truck1 depot2 market2 (1)
buy truck1 goods4 market2 level0 level1 level0 level1 (1)
load goods4 truck1 market2 level0 level1 level0 level1 (1)
buy truck1 goods3 market2 level0 level1 level0 level1 (1)
load goods3 truck1 market2 level0 level1 level0 level1 (1)
drive truck1 market2 market3 (1)
buy truck1 goods5 market3 level0 level1 level0 level1 (1)
load goods5 truck1 market3 level0 level1 level0 level1 (1)
buy truck1 goods3 market3 level0 level1 level0 level1 (1)
load goods3 truck1 market3 level0 level1 level1 level2 (1)
buy truck1 goods2 market3 level0 level1 level0 level1 (1)
load goods2 truck1 market3 level0 level1 level0 level1 (1)
drive truck1 market3 market2 (1)
buy truck1 goods1 market2 level0 level1 level0 level1 (1)
drive truck1 market2 market4 (1)
buy truck1 goods5 market4 level0 level1 level0 level1 (1)
buy truck1 goods6 market4 level0 level1 level0 level1 (1)
load goods5 truck1 market4 level0 level1 level1 level2 (1)
load goods6 truck1 market4 level0 level1 level0 level1 (1)
drive truck1 market4 market2 (1)
load goods1 truck1 market2 level0 level1 level0 level1 (1)
drive truck1 market2 depot1 (1)
unload goods1 truck1 depot1 level0 level1 level0 level1 (1)
unload goods2 truck1 depot1 level0 level1 level0 level1 (1)
unload goods3 truck1 depot1 level1 level2 level0 level1 (1)
unload goods3 truck1 depot1 level0 level1 level1 level2 (1)
unload goods4 truck1 depot1 level0 level1 level0 level1 (1)
unload goods5 truck1 depot1 level1 level2 level0 level1 (1)
unload goods5 truck1 depot1 level0 level1 level1 level2 (1)
unload goods6 truck1 depot1 level0 level1 level0 level1 (1)
Plan length: 30 step(s).
Plan cost: 30
Bytes per state: 8
Search time: 0.400246s
Total time: 0.904839s
Solution found.
Peak memory: 237924 KB
Running single search parser
