INFO     Running translator.
INFO     translator input: ['domain.pddl', 'problem.pddl']
INFO     translator arguments: []
INFO     translator time limit: None
INFO     translator memory limit: None
INFO     callstring: /usr/bin/python /mnt/data_server/torralba/subdominization/training/data/training_satellite/code-70296b3db083/builds/release32/bin/translate/translate.py domain.pddl problem.pddl
Parsing...
Parsing: [0.000s CPU, 0.009s wall-clock]
Normalizing task... [0.000s CPU, 0.000s wall-clock]
Instantiating...
Generating Datalog program... [0.000s CPU, 0.001s wall-clock]
Normalizing Datalog program...
Normalizing Datalog program: [0.010s CPU, 0.008s wall-clock]
Preparing model... [0.000s CPU, 0.002s wall-clock]
Generated 31 rules.
Computing model... [0.020s CPU, 0.026s wall-clock]
881 relevant atoms
223 auxiliary atoms
1104 final queue length
1742 total queue pushes
Completing instantiation... [0.030s CPU, 0.039s wall-clock]
Instantiating: [0.070s CPU, 0.081s wall-clock]
Computing fact groups...
Finding invariants...
12 initial candidates
Finding invariants: [0.000s CPU, 0.004s wall-clock]
Checking invariant weight... [0.000s CPU, 0.000s wall-clock]
Instantiating groups... [0.000s CPU, 0.000s wall-clock]
Collecting mutex groups... [0.000s CPU, 0.000s wall-clock]
Choosing groups...
39 uncovered facts
Choosing groups: [0.000s CPU, 0.000s wall-clock]
Building translation key... [0.010s CPU, 0.001s wall-clock]
Computing fact groups: [0.010s CPU, 0.006s wall-clock]
Building STRIPS to SAS dictionary... [0.000s CPU, 0.000s wall-clock]
Building dictionary for full mutex groups... [0.000s CPU, 0.000s wall-clock]
Building mutex information...
Building mutex information: [0.000s CPU, 0.000s wall-clock]
Translating task...
Processing axioms...
Simplifying axioms... [0.000s CPU, 0.000s wall-clock]
Processing axioms: [0.000s CPU, 0.002s wall-clock]
Translating task: [0.040s CPU, 0.042s wall-clock]
12 effect conditions simplified
0 implied preconditions added
Detecting unreachable propositions...
0 operators removed
0 axioms removed
3 propositions removed
Detecting unreachable propositions: [0.020s CPU, 0.023s wall-clock]
Translator variables: 42
Translator derived variables: 0
Translator facts: 120
Translator goal facts: 6
Translator mutex groups: 3
Translator total mutex groups size: 42
Translator operators: 671
Translator axioms: 0
Translator task size: 2464
Translator peak memory: 46068 KB
Writing output... [0.010s CPU, 0.011s wall-clock]
Done! [0.150s CPU, 0.175s wall-clock]
INFO     Running preprocessor (release32).
INFO     preprocessor input: output.sas
INFO     preprocessor arguments: []
INFO     preprocessor time limit: None
INFO     preprocessor memory limit: None
INFO     callstring: /mnt/data_server/torralba/subdominization/training/data/training_satellite/code-70296b3db083/builds/release32/bin/preprocess < output.sas
Building causal graph...
The causal graph is not acyclic.
18 variables of 42 necessary
0 of 3 mutex groups necessary.
575 of 671 operators necessary.
0 of 0 axiom rules necessary.
Initializing mutex computation...
Mutex computation initialized with 72 fluents.
iteration for mutex detection and operator pruning
Initialize m_index fw
Initialized mvalues forward: reached=324, notReached=4284, spurious=576
Initialize m_ops fw
Computing mutexes...
Mutex computation finished with reached=4594, notReached=14, spurious=576
0 operators are spurious because were not triggered
H^2 mutexes added fw: 14, unreachable: 0
0 of 575 operators detected as spurious
iteration for mutex detection and operator pruning
Initialize m_index bw
Init values regression
Initialized mvalues backward: reached=1546, notReached=3048, spurious=590
Initialize m_ops bw
Computing mutexes...
Mutex computation finished with reached=4594, notReached=0, spurious=590
0 operators are spurious because were not triggered
H^2 mutexes added bw: 0, unreachable: 0
0 of 575 operators detected as spurious
Total mutex and disambiguation time: 0.014148 iterations: 2
7 of 7 mutex groups necessary.
575 of 575 operators necessary.
0 of 0 axiom rules necessary.
Change id of operators: 575
Change id of mutexes
Change id of goals
Change id of initial state
Remove unreachable facts from variables: 18
7 of 7 mutex groups necessary.
575 of 575 operators necessary.
0 of 0 axiom rules necessary.
Updating causal graph and pruning unnecessary facts
18 variables of 18 of 42 necessary
The causal graph is not acyclic.
18 variables of 18 necessary
7 of 7 mutex groups necessary.
575 of 575 operators necessary.
0 of 0 axiom rules necessary.
Building domain transition graphs...
solveable in poly time 0
Building successor generator...
Preprocessor variables: 18
Preprocessor facts: 72
Preprocessor derived variables: 0
Preprocessor operators: 575
Preprocessor mutex groups: 7
Preprocessor task size: 1884
Writing output...
Preprocessor time: 0.0306397s
Preprocessor peak memory: 2388 KB
done
INFO     Running search (release32).
INFO     search input: output
INFO     search arguments: ['--search', 'sbd(store_operators_in_optimal_plan=true, cost_type=1)']
INFO     search time limit: 3600s
INFO     search memory limit: 4096 MB
INFO     search executable: /mnt/data_server/torralba/subdominization/training/data/training_satellite/code-70296b3db083/builds/release32/bin/downward
INFO     callstring: /mnt/data_server/torralba/subdominization/training/data/training_satellite/code-70296b3db083/builds/release32/bin/downward --search 'sbd(store_operators_in_optimal_plan=true, cost_type=1)' --internal-plan-file sas_plan < output
time limit 3600.00 -> (3600, 3601)
reading input... [t=0.000122435s]
done reading input! [t=0.00420168s]
packing state variables...done! [t=0.00421561s]
Variables: 18
FactPairs: 72
Bytes per state: 4
Building successor generator...done! [t=0.00455318s]
done initalizing global data [t=0.0045597s]
TR(time=60000, nodes=100000)
Mutex(time=60000, nodes=100000, type=edeletion)
Aux(time=2000, nodes=1000000)
Disj(nodes=2147483647)
Estimation: min_time(1000) time_penalty +(1000)*(2) nodes_penalty +(1000)*(2)
MaxStep(time=30000, nodes=100000000, nodes_per_planning_second=100)
Ratio useful: 0
   Min alloted time: 60000 nodes: 10000000
   Max alloted time: 60000 nodes: 15000000
   Mult alloted time: 2 nodes: 2
   Ratio after relax: 0.8
building causal graph...done! [t=0.000109479s]
Sym variable order: 11 9 13 10 12 2 15 17 16 14 1 0 8 7 5 4 6 3 
Initializing Symbolic Variables
Num variables: 18 => 27
Initialize Symbolic Manager(54, 296296, 16000000, 0)
Generating binary variables
Symbolic Variables... Done.
BOUND: 1 < 2147483647, total time: 0.427162s
BOUND: 2 < 2147483647, total time: 0.427392s
BOUND: 3 < 2147483647, total time: 0.42763s
BOUND: 4 < 2147483647, total time: 0.427946s
BOUND: 5 < 2147483647, total time: 0.4284s
BOUND: 6 < 2147483647, total time: 0.428799s
BOUND: 7 < 2147483647, total time: 0.429314s
BOUND: 8 < 2147483647, total time: 0.430217s
BOUND: 9 < 2147483647, total time: 0.431033s
BOUND: 10 < 2147483647, total time: 0.432293s
BOUND: 11 < 2147483647, total time: 0.434284s
BOUND: 12 < 2147483647, total time: 0.436299s
BOUND: 13 < 2147483647, total time: 0.4391s
Solution found with cost 13 total time: 0.442207s
Merging: 1
8 0.45748 1 200
Merging: 54
7 0.488696 1 210
Merging: 54
6 0.516306 1 170
Merging: 62
5 0.539293 1 144
Merging: 40
4 0.558161 1 115
Merging: 30
3 0.572968 1 122
Merging: 16
2 0.588342 1 108
Merging: 11
1 0.60228 1 64
Merging: 1
5 0.611077 1 200
Merging: 54
4 0.62905 1 208
Merging: 54
3 0.641663 1 203
Merging: 54
2 0.652263 1 164
Merging: 37
1 0.661672 1 122
BOUND: 13 < 13, total time: 0.668448s
Actual search time: 0.241883s [t=0.669095s]
turn_to satellite1 groundstation8 planet11 (1)
turn_to satellite0 groundstation6 star3 (1)
switch_on instrument0 satellite0 (1)
calibrate satellite0 instrument0 groundstation6 (1)
turn_to satellite0 phenomenon13 groundstation6 (1)
take_image satellite0 phenomenon13 instrument0 infrared1 (1)
turn_to satellite0 phenomenon10 phenomenon13 (1)
take_image satellite0 phenomenon10 instrument0 thermograph0 (1)
turn_to satellite0 planet11 phenomenon10 (1)
take_image satellite0 planet11 instrument0 infrared1 (1)
turn_to satellite0 planet12 planet11 (1)
take_image satellite0 planet12 instrument0 thermograph0 (1)
turn_to satellite2 groundstation4 groundstation6 (1)
Plan length: 13 step(s).
Plan cost: 13
Bytes per state: 4
Search time: 0.253438s
Total time: 0.669112s
Solution found.
Peak memory: 257676 KB
Running single search parser
