INFO     Running translator.
INFO     translator input: ['domain.pddl', 'problem.pddl']
INFO     translator arguments: []
INFO     translator time limit: None
INFO     translator memory limit: None
INFO     callstring: /usr/bin/python /mnt/data_server/torralba/subdominization/training/data/training_agricola/code-70296b3db083/builds/release32/bin/translate/translate.py domain.pddl problem.pddl
Parsing...
Parsing: [0.030s CPU, 0.065s wall-clock]
Normalizing task... [0.000s CPU, 0.001s wall-clock]
Instantiating...
Generating Datalog program... [0.010s CPU, 0.006s wall-clock]
Normalizing Datalog program...
Normalizing Datalog program: [0.010s CPU, 0.019s wall-clock]
Preparing model... [0.020s CPU, 0.016s wall-clock]
Generated 258 rules.
Computing model... [2.320s CPU, 2.343s wall-clock]
59140 relevant atoms
1704 auxiliary atoms
60844 final queue length
221347 total queue pushes
Completing instantiation... [13.920s CPU, 14.008s wall-clock]
Instantiating: [16.310s CPU, 16.884s wall-clock]
Computing fact groups...
Finding invariants...
44 initial candidates
Finding invariants: [0.230s CPU, 0.237s wall-clock]
Checking invariant weight... [0.000s CPU, 0.001s wall-clock]
Instantiating groups... [0.000s CPU, 0.002s wall-clock]
Collecting mutex groups... [0.000s CPU, 0.000s wall-clock]
Choosing groups...
124 uncovered facts
Choosing groups: [0.010s CPU, 0.000s wall-clock]
Building translation key... [0.000s CPU, 0.002s wall-clock]
Computing fact groups: [0.240s CPU, 0.245s wall-clock]
Building STRIPS to SAS dictionary... [0.000s CPU, 0.000s wall-clock]
Building dictionary for full mutex groups... [0.000s CPU, 0.000s wall-clock]
Building mutex information...
Building mutex information: [0.000s CPU, 0.000s wall-clock]
Translating task...
Processing axioms...
Simplifying axioms... [0.000s CPU, 0.000s wall-clock]
Processing axioms: [0.420s CPU, 0.421s wall-clock]
Translating task: [9.620s CPU, 9.681s wall-clock]
63383 effect conditions simplified
0 implied preconditions added
Detecting unreachable propositions...
0 operators removed
0 axioms removed
35 propositions removed
Detecting unreachable propositions: [4.670s CPU, 4.687s wall-clock]
Translator variables: 120
Translator derived variables: 0
Translator facts: 271
Translator goal facts: 1
Translator mutex groups: 7
Translator total mutex groups size: 45
Translator operators: 58457
Translator axioms: 0
Translator task size: 653644
Translator peak memory: 644056 KB
Writing output... [1.350s CPU, 1.750s wall-clock]
Done! [32.530s CPU, 33.623s wall-clock]
INFO     Running preprocessor (release32).
INFO     preprocessor input: output.sas
INFO     preprocessor arguments: []
INFO     preprocessor time limit: None
INFO     preprocessor memory limit: None
INFO     callstring: /mnt/data_server/torralba/subdominization/training/data/training_agricola/code-70296b3db083/builds/release32/bin/preprocess < output.sas
Building causal graph...
The causal graph is not acyclic.
115 variables of 120 necessary
0 of 7 mutex groups necessary.
58457 of 58457 operators necessary.
0 of 0 axiom rules necessary.
Initializing mutex computation...
Mutex computation initialized with 261 fluents.
iteration for mutex detection and operator pruning
Initialize m_index fw
Initialized mvalues forward: reached=13225, notReached=54300, spurious=596
Initialize m_ops fw
Computing mutexes...
Mutex computation finished with reached=59797, notReached=7728, spurious=596
36456 operators are spurious because were not triggered
H^2 mutexes added fw: 7728, unreachable: 0
0 of 22001 operators detected as spurious
iteration for mutex detection and operator pruning
Initialize m_index bw
Init values regression
Initialized mvalues backward: reached=36565, notReached=23232, spurious=8324
Initialize m_ops bw
Computing mutexes...
Mutex computation finished with reached=59761, notReached=36, spurious=8324
0 operators are spurious because were not triggered
H^2 mutexes added bw: 36, unreachable: 0
0 of 22001 operators detected as spurious
iteration for mutex detection and operator pruning
Initialize m_index fw
Initialized mvalues forward: reached=13225, notReached=46536, spurious=8360
Initialize m_ops fw
Computing mutexes...
Mutex computation finished with reached=59761, notReached=0, spurious=8360
0 operators are spurious because were not triggered
H^2 mutexes added fw: 0, unreachable: 0
0 of 22001 operators detected as spurious
Total mutex and disambiguation time: 14.6796 iterations: 3
3882 of 3882 mutex groups necessary.
22001 of 58457 operators necessary.
0 of 0 axiom rules necessary.
Change id of operators: 22001
Change id of mutexes
Change id of goals
Change id of initial state
Remove unreachable facts from variables: 115
3882 of 3882 mutex groups necessary.
22001 of 22001 operators necessary.
0 of 0 axiom rules necessary.
Updating causal graph and pruning unnecessary facts
115 variables of 115 of 120 necessary
The causal graph is not acyclic.
115 variables of 115 necessary
3882 of 3882 mutex groups necessary.
22001 of 22001 operators necessary.
0 of 0 axiom rules necessary.
Building domain transition graphs...
solveable in poly time 0
Building successor generator...
Preprocessor variables: 115
Preprocessor facts: 261
Preprocessor derived variables: 0
Preprocessor operators: 22001
Preprocessor mutex groups: 3882
Preprocessor task size: 239948
Writing output...
Preprocessor time: 17.4881s
Preprocessor peak memory: 201556 KB
done
INFO     Running search (release32).
INFO     search input: output
INFO     search arguments: ['--search', 'sbw(store_operators_in_optimal_plan=true, cost_type=1)']
INFO     search time limit: 3600s
INFO     search memory limit: 4096 MB
INFO     search executable: /mnt/data_server/torralba/subdominization/training/data/training_agricola/code-70296b3db083/builds/release32/bin/downward
INFO     callstring: /mnt/data_server/torralba/subdominization/training/data/training_agricola/code-70296b3db083/builds/release32/bin/downward --search 'sbw(store_operators_in_optimal_plan=true, cost_type=1)' --internal-plan-file sas_plan < output
time limit 3600.00 -> (3600, 3601)
reading input... [t=0.000116535s]
done reading input! [t=0.347749s]
packing state variables...done! [t=0.347785s]
Variables: 115
FactPairs: 261
Bytes per state: 16
Building successor generator...done! [t=0.484109s]
done initalizing global data [t=0.484135s]
TR(time=60000, nodes=100000)
Mutex(time=60000, nodes=100000, type=edeletion)
Aux(time=2000, nodes=1000000)
Disj(nodes=2147483647)
Estimation: min_time(1000) time_penalty +(1000)*(2) nodes_penalty +(1000)*(2)
MaxStep(time=30000, nodes=100000000, nodes_per_planning_second=100)
Ratio useful: 0
   Min alloted time: 60000 nodes: 10000000
   Max alloted time: 60000 nodes: 15000000
   Mult alloted time: 2 nodes: 2
   Ratio after relax: 0.8
building causal graph...done! [t=0.0328063s]
Sym variable order: 0 5 17 23 25 26 29 20 16 28 19 30 22 42 56 54 40 55 37 53 50 58 51 52 107 106 73 75 74 72 76 108 103 90 91 97 85 83 111 18 11 89 87 88 32 112 104 105 82 21 41 43 46 44 45 81 39 59 49 47 57 48 27 80 99 98 79 36 34 33 38 86 84 35 78 77 93 102 101 100 92 113 110 109 1 4 2 24 13 12 15 14 31 3 10 96 95 94 66 71 63 64 60 62 65 68 61 69 67 70 9 7 6 8 114 
Initializing Symbolic Variables
Num variables: 115 => 127
Initialize Symbolic Manager(254, 62992, 16000000, 0)
Generating binary variables
Symbolic Variables... Done.
BOUND: 1 < 2147483647, total time: 3.59854s
BOUND: 2 < 2147483647, total time: 3.61883s
BOUND: 3 < 2147483647, total time: 3.62289s
BOUND: 4 < 2147483647, total time: 3.62617s
BOUND: 5 < 2147483647, total time: 3.63075s
BOUND: 6 < 2147483647, total time: 3.63675s
BOUND: 7 < 2147483647, total time: 3.65335s
BOUND: 8 < 2147483647, total time: 3.75811s
BOUND: 9 < 2147483647, total time: 4.10902s
BOUND: 10 < 2147483647, total time: 4.7949s
BOUND: 11 < 2147483647, total time: 5.61823s
BOUND: 12 < 2147483647, total time: 6.79849s
BOUND: 13 < 2147483647, total time: 7.30157s
BOUND: 14 < 2147483647, total time: 7.64491s
BOUND: 15 < 2147483647, total time: 8.11092s
BOUND: 16 < 2147483647, total time: 8.93074s
BOUND: 17 < 2147483647, total time: 10.227s
BOUND: 18 < 2147483647, total time: 11.489s
BOUND: 19 < 2147483647, total time: 12.6052s
BOUND: 20 < 2147483647, total time: 13.6243s
BOUND: 21 < 2147483647, total time: 14.2042s
BOUND: 22 < 2147483647, total time: 14.4541s
BOUND: 23 < 2147483647, total time: 14.6847s
BOUND: 24 < 2147483647, total time: 15.072s
BOUND: 25 < 2147483647, total time: 16.4123s
BOUND: 26 < 2147483647, total time: 17.1489s
BOUND: 27 < 2147483647, total time: 18.1993s
BOUND: 28 < 2147483647, total time: 19.5826s
BOUND: 29 < 2147483647, total time: 21.3476s
BOUND: 30 < 2147483647, total time: 23.3352s
BOUND: 31 < 2147483647, total time: 25.6096s
BOUND: 32 < 2147483647, total time: 27.0662s
BOUND: 33 < 2147483647, total time: 28.5675s
BOUND: 34 < 2147483647, total time: 30.0468s
BOUND: 35 < 2147483647, total time: 31.4234s
BOUND: 36 < 2147483647, total time: 33.4221s
BOUND: 37 < 2147483647, total time: 34.8155s
BOUND: 38 < 2147483647, total time: 36.5081s
BOUND: 39 < 2147483647, total time: 38.203s
BOUND: 40 < 2147483647, total time: 40.0054s
BOUND: 41 < 2147483647, total time: 41.1279s
BOUND: 42 < 2147483647, total time: 42.5818s
BOUND: 43 < 2147483647, total time: 43.0525s
BOUND: 44 < 2147483647, total time: 44.3762s
BOUND: 45 < 2147483647, total time: 46.4018s
BOUND: 46 < 2147483647, total time: 48.1893s
BOUND: 47 < 2147483647, total time: 49.9825s
BOUND: 48 < 2147483647, total time: 51.4905s
BOUND: 49 < 2147483647, total time: 53.7879s
BOUND: 50 < 2147483647, total time: 55.2336s
BOUND: 51 < 2147483647, total time: 57.328s
BOUND: 52 < 2147483647, total time: 60.02s
BOUND: 53 < 2147483647, total time: 62.137s
BOUND: 54 < 2147483647, total time: 64.9555s
BOUND: 55 < 2147483647, total time: 65.9087s
BOUND: 56 < 2147483647, total time: 67.0102s
BOUND: 57 < 2147483647, total time: 68.354s
BOUND: 58 < 2147483647, total time: 69.8868s
BOUND: 59 < 2147483647, total time: 71.3498s
BOUND: 60 < 2147483647, total time: 74.0428s
BOUND: 61 < 2147483647, total time: 74.9697s
BOUND: 62 < 2147483647, total time: 75.6855s
BOUND: 63 < 2147483647, total time: 76.3251s
BOUND: 64 < 2147483647, total time: 76.8825s
BOUND: 65 < 2147483647, total time: 77.2438s
BOUND: 66 < 2147483647, total time: 77.5437s
BOUND: 67 < 2147483647, total time: 77.9142s
BOUND: 68 < 2147483647, total time: 78.5028s
BOUND: 69 < 2147483647, total time: 79.2487s
BOUND: 70 < 2147483647, total time: 80.0542s
BOUND: 71 < 2147483647, total time: 80.8085s
BOUND: 72 < 2147483647, total time: 82.7474s
BOUND: 73 < 2147483647, total time: 83.0091s
BOUND: 74 < 2147483647, total time: 83.13s
BOUND: 75 < 2147483647, total time: 83.2506s
BOUND: 76 < 2147483647, total time: 83.4025s
BOUND: 77 < 2147483647, total time: 83.5374s
BOUND: 78 < 2147483647, total time: 83.6438s
BOUND: 79 < 2147483647, total time: 83.7412s
Solution found with cost 79 total time: 83.7999s
Merging: 1
79 86.0747 1 128
Merging: 11
78 86.157 1 415
Merging: 11
77 86.3103 1 1074
Merging: 1
76 86.5891 1 1074
Merging: 6
75 86.857 1 210
Merging: 1
74 86.9364 1 210
Merging: 17
73 87.0167 1 865
Merging: 17
72 87.215 1 2411
Merging: 1
71 87.584 1 2411
Merging: 6
70 88.0236 1 381
Merging: 1
69 88.1125 1 381
Merging: 21
68 88.2149 1 1849
Merging: 21
67 88.5051 1 4164
Merging: 1
66 89.0123 1 4164
Merging: 6
65 89.633 1 534
Merging: 1
64 89.7224 1 534
Merging: 21
63 89.8269 1 2419
Merging: 21
62 90.2134 1 5492
Merging: 1
61 90.9949 1 5492
Merging: 6
60 91.7882 1 600
Merging: 1
59 91.9236 1 600
Merging: 5
58 92.0574 1 553
Merging: 1
57 92.1942 1 553
Merging: 1
56 92.3254 1 553
Merging: 21
55 92.4652 1 2968
Merging: 21
54 92.9163 1 6975
Merging: 1
53 93.8377 1 6975
Merging: 6
52 94.912 1 735
Merging: 1
51 95.0149 1 735
Merging: 24
50 95.1595 1 3986
Merging: 24
49 95.7107 1 9644
Merging: 1
48 96.8243 1 9644
Merging: 6
47 98.2 1 826
Merging: 1
46 98.32 1 826
Merging: 25
45 98.4775 1 4198
Merging: 42
44 99.0886 1 10783
Merging: 1
43 100.437 1 10783
Merging: 6
42 102.045 1 979
Merging: 1
41 102.182 1 979
Merging: 5
40 102.322 1 974
Merging: 1
39 102.462 1 974
Merging: 1
38 102.599 1 974
Merging: 55
37 102.773 1 5942
Merging: 76
36 103.524 1 17960
Merging: 1
35 105.175 1 17960
Merging: 6
34 107.235 1 1380
Merging: 1
33 107.362 1 1380
Merging: 95
32 107.556 1 6706
Merging: 95
31 108.409 1 17151
Merging: 1
30 109.858 1 17151
Merging: 6
29 111.612 1 1168
Merging: 1
28 111.761 1 1168
Merging: 13
27 111.91 1 1165
Merging: 1
26 112.058 1 1165
Merging: 1
25 112.199 1 1165
Merging: 90
24 112.399 1 7311
Merging: 107
23 113.34 1 25345
Merging: 1
22 115.111 1 25345
Merging: 6
21 117.417 1 1404
Merging: 1
20 117.559 1 1404
Merging: 119
19 117.791 1 8073
Merging: 116
18 118.946 1 24954
Merging: 1
17 120.752 1 24954
Merging: 6
16 123.043 1 1381
Merging: 1
15 123.208 1 1381
Merging: 17
14 123.377 1 1371
Merging: 1
13 123.543 1 1371
Merging: 1
12 123.697 1 1371
Merging: 110
11 123.946 1 8884
Merging: 127
10 125.181 1 31221
Merging: 1
9 127.123 1 31221
Merging: 6
8 129.805 1 1545
Merging: 1
7 129.953 1 1545
Merging: 151
6 130.227 1 9857
Merging: 148
5 132.802 1 33656
Merging: 2
4 135.073 1 33655
Merging: 6
3 138.168 1 2170
Merging: 1
2 138.376 1 2170
Merging: 36
1 138.588 1 2093
BOUND: 79 < 79, total time: 138.798s
Actual search time: 135.205s [t=138.803s]
build_fences boar worker2 worker1 worker2 round1 (60)
collect_resource worker1 noworker worker2 round1 act_clay clay (60)
ag__finish_round_backhome round1 worker2 (1)
ag__finish_round_renew round1 noworker (1)
ag__advance_round_normal round1 round2 act_sow (1)
build_fences boar worker2 worker1 worker2 round2 (60)
collect_resource worker1 noworker worker2 round2 act_clay clay (60)
ag__finish_round_backhome round2 worker2 (1)
ag__finish_round_renew round2 noworker (1)
ag__advance_round_normal round2 round3 act_sheep (1)
build_fences boar worker2 worker1 worker2 round3 (60)
take_food worker1 noworker worker2 round3 num2 num3 (60)
ag__finish_round_backhome round3 worker2 (1)
ag__finish_round_renew round3 noworker (1)
ag__advance_round_normal round3 round4 act_family (1)
build_fences boar worker2 worker1 worker2 round4 (60)
take_food worker1 noworker worker2 round4 num3 num4 (60)
ag__finish_round_backhome round4 worker2 (1)
ag__finish_round_renew round4 noworker (1)
ag__harvest_collect_end round4 stage1 (1)
ag__harvest_feed round4 stage1 worker2 num4 num4 num0 (1)
ag__harvest_breed_end round4 stage1 (1)
ag__finish_stage stage1 stage2 round4 round5 act_carrot (1)
build_fences boar worker2 worker1 worker2 round5 (60)
take_food worker1 noworker worker2 round5 num0 num1 (60)
ag__finish_round_backhome round5 worker2 (1)
ag__finish_round_renew round5 noworker (1)
ag__advance_round_normal round5 round6 act_cattle (1)
collect_resource worker2 worker1 worker2 round6 act_stone stone (60)
take_food worker1 noworker worker2 round6 num1 num2 (60)
ag__finish_round_backhome round6 worker2 (1)
ag__finish_round_renew round6 noworker (1)
ag__advance_round_normal round6 round7 act_improve (1)
improve_home worker2 worker1 worker2 round7 fireplace (60)
collect_cook_animal boar act_cattle worker1 noworker worker2 round7 num2 num4 (60)
ag__finish_round_backhome round7 worker2 (1)
ag__finish_round_renew round7 noworker (1)
ag__harvest_collect_end round7 stage2 (1)
ag__harvest_feed round7 stage2 worker2 num4 num4 num0 (1)
ag__harvest_breed_end round7 stage2 (1)
ag__finish_stage stage2 stage3 round7 round8 act_boar (1)
build_fences boar worker2 worker1 worker2 round8 (60)
collect_animal boar act_sheep worker1 noworker worker2 round8 (60)
ag__finish_round_backhome round8 worker2 (1)
ag__finish_round_renew round8 noworker (1)
ag__advance_round_normal round8 round9 void (1)
collect_cook_animal boar act_boar worker2 worker1 worker2 round9 num0 num2 (60)
collect_cook_animal boar act_sheep worker1 noworker worker2 round9 num2 num4 (60)
ag__finish_round_backhome round9 worker2 (1)
ag__finish_round_renew round9 noworker (1)
ag__harvest_collect_end round9 stage3 (1)
ag__harvest_feed round9 stage3 worker2 num4 num4 num0 (1)
ag__harvest_breed_end round9 stage3 (1)
ag__finish_stage stage3 stage4 round9 round10 void (1)
build_fences boar worker2 worker1 worker2 round10 (60)
collect_cook_animal boar act_sheep worker1 noworker worker2 round10 num0 num2 (60)
ag__finish_round_backhome round10 worker2 (1)
ag__finish_round_renew round10 noworker (1)
ag__advance_round_normal round10 round11 void (1)
build_fences boar worker2 worker1 worker2 round11 (60)
collect_cook_animal boar act_sheep worker1 noworker worker2 round11 num2 num4 (60)
ag__finish_round_backhome round11 worker2 (1)
ag__finish_round_renew round11 noworker (1)
ag__harvest_collect_end round11 stage4 (1)
ag__harvest_feed round11 stage4 worker2 num4 num4 num0 (1)
ag__harvest_breed_end round11 stage4 (1)
ag__finish_stage stage4 stage5 round11 round12 void (1)
build_fences boar worker2 worker1 worker2 round12 (60)
collect_cook_animal boar act_sheep worker1 noworker worker2 round12 num0 num2 (60)
ag__finish_round_backhome round12 worker2 (1)
ag__finish_round_renew round12 noworker (1)
ag__advance_round_normal round12 round13 void (1)
build_fences boar worker2 worker1 worker2 round13 (60)
collect_cook_animal boar act_sheep worker1 noworker worker2 round13 num2 num4 (60)
ag__finish_round_backhome round13 worker2 (1)
ag__finish_round_renew round13 noworker (1)
ag__harvest_collect_end round13 stage5 (1)
ag__harvest_feed round13 stage5 worker2 num4 num4 num0 (1)
ag__harvest_breed_end round13 stage5 (1)
Plan length: 79 step(s).
Plan cost: 1613
Bytes per state: 16
Search time: 136.764s
Total time: 138.803s
Solution found.
Peak memory: 468476 KB
Running single search parser
