INFO     Running translator.
INFO     translator input: ['domain.pddl', 'problem.pddl']
INFO     translator arguments: []
INFO     translator time limit: None
INFO     translator memory limit: None
INFO     callstring: /usr/bin/python /mnt/data_server/torralba/subdominization/training/data/training_depots/code-70296b3db083/builds/release32/bin/translate/translate.py domain.pddl problem.pddl
Parsing...
Parsing: [0.000s CPU, 0.008s wall-clock]
Normalizing task... [0.000s CPU, 0.000s wall-clock]
Instantiating...
Generating Datalog program... [0.000s CPU, 0.001s wall-clock]
Normalizing Datalog program...
Normalizing Datalog program: [0.010s CPU, 0.005s wall-clock]
Preparing model... [0.000s CPU, 0.003s wall-clock]
Generated 43 rules.
Computing model... [0.040s CPU, 0.039s wall-clock]
777 relevant atoms
724 auxiliary atoms
1501 final queue length
2709 total queue pushes
Completing instantiation... [0.050s CPU, 0.059s wall-clock]
Instantiating: [0.100s CPU, 0.112s wall-clock]
Computing fact groups...
Finding invariants...
16 initial candidates
Finding invariants: [0.020s CPU, 0.015s wall-clock]
Checking invariant weight... [0.000s CPU, 0.001s wall-clock]
Instantiating groups... [0.010s CPU, 0.007s wall-clock]
Collecting mutex groups... [0.000s CPU, 0.000s wall-clock]
Choosing groups...
22 uncovered facts
Choosing groups: [0.010s CPU, 0.001s wall-clock]
Building translation key... [0.000s CPU, 0.001s wall-clock]
Computing fact groups: [0.040s CPU, 0.028s wall-clock]
Building STRIPS to SAS dictionary... [0.000s CPU, 0.000s wall-clock]
Building dictionary for full mutex groups... [0.000s CPU, 0.001s wall-clock]
Building mutex information...
Building mutex information: [0.000s CPU, 0.001s wall-clock]
Translating task...
Processing axioms...
Simplifying axioms... [0.000s CPU, 0.000s wall-clock]
Processing axioms: [0.010s CPU, 0.003s wall-clock]
Translating task: [0.070s CPU, 0.069s wall-clock]
624 effect conditions simplified
0 implied preconditions added
Detecting unreachable propositions...
0 operators removed
0 axioms removed
30 propositions removed
Detecting unreachable propositions: [0.030s CPU, 0.032s wall-clock]
Translator variables: 28
Translator derived variables: 0
Translator facts: 156
Translator goal facts: 6
Translator mutex groups: 28
Translator total mutex groups size: 286
Translator operators: 480
Translator axioms: 0
Translator task size: 4508
Translator peak memory: 47924 KB
Writing output... [0.010s CPU, 0.015s wall-clock]
Done! [0.250s CPU, 0.268s wall-clock]
INFO     Running preprocessor (release32).
INFO     preprocessor input: output.sas
INFO     preprocessor arguments: []
INFO     preprocessor time limit: None
INFO     preprocessor memory limit: None
INFO     callstring: /mnt/data_server/torralba/subdominization/training/data/training_depots/code-70296b3db083/builds/release32/bin/preprocess < output.sas
Building causal graph...
The causal graph is not acyclic.
28 variables of 28 necessary
20 of 28 mutex groups necessary.
480 of 480 operators necessary.
0 of 0 axiom rules necessary.
Initializing mutex computation...
Mutex computation initialized with 156 fluents.
iteration for mutex detection and operator pruning
Initialize m_index fw
Initialized mvalues forward: reached=784, notReached=20884, spurious=2668
Initialize m_ops fw
Computing mutexes...
Mutex computation finished with reached=21314, notReached=354, spurious=2668
72 operators are spurious because were not triggered
H^2 mutexes added fw: 354, unreachable: 0
0 of 408 operators detected as spurious
iteration for mutex detection and operator pruning
Initialize m_index bw
Init values regression
Initialized mvalues backward: reached=2828, notReached=18486, spurious=3022
Initialize m_ops bw
Computing mutexes...
Mutex computation finished with reached=21314, notReached=0, spurious=3022
0 operators are spurious because were not triggered
H^2 mutexes added bw: 0, unreachable: 0
0 of 408 operators detected as spurious
Total mutex and disambiguation time: 0.040345 iterations: 2
197 of 197 mutex groups necessary.
408 of 480 operators necessary.
0 of 0 axiom rules necessary.
Change id of operators: 408
Change id of mutexes
Change id of goals
Change id of initial state
Remove unreachable facts from variables: 28
197 of 197 mutex groups necessary.
408 of 408 operators necessary.
0 of 0 axiom rules necessary.
Updating causal graph and pruning unnecessary facts
28 variables of 28 of 28 necessary
The causal graph is not acyclic.
28 variables of 28 necessary
197 of 197 mutex groups necessary.
408 of 408 operators necessary.
0 of 0 axiom rules necessary.
Building domain transition graphs...
solveable in poly time 0
Building successor generator...
Preprocessor variables: 28
Preprocessor facts: 156
Preprocessor derived variables: 0
Preprocessor operators: 408
Preprocessor mutex groups: 197
Preprocessor task size: 4044
Writing output...
Preprocessor time: 0.0884944s
Preprocessor peak memory: 2756 KB
done
INFO     Running search (release32).
INFO     search input: output
INFO     search arguments: ['--search', 'sbd(store_operators_in_optimal_plan=true, cost_type=1)']
INFO     search time limit: 3600s
INFO     search memory limit: 4096 MB
INFO     search executable: /mnt/data_server/torralba/subdominization/training/data/training_depots/code-70296b3db083/builds/release32/bin/downward
INFO     callstring: /mnt/data_server/torralba/subdominization/training/data/training_depots/code-70296b3db083/builds/release32/bin/downward --search 'sbd(store_operators_in_optimal_plan=true, cost_type=1)' --internal-plan-file sas_plan < output
time limit 3600.00 -> (3600, 3601)
reading input... [t=0.000174573s]
done reading input! [t=0.00831653s]
packing state variables...done! [t=0.00835195s]
Variables: 28
FactPairs: 156
Bytes per state: 8
Building successor generator...done! [t=0.00961932s]
done initalizing global data [t=0.00963265s]
TR(time=60000, nodes=100000)
Mutex(time=60000, nodes=100000, type=edeletion)
Aux(time=2000, nodes=1000000)
Disj(nodes=2147483647)
Estimation: min_time(1000) time_penalty +(1000)*(2) nodes_penalty +(1000)*(2)
MaxStep(time=30000, nodes=100000000, nodes_per_planning_second=100)
Ratio useful: 0
   Min alloted time: 60000 nodes: 10000000
   Max alloted time: 60000 nodes: 15000000
   Mult alloted time: 2 nodes: 2
   Ratio after relax: 0.8
building causal graph...done! [t=0.00108444s]
Sym variable order: 3 4 5 2 23 16 19 6 9 7 15 11 20 13 10 8 17 27 25 26 24 22 14 18 21 12 1 0 
Initializing Symbolic Variables
Num variables: 28 => 60
Initialize Symbolic Manager(120, 133333, 16000000, 0)
Generating binary variables
Symbolic Variables... Done.
BOUND: 1 < 2147483647, total time: 1.12979s
BOUND: 2 < 2147483647, total time: 1.13186s
BOUND: 3 < 2147483647, total time: 1.13261s
BOUND: 4 < 2147483647, total time: 1.13446s
BOUND: 5 < 2147483647, total time: 1.1358s
BOUND: 6 < 2147483647, total time: 1.13843s
BOUND: 7 < 2147483647, total time: 1.1436s
BOUND: 8 < 2147483647, total time: 1.14802s
BOUND: 9 < 2147483647, total time: 1.15966s
BOUND: 10 < 2147483647, total time: 1.16773s
BOUND: 11 < 2147483647, total time: 1.18291s
BOUND: 12 < 2147483647, total time: 1.20844s
BOUND: 13 < 2147483647, total time: 1.2365s
BOUND: 14 < 2147483647, total time: 1.28579s
BOUND: 15 < 2147483647, total time: 1.33464s
BOUND: 16 < 2147483647, total time: 1.43933s
BOUND: 17 < 2147483647, total time: 1.5222s
BOUND: 18 < 2147483647, total time: 1.65506s
BOUND: 19 < 2147483647, total time: 1.84761s
BOUND: 20 < 2147483647, total time: 2.06453s
BOUND: 21 < 2147483647, total time: 2.41313s
BOUND: 22 < 2147483647, total time: 2.75358s
BOUND: 23 < 2147483647, total time: 3.34712s
BOUND: 24 < 2147483647, total time: 3.86859s
BOUND: 25 < 2147483647, total time: 4.64125s
BOUND: 26 < 2147483647, total time: 5.69522s
BOUND: 27 < 2147483647, total time: 6.86918s
BOUND: 28 < 2147483647, total time: 8.65495s
Solution found with cost 28 total time: 10.3054s
Merging: 1
16 10.4066 1 776
Merging: 22
15 10.4905 1 701
Merging: 23
14 10.5647 1 762
Merging: 24
13 10.6438 1 851
Merging: 27
12 10.7341 1 815
Merging: 28
11 10.8198 1 871
Merging: 29
10 10.9105 1 983
Merging: 29
9 11.0127 1 998
Merging: 27
8 11.1258 1 1063
Merging: 28
7 11.2374 1 1028
Merging: 24
6 11.3442 1 942
Merging: 20
5 11.4401 1 807
Merging: 17
4 11.5208 1 623
Merging: 11
3 11.5827 1 525
Merging: 10
2 11.6329 1 386
Merging: 6
1 11.6706 1 213
Merging: 1
12 11.6915 1 776
Merging: 20
11 11.7113 1 818
Merging: 22
10 11.7354 1 839
Merging: 21
9 11.7534 1 813
Merging: 23
8 11.7702 1 703
Merging: 21
7 11.7857 1 539
Merging: 21
6 11.7975 1 399
Merging: 18
5 11.8064 1 396
Merging: 17
4 11.8152 1 324
Merging: 12
3 11.8233 1 268
Merging: 10
2 11.8295 1 185
Merging: 6
1 11.834 1 108
BOUND: 28 < 28, total time: 11.8375s
Actual search time: 10.7131s [t=11.8445s]
lift hoist0 crate5 crate1 depot0 (1)
load hoist0 crate5 truck1 depot0 (1)
lift hoist0 crate1 pallet0 depot0 (1)
load hoist0 crate1 truck1 depot0 (1)
lift hoist3 crate4 crate3 distributor1 (1)
drive truck1 depot0 distributor1 (1)
load hoist3 crate4 truck1 distributor1 (1)
lift hoist3 crate3 pallet3 distributor1 (1)
load hoist3 crate3 truck1 distributor1 (1)
unload hoist3 crate1 truck1 distributor1 (1)
lift hoist2 crate0 pallet2 distributor0 (1)
load hoist2 crate0 truck0 distributor0 (1)
lift hoist1 crate2 pallet1 depot1 (1)
drive truck0 distributor0 depot1 (1)
load hoist1 crate2 truck0 depot1 (1)
drive truck0 depot1 distributor1 (1)
drop hoist3 crate1 pallet3 distributor1 (1)
unload hoist3 crate5 truck1 distributor1 (1)
drive truck1 distributor1 distributor0 (1)
drop hoist3 crate5 crate1 distributor1 (1)
unload hoist2 crate3 truck1 distributor0 (1)
drop hoist2 crate3 pallet2 distributor0 (1)
unload hoist2 crate4 truck1 distributor0 (1)
drop hoist2 crate4 crate3 distributor0 (1)
unload hoist3 crate2 truck0 distributor1 (1)
drop hoist3 crate2 crate5 distributor1 (1)
unload hoist3 crate0 truck0 distributor1 (1)
drop hoist3 crate0 crate2 distributor1 (1)
Plan length: 28 step(s).
Plan cost: 28
Bytes per state: 8
Search time: 11.3176s
Total time: 11.8445s
Solution found.
Peak memory: 435472 KB
Running single search parser
