INFO     Running translator.
INFO     translator input: ['domain.pddl', 'problem.pddl']
INFO     translator arguments: []
INFO     translator time limit: None
INFO     translator memory limit: None
INFO     callstring: /usr/bin/python /mnt/data_server/torralba/subdominization/training/data/training_blocksworld/code-70296b3db083/builds/release32/bin/translate/translate.py domain.pddl problem.pddl
Parsing...
Parsing: [0.010s CPU, 0.006s wall-clock]
Normalizing task... [0.000s CPU, 0.000s wall-clock]
Instantiating...
Generating Datalog program... [0.000s CPU, 0.000s wall-clock]
Normalizing Datalog program...
Normalizing Datalog program: [0.000s CPU, 0.003s wall-clock]
Preparing model... [0.000s CPU, 0.001s wall-clock]
Generated 18 rules.
Computing model... [0.000s CPU, 0.005s wall-clock]
221 relevant atoms
105 auxiliary atoms
326 final queue length
623 total queue pushes
Completing instantiation... [0.010s CPU, 0.010s wall-clock]
Instantiating: [0.020s CPU, 0.022s wall-clock]
Computing fact groups...
Finding invariants...
7 initial candidates
Finding invariants: [0.010s CPU, 0.002s wall-clock]
Checking invariant weight... [0.000s CPU, 0.000s wall-clock]
Instantiating groups... [0.000s CPU, 0.000s wall-clock]
Collecting mutex groups... [0.000s CPU, 0.000s wall-clock]
Choosing groups...
5 uncovered facts
Choosing groups: [0.000s CPU, 0.000s wall-clock]
Building translation key... [0.000s CPU, 0.000s wall-clock]
Computing fact groups: [0.010s CPU, 0.004s wall-clock]
Building STRIPS to SAS dictionary... [0.000s CPU, 0.000s wall-clock]
Building dictionary for full mutex groups... [0.000s CPU, 0.000s wall-clock]
Building mutex information...
Building mutex information: [0.000s CPU, 0.000s wall-clock]
Translating task...
Processing axioms...
Simplifying axioms... [0.000s CPU, 0.000s wall-clock]
Processing axioms: [0.000s CPU, 0.001s wall-clock]
Translating task: [0.010s CPU, 0.009s wall-clock]
105 effect conditions simplified
0 implied preconditions added
Detecting unreachable propositions...
0 operators removed
0 axioms removed
5 propositions removed
Detecting unreachable propositions: [0.000s CPU, 0.004s wall-clock]
Translator variables: 10
Translator derived variables: 0
Translator facts: 40
Translator goal facts: 1
Translator mutex groups: 10
Translator total mutex groups size: 60
Translator operators: 125
Translator axioms: 0
Translator task size: 896
Translator peak memory: 44012 KB
Writing output... [0.000s CPU, 0.005s wall-clock]
Done! [0.050s CPU, 0.052s wall-clock]
INFO     Running preprocessor (release32).
INFO     preprocessor input: output.sas
INFO     preprocessor arguments: []
INFO     preprocessor time limit: None
INFO     preprocessor memory limit: None
INFO     callstring: /mnt/data_server/torralba/subdominization/training/data/training_blocksworld/code-70296b3db083/builds/release32/bin/preprocess < output.sas
Building causal graph...
The causal graph is not acyclic.
10 variables of 10 necessary
5 of 10 mutex groups necessary.
125 of 125 operators necessary.
0 of 0 axiom rules necessary.
Initializing mutex computation...
Mutex computation initialized with 40 fluents.
iteration for mutex detection and operator pruning
Initialize m_index fw
Initialized mvalues forward: reached=100, notReached=1190, spurious=310
Initialize m_ops fw
Computing mutexes...
Mutex computation finished with reached=1270, notReached=20, spurious=310
0 operators are spurious because were not triggered
H^2 mutexes added fw: 20, unreachable: 0
0 of 125 operators detected as spurious
iteration for mutex detection and operator pruning
Initialize m_index bw
Init values regression
Initialized mvalues backward: reached=683, notReached=587, spurious=330
Initialize m_ops bw
Computing mutexes...
Mutex computation finished with reached=1154, notReached=116, spurious=330
10 operators are spurious because were not triggered
Unreachable proposition: Atom on(b4, b4)
Unreachable proposition: Atom on(b5, b5)
H^2 mutexes added bw: 0, unreachable: 2
0 of 115 operators detected as spurious
iteration for mutex detection and operator pruning
Initialize m_index fw
Initialized mvalues forward: reached=100, notReached=1054, spurious=446
Initialize m_ops fw
Computing mutexes...
Mutex computation finished with reached=1154, notReached=0, spurious=446
0 operators are spurious because were not triggered
H^2 mutexes added fw: 0, unreachable: 0
0 of 115 operators detected as spurious
Total mutex and disambiguation time: 0.003617 iterations: 3
15 of 15 mutex groups necessary.
115 of 125 operators necessary.
0 of 0 axiom rules necessary.
Change id of operators: 115
Change id of mutexes
Change id of goals
Change id of initial state
Remove unreachable facts from variables: 10
15 of 15 mutex groups necessary.
115 of 115 operators necessary.
0 of 0 axiom rules necessary.
Updating causal graph and pruning unnecessary facts
10 variables of 10 of 10 necessary
The causal graph is not acyclic.
10 variables of 10 necessary
15 of 15 mutex groups necessary.
115 of 115 operators necessary.
0 of 0 axiom rules necessary.
Building domain transition graphs...
solveable in poly time 0
Building successor generator...
Preprocessor variables: 10
Preprocessor facts: 38
Preprocessor derived variables: 0
Preprocessor operators: 115
Preprocessor mutex groups: 15
Preprocessor task size: 824
Writing output...
Preprocessor time: 0.00918736s
Preprocessor peak memory: 2228 KB
done
INFO     Running search (release32).
INFO     search input: output
INFO     search arguments: ['--search', 'sbd(store_operators_in_optimal_plan=true, cost_type=1)']
INFO     search time limit: 3600s
INFO     search memory limit: 4096 MB
INFO     search executable: /mnt/data_server/torralba/subdominization/training/data/training_blocksworld/code-70296b3db083/builds/release32/bin/downward
INFO     callstring: /mnt/data_server/torralba/subdominization/training/data/training_blocksworld/code-70296b3db083/builds/release32/bin/downward --search 'sbd(store_operators_in_optimal_plan=true, cost_type=1)' --internal-plan-file sas_plan < output
time limit 3600.00 -> (3600, 3601)
reading input... [t=0.000126742s]
done reading input! [t=0.00120121s]
packing state variables...done! [t=0.00121774s]
Variables: 10
FactPairs: 38
Bytes per state: 4
Building successor generator...done! [t=0.0014009s]
done initalizing global data [t=0.00140492s]
TR(time=60000, nodes=100000)
Mutex(time=60000, nodes=100000, type=edeletion)
Aux(time=2000, nodes=1000000)
Disj(nodes=2147483647)
Estimation: min_time(1000) time_penalty +(1000)*(2) nodes_penalty +(1000)*(2)
MaxStep(time=30000, nodes=100000000, nodes_per_planning_second=100)
Ratio useful: 0
   Min alloted time: 60000 nodes: 10000000
   Max alloted time: 60000 nodes: 15000000
   Mult alloted time: 2 nodes: 2
   Ratio after relax: 0.8
building causal graph...done! [t=0.000127037s]
Sym variable order: 0 1 2 5 4 8 6 7 3 9 
Initializing Symbolic Variables
Num variables: 10 => 20
Initialize Symbolic Manager(40, 400000, 16000000, 0)
Generating binary variables
Symbolic Variables... Done.
BOUND: 1 < 2147483647, total time: 0.278546s
Solution found with cost 1 total time: 0.278879s
Merging: 1
1 0.279439 1 21
BOUND: 1 < 1, total time: 0.280048s
Actual search time: 0.00153747s [t=0.280315s]
move-b-to-b b5 b2 b4 (1)
Plan length: 1 step(s).
Plan cost: 1
Bytes per state: 4
Search time: 0.014464s
Total time: 0.28033s
Solution found.
Peak memory: 227500 KB
Running single search parser
