INFO     Running translator.
INFO     translator input: ['domain.pddl', 'problem.pddl']
INFO     translator arguments: []
INFO     translator time limit: None
INFO     translator memory limit: None
INFO     callstring: /usr/bin/python /mnt/data_server/torralba/subdominization/training/data/training_satellite/code-70296b3db083/builds/release32/bin/translate/translate.py domain.pddl problem.pddl
Parsing...
Parsing: [0.010s CPU, 0.013s wall-clock]
Normalizing task... [0.000s CPU, 0.000s wall-clock]
Instantiating...
Generating Datalog program... [0.000s CPU, 0.001s wall-clock]
Normalizing Datalog program...
Normalizing Datalog program: [0.000s CPU, 0.013s wall-clock]
Preparing model... [0.010s CPU, 0.003s wall-clock]
Generated 31 rules.
Computing model... [0.010s CPU, 0.016s wall-clock]
435 relevant atoms
230 auxiliary atoms
665 final queue length
880 total queue pushes
Completing instantiation... [0.020s CPU, 0.015s wall-clock]
Instantiating: [0.040s CPU, 0.053s wall-clock]
Computing fact groups...
Finding invariants...
12 initial candidates
Finding invariants: [0.000s CPU, 0.003s wall-clock]
Checking invariant weight... [0.000s CPU, 0.000s wall-clock]
Instantiating groups... [0.000s CPU, 0.000s wall-clock]
Collecting mutex groups... [0.000s CPU, 0.000s wall-clock]
Choosing groups...
42 uncovered facts
Choosing groups: [0.000s CPU, 0.000s wall-clock]
Building translation key... [0.000s CPU, 0.001s wall-clock]
Computing fact groups: [0.000s CPU, 0.006s wall-clock]
Building STRIPS to SAS dictionary... [0.000s CPU, 0.000s wall-clock]
Building dictionary for full mutex groups... [0.000s CPU, 0.000s wall-clock]
Building mutex information...
Building mutex information: [0.000s CPU, 0.000s wall-clock]
Translating task...
Processing axioms...
Simplifying axioms... [0.000s CPU, 0.000s wall-clock]
Processing axioms: [0.000s CPU, 0.001s wall-clock]
Translating task: [0.020s CPU, 0.016s wall-clock]
21 effect conditions simplified
0 implied preconditions added
Detecting unreachable propositions...
0 operators removed
0 axioms removed
4 propositions removed
Detecting unreachable propositions: [0.010s CPU, 0.009s wall-clock]
Translator variables: 46
Translator derived variables: 0
Translator facts: 108
Translator goal facts: 3
Translator mutex groups: 4
Translator total mutex groups size: 24
Translator operators: 249
Translator axioms: 0
Translator task size: 1172
Translator peak memory: 44276 KB
Writing output... [0.000s CPU, 0.007s wall-clock]
Done! [0.080s CPU, 0.105s wall-clock]
INFO     Running preprocessor (release32).
INFO     preprocessor input: output.sas
INFO     preprocessor arguments: []
INFO     preprocessor time limit: None
INFO     preprocessor memory limit: None
INFO     callstring: /mnt/data_server/torralba/subdominization/training/data/training_satellite/code-70296b3db083/builds/release32/bin/preprocess < output.sas
Building causal graph...
The causal graph is not acyclic.
16 variables of 46 necessary
0 of 4 mutex groups necessary.
136 of 249 operators necessary.
0 of 0 axiom rules necessary.
Initializing mutex computation...
Mutex computation initialized with 48 fluents.
iteration for mutex detection and operator pruning
Initialize m_index fw
Initialized mvalues forward: reached=256, notReached=1904, spurious=144
Initialize m_ops fw
Computing mutexes...
Mutex computation finished with reached=2140, notReached=20, spurious=144
0 operators are spurious because were not triggered
H^2 mutexes added fw: 20, unreachable: 0
0 of 136 operators detected as spurious
iteration for mutex detection and operator pruning
Initialize m_index bw
Init values regression
Initialized mvalues backward: reached=1267, notReached=873, spurious=164
Initialize m_ops bw
Computing mutexes...
Mutex computation finished with reached=2140, notReached=0, spurious=164
0 operators are spurious because were not triggered
H^2 mutexes added bw: 0, unreachable: 0
0 of 136 operators detected as spurious
Total mutex and disambiguation time: 0.002613 iterations: 2
10 of 10 mutex groups necessary.
136 of 136 operators necessary.
0 of 0 axiom rules necessary.
Change id of operators: 136
Change id of mutexes
Change id of goals
Change id of initial state
Remove unreachable facts from variables: 16
10 of 10 mutex groups necessary.
136 of 136 operators necessary.
0 of 0 axiom rules necessary.
Updating causal graph and pruning unnecessary facts
16 variables of 16 of 46 necessary
The causal graph is not acyclic.
16 variables of 16 necessary
10 of 10 mutex groups necessary.
136 of 136 operators necessary.
0 of 0 axiom rules necessary.
Building domain transition graphs...
solveable in poly time 0
Building successor generator...
Preprocessor variables: 16
Preprocessor facts: 48
Preprocessor derived variables: 0
Preprocessor operators: 136
Preprocessor mutex groups: 10
Preprocessor task size: 517
Writing output...
Preprocessor time: 0.00884882s
Preprocessor peak memory: 2228 KB
done
INFO     Running search (release32).
INFO     search input: output
INFO     search arguments: ['--search', 'sbd(store_operators_in_optimal_plan=true, cost_type=1)']
INFO     search time limit: 3600s
INFO     search memory limit: 4096 MB
INFO     search executable: /mnt/data_server/torralba/subdominization/training/data/training_satellite/code-70296b3db083/builds/release32/bin/downward
INFO     callstring: /mnt/data_server/torralba/subdominization/training/data/training_satellite/code-70296b3db083/builds/release32/bin/downward --search 'sbd(store_operators_in_optimal_plan=true, cost_type=1)' --internal-plan-file sas_plan < output
time limit 3600.00 -> (3600, 3601)
reading input... [t=0.000133985s]
done reading input! [t=0.00135353s]
packing state variables...done! [t=0.00136784s]
Variables: 16
FactPairs: 48
Bytes per state: 4
Building successor generator...done! [t=0.00148455s]
done initalizing global data [t=0.00148951s]
TR(time=60000, nodes=100000)
Mutex(time=60000, nodes=100000, type=edeletion)
Aux(time=2000, nodes=1000000)
Disj(nodes=2147483647)
Estimation: min_time(1000) time_penalty +(1000)*(2) nodes_penalty +(1000)*(2)
MaxStep(time=30000, nodes=100000000, nodes_per_planning_second=100)
Ratio useful: 0
   Min alloted time: 60000 nodes: 10000000
   Max alloted time: 60000 nodes: 15000000
   Mult alloted time: 2 nodes: 2
   Ratio after relax: 0.8
building causal graph...done! [t=5.8473e-05s]
Sym variable order: 7 8 9 1 0 6 15 5 4 2 14 12 13 10 11 3 
Initializing Symbolic Variables
Num variables: 16 => 24
Initialize Symbolic Manager(48, 333333, 16000000, 0)
Generating binary variables
Symbolic Variables... Done.
BOUND: 1 < 2147483647, total time: 0.364117s
BOUND: 2 < 2147483647, total time: 0.364296s
BOUND: 3 < 2147483647, total time: 0.364491s
BOUND: 4 < 2147483647, total time: 0.36472s
BOUND: 5 < 2147483647, total time: 0.36503s
BOUND: 6 < 2147483647, total time: 0.365331s
BOUND: 7 < 2147483647, total time: 0.36572s
Solution found with cost 7 total time: 0.366024s
Merging: 1
4 0.368657 1 88
Merging: 12
3 0.372498 1 91
Merging: 11
2 0.375738 1 83
Merging: 8
1 0.378621 1 50
Merging: 1
3 0.38042 1 88
Merging: 10
2 0.383057 1 87
Merging: 8
1 0.38489 1 87
BOUND: 7 < 7, total time: 0.386527s
Actual search time: 0.0226942s [t=0.386863s]
turn_to satellite1 groundstation2 star0 (1)
turn_to satellite0 star0 groundstation1 (1)
switch_on instrument0 satellite0 (1)
calibrate satellite0 instrument0 star0 (1)
turn_to satellite0 planet5 star0 (1)
take_image satellite0 planet5 instrument0 image2 (1)
turn_to satellite3 planet5 groundstation3 (1)
Plan length: 7 step(s).
Plan cost: 7
Bytes per state: 4
Search time: 0.0261355s
Total time: 0.386876s
Solution found.
Peak memory: 243648 KB
Running single search parser
