INFO     Running translator.
INFO     translator input: ['domain.pddl', 'problem.pddl']
INFO     translator arguments: []
INFO     translator time limit: None
INFO     translator memory limit: None
INFO     callstring: /usr/bin/python /mnt/data_server/torralba/subdominization/training/data/training_satellite/code-70296b3db083/builds/release32/bin/translate/translate.py domain.pddl problem.pddl
Parsing...
Parsing: [0.000s CPU, 0.018s wall-clock]
Normalizing task... [0.000s CPU, 0.000s wall-clock]
Instantiating...
Generating Datalog program... [0.000s CPU, 0.001s wall-clock]
Normalizing Datalog program...
Normalizing Datalog program: [0.020s CPU, 0.030s wall-clock]
Preparing model... [0.000s CPU, 0.002s wall-clock]
Generated 31 rules.
Computing model... [0.020s CPU, 0.024s wall-clock]
702 relevant atoms
283 auxiliary atoms
985 final queue length
1402 total queue pushes
Completing instantiation... [0.030s CPU, 0.029s wall-clock]
Instantiating: [0.070s CPU, 0.090s wall-clock]
Computing fact groups...
Finding invariants...
12 initial candidates
Finding invariants: [0.000s CPU, 0.004s wall-clock]
Checking invariant weight... [0.000s CPU, 0.000s wall-clock]
Instantiating groups... [0.000s CPU, 0.000s wall-clock]
Collecting mutex groups... [0.000s CPU, 0.000s wall-clock]
Choosing groups...
56 uncovered facts
Choosing groups: [0.000s CPU, 0.000s wall-clock]
Building translation key... [0.000s CPU, 0.001s wall-clock]
Computing fact groups: [0.000s CPU, 0.006s wall-clock]
Building STRIPS to SAS dictionary... [0.000s CPU, 0.000s wall-clock]
Building dictionary for full mutex groups... [0.000s CPU, 0.000s wall-clock]
Building mutex information...
Building mutex information: [0.000s CPU, 0.000s wall-clock]
Translating task...
Processing axioms...
Simplifying axioms... [0.000s CPU, 0.000s wall-clock]
Processing axioms: [0.000s CPU, 0.001s wall-clock]
Translating task: [0.030s CPU, 0.029s wall-clock]
24 effect conditions simplified
0 implied preconditions added
Detecting unreachable propositions...
0 operators removed
0 axioms removed
4 propositions removed
Detecting unreachable propositions: [0.020s CPU, 0.016s wall-clock]
Translator variables: 60
Translator derived variables: 0
Translator facts: 148
Translator goal facts: 5
Translator mutex groups: 4
Translator total mutex groups size: 36
Translator operators: 465
Translator axioms: 0
Translator task size: 1982
Translator peak memory: 45440 KB
Writing output... [0.000s CPU, 0.010s wall-clock]
Done! [0.120s CPU, 0.172s wall-clock]
INFO     Running preprocessor (release32).
INFO     preprocessor input: output.sas
INFO     preprocessor arguments: []
INFO     preprocessor time limit: None
INFO     preprocessor memory limit: None
INFO     callstring: /mnt/data_server/torralba/subdominization/training/data/training_satellite/code-70296b3db083/builds/release32/bin/preprocess < output.sas
Building causal graph...
The causal graph is not acyclic.
23 variables of 60 necessary
0 of 4 mutex groups necessary.
252 of 465 operators necessary.
0 of 0 axiom rules necessary.
Initializing mutex computation...
Mutex computation initialized with 67 fluents.
iteration for mutex detection and operator pruning
Initialize m_index fw
Initialized mvalues forward: reached=529, notReached=3704, spurious=256
Initialize m_ops fw
Computing mutexes...
Mutex computation finished with reached=4205, notReached=28, spurious=256
0 operators are spurious because were not triggered
H^2 mutexes added fw: 28, unreachable: 0
0 of 252 operators detected as spurious
iteration for mutex detection and operator pruning
Initialize m_index bw
Init values regression
Initialized mvalues backward: reached=2821, notReached=1384, spurious=284
Initialize m_ops bw
Computing mutexes...
Mutex computation finished with reached=4205, notReached=0, spurious=284
0 operators are spurious because were not triggered
H^2 mutexes added bw: 0, unreachable: 0
0 of 252 operators detected as spurious
Total mutex and disambiguation time: 0.006488 iterations: 2
14 of 14 mutex groups necessary.
252 of 252 operators necessary.
0 of 0 axiom rules necessary.
Change id of operators: 252
Change id of mutexes
Change id of goals
Change id of initial state
Remove unreachable facts from variables: 23
14 of 14 mutex groups necessary.
252 of 252 operators necessary.
0 of 0 axiom rules necessary.
Updating causal graph and pruning unnecessary facts
23 variables of 23 of 60 necessary
The causal graph is not acyclic.
23 variables of 23 necessary
14 of 14 mutex groups necessary.
252 of 252 operators necessary.
0 of 0 axiom rules necessary.
Building domain transition graphs...
solveable in poly time 0
Building successor generator...
Preprocessor variables: 23
Preprocessor facts: 67
Preprocessor derived variables: 0
Preprocessor operators: 252
Preprocessor mutex groups: 14
Preprocessor task size: 937
Writing output...
Preprocessor time: 0.017073s
Preprocessor peak memory: 2260 KB
done
INFO     Running search (release32).
INFO     search input: output
INFO     search arguments: ['--search', 'sbd(store_operators_in_optimal_plan=true, cost_type=1)']
INFO     search time limit: 3600s
INFO     search memory limit: 4096 MB
INFO     search executable: /mnt/data_server/torralba/subdominization/training/data/training_satellite/code-70296b3db083/builds/release32/bin/downward
INFO     callstring: /mnt/data_server/torralba/subdominization/training/data/training_satellite/code-70296b3db083/builds/release32/bin/downward --search 'sbd(store_operators_in_optimal_plan=true, cost_type=1)' --internal-plan-file sas_plan < output
time limit 3600.00 -> (3600, 3601)
reading input... [t=0.000125513s]
done reading input! [t=0.00220461s]
packing state variables...done! [t=0.0022193s]
Variables: 23
FactPairs: 67
Bytes per state: 4
Building successor generator...done! [t=0.00243804s]
done initalizing global data [t=0.00244406s]
TR(time=60000, nodes=100000)
Mutex(time=60000, nodes=100000, type=edeletion)
Aux(time=2000, nodes=1000000)
Disj(nodes=2147483647)
Estimation: min_time(1000) time_penalty +(1000)*(2) nodes_penalty +(1000)*(2)
MaxStep(time=30000, nodes=100000000, nodes_per_planning_second=100)
Ratio useful: 0
   Min alloted time: 60000 nodes: 10000000
   Max alloted time: 60000 nodes: 15000000
   Mult alloted time: 2 nodes: 2
   Ratio after relax: 0.8
building causal graph...done! [t=0.000114271s]
Sym variable order: 3 4 6 8 16 15 5 7 0 10 14 1 13 22 21 12 11 17 9 2 20 19 18 
Initializing Symbolic Variables
Num variables: 23 => 32
Initialize Symbolic Manager(64, 250000, 16000000, 0)
Generating binary variables
Symbolic Variables... Done.
BOUND: 1 < 2147483647, total time: 0.461078s
BOUND: 2 < 2147483647, total time: 0.461293s
BOUND: 3 < 2147483647, total time: 0.461836s
BOUND: 4 < 2147483647, total time: 0.46217s
BOUND: 5 < 2147483647, total time: 0.462642s
BOUND: 6 < 2147483647, total time: 0.463251s
BOUND: 7 < 2147483647, total time: 0.464462s
BOUND: 8 < 2147483647, total time: 0.465593s
BOUND: 9 < 2147483647, total time: 0.467807s
BOUND: 10 < 2147483647, total time: 0.469878s
BOUND: 11 < 2147483647, total time: 0.473346s
Solution found with cost 11 total time: 0.476515s
Merging: 1
7 0.486125 1 111
Merging: 17
6 0.494183 1 106
Merging: 17
5 0.502191 1 86
Merging: 17
4 0.508247 1 75
Merging: 9
3 0.513507 1 47
Merging: 6
2 0.516746 1 47
Merging: 3
1 0.51971 1 48
Merging: 1
4 0.522536 1 111
Merging: 17
3 0.527514 1 106
Merging: 17
2 0.531817 1 86
Merging: 17
1 0.534876 1 75
BOUND: 11 < 11, total time: 0.537452s
Actual search time: 0.0768314s [t=0.537948s]
turn_to satellite3 star3 planet8 (1)
switch_on instrument5 satellite2 (1)
calibrate satellite2 instrument5 star2 (1)
turn_to satellite2 planet8 star2 (1)
take_image satellite2 planet8 instrument5 image0 (1)
turn_to satellite2 planet7 planet8 (1)
take_image satellite2 planet7 instrument5 image0 (1)
turn_to satellite2 star5 planet7 (1)
take_image satellite2 star5 instrument5 spectrograph2 (1)
turn_to satellite2 star6 star5 (1)
take_image satellite2 star6 instrument5 spectrograph2 (1)
Plan length: 11 step(s).
Plan cost: 11
Bytes per state: 4
Search time: 0.085033s
Total time: 0.537956s
Solution found.
Peak memory: 210740 KB
Running single search parser
