INFO     Running translator.
INFO     translator input: ['domain.pddl', 'problem.pddl']
INFO     translator arguments: []
INFO     translator time limit: None
INFO     translator memory limit: None
INFO     callstring: /usr/bin/python /mnt/data_server/torralba/subdominization/training/data/training_satellite/code-70296b3db083/builds/release32/bin/translate/translate.py domain.pddl problem.pddl
Parsing...
Parsing: [0.010s CPU, 0.019s wall-clock]
Normalizing task... [0.000s CPU, 0.000s wall-clock]
Instantiating...
Generating Datalog program... [0.000s CPU, 0.001s wall-clock]
Normalizing Datalog program...
Normalizing Datalog program: [0.000s CPU, 0.005s wall-clock]
Preparing model... [0.000s CPU, 0.003s wall-clock]
Generated 31 rules.
Computing model... [0.060s CPU, 0.056s wall-clock]
2070 relevant atoms
445 auxiliary atoms
2515 final queue length
4151 total queue pushes
Completing instantiation... [0.090s CPU, 0.094s wall-clock]
Instantiating: [0.150s CPU, 0.228s wall-clock]
Computing fact groups...
Finding invariants...
12 initial candidates
Finding invariants: [0.000s CPU, 0.003s wall-clock]
Checking invariant weight... [0.000s CPU, 0.000s wall-clock]
Instantiating groups... [0.000s CPU, 0.000s wall-clock]
Collecting mutex groups... [0.000s CPU, 0.000s wall-clock]
Choosing groups...
75 uncovered facts
Choosing groups: [0.000s CPU, 0.000s wall-clock]
Building translation key... [0.000s CPU, 0.001s wall-clock]
Computing fact groups: [0.010s CPU, 0.008s wall-clock]
Building STRIPS to SAS dictionary... [0.000s CPU, 0.000s wall-clock]
Building dictionary for full mutex groups... [0.000s CPU, 0.000s wall-clock]
Building mutex information...
Building mutex information: [0.000s CPU, 0.000s wall-clock]
Translating task...
Processing axioms...
Simplifying axioms... [0.000s CPU, 0.000s wall-clock]
Processing axioms: [0.000s CPU, 0.004s wall-clock]
Translating task: [0.090s CPU, 0.097s wall-clock]
21 effect conditions simplified
0 implied preconditions added
Detecting unreachable propositions...
0 operators removed
0 axioms removed
4 propositions removed
Detecting unreachable propositions: [0.060s CPU, 0.056s wall-clock]
Translator variables: 79
Translator derived variables: 0
Translator facts: 226
Translator goal facts: 6
Translator mutex groups: 4
Translator total mutex groups size: 76
Translator operators: 1703
Translator axioms: 0
Translator task size: 6142
Translator peak memory: 51164 KB
Writing output... [0.020s CPU, 0.104s wall-clock]
Done! [0.340s CPU, 0.516s wall-clock]
INFO     Running preprocessor (release32).
INFO     preprocessor input: output.sas
INFO     preprocessor arguments: []
INFO     preprocessor time limit: None
INFO     preprocessor memory limit: None
INFO     callstring: /mnt/data_server/torralba/subdominization/training/data/training_satellite/code-70296b3db083/builds/release32/bin/preprocess < output.sas
Building causal graph...
The causal graph is not acyclic.
26 variables of 79 necessary
0 of 4 mutex groups necessary.
1422 of 1703 operators necessary.
0 of 0 axiom rules necessary.
Initializing mutex computation...
Mutex computation initialized with 120 fluents.
iteration for mutex detection and operator pruning
Initialize m_index fw
Initialized mvalues forward: reached=676, notReached=12312, spurious=1412
Initialize m_ops fw
Computing mutexes...
Mutex computation finished with reached=12962, notReached=26, spurious=1412
0 operators are spurious because were not triggered
H^2 mutexes added fw: 26, unreachable: 0
0 of 1422 operators detected as spurious
iteration for mutex detection and operator pruning
Initialize m_index bw
Init values regression
Initialized mvalues backward: reached=5654, notReached=7308, spurious=1438
Initialize m_ops bw
Computing mutexes...
Mutex computation finished with reached=12962, notReached=0, spurious=1438
0 operators are spurious because were not triggered
H^2 mutexes added bw: 0, unreachable: 0
0 of 1422 operators detected as spurious
Total mutex and disambiguation time: 0.056356 iterations: 2
13 of 13 mutex groups necessary.
1422 of 1422 operators necessary.
0 of 0 axiom rules necessary.
Change id of operators: 1422
Change id of mutexes
Change id of goals
Change id of initial state
Remove unreachable facts from variables: 26
13 of 13 mutex groups necessary.
1422 of 1422 operators necessary.
0 of 0 axiom rules necessary.
Updating causal graph and pruning unnecessary facts
26 variables of 26 of 79 necessary
The causal graph is not acyclic.
26 variables of 26 necessary
13 of 13 mutex groups necessary.
1422 of 1422 operators necessary.
0 of 0 axiom rules necessary.
Building domain transition graphs...
solveable in poly time 0
Building successor generator...
Preprocessor variables: 26
Preprocessor facts: 120
Preprocessor derived variables: 0
Preprocessor operators: 1422
Preprocessor mutex groups: 13
Preprocessor task size: 4528
Writing output...
Preprocessor time: 0.0969088s
Preprocessor peak memory: 2900 KB
done
INFO     Running search (release32).
INFO     search input: output
INFO     search arguments: ['--search', 'sbd(store_operators_in_optimal_plan=true, cost_type=1)']
INFO     search time limit: 3600s
INFO     search memory limit: 4096 MB
INFO     search executable: /mnt/data_server/torralba/subdominization/training/data/training_satellite/code-70296b3db083/builds/release32/bin/downward
INFO     callstring: /mnt/data_server/torralba/subdominization/training/data/training_satellite/code-70296b3db083/builds/release32/bin/downward --search 'sbd(store_operators_in_optimal_plan=true, cost_type=1)' --internal-plan-file sas_plan < output
time limit 3600.00 -> (3600, 3601)
reading input... [t=0.000139348s]
done reading input! [t=0.00995137s]
packing state variables...done! [t=0.00997025s]
Variables: 26
FactPairs: 120
Bytes per state: 8
Building successor generator...done! [t=0.0108229s]
done initalizing global data [t=0.0108305s]
TR(time=60000, nodes=100000)
Mutex(time=60000, nodes=100000, type=edeletion)
Aux(time=2000, nodes=1000000)
Disj(nodes=2147483647)
Estimation: min_time(1000) time_penalty +(1000)*(2) nodes_penalty +(1000)*(2)
MaxStep(time=30000, nodes=100000000, nodes_per_planning_second=100)
Ratio useful: 0
   Min alloted time: 60000 nodes: 10000000
   Max alloted time: 60000 nodes: 15000000
   Mult alloted time: 2 nodes: 2
   Ratio after relax: 0.8
building causal graph...done! [t=0.000199915s]
Sym variable order: 15 16 17 11 14 18 2 12 19 13 1 6 8 23 25 24 0 9 5 10 7 4 3 22 21 20 
Initializing Symbolic Variables
Num variables: 26 => 42
Initialize Symbolic Manager(84, 190476, 16000000, 0)
Generating binary variables
Symbolic Variables... Done.
BOUND: 1 < 2147483647, total time: 0.541012s
BOUND: 2 < 2147483647, total time: 0.541422s
BOUND: 3 < 2147483647, total time: 0.542087s
BOUND: 4 < 2147483647, total time: 0.542729s
BOUND: 5 < 2147483647, total time: 0.543593s
BOUND: 6 < 2147483647, total time: 0.545439s
BOUND: 7 < 2147483647, total time: 0.546684s
BOUND: 8 < 2147483647, total time: 0.548495s
BOUND: 9 < 2147483647, total time: 0.553255s
BOUND: 10 < 2147483647, total time: 0.55654s
BOUND: 11 < 2147483647, total time: 0.562209s
BOUND: 12 < 2147483647, total time: 0.57162s
Solution found with cost 12 total time: 0.581086s
Merging: 1
8 0.621258 1 210
Merging: 37
7 0.695593 1 225
Merging: 37
6 0.774399 1 188
Merging: 37
5 0.833506 1 178
Merging: 33
4 0.888511 1 126
Merging: 26
3 0.930449 1 129
Merging: 14
2 0.969833 1 129
Merging: 9
1 1.00907 1 100
Merging: 1
4 1.04192 1 210
Merging: 37
3 1.08083 1 225
Merging: 37
2 1.1158 1 188
Merging: 37
1 1.14126 1 178
BOUND: 12 < 12, total time: 1.1625s
Actual search time: 0.622744s [t=1.1638s]
turn_to satellite3 star4 groundstation14 (1)
turn_to satellite0 star12 star5 (1)
switch_on instrument1 satellite0 (1)
calibrate satellite0 instrument1 star12 (1)
turn_to satellite0 planet18 star12 (1)
take_image satellite0 planet18 instrument1 image2 (1)
turn_to satellite0 phenomenon17 planet18 (1)
take_image satellite0 phenomenon17 instrument1 image2 (1)
turn_to satellite0 star15 phenomenon17 (1)
take_image satellite0 star15 instrument1 image2 (1)
turn_to satellite0 star16 star15 (1)
take_image satellite0 star16 instrument1 thermograph0 (1)
Plan length: 12 step(s).
Plan cost: 12
Bytes per state: 8
Search time: 0.65497s
Total time: 1.16382s
Solution found.
Peak memory: 234480 KB
Running single search parser
