INFO     Running translator.
INFO     translator input: ['domain.pddl', 'problem.pddl']
INFO     translator arguments: []
INFO     translator time limit: None
INFO     translator memory limit: None
INFO     callstring: /usr/bin/python /mnt/data_server/torralba/subdominization/training/data/training_satellite/code-70296b3db083/builds/release32/bin/translate/translate.py domain.pddl problem.pddl
Parsing...
Parsing: [0.010s CPU, 0.066s wall-clock]
Normalizing task... [0.000s CPU, 0.000s wall-clock]
Instantiating...
Generating Datalog program... [0.000s CPU, 0.001s wall-clock]
Normalizing Datalog program...
Normalizing Datalog program: [0.000s CPU, 0.008s wall-clock]
Preparing model... [0.000s CPU, 0.002s wall-clock]
Generated 31 rules.
Computing model... [0.010s CPU, 0.012s wall-clock]
319 relevant atoms
177 auxiliary atoms
496 final queue length
655 total queue pushes
Completing instantiation... [0.010s CPU, 0.011s wall-clock]
Instantiating: [0.020s CPU, 0.050s wall-clock]
Computing fact groups...
Finding invariants...
12 initial candidates
Finding invariants: [0.010s CPU, 0.003s wall-clock]
Checking invariant weight... [0.000s CPU, 0.000s wall-clock]
Instantiating groups... [0.000s CPU, 0.000s wall-clock]
Collecting mutex groups... [0.000s CPU, 0.000s wall-clock]
Choosing groups...
27 uncovered facts
Choosing groups: [0.000s CPU, 0.000s wall-clock]
Building translation key... [0.000s CPU, 0.000s wall-clock]
Computing fact groups: [0.010s CPU, 0.005s wall-clock]
Building STRIPS to SAS dictionary... [0.000s CPU, 0.000s wall-clock]
Building dictionary for full mutex groups... [0.000s CPU, 0.000s wall-clock]
Building mutex information...
Building mutex information: [0.000s CPU, 0.000s wall-clock]
Translating task...
Processing axioms...
Simplifying axioms... [0.000s CPU, 0.000s wall-clock]
Processing axioms: [0.000s CPU, 0.001s wall-clock]
Translating task: [0.010s CPU, 0.011s wall-clock]
18 effect conditions simplified
0 implied preconditions added
Detecting unreachable propositions...
0 operators removed
0 axioms removed
3 propositions removed
Detecting unreachable propositions: [0.010s CPU, 0.007s wall-clock]
Translator variables: 30
Translator derived variables: 0
Translator facts: 72
Translator goal facts: 3
Translator mutex groups: 3
Translator total mutex groups size: 18
Translator operators: 180
Translator axioms: 0
Translator task size: 831
Translator peak memory: 44020 KB
Writing output... [0.000s CPU, 0.036s wall-clock]
Done! [0.060s CPU, 0.176s wall-clock]
INFO     Running preprocessor (release32).
INFO     preprocessor input: output.sas
INFO     preprocessor arguments: []
INFO     preprocessor time limit: None
INFO     preprocessor memory limit: None
INFO     callstring: /mnt/data_server/torralba/subdominization/training/data/training_satellite/code-70296b3db083/builds/release32/bin/preprocess < output.sas
Building causal graph...
The causal graph is not acyclic.
19 variables of 30 necessary
0 of 3 mutex groups necessary.
114 of 180 operators necessary.
0 of 0 axiom rules necessary.
Initializing mutex computation...
Mutex computation initialized with 50 fluents.
iteration for mutex detection and operator pruning
Initialize m_index fw
Initialized mvalues forward: reached=361, notReached=2017, spurious=122
Initialize m_ops fw
Computing mutexes...
Mutex computation finished with reached=2350, notReached=28, spurious=122
0 operators are spurious because were not triggered
H^2 mutexes added fw: 28, unreachable: 0
0 of 114 operators detected as spurious
iteration for mutex detection and operator pruning
Initialize m_index bw
Init values regression
Initialized mvalues backward: reached=1433, notReached=917, spurious=150
Initialize m_ops bw
Computing mutexes...
Mutex computation finished with reached=2350, notReached=0, spurious=150
0 operators are spurious because were not triggered
H^2 mutexes added bw: 0, unreachable: 0
0 of 114 operators detected as spurious
Total mutex and disambiguation time: 0.002456 iterations: 2
14 of 14 mutex groups necessary.
114 of 114 operators necessary.
0 of 0 axiom rules necessary.
Change id of operators: 114
Change id of mutexes
Change id of goals
Change id of initial state
Remove unreachable facts from variables: 19
14 of 14 mutex groups necessary.
114 of 114 operators necessary.
0 of 0 axiom rules necessary.
Updating causal graph and pruning unnecessary facts
19 variables of 19 of 30 necessary
The causal graph is not acyclic.
19 variables of 19 necessary
14 of 14 mutex groups necessary.
114 of 114 operators necessary.
0 of 0 axiom rules necessary.
Building domain transition graphs...
solveable in poly time 0
Building successor generator...
Preprocessor variables: 19
Preprocessor facts: 50
Preprocessor derived variables: 0
Preprocessor operators: 114
Preprocessor mutex groups: 14
Preprocessor task size: 478
Writing output...
Preprocessor time: 0.00787242s
Preprocessor peak memory: 2228 KB
done
INFO     Running search (release32).
INFO     search input: output
INFO     search arguments: ['--search', 'sbd(store_operators_in_optimal_plan=true, cost_type=1)']
INFO     search time limit: 3600s
INFO     search memory limit: 4096 MB
INFO     search executable: /mnt/data_server/torralba/subdominization/training/data/training_satellite/code-70296b3db083/builds/release32/bin/downward
INFO     callstring: /mnt/data_server/torralba/subdominization/training/data/training_satellite/code-70296b3db083/builds/release32/bin/downward --search 'sbd(store_operators_in_optimal_plan=true, cost_type=1)' --internal-plan-file sas_plan < output
time limit 3600.00 -> (3600, 3601)
reading input... [t=0.000187769s]
done reading input! [t=0.00134572s]
packing state variables...done! [t=0.00135906s]
Variables: 19
FactPairs: 50
Bytes per state: 4
Building successor generator...done! [t=0.00147701s]
done initalizing global data [t=0.0014818s]
TR(time=60000, nodes=100000)
Mutex(time=60000, nodes=100000, type=edeletion)
Aux(time=2000, nodes=1000000)
Disj(nodes=2147483647)
Estimation: min_time(1000) time_penalty +(1000)*(2) nodes_penalty +(1000)*(2)
MaxStep(time=30000, nodes=100000000, nodes_per_planning_second=100)
Ratio useful: 0
   Min alloted time: 60000 nodes: 10000000
   Max alloted time: 60000 nodes: 15000000
   Mult alloted time: 2 nodes: 2
   Ratio after relax: 0.8
building causal graph...done! [t=8.4064e-05s]
Sym variable order: 6 7 8 1 9 11 17 15 13 18 2 14 12 16 10 0 5 4 3 
Initializing Symbolic Variables
Num variables: 19 => 25
Initialize Symbolic Manager(50, 320000, 16000000, 0)
Generating binary variables
Symbolic Variables... Done.
BOUND: 1 < 2147483647, total time: 0.407352s
BOUND: 2 < 2147483647, total time: 0.407517s
BOUND: 3 < 2147483647, total time: 0.407749s
BOUND: 4 < 2147483647, total time: 0.408095s
BOUND: 5 < 2147483647, total time: 0.408365s
BOUND: 6 < 2147483647, total time: 0.408735s
BOUND: 7 < 2147483647, total time: 0.409331s
Solution found with cost 7 total time: 0.40981s
Merging: 1
4 0.412005 1 135
Merging: 18
3 0.416913 1 135
Merging: 17
2 0.42092 1 121
Merging: 11
1 0.424506 1 64
Merging: 1
3 0.426402 1 135
Merging: 16
2 0.429692 1 114
Merging: 11
1 0.43173 1 122
BOUND: 7 < 7, total time: 0.433577s
Actual search time: 0.0265288s [t=0.433917s]
turn_to satellite1 groundstation1 star5 (1)
turn_to satellite0 groundstation1 star0 (1)
switch_on instrument0 satellite0 (1)
calibrate satellite0 instrument0 groundstation1 (1)
turn_to satellite0 star5 groundstation1 (1)
take_image satellite0 star5 instrument0 infrared0 (1)
turn_to satellite0 groundstation1 star5 (1)
Plan length: 7 step(s).
Plan cost: 7
Bytes per state: 4
Search time: 0.0300987s
Total time: 0.43393s
Solution found.
Peak memory: 247892 KB
Running single search parser
