INFO     Running translator.
INFO     translator input: ['domain.pddl', 'problem.pddl']
INFO     translator arguments: []
INFO     translator time limit: None
INFO     translator memory limit: None
INFO     callstring: /usr/bin/python /mnt/data_server/torralba/subdominization/training/data/training_satellite/code-70296b3db083/builds/release32/bin/translate/translate.py domain.pddl problem.pddl
Parsing...
Parsing: [0.010s CPU, 0.011s wall-clock]
Normalizing task... [0.000s CPU, 0.000s wall-clock]
Instantiating...
Generating Datalog program... [0.000s CPU, 0.001s wall-clock]
Normalizing Datalog program...
Normalizing Datalog program: [0.010s CPU, 0.021s wall-clock]
Preparing model... [0.000s CPU, 0.003s wall-clock]
Generated 31 rules.
Computing model... [0.030s CPU, 0.037s wall-clock]
1257 relevant atoms
418 auxiliary atoms
1675 final queue length
2596 total queue pushes
Completing instantiation... [0.060s CPU, 0.054s wall-clock]
Instantiating: [0.100s CPU, 0.188s wall-clock]
Computing fact groups...
Finding invariants...
12 initial candidates
Finding invariants: [0.000s CPU, 0.004s wall-clock]
Checking invariant weight... [0.000s CPU, 0.000s wall-clock]
Instantiating groups... [0.000s CPU, 0.000s wall-clock]
Collecting mutex groups... [0.000s CPU, 0.000s wall-clock]
Choosing groups...
50 uncovered facts
Choosing groups: [0.000s CPU, 0.000s wall-clock]
Building translation key... [0.000s CPU, 0.001s wall-clock]
Computing fact groups: [0.000s CPU, 0.007s wall-clock]
Building STRIPS to SAS dictionary... [0.000s CPU, 0.000s wall-clock]
Building dictionary for full mutex groups... [0.000s CPU, 0.000s wall-clock]
Building mutex information...
Building mutex information: [0.000s CPU, 0.000s wall-clock]
Translating task...
Processing axioms...
Simplifying axioms... [0.000s CPU, 0.000s wall-clock]
Processing axioms: [0.010s CPU, 0.003s wall-clock]
Translating task: [0.060s CPU, 0.056s wall-clock]
27 effect conditions simplified
0 implied preconditions added
Detecting unreachable propositions...
0 operators removed
0 axioms removed
4 propositions removed
Detecting unreachable propositions: [0.040s CPU, 0.032s wall-clock]
Translator variables: 54
Translator derived variables: 0
Translator facts: 156
Translator goal facts: 7
Translator mutex groups: 4
Translator total mutex groups size: 56
Translator operators: 963
Translator axioms: 0
Translator task size: 3602
Translator peak memory: 47688 KB
Writing output... [0.010s CPU, 0.160s wall-clock]
Done! [0.220s CPU, 0.457s wall-clock]
INFO     Running preprocessor (release32).
INFO     preprocessor input: output.sas
INFO     preprocessor arguments: []
INFO     preprocessor time limit: None
INFO     preprocessor memory limit: None
INFO     callstring: /mnt/data_server/torralba/subdominization/training/data/training_satellite/code-70296b3db083/builds/release32/bin/preprocess < output.sas
Building causal graph...
The causal graph is not acyclic.
30 variables of 54 necessary
0 of 4 mutex groups necessary.
795 of 963 operators necessary.
0 of 0 axiom rules necessary.
Initializing mutex computation...
Mutex computation initialized with 108 fluents.
iteration for mutex detection and operator pruning
Initialize m_index fw
Initialized mvalues forward: reached=900, notReached=9984, spurious=780
Initialize m_ops fw
Computing mutexes...
Mutex computation finished with reached=10848, notReached=36, spurious=780
0 operators are spurious because were not triggered
H^2 mutexes added fw: 36, unreachable: 0
0 of 795 operators detected as spurious
iteration for mutex detection and operator pruning
Initialize m_index bw
Init values regression
Initialized mvalues backward: reached=3963, notReached=6885, spurious=816
Initialize m_ops bw
Computing mutexes...
Mutex computation finished with reached=10848, notReached=0, spurious=816
0 operators are spurious because were not triggered
H^2 mutexes added bw: 0, unreachable: 0
0 of 795 operators detected as spurious
Total mutex and disambiguation time: 0.030473 iterations: 2
18 of 18 mutex groups necessary.
795 of 795 operators necessary.
0 of 0 axiom rules necessary.
Change id of operators: 795
Change id of mutexes
Change id of goals
Change id of initial state
Remove unreachable facts from variables: 30
18 of 18 mutex groups necessary.
795 of 795 operators necessary.
0 of 0 axiom rules necessary.
Updating causal graph and pruning unnecessary facts
30 variables of 30 of 54 necessary
The causal graph is not acyclic.
30 variables of 30 necessary
18 of 18 mutex groups necessary.
795 of 795 operators necessary.
0 of 0 axiom rules necessary.
Building domain transition graphs...
solveable in poly time 0
Building successor generator...
Preprocessor variables: 30
Preprocessor facts: 108
Preprocessor derived variables: 0
Preprocessor operators: 795
Preprocessor mutex groups: 18
Preprocessor task size: 2670
Writing output...
Preprocessor time: 0.055713s
Preprocessor peak memory: 2528 KB
done
INFO     Running search (release32).
INFO     search input: output
INFO     search arguments: ['--search', 'sbd(store_operators_in_optimal_plan=true, cost_type=1)']
INFO     search time limit: 3600s
INFO     search memory limit: 4096 MB
INFO     search executable: /mnt/data_server/torralba/subdominization/training/data/training_satellite/code-70296b3db083/builds/release32/bin/downward
INFO     callstring: /mnt/data_server/torralba/subdominization/training/data/training_satellite/code-70296b3db083/builds/release32/bin/downward --search 'sbd(store_operators_in_optimal_plan=true, cost_type=1)' --internal-plan-file sas_plan < output
time limit 3600.00 -> (3600, 3601)
reading input... [t=0.000110716s]
done reading input! [t=0.00583838s]
packing state variables...done! [t=0.00585227s]
Variables: 30
FactPairs: 108
Bytes per state: 8
Building successor generator...done! [t=0.00642836s]
done initalizing global data [t=0.00643614s]
TR(time=60000, nodes=100000)
Mutex(time=60000, nodes=100000, type=edeletion)
Aux(time=2000, nodes=1000000)
Disj(nodes=2147483647)
Estimation: min_time(1000) time_penalty +(1000)*(2) nodes_penalty +(1000)*(2)
MaxStep(time=30000, nodes=100000000, nodes_per_planning_second=100)
Ratio useful: 0
   Min alloted time: 60000 nodes: 10000000
   Max alloted time: 60000 nodes: 15000000
   Mult alloted time: 2 nodes: 2
   Ratio after relax: 0.8
building causal graph...done! [t=0.000183561s]
Sym variable order: 23 21 27 4 12 22 24 3 8 7 28 29 9 0 10 6 11 5 26 25 2 20 16 19 17 1 18 15 14 13 
Initializing Symbolic Variables
Num variables: 30 => 42
Initialize Symbolic Manager(84, 190476, 16000000, 0)
Generating binary variables
Symbolic Variables... Done.
BOUND: 1 < 2147483647, total time: 0.574983s
BOUND: 2 < 2147483647, total time: 0.575309s
BOUND: 3 < 2147483647, total time: 0.575953s
BOUND: 4 < 2147483647, total time: 0.576559s
BOUND: 5 < 2147483647, total time: 0.578185s
BOUND: 6 < 2147483647, total time: 0.579189s
BOUND: 7 < 2147483647, total time: 0.580633s
BOUND: 8 < 2147483647, total time: 0.583143s
BOUND: 9 < 2147483647, total time: 0.587791s
BOUND: 10 < 2147483647, total time: 0.592665s
BOUND: 11 < 2147483647, total time: 0.602338s
BOUND: 12 < 2147483647, total time: 0.612047s
BOUND: 13 < 2147483647, total time: 0.629436s
Solution found with cost 13 total time: 0.646049s
Merging: 1
8 0.686065 1 313
Merging: 28
7 0.754666 1 299
Merging: 28
6 0.806592 1 262
Merging: 41
5 0.853224 1 223
Merging: 39
4 0.892445 1 173
Merging: 29
3 0.924637 1 153
Merging: 16
2 0.95222 1 134
Merging: 9
1 0.976379 1 85
Merging: 1
5 0.98995 1 313
Merging: 28
4 1.02537 1 286
Merging: 31
3 1.04259 1 236
Merging: 26
2 1.05596 1 183
Merging: 23
1 1.06724 1 146
BOUND: 13 < 13, total time: 1.07566s
Actual search time: 0.50342s [t=1.07844s]
turn_to satellite2 star11 groundstation2 (1)
turn_to satellite1 star11 star4 (1)
switch_on instrument3 satellite0 (1)
calibrate satellite0 instrument3 groundstation6 (1)
turn_to satellite0 star10 groundstation6 (1)
take_image satellite0 star10 instrument3 image1 (1)
turn_to satellite0 phenomenon13 star10 (1)
take_image satellite0 phenomenon13 instrument3 infrared0 (1)
turn_to satellite0 star11 phenomenon13 (1)
take_image satellite0 star11 instrument3 infrared0 (1)
turn_to satellite0 star12 star11 (1)
take_image satellite0 star12 instrument3 image1 (1)
turn_to satellite3 star4 groundstation0 (1)
Plan length: 13 step(s).
Plan cost: 13
Bytes per state: 8
Search time: 0.526658s
Total time: 1.07846s
Solution found.
Peak memory: 234140 KB
Running single search parser
