INFO     Running translator.
INFO     translator input: ['domain.pddl', 'problem.pddl']
INFO     translator arguments: []
INFO     translator time limit: None
INFO     translator memory limit: None
INFO     callstring: /usr/bin/python /mnt/data_server/torralba/subdominization/training/data/training_satellite/code-70296b3db083/builds/release32/bin/translate/translate.py domain.pddl problem.pddl
Parsing...
Parsing: [0.010s CPU, 0.026s wall-clock]
Normalizing task... [0.000s CPU, 0.000s wall-clock]
Instantiating...
Generating Datalog program... [0.000s CPU, 0.001s wall-clock]
Normalizing Datalog program...
Normalizing Datalog program: [0.000s CPU, 0.009s wall-clock]
Preparing model... [0.000s CPU, 0.002s wall-clock]
Generated 31 rules.
Computing model... [0.020s CPU, 0.014s wall-clock]
526 relevant atoms
142 auxiliary atoms
668 final queue length
985 total queue pushes
Completing instantiation... [0.020s CPU, 0.020s wall-clock]
Instantiating: [0.040s CPU, 0.055s wall-clock]
Computing fact groups...
Finding invariants...
12 initial candidates
Finding invariants: [0.000s CPU, 0.003s wall-clock]
Checking invariant weight... [0.000s CPU, 0.000s wall-clock]
Instantiating groups... [0.000s CPU, 0.000s wall-clock]
Collecting mutex groups... [0.000s CPU, 0.000s wall-clock]
Choosing groups...
44 uncovered facts
Choosing groups: [0.000s CPU, 0.000s wall-clock]
Building translation key... [0.000s CPU, 0.001s wall-clock]
Computing fact groups: [0.000s CPU, 0.005s wall-clock]
Building STRIPS to SAS dictionary... [0.000s CPU, 0.000s wall-clock]
Building dictionary for full mutex groups... [0.000s CPU, 0.000s wall-clock]
Building mutex information...
Building mutex information: [0.000s CPU, 0.000s wall-clock]
Translating task...
Processing axioms...
Simplifying axioms... [0.000s CPU, 0.000s wall-clock]
Processing axioms: [0.000s CPU, 0.001s wall-clock]
Translating task: [0.020s CPU, 0.021s wall-clock]
9 effect conditions simplified
0 implied preconditions added
Detecting unreachable propositions...
0 operators removed
0 axioms removed
2 propositions removed
Detecting unreachable propositions: [0.020s CPU, 0.013s wall-clock]
Translator variables: 46
Translator derived variables: 0
Translator facts: 112
Translator goal facts: 6
Translator mutex groups: 2
Translator total mutex groups size: 24
Translator operators: 357
Translator axioms: 0
Translator task size: 1439
Translator peak memory: 44656 KB
Writing output... [0.000s CPU, 0.008s wall-clock]
Done! [0.090s CPU, 0.129s wall-clock]
INFO     Running preprocessor (release32).
INFO     preprocessor input: output.sas
INFO     preprocessor arguments: []
INFO     preprocessor time limit: None
INFO     preprocessor memory limit: None
INFO     callstring: /mnt/data_server/torralba/subdominization/training/data/training_satellite/code-70296b3db083/builds/release32/bin/preprocess < output.sas
Building causal graph...
The causal graph is not acyclic.
16 variables of 46 necessary
0 of 2 mutex groups necessary.
291 of 357 operators necessary.
0 of 0 axiom rules necessary.
Initializing mutex computation...
Mutex computation initialized with 52 fluents.
iteration for mutex detection and operator pruning
Initialize m_index fw
Initialized mvalues forward: reached=256, notReached=2156, spurious=292
Initialize m_ops fw
Computing mutexes...
Mutex computation finished with reached=2402, notReached=10, spurious=292
0 operators are spurious because were not triggered
H^2 mutexes added fw: 10, unreachable: 0
0 of 291 operators detected as spurious
iteration for mutex detection and operator pruning
Initialize m_index bw
Init values regression
Initialized mvalues backward: reached=1826, notReached=576, spurious=302
Initialize m_ops bw
Computing mutexes...
Mutex computation finished with reached=2402, notReached=0, spurious=302
0 operators are spurious because were not triggered
H^2 mutexes added bw: 0, unreachable: 0
0 of 291 operators detected as spurious
Total mutex and disambiguation time: 0.005409 iterations: 2
5 of 5 mutex groups necessary.
291 of 291 operators necessary.
0 of 0 axiom rules necessary.
Change id of operators: 291
Change id of mutexes
Change id of goals
Change id of initial state
Remove unreachable facts from variables: 16
5 of 5 mutex groups necessary.
291 of 291 operators necessary.
0 of 0 axiom rules necessary.
Updating causal graph and pruning unnecessary facts
16 variables of 16 of 46 necessary
The causal graph is not acyclic.
16 variables of 16 necessary
5 of 5 mutex groups necessary.
291 of 291 operators necessary.
0 of 0 axiom rules necessary.
Building domain transition graphs...
solveable in poly time 0
Building successor generator...
Preprocessor variables: 16
Preprocessor facts: 52
Preprocessor derived variables: 0
Preprocessor operators: 291
Preprocessor mutex groups: 5
Preprocessor task size: 1005
Writing output...
Preprocessor time: 0.0149905s
Preprocessor peak memory: 2252 KB
done
INFO     Running search (release32).
INFO     search input: output
INFO     search arguments: ['--search', 'sbd(store_operators_in_optimal_plan=true, cost_type=1)']
INFO     search time limit: 3600s
INFO     search memory limit: 4096 MB
INFO     search executable: /mnt/data_server/torralba/subdominization/training/data/training_satellite/code-70296b3db083/builds/release32/bin/downward
INFO     callstring: /mnt/data_server/torralba/subdominization/training/data/training_satellite/code-70296b3db083/builds/release32/bin/downward --search 'sbd(store_operators_in_optimal_plan=true, cost_type=1)' --internal-plan-file sas_plan < output
time limit 3600.00 -> (3600, 3601)
reading input... [t=0.000124304s]
done reading input! [t=0.00257466s]
packing state variables...done! [t=0.00258838s]
Variables: 16
FactPairs: 52
Bytes per state: 4
Building successor generator...done! [t=0.00278615s]
done initalizing global data [t=0.00279192s]
TR(time=60000, nodes=100000)
Mutex(time=60000, nodes=100000, type=edeletion)
Aux(time=2000, nodes=1000000)
Disj(nodes=2147483647)
Estimation: min_time(1000) time_penalty +(1000)*(2) nodes_penalty +(1000)*(2)
MaxStep(time=30000, nodes=100000000, nodes_per_planning_second=100)
Ratio useful: 0
   Min alloted time: 60000 nodes: 10000000
   Max alloted time: 60000 nodes: 15000000
   Mult alloted time: 2 nodes: 2
   Ratio after relax: 0.8
building causal graph...done! [t=9.4567e-05s]
Sym variable order: 2 3 4 0 13 15 12 11 1 10 14 9 8 5 6 7 
Initializing Symbolic Variables
Num variables: 16 => 22
Initialize Symbolic Manager(44, 363636, 16000000, 0)
Generating binary variables
Symbolic Variables... Done.
BOUND: 1 < 2147483647, total time: 0.38507s
BOUND: 2 < 2147483647, total time: 0.385248s
BOUND: 3 < 2147483647, total time: 0.385518s
BOUND: 4 < 2147483647, total time: 0.385712s
BOUND: 5 < 2147483647, total time: 0.385916s
BOUND: 6 < 2147483647, total time: 0.386149s
BOUND: 7 < 2147483647, total time: 0.386559s
BOUND: 8 < 2147483647, total time: 0.387144s
BOUND: 9 < 2147483647, total time: 0.387823s
BOUND: 10 < 2147483647, total time: 0.388836s
BOUND: 11 < 2147483647, total time: 0.390017s
BOUND: 12 < 2147483647, total time: 0.391306s
BOUND: 13 < 2147483647, total time: 0.393274s
BOUND: 14 < 2147483647, total time: 0.395179s
BOUND: 15 < 2147483647, total time: 0.39688s
Solution found with cost 15 total time: 0.398407s
Merging: 1
8 0.406358 1 158
Merging: 60
7 0.418344 1 147
Merging: 18
6 0.429357 1 119
Merging: 60
5 0.437955 1 101
Merging: 18
4 0.4447 1 52
Merging: 12
3 0.448788 1 46
Merging: 3
2 0.451992 1 44
Merging: 5
1 0.454931 1 50
Merging: 1
7 0.458815 1 158
Merging: 18
6 0.465668 1 168
Merging: 60
5 0.472429 1 168
Merging: 18
4 0.47819 1 158
Merging: 60
3 0.483615 1 147
Merging: 18
2 0.48864 1 119
Merging: 60
1 0.492908 1 101
BOUND: 15 < 15, total time: 0.496493s
Actual search time: 0.111957s [t=0.497069s]
turn_to satellite0 star4 star1 (1)
switch_on instrument0 satellite0 (1)
calibrate satellite0 instrument0 star4 (1)
turn_to satellite0 planet6 star4 (1)
take_image satellite0 planet6 instrument0 image1 (1)
turn_to satellite0 planet5 planet6 (1)
take_image satellite0 planet5 instrument0 image1 (1)
turn_to satellite0 phenomenon10 planet5 (1)
take_image satellite0 phenomenon10 instrument0 image3 (1)
turn_to satellite0 planet7 phenomenon10 (1)
take_image satellite0 planet7 instrument0 image1 (1)
turn_to satellite0 star11 planet7 (1)
take_image satellite0 star11 instrument0 image1 (1)
turn_to satellite0 star9 star11 (1)
take_image satellite0 star9 instrument0 image3 (1)
Plan length: 15 step(s).
Plan cost: 15
Bytes per state: 4
Search time: 0.118351s
Total time: 0.49708s
Solution found.
Peak memory: 236360 KB
Running single search parser
