INFO     Running translator.
INFO     translator input: ['domain.pddl', 'problem.pddl']
INFO     translator arguments: []
INFO     translator time limit: None
INFO     translator memory limit: None
INFO     callstring: /usr/bin/python /mnt/data_server/torralba/subdominization/training/data/training_satellite/code-70296b3db083/builds/release32/bin/translate/translate.py domain.pddl problem.pddl
Parsing...
Parsing: [0.010s CPU, 0.028s wall-clock]
Normalizing task... [0.000s CPU, 0.000s wall-clock]
Instantiating...
Generating Datalog program... [0.000s CPU, 0.001s wall-clock]
Normalizing Datalog program...
Normalizing Datalog program: [0.000s CPU, 0.013s wall-clock]
Preparing model... [0.010s CPU, 0.002s wall-clock]
Generated 31 rules.
Computing model... [0.030s CPU, 0.035s wall-clock]
1369 relevant atoms
235 auxiliary atoms
1604 final queue length
2625 total queue pushes
Completing instantiation... [0.060s CPU, 0.062s wall-clock]
Instantiating: [0.100s CPU, 0.126s wall-clock]
Computing fact groups...
Finding invariants...
12 initial candidates
Finding invariants: [0.000s CPU, 0.004s wall-clock]
Checking invariant weight... [0.000s CPU, 0.000s wall-clock]
Instantiating groups... [0.010s CPU, 0.000s wall-clock]
Collecting mutex groups... [0.000s CPU, 0.000s wall-clock]
Choosing groups...
76 uncovered facts
Choosing groups: [0.000s CPU, 0.000s wall-clock]
Building translation key... [0.000s CPU, 0.001s wall-clock]
Computing fact groups: [0.010s CPU, 0.007s wall-clock]
Building STRIPS to SAS dictionary... [0.010s CPU, 0.000s wall-clock]
Building dictionary for full mutex groups... [0.000s CPU, 0.000s wall-clock]
Building mutex information...
Building mutex information: [0.000s CPU, 0.000s wall-clock]
Translating task...
Processing axioms...
Simplifying axioms... [0.000s CPU, 0.000s wall-clock]
Processing axioms: [0.000s CPU, 0.003s wall-clock]
Translating task: [0.060s CPU, 0.065s wall-clock]
12 effect conditions simplified
0 implied preconditions added
Detecting unreachable propositions...
0 operators removed
0 axioms removed
2 propositions removed
Detecting unreachable propositions: [0.040s CPU, 0.039s wall-clock]
Translator variables: 78
Translator derived variables: 0
Translator facts: 196
Translator goal facts: 8
Translator mutex groups: 2
Translator total mutex groups size: 44
Translator operators: 1093
Translator axioms: 0
Translator task size: 3932
Translator peak memory: 48040 KB
Writing output... [0.010s CPU, 0.019s wall-clock]
Done! [0.240s CPU, 0.289s wall-clock]
INFO     Running preprocessor (release32).
INFO     preprocessor input: output.sas
INFO     preprocessor arguments: []
INFO     preprocessor time limit: None
INFO     preprocessor memory limit: None
INFO     callstring: /mnt/data_server/torralba/subdominization/training/data/training_satellite/code-70296b3db083/builds/release32/bin/preprocess < output.sas
Building causal graph...
The causal graph is not acyclic.
19 variables of 78 necessary
0 of 2 mutex groups necessary.
955 of 1093 operators necessary.
0 of 0 axiom rules necessary.
Initializing mutex computation...
Mutex computation initialized with 78 fluents.
iteration for mutex detection and operator pruning
Initialize m_index fw
Initialized mvalues forward: reached=361, notReached=4765, spurious=958
Initialize m_ops fw
Computing mutexes...
Mutex computation finished with reached=5110, notReached=16, spurious=958
0 operators are spurious because were not triggered
H^2 mutexes added fw: 16, unreachable: 0
0 of 955 operators detected as spurious
iteration for mutex detection and operator pruning
Initialize m_index bw
Init values regression
Initialized mvalues backward: reached=2002, notReached=3108, spurious=974
Initialize m_ops bw
Computing mutexes...
Mutex computation finished with reached=5110, notReached=0, spurious=974
0 operators are spurious because were not triggered
H^2 mutexes added bw: 0, unreachable: 0
0 of 955 operators detected as spurious
Total mutex and disambiguation time: 0.023379 iterations: 2
8 of 8 mutex groups necessary.
955 of 955 operators necessary.
0 of 0 axiom rules necessary.
Change id of operators: 955
Change id of mutexes
Change id of goals
Change id of initial state
Remove unreachable facts from variables: 19
8 of 8 mutex groups necessary.
955 of 955 operators necessary.
0 of 0 axiom rules necessary.
Updating causal graph and pruning unnecessary facts
19 variables of 19 of 78 necessary
The causal graph is not acyclic.
19 variables of 19 necessary
8 of 8 mutex groups necessary.
955 of 955 operators necessary.
0 of 0 axiom rules necessary.
Building domain transition graphs...
solveable in poly time 0
Building successor generator...
Preprocessor variables: 19
Preprocessor facts: 78
Preprocessor derived variables: 0
Preprocessor operators: 955
Preprocessor mutex groups: 8
Preprocessor task size: 3037
Writing output...
Preprocessor time: 0.0497111s
Preprocessor peak memory: 2748 KB
done
INFO     Running search (release32).
INFO     search input: output
INFO     search arguments: ['--search', 'sbd(store_operators_in_optimal_plan=true, cost_type=1)']
INFO     search time limit: 3600s
INFO     search memory limit: 4096 MB
INFO     search executable: /mnt/data_server/torralba/subdominization/training/data/training_satellite/code-70296b3db083/builds/release32/bin/downward
INFO     callstring: /mnt/data_server/torralba/subdominization/training/data/training_satellite/code-70296b3db083/builds/release32/bin/downward --search 'sbd(store_operators_in_optimal_plan=true, cost_type=1)' --internal-plan-file sas_plan < output
time limit 3600.00 -> (3600, 3601)
reading input... [t=0.000118791s]
done reading input! [t=0.00673536s]
packing state variables...done! [t=0.00675428s]
Variables: 19
FactPairs: 78
Bytes per state: 4
Building successor generator...done! [t=0.00726625s]
done initalizing global data [t=0.00727393s]
TR(time=60000, nodes=100000)
Mutex(time=60000, nodes=100000, type=edeletion)
Aux(time=2000, nodes=1000000)
Disj(nodes=2147483647)
Estimation: min_time(1000) time_penalty +(1000)*(2) nodes_penalty +(1000)*(2)
MaxStep(time=30000, nodes=100000000, nodes_per_planning_second=100)
Ratio useful: 0
   Min alloted time: 60000 nodes: 10000000
   Max alloted time: 60000 nodes: 15000000
   Mult alloted time: 2 nodes: 2
   Ratio after relax: 0.8
building causal graph...done! [t=0.000138649s]
Sym variable order: 2 6 5 3 4 0 12 13 14 9 11 17 18 1 15 10 8 16 7 
Initializing Symbolic Variables
Num variables: 19 => 27
Initialize Symbolic Manager(54, 296296, 16000000, 0)
Generating binary variables
Symbolic Variables... Done.
BOUND: 1 < 2147483647, total time: 0.449563s
BOUND: 2 < 2147483647, total time: 0.449824s
BOUND: 3 < 2147483647, total time: 0.450165s
BOUND: 4 < 2147483647, total time: 0.4505s
BOUND: 5 < 2147483647, total time: 0.450898s
BOUND: 6 < 2147483647, total time: 0.451497s
BOUND: 7 < 2147483647, total time: 0.451922s
BOUND: 8 < 2147483647, total time: 0.452586s
BOUND: 9 < 2147483647, total time: 0.453516s
BOUND: 10 < 2147483647, total time: 0.454623s
BOUND: 11 < 2147483647, total time: 0.456147s
BOUND: 12 < 2147483647, total time: 0.457865s
BOUND: 13 < 2147483647, total time: 0.459762s
BOUND: 14 < 2147483647, total time: 0.462344s
BOUND: 15 < 2147483647, total time: 0.464644s
BOUND: 16 < 2147483647, total time: 0.466691s
BOUND: 17 < 2147483647, total time: 0.468781s
BOUND: 18 < 2147483647, total time: 0.47056s
Solution found with cost 18 total time: 0.47202s
Merging: 1
8 0.497973 1 150
Merging: 50
7 0.543765 1 138
Merging: 50
6 0.582899 1 100
Merging: 50
5 0.606549 1 83
Merging: 22
4 0.626987 1 50
Merging: 17
3 0.640239 1 48
Merging: 6
2 0.651112 1 54
Merging: 4
1 0.662908 1 52
Merging: 1
10 0.674075 1 150
Merging: 50
9 0.696009 1 174
Merging: 50
8 0.717406 1 167
Merging: 50
7 0.732097 1 180
Merging: 50
6 0.746068 1 167
Merging: 50
5 0.759515 1 174
Merging: 50
4 0.772471 1 150
Merging: 50
3 0.783618 1 138
Merging: 50
2 0.792594 1 100
Merging: 50
1 0.800078 1 83
BOUND: 18 < 18, total time: 0.806264s
Actual search time: 0.357102s [t=0.806698s]
turn_to satellite1 groundstation6 groundstation8 (1)
turn_to satellite0 groundstation1 groundstation13 (1)
switch_on instrument0 satellite0 (1)
calibrate satellite0 instrument0 groundstation1 (1)
turn_to satellite0 phenomenon16 groundstation1 (1)
take_image satellite0 phenomenon16 instrument0 spectrograph2 (1)
turn_to satellite0 phenomenon15 phenomenon16 (1)
take_image satellite0 phenomenon15 instrument0 spectrograph0 (1)
turn_to satellite0 phenomenon21 phenomenon15 (1)
take_image satellite0 phenomenon21 instrument0 infrared1 (1)
turn_to satellite0 planet18 phenomenon21 (1)
take_image satellite0 planet18 instrument0 spectrograph2 (1)
turn_to satellite0 planet20 planet18 (1)
take_image satellite0 planet20 instrument0 infrared1 (1)
turn_to satellite0 star17 planet20 (1)
take_image satellite0 star17 instrument0 spectrograph0 (1)
turn_to satellite0 star19 star17 (1)
take_image satellite0 star19 instrument0 infrared1 (1)
Plan length: 18 step(s).
Plan cost: 18
Bytes per state: 4
Search time: 0.373601s
Total time: 0.806706s
Solution found.
Peak memory: 257936 KB
Running single search parser
