INFO     Running translator.
INFO     translator input: ['domain.pddl', 'problem.pddl']
INFO     translator arguments: []
INFO     translator time limit: None
INFO     translator memory limit: None
INFO     callstring: /usr/bin/python /mnt/data_server/torralba/subdominization/training/data/training_blocksworld/code-70296b3db083/builds/release32/bin/translate/translate.py domain.pddl problem.pddl
Parsing...
Parsing: [0.000s CPU, 0.007s wall-clock]
Normalizing task... [0.000s CPU, 0.000s wall-clock]
Instantiating...
Generating Datalog program... [0.000s CPU, 0.000s wall-clock]
Normalizing Datalog program...
Normalizing Datalog program: [0.000s CPU, 0.003s wall-clock]
Preparing model... [0.000s CPU, 0.001s wall-clock]
Generated 18 rules.
Computing model... [0.040s CPU, 0.036s wall-clock]
1739 relevant atoms
429 auxiliary atoms
2168 final queue length
5064 total queue pushes
Completing instantiation... [0.080s CPU, 0.084s wall-clock]
Instantiating: [0.120s CPU, 0.148s wall-clock]
Computing fact groups...
Finding invariants...
7 initial candidates
Finding invariants: [0.000s CPU, 0.002s wall-clock]
Checking invariant weight... [0.000s CPU, 0.000s wall-clock]
Instantiating groups... [0.000s CPU, 0.001s wall-clock]
Collecting mutex groups... [0.000s CPU, 0.000s wall-clock]
Choosing groups...
11 uncovered facts
Choosing groups: [0.000s CPU, 0.001s wall-clock]
Building translation key... [0.000s CPU, 0.000s wall-clock]
Computing fact groups: [0.000s CPU, 0.007s wall-clock]
Building STRIPS to SAS dictionary... [0.010s CPU, 0.000s wall-clock]
Building dictionary for full mutex groups... [0.000s CPU, 0.000s wall-clock]
Building mutex information...
Building mutex information: [0.000s CPU, 0.001s wall-clock]
Translating task...
Processing axioms...
Simplifying axioms... [0.000s CPU, 0.000s wall-clock]
Processing axioms: [0.000s CPU, 0.006s wall-clock]
Translating task: [0.090s CPU, 0.097s wall-clock]
1221 effect conditions simplified
0 implied preconditions added
Detecting unreachable propositions...
0 operators removed
0 axioms removed
11 propositions removed
Detecting unreachable propositions: [0.060s CPU, 0.057s wall-clock]
Translator variables: 22
Translator derived variables: 0
Translator facts: 154
Translator goal facts: 9
Translator mutex groups: 22
Translator total mutex groups size: 264
Translator operators: 1331
Translator axioms: 0
Translator task size: 9304
Translator peak memory: 53304 KB
Writing output... [0.020s CPU, 0.021s wall-clock]
Done! [0.300s CPU, 0.344s wall-clock]
INFO     Running preprocessor (release32).
INFO     preprocessor input: output.sas
INFO     preprocessor arguments: []
INFO     preprocessor time limit: None
INFO     preprocessor memory limit: None
INFO     callstring: /mnt/data_server/torralba/subdominization/training/data/training_blocksworld/code-70296b3db083/builds/release32/bin/preprocess < output.sas
Building causal graph...
The causal graph is not acyclic.
22 variables of 22 necessary
11 of 22 mutex groups necessary.
1331 of 1331 operators necessary.
0 of 0 axiom rules necessary.
Initializing mutex computation...
Mutex computation initialized with 154 fluents.
iteration for mutex detection and operator pruning
Initialize m_index fw
Initialized mvalues forward: reached=484, notReached=20306, spurious=2926
Initialize m_ops fw
Computing mutexes...
Mutex computation finished with reached=20680, notReached=110, spurious=2926
0 operators are spurious because were not triggered
H^2 mutexes added fw: 110, unreachable: 0
0 of 1331 operators detected as spurious
iteration for mutex detection and operator pruning
Initialize m_index bw
Init values regression
Initialized mvalues backward: reached=756, notReached=19924, spurious=3036
Initialize m_ops bw
Computing mutexes...
Mutex computation finished with reached=17897, notReached=2783, spurious=3036
121 operators are spurious because were not triggered
Unreachable proposition: Atom on(b3, b3)
Unreachable proposition: Atom on(b8, b8)
Unreachable proposition: Atom on(b1, b1)
Unreachable proposition: Atom on(b10, b10)
Unreachable proposition: Atom on(b11, b11)
Unreachable proposition: Atom on(b2, b2)
Unreachable proposition: Atom on(b4, b4)
Unreachable proposition: Atom on(b5, b5)
Unreachable proposition: Atom on(b6, b6)
Unreachable proposition: Atom on(b7, b7)
Unreachable proposition: Atom on(b9, b9)
H^2 mutexes added bw: 0, unreachable: 11
0 of 1210 operators detected as spurious
iteration for mutex detection and operator pruning
Initialize m_index fw
Initialized mvalues forward: reached=484, notReached=17413, spurious=5819
Initialize m_ops fw
Computing mutexes...
Mutex computation finished with reached=17897, notReached=0, spurious=5819
0 operators are spurious because were not triggered
H^2 mutexes added fw: 0, unreachable: 0
0 of 1210 operators detected as spurious
Total mutex and disambiguation time: 0.123275 iterations: 3
66 of 66 mutex groups necessary.
1210 of 1331 operators necessary.
0 of 0 axiom rules necessary.
Change id of operators: 1210
Change id of mutexes
Change id of goals
Change id of initial state
Remove unreachable facts from variables: 22
66 of 66 mutex groups necessary.
1210 of 1210 operators necessary.
0 of 0 axiom rules necessary.
Updating causal graph and pruning unnecessary facts
22 variables of 22 of 22 necessary
The causal graph is not acyclic.
22 variables of 22 necessary
66 of 66 mutex groups necessary.
1210 of 1210 operators necessary.
0 of 0 axiom rules necessary.
Building domain transition graphs...
solveable in poly time 0
Building successor generator...
Preprocessor variables: 22
Preprocessor facts: 143
Preprocessor derived variables: 0
Preprocessor operators: 1210
Preprocessor mutex groups: 66
Preprocessor task size: 8545
Writing output...
Preprocessor time: 0.178242s
Preprocessor peak memory: 3268 KB
done
INFO     Running search (release32).
INFO     search input: output
INFO     search arguments: ['--search', 'sbd(store_operators_in_optimal_plan=true, cost_type=1)']
INFO     search time limit: 3600s
INFO     search memory limit: 4096 MB
INFO     search executable: /mnt/data_server/torralba/subdominization/training/data/training_blocksworld/code-70296b3db083/builds/release32/bin/downward
INFO     callstring: /mnt/data_server/torralba/subdominization/training/data/training_blocksworld/code-70296b3db083/builds/release32/bin/downward --search 'sbd(store_operators_in_optimal_plan=true, cost_type=1)' --internal-plan-file sas_plan < output
time limit 3600.00 -> (3600, 3601)
reading input... [t=0.000145384s]
done reading input! [t=0.0101742s]
packing state variables...done! [t=0.0101942s]
Variables: 22
FactPairs: 143
Bytes per state: 8
Building successor generator...done! [t=0.011985s]
done initalizing global data [t=0.0119918s]
TR(time=60000, nodes=100000)
Mutex(time=60000, nodes=100000, type=edeletion)
Aux(time=2000, nodes=1000000)
Disj(nodes=2147483647)
Estimation: min_time(1000) time_penalty +(1000)*(2) nodes_penalty +(1000)*(2)
MaxStep(time=30000, nodes=100000000, nodes_per_planning_second=100)
Ratio useful: 0
   Min alloted time: 60000 nodes: 10000000
   Max alloted time: 60000 nodes: 15000000
   Mult alloted time: 2 nodes: 2
   Ratio after relax: 0.8
building causal graph...done! [t=0.000923642s]
Sym variable order: 0 1 19 16 15 5 2 7 4 9 10 11 12 8 3 6 14 13 18 17 20 21 
Initializing Symbolic Variables
Num variables: 22 => 55
Initialize Symbolic Manager(110, 145454, 16000000, 0)
Generating binary variables
Symbolic Variables... Done.
BOUND: 1 < 2147483647, total time: 2.9734s
BOUND: 2 < 2147483647, total time: 2.97516s
BOUND: 3 < 2147483647, total time: 2.97754s
BOUND: 4 < 2147483647, total time: 2.98017s
BOUND: 5 < 2147483647, total time: 2.98315s
BOUND: 6 < 2147483647, total time: 2.9895s
BOUND: 7 < 2147483647, total time: 2.99947s
BOUND: 8 < 2147483647, total time: 3.01665s
BOUND: 9 < 2147483647, total time: 3.05331s
BOUND: 10 < 2147483647, total time: 3.10511s
BOUND: 11 < 2147483647, total time: 3.24651s
BOUND: 12 < 2147483647, total time: 3.41499s
BOUND: 13 < 2147483647, total time: 3.94598s
BOUND: 14 < 2147483647, total time: 4.51291s
BOUND: 15 < 2147483647, total time: 6.3803s
Solution found with cost 15 total time: 8.23962s
Merging: 1
7 8.46634 1 500
Merging: 9
6 8.58102 1 652
Merging: 16
5 8.77667 1 518
Merging: 19
4 8.92217 1 379
Merging: 16
3 9.04034 1 217
Merging: 10
2 9.11151 1 154
Merging: 6
1 9.15709 1 102
Merging: 1
8 9.18395 1 500
Merging: 2
7 9.21444 1 499
Merging: 6
6 9.24773 1 423
Merging: 6
5 9.26472 1 296
Merging: 6
4 9.27799 1 166
Merging: 3
3 9.28791 1 148
Merging: 3
2 9.29521 1 115
Merging: 3
1 9.3023 1 78
BOUND: 15 < 15, total time: 9.30692s
Actual search time: 6.33888s [t=9.3132s]
move-b-to-t b8 b2 (1)
move-b-to-t b2 b9 (1)
move-b-to-t b9 b5 (1)
move-b-to-b b5 b4 b2 (1)
move-b-to-t b4 b1 (1)
move-t-to-b b1 b8 (1)
move-b-to-b b7 b6 b4 (1)
move-b-to-b b6 b10 b1 (1)
move-b-to-b b10 b3 b6 (1)
move-t-to-b b11 b3 (1)
move-b-to-b b5 b2 b11 (1)
move-t-to-b b2 b5 (1)
move-t-to-b b9 b2 (1)
move-b-to-b b7 b4 b9 (1)
move-t-to-b b4 b7 (1)
Plan length: 15 step(s).
Plan cost: 15
Bytes per state: 8
Search time: 8.93793s
Total time: 9.31321s
Solution found.
Peak memory: 451900 KB
Running single search parser
