INFO     Running translator.
INFO     translator input: ['domain.pddl', 'problem.pddl']
INFO     translator arguments: []
INFO     translator time limit: None
INFO     translator memory limit: None
INFO     callstring: /usr/bin/python /mnt/data_server/torralba/subdominization/training/data/training_agricola/code-70296b3db083/builds/release32/bin/translate/translate.py domain.pddl problem.pddl
Parsing...
Parsing: [0.020s CPU, 0.042s wall-clock]
Normalizing task... [0.000s CPU, 0.001s wall-clock]
Instantiating...
Generating Datalog program... [0.010s CPU, 0.006s wall-clock]
Normalizing Datalog program...
Normalizing Datalog program: [0.020s CPU, 0.019s wall-clock]
Preparing model... [0.010s CPU, 0.015s wall-clock]
Generated 258 rules.
Computing model... [0.820s CPU, 0.825s wall-clock]
20900 relevant atoms
1540 auxiliary atoms
22440 final queue length
76391 total queue pushes
Completing instantiation... [4.710s CPU, 4.726s wall-clock]
Instantiating: [5.570s CPU, 5.645s wall-clock]
Computing fact groups...
Finding invariants...
44 initial candidates
Finding invariants: [0.110s CPU, 0.106s wall-clock]
Checking invariant weight... [0.000s CPU, 0.000s wall-clock]
Instantiating groups... [0.000s CPU, 0.002s wall-clock]
Collecting mutex groups... [0.000s CPU, 0.000s wall-clock]
Choosing groups...
124 uncovered facts
Choosing groups: [0.000s CPU, 0.000s wall-clock]
Building translation key... [0.000s CPU, 0.002s wall-clock]
Computing fact groups: [0.110s CPU, 0.113s wall-clock]
Building STRIPS to SAS dictionary... [0.000s CPU, 0.000s wall-clock]
Building dictionary for full mutex groups... [0.000s CPU, 0.000s wall-clock]
Building mutex information...
Building mutex information: [0.000s CPU, 0.000s wall-clock]
Translating task...
Processing axioms...
Simplifying axioms... [0.000s CPU, 0.000s wall-clock]
Processing axioms: [0.150s CPU, 0.144s wall-clock]
Translating task: [3.140s CPU, 3.149s wall-clock]
22795 effect conditions simplified
0 implied preconditions added
Detecting unreachable propositions...
0 operators removed
0 axioms removed
33 propositions removed
Detecting unreachable propositions: [1.620s CPU, 1.617s wall-clock]
Translator variables: 118
Translator derived variables: 0
Translator facts: 257
Translator goal facts: 1
Translator mutex groups: 5
Translator total mutex groups size: 31
Translator operators: 20249
Translator axioms: 0
Translator task size: 220950
Translator peak memory: 247232 KB
Writing output... [0.450s CPU, 0.516s wall-clock]
Done! [11.010s CPU, 11.184s wall-clock]
INFO     Running preprocessor (release32).
INFO     preprocessor input: output.sas
INFO     preprocessor arguments: []
INFO     preprocessor time limit: None
INFO     preprocessor memory limit: None
INFO     callstring: /mnt/data_server/torralba/subdominization/training/data/training_agricola/code-70296b3db083/builds/release32/bin/preprocess < output.sas
Building causal graph...
The causal graph is not acyclic.
113 variables of 118 necessary
0 of 5 mutex groups necessary.
20249 of 20249 operators necessary.
0 of 0 axiom rules necessary.
Initializing mutex computation...
Mutex computation initialized with 247 fluents.
iteration for mutex detection and operator pruning
Initialize m_index fw
Initialized mvalues forward: reached=12769, notReached=47706, spurious=534
Initialize m_ops fw
Computing mutexes...
Mutex computation finished with reached=53197, notReached=7278, spurious=534
11230 operators are spurious because were not triggered
H^2 mutexes added fw: 7278, unreachable: 0
0 of 9019 operators detected as spurious
iteration for mutex detection and operator pruning
Initialize m_index bw
Init values regression
Initialized mvalues backward: reached=31437, notReached=21760, spurious=7812
Initialize m_ops bw
Computing mutexes...
Mutex computation finished with reached=53161, notReached=36, spurious=7812
0 operators are spurious because were not triggered
H^2 mutexes added bw: 36, unreachable: 0
0 of 9019 operators detected as spurious
iteration for mutex detection and operator pruning
Initialize m_index fw
Initialized mvalues forward: reached=12769, notReached=40392, spurious=7848
Initialize m_ops fw
Computing mutexes...
Mutex computation finished with reached=53161, notReached=0, spurious=7848
0 operators are spurious because were not triggered
H^2 mutexes added fw: 0, unreachable: 0
0 of 9019 operators detected as spurious
Total mutex and disambiguation time: 5.47382 iterations: 3
3657 of 3657 mutex groups necessary.
9019 of 20249 operators necessary.
0 of 0 axiom rules necessary.
Change id of operators: 9019
Change id of mutexes
Change id of goals
Change id of initial state
Remove unreachable facts from variables: 113
3657 of 3657 mutex groups necessary.
9019 of 9019 operators necessary.
0 of 0 axiom rules necessary.
Updating causal graph and pruning unnecessary facts
113 variables of 113 of 118 necessary
The causal graph is not acyclic.
113 variables of 113 necessary
3657 of 3657 mutex groups necessary.
9019 of 9019 operators necessary.
0 of 0 axiom rules necessary.
Building domain transition graphs...
solveable in poly time 0
Building successor generator...
Preprocessor variables: 113
Preprocessor facts: 247
Preprocessor derived variables: 0
Preprocessor operators: 9019
Preprocessor mutex groups: 3657
Preprocessor task size: 101671
Writing output...
Preprocessor time: 6.49489s
Preprocessor peak memory: 76656 KB
done
INFO     Running search (release32).
INFO     search input: output
INFO     search arguments: ['--search', 'sbw(store_operators_in_optimal_plan=true, cost_type=1)']
INFO     search time limit: 3600s
INFO     search memory limit: 4096 MB
INFO     search executable: /mnt/data_server/torralba/subdominization/training/data/training_agricola/code-70296b3db083/builds/release32/bin/downward
INFO     callstring: /mnt/data_server/torralba/subdominization/training/data/training_agricola/code-70296b3db083/builds/release32/bin/downward --search 'sbw(store_operators_in_optimal_plan=true, cost_type=1)' --internal-plan-file sas_plan < output
time limit 3600.00 -> (3600, 3601)
reading input... [t=0.000127557s]
done reading input! [t=0.154266s]
packing state variables...done! [t=0.15431s]
Variables: 113
FactPairs: 247
Bytes per state: 16
Building successor generator...done! [t=0.208899s]
done initalizing global data [t=0.20893s]
TR(time=60000, nodes=100000)
Mutex(time=60000, nodes=100000, type=edeletion)
Aux(time=2000, nodes=1000000)
Disj(nodes=2147483647)
Estimation: min_time(1000) time_penalty +(1000)*(2) nodes_penalty +(1000)*(2)
MaxStep(time=30000, nodes=100000000, nodes_per_planning_second=100)
Ratio useful: 0
   Min alloted time: 60000 nodes: 10000000
   Max alloted time: 60000 nodes: 15000000
   Mult alloted time: 2 nodes: 2
   Ratio after relax: 0.8
building causal graph...done! [t=0.0146182s]
Sym variable order: 112 7 6 8 5 67 66 70 69 68 60 61 64 63 62 71 65 103 104 105 10 2 27 14 11 13 12 21 9 1 3 107 108 111 93 94 95 91 92 76 77 29 25 97 99 30 28 26 78 101 102 44 57 43 41 42 59 86 20 38 37 39 36 83 40 82 87 88 110 35 80 34 31 33 109 96 98 100 90 89 106 79 72 85 74 75 73 81 84 50 49 48 51 58 47 56 55 53 54 52 22 45 46 32 16 23 19 18 24 17 15 4 0 
Initializing Symbolic Variables
Num variables: 113 => 120
Initialize Symbolic Manager(240, 66666, 16000000, 0)
Generating binary variables
Symbolic Variables... Done.
BOUND: 1 < 2147483647, total time: 3.18805s
BOUND: 2 < 2147483647, total time: 3.20813s
BOUND: 3 < 2147483647, total time: 3.21022s
BOUND: 4 < 2147483647, total time: 3.21207s
BOUND: 5 < 2147483647, total time: 3.21463s
BOUND: 6 < 2147483647, total time: 3.22035s
BOUND: 7 < 2147483647, total time: 3.23012s
BOUND: 8 < 2147483647, total time: 3.29121s
BOUND: 9 < 2147483647, total time: 3.42831s
BOUND: 10 < 2147483647, total time: 3.56948s
BOUND: 11 < 2147483647, total time: 3.65673s
BOUND: 12 < 2147483647, total time: 3.69875s
BOUND: 13 < 2147483647, total time: 3.74352s
BOUND: 14 < 2147483647, total time: 3.83266s
BOUND: 15 < 2147483647, total time: 3.94014s
BOUND: 16 < 2147483647, total time: 4.03437s
BOUND: 17 < 2147483647, total time: 4.07884s
BOUND: 18 < 2147483647, total time: 4.09056s
BOUND: 19 < 2147483647, total time: 4.10096s
BOUND: 20 < 2147483647, total time: 4.11832s
BOUND: 21 < 2147483647, total time: 4.16995s
BOUND: 22 < 2147483647, total time: 4.25031s
BOUND: 23 < 2147483647, total time: 4.33165s
BOUND: 24 < 2147483647, total time: 4.42909s
BOUND: 25 < 2147483647, total time: 4.55643s
BOUND: 26 < 2147483647, total time: 4.68882s
BOUND: 27 < 2147483647, total time: 4.78727s
BOUND: 28 < 2147483647, total time: 4.84012s
BOUND: 29 < 2147483647, total time: 4.89202s
BOUND: 30 < 2147483647, total time: 4.95697s
BOUND: 31 < 2147483647, total time: 5.02854s
BOUND: 32 < 2147483647, total time: 5.07973s
BOUND: 33 < 2147483647, total time: 5.1057s
BOUND: 34 < 2147483647, total time: 5.14214s
BOUND: 35 < 2147483647, total time: 5.20168s
BOUND: 36 < 2147483647, total time: 5.25066s
BOUND: 37 < 2147483647, total time: 5.28244s
BOUND: 38 < 2147483647, total time: 5.32257s
BOUND: 39 < 2147483647, total time: 5.4089s
BOUND: 40 < 2147483647, total time: 5.52976s
BOUND: 41 < 2147483647, total time: 5.62923s
BOUND: 42 < 2147483647, total time: 5.6802s
BOUND: 43 < 2147483647, total time: 5.7011s
BOUND: 44 < 2147483647, total time: 5.73347s
BOUND: 45 < 2147483647, total time: 5.78338s
BOUND: 46 < 2147483647, total time: 5.83813s
BOUND: 47 < 2147483647, total time: 5.8859s
BOUND: 48 < 2147483647, total time: 5.92453s
BOUND: 49 < 2147483647, total time: 5.94884s
BOUND: 50 < 2147483647, total time: 5.96089s
BOUND: 51 < 2147483647, total time: 5.97311s
BOUND: 52 < 2147483647, total time: 5.99455s
BOUND: 53 < 2147483647, total time: 6.03388s
BOUND: 54 < 2147483647, total time: 6.09076s
BOUND: 55 < 2147483647, total time: 6.15851s
BOUND: 56 < 2147483647, total time: 6.21823s
BOUND: 57 < 2147483647, total time: 6.25312s
BOUND: 58 < 2147483647, total time: 6.26881s
BOUND: 59 < 2147483647, total time: 6.29061s
BOUND: 60 < 2147483647, total time: 6.32346s
BOUND: 61 < 2147483647, total time: 6.35461s
BOUND: 62 < 2147483647, total time: 6.37415s
BOUND: 63 < 2147483647, total time: 6.3807s
BOUND: 64 < 2147483647, total time: 6.38739s
BOUND: 65 < 2147483647, total time: 6.40202s
BOUND: 66 < 2147483647, total time: 6.41825s
BOUND: 67 < 2147483647, total time: 6.42648s
BOUND: 68 < 2147483647, total time: 6.42938s
BOUND: 69 < 2147483647, total time: 6.43346s
BOUND: 70 < 2147483647, total time: 6.4403s
BOUND: 71 < 2147483647, total time: 6.44598s
BOUND: 72 < 2147483647, total time: 6.44986s
BOUND: 73 < 2147483647, total time: 6.4548s
BOUND: 74 < 2147483647, total time: 6.46521s
BOUND: 75 < 2147483647, total time: 6.48068s
BOUND: 76 < 2147483647, total time: 6.49216s
BOUND: 77 < 2147483647, total time: 6.49812s
BOUND: 78 < 2147483647, total time: 6.50178s
BOUND: 79 < 2147483647, total time: 6.50691s
Solution found with cost 79 total time: 6.51495s
Merging: 1
79 7.47247 1 121
Merging: 8
78 7.50582 1 315
Merging: 8
77 7.55099 1 652
Merging: 1
76 7.5969 1 652
Merging: 4
75 7.64447 1 175
Merging: 1
74 7.68912 1 175
Merging: 12
73 7.73544 1 1289
Merging: 12
72 7.7976 1 2668
Merging: 1
71 7.85834 1 2668
Merging: 4
70 7.9176 1 311
Merging: 1
69 7.96828 1 311
Merging: 13
68 8.02431 1 2882
Merging: 13
67 8.11523 1 3085
Merging: 1
66 8.18554 1 3085
Merging: 4
65 8.25529 1 338
Merging: 1
64 8.30999 1 338
Merging: 16
63 8.37016 1 3711
Merging: 19
62 8.49491 1 6017
Merging: 1
61 8.61165 1 6017
Merging: 4
60 8.73121 1 512
Merging: 1
59 8.79632 1 512
Merging: 5
58 8.83009 1 459
Merging: 1
57 8.8756 1 459
Merging: 1
56 8.90505 1 459
Merging: 21
55 8.98141 1 9826
Merging: 30
54 9.28818 1 22513
Merging: 1
53 9.67618 1 22513
Merging: 4
52 10.0392 1 1056
Merging: 1
51 10.1782 1 1056
Merging: 38
50 10.3429 1 18008
Merging: 43
49 11.0427 1 42931
Merging: 1
48 11.7211 1 42931
Merging: 4
47 12.3774 1 1153
Merging: 1
46 12.5361 1 1153
Merging: 76
45 12.7427 1 22886
Merging: 76
44 13.8577 1 49140
Merging: 1
43 14.9325 1 49140
Merging: 4
42 15.9063 1 1040
Merging: 1
41 16.0561 1 1040
Merging: 15
40 16.1061 1 1036
Merging: 1
39 16.1622 1 1036
Merging: 1
38 16.2002 1 1036
Merging: 101
37 16.4182 1 42760
Merging: 121
36 18.977 1 159775
Merging: 1
35 22.6418 1 159775
Merging: 4
34 25.7791 1 1297
Merging: 1
33 25.9996 1 1297
Merging: 137
32 26.3054 1 55183
Merging: 134
31 29.5146 1 148115
Merging: 1
30 32.3928 1 148115
Merging: 4
29 34.9999 1 1047
Merging: 1
28 35.1693 1 1047
Merging: 21
27 35.2256 1 1046
Merging: 1
26 35.2884 1 1046
Merging: 1
25 35.3341 1 1046
Merging: 128
24 35.6057 1 60386
Merging: 145
23 39.6912 1 222972
Merging: 1
22 44.3596 1 222972
Merging: 4
21 48.3653 1 1206
Merging: 1
20 48.5792 1 1206
Merging: 157
19 48.9061 1 67235
Merging: 154
18 53.3414 1 186331
Merging: 1
17 57.5779 1 186331
Merging: 4
16 61.3629 1 1147
Merging: 1
15 61.5505 1 1147
Merging: 25
14 61.6111 1 1146
Merging: 1
13 61.6792 1 1146
Merging: 1
12 61.7286 1 1146
Merging: 148
11 62.0546 1 75726
Merging: 165
10 68.2933 1 259663
Merging: 1
9 74.7301 1 259663
Merging: 4
8 80.1519 1 1200
Merging: 1
7 80.3656 1 1200
Merging: 178
6 80.7218 1 88024
Merging: 158
5 86.9747 1 252487
Merging: 2
4 92.9123 1 224046
Merging: 4
3 98.1809 1 1503
Merging: 1
2 98.4149 1 1503
Merging: 46
1 98.4864 1 1556
BOUND: 79 < 79, total time: 98.6577s
Actual search time: 95.474s [t=98.6621s]
collect_resource worker2 worker1 worker2 round1 act_clay clay (60)
collect_resource worker1 noworker worker2 round1 act_reed reed (60)
ag__finish_round_backhome round1 worker2 (1)
ag__finish_round_renew round1 noworker (1)
ag__advance_round_normal round1 round2 act_sow (1)
collect_resource worker2 worker1 worker2 round2 act_clay clay (60)
collect_resource worker1 noworker worker2 round2 act_reed reed (60)
ag__finish_round_backhome round2 worker2 (1)
ag__finish_round_renew round2 noworker (1)
ag__advance_round_normal round2 round3 act_sheep (1)
collect_resource worker2 worker1 worker2 round3 act_clay clay (60)
take_food worker1 noworker worker2 round3 num2 num3 (60)
ag__finish_round_backhome round3 worker2 (1)
ag__finish_round_renew round3 noworker (1)
ag__advance_round_normal round3 round4 act_fences (1)
build_fences boar worker2 worker1 worker2 round4 (60)
take_food worker1 noworker worker2 round4 num3 num4 (60)
ag__finish_round_backhome round4 worker2 (1)
ag__finish_round_renew round4 noworker (1)
ag__harvest_collect_end round4 stage1 (1)
ag__harvest_feed round4 stage1 worker2 num4 num4 num0 (1)
ag__harvest_breed_end round4 stage1 (1)
ag__finish_stage stage1 stage2 round4 round5 act_improve (1)
build_fences boar worker2 worker1 worker2 round5 (60)
collect_animal boar act_sheep worker1 noworker worker2 round5 (60)
ag__finish_round_backhome round5 worker2 (1)
ag__finish_round_renew round5 noworker (1)
ag__advance_round_normal round5 round6 act_carrot (1)
collect_resource worker2 worker1 worker2 round6 act_stone stone (60)
improve_home worker1 noworker worker2 round6 fireplace (60)
ag__finish_round_backhome round6 worker2 (1)
ag__finish_round_renew round6 noworker (1)
ag__advance_round_normal round6 round7 act_boar (1)
collect_cook_animal boar act_boar worker2 worker1 worker2 round7 num0 num2 (60)
collect_cook_animal boar act_sheep worker1 noworker worker2 round7 num2 num4 (60)
ag__finish_round_backhome round7 worker2 (1)
ag__finish_round_renew round7 noworker (1)
ag__harvest_collect_end round7 stage2 (1)
ag__harvest_feed round7 stage2 worker2 num4 num4 num0 (1)
ag__harvest_breed_end round7 stage2 (1)
ag__finish_stage stage2 stage3 round7 round8 act_cattle (1)
build_fences boar worker2 worker1 worker2 round8 (60)
collect_animal boar act_sheep worker1 noworker worker2 round8 (60)
ag__finish_round_backhome round8 worker2 (1)
ag__finish_round_renew round8 noworker (1)
ag__advance_round_normal round8 round9 void (1)
collect_cook_animal boar act_cattle worker2 worker1 worker2 round9 num0 num2 (60)
collect_cook_animal boar act_sheep worker1 noworker worker2 round9 num2 num4 (60)
ag__finish_round_backhome round9 worker2 (1)
ag__finish_round_renew round9 noworker (1)
ag__harvest_collect_end round9 stage3 (1)
ag__harvest_feed round9 stage3 worker2 num4 num4 num0 (1)
ag__harvest_breed_end round9 stage3 (1)
ag__finish_stage stage3 stage4 round9 round10 void (1)
build_fences boar worker2 worker1 worker2 round10 (60)
collect_cook_animal boar act_sheep worker1 noworker worker2 round10 num0 num2 (60)
ag__finish_round_backhome round10 worker2 (1)
ag__finish_round_renew round10 noworker (1)
ag__advance_round_normal round10 round11 void (1)
build_fences boar worker2 worker1 worker2 round11 (60)
collect_cook_animal boar act_sheep worker1 noworker worker2 round11 num2 num4 (60)
ag__finish_round_backhome round11 worker2 (1)
ag__finish_round_renew round11 noworker (1)
ag__harvest_collect_end round11 stage4 (1)
ag__harvest_feed round11 stage4 worker2 num4 num4 num0 (1)
ag__harvest_breed_end round11 stage4 (1)
ag__finish_stage stage4 stage5 round11 round12 void (1)
build_fences boar worker2 worker1 worker2 round12 (60)
collect_cook_animal boar act_sheep worker1 noworker worker2 round12 num0 num2 (60)
ag__finish_round_backhome round12 worker2 (1)
ag__finish_round_renew round12 noworker (1)
ag__advance_round_normal round12 round13 void (1)
build_fences boar worker2 worker1 worker2 round13 (60)
collect_cook_animal boar act_sheep worker1 noworker worker2 round13 num2 num4 (60)
ag__finish_round_backhome round13 worker2 (1)
ag__finish_round_renew round13 noworker (1)
ag__harvest_collect_end round13 stage5 (1)
ag__harvest_feed round13 stage5 worker2 num4 num4 num0 (1)
ag__harvest_breed_end round13 stage5 (1)
Plan length: 79 step(s).
Plan cost: 1613
Bytes per state: 16
Search time: 96.9074s
Total time: 98.6621s
Solution found.
Peak memory: 538728 KB
Running single search parser
