INFO     Running translator.
INFO     translator input: ['domain.pddl', 'problem.pddl']
INFO     translator arguments: []
INFO     translator time limit: None
INFO     translator memory limit: None
INFO     callstring: /usr/bin/python /mnt/data_server/torralba/subdominization/training/data/training_satellite/code-70296b3db083/builds/release32/bin/translate/translate.py domain.pddl problem.pddl
Parsing...
Parsing: [0.000s CPU, 0.018s wall-clock]
Normalizing task... [0.000s CPU, 0.000s wall-clock]
Instantiating...
Generating Datalog program... [0.000s CPU, 0.001s wall-clock]
Normalizing Datalog program...
Normalizing Datalog program: [0.010s CPU, 0.010s wall-clock]
Preparing model... [0.000s CPU, 0.002s wall-clock]
Generated 31 rules.
Computing model... [0.020s CPU, 0.026s wall-clock]
940 relevant atoms
278 auxiliary atoms
1218 final queue length
1840 total queue pushes
Completing instantiation... [0.040s CPU, 0.038s wall-clock]
Instantiating: [0.070s CPU, 0.096s wall-clock]
Computing fact groups...
Finding invariants...
12 initial candidates
Finding invariants: [0.000s CPU, 0.004s wall-clock]
Checking invariant weight... [0.000s CPU, 0.000s wall-clock]
Instantiating groups... [0.000s CPU, 0.000s wall-clock]
Collecting mutex groups... [0.000s CPU, 0.000s wall-clock]
Choosing groups...
64 uncovered facts
Choosing groups: [0.000s CPU, 0.000s wall-clock]
Building translation key... [0.000s CPU, 0.001s wall-clock]
Computing fact groups: [0.010s CPU, 0.007s wall-clock]
Building STRIPS to SAS dictionary... [0.000s CPU, 0.000s wall-clock]
Building dictionary for full mutex groups... [0.000s CPU, 0.000s wall-clock]
Building mutex information...
Building mutex information: [0.000s CPU, 0.000s wall-clock]
Translating task...
Processing axioms...
Simplifying axioms... [0.000s CPU, 0.000s wall-clock]
Processing axioms: [0.000s CPU, 0.002s wall-clock]
Translating task: [0.050s CPU, 0.039s wall-clock]
18 effect conditions simplified
0 implied preconditions added
Detecting unreachable propositions...
0 operators removed
0 axioms removed
4 propositions removed
Detecting unreachable propositions: [0.020s CPU, 0.022s wall-clock]
Translator variables: 68
Translator derived variables: 0
Translator facts: 176
Translator goal facts: 7
Translator mutex groups: 4
Translator total mutex groups size: 48
Translator operators: 678
Translator axioms: 0
Translator task size: 2621
Translator peak memory: 46352 KB
Writing output... [0.010s CPU, 0.013s wall-clock]
Done! [0.160s CPU, 0.198s wall-clock]
INFO     Running preprocessor (release32).
INFO     preprocessor input: output.sas
INFO     preprocessor arguments: []
INFO     preprocessor time limit: None
INFO     preprocessor memory limit: None
INFO     callstring: /mnt/data_server/torralba/subdominization/training/data/training_satellite/code-70296b3db083/builds/release32/bin/preprocess < output.sas
Building causal graph...
The causal graph is not acyclic.
27 variables of 68 necessary
0 of 4 mutex groups necessary.
566 of 678 operators necessary.
0 of 0 axiom rules necessary.
Initializing mutex computation...
Mutex computation initialized with 94 fluents.
iteration for mutex detection and operator pruning
Initialize m_index fw
Initialized mvalues forward: reached=729, notReached=7533, spurious=574
Initialize m_ops fw
Computing mutexes...
Mutex computation finished with reached=8242, notReached=20, spurious=574
0 operators are spurious because were not triggered
H^2 mutexes added fw: 20, unreachable: 0
0 of 566 operators detected as spurious
iteration for mutex detection and operator pruning
Initialize m_index bw
Init values regression
Initialized mvalues backward: reached=6989, notReached=1253, spurious=594
Initialize m_ops bw
Computing mutexes...
Mutex computation finished with reached=8242, notReached=0, spurious=594
0 operators are spurious because were not triggered
H^2 mutexes added bw: 0, unreachable: 0
0 of 566 operators detected as spurious
Total mutex and disambiguation time: 0.018736 iterations: 2
10 of 10 mutex groups necessary.
566 of 566 operators necessary.
0 of 0 axiom rules necessary.
Change id of operators: 566
Change id of mutexes
Change id of goals
Change id of initial state
Remove unreachable facts from variables: 27
10 of 10 mutex groups necessary.
566 of 566 operators necessary.
0 of 0 axiom rules necessary.
Updating causal graph and pruning unnecessary facts
27 variables of 27 of 68 necessary
The causal graph is not acyclic.
27 variables of 27 necessary
10 of 10 mutex groups necessary.
566 of 566 operators necessary.
0 of 0 axiom rules necessary.
Building domain transition graphs...
solveable in poly time 0
Building successor generator...
Preprocessor variables: 27
Preprocessor facts: 94
Preprocessor derived variables: 0
Preprocessor operators: 566
Preprocessor mutex groups: 10
Preprocessor task size: 1910
Writing output...
Preprocessor time: 0.0360435s
Preprocessor peak memory: 2424 KB
done
INFO     Running search (release32).
INFO     search input: output
INFO     search arguments: ['--search', 'sbd(store_operators_in_optimal_plan=true, cost_type=1)']
INFO     search time limit: 3600s
INFO     search memory limit: 4096 MB
INFO     search executable: /mnt/data_server/torralba/subdominization/training/data/training_satellite/code-70296b3db083/builds/release32/bin/downward
INFO     callstring: /mnt/data_server/torralba/subdominization/training/data/training_satellite/code-70296b3db083/builds/release32/bin/downward --search 'sbd(store_operators_in_optimal_plan=true, cost_type=1)' --internal-plan-file sas_plan < output
time limit 3600.00 -> (3600, 3601)
reading input... [t=9.4516e-05s]
done reading input! [t=0.00423252s]
packing state variables...done! [t=0.00424949s]
Variables: 27
FactPairs: 94
Bytes per state: 8
Building successor generator...done! [t=0.00463883s]
done initalizing global data [t=0.00464557s]
TR(time=60000, nodes=100000)
Mutex(time=60000, nodes=100000, type=edeletion)
Aux(time=2000, nodes=1000000)
Disj(nodes=2147483647)
Estimation: min_time(1000) time_penalty +(1000)*(2) nodes_penalty +(1000)*(2)
MaxStep(time=30000, nodes=100000000, nodes_per_planning_second=100)
Ratio useful: 0
   Min alloted time: 60000 nodes: 10000000
   Max alloted time: 60000 nodes: 15000000
   Mult alloted time: 2 nodes: 2
   Ratio after relax: 0.8
building causal graph...done! [t=0.000133112s]
Sym variable order: 4 20 5 6 0 21 25 26 24 22 3 13 15 2 14 23 16 12 1 18 17 19 10 8 11 7 9 
Initializing Symbolic Variables
Num variables: 27 => 39
Initialize Symbolic Manager(78, 205128, 16000000, 0)
Generating binary variables
Symbolic Variables... Done.
BOUND: 1 < 2147483647, total time: 0.505845s
BOUND: 2 < 2147483647, total time: 0.506133s
BOUND: 3 < 2147483647, total time: 0.506869s
BOUND: 4 < 2147483647, total time: 0.507307s
BOUND: 5 < 2147483647, total time: 0.507881s
BOUND: 6 < 2147483647, total time: 0.508633s
BOUND: 7 < 2147483647, total time: 0.510471s
BOUND: 8 < 2147483647, total time: 0.511702s
BOUND: 9 < 2147483647, total time: 0.513916s
BOUND: 10 < 2147483647, total time: 0.517784s
BOUND: 11 < 2147483647, total time: 0.522117s
BOUND: 12 < 2147483647, total time: 0.528716s
BOUND: 13 < 2147483647, total time: 0.536856s
BOUND: 14 < 2147483647, total time: 0.548988s
BOUND: 15 < 2147483647, total time: 0.563593s
BOUND: 16 < 2147483647, total time: 0.579873s
BOUND: 17 < 2147483647, total time: 0.602969s
BOUND: 18 < 2147483647, total time: 0.625559s
BOUND: 19 < 2147483647, total time: 0.651306s
BOUND: 20 < 2147483647, total time: 0.686727s
Solution found with cost 20 total time: 0.71135s
Merging: 1
11 0.733911 1 970
Merging: 100
10 0.90402 1 966
Merging: 100
9 1.05585 1 918
Merging: 100
8 1.19589 1 813
Merging: 100
7 1.31796 1 702
Merging: 100
6 1.42312 1 556
Merging: 100
5 1.5056 1 444
Merging: 58
4 1.56986 1 295
Merging: 38
3 1.61049 1 239
Merging: 18
2 1.64421 1 173
Merging: 12
1 1.66985 1 104
Merging: 1
9 1.68714 1 970
Merging: 100
8 1.78004 1 951
Merging: 100
7 1.84824 1 905
Merging: 86
6 1.90669 1 846
Merging: 80
5 1.96074 1 780
Merging: 62
4 2.1258 1 683
Merging: 62
3 2.27665 1 570
Merging: 62
2 2.31616 1 421
Merging: 62
1 2.34159 1 306
BOUND: 20 < 20, total time: 2.36137s
Actual search time: 1.87378s [t=2.37968s]
turn_to satellite1 star1 phenomenon11 (1)
switch_on instrument2 satellite1 (1)
calibrate satellite1 instrument2 star1 (1)
turn_to satellite1 planet9 star1 (1)
take_image satellite1 planet9 instrument2 thermograph2 (1)
turn_to satellite1 phenomenon7 planet9 (1)
take_image satellite1 phenomenon7 instrument2 infrared3 (1)
turn_to satellite1 phenomenon11 phenomenon7 (1)
turn_to satellite0 star1 star3 (1)
switch_on instrument0 satellite0 (1)
calibrate satellite0 instrument0 star1 (1)
take_image satellite1 phenomenon11 instrument2 infrared3 (1)
turn_to satellite0 phenomenon10 star1 (1)
take_image satellite0 phenomenon10 instrument0 spectrograph1 (1)
turn_to satellite0 phenomenon6 phenomenon10 (1)
take_image satellite0 phenomenon6 instrument0 spectrograph1 (1)
turn_to satellite0 planet5 phenomenon6 (1)
take_image satellite0 planet5 instrument0 spectrograph1 (1)
turn_to satellite1 star8 phenomenon11 (1)
take_image satellite1 star8 instrument2 infrared3 (1)
Plan length: 20 step(s).
Plan cost: 20
Bytes per state: 8
Search time: 1.8882s
Total time: 2.3797s
Solution found.
Peak memory: 234724 KB
Running single search parser
