INFO     Running translator.
INFO     translator input: ['domain.pddl', 'problem.pddl']
INFO     translator arguments: []
INFO     translator time limit: None
INFO     translator memory limit: None
INFO     callstring: /usr/bin/python /mnt/data_server/torralba/subdominization/training/data/training_agricola/code-70296b3db083/builds/release32/bin/translate/translate.py domain.pddl problem.pddl
Parsing...
Parsing: [0.030s CPU, 0.034s wall-clock]
Normalizing task... [0.000s CPU, 0.001s wall-clock]
Instantiating...
Generating Datalog program... [0.000s CPU, 0.004s wall-clock]
Normalizing Datalog program...
Normalizing Datalog program: [0.010s CPU, 0.014s wall-clock]
Preparing model... [0.010s CPU, 0.011s wall-clock]
Generated 258 rules.
Computing model... [0.320s CPU, 0.320s wall-clock]
13036 relevant atoms
1326 auxiliary atoms
14362 final queue length
48311 total queue pushes
Completing instantiation... [1.870s CPU, 1.879s wall-clock]
Instantiating: [2.220s CPU, 2.257s wall-clock]
Computing fact groups...
Finding invariants...
44 initial candidates
Finding invariants: [0.060s CPU, 0.065s wall-clock]
Checking invariant weight... [0.000s CPU, 0.000s wall-clock]
Instantiating groups... [0.000s CPU, 0.001s wall-clock]
Collecting mutex groups... [0.000s CPU, 0.000s wall-clock]
Choosing groups...
104 uncovered facts
Choosing groups: [0.000s CPU, 0.000s wall-clock]
Building translation key... [0.000s CPU, 0.001s wall-clock]
Computing fact groups: [0.070s CPU, 0.069s wall-clock]
Building STRIPS to SAS dictionary... [0.000s CPU, 0.000s wall-clock]
Building dictionary for full mutex groups... [0.000s CPU, 0.000s wall-clock]
Building mutex information...
Building mutex information: [0.000s CPU, 0.000s wall-clock]
Translating task...
Processing axioms...
Simplifying axioms... [0.000s CPU, 0.000s wall-clock]
Processing axioms: [0.070s CPU, 0.074s wall-clock]
Translating task: [1.450s CPU, 1.455s wall-clock]
13517 effect conditions simplified
0 implied preconditions added
Detecting unreachable propositions...
0 operators removed
0 axioms removed
33 propositions removed
Detecting unreachable propositions: [0.660s CPU, 0.669s wall-clock]
Translator variables: 98
Translator derived variables: 0
Translator facts: 215
Translator goal facts: 1
Translator mutex groups: 5
Translator total mutex groups size: 29
Translator operators: 12439
Translator axioms: 0
Translator task size: 136000
Translator peak memory: 171336 KB
Writing output... [0.200s CPU, 0.243s wall-clock]
Done! [4.690s CPU, 4.782s wall-clock]
INFO     Running preprocessor (release32).
INFO     preprocessor input: output.sas
INFO     preprocessor arguments: []
INFO     preprocessor time limit: None
INFO     preprocessor memory limit: None
INFO     callstring: /mnt/data_server/torralba/subdominization/training/data/training_agricola/code-70296b3db083/builds/release32/bin/preprocess < output.sas
Building causal graph...
The causal graph is not acyclic.
92 variables of 98 necessary
0 of 5 mutex groups necessary.
12439 of 12439 operators necessary.
0 of 0 axiom rules necessary.
Initializing mutex computation...
Mutex computation initialized with 203 fluents.
iteration for mutex detection and operator pruning
Initialize m_index fw
Initialized mvalues forward: reached=8464, notReached=32271, spurious=474
Initialize m_ops fw
Computing mutexes...
Mutex computation finished with reached=36217, notReached=4518, spurious=474
7823 operators are spurious because were not triggered
Unreachable proposition: Atom harvest_phase(stage4, harvest_feeding)
Unreachable proposition: Atom harvest_phase(stage4, harvest_breeding)
H^2 mutexes added fw: 3714, unreachable: 2
0 of 4616 operators detected as spurious
iteration for mutex detection and operator pruning
Initialize m_index bw
Init values regression
Initialized mvalues backward: reached=23555, notReached=12662, spurious=4992
Initialize m_ops bw
Computing mutexes...
Mutex computation finished with reached=36195, notReached=22, spurious=4992
0 operators are spurious because were not triggered
H^2 mutexes added bw: 22, unreachable: 0
0 of 4616 operators detected as spurious
iteration for mutex detection and operator pruning
Initialize m_index fw
Initialized mvalues forward: reached=8464, notReached=27731, spurious=5014
Initialize m_ops fw
Computing mutexes...
Mutex computation finished with reached=36195, notReached=0, spurious=5014
0 operators are spurious because were not triggered
H^2 mutexes added fw: 0, unreachable: 0
0 of 4616 operators detected as spurious
Total mutex and disambiguation time: 1.6314 iterations: 3
1868 of 1868 mutex groups necessary.
4616 of 12439 operators necessary.
0 of 0 axiom rules necessary.
Change id of operators: 4616
Change id of mutexes
Change id of goals
Change id of initial state
Remove unreachable facts from variables: 92
1868 of 1868 mutex groups necessary.
4616 of 4616 operators necessary.
0 of 0 axiom rules necessary.
Updating causal graph and pruning unnecessary facts
90 variables of 92 of 98 necessary
The causal graph is not acyclic.
89 variables of 90 necessary
1817 of 1868 mutex groups necessary.
4616 of 4616 operators necessary.
0 of 0 axiom rules necessary.
Building domain transition graphs...
solveable in poly time 0
Building successor generator...
Preprocessor variables: 89
Preprocessor facts: 197
Preprocessor derived variables: 0
Preprocessor operators: 4616
Preprocessor mutex groups: 1817
Preprocessor task size: 50822
Writing output...
Preprocessor time: 2.05855s
Preprocessor peak memory: 31548 KB
done
INFO     Running search (release32).
INFO     search input: output
INFO     search arguments: ['--search', 'sbw(store_operators_in_optimal_plan=true, cost_type=1)']
INFO     search time limit: 3600s
INFO     search memory limit: 4096 MB
INFO     search executable: /mnt/data_server/torralba/subdominization/training/data/training_agricola/code-70296b3db083/builds/release32/bin/downward
INFO     callstring: /mnt/data_server/torralba/subdominization/training/data/training_agricola/code-70296b3db083/builds/release32/bin/downward --search 'sbw(store_operators_in_optimal_plan=true, cost_type=1)' --internal-plan-file sas_plan < output
time limit 3600.00 -> (3600, 3601)
reading input... [t=9.6837e-05s]
done reading input! [t=0.0634024s]
packing state variables...done! [t=0.063431s]
Variables: 89
FactPairs: 197
Bytes per state: 12
Building successor generator...done! [t=0.0825621s]
done initalizing global data [t=0.0825771s]
TR(time=60000, nodes=100000)
Mutex(time=60000, nodes=100000, type=edeletion)
Aux(time=2000, nodes=1000000)
Disj(nodes=2147483647)
Estimation: min_time(1000) time_penalty +(1000)*(2) nodes_penalty +(1000)*(2)
MaxStep(time=30000, nodes=100000000, nodes_per_planning_second=100)
Ratio useful: 0
   Min alloted time: 60000 nodes: 10000000
   Max alloted time: 60000 nodes: 15000000
   Mult alloted time: 2 nodes: 2
   Ratio after relax: 0.8
building causal graph...done! [t=0.00671172s]
Sym variable order: 3 0 19 20 21 13 16 12 18 15 36 38 22 40 37 34 28 35 62 69 61 74 72 44 42 43 45 82 59 55 68 67 85 9 66 71 70 60 86 27 29 14 30 17 63 41 31 64 39 33 32 26 25 65 24 58 57 56 75 73 53 52 54 87 77 76 78 84 83 4 5 11 10 1 2 8 23 80 79 81 48 47 46 51 50 49 6 7 88 
Initializing Symbolic Variables
Num variables: 89 => 95
Initialize Symbolic Manager(190, 84210, 16000000, 0)
Generating binary variables
Symbolic Variables... Done.
BOUND: 1 < 2147483647, total time: 1.66524s
BOUND: 2 < 2147483647, total time: 1.67177s
BOUND: 3 < 2147483647, total time: 1.67319s
BOUND: 4 < 2147483647, total time: 1.6745s
BOUND: 5 < 2147483647, total time: 1.67611s
BOUND: 6 < 2147483647, total time: 1.67819s
BOUND: 7 < 2147483647, total time: 1.68291s
BOUND: 8 < 2147483647, total time: 1.70376s
BOUND: 9 < 2147483647, total time: 1.74568s
BOUND: 10 < 2147483647, total time: 1.7941s
BOUND: 11 < 2147483647, total time: 1.82024s
BOUND: 12 < 2147483647, total time: 1.84406s
BOUND: 13 < 2147483647, total time: 1.87588s
BOUND: 14 < 2147483647, total time: 1.94355s
BOUND: 15 < 2147483647, total time: 2.02422s
BOUND: 16 < 2147483647, total time: 2.08635s
BOUND: 17 < 2147483647, total time: 2.1135s
BOUND: 18 < 2147483647, total time: 2.12145s
BOUND: 19 < 2147483647, total time: 2.13142s
BOUND: 20 < 2147483647, total time: 2.14733s
BOUND: 21 < 2147483647, total time: 2.18722s
BOUND: 22 < 2147483647, total time: 2.25193s
BOUND: 23 < 2147483647, total time: 2.33146s
BOUND: 24 < 2147483647, total time: 2.42778s
BOUND: 25 < 2147483647, total time: 2.53492s
BOUND: 26 < 2147483647, total time: 2.62914s
BOUND: 27 < 2147483647, total time: 2.67928s
BOUND: 28 < 2147483647, total time: 2.70205s
BOUND: 29 < 2147483647, total time: 2.72596s
BOUND: 30 < 2147483647, total time: 2.76778s
BOUND: 31 < 2147483647, total time: 2.81689s
BOUND: 32 < 2147483647, total time: 2.84986s
BOUND: 33 < 2147483647, total time: 2.86231s
BOUND: 34 < 2147483647, total time: 2.86691s
BOUND: 35 < 2147483647, total time: 2.87366s
BOUND: 36 < 2147483647, total time: 2.88224s
BOUND: 37 < 2147483647, total time: 2.88567s
BOUND: 38 < 2147483647, total time: 2.88842s
BOUND: 39 < 2147483647, total time: 2.89358s
BOUND: 40 < 2147483647, total time: 2.89863s
BOUND: 41 < 2147483647, total time: 2.90143s
BOUND: 42 < 2147483647, total time: 2.9026s
BOUND: 43 < 2147483647, total time: 2.90514s
BOUND: 44 < 2147483647, total time: 2.9112s
BOUND: 45 < 2147483647, total time: 2.91721s
BOUND: 46 < 2147483647, total time: 2.92038s
BOUND: 47 < 2147483647, total time: 2.92162s
BOUND: 48 < 2147483647, total time: 2.92328s
BOUND: 49 < 2147483647, total time: 2.92667s
BOUND: 50 < 2147483647, total time: 2.92957s
BOUND: 51 < 2147483647, total time: 2.9309s
BOUND: 52 < 2147483647, total time: 2.93143s
BOUND: 53 < 2147483647, total time: 2.93223s
Solution found with cost 53 total time: 2.93345s
Merging: 1
53 3.1869 1 96
Merging: 8
52 3.19687 1 253
Merging: 8
51 3.21637 1 517
Merging: 1
50 3.24213 1 517
Merging: 4
49 3.26873 1 151
Merging: 1
48 3.28164 1 151
Merging: 13
47 3.29736 1 586
Merging: 16
46 3.3322 1 1140
Merging: 1
45 3.37334 1 1140
Merging: 4
44 3.41309 1 232
Merging: 1
43 3.42571 1 232
Merging: 18
42 3.44243 1 958
Merging: 18
41 3.48697 1 2003
Merging: 1
40 3.54131 1 2003
Merging: 4
39 3.60176 1 301
Merging: 1
38 3.61524 1 301
Merging: 18
37 3.6338 1 1207
Merging: 18
36 3.69394 1 2675
Merging: 1
35 3.7721 1 2675
Merging: 4
34 3.84734 1 379
Merging: 1
33 3.86645 1 379
Merging: 3
32 3.88509 1 302
Merging: 1
31 3.90368 1 302
Merging: 1
30 3.9217 1 302
Merging: 21
29 3.94378 1 2035
Merging: 21
28 4.02672 1 3945
Merging: 1
27 4.12897 1 3945
Merging: 4
26 4.25211 1 502
Merging: 1
25 4.26932 1 502
Merging: 24
24 4.29596 1 2622
Merging: 24
23 4.39482 1 3933
Merging: 1
22 4.46504 1 3933
Merging: 4
21 4.55317 1 601
Merging: 1
20 4.57183 1 601
Merging: 24
19 4.59876 1 2220
Merging: 42
18 4.69194 1 2252
Merging: 1
17 4.72623 1 2252
Merging: 4
16 4.7632 1 677
Merging: 1
15 4.78736 1 677
Merging: 3
14 4.80891 1 648
Merging: 1
13 4.83088 1 648
Merging: 1
12 4.85185 1 648
Merging: 43
11 4.88316 1 2929
Merging: 63
10 4.99479 1 6245
Merging: 1
9 5.08755 1 6245
Merging: 4
8 5.20298 1 997
Merging: 1
7 5.22046 1 997
Merging: 85
6 5.26481 1 3713
Merging: 85
5 5.4179 1 7622
Merging: 2
4 5.51971 1 7620
Merging: 4
3 5.63374 1 1029
Merging: 1
2 5.6609 1 1029
Merging: 14
1 5.68748 1 1028
BOUND: 53 < 53, total time: 5.71403s
Actual search time: 4.04996s [t=5.71523s]
collect_resource worker2 worker1 worker2 round1 act_clay clay (60)
collect_resource worker1 noworker worker2 round1 act_reed reed (60)
ag__finish_round_backhome round1 worker2 (1)
ag__finish_round_renew round1 noworker (1)
ag__advance_round_normal round1 round2 act_fences (1)
build_fences boar worker2 worker1 worker2 round2 (60)
take_food worker1 noworker worker2 round2 num1 num2 (60)
ag__finish_round_backhome round2 worker2 (1)
ag__finish_round_renew round2 noworker (1)
ag__advance_round_normal round2 round3 act_sow (1)
build_fences boar worker2 worker1 worker2 round3 (60)
take_food worker1 noworker worker2 round3 num2 num3 (60)
ag__finish_round_backhome round3 worker2 (1)
ag__finish_round_renew round3 noworker (1)
ag__advance_round_normal round3 round4 act_family (1)
build_fences boar worker2 worker1 worker2 round4 (60)
take_food worker1 noworker worker2 round4 num3 num4 (60)
ag__finish_round_backhome round4 worker2 (1)
ag__finish_round_renew round4 noworker (1)
ag__harvest_collect_end round4 stage1 (1)
ag__harvest_feed round4 stage1 worker2 num4 num4 num0 (1)
ag__harvest_breed_end round4 stage1 (1)
ag__finish_stage stage1 stage2 round4 round5 act_boar (1)
build_fences boar worker2 worker1 worker2 round5 (60)
take_food worker1 noworker worker2 round5 num0 num1 (60)
ag__finish_round_backhome round5 worker2 (1)
ag__finish_round_renew round5 noworker (1)
ag__advance_round_normal round5 round6 act_cattle (1)
collect_resource worker2 worker1 worker2 round6 act_stone stone (60)
take_food worker1 noworker worker2 round6 num1 num2 (60)
ag__finish_round_backhome round6 worker2 (1)
ag__finish_round_renew round6 noworker (1)
ag__advance_round_normal round6 round7 act_improve (1)
improve_home worker2 worker1 worker2 round7 fireplace (60)
collect_cook_animal boar act_boar worker1 noworker worker2 round7 num2 num4 (60)
ag__finish_round_backhome round7 worker2 (1)
ag__finish_round_renew round7 noworker (1)
ag__harvest_collect_end round7 stage2 (1)
ag__harvest_feed round7 stage2 worker2 num4 num4 num0 (1)
ag__harvest_breed_end round7 stage2 (1)
ag__finish_stage stage2 stage3 round7 round8 act_carrot (1)
build_fences boar worker2 worker1 worker2 round8 (60)
collect_animal boar act_sheep worker1 noworker worker2 round8 (60)
ag__finish_round_backhome round8 worker2 (1)
ag__finish_round_renew round8 noworker (1)
ag__advance_round_normal round8 round9 void (1)
collect_cook_animal boar act_cattle worker2 worker1 worker2 round9 num0 num2 (60)
collect_cook_animal boar act_sheep worker1 noworker worker2 round9 num2 num4 (60)
ag__finish_round_backhome round9 worker2 (1)
ag__finish_round_renew round9 noworker (1)
ag__harvest_collect_end round9 stage3 (1)
ag__harvest_feed round9 stage3 worker2 num4 num4 num0 (1)
ag__harvest_breed_end round9 stage3 (1)
Plan length: 53 step(s).
Plan cost: 1115
Bytes per state: 12
Search time: 4.43652s
Total time: 5.71524s
Solution found.
Peak memory: 301928 KB
Running single search parser
