INFO     Running translator.
INFO     translator input: ['domain.pddl', 'problem.pddl']
INFO     translator arguments: []
INFO     translator time limit: None
INFO     translator memory limit: None
INFO     callstring: /usr/bin/python /mnt/data_server/torralba/subdominization/training/data/training_satellite/code-70296b3db083/builds/release32/bin/translate/translate.py domain.pddl problem.pddl
Parsing...
Parsing: [0.010s CPU, 0.021s wall-clock]
Normalizing task... [0.000s CPU, 0.000s wall-clock]
Instantiating...
Generating Datalog program... [0.000s CPU, 0.001s wall-clock]
Normalizing Datalog program...
Normalizing Datalog program: [0.010s CPU, 0.138s wall-clock]
Preparing model... [0.010s CPU, 0.004s wall-clock]
Generated 31 rules.
Computing model... [0.020s CPU, 0.025s wall-clock]
830 relevant atoms
359 auxiliary atoms
1189 final queue length
1712 total queue pushes
Completing instantiation... [0.040s CPU, 0.035s wall-clock]
Instantiating: [0.080s CPU, 0.312s wall-clock]
Computing fact groups...
Finding invariants...
12 initial candidates
Finding invariants: [0.000s CPU, 0.003s wall-clock]
Checking invariant weight... [0.000s CPU, 0.000s wall-clock]
Instantiating groups... [0.000s CPU, 0.000s wall-clock]
Collecting mutex groups... [0.000s CPU, 0.000s wall-clock]
Choosing groups...
56 uncovered facts
Choosing groups: [0.000s CPU, 0.000s wall-clock]
Building translation key... [0.000s CPU, 0.001s wall-clock]
Computing fact groups: [0.000s CPU, 0.006s wall-clock]
Building STRIPS to SAS dictionary... [0.000s CPU, 0.000s wall-clock]
Building dictionary for full mutex groups... [0.000s CPU, 0.000s wall-clock]
Building mutex information...
Building mutex information: [0.000s CPU, 0.000s wall-clock]
Translating task...
Processing axioms...
Simplifying axioms... [0.000s CPU, 0.000s wall-clock]
Processing axioms: [0.000s CPU, 0.002s wall-clock]
Translating task: [0.040s CPU, 0.034s wall-clock]
30 effect conditions simplified
0 implied preconditions added
Detecting unreachable propositions...
0 operators removed
0 axioms removed
3 propositions removed
Detecting unreachable propositions: [0.020s CPU, 0.021s wall-clock]
Translator variables: 59
Translator derived variables: 0
Translator facts: 145
Translator goal facts: 2
Translator mutex groups: 3
Translator total mutex groups size: 33
Translator operators: 573
Translator axioms: 0
Translator task size: 2409
Translator peak memory: 46004 KB
Writing output... [0.000s CPU, 0.070s wall-clock]
Done! [0.150s CPU, 0.466s wall-clock]
INFO     Running preprocessor (release32).
INFO     preprocessor input: output.sas
INFO     preprocessor arguments: []
INFO     preprocessor time limit: None
INFO     preprocessor memory limit: None
INFO     callstring: /mnt/data_server/torralba/subdominization/training/data/training_satellite/code-70296b3db083/builds/release32/bin/preprocess < output.sas
Building causal graph...
The causal graph is not acyclic.
25 variables of 59 necessary
0 of 3 mutex groups necessary.
378 of 573 operators necessary.
0 of 0 axiom rules necessary.
Initializing mutex computation...
Mutex computation initialized with 77 fluents.
iteration for mutex detection and operator pruning
Initialize m_index fw
Initialized mvalues forward: reached=625, notReached=4930, spurious=374
Initialize m_ops fw
Computing mutexes...
Mutex computation finished with reached=5511, notReached=44, spurious=374
0 operators are spurious because were not triggered
H^2 mutexes added fw: 44, unreachable: 0
0 of 378 operators detected as spurious
iteration for mutex detection and operator pruning
Initialize m_index bw
Init values regression
Initialized mvalues backward: reached=4050, notReached=1461, spurious=418
Initialize m_ops bw
Computing mutexes...
Mutex computation finished with reached=5511, notReached=0, spurious=418
0 operators are spurious because were not triggered
H^2 mutexes added bw: 0, unreachable: 0
0 of 378 operators detected as spurious
Total mutex and disambiguation time: 0.010664 iterations: 2
22 of 22 mutex groups necessary.
378 of 378 operators necessary.
0 of 0 axiom rules necessary.
Change id of operators: 378
Change id of mutexes
Change id of goals
Change id of initial state
Remove unreachable facts from variables: 25
22 of 22 mutex groups necessary.
378 of 378 operators necessary.
0 of 0 axiom rules necessary.
Updating causal graph and pruning unnecessary facts
25 variables of 25 of 59 necessary
The causal graph is not acyclic.
25 variables of 25 necessary
22 of 22 mutex groups necessary.
378 of 378 operators necessary.
0 of 0 axiom rules necessary.
Building domain transition graphs...
solveable in poly time 0
Building successor generator...
Preprocessor variables: 25
Preprocessor facts: 77
Preprocessor derived variables: 0
Preprocessor operators: 378
Preprocessor mutex groups: 22
Preprocessor task size: 1346
Writing output...
Preprocessor time: 0.0247196s
Preprocessor peak memory: 2404 KB
done
INFO     Running search (release32).
INFO     search input: output
INFO     search arguments: ['--search', 'sbd(store_operators_in_optimal_plan=true, cost_type=1)']
INFO     search time limit: 3600s
INFO     search memory limit: 4096 MB
INFO     search executable: /mnt/data_server/torralba/subdominization/training/data/training_satellite/code-70296b3db083/builds/release32/bin/downward
INFO     callstring: /mnt/data_server/torralba/subdominization/training/data/training_satellite/code-70296b3db083/builds/release32/bin/downward --search 'sbd(store_operators_in_optimal_plan=true, cost_type=1)' --internal-plan-file sas_plan < output
time limit 3600.00 -> (3600, 3601)
reading input... [t=0.000161714s]
done reading input! [t=0.00310577s]
packing state variables...done! [t=0.00311954s]
Variables: 25
FactPairs: 77
Bytes per state: 8
Building successor generator...done! [t=0.00339537s]
done initalizing global data [t=0.00340128s]
TR(time=60000, nodes=100000)
Mutex(time=60000, nodes=100000, type=edeletion)
Aux(time=2000, nodes=1000000)
Disj(nodes=2147483647)
Estimation: min_time(1000) time_penalty +(1000)*(2) nodes_penalty +(1000)*(2)
MaxStep(time=30000, nodes=100000000, nodes_per_planning_second=100)
Ratio useful: 0
   Min alloted time: 60000 nodes: 10000000
   Max alloted time: 60000 nodes: 15000000
   Mult alloted time: 2 nodes: 2
   Ratio after relax: 0.8
building causal graph...done! [t=0.000116022s]
Sym variable order: 14 12 15 13 16 1 17 23 20 18 22 2 21 19 24 5 9 6 8 0 7 10 11 4 3 
Initializing Symbolic Variables
Num variables: 25 => 34
Initialize Symbolic Manager(68, 235294, 16000000, 0)
Generating binary variables
Symbolic Variables... Done.
BOUND: 1 < 2147483647, total time: 0.455265s
BOUND: 2 < 2147483647, total time: 0.455521s
BOUND: 3 < 2147483647, total time: 0.455983s
BOUND: 4 < 2147483647, total time: 0.456623s
BOUND: 5 < 2147483647, total time: 0.457062s
Solution found with cost 5 total time: 0.457591s
Merging: 1
3 0.462381 1 76
Merging: 4
2 0.468843 1 80
Merging: 5
1 0.475491 1 65
Merging: 1
2 0.480904 1 76
Merging: 5
1 0.484347 1 70
BOUND: 5 < 5, total time: 0.487333s
Actual search time: 0.032305s [t=0.487623s]
turn_to satellite0 star1 star6 (1)
switch_on instrument7 satellite2 (1)
calibrate satellite2 instrument7 star4 (1)
turn_to satellite2 phenomenon10 star4 (1)
take_image satellite2 phenomenon10 instrument7 image2 (1)
Plan length: 5 step(s).
Plan cost: 5
Bytes per state: 8
Search time: 0.0411668s
Total time: 0.487634s
Solution found.
Peak memory: 214416 KB
Running single search parser
