INFO     Running translator.
INFO     translator input: ['domain.pddl', 'problem.pddl']
INFO     translator arguments: []
INFO     translator time limit: None
INFO     translator memory limit: None
INFO     callstring: /usr/bin/python /mnt/data_server/torralba/subdominization/training/data/training_satellite/code-70296b3db083/builds/release32/bin/translate/translate.py domain.pddl problem.pddl
Parsing...
Parsing: [0.010s CPU, 0.023s wall-clock]
Normalizing task... [0.000s CPU, 0.000s wall-clock]
Instantiating...
Generating Datalog program... [0.000s CPU, 0.001s wall-clock]
Normalizing Datalog program...
Normalizing Datalog program: [0.010s CPU, 0.064s wall-clock]
Preparing model... [0.010s CPU, 0.004s wall-clock]
Generated 31 rules.
Computing model... [0.040s CPU, 0.044s wall-clock]
1638 relevant atoms
393 auxiliary atoms
2031 final queue length
3277 total queue pushes
Completing instantiation... [0.070s CPU, 0.073s wall-clock]
Instantiating: [0.130s CPU, 0.235s wall-clock]
Computing fact groups...
Finding invariants...
12 initial candidates
Finding invariants: [0.000s CPU, 0.003s wall-clock]
Checking invariant weight... [0.000s CPU, 0.000s wall-clock]
Instantiating groups... [0.000s CPU, 0.000s wall-clock]
Collecting mutex groups... [0.000s CPU, 0.000s wall-clock]
Choosing groups...
72 uncovered facts
Choosing groups: [0.000s CPU, 0.000s wall-clock]
Building translation key... [0.010s CPU, 0.001s wall-clock]
Computing fact groups: [0.010s CPU, 0.007s wall-clock]
Building STRIPS to SAS dictionary... [0.000s CPU, 0.000s wall-clock]
Building dictionary for full mutex groups... [0.000s CPU, 0.000s wall-clock]
Building mutex information...
Building mutex information: [0.000s CPU, 0.000s wall-clock]
Translating task...
Processing axioms...
Simplifying axioms... [0.000s CPU, 0.000s wall-clock]
Processing axioms: [0.000s CPU, 0.003s wall-clock]
Translating task: [0.070s CPU, 0.075s wall-clock]
18 effect conditions simplified
0 implied preconditions added
Detecting unreachable propositions...
0 operators removed
0 axioms removed
3 propositions removed
Detecting unreachable propositions: [0.040s CPU, 0.042s wall-clock]
Translator variables: 75
Translator derived variables: 0
Translator facts: 201
Translator goal facts: 5
Translator mutex groups: 3
Translator total mutex groups size: 57
Translator operators: 1312
Translator axioms: 0
Translator task size: 4813
Translator peak memory: 49232 KB
Writing output... [0.020s CPU, 0.087s wall-clock]
Done! [0.280s CPU, 0.473s wall-clock]
INFO     Running preprocessor (release32).
INFO     preprocessor input: output.sas
INFO     preprocessor arguments: []
INFO     preprocessor time limit: None
INFO     preprocessor memory limit: None
INFO     callstring: /mnt/data_server/torralba/subdominization/training/data/training_satellite/code-70296b3db083/builds/release32/bin/preprocess < output.sas
Building causal graph...
The causal graph is not acyclic.
22 variables of 75 necessary
0 of 3 mutex groups necessary.
1083 of 1312 operators necessary.
0 of 0 axiom rules necessary.
Initializing mutex computation...
Mutex computation initialized with 95 fluents.
iteration for mutex detection and operator pruning
Initialize m_index fw
Initialized mvalues forward: reached=484, notReached=7477, spurious=1064
Initialize m_ops fw
Computing mutexes...
Mutex computation finished with reached=7943, notReached=18, spurious=1064
0 operators are spurious because were not triggered
H^2 mutexes added fw: 18, unreachable: 0
0 of 1083 operators detected as spurious
iteration for mutex detection and operator pruning
Initialize m_index bw
Init values regression
Initialized mvalues backward: reached=4597, notReached=3346, spurious=1082
Initialize m_ops bw
Computing mutexes...
Mutex computation finished with reached=7943, notReached=0, spurious=1082
0 operators are spurious because were not triggered
H^2 mutexes added bw: 0, unreachable: 0
0 of 1083 operators detected as spurious
Total mutex and disambiguation time: 0.033938 iterations: 2
9 of 9 mutex groups necessary.
1083 of 1083 operators necessary.
0 of 0 axiom rules necessary.
Change id of operators: 1083
Change id of mutexes
Change id of goals
Change id of initial state
Remove unreachable facts from variables: 22
9 of 9 mutex groups necessary.
1083 of 1083 operators necessary.
0 of 0 axiom rules necessary.
Updating causal graph and pruning unnecessary facts
22 variables of 22 of 75 necessary
The causal graph is not acyclic.
22 variables of 22 necessary
9 of 9 mutex groups necessary.
1083 of 1083 operators necessary.
0 of 0 axiom rules necessary.
Building domain transition graphs...
solveable in poly time 0
Building successor generator...
Preprocessor variables: 22
Preprocessor facts: 95
Preprocessor derived variables: 0
Preprocessor operators: 1083
Preprocessor mutex groups: 9
Preprocessor task size: 3470
Writing output...
Preprocessor time: 0.0651986s
Preprocessor peak memory: 2764 KB
done
INFO     Running search (release32).
INFO     search input: output
INFO     search arguments: ['--search', 'sbd(store_operators_in_optimal_plan=true, cost_type=1)']
INFO     search time limit: 3600s
INFO     search memory limit: 4096 MB
INFO     search executable: /mnt/data_server/torralba/subdominization/training/data/training_satellite/code-70296b3db083/builds/release32/bin/downward
INFO     callstring: /mnt/data_server/torralba/subdominization/training/data/training_satellite/code-70296b3db083/builds/release32/bin/downward --search 'sbd(store_operators_in_optimal_plan=true, cost_type=1)' --internal-plan-file sas_plan < output
time limit 3600.00 -> (3600, 3601)
reading input... [t=0.000140833s]
done reading input! [t=0.00776121s]
packing state variables...done! [t=0.00777547s]
Variables: 22
FactPairs: 95
Bytes per state: 8
Building successor generator...done! [t=0.00839755s]
done initalizing global data [t=0.00840473s]
TR(time=60000, nodes=100000)
Mutex(time=60000, nodes=100000, type=edeletion)
Aux(time=2000, nodes=1000000)
Disj(nodes=2147483647)
Estimation: min_time(1000) time_penalty +(1000)*(2) nodes_penalty +(1000)*(2)
MaxStep(time=30000, nodes=100000000, nodes_per_planning_second=100)
Ratio useful: 0
   Min alloted time: 60000 nodes: 10000000
   Max alloted time: 60000 nodes: 15000000
   Mult alloted time: 2 nodes: 2
   Ratio after relax: 0.8
building causal graph...done! [t=0.000157982s]
Sym variable order: 15 14 16 4 5 6 13 17 2 20 19 3 7 0 18 21 1 12 8 11 9 10 
Initializing Symbolic Variables
Num variables: 22 => 34
Initialize Symbolic Manager(68, 235294, 16000000, 0)
Generating binary variables
Symbolic Variables... Done.
BOUND: 1 < 2147483647, total time: 0.492212s
BOUND: 2 < 2147483647, total time: 0.492555s
BOUND: 3 < 2147483647, total time: 0.49324s
BOUND: 4 < 2147483647, total time: 0.493759s
BOUND: 5 < 2147483647, total time: 0.494485s
BOUND: 6 < 2147483647, total time: 0.496127s
BOUND: 7 < 2147483647, total time: 0.497302s
BOUND: 8 < 2147483647, total time: 0.499052s
BOUND: 9 < 2147483647, total time: 0.502766s
BOUND: 10 < 2147483647, total time: 0.505952s
BOUND: 11 < 2147483647, total time: 0.512271s
BOUND: 12 < 2147483647, total time: 0.518046s
Solution found with cost 12 total time: 0.525537s
Merging: 1
7 0.546498 1 246
Merging: 37
6 0.612203 1 209
Merging: 45
5 0.664092 1 174
Merging: 53
4 0.706303 1 115
Merging: 63
3 0.736549 1 124
Merging: 26
2 0.766139 1 124
Merging: 17
1 0.798563 1 94
Merging: 1
5 0.82733 1 246
Merging: 45
4 0.862166 1 252
Merging: 37
3 0.891167 1 239
Merging: 45
2 0.916075 1 205
Merging: 37
1 0.938666 1 160
BOUND: 12 < 12, total time: 0.956497s
Actual search time: 0.465433s [t=0.957688s]
turn_to satellite0 groundstation0 star5 (1)
switch_on instrument0 satellite0 (1)
calibrate satellite0 instrument0 groundstation0 (1)
turn_to satellite0 planet18 groundstation0 (1)
take_image satellite0 planet18 instrument0 spectrograph2 (1)
turn_to satellite0 phenomenon15 planet18 (1)
take_image satellite0 phenomenon15 instrument0 image1 (1)
turn_to satellite0 star16 phenomenon15 (1)
take_image satellite0 star16 instrument0 spectrograph2 (1)
turn_to satellite0 star17 star16 (1)
take_image satellite0 star17 instrument0 image1 (1)
turn_to satellite0 groundstation4 star17 (1)
Plan length: 12 step(s).
Plan cost: 12
Bytes per state: 8
Search time: 0.489967s
Total time: 0.957698s
Solution found.
Peak memory: 217336 KB
Running single search parser
