INFO     Running translator.
INFO     translator input: ['domain.pddl', 'problem.pddl']
INFO     translator arguments: []
INFO     translator time limit: None
INFO     translator memory limit: None
INFO     callstring: /usr/bin/python /mnt/data_server/torralba/subdominization/training/data/training_tpp/code-70296b3db083/builds/release32/bin/translate/translate.py domain.pddl problem.pddl
Parsing...
Parsing: [0.000s CPU, 0.010s wall-clock]
Normalizing task... [0.000s CPU, 0.000s wall-clock]
Instantiating...
Generating Datalog program... [0.000s CPU, 0.001s wall-clock]
Normalizing Datalog program...
Normalizing Datalog program: [0.010s CPU, 0.007s wall-clock]
Preparing model... [0.000s CPU, 0.004s wall-clock]
Generated 45 rules.
Computing model... [0.040s CPU, 0.032s wall-clock]
451 relevant atoms
968 auxiliary atoms
1419 final queue length
1669 total queue pushes
Completing instantiation... [0.010s CPU, 0.018s wall-clock]
Instantiating: [0.070s CPU, 0.066s wall-clock]
Computing fact groups...
Finding invariants...
18 initial candidates
Finding invariants: [0.010s CPU, 0.010s wall-clock]
Checking invariant weight... [0.000s CPU, 0.001s wall-clock]
Instantiating groups... [0.000s CPU, 0.006s wall-clock]
Collecting mutex groups... [0.000s CPU, 0.000s wall-clock]
Choosing groups...
48 uncovered facts
Choosing groups: [0.010s CPU, 0.001s wall-clock]
Building translation key... [0.000s CPU, 0.001s wall-clock]
Computing fact groups: [0.020s CPU, 0.024s wall-clock]
Building STRIPS to SAS dictionary... [0.000s CPU, 0.000s wall-clock]
Building dictionary for full mutex groups... [0.000s CPU, 0.000s wall-clock]
Building mutex information...
Building mutex information: [0.000s CPU, 0.000s wall-clock]
Translating task...
Processing axioms...
Simplifying axioms... [0.000s CPU, 0.000s wall-clock]
Processing axioms: [0.000s CPU, 0.001s wall-clock]
Translating task: [0.010s CPU, 0.015s wall-clock]
0 effect conditions simplified
0 implied preconditions added
Detecting unreachable propositions...
0 operators removed
0 axioms removed
145 propositions removed
Detecting unreachable propositions: [0.010s CPU, 0.009s wall-clock]
Translator variables: 49
Translator derived variables: 0
Translator facts: 135
Translator goal facts: 8
Translator mutex groups: 49
Translator total mutex groups size: 135
Translator operators: 176
Translator axioms: 0
Translator task size: 1335
Translator peak memory: 44984 KB
Writing output... [0.010s CPU, 0.006s wall-clock]
Done! [0.120s CPU, 0.133s wall-clock]
INFO     Running preprocessor (release32).
INFO     preprocessor input: output.sas
INFO     preprocessor arguments: []
INFO     preprocessor time limit: None
INFO     preprocessor memory limit: None
INFO     callstring: /mnt/data_server/torralba/subdominization/training/data/training_tpp/code-70296b3db083/builds/release32/bin/preprocess < output.sas
Building causal graph...
The causal graph is not acyclic.
49 variables of 49 necessary
0 of 49 mutex groups necessary.
176 of 176 operators necessary.
0 of 0 axiom rules necessary.
Initializing mutex computation...
Mutex computation initialized with 135 fluents.
iteration for mutex detection and operator pruning
Initialize m_index fw
Initialized mvalues forward: reached=2401, notReached=15558, spurious=266
Initialize m_ops fw
Computing mutexes...
Mutex computation finished with reached=13927, notReached=4032, spurious=266
48 operators are spurious because were not triggered
Unreachable proposition: Atom ready-to-load(goods8, market1, level2)
Unreachable proposition: Atom ready-to-load(goods8, market2, level2)
Unreachable proposition: Atom ready-to-load(goods7, market1, level2)
Unreachable proposition: Atom ready-to-load(goods7, market5, level2)
Unreachable proposition: Atom ready-to-load(goods6, market1, level2)
Unreachable proposition: Atom ready-to-load(goods6, market2, level2)
Unreachable proposition: Atom ready-to-load(goods5, market1, level2)
Unreachable proposition: Atom ready-to-load(goods5, market2, level2)
Unreachable proposition: Atom ready-to-load(goods4, market1, level2)
Unreachable proposition: Atom ready-to-load(goods4, market2, level2)
Unreachable proposition: Atom ready-to-load(goods3, market1, level2)
Unreachable proposition: Atom ready-to-load(goods3, market2, level2)
Unreachable proposition: Atom ready-to-load(goods2, market1, level2)
Unreachable proposition: Atom ready-to-load(goods2, market2, level2)
Unreachable proposition: Atom ready-to-load(goods1, market1, level2)
Unreachable proposition: Atom ready-to-load(goods1, market2, level2)
H^2 mutexes added fw: 32, unreachable: 16
0 of 128 operators detected as spurious
iteration for mutex detection and operator pruning
Initialize m_index bw
Init values regression
Initialized mvalues backward: reached=10423, notReached=3504, spurious=4298
Initialize m_ops bw
Computing mutexes...
Mutex computation finished with reached=13007, notReached=920, spurious=4298
16 operators are spurious because were not triggered
Unreachable proposition: Atom stored(goods7, level2)
Unreachable proposition: Atom stored(goods3, level2)
Unreachable proposition: Atom stored(goods2, level2)
Unreachable proposition: Atom stored(goods1, level2)
H^2 mutexes added bw: 0, unreachable: 4
0 of 112 operators detected as spurious
iteration for mutex detection and operator pruning
Initialize m_index fw
Initialized mvalues forward: reached=2401, notReached=10606, spurious=5218
Initialize m_ops fw
Computing mutexes...
Mutex computation finished with reached=13007, notReached=0, spurious=5218
0 operators are spurious because were not triggered
H^2 mutexes added fw: 0, unreachable: 0
0 of 112 operators detected as spurious
Total mutex and disambiguation time: 0.010903 iterations: 3
16 of 16 mutex groups necessary.
112 of 176 operators necessary.
0 of 0 axiom rules necessary.
Change id of operators: 112
Change id of mutexes
Change id of goals
Change id of initial state
Remove unreachable facts from variables: 49
16 of 16 mutex groups necessary.
112 of 112 operators necessary.
0 of 0 axiom rules necessary.
Updating causal graph and pruning unnecessary facts
49 variables of 49 of 49 necessary
The causal graph is not acyclic.
49 variables of 49 necessary
16 of 16 mutex groups necessary.
112 of 112 operators necessary.
0 of 0 axiom rules necessary.
Building domain transition graphs...
solveable in poly time 0
Building successor generator...
Preprocessor variables: 49
Preprocessor facts: 115
Preprocessor derived variables: 0
Preprocessor operators: 112
Preprocessor mutex groups: 16
Preprocessor task size: 828
Writing output...
Preprocessor time: 0.0199856s
Preprocessor peak memory: 2228 KB
done
INFO     Running search (release32).
INFO     search input: output
INFO     search arguments: ['--search', 'sbd(store_operators_in_optimal_plan=true, cost_type=1)']
INFO     search time limit: 3600s
INFO     search memory limit: 4096 MB
INFO     search executable: /mnt/data_server/torralba/subdominization/training/data/training_tpp/code-70296b3db083/builds/release32/bin/downward
INFO     callstring: /mnt/data_server/torralba/subdominization/training/data/training_tpp/code-70296b3db083/builds/release32/bin/downward --search 'sbd(store_operators_in_optimal_plan=true, cost_type=1)' --internal-plan-file sas_plan < output
time limit 3600.00 -> (3600, 3601)
reading input... [t=0.00011971s]
done reading input! [t=0.00186119s]
packing state variables...done! [t=0.00187728s]
Variables: 49
FactPairs: 115
Bytes per state: 8
Building successor generator...done! [t=0.00215345s]
done initalizing global data [t=0.00215991s]
TR(time=60000, nodes=100000)
Mutex(time=60000, nodes=100000, type=edeletion)
Aux(time=2000, nodes=1000000)
Disj(nodes=2147483647)
Estimation: min_time(1000) time_penalty +(1000)*(2) nodes_penalty +(1000)*(2)
MaxStep(time=30000, nodes=100000000, nodes_per_planning_second=100)
Ratio useful: 0
   Min alloted time: 60000 nodes: 10000000
   Max alloted time: 60000 nodes: 15000000
   Mult alloted time: 2 nodes: 2
   Ratio after relax: 0.8
building causal graph...done! [t=0.000193253s]
Sym variable order: 20 22 24 23 21 19 38 40 42 41 39 37 31 33 35 36 34 32 13 15 17 18 16 14 0 1 3 6 5 4 2 25 27 30 29 28 26 8 10 12 11 9 7 44 46 47 48 45 43 
Initializing Symbolic Variables
Num variables: 49 => 63
Initialize Symbolic Manager(126, 126984, 16000000, 0)
Generating binary variables
Symbolic Variables... Done.
BOUND: 1 < 2147483647, total time: 0.584684s
BOUND: 2 < 2147483647, total time: 0.584912s
BOUND: 3 < 2147483647, total time: 0.585424s
BOUND: 4 < 2147483647, total time: 0.585582s
BOUND: 5 < 2147483647, total time: 0.585835s
BOUND: 6 < 2147483647, total time: 0.586347s
BOUND: 7 < 2147483647, total time: 0.586837s
BOUND: 8 < 2147483647, total time: 0.587627s
BOUND: 9 < 2147483647, total time: 0.58843s
BOUND: 10 < 2147483647, total time: 0.589647s
BOUND: 11 < 2147483647, total time: 0.590835s
BOUND: 12 < 2147483647, total time: 0.592965s
BOUND: 13 < 2147483647, total time: 0.594735s
BOUND: 14 < 2147483647, total time: 0.59769s
BOUND: 15 < 2147483647, total time: 0.600257s
BOUND: 16 < 2147483647, total time: 0.604581s
BOUND: 17 < 2147483647, total time: 0.608222s
BOUND: 18 < 2147483647, total time: 0.61261s
BOUND: 19 < 2147483647, total time: 0.619346s
BOUND: 20 < 2147483647, total time: 0.624736s
BOUND: 21 < 2147483647, total time: 0.634869s
BOUND: 22 < 2147483647, total time: 0.642083s
BOUND: 23 < 2147483647, total time: 0.650626s
BOUND: 24 < 2147483647, total time: 0.664113s
BOUND: 25 < 2147483647, total time: 0.674693s
BOUND: 26 < 2147483647, total time: 0.685345s
BOUND: 27 < 2147483647, total time: 0.703624s
BOUND: 28 < 2147483647, total time: 0.717998s
BOUND: 29 < 2147483647, total time: 0.740276s
BOUND: 30 < 2147483647, total time: 0.755979s
BOUND: 31 < 2147483647, total time: 0.77047s
BOUND: 32 < 2147483647, total time: 0.785195s
BOUND: 33 < 2147483647, total time: 0.813956s
BOUND: 34 < 2147483647, total time: 0.831542s
BOUND: 35 < 2147483647, total time: 0.846908s
BOUND: 36 < 2147483647, total time: 0.86276s
BOUND: 37 < 2147483647, total time: 0.87879s
BOUND: 38 < 2147483647, total time: 0.894568s
BOUND: 39 < 2147483647, total time: 0.910303s
BOUND: 40 < 2147483647, total time: 0.92585s
BOUND: 41 < 2147483647, total time: 0.941496s
BOUND: 42 < 2147483647, total time: 0.957092s
Solution found with cost 42 total time: 0.967712s
Merging: 1
29 0.992315 1 87
Merging: 7
28 0.994777 1 175
Merging: 14
27 1.00075 1 266
Merging: 14
26 1.00989 1 322
Merging: 14
25 1.02167 1 376
Merging: 14
24 1.03443 1 405
Merging: 14
23 1.04786 1 430
Merging: 14
22 1.06192 1 431
Merging: 14
21 1.07582 1 427
Merging: 15
20 1.08949 1 442
Merging: 15
19 1.10408 1 403
Merging: 23
18 1.1171 1 435
Merging: 31
17 1.13126 1 426
Merging: 31
16 1.14648 1 404
Merging: 24
15 1.16062 1 368
Merging: 17
14 1.17381 1 405
Merging: 17
13 1.18814 1 400
Merging: 16
12 1.2023 1 416
Merging: 16
11 1.21616 1 428
Merging: 16
10 1.23065 1 414
Merging: 16
9 1.24487 1 398
Merging: 16
8 1.25852 1 363
Merging: 16
7 1.27088 1 326
Merging: 16
6 1.28187 1 266
Merging: 16
5 1.29055 1 203
Merging: 17
4 1.29703 1 146
Merging: 9
3 1.30126 1 84
Merging: 2
2 1.30357 1 83
Merging: 2
1 1.30586 1 64
Merging: 1
13 1.3076 1 87
Merging: 1
12 1.30871 1 87
Merging: 8
11 1.31001 1 183
Merging: 12
10 1.31227 1 265
Merging: 12
9 1.31482 1 325
Merging: 12
8 1.3175 1 365
Merging: 12
7 1.32027 1 383
Merging: 12
6 1.32304 1 395
Merging: 12
5 1.32577 1 382
Merging: 12
4 1.32828 1 365
Merging: 12
3 1.33058 1 324
Merging: 12
2 1.33252 1 264
Merging: 12
1 1.33384 1 182
BOUND: 42 < 42, total time: 1.33442s
Actual search time: 0.753512s [t=1.33828s]
drive truck1 depot1 market5 (1)
drive truck1 market5 market3 (1)
drive truck1 market3 market1 (1)
buy truck1 goods8 market1 level0 level1 level0 level1 (1)
load goods8 truck1 market1 level0 level1 level0 level1 (1)
buy truck1 goods7 market1 level0 level1 level0 level1 (1)
load goods7 truck1 market1 level0 level1 level0 level1 (1)
buy truck1 goods6 market1 level0 level1 level0 level1 (1)
load goods6 truck1 market1 level0 level1 level0 level1 (1)
buy truck1 goods5 market1 level0 level1 level0 level1 (1)
load goods5 truck1 market1 level0 level1 level0 level1 (1)
buy truck1 goods4 market1 level0 level1 level0 level1 (1)
load goods4 truck1 market1 level0 level1 level0 level1 (1)
drive truck1 market1 market4 (1)
drive truck1 market4 market2 (1)
buy truck1 goods8 market2 level0 level1 level0 level1 (1)
load goods8 truck1 market2 level0 level1 level1 level2 (1)
buy truck1 goods6 market2 level0 level1 level0 level1 (1)
load goods6 truck1 market2 level0 level1 level1 level2 (1)
buy truck1 goods5 market2 level0 level1 level0 level1 (1)
load goods5 truck1 market2 level0 level1 level1 level2 (1)
buy truck1 goods4 market2 level0 level1 level0 level1 (1)
load goods4 truck1 market2 level0 level1 level1 level2 (1)
buy truck1 goods3 market2 level0 level1 level0 level1 (1)
load goods3 truck1 market2 level0 level1 level0 level1 (1)
buy truck1 goods2 market2 level0 level1 level0 level1 (1)
load goods2 truck1 market2 level0 level1 level0 level1 (1)
buy truck1 goods1 market2 level0 level1 level0 level1 (1)
load goods1 truck1 market2 level0 level1 level0 level1 (1)
drive truck1 market2 depot2 (1)
unload goods1 truck1 depot2 level0 level1 level0 level1 (1)
unload goods2 truck1 depot2 level0 level1 level0 level1 (1)
unload goods3 truck1 depot2 level0 level1 level0 level1 (1)
unload goods4 truck1 depot2 level1 level2 level0 level1 (1)
unload goods4 truck1 depot2 level0 level1 level1 level2 (1)
unload goods5 truck1 depot2 level1 level2 level0 level1 (1)
unload goods5 truck1 depot2 level0 level1 level1 level2 (1)
unload goods6 truck1 depot2 level1 level2 level0 level1 (1)
unload goods6 truck1 depot2 level0 level1 level1 level2 (1)
unload goods7 truck1 depot2 level0 level1 level0 level1 (1)
unload goods8 truck1 depot2 level1 level2 level0 level1 (1)
unload goods8 truck1 depot2 level0 level1 level1 level2 (1)
Plan length: 42 step(s).
Plan cost: 42
Bytes per state: 8
Search time: 0.76318s
Total time: 1.3383s
Solution found.
Peak memory: 214516 KB
Running single search parser
