INFO     Running translator.
INFO     translator input: ['domain.pddl', 'problem.pddl']
INFO     translator arguments: []
INFO     translator time limit: None
INFO     translator memory limit: None
INFO     callstring: /usr/bin/python /mnt/data_server/torralba/subdominization/training/data/training_agricola/code-70296b3db083/builds/release32/bin/translate/translate.py domain.pddl problem.pddl
Parsing...
Parsing: [0.030s CPU, 0.031s wall-clock]
Normalizing task... [0.000s CPU, 0.001s wall-clock]
Instantiating...
Generating Datalog program... [0.000s CPU, 0.006s wall-clock]
Normalizing Datalog program...
Normalizing Datalog program: [0.020s CPU, 0.019s wall-clock]
Preparing model... [0.010s CPU, 0.016s wall-clock]
Generated 258 rules.
Computing model... [1.600s CPU, 1.605s wall-clock]
39948 relevant atoms
1490 auxiliary atoms
41438 final queue length
149435 total queue pushes
Completing instantiation... [8.140s CPU, 8.172s wall-clock]
Instantiating: [9.780s CPU, 9.888s wall-clock]
Computing fact groups...
Finding invariants...
44 initial candidates
Finding invariants: [0.180s CPU, 0.185s wall-clock]
Checking invariant weight... [0.000s CPU, 0.000s wall-clock]
Instantiating groups... [0.010s CPU, 0.002s wall-clock]
Collecting mutex groups... [0.000s CPU, 0.000s wall-clock]
Choosing groups...
104 uncovered facts
Choosing groups: [0.000s CPU, 0.000s wall-clock]
Building translation key... [0.000s CPU, 0.001s wall-clock]
Computing fact groups: [0.190s CPU, 0.191s wall-clock]
Building STRIPS to SAS dictionary... [0.000s CPU, 0.000s wall-clock]
Building dictionary for full mutex groups... [0.000s CPU, 0.000s wall-clock]
Building mutex information...
Building mutex information: [0.000s CPU, 0.000s wall-clock]
Translating task...
Processing axioms...
Simplifying axioms... [0.000s CPU, 0.000s wall-clock]
Processing axioms: [0.290s CPU, 0.288s wall-clock]
Translating task: [6.840s CPU, 6.862s wall-clock]
42097 effect conditions simplified
0 implied preconditions added
Detecting unreachable propositions...
0 operators removed
0 axioms removed
35 propositions removed
Detecting unreachable propositions: [3.650s CPU, 3.672s wall-clock]
Translator variables: 100
Translator derived variables: 0
Translator facts: 229
Translator goal facts: 1
Translator mutex groups: 7
Translator total mutex groups size: 43
Translator operators: 39319
Translator axioms: 0
Translator task size: 434310
Translator peak memory: 449728 KB
Writing output... [0.880s CPU, 0.982s wall-clock]
Done! [21.580s CPU, 21.836s wall-clock]
INFO     Running preprocessor (release32).
INFO     preprocessor input: output.sas
INFO     preprocessor arguments: []
INFO     preprocessor time limit: None
INFO     preprocessor memory limit: None
INFO     callstring: /mnt/data_server/torralba/subdominization/training/data/training_agricola/code-70296b3db083/builds/release32/bin/preprocess < output.sas
Building causal graph...
The causal graph is not acyclic.
94 variables of 100 necessary
0 of 7 mutex groups necessary.
39319 of 39319 operators necessary.
0 of 0 axiom rules necessary.
Initializing mutex computation...
Mutex computation initialized with 217 fluents.
iteration for mutex detection and operator pruning
Initialize m_index fw
Initialized mvalues forward: reached=8836, notReached=37717, spurious=536
Initialize m_ops fw
Computing mutexes...
Mutex computation finished with reached=41407, notReached=5146, spurious=536
28201 operators are spurious because were not triggered
Unreachable proposition: Atom harvest_phase(stage4, harvest_feeding)
Unreachable proposition: Atom harvest_phase(stage4, harvest_breeding)
H^2 mutexes added fw: 4286, unreachable: 2
0 of 11118 operators detected as spurious
iteration for mutex detection and operator pruning
Initialize m_index bw
Init values regression
Initialized mvalues backward: reached=28005, notReached=13402, spurious=5682
Initialize m_ops bw
Computing mutexes...
Mutex computation finished with reached=41387, notReached=20, spurious=5682
0 operators are spurious because were not triggered
H^2 mutexes added bw: 20, unreachable: 0
0 of 11118 operators detected as spurious
iteration for mutex detection and operator pruning
Initialize m_index fw
Initialized mvalues forward: reached=8836, notReached=32551, spurious=5702
Initialize m_ops fw
Computing mutexes...
Mutex computation finished with reached=41387, notReached=0, spurious=5702
0 operators are spurious because were not triggered
H^2 mutexes added fw: 0, unreachable: 0
0 of 11118 operators detected as spurious
Total mutex and disambiguation time: 5.56633 iterations: 3
2153 of 2153 mutex groups necessary.
11118 of 39319 operators necessary.
0 of 0 axiom rules necessary.
Change id of operators: 11118
Change id of mutexes
Change id of goals
Change id of initial state
Remove unreachable facts from variables: 94
2153 of 2153 mutex groups necessary.
11118 of 11118 operators necessary.
0 of 0 axiom rules necessary.
Updating causal graph and pruning unnecessary facts
92 variables of 94 of 100 necessary
The causal graph is not acyclic.
91 variables of 92 necessary
2102 of 2153 mutex groups necessary.
11118 of 11118 operators necessary.
0 of 0 axiom rules necessary.
Building domain transition graphs...
solveable in poly time 0
Building successor generator...
Preprocessor variables: 91
Preprocessor facts: 211
Preprocessor derived variables: 0
Preprocessor operators: 11118
Preprocessor mutex groups: 2102
Preprocessor task size: 118622
Writing output...
Preprocessor time: 6.98028s
Preprocessor peak memory: 93352 KB
done
INFO     Running search (release32).
INFO     search input: output
INFO     search arguments: ['--search', 'sbw(store_operators_in_optimal_plan=true, cost_type=1)']
INFO     search time limit: 3600s
INFO     search memory limit: 4096 MB
INFO     search executable: /mnt/data_server/torralba/subdominization/training/data/training_agricola/code-70296b3db083/builds/release32/bin/downward
INFO     callstring: /mnt/data_server/torralba/subdominization/training/data/training_agricola/code-70296b3db083/builds/release32/bin/downward --search 'sbw(store_operators_in_optimal_plan=true, cost_type=1)' --internal-plan-file sas_plan < output
time limit 3600.00 -> (3600, 3601)
reading input... [t=0.000124739s]
done reading input! [t=0.172012s]
packing state variables...done! [t=0.172051s]
Variables: 91
FactPairs: 211
Bytes per state: 16
Building successor generator...done! [t=0.228638s]
done initalizing global data [t=0.228664s]
TR(time=60000, nodes=100000)
Mutex(time=60000, nodes=100000, type=edeletion)
Aux(time=2000, nodes=1000000)
Disj(nodes=2147483647)
Estimation: min_time(1000) time_penalty +(1000)*(2) nodes_penalty +(1000)*(2)
MaxStep(time=30000, nodes=100000000, nodes_per_planning_second=100)
Ratio useful: 0
   Min alloted time: 60000 nodes: 10000000
   Max alloted time: 60000 nodes: 15000000
   Mult alloted time: 2 nodes: 2
   Ratio after relax: 0.8
building causal graph...done! [t=0.0167289s]
Sym variable order: 90 6 7 43 46 47 42 44 45 70 72 71 20 8 2 1 11 10 85 4 0 86 64 76 78 77 89 52 54 53 65 74 75 56 61 62 26 25 28 35 39 29 57 58 41 33 34 31 17 81 88 24 80 69 67 68 9 14 87 63 73 66 79 55 84 48 50 59 51 49 60 82 83 36 37 27 40 30 38 32 23 18 15 12 21 16 22 19 13 5 3 
Initializing Symbolic Variables
Num variables: 91 => 102
Initialize Symbolic Manager(204, 78431, 16000000, 0)
Generating binary variables
Symbolic Variables... Done.
BOUND: 1 < 2147483647, total time: 2.82622s
BOUND: 2 < 2147483647, total time: 2.85324s
BOUND: 3 < 2147483647, total time: 2.85693s
BOUND: 4 < 2147483647, total time: 2.8602s
BOUND: 5 < 2147483647, total time: 2.86494s
BOUND: 6 < 2147483647, total time: 2.87409s
BOUND: 7 < 2147483647, total time: 2.89394s
BOUND: 8 < 2147483647, total time: 3.0392s
BOUND: 9 < 2147483647, total time: 3.60194s
BOUND: 10 < 2147483647, total time: 4.84008s
BOUND: 11 < 2147483647, total time: 6.48094s
BOUND: 12 < 2147483647, total time: 7.71339s
BOUND: 13 < 2147483647, total time: 8.24584s
BOUND: 14 < 2147483647, total time: 8.55176s
BOUND: 15 < 2147483647, total time: 8.91273s
BOUND: 16 < 2147483647, total time: 9.59763s
BOUND: 17 < 2147483647, total time: 11.4315s
BOUND: 18 < 2147483647, total time: 12.837s
BOUND: 19 < 2147483647, total time: 14.0071s
BOUND: 20 < 2147483647, total time: 14.6641s
BOUND: 21 < 2147483647, total time: 14.9706s
BOUND: 22 < 2147483647, total time: 15.1164s
BOUND: 23 < 2147483647, total time: 15.2568s
BOUND: 24 < 2147483647, total time: 15.5372s
BOUND: 25 < 2147483647, total time: 15.8915s
BOUND: 26 < 2147483647, total time: 16.4054s
BOUND: 27 < 2147483647, total time: 17.093s
BOUND: 28 < 2147483647, total time: 18.0522s
BOUND: 29 < 2147483647, total time: 19.2388s
BOUND: 30 < 2147483647, total time: 20.403s
BOUND: 31 < 2147483647, total time: 21.4745s
BOUND: 32 < 2147483647, total time: 22.2112s
BOUND: 33 < 2147483647, total time: 22.6207s
BOUND: 34 < 2147483647, total time: 22.9188s
BOUND: 35 < 2147483647, total time: 23.1158s
BOUND: 36 < 2147483647, total time: 23.2557s
BOUND: 37 < 2147483647, total time: 23.4378s
BOUND: 38 < 2147483647, total time: 23.5663s
BOUND: 39 < 2147483647, total time: 23.6997s
BOUND: 40 < 2147483647, total time: 24.7707s
BOUND: 41 < 2147483647, total time: 24.8034s
BOUND: 42 < 2147483647, total time: 24.8095s
BOUND: 43 < 2147483647, total time: 24.8157s
BOUND: 44 < 2147483647, total time: 24.8338s
BOUND: 45 < 2147483647, total time: 24.8478s
BOUND: 46 < 2147483647, total time: 24.8533s
BOUND: 47 < 2147483647, total time: 24.8556s
BOUND: 48 < 2147483647, total time: 24.8577s
BOUND: 49 < 2147483647, total time: 24.861s
BOUND: 50 < 2147483647, total time: 24.8635s
BOUND: 51 < 2147483647, total time: 24.8651s
BOUND: 52 < 2147483647, total time: 24.8665s
BOUND: 53 < 2147483647, total time: 24.8688s
Solution found with cost 53 total time: 24.8722s
Merging: 1
53 25.6765 1 103
Merging: 8
52 25.7091 1 324
Merging: 8
51 25.7541 1 749
Merging: 1
50 25.8024 1 749
Merging: 6
49 25.85 1 156
Merging: 1
48 25.8916 1 156
Merging: 14
47 25.935 1 1515
Merging: 14
46 25.999 1 3207
Merging: 1
45 26.0631 1 3207
Merging: 6
44 26.127 1 287
Merging: 1
43 26.1751 1 287
Merging: 18
42 26.2315 1 3901
Merging: 21
41 26.3632 1 5682
Merging: 1
40 26.4947 1 5682
Merging: 6
39 26.6241 1 420
Merging: 1
38 26.6965 1 420
Merging: 21
37 26.7768 1 10090
Merging: 21
36 27.0791 1 13278
Merging: 1
35 27.3242 1 13278
Merging: 6
34 27.566 1 490
Merging: 1
33 27.6406 1 490
Merging: 5
32 27.6788 1 457
Merging: 1
31 27.7273 1 457
Merging: 1
30 27.7682 1 457
Merging: 21
29 27.8588 1 12891
Merging: 21
28 28.3051 1 17338
Merging: 1
27 28.6598 1 17338
Merging: 6
26 28.9892 1 513
Merging: 1
25 29.0757 1 513
Merging: 24
24 29.1828 1 13669
Merging: 24
23 29.7533 1 22204
Merging: 1
22 30.2711 1 22204
Merging: 6
21 30.7618 1 615
Merging: 1
20 30.8643 1 615
Merging: 25
19 30.9936 1 24020
Merging: 42
18 31.8732 1 26564
Merging: 1
17 32.5526 1 26564
Merging: 6
16 33.2116 1 635
Merging: 1
15 33.3501 1 635
Merging: 5
14 33.3965 1 621
Merging: 1
13 33.4774 1 621
Merging: 1
12 33.5271 1 621
Merging: 55
11 33.6996 1 27951
Merging: 76
10 35.4125 1 90466
Merging: 1
9 38.0596 1 90466
Merging: 6
8 40.3095 1 1152
Merging: 1
7 40.5812 1 1152
Merging: 107
6 40.9222 1 49728
Merging: 107
5 43.7206 1 90275
Merging: 2
4 45.7581 1 88556
Merging: 6
3 47.7215 1 1027
Merging: 1
2 47.9419 1 1027
Merging: 18
1 48.0009 1 1023
BOUND: 53 < 53, total time: 48.149s
Actual search time: 45.3244s [t=48.1506s]
collect_resource worker2 worker1 worker2 round1 act_clay clay (60)
collect_resource worker1 noworker worker2 round1 act_reed reed (60)
ag__finish_round_backhome round1 worker2 (1)
ag__finish_round_renew round1 noworker (1)
ag__advance_round_normal round1 round2 act_sow (1)
collect_resource worker2 worker1 worker2 round2 act_clay clay (60)
collect_resource worker1 noworker worker2 round2 act_reed reed (60)
ag__finish_round_backhome round2 worker2 (1)
ag__finish_round_renew round2 noworker (1)
ag__advance_round_normal round2 round3 act_fences (1)
build_fences boar worker2 worker1 worker2 round3 (60)
take_food worker1 noworker worker2 round3 num2 num3 (60)
ag__finish_round_backhome round3 worker2 (1)
ag__finish_round_renew round3 noworker (1)
ag__advance_round_normal round3 round4 act_family (1)
build_fences boar worker2 worker1 worker2 round4 (60)
take_food worker1 noworker worker2 round4 num3 num4 (60)
ag__finish_round_backhome round4 worker2 (1)
ag__finish_round_renew round4 noworker (1)
ag__harvest_collect_end round4 stage1 (1)
ag__harvest_feed round4 stage1 worker2 num4 num4 num0 (1)
ag__harvest_breed_end round4 stage1 (1)
ag__finish_stage stage1 stage2 round4 round5 act_carrot (1)
build_fences boar worker2 worker1 worker2 round5 (60)
take_food worker1 noworker worker2 round5 num0 num1 (60)
ag__finish_round_backhome round5 worker2 (1)
ag__finish_round_renew round5 noworker (1)
ag__advance_round_normal round5 round6 act_boar (1)
collect_resource worker2 worker1 worker2 round6 act_stone stone (60)
take_food worker1 noworker worker2 round6 num1 num2 (60)
ag__finish_round_backhome round6 worker2 (1)
ag__finish_round_renew round6 noworker (1)
ag__advance_round_normal round6 round7 act_improve (1)
improve_home worker2 worker1 worker2 round7 fireplace (60)
collect_cook_animal boar act_boar worker1 noworker worker2 round7 num2 num4 (60)
ag__finish_round_backhome round7 worker2 (1)
ag__finish_round_renew round7 noworker (1)
ag__harvest_collect_end round7 stage2 (1)
ag__harvest_feed round7 stage2 worker2 num4 num4 num0 (1)
ag__harvest_breed_end round7 stage2 (1)
ag__finish_stage stage2 stage3 round7 round8 act_cattle (1)
build_fences boar worker2 worker1 worker2 round8 (60)
collect_animal boar act_sheep worker1 noworker worker2 round8 (60)
ag__finish_round_backhome round8 worker2 (1)
ag__finish_round_renew round8 noworker (1)
ag__advance_round_normal round8 round9 void (1)
collect_cook_animal boar act_cattle worker2 worker1 worker2 round9 num0 num2 (60)
collect_cook_animal boar act_sheep worker1 noworker worker2 round9 num2 num4 (60)
ag__finish_round_backhome round9 worker2 (1)
ag__finish_round_renew round9 noworker (1)
ag__harvest_collect_end round9 stage3 (1)
ag__harvest_feed round9 stage3 worker2 num4 num4 num0 (1)
ag__harvest_breed_end round9 stage3 (1)
Plan length: 53 step(s).
Plan cost: 1115
Bytes per state: 16
Search time: 46.5212s
Total time: 48.1506s
Solution found.
Peak memory: 450912 KB
Running single search parser
