INFO     Running translator.
INFO     translator input: ['domain.pddl', 'problem.pddl']
INFO     translator arguments: ['--grounding-action-queue-ordering', 'fifo']
INFO     translator time limit: 1799.91s
INFO     translator memory limit: 4096 MB
INFO     callstring: /usr/bin/python3 /mnt/data_server/gnad/lab-data/subdominization/old_servers/f24b670/fifo-relaxed-solvable-plus-x/code-f24b670501a4/builds/release32/bin/translate/translate.py domain.pddl problem.pddl --grounding-action-queue-ordering fifo
time limit 1799.91 -> (1800, 1801)
Parsing...
Parsing: [0.020s CPU, 0.029s wall-clock]
Normalizing task... [0.000s CPU, 0.001s wall-clock]
Instantiating...
Generating Datalog program... [0.020s CPU, 0.014s wall-clock]
Normalizing Datalog program...
Normalizing Datalog program: [0.020s CPU, 0.030s wall-clock]
Preparing model... [0.040s CPU, 0.033s wall-clock]
Generated 285 rules.
Using FIFO priority queue for actions.
using default termination condition, i.e. grounding all actions.
Computing model... [123.050s CPU, 124.346s wall-clock]
no statistics available
1519145 relevant atoms
54697 auxiliary atoms
1516681 actions instantiated
1573842 final queue length
14469899 total queue pushes
Completing instantiation... [328.910s CPU, 331.820s wall-clock]
Instantiating: [453.100s CPU, 457.293s wall-clock]
Computing fact groups...
Finding invariants...
37 initial candidates
Finding invariants: [10.550s CPU, 10.677s wall-clock]
Checking invariant weight... [0.000s CPU, 0.001s wall-clock]
Instantiating groups... [0.000s CPU, 0.000s wall-clock]
Collecting mutex groups... [0.000s CPU, 0.001s wall-clock]
Choosing groups...
1033 uncovered facts
Choosing groups: [0.000s CPU, 0.001s wall-clock]
Building translation key... [0.010s CPU, 0.012s wall-clock]
Computing fact groups: [10.580s CPU, 10.715s wall-clock]
Building STRIPS to SAS dictionary... [0.010s CPU, 0.003s wall-clock]
Building dictionary for full mutex groups... [0.000s CPU, 0.003s wall-clock]
Building mutex information...
Building mutex information: [0.000s CPU, 0.003s wall-clock]
Translating task...
Processing axioms...
Simplifying axioms... [0.000s CPU, 0.000s wall-clock]
Processing axioms: [3.200s CPU, 3.235s wall-clock]
Translating task: [75.560s CPU, 76.384s wall-clock]
0 effect conditions simplified
0 implied preconditions added
Detecting unreachable propositions...
0 operators removed
0 axioms removed
396 propositions removed
Detecting unreachable propositions: [32.010s CPU, 32.351s wall-clock]
Reordering and filtering variables...
580 of 835 variables necessary.
0 of 0 mutex groups necessary.
191152 of 191962 operators necessary.
0 of 0 axiom rules necessary.
Reordering and filtering variables: [24.410s CPU, 24.691s wall-clock]
Translator variables: 580
Translator derived variables: 0
Translator facts: 1160
Translator goal facts: 8
Translator mutex groups: 0
Translator total mutex groups size: 0
Translator operators: 191152
Translator axioms: 0
Translator task size: 4937369
Translator peak memory: 3756424 KB
Writing output... [18.730s CPU, 19.603s wall-clock]
Done! [616.980s CPU, 623.668s wall-clock]
INFO     Running search (release32).
INFO     search input: output.sas
INFO     search arguments: ['--heuristic', 'hlm,hff=lm_ff_syn(lm_rhw(reasonable_orders=true,lm_cost_type=one),transform=adapt_costs(one))', '--search', 'lazy_greedy([hff,hlm],preferred=[hff,hlm],cost_type=one,reopen_closed=false)']
INFO     search time limit: 1180.0900000000001s
INFO     search memory limit: 4096 MB
INFO     search executable: /mnt/data_server/gnad/lab-data/subdominization/old_servers/f24b670/fifo-relaxed-solvable-plus-x/code-f24b670501a4/builds/release32/bin/downward
INFO     callstring: /mnt/data_server/gnad/lab-data/subdominization/old_servers/f24b670/fifo-relaxed-solvable-plus-x/code-f24b670501a4/builds/release32/bin/downward --heuristic 'hlm,hff=lm_ff_syn(lm_rhw(reasonable_orders=true,lm_cost_type=one),transform=adapt_costs(one))' --search 'lazy_greedy([hff,hlm],preferred=[hff,hlm],cost_type=one,reopen_closed=false)' --internal-plan-file sas_plan < output.sas
time limit 1180.09 -> (1181, 1182)
reading input... [t=0.000218897s]
done reading input! [t=6.45606s]
packing state variables...done! [t=6.45614s]
Variables: 580
FactPairs: 1160
Bytes per state: 76
Building successor generator...done! [t=6.96365s]
peak memory difference for root successor generator creation: 58164 KB
time for root successor generation creation: 0.507399s
done initializing global data [t=6.96379s]
Initializing Exploration...
Initializing landmarks count heuristic...
Generating landmarks using the RPG/SAS+ approach
approx. reasonable orders
approx. obedient reasonable orders
Removed 0 reasonable or obedient reasonable orders
Landmarks generation time: 32.1603s
Discovered 80 landmarks, of which 0 are disjunctive and 0 are conjunctive 
339 edges
Initializing LAMA-FF synergy object
Conducting lazy best first search, (real) bound = 2147483647
44 initial landmarks, 8 goal landmarks
Switch from bucket-based to heap-based queue at key = 2118, num_pushes = 964
New best heuristic value for <missing>: 36
New best heuristic value for <missing>: 46
[g=0, 1 evaluated, 0 expanded, t=41.0381s, 522732 KB]
Initial heuristic value for <missing>: 36
Initial heuristic value for <missing>: 46
New best heuristic value for <missing>: 34
[g=1, 2 evaluated, 1 expanded, t=41.2859s, 522732 KB]
New best heuristic value for <missing>: 45
[g=2, 3 evaluated, 2 expanded, t=41.5365s, 522732 KB]
New best heuristic value for <missing>: 44
[g=3, 4 evaluated, 3 expanded, t=41.7859s, 522732 KB]
New best heuristic value for <missing>: 26
New best heuristic value for <missing>: 43
[g=4, 6 evaluated, 5 expanded, t=42.2895s, 522732 KB]
New best heuristic value for <missing>: 23
[g=5, 7 evaluated, 6 expanded, t=42.5424s, 522732 KB]
New best heuristic value for <missing>: 42
[g=6, 8 evaluated, 7 expanded, t=42.7903s, 522732 KB]
New best heuristic value for <missing>: 22
New best heuristic value for <missing>: 40
[g=7, 9 evaluated, 8 expanded, t=43.0398s, 522732 KB]
New best heuristic value for <missing>: 21
[g=8, 15 evaluated, 14 expanded, t=44.5275s, 522732 KB]
New best heuristic value for <missing>: 37
[g=9, 16 evaluated, 15 expanded, t=44.7779s, 522732 KB]
New best heuristic value for <missing>: 20
New best heuristic value for <missing>: 36
[g=10, 17 evaluated, 16 expanded, t=45.0152s, 522732 KB]
New best heuristic value for <missing>: 19
New best heuristic value for <missing>: 35
[g=11, 22 evaluated, 21 expanded, t=46.2349s, 522732 KB]
New best heuristic value for <missing>: 16
[g=12, 27 evaluated, 26 expanded, t=47.4557s, 522732 KB]
New best heuristic value for <missing>: 15
[g=13, 36 evaluated, 35 expanded, t=49.6548s, 522732 KB]
New best heuristic value for <missing>: 34
[g=12, 42 evaluated, 41 expanded, t=51.1153s, 522732 KB]
New best heuristic value for <missing>: 14
[g=14, 54 evaluated, 53 expanded, t=54.0451s, 522732 KB]
New best heuristic value for <missing>: 33
[g=15, 63 evaluated, 62 expanded, t=56.2349s, 522732 KB]
New best heuristic value for <missing>: 13
[g=15, 71 evaluated, 70 expanded, t=58.1968s, 522732 KB]
New best heuristic value for <missing>: 32
[g=16, 81 evaluated, 80 expanded, t=60.622s, 522732 KB]
New best heuristic value for <missing>: 31
[g=17, 99 evaluated, 98 expanded, t=64.937s, 522732 KB]
New best heuristic value for <missing>: 30
[g=18, 102 evaluated, 101 expanded, t=65.6539s, 522732 KB]
New best heuristic value for <missing>: 12
New best heuristic value for <missing>: 29
[g=19, 104 evaluated, 103 expanded, t=66.1351s, 522732 KB]
New best heuristic value for <missing>: 28
[g=20, 106 evaluated, 105 expanded, t=66.5997s, 522732 KB]
New best heuristic value for <missing>: 26
[g=22, 127 evaluated, 126 expanded, t=71.4586s, 522732 KB]
New best heuristic value for <missing>: 24
[g=21, 139 evaluated, 138 expanded, t=74.2271s, 522732 KB]
New best heuristic value for <missing>: 11
New best heuristic value for <missing>: 22
[g=24, 148 evaluated, 147 expanded, t=76.3074s, 522732 KB]
New best heuristic value for <missing>: 8
New best heuristic value for <missing>: 20
[g=25, 150 evaluated, 149 expanded, t=76.7646s, 522732 KB]
New best heuristic value for <missing>: 19
[g=27, 160 evaluated, 159 expanded, t=79.0434s, 522732 KB]
New best heuristic value for <missing>: 18
[g=29, 178 evaluated, 177 expanded, t=83.1248s, 522732 KB]
New best heuristic value for <missing>: 7
[g=30, 180 evaluated, 179 expanded, t=83.5712s, 522732 KB]
New best heuristic value for <missing>: 16
[g=31, 184 evaluated, 183 expanded, t=84.4433s, 522732 KB]
New best heuristic value for <missing>: 6
New best heuristic value for <missing>: 13
[g=32, 185 evaluated, 184 expanded, t=84.6578s, 522732 KB]
New best heuristic value for <missing>: 12
[g=33, 186 evaluated, 185 expanded, t=84.8706s, 522732 KB]
New best heuristic value for <missing>: 3
[g=33, 190 evaluated, 188 expanded, t=85.7104s, 522732 KB]
New best heuristic value for <missing>: 11
[g=34, 191 evaluated, 189 expanded, t=85.9164s, 522732 KB]
New best heuristic value for <missing>: 10
[g=34, 195 evaluated, 192 expanded, t=86.7422s, 522732 KB]
New best heuristic value for <missing>: 9
[g=35, 198 evaluated, 195 expanded, t=87.362s, 522732 KB]
New best heuristic value for <missing>: 2
New best heuristic value for <missing>: 8
[g=36, 200 evaluated, 197 expanded, t=87.7803s, 522732 KB]
New best heuristic value for <missing>: 5
[g=37, 204 evaluated, 200 expanded, t=88.5788s, 522732 KB]
New best heuristic value for <missing>: 4
[g=37, 251 evaluated, 220 expanded, t=98.068s, 522732 KB]
Peak memory: 522732 KB
caught signal 24 -- exiting
Running single search parser
2018-07-26 05:02:39,904 ERROR    Pattern search time limit: (\d+)s not found in /mnt/data_server/gnad/lab-data/subdominization/old_servers/f24b670/fifo-relaxed-solvable-plus-x/runs-00001-00100/00084/run.log
