INFO     Running translator.
INFO     translator input: ['domain.pddl', 'problem.pddl']
INFO     translator arguments: []
INFO     translator time limit: None
INFO     translator memory limit: None
INFO     callstring: /usr/bin/python /mnt/data_server/torralba/subdominization/training/data/training_tpp/code-70296b3db083/builds/release32/bin/translate/translate.py domain.pddl problem.pddl
Parsing...
Parsing: [0.010s CPU, 0.010s wall-clock]
Normalizing task... [0.000s CPU, 0.000s wall-clock]
Instantiating...
Generating Datalog program... [0.000s CPU, 0.001s wall-clock]
Normalizing Datalog program...
Normalizing Datalog program: [0.000s CPU, 0.007s wall-clock]
Preparing model... [0.010s CPU, 0.004s wall-clock]
Generated 45 rules.
Computing model... [0.040s CPU, 0.031s wall-clock]
447 relevant atoms
964 auxiliary atoms
1411 final queue length
1659 total queue pushes
Completing instantiation... [0.010s CPU, 0.018s wall-clock]
Instantiating: [0.060s CPU, 0.065s wall-clock]
Computing fact groups...
Finding invariants...
18 initial candidates
Finding invariants: [0.010s CPU, 0.010s wall-clock]
Checking invariant weight... [0.010s CPU, 0.001s wall-clock]
Instantiating groups... [0.000s CPU, 0.006s wall-clock]
Collecting mutex groups... [0.000s CPU, 0.000s wall-clock]
Choosing groups...
48 uncovered facts
Choosing groups: [0.010s CPU, 0.001s wall-clock]
Building translation key... [0.000s CPU, 0.001s wall-clock]
Computing fact groups: [0.030s CPU, 0.023s wall-clock]
Building STRIPS to SAS dictionary... [0.000s CPU, 0.000s wall-clock]
Building dictionary for full mutex groups... [0.000s CPU, 0.000s wall-clock]
Building mutex information...
Building mutex information: [0.000s CPU, 0.000s wall-clock]
Translating task...
Processing axioms...
Simplifying axioms... [0.000s CPU, 0.000s wall-clock]
Processing axioms: [0.000s CPU, 0.001s wall-clock]
Translating task: [0.010s CPU, 0.015s wall-clock]
0 effect conditions simplified
0 implied preconditions added
Detecting unreachable propositions...
0 operators removed
0 axioms removed
145 propositions removed
Detecting unreachable propositions: [0.010s CPU, 0.009s wall-clock]
Translator variables: 49
Translator derived variables: 0
Translator facts: 135
Translator goal facts: 8
Translator mutex groups: 49
Translator total mutex groups size: 135
Translator operators: 174
Translator axioms: 0
Translator task size: 1329
Translator peak memory: 44984 KB
Writing output... [0.010s CPU, 0.007s wall-clock]
Done! [0.130s CPU, 0.131s wall-clock]
INFO     Running preprocessor (release32).
INFO     preprocessor input: output.sas
INFO     preprocessor arguments: []
INFO     preprocessor time limit: None
INFO     preprocessor memory limit: None
INFO     callstring: /mnt/data_server/torralba/subdominization/training/data/training_tpp/code-70296b3db083/builds/release32/bin/preprocess < output.sas
Building causal graph...
The causal graph is not acyclic.
49 variables of 49 necessary
0 of 49 mutex groups necessary.
174 of 174 operators necessary.
0 of 0 axiom rules necessary.
Initializing mutex computation...
Mutex computation initialized with 135 fluents.
iteration for mutex detection and operator pruning
Initialize m_index fw
Initialized mvalues forward: reached=2401, notReached=15558, spurious=266
Initialize m_ops fw
Computing mutexes...
Mutex computation finished with reached=13927, notReached=4032, spurious=266
48 operators are spurious because were not triggered
Unreachable proposition: Atom ready-to-load(goods8, market3, level2)
Unreachable proposition: Atom ready-to-load(goods8, market4, level2)
Unreachable proposition: Atom ready-to-load(goods7, market2, level2)
Unreachable proposition: Atom ready-to-load(goods7, market4, level2)
Unreachable proposition: Atom ready-to-load(goods6, market1, level2)
Unreachable proposition: Atom ready-to-load(goods6, market3, level2)
Unreachable proposition: Atom ready-to-load(goods5, market1, level2)
Unreachable proposition: Atom ready-to-load(goods5, market5, level2)
Unreachable proposition: Atom ready-to-load(goods4, market2, level2)
Unreachable proposition: Atom ready-to-load(goods4, market4, level2)
Unreachable proposition: Atom ready-to-load(goods3, market2, level2)
Unreachable proposition: Atom ready-to-load(goods3, market3, level2)
Unreachable proposition: Atom ready-to-load(goods2, market1, level2)
Unreachable proposition: Atom ready-to-load(goods2, market2, level2)
Unreachable proposition: Atom ready-to-load(goods1, market1, level2)
Unreachable proposition: Atom ready-to-load(goods1, market2, level2)
H^2 mutexes added fw: 32, unreachable: 16
0 of 126 operators detected as spurious
iteration for mutex detection and operator pruning
Initialize m_index bw
Init values regression
Initialized mvalues backward: reached=10423, notReached=3504, spurious=4298
Initialize m_ops bw
Computing mutexes...
Mutex computation finished with reached=12782, notReached=1145, spurious=4298
20 operators are spurious because were not triggered
Unreachable proposition: Atom stored(goods8, level2)
Unreachable proposition: Atom stored(goods6, level2)
Unreachable proposition: Atom stored(goods5, level2)
Unreachable proposition: Atom stored(goods4, level2)
Unreachable proposition: Atom stored(goods2, level2)
H^2 mutexes added bw: 0, unreachable: 5
0 of 106 operators detected as spurious
iteration for mutex detection and operator pruning
Initialize m_index fw
Initialized mvalues forward: reached=2401, notReached=10381, spurious=5443
Initialize m_ops fw
Computing mutexes...
Mutex computation finished with reached=12782, notReached=0, spurious=5443
0 operators are spurious because were not triggered
H^2 mutexes added fw: 0, unreachable: 0
0 of 106 operators detected as spurious
Total mutex and disambiguation time: 0.010402 iterations: 3
16 of 16 mutex groups necessary.
106 of 174 operators necessary.
0 of 0 axiom rules necessary.
Change id of operators: 106
Change id of mutexes
Change id of goals
Change id of initial state
Remove unreachable facts from variables: 49
16 of 16 mutex groups necessary.
106 of 106 operators necessary.
0 of 0 axiom rules necessary.
Updating causal graph and pruning unnecessary facts
49 variables of 49 of 49 necessary
The causal graph is not acyclic.
49 variables of 49 necessary
16 of 16 mutex groups necessary.
106 of 106 operators necessary.
0 of 0 axiom rules necessary.
Building domain transition graphs...
solveable in poly time 0
Building successor generator...
Preprocessor variables: 49
Preprocessor facts: 114
Preprocessor derived variables: 0
Preprocessor operators: 106
Preprocessor mutex groups: 16
Preprocessor task size: 797
Writing output...
Preprocessor time: 0.0190567s
Preprocessor peak memory: 2228 KB
done
INFO     Running search (release32).
INFO     search input: output
INFO     search arguments: ['--search', 'sbd(store_operators_in_optimal_plan=true, cost_type=1)']
INFO     search time limit: 3600s
INFO     search memory limit: 4096 MB
INFO     search executable: /mnt/data_server/torralba/subdominization/training/data/training_tpp/code-70296b3db083/builds/release32/bin/downward
INFO     callstring: /mnt/data_server/torralba/subdominization/training/data/training_tpp/code-70296b3db083/builds/release32/bin/downward --search 'sbd(store_operators_in_optimal_plan=true, cost_type=1)' --internal-plan-file sas_plan < output
time limit 3600.00 -> (3600, 3601)
reading input... [t=0.000122773s]
done reading input! [t=0.00181519s]
packing state variables...done! [t=0.00183014s]
Variables: 49
FactPairs: 114
Bytes per state: 8
Building successor generator...done! [t=0.0021041s]
done initalizing global data [t=0.00210954s]
TR(time=60000, nodes=100000)
Mutex(time=60000, nodes=100000, type=edeletion)
Aux(time=2000, nodes=1000000)
Disj(nodes=2147483647)
Estimation: min_time(1000) time_penalty +(1000)*(2) nodes_penalty +(1000)*(2)
MaxStep(time=30000, nodes=100000000, nodes_per_planning_second=100)
Ratio useful: 0
   Min alloted time: 60000 nodes: 10000000
   Max alloted time: 60000 nodes: 15000000
   Mult alloted time: 2 nodes: 2
   Ratio after relax: 0.8
building causal graph...done! [t=0.000182155s]
Sym variable order: 20 22 24 23 21 19 38 40 42 41 39 37 31 33 35 36 34 32 13 15 17 18 16 14 0 1 3 6 5 4 2 25 27 30 29 28 26 8 10 12 11 9 7 44 46 47 48 45 43 
Initializing Symbolic Variables
Num variables: 49 => 62
Initialize Symbolic Manager(124, 129032, 16000000, 0)
Generating binary variables
Symbolic Variables... Done.
BOUND: 1 < 2147483647, total time: 0.576997s
BOUND: 2 < 2147483647, total time: 0.577203s
BOUND: 3 < 2147483647, total time: 0.577641s
BOUND: 4 < 2147483647, total time: 0.577803s
BOUND: 5 < 2147483647, total time: 0.578111s
BOUND: 6 < 2147483647, total time: 0.57859s
BOUND: 7 < 2147483647, total time: 0.579337s
BOUND: 8 < 2147483647, total time: 0.579985s
BOUND: 9 < 2147483647, total time: 0.581856s
BOUND: 10 < 2147483647, total time: 0.582859s
BOUND: 11 < 2147483647, total time: 0.584291s
BOUND: 12 < 2147483647, total time: 0.58795s
BOUND: 13 < 2147483647, total time: 0.590166s
BOUND: 14 < 2147483647, total time: 0.59331s
BOUND: 15 < 2147483647, total time: 0.598763s
BOUND: 16 < 2147483647, total time: 0.603313s
BOUND: 17 < 2147483647, total time: 0.611692s
BOUND: 18 < 2147483647, total time: 0.617502s
BOUND: 19 < 2147483647, total time: 0.624541s
BOUND: 20 < 2147483647, total time: 0.637137s
BOUND: 21 < 2147483647, total time: 0.646434s
BOUND: 22 < 2147483647, total time: 0.656294s
BOUND: 23 < 2147483647, total time: 0.67563s
BOUND: 24 < 2147483647, total time: 0.689122s
BOUND: 25 < 2147483647, total time: 0.703546s
BOUND: 26 < 2147483647, total time: 0.732251s
BOUND: 27 < 2147483647, total time: 0.750373s
BOUND: 28 < 2147483647, total time: 0.768297s
BOUND: 29 < 2147483647, total time: 0.787346s
BOUND: 30 < 2147483647, total time: 0.807428s
BOUND: 31 < 2147483647, total time: 0.828591s
BOUND: 32 < 2147483647, total time: 0.886535s
BOUND: 33 < 2147483647, total time: 0.920036s
BOUND: 34 < 2147483647, total time: 0.948563s
BOUND: 35 < 2147483647, total time: 0.97786s
BOUND: 36 < 2147483647, total time: 1.0081s
BOUND: 37 < 2147483647, total time: 1.03926s
BOUND: 38 < 2147483647, total time: 1.07111s
BOUND: 39 < 2147483647, total time: 1.1039s
BOUND: 40 < 2147483647, total time: 1.13741s
Solution found with cost 40 total time: 1.15997s
Merging: 1
29 1.18246 1 87
Merging: 1
28 1.18477 1 87
Merging: 5
27 1.18721 1 126
Merging: 15
26 1.19105 1 268
Merging: 22
25 1.19952 1 404
Merging: 23
24 1.2123 1 503
Merging: 23
23 1.2288 1 576
Merging: 24
22 1.24682 1 676
Merging: 24
21 1.26906 1 745
Merging: 24
20 1.29322 1 792
Merging: 24
19 1.31905 1 821
Merging: 24
18 1.34569 1 791
Merging: 24
17 1.3726 1 771
Merging: 24
16 1.39918 1 717
Merging: 24
15 1.42392 1 647
Merging: 23
14 1.4462 1 594
Merging: 23
13 1.46554 1 527
Merging: 23
12 1.48245 1 428
Merging: 24
11 1.4956 1 333
Merging: 27
10 1.5047 1 266
Merging: 26
9 1.5118 1 216
Merging: 15
8 1.51757 1 237
Merging: 11
7 1.52403 1 256
Merging: 10
6 1.53075 1 257
Merging: 10
5 1.53723 1 255
Merging: 10
4 1.54295 1 215
Merging: 10
3 1.54779 1 170
Merging: 10
2 1.55158 1 114
Merging: 5
1 1.55382 1 63
Merging: 1
11 1.55512 1 87
Merging: 8
10 1.55637 1 182
Merging: 11
9 1.5583 1 270
Merging: 11
8 1.56063 1 335
Merging: 11
7 1.56322 1 394
Merging: 11
6 1.56585 1 427
Merging: 11
5 1.56847 1 427
Merging: 11
4 1.57086 1 394
Merging: 11
3 1.57297 1 334
Merging: 11
2 1.57463 1 270
Merging: 11
1 1.5759 1 183
BOUND: 40 < 40, total time: 1.57653s
Actual search time: 1.0098s [t=1.58687s]
drive truck1 depot2 market2 (1)
buy truck1 goods7 market2 level0 level1 level0 level1 (1)
load goods7 truck1 market2 level0 level1 level0 level1 (1)
buy truck1 goods3 market2 level0 level1 level0 level1 (1)
load goods3 truck1 market2 level0 level1 level0 level1 (1)
buy truck1 goods1 market2 level0 level1 level0 level1 (1)
load goods1 truck1 market2 level0 level1 level0 level1 (1)
drive truck1 market2 market4 (1)
buy truck1 goods8 market4 level0 level1 level0 level1 (1)
load goods8 truck1 market4 level0 level1 level0 level1 (1)
buy truck1 goods7 market4 level0 level1 level0 level1 (1)
load goods7 truck1 market4 level0 level1 level1 level2 (1)
buy truck1 goods4 market4 level0 level1 level0 level1 (1)
load goods4 truck1 market4 level0 level1 level0 level1 (1)
drive truck1 market4 market3 (1)
buy truck1 goods6 market3 level0 level1 level0 level1 (1)
load goods6 truck1 market3 level0 level1 level0 level1 (1)
buy truck1 goods3 market3 level0 level1 level0 level1 (1)
load goods3 truck1 market3 level0 level1 level1 level2 (1)
drive truck1 market3 market4 (1)
drive truck1 market4 market1 (1)
buy truck1 goods5 market1 level0 level1 level0 level1 (1)
load goods5 truck1 market1 level0 level1 level0 level1 (1)
buy truck1 goods2 market1 level0 level1 level0 level1 (1)
load goods2 truck1 market1 level0 level1 level0 level1 (1)
buy truck1 goods1 market1 level0 level1 level0 level1 (1)
load goods1 truck1 market1 level0 level1 level1 level2 (1)
drive truck1 market1 market4 (1)
drive truck1 market4 depot1 (1)
unload goods1 truck1 depot1 level1 level2 level0 level1 (1)
unload goods1 truck1 depot1 level0 level1 level1 level2 (1)
unload goods2 truck1 depot1 level0 level1 level0 level1 (1)
unload goods3 truck1 depot1 level1 level2 level0 level1 (1)
unload goods3 truck1 depot1 level0 level1 level1 level2 (1)
unload goods4 truck1 depot1 level0 level1 level0 level1 (1)
unload goods5 truck1 depot1 level0 level1 level0 level1 (1)
unload goods6 truck1 depot1 level0 level1 level0 level1 (1)
unload goods7 truck1 depot1 level1 level2 level0 level1 (1)
unload goods7 truck1 depot1 level0 level1 level1 level2 (1)
unload goods8 truck1 depot1 level0 level1 level0 level1 (1)
Plan length: 40 step(s).
Plan cost: 40
Bytes per state: 8
Search time: 1.01959s
Total time: 1.58689s
Solution found.
Peak memory: 215800 KB
Running single search parser
