INFO     Running translator.
INFO     translator input: ['domain.pddl', 'problem.pddl']
INFO     translator arguments: []
INFO     translator time limit: None
INFO     translator memory limit: None
INFO     callstring: /usr/bin/python /mnt/data_server/torralba/subdominization/training/data/training_satellite/code-70296b3db083/builds/release32/bin/translate/translate.py domain.pddl problem.pddl
Parsing...
Parsing: [0.010s CPU, 0.017s wall-clock]
Normalizing task... [0.000s CPU, 0.000s wall-clock]
Instantiating...
Generating Datalog program... [0.000s CPU, 0.001s wall-clock]
Normalizing Datalog program...
Normalizing Datalog program: [0.000s CPU, 0.050s wall-clock]
Preparing model... [0.010s CPU, 0.003s wall-clock]
Generated 31 rules.
Computing model... [0.040s CPU, 0.051s wall-clock]
1994 relevant atoms
397 auxiliary atoms
2391 final queue length
3956 total queue pushes
Completing instantiation... [0.100s CPU, 0.091s wall-clock]
Instantiating: [0.150s CPU, 0.265s wall-clock]
Computing fact groups...
Finding invariants...
12 initial candidates
Finding invariants: [0.010s CPU, 0.004s wall-clock]
Checking invariant weight... [0.000s CPU, 0.000s wall-clock]
Instantiating groups... [0.000s CPU, 0.000s wall-clock]
Collecting mutex groups... [0.000s CPU, 0.000s wall-clock]
Choosing groups...
81 uncovered facts
Choosing groups: [0.000s CPU, 0.000s wall-clock]
Building translation key... [0.000s CPU, 0.001s wall-clock]
Computing fact groups: [0.010s CPU, 0.008s wall-clock]
Building STRIPS to SAS dictionary... [0.000s CPU, 0.000s wall-clock]
Building dictionary for full mutex groups... [0.000s CPU, 0.000s wall-clock]
Building mutex information...
Building mutex information: [0.000s CPU, 0.000s wall-clock]
Translating task...
Processing axioms...
Simplifying axioms... [0.000s CPU, 0.000s wall-clock]
Processing axioms: [0.010s CPU, 0.004s wall-clock]
Translating task: [0.090s CPU, 0.090s wall-clock]
18 effect conditions simplified
0 implied preconditions added
Detecting unreachable propositions...
0 operators removed
0 axioms removed
3 propositions removed
Detecting unreachable propositions: [0.050s CPU, 0.052s wall-clock]
Translator variables: 84
Translator derived variables: 0
Translator facts: 228
Translator goal facts: 6
Translator mutex groups: 3
Translator total mutex groups size: 66
Translator operators: 1640
Translator axioms: 0
Translator task size: 5784
Translator peak memory: 50580 KB
Writing output... [0.020s CPU, 0.097s wall-clock]
Done! [0.330s CPU, 0.534s wall-clock]
INFO     Running preprocessor (release32).
INFO     preprocessor input: output.sas
INFO     preprocessor arguments: []
INFO     preprocessor time limit: None
INFO     preprocessor memory limit: None
INFO     callstring: /mnt/data_server/torralba/subdominization/training/data/training_satellite/code-70296b3db083/builds/release32/bin/preprocess < output.sas
Building causal graph...
The causal graph is not acyclic.
24 variables of 84 necessary
0 of 3 mutex groups necessary.
1442 of 1640 operators necessary.
0 of 0 axiom rules necessary.
Initializing mutex computation...
Mutex computation initialized with 108 fluents.
iteration for mutex detection and operator pruning
Initialize m_index fw
Initialized mvalues forward: reached=576, notReached=9660, spurious=1428
Initialize m_ops fw
Computing mutexes...
Mutex computation finished with reached=10214, notReached=22, spurious=1428
0 operators are spurious because were not triggered
H^2 mutexes added fw: 22, unreachable: 0
0 of 1442 operators detected as spurious
iteration for mutex detection and operator pruning
Initialize m_index bw
Init values regression
Initialized mvalues backward: reached=8966, notReached=1248, spurious=1450
Initialize m_ops bw
Computing mutexes...
Mutex computation finished with reached=10214, notReached=0, spurious=1450
0 operators are spurious because were not triggered
H^2 mutexes added bw: 0, unreachable: 0
0 of 1442 operators detected as spurious
Total mutex and disambiguation time: 0.050836 iterations: 2
11 of 11 mutex groups necessary.
1442 of 1442 operators necessary.
0 of 0 axiom rules necessary.
Change id of operators: 1442
Change id of mutexes
Change id of goals
Change id of initial state
Remove unreachable facts from variables: 24
11 of 11 mutex groups necessary.
1442 of 1442 operators necessary.
0 of 0 axiom rules necessary.
Updating causal graph and pruning unnecessary facts
24 variables of 24 of 84 necessary
The causal graph is not acyclic.
24 variables of 24 necessary
11 of 11 mutex groups necessary.
1442 of 1442 operators necessary.
0 of 0 axiom rules necessary.
Building domain transition graphs...
solveable in poly time 0
Building successor generator...
Preprocessor variables: 24
Preprocessor facts: 108
Preprocessor derived variables: 0
Preprocessor operators: 1442
Preprocessor mutex groups: 11
Preprocessor task size: 4570
Writing output...
Preprocessor time: 0.0899827s
Preprocessor peak memory: 2884 KB
done
INFO     Running search (release32).
INFO     search input: output
INFO     search arguments: ['--search', 'sbd(store_operators_in_optimal_plan=true, cost_type=1)']
INFO     search time limit: 3600s
INFO     search memory limit: 4096 MB
INFO     search executable: /mnt/data_server/torralba/subdominization/training/data/training_satellite/code-70296b3db083/builds/release32/bin/downward
INFO     callstring: /mnt/data_server/torralba/subdominization/training/data/training_satellite/code-70296b3db083/builds/release32/bin/downward --search 'sbd(store_operators_in_optimal_plan=true, cost_type=1)' --internal-plan-file sas_plan < output
time limit 3600.00 -> (3600, 3601)
reading input... [t=0.000108683s]
done reading input! [t=0.0103734s]
packing state variables...done! [t=0.0104138s]
Variables: 24
FactPairs: 108
Bytes per state: 8
Building successor generator...done! [t=0.0112808s]
done initalizing global data [t=0.0112897s]
TR(time=60000, nodes=100000)
Mutex(time=60000, nodes=100000, type=edeletion)
Aux(time=2000, nodes=1000000)
Disj(nodes=2147483647)
Estimation: min_time(1000) time_penalty +(1000)*(2) nodes_penalty +(1000)*(2)
MaxStep(time=30000, nodes=100000000, nodes_per_planning_second=100)
Ratio useful: 0
   Min alloted time: 60000 nodes: 10000000
   Max alloted time: 60000 nodes: 15000000
   Mult alloted time: 2 nodes: 2
   Ratio after relax: 0.8
building causal graph...done! [t=0.000196633s]
Sym variable order: 16 14 19 15 17 2 20 21 22 23 1 18 13 12 3 9 0 11 10 6 7 8 5 4 
Initializing Symbolic Variables
Num variables: 24 => 36
Initialize Symbolic Manager(72, 222222, 16000000, 0)
Generating binary variables
Symbolic Variables... Done.
BOUND: 1 < 2147483647, total time: 0.506359s
BOUND: 2 < 2147483647, total time: 0.506789s
BOUND: 3 < 2147483647, total time: 0.507635s
BOUND: 4 < 2147483647, total time: 0.508205s
BOUND: 5 < 2147483647, total time: 0.508997s
BOUND: 6 < 2147483647, total time: 0.511096s
BOUND: 7 < 2147483647, total time: 0.512154s
BOUND: 8 < 2147483647, total time: 0.513751s
BOUND: 9 < 2147483647, total time: 0.516534s
BOUND: 10 < 2147483647, total time: 0.522104s
BOUND: 11 < 2147483647, total time: 0.527164s
BOUND: 12 < 2147483647, total time: 0.535965s
BOUND: 13 < 2147483647, total time: 0.544754s
BOUND: 14 < 2147483647, total time: 0.560831s
BOUND: 15 < 2147483647, total time: 0.57702s
Solution found with cost 15 total time: 0.594201s
Merging: 1
9 0.630266 1 256
Merging: 6
8 0.710113 1 210
Merging: 30
7 0.777746 1 203
Merging: 6
6 0.841482 1 116
Merging: 30
5 0.878906 1 106
Merging: 6
4 0.912434 1 43
Merging: 24
3 0.928634 1 43
Merging: 4
2 0.945754 1 43
Merging: 5
1 0.96253 1 52
Merging: 1
6 0.981692 1 256
Merging: 30
5 1.01309 1 256
Merging: 6
4 1.043 1 210
Merging: 30
3 1.06778 1 203
Merging: 6
2 1.09191 1 116
Merging: 30
1 1.10756 1 106
BOUND: 15 < 15, total time: 1.1217s
Actual search time: 0.616929s [t=1.12335s]
turn_to satellite0 groundstation14 planet16 (1)
switch_on instrument0 satellite0 (1)
calibrate satellite0 instrument0 groundstation14 (1)
turn_to satellite0 phenomenon21 groundstation14 (1)
take_image satellite0 phenomenon21 instrument0 image0 (1)
turn_to satellite0 phenomenon20 phenomenon21 (1)
take_image satellite0 phenomenon20 instrument0 image2 (1)
turn_to satellite0 phenomenon17 phenomenon20 (1)
take_image satellite0 phenomenon17 instrument0 image2 (1)
turn_to satellite0 planet16 phenomenon17 (1)
take_image satellite0 planet16 instrument0 image2 (1)
turn_to satellite0 planet18 planet16 (1)
take_image satellite0 planet18 instrument0 infrared1 (1)
turn_to satellite0 star19 planet18 (1)
take_image satellite0 star19 instrument0 image2 (1)
Plan length: 15 step(s).
Plan cost: 15
Bytes per state: 8
Search time: 0.647866s
Total time: 1.12336s
Solution found.
Peak memory: 222088 KB
Running single search parser
