INFO     Running translator.
INFO     translator input: ['domain.pddl', 'problem.pddl']
INFO     translator arguments: []
INFO     translator time limit: None
INFO     translator memory limit: None
INFO     callstring: /usr/bin/python /mnt/data_server/torralba/subdominization/training/data/training_agricola/code-70296b3db083/builds/release32/bin/translate/translate.py domain.pddl problem.pddl
Parsing...
Parsing: [0.030s CPU, 0.039s wall-clock]
Normalizing task... [0.000s CPU, 0.001s wall-clock]
Instantiating...
Generating Datalog program... [0.010s CPU, 0.006s wall-clock]
Normalizing Datalog program...
Normalizing Datalog program: [0.020s CPU, 0.019s wall-clock]
Preparing model... [0.010s CPU, 0.016s wall-clock]
Generated 258 rules.
Computing model... [2.370s CPU, 2.392s wall-clock]
60055 relevant atoms
1572 auxiliary atoms
61627 final queue length
223775 total queue pushes
Completing instantiation... [13.770s CPU, 13.863s wall-clock]
Instantiating: [16.200s CPU, 16.480s wall-clock]
Computing fact groups...
Finding invariants...
44 initial candidates
Finding invariants: [0.250s CPU, 0.253s wall-clock]
Checking invariant weight... [0.000s CPU, 0.001s wall-clock]
Instantiating groups... [0.000s CPU, 0.002s wall-clock]
Collecting mutex groups... [0.000s CPU, 0.000s wall-clock]
Choosing groups...
104 uncovered facts
Choosing groups: [0.010s CPU, 0.000s wall-clock]
Building translation key... [0.000s CPU, 0.001s wall-clock]
Computing fact groups: [0.260s CPU, 0.260s wall-clock]
Building STRIPS to SAS dictionary... [0.000s CPU, 0.000s wall-clock]
Building dictionary for full mutex groups... [0.000s CPU, 0.000s wall-clock]
Building mutex information...
Building mutex information: [0.000s CPU, 0.000s wall-clock]
Translating task...
Processing axioms...
Simplifying axioms... [0.000s CPU, 0.000s wall-clock]
Processing axioms: [0.450s CPU, 0.452s wall-clock]
Translating task: [9.940s CPU, 9.986s wall-clock]
63815 effect conditions simplified
0 implied preconditions added
Detecting unreachable propositions...
0 operators removed
0 axioms removed
36 propositions removed
Detecting unreachable propositions: [4.820s CPU, 4.844s wall-clock]
Translator variables: 101
Translator derived variables: 0
Translator facts: 239
Translator goal facts: 1
Translator mutex groups: 8
Translator total mutex groups size: 53
Translator operators: 59407
Translator axioms: 0
Translator task size: 670219
Translator peak memory: 658208 KB
Writing output... [1.380s CPU, 1.563s wall-clock]
Done! [32.940s CPU, 33.485s wall-clock]
INFO     Running preprocessor (release32).
INFO     preprocessor input: output.sas
INFO     preprocessor arguments: []
INFO     preprocessor time limit: None
INFO     preprocessor memory limit: None
INFO     callstring: /mnt/data_server/torralba/subdominization/training/data/training_agricola/code-70296b3db083/builds/release32/bin/preprocess < output.sas
Building causal graph...
The causal graph is not acyclic.
95 variables of 101 necessary
0 of 8 mutex groups necessary.
59407 of 59407 operators necessary.
0 of 0 axiom rules necessary.
Initializing mutex computation...
Mutex computation initialized with 227 fluents.
iteration for mutex detection and operator pruning
Initialize m_index fw
Initialized mvalues forward: reached=9025, notReached=41904, spurious=600
Initialize m_ops fw
Computing mutexes...
Mutex computation finished with reached=45817, notReached=5112, spurious=600
40596 operators are spurious because were not triggered
Unreachable proposition: Atom harvest_phase(stage4, harvest_feeding)
Unreachable proposition: Atom harvest_phase(stage4, harvest_breeding)
H^2 mutexes added fw: 4212, unreachable: 2
0 of 18811 operators detected as spurious
iteration for mutex detection and operator pruning
Initialize m_index bw
Init values regression
Initialized mvalues backward: reached=31395, notReached=14422, spurious=5712
Initialize m_ops bw
Computing mutexes...
Mutex computation finished with reached=45793, notReached=24, spurious=5712
0 operators are spurious because were not triggered
H^2 mutexes added bw: 24, unreachable: 0
0 of 18811 operators detected as spurious
iteration for mutex detection and operator pruning
Initialize m_index fw
Initialized mvalues forward: reached=9025, notReached=36768, spurious=5736
Initialize m_ops fw
Computing mutexes...
Mutex computation finished with reached=45793, notReached=0, spurious=5736
0 operators are spurious because were not triggered
H^2 mutexes added fw: 0, unreachable: 0
0 of 18811 operators detected as spurious
Total mutex and disambiguation time: 9.11474 iterations: 3
2118 of 2118 mutex groups necessary.
18811 of 59407 operators necessary.
0 of 0 axiom rules necessary.
Change id of operators: 18811
Change id of mutexes
Change id of goals
Change id of initial state
Remove unreachable facts from variables: 95
2118 of 2118 mutex groups necessary.
18811 of 18811 operators necessary.
0 of 0 axiom rules necessary.
Updating causal graph and pruning unnecessary facts
93 variables of 95 of 101 necessary
The causal graph is not acyclic.
92 variables of 93 necessary
2067 of 2118 mutex groups necessary.
18811 of 18811 operators necessary.
0 of 0 axiom rules necessary.
Building domain transition graphs...
solveable in poly time 0
Building successor generator...
Preprocessor variables: 92
Preprocessor facts: 221
Preprocessor derived variables: 0
Preprocessor operators: 18811
Preprocessor mutex groups: 2067
Preprocessor task size: 201838
Writing output...
Preprocessor time: 11.5807s
Preprocessor peak memory: 134316 KB
done
INFO     Running search (release32).
INFO     search input: output
INFO     search arguments: ['--search', 'sbw(store_operators_in_optimal_plan=true, cost_type=1)']
INFO     search time limit: 3600s
INFO     search memory limit: 4096 MB
INFO     search executable: /mnt/data_server/torralba/subdominization/training/data/training_agricola/code-70296b3db083/builds/release32/bin/downward
INFO     callstring: /mnt/data_server/torralba/subdominization/training/data/training_agricola/code-70296b3db083/builds/release32/bin/downward --search 'sbw(store_operators_in_optimal_plan=true, cost_type=1)' --internal-plan-file sas_plan < output
time limit 3600.00 -> (3600, 3601)
reading input... [t=0.000141707s]
done reading input! [t=0.285856s]
packing state variables...done! [t=0.285898s]
Variables: 92
FactPairs: 221
Bytes per state: 16
Building successor generator...done! [t=0.383626s]
done initalizing global data [t=0.383657s]
TR(time=60000, nodes=100000)
Mutex(time=60000, nodes=100000, type=edeletion)
Aux(time=2000, nodes=1000000)
Disj(nodes=2147483647)
Estimation: min_time(1000) time_penalty +(1000)*(2) nodes_penalty +(1000)*(2)
MaxStep(time=30000, nodes=100000000, nodes_per_planning_second=100)
Ratio useful: 0
   Min alloted time: 60000 nodes: 10000000
   Max alloted time: 60000 nodes: 15000000
   Mult alloted time: 2 nodes: 2
   Ratio after relax: 0.8
building causal graph...done! [t=0.028818s]
Sym variable order: 91 6 5 46 43 47 42 44 45 65 63 64 8 14 1 0 7 11 10 2 86 87 3 76 74 75 90 72 62 73 60 57 55 56 58 78 79 23 22 61 59 24 34 29 39 41 32 33 27 31 89 82 25 81 9 70 68 71 69 15 88 66 77 67 53 80 54 85 48 50 51 83 49 52 84 36 28 37 40 38 35 30 19 26 12 16 21 17 20 18 13 4 
Initializing Symbolic Variables
Num variables: 92 => 109
Initialize Symbolic Manager(218, 73394, 16000000, 0)
Generating binary variables
Symbolic Variables... Done.
BOUND: 1 < 2147483647, total time: 3.26634s
BOUND: 2 < 2147483647, total time: 3.31711s
BOUND: 3 < 2147483647, total time: 3.32174s
BOUND: 4 < 2147483647, total time: 3.32746s
BOUND: 5 < 2147483647, total time: 3.33563s
BOUND: 6 < 2147483647, total time: 3.35163s
BOUND: 7 < 2147483647, total time: 3.3898s
BOUND: 8 < 2147483647, total time: 3.68794s
BOUND: 9 < 2147483647, total time: 4.97254s
BOUND: 10 < 2147483647, total time: 8.64821s
BOUND: 11 < 2147483647, total time: 17.9977s
BOUND: 12 < 2147483647, total time: 26.6497s
BOUND: 13 < 2147483647, total time: 31.8603s
BOUND: 14 < 2147483647, total time: 33.6451s
BOUND: 15 < 2147483647, total time: 34.6958s
BOUND: 16 < 2147483647, total time: 37.9165s
BOUND: 17 < 2147483647, total time: 40.2008s
BOUND: 18 < 2147483647, total time: 44.1429s
BOUND: 19 < 2147483647, total time: 50.2811s
BOUND: 20 < 2147483647, total time: 58.4853s
BOUND: 21 < 2147483647, total time: 67.937s
BOUND: 22 < 2147483647, total time: 71.0923s
BOUND: 23 < 2147483647, total time: 72.0031s
BOUND: 24 < 2147483647, total time: 72.4695s
BOUND: 25 < 2147483647, total time: 72.967s
BOUND: 26 < 2147483647, total time: 73.722s
BOUND: 27 < 2147483647, total time: 74.7725s
BOUND: 28 < 2147483647, total time: 76.2375s
BOUND: 29 < 2147483647, total time: 78.4625s
BOUND: 30 < 2147483647, total time: 81.9342s
BOUND: 31 < 2147483647, total time: 86.7179s
BOUND: 32 < 2147483647, total time: 94.7893s
BOUND: 33 < 2147483647, total time: 100.294s
BOUND: 34 < 2147483647, total time: 104.129s
BOUND: 35 < 2147483647, total time: 106.659s
BOUND: 36 < 2147483647, total time: 107.889s
BOUND: 37 < 2147483647, total time: 108.973s
BOUND: 38 < 2147483647, total time: 110.405s
BOUND: 39 < 2147483647, total time: 111.987s
BOUND: 40 < 2147483647, total time: 113.418s
BOUND: 41 < 2147483647, total time: 114.758s
BOUND: 42 < 2147483647, total time: 115.94s
BOUND: 43 < 2147483647, total time: 117.093s
BOUND: 44 < 2147483647, total time: 118.284s
BOUND: 45 < 2147483647, total time: 119.496s
BOUND: 46 < 2147483647, total time: 122.778s
BOUND: 47 < 2147483647, total time: 123.301s
BOUND: 48 < 2147483647, total time: 123.547s
BOUND: 49 < 2147483647, total time: 124.031s
BOUND: 50 < 2147483647, total time: 124.921s
BOUND: 51 < 2147483647, total time: 125.713s
BOUND: 52 < 2147483647, total time: 126.007s
BOUND: 53 < 2147483647, total time: 126.09s
Solution found with cost 53 total time: 126.124s
Merging: 1
53 127.49 1 110
Merging: 11
52 127.565 1 417
Merging: 11
51 127.655 1 360
Merging: 1
50 127.739 1 360
Merging: 7
49 127.822 1 136
Merging: 1
48 127.9 1 136
Merging: 11
47 127.98 1 1090
Merging: 11
46 128.094 1 1010
Merging: 1
45 128.194 1 1010
Merging: 7
44 128.295 1 181
Merging: 1
43 128.377 1 181
Merging: 17
42 128.465 1 2223
Merging: 17
41 128.629 1 2095
Merging: 1
40 128.762 1 2095
Merging: 7
39 128.901 1 223
Merging: 1
38 128.991 1 223
Merging: 20
37 129.088 1 3588
Merging: 20
36 129.345 1 3418
Merging: 1
35 129.549 1 3418
Merging: 7
34 129.749 1 304
Merging: 1
33 129.86 1 304
Merging: 1
32 129.924 1 304
Merging: 1
31 130.002 1 304
Merging: 1
30 130.059 1 304
Merging: 22
29 130.182 1 6468
Merging: 24
28 130.658 1 12560
Merging: 1
27 131.318 1 12560
Merging: 7
26 131.935 1 528
Merging: 1
25 132.135 1 528
Merging: 32
24 132.35 1 10377
Merging: 38
23 133.173 1 19265
Merging: 1
22 134.095 1 19265
Merging: 7
21 135.013 1 577
Merging: 1
20 135.239 1 577
Merging: 65
19 135.502 1 10909
Merging: 65
18 136.551 1 25368
Merging: 1
17 137.876 1 25368
Merging: 7
16 139.182 1 535
Merging: 1
15 139.418 1 535
Merging: 11
14 139.496 1 526
Merging: 1
13 139.629 1 526
Merging: 1
12 139.707 1 526
Merging: 84
11 139.993 1 33105
Merging: 104
10 143.259 1 123743
Merging: 1
9 150.062 1 123743
Merging: 7
8 156.259 1 895
Merging: 1
7 156.68 1 895
Merging: 136
6 157.175 1 59900
Merging: 133
5 162.826 1 139069
Merging: 2
4 169.025 1 137948
Merging: 7
3 175.103 1 989
Merging: 1
2 175.522 1 989
Merging: 26
1 175.617 1 906
BOUND: 53 < 53, total time: 175.851s
Actual search time: 172.588s [t=175.854s]
build_fences boar worker2 worker1 worker2 round1 (60)
take_food worker1 noworker worker2 round1 num0 num1 (60)
ag__finish_round_backhome round1 worker2 (1)
ag__finish_round_renew round1 noworker (1)
ag__advance_round_normal round1 round2 act_family (1)
build_fences boar worker2 worker1 worker2 round2 (60)
take_food worker1 noworker worker2 round2 num1 num2 (60)
ag__finish_round_backhome round2 worker2 (1)
ag__finish_round_renew round2 noworker (1)
ag__advance_round_normal round2 round3 act_sow (1)
build_fences boar worker2 worker1 worker2 round3 (60)
take_food worker1 noworker worker2 round3 num2 num3 (60)
ag__finish_round_backhome round3 worker2 (1)
ag__finish_round_renew round3 noworker (1)
ag__advance_round_normal round3 round4 act_sheep (1)
build_fences boar worker2 worker1 worker2 round4 (60)
take_food worker1 noworker worker2 round4 num3 num4 (60)
ag__finish_round_backhome round4 worker2 (1)
ag__finish_round_renew round4 noworker (1)
ag__harvest_collect_end round4 stage1 (1)
ag__harvest_feed round4 stage1 worker2 num4 num4 num0 (1)
ag__harvest_breed_end round4 stage1 (1)
ag__finish_stage stage1 stage2 round4 round5 act_improve (1)
build_fences boar worker2 worker1 worker2 round5 (60)
collect_resource worker1 noworker worker2 round5 act_clay clay (60)
ag__finish_round_backhome round5 worker2 (1)
ag__finish_round_renew round5 noworker (1)
ag__advance_round_normal round5 round6 act_carrot (1)
collect_resource worker2 worker1 worker2 round6 act_stone stone (60)
improve_home worker1 noworker worker2 round6 fireplace (60)
ag__finish_round_backhome round6 worker2 (1)
ag__finish_round_renew round6 noworker (1)
ag__advance_round_normal round6 round7 act_boar (1)
collect_cook_animal boar act_boar worker2 worker1 worker2 round7 num0 num2 (60)
collect_cook_animal boar act_sheep worker1 noworker worker2 round7 num2 num4 (60)
ag__finish_round_backhome round7 worker2 (1)
ag__finish_round_renew round7 noworker (1)
ag__harvest_collect_end round7 stage2 (1)
ag__harvest_feed round7 stage2 worker2 num4 num4 num0 (1)
ag__harvest_breed_end round7 stage2 (1)
ag__finish_stage stage2 stage3 round7 round8 act_cattle (1)
build_fences boar worker2 worker1 worker2 round8 (60)
collect_animal boar act_sheep worker1 noworker worker2 round8 (60)
ag__finish_round_backhome round8 worker2 (1)
ag__finish_round_renew round8 noworker (1)
ag__advance_round_normal round8 round9 void (1)
collect_cook_animal boar act_cattle worker2 worker1 worker2 round9 num0 num2 (60)
collect_cook_animal boar act_sheep worker1 noworker worker2 round9 num2 num4 (60)
ag__finish_round_backhome round9 worker2 (1)
ag__finish_round_renew round9 noworker (1)
ag__harvest_collect_end round9 stage3 (1)
ag__harvest_feed round9 stage3 worker2 num4 num4 num0 (1)
ag__harvest_breed_end round9 stage3 (1)
Plan length: 53 step(s).
Plan cost: 1115
Bytes per state: 16
Search time: 174.092s
Total time: 175.854s
Solution found.
Peak memory: 719320 KB
Running single search parser
