INFO     Running translator.
INFO     translator input: ['domain.pddl', 'problem.pddl']
INFO     translator arguments: []
INFO     translator time limit: None
INFO     translator memory limit: None
INFO     callstring: /usr/bin/python /mnt/data_server/torralba/subdominization/training/data/training_satellite/code-70296b3db083/builds/release32/bin/translate/translate.py domain.pddl problem.pddl
Parsing...
Parsing: [0.010s CPU, 0.022s wall-clock]
Normalizing task... [0.000s CPU, 0.000s wall-clock]
Instantiating...
Generating Datalog program... [0.000s CPU, 0.001s wall-clock]
Normalizing Datalog program...
Normalizing Datalog program: [0.000s CPU, 0.026s wall-clock]
Preparing model... [0.010s CPU, 0.003s wall-clock]
Generated 31 rules.
Computing model... [0.020s CPU, 0.022s wall-clock]
700 relevant atoms
245 auxiliary atoms
945 final queue length
1366 total queue pushes
Completing instantiation... [0.030s CPU, 0.027s wall-clock]
Instantiating: [0.060s CPU, 0.084s wall-clock]
Computing fact groups...
Finding invariants...
12 initial candidates
Finding invariants: [0.010s CPU, 0.004s wall-clock]
Checking invariant weight... [0.000s CPU, 0.000s wall-clock]
Instantiating groups... [0.000s CPU, 0.000s wall-clock]
Collecting mutex groups... [0.000s CPU, 0.000s wall-clock]
Choosing groups...
59 uncovered facts
Choosing groups: [0.000s CPU, 0.000s wall-clock]
Building translation key... [0.000s CPU, 0.001s wall-clock]
Computing fact groups: [0.010s CPU, 0.006s wall-clock]
Building STRIPS to SAS dictionary... [0.000s CPU, 0.000s wall-clock]
Building dictionary for full mutex groups... [0.000s CPU, 0.000s wall-clock]
Building mutex information...
Building mutex information: [0.000s CPU, 0.000s wall-clock]
Translating task...
Processing axioms...
Simplifying axioms... [0.000s CPU, 0.000s wall-clock]
Processing axioms: [0.000s CPU, 0.001s wall-clock]
Translating task: [0.030s CPU, 0.029s wall-clock]
18 effect conditions simplified
0 implied preconditions added
Detecting unreachable propositions...
0 operators removed
0 axioms removed
3 propositions removed
Detecting unreachable propositions: [0.010s CPU, 0.017s wall-clock]
Translator variables: 62
Translator derived variables: 0
Translator facts: 151
Translator goal facts: 3
Translator mutex groups: 3
Translator total mutex groups size: 33
Translator operators: 474
Translator axioms: 0
Translator task size: 1942
Translator peak memory: 45432 KB
Writing output... [0.000s CPU, 0.010s wall-clock]
Done! [0.130s CPU, 0.171s wall-clock]
INFO     Running preprocessor (release32).
INFO     preprocessor input: output.sas
INFO     preprocessor arguments: []
INFO     preprocessor time limit: None
INFO     preprocessor memory limit: None
INFO     callstring: /mnt/data_server/torralba/subdominization/training/data/training_satellite/code-70296b3db083/builds/release32/bin/preprocess < output.sas
Building causal graph...
The causal graph is not acyclic.
13 variables of 62 necessary
0 of 3 mutex groups necessary.
347 of 474 operators necessary.
0 of 0 axiom rules necessary.
Initializing mutex computation...
Mutex computation initialized with 53 fluents.
iteration for mutex detection and operator pruning
Initialize m_index fw
Initialized mvalues forward: reached=169, notReached=2290, spurious=350
Initialize m_ops fw
Computing mutexes...
Mutex computation finished with reached=2447, notReached=12, spurious=350
0 operators are spurious because were not triggered
H^2 mutexes added fw: 12, unreachable: 0
0 of 347 operators detected as spurious
iteration for mutex detection and operator pruning
Initialize m_index bw
Init values regression
Initialized mvalues backward: reached=884, notReached=1563, spurious=362
Initialize m_ops bw
Computing mutexes...
Mutex computation finished with reached=2447, notReached=0, spurious=362
0 operators are spurious because were not triggered
H^2 mutexes added bw: 0, unreachable: 0
0 of 347 operators detected as spurious
Total mutex and disambiguation time: 0.006472 iterations: 2
6 of 6 mutex groups necessary.
347 of 347 operators necessary.
0 of 0 axiom rules necessary.
Change id of operators: 347
Change id of mutexes
Change id of goals
Change id of initial state
Remove unreachable facts from variables: 13
6 of 6 mutex groups necessary.
347 of 347 operators necessary.
0 of 0 axiom rules necessary.
Updating causal graph and pruning unnecessary facts
13 variables of 13 of 62 necessary
The causal graph is not acyclic.
13 variables of 13 necessary
6 of 6 mutex groups necessary.
347 of 347 operators necessary.
0 of 0 axiom rules necessary.
Building domain transition graphs...
solveable in poly time 0
Building successor generator...
Preprocessor variables: 13
Preprocessor facts: 53
Preprocessor derived variables: 0
Preprocessor operators: 347
Preprocessor mutex groups: 6
Preprocessor task size: 1145
Writing output...
Preprocessor time: 0.0178757s
Preprocessor peak memory: 2260 KB
done
INFO     Running search (release32).
INFO     search input: output
INFO     search arguments: ['--search', 'sbd(store_operators_in_optimal_plan=true, cost_type=1)']
INFO     search time limit: 3600s
INFO     search memory limit: 4096 MB
INFO     search executable: /mnt/data_server/torralba/subdominization/training/data/training_satellite/code-70296b3db083/builds/release32/bin/downward
INFO     callstring: /mnt/data_server/torralba/subdominization/training/data/training_satellite/code-70296b3db083/builds/release32/bin/downward --search 'sbd(store_operators_in_optimal_plan=true, cost_type=1)' --internal-plan-file sas_plan < output
time limit 3600.00 -> (3600, 3601)
reading input... [t=0.000139427s]
done reading input! [t=0.00265721s]
packing state variables...done! [t=0.00267036s]
Variables: 13
FactPairs: 53
Bytes per state: 4
Building successor generator...done! [t=0.0028804s]
done initalizing global data [t=0.00288657s]
TR(time=60000, nodes=100000)
Mutex(time=60000, nodes=100000, type=edeletion)
Aux(time=2000, nodes=1000000)
Disj(nodes=2147483647)
Estimation: min_time(1000) time_penalty +(1000)*(2) nodes_penalty +(1000)*(2)
MaxStep(time=30000, nodes=100000000, nodes_per_planning_second=100)
Ratio useful: 0
   Min alloted time: 60000 nodes: 10000000
   Max alloted time: 60000 nodes: 15000000
   Mult alloted time: 2 nodes: 2
   Ratio after relax: 0.8
building causal graph...done! [t=6.6088e-05s]
Sym variable order: 2 9 10 8 11 1 0 12 6 4 7 5 3 
Initializing Symbolic Variables
Num variables: 13 => 22
Initialize Symbolic Manager(44, 363636, 16000000, 0)
Generating binary variables
Symbolic Variables... Done.
BOUND: 1 < 2147483647, total time: 0.34075s
BOUND: 2 < 2147483647, total time: 0.340934s
BOUND: 3 < 2147483647, total time: 0.341137s
BOUND: 4 < 2147483647, total time: 0.341414s
BOUND: 5 < 2147483647, total time: 0.341677s
BOUND: 6 < 2147483647, total time: 0.341976s
BOUND: 7 < 2147483647, total time: 0.342326s
Solution found with cost 7 total time: 0.342667s
Merging: 1
3 0.346513 1 84
Merging: 16
2 0.35401 1 73
Merging: 10
1 0.359841 1 49
Merging: 1
4 0.363343 1 84
Merging: 16
3 0.367353 1 73
Merging: 12
2 0.369778 1 73
Merging: 8
1 0.372089 1 62
BOUND: 7 < 7, total time: 0.374105s
Actual search time: 0.0336331s [t=0.374424s]
turn_to satellite0 groundstation3 groundstation6 (1)
switch_on instrument0 satellite0 (1)
calibrate satellite0 instrument0 groundstation3 (1)
turn_to satellite0 star10 groundstation3 (1)
take_image satellite0 star10 instrument0 infrared1 (1)
turn_to satellite0 star0 star10 (1)
turn_to satellite2 groundstation9 groundstation3 (1)
Plan length: 7 step(s).
Plan cost: 7
Bytes per state: 4
Search time: 0.0394969s
Total time: 0.374435s
Solution found.
Peak memory: 235692 KB
Running single search parser
