INFO     Running translator.
INFO     translator input: ['domain.pddl', 'problem.pddl']
INFO     translator arguments: []
INFO     translator time limit: None
INFO     translator memory limit: None
INFO     callstring: /usr/bin/python /mnt/data_server/torralba/subdominization/training/data/training_satellite/code-70296b3db083/builds/release32/bin/translate/translate.py domain.pddl problem.pddl
Parsing...
Parsing: [0.000s CPU, 0.016s wall-clock]
Normalizing task... [0.000s CPU, 0.000s wall-clock]
Instantiating...
Generating Datalog program... [0.000s CPU, 0.001s wall-clock]
Normalizing Datalog program...
Normalizing Datalog program: [0.020s CPU, 0.052s wall-clock]
Preparing model... [0.000s CPU, 0.002s wall-clock]
Generated 31 rules.
Computing model... [0.010s CPU, 0.015s wall-clock]
589 relevant atoms
142 auxiliary atoms
731 final queue length
1129 total queue pushes
Completing instantiation... [0.030s CPU, 0.024s wall-clock]
Instantiating: [0.060s CPU, 0.099s wall-clock]
Computing fact groups...
Finding invariants...
12 initial candidates
Finding invariants: [0.000s CPU, 0.003s wall-clock]
Checking invariant weight... [0.000s CPU, 0.000s wall-clock]
Instantiating groups... [0.000s CPU, 0.000s wall-clock]
Collecting mutex groups... [0.000s CPU, 0.000s wall-clock]
Choosing groups...
34 uncovered facts
Choosing groups: [0.000s CPU, 0.000s wall-clock]
Building translation key... [0.000s CPU, 0.001s wall-clock]
Computing fact groups: [0.000s CPU, 0.005s wall-clock]
Building STRIPS to SAS dictionary... [0.000s CPU, 0.000s wall-clock]
Building dictionary for full mutex groups... [0.000s CPU, 0.000s wall-clock]
Building mutex information...
Building mutex information: [0.000s CPU, 0.000s wall-clock]
Translating task...
Processing axioms...
Simplifying axioms... [0.000s CPU, 0.000s wall-clock]
Processing axioms: [0.000s CPU, 0.001s wall-clock]
Translating task: [0.030s CPU, 0.024s wall-clock]
6 effect conditions simplified
0 implied preconditions added
Detecting unreachable propositions...
0 operators removed
0 axioms removed
2 propositions removed
Detecting unreachable propositions: [0.010s CPU, 0.014s wall-clock]
Translator variables: 36
Translator derived variables: 0
Translator facts: 96
Translator goal facts: 5
Translator mutex groups: 2
Translator total mutex groups size: 28
Translator operators: 428
Translator axioms: 0
Translator task size: 1571
Translator peak memory: 44968 KB
Writing output... [0.010s CPU, 0.051s wall-clock]
Done! [0.110s CPU, 0.210s wall-clock]
INFO     Running preprocessor (release32).
INFO     preprocessor input: output.sas
INFO     preprocessor arguments: []
INFO     preprocessor time limit: None
INFO     preprocessor memory limit: None
INFO     callstring: /mnt/data_server/torralba/subdominization/training/data/training_satellite/code-70296b3db083/builds/release32/bin/preprocess < output.sas
Building causal graph...
The causal graph is not acyclic.
12 variables of 36 necessary
0 of 2 mutex groups necessary.
380 of 428 operators necessary.
0 of 0 axiom rules necessary.
Initializing mutex computation...
Mutex computation initialized with 48 fluents.
iteration for mutex detection and operator pruning
Initialize m_index fw
Initialized mvalues forward: reached=144, notReached=1776, spurious=384
Initialize m_ops fw
Computing mutexes...
Mutex computation finished with reached=1912, notReached=8, spurious=384
0 operators are spurious because were not triggered
H^2 mutexes added fw: 8, unreachable: 0
0 of 380 operators detected as spurious
iteration for mutex detection and operator pruning
Initialize m_index bw
Init values regression
Initialized mvalues backward: reached=759, notReached=1153, spurious=392
Initialize m_ops bw
Computing mutexes...
Mutex computation finished with reached=1912, notReached=0, spurious=392
0 operators are spurious because were not triggered
H^2 mutexes added bw: 0, unreachable: 0
0 of 380 operators detected as spurious
Total mutex and disambiguation time: 0.006034 iterations: 2
4 of 4 mutex groups necessary.
380 of 380 operators necessary.
0 of 0 axiom rules necessary.
Change id of operators: 380
Change id of mutexes
Change id of goals
Change id of initial state
Remove unreachable facts from variables: 12
4 of 4 mutex groups necessary.
380 of 380 operators necessary.
0 of 0 axiom rules necessary.
Updating causal graph and pruning unnecessary facts
12 variables of 12 of 36 necessary
The causal graph is not acyclic.
12 variables of 12 necessary
4 of 4 mutex groups necessary.
380 of 380 operators necessary.
0 of 0 axiom rules necessary.
Building domain transition graphs...
solveable in poly time 0
Building successor generator...
Preprocessor variables: 12
Preprocessor facts: 48
Preprocessor derived variables: 0
Preprocessor operators: 380
Preprocessor mutex groups: 4
Preprocessor task size: 1239
Writing output...
Preprocessor time: 0.0168193s
Preprocessor peak memory: 2248 KB
done
INFO     Running search (release32).
INFO     search input: output
INFO     search arguments: ['--search', 'sbd(store_operators_in_optimal_plan=true, cost_type=1)']
INFO     search time limit: 3600s
INFO     search memory limit: 4096 MB
INFO     search executable: /mnt/data_server/torralba/subdominization/training/data/training_satellite/code-70296b3db083/builds/release32/bin/downward
INFO     callstring: /mnt/data_server/torralba/subdominization/training/data/training_satellite/code-70296b3db083/builds/release32/bin/downward --search 'sbd(store_operators_in_optimal_plan=true, cost_type=1)' --internal-plan-file sas_plan < output
time limit 3600.00 -> (3600, 3601)
reading input... [t=8.9153e-05s]
done reading input! [t=0.00278344s]
packing state variables...done! [t=0.00279808s]
Variables: 12
FactPairs: 48
Bytes per state: 4
Building successor generator...done! [t=0.00301723s]
done initalizing global data [t=0.0030234s]
TR(time=60000, nodes=100000)
Mutex(time=60000, nodes=100000, type=edeletion)
Aux(time=2000, nodes=1000000)
Disj(nodes=2147483647)
Estimation: min_time(1000) time_penalty +(1000)*(2) nodes_penalty +(1000)*(2)
MaxStep(time=30000, nodes=100000000, nodes_per_planning_second=100)
Ratio useful: 0
   Min alloted time: 60000 nodes: 10000000
   Max alloted time: 60000 nodes: 15000000
   Mult alloted time: 2 nodes: 2
   Ratio after relax: 0.8
building causal graph...done! [t=6.768e-05s]
Sym variable order: 2 3 4 0 9 11 10 8 1 7 6 5 
Initializing Symbolic Variables
Num variables: 12 => 18
Initialize Symbolic Manager(36, 444444, 16000000, 0)
Generating binary variables
Symbolic Variables... Done.
BOUND: 1 < 2147483647, total time: 0.325154s
BOUND: 2 < 2147483647, total time: 0.325318s
BOUND: 3 < 2147483647, total time: 0.325473s
BOUND: 4 < 2147483647, total time: 0.325669s
BOUND: 5 < 2147483647, total time: 0.325912s
BOUND: 6 < 2147483647, total time: 0.326149s
BOUND: 7 < 2147483647, total time: 0.32643s
BOUND: 8 < 2147483647, total time: 0.326848s
BOUND: 9 < 2147483647, total time: 0.327246s
BOUND: 10 < 2147483647, total time: 0.327829s
BOUND: 11 < 2147483647, total time: 0.32848s
Solution found with cost 11 total time: 0.329037s
Merging: 1
6 0.333633 1 39
Merging: 4
5 0.338218 1 36
Merging: 12
4 0.342282 1 34
Merging: 4
3 0.345826 1 19
Merging: 4
2 0.34802 1 19
Merging: 1
1 0.350105 1 19
Merging: 1
5 0.352051 1 39
Merging: 12
4 0.354542 1 39
Merging: 4
3 0.356754 1 36
Merging: 12
2 0.358716 1 34
Merging: 4
1 0.360513 1 19
BOUND: 11 < 11, total time: 0.361796s
Actual search time: 0.0369202s [t=0.362126s]
switch_on instrument0 satellite0 (1)
calibrate satellite0 instrument0 star8 (1)
turn_to satellite0 planet13 star8 (1)
take_image satellite0 planet13 instrument0 infrared0 (1)
turn_to satellite0 planet10 planet13 (1)
take_image satellite0 planet10 instrument0 infrared0 (1)
turn_to satellite0 star11 planet10 (1)
take_image satellite0 star11 instrument0 infrared0 (1)
turn_to satellite0 star12 star11 (1)
take_image satellite0 star12 instrument0 infrared0 (1)
turn_to satellite0 star5 star12 (1)
Plan length: 11 step(s).
Plan cost: 11
Bytes per state: 4
Search time: 0.0430984s
Total time: 0.362143s
Solution found.
Peak memory: 219288 KB
Running single search parser
