INFO     Running translator.
INFO     translator input: ['domain.pddl', 'problem.pddl']
INFO     translator arguments: []
INFO     translator time limit: None
INFO     translator memory limit: None
INFO     callstring: /usr/bin/python /mnt/data_server/torralba/subdominization/training/data/training_satellite/code-70296b3db083/builds/release32/bin/translate/translate.py domain.pddl problem.pddl
Parsing...
Parsing: [0.010s CPU, 0.028s wall-clock]
Normalizing task... [0.000s CPU, 0.000s wall-clock]
Instantiating...
Generating Datalog program... [0.000s CPU, 0.001s wall-clock]
Normalizing Datalog program...
Normalizing Datalog program: [0.000s CPU, 0.014s wall-clock]
Preparing model... [0.000s CPU, 0.003s wall-clock]
Generated 31 rules.
Computing model... [0.060s CPU, 0.054s wall-clock]
1998 relevant atoms
521 auxiliary atoms
2519 final queue length
4024 total queue pushes
Completing instantiation... [0.080s CPU, 0.089s wall-clock]
Instantiating: [0.140s CPU, 0.168s wall-clock]
Computing fact groups...
Finding invariants...
12 initial candidates
Finding invariants: [0.010s CPU, 0.004s wall-clock]
Checking invariant weight... [0.000s CPU, 0.000s wall-clock]
Instantiating groups... [0.000s CPU, 0.001s wall-clock]
Collecting mutex groups... [0.000s CPU, 0.000s wall-clock]
Choosing groups...
96 uncovered facts
Choosing groups: [0.000s CPU, 0.000s wall-clock]
Building translation key... [0.000s CPU, 0.001s wall-clock]
Computing fact groups: [0.010s CPU, 0.008s wall-clock]
Building STRIPS to SAS dictionary... [0.000s CPU, 0.000s wall-clock]
Building dictionary for full mutex groups... [0.010s CPU, 0.000s wall-clock]
Building mutex information...
Building mutex information: [0.000s CPU, 0.000s wall-clock]
Translating task...
Processing axioms...
Simplifying axioms... [0.000s CPU, 0.000s wall-clock]
Processing axioms: [0.010s CPU, 0.004s wall-clock]
Translating task: [0.090s CPU, 0.094s wall-clock]
36 effect conditions simplified
0 implied preconditions added
Detecting unreachable propositions...
0 operators removed
0 axioms removed
4 propositions removed
Detecting unreachable propositions: [0.060s CPU, 0.054s wall-clock]
Translator variables: 100
Translator derived variables: 0
Translator facts: 260
Translator goal facts: 5
Translator mutex groups: 4
Translator total mutex groups size: 68
Translator operators: 1593
Translator axioms: 0
Translator task size: 6188
Translator peak memory: 50880 KB
Writing output... [0.020s CPU, 0.023s wall-clock]
Done! [0.340s CPU, 0.381s wall-clock]
INFO     Running preprocessor (release32).
INFO     preprocessor input: output.sas
INFO     preprocessor arguments: []
INFO     preprocessor time limit: None
INFO     preprocessor memory limit: None
INFO     callstring: /mnt/data_server/torralba/subdominization/training/data/training_satellite/code-70296b3db083/builds/release32/bin/preprocess < output.sas
Building causal graph...
The causal graph is not acyclic.
36 variables of 100 necessary
0 of 4 mutex groups necessary.
1168 of 1593 operators necessary.
0 of 0 axiom rules necessary.
Initializing mutex computation...
Mutex computation initialized with 132 fluents.
iteration for mutex detection and operator pruning
Initialize m_index fw
Initialized mvalues forward: reached=1296, notReached=14976, spurious=1152
Initialize m_ops fw
Computing mutexes...
Mutex computation finished with reached=16222, notReached=50, spurious=1152
0 operators are spurious because were not triggered
H^2 mutexes added fw: 50, unreachable: 0
0 of 1168 operators detected as spurious
iteration for mutex detection and operator pruning
Initialize m_index bw
Init values regression
Initialized mvalues backward: reached=14937, notReached=1285, spurious=1202
Initialize m_ops bw
Computing mutexes...
Mutex computation finished with reached=16222, notReached=0, spurious=1202
0 operators are spurious because were not triggered
H^2 mutexes added bw: 0, unreachable: 0
0 of 1168 operators detected as spurious
Total mutex and disambiguation time: 0.052688 iterations: 2
25 of 25 mutex groups necessary.
1168 of 1168 operators necessary.
0 of 0 axiom rules necessary.
Change id of operators: 1168
Change id of mutexes
Change id of goals
Change id of initial state
Remove unreachable facts from variables: 36
25 of 25 mutex groups necessary.
1168 of 1168 operators necessary.
0 of 0 axiom rules necessary.
Updating causal graph and pruning unnecessary facts
36 variables of 36 of 100 necessary
The causal graph is not acyclic.
36 variables of 36 necessary
25 of 25 mutex groups necessary.
1168 of 1168 operators necessary.
0 of 0 axiom rules necessary.
Building domain transition graphs...
solveable in poly time 0
Building successor generator...
Preprocessor variables: 36
Preprocessor facts: 132
Preprocessor derived variables: 0
Preprocessor operators: 1168
Preprocessor mutex groups: 25
Preprocessor task size: 3854
Writing output...
Preprocessor time: 0.0906949s
Preprocessor peak memory: 2892 KB
done
INFO     Running search (release32).
INFO     search input: output
INFO     search arguments: ['--search', 'sbd(store_operators_in_optimal_plan=true, cost_type=1)']
INFO     search time limit: 3600s
INFO     search memory limit: 4096 MB
INFO     search executable: /mnt/data_server/torralba/subdominization/training/data/training_satellite/code-70296b3db083/builds/release32/bin/downward
INFO     callstring: /mnt/data_server/torralba/subdominization/training/data/training_satellite/code-70296b3db083/builds/release32/bin/downward --search 'sbd(store_operators_in_optimal_plan=true, cost_type=1)' --internal-plan-file sas_plan < output
time limit 3600.00 -> (3600, 3601)
reading input... [t=0.000177375s]
done reading input! [t=0.008702s]
packing state variables...done! [t=0.00873525s]
Variables: 36
FactPairs: 132
Bytes per state: 8
Building successor generator...done! [t=0.00952479s]
done initalizing global data [t=0.00953234s]
TR(time=60000, nodes=100000)
Mutex(time=60000, nodes=100000, type=edeletion)
Aux(time=2000, nodes=1000000)
Disj(nodes=2147483647)
Estimation: min_time(1000) time_penalty +(1000)*(2) nodes_penalty +(1000)*(2)
MaxStep(time=30000, nodes=100000000, nodes_per_planning_second=100)
Ratio useful: 0
   Min alloted time: 60000 nodes: 10000000
   Max alloted time: 60000 nodes: 15000000
   Mult alloted time: 2 nodes: 2
   Ratio after relax: 0.8
building causal graph...done! [t=0.000240065s]
Sym variable order: 11 13 15 17 21 23 12 22 18 20 24 1 16 14 26 27 2 25 32 19 4 10 0 34 35 8 6 9 5 7 3 31 29 33 28 30 
Initializing Symbolic Variables
Num variables: 36 => 52
Initialize Symbolic Manager(104, 153846, 16000000, 0)
Generating binary variables
Symbolic Variables... Done.
BOUND: 1 < 2147483647, total time: 0.676196s
BOUND: 2 < 2147483647, total time: 0.676631s
BOUND: 3 < 2147483647, total time: 0.678548s
BOUND: 4 < 2147483647, total time: 0.679324s
BOUND: 5 < 2147483647, total time: 0.680521s
BOUND: 6 < 2147483647, total time: 0.682415s
BOUND: 7 < 2147483647, total time: 0.689248s
BOUND: 8 < 2147483647, total time: 0.69293s
BOUND: 9 < 2147483647, total time: 0.699731s
BOUND: 10 < 2147483647, total time: 0.715809s
BOUND: 11 < 2147483647, total time: 0.730137s
BOUND: 12 < 2147483647, total time: 0.760347s
Solution found with cost 12 total time: 0.784165s
Merging: 1
8 0.813747 1 132
Merging: 5
7 0.852121 1 132
Merging: 20
6 0.892781 1 130
Merging: 5
5 0.931888 1 101
Merging: 20
4 0.960611 1 96
Merging: 5
3 0.986498 1 56
Merging: 5
2 1.00251 1 53
Merging: 1
1 1.01787 1 53
Merging: 1
4 1.03279 1 132
Merging: 20
3 1.05265 1 130
Merging: 5
2 1.07015 1 101
Merging: 20
1 1.08373 1 96
BOUND: 12 < 12, total time: 1.09629s
Actual search time: 0.423565s [t=1.09981s]
switch_on instrument0 satellite0 (1)
calibrate satellite0 instrument0 star7 (1)
turn_to satellite0 star13 star7 (1)
take_image satellite0 star13 instrument0 thermograph0 (1)
turn_to satellite0 planet12 star13 (1)
take_image satellite0 planet12 instrument0 image3 (1)
turn_to satellite0 phenomenon14 planet12 (1)
take_image satellite0 phenomenon14 instrument0 spectrograph2 (1)
turn_to satellite0 star15 phenomenon14 (1)
take_image satellite0 star15 instrument0 thermograph0 (1)
turn_to satellite0 star16 star15 (1)
take_image satellite0 star16 instrument0 spectrograph2 (1)
Plan length: 12 step(s).
Plan cost: 12
Bytes per state: 8
Search time: 0.462783s
Total time: 1.09983s
Solution found.
Peak memory: 256196 KB
Running single search parser
