INFO     Running translator.
INFO     translator input: ['domain.pddl', 'problem.pddl']
INFO     translator arguments: []
INFO     translator time limit: None
INFO     translator memory limit: None
INFO     callstring: /usr/bin/python /mnt/data_server/torralba/subdominization/training/data/training_satellite/code-70296b3db083/builds/release32/bin/translate/translate.py domain.pddl problem.pddl
Parsing...
Parsing: [0.010s CPU, 0.018s wall-clock]
Normalizing task... [0.000s CPU, 0.000s wall-clock]
Instantiating...
Generating Datalog program... [0.000s CPU, 0.001s wall-clock]
Normalizing Datalog program...
Normalizing Datalog program: [0.010s CPU, 0.072s wall-clock]
Preparing model... [0.000s CPU, 0.004s wall-clock]
Generated 31 rules.
Computing model... [0.060s CPU, 0.061s wall-clock]
2200 relevant atoms
526 auxiliary atoms
2726 final queue length
4482 total queue pushes
Completing instantiation... [0.100s CPU, 0.099s wall-clock]
Instantiating: [0.170s CPU, 0.288s wall-clock]
Computing fact groups...
Finding invariants...
12 initial candidates
Finding invariants: [0.000s CPU, 0.004s wall-clock]
Checking invariant weight... [0.000s CPU, 0.000s wall-clock]
Instantiating groups... [0.000s CPU, 0.000s wall-clock]
Collecting mutex groups... [0.000s CPU, 0.000s wall-clock]
Choosing groups...
69 uncovered facts
Choosing groups: [0.000s CPU, 0.000s wall-clock]
Building translation key... [0.010s CPU, 0.001s wall-clock]
Computing fact groups: [0.010s CPU, 0.008s wall-clock]
Building STRIPS to SAS dictionary... [0.000s CPU, 0.000s wall-clock]
Building dictionary for full mutex groups... [0.000s CPU, 0.000s wall-clock]
Building mutex information...
Building mutex information: [0.000s CPU, 0.001s wall-clock]
Translating task...
Processing axioms...
Simplifying axioms... [0.000s CPU, 0.000s wall-clock]
Processing axioms: [0.000s CPU, 0.005s wall-clock]
Translating task: [0.100s CPU, 0.102s wall-clock]
33 effect conditions simplified
0 implied preconditions added
Detecting unreachable propositions...
0 operators removed
0 axioms removed
3 propositions removed
Detecting unreachable propositions: [0.060s CPU, 0.059s wall-clock]
Translator variables: 72
Translator derived variables: 0
Translator facts: 204
Translator goal facts: 9
Translator mutex groups: 3
Translator total mutex groups size: 66
Translator operators: 1819
Translator axioms: 0
Translator task size: 6626
Translator peak memory: 51720 KB
Writing output... [0.020s CPU, 0.337s wall-clock]
Done! [0.370s CPU, 0.817s wall-clock]
INFO     Running preprocessor (release32).
INFO     preprocessor input: output.sas
INFO     preprocessor arguments: []
INFO     preprocessor time limit: None
INFO     preprocessor memory limit: None
INFO     callstring: /mnt/data_server/torralba/subdominization/training/data/training_satellite/code-70296b3db083/builds/release32/bin/preprocess < output.sas
Building causal graph...
The causal graph is not acyclic.
35 variables of 72 necessary
0 of 3 mutex groups necessary.
1503 of 1819 operators necessary.
0 of 0 axiom rules necessary.
Initializing mutex computation...
Mutex computation initialized with 130 fluents.
iteration for mutex detection and operator pruning
Initialize m_index fw
Initialized mvalues forward: reached=1225, notReached=14225, spurious=1450
Initialize m_ops fw
Computing mutexes...
Mutex computation finished with reached=15398, notReached=52, spurious=1450
0 operators are spurious because were not triggered
H^2 mutexes added fw: 52, unreachable: 0
0 of 1503 operators detected as spurious
iteration for mutex detection and operator pruning
Initialize m_index bw
Init values regression
Initialized mvalues backward: reached=5997, notReached=9401, spurious=1502
Initialize m_ops bw
Computing mutexes...
Mutex computation finished with reached=15398, notReached=0, spurious=1502
0 operators are spurious because were not triggered
H^2 mutexes added bw: 0, unreachable: 0
0 of 1503 operators detected as spurious
Total mutex and disambiguation time: 0.065349 iterations: 2
26 of 26 mutex groups necessary.
1503 of 1503 operators necessary.
0 of 0 axiom rules necessary.
Change id of operators: 1503
Change id of mutexes
Change id of goals
Change id of initial state
Remove unreachable facts from variables: 35
26 of 26 mutex groups necessary.
1503 of 1503 operators necessary.
0 of 0 axiom rules necessary.
Updating causal graph and pruning unnecessary facts
35 variables of 35 of 72 necessary
The causal graph is not acyclic.
35 variables of 35 necessary
26 of 26 mutex groups necessary.
1503 of 1503 operators necessary.
0 of 0 axiom rules necessary.
Building domain transition graphs...
solveable in poly time 0
Building successor generator...
Preprocessor variables: 35
Preprocessor facts: 130
Preprocessor derived variables: 0
Preprocessor operators: 1503
Preprocessor mutex groups: 26
Preprocessor task size: 4921
Writing output...
Preprocessor time: 0.110214s
Preprocessor peak memory: 2932 KB
done
INFO     Running search (release32).
INFO     search input: output
INFO     search arguments: ['--search', 'sbd(store_operators_in_optimal_plan=true, cost_type=1)']
INFO     search time limit: 3600s
INFO     search memory limit: 4096 MB
INFO     search executable: /mnt/data_server/torralba/subdominization/training/data/training_satellite/code-70296b3db083/builds/release32/bin/downward
INFO     callstring: /mnt/data_server/torralba/subdominization/training/data/training_satellite/code-70296b3db083/builds/release32/bin/downward --search 'sbd(store_operators_in_optimal_plan=true, cost_type=1)' --internal-plan-file sas_plan < output
time limit 3600.00 -> (3600, 3601)
reading input... [t=0.000122665s]
done reading input! [t=0.0107512s]
packing state variables...done! [t=0.010771s]
Variables: 35
FactPairs: 130
Bytes per state: 8
Building successor generator...done! [t=0.0117821s]
done initalizing global data [t=0.0117901s]
TR(time=60000, nodes=100000)
Mutex(time=60000, nodes=100000, type=edeletion)
Aux(time=2000, nodes=1000000)
Disj(nodes=2147483647)
Estimation: min_time(1000) time_penalty +(1000)*(2) nodes_penalty +(1000)*(2)
MaxStep(time=30000, nodes=100000000, nodes_per_planning_second=100)
Ratio useful: 0
   Min alloted time: 60000 nodes: 10000000
   Max alloted time: 60000 nodes: 15000000
   Mult alloted time: 2 nodes: 2
   Ratio after relax: 0.8
building causal graph...done! [t=0.000285156s]
Sym variable order: 7 3 11 4 10 5 9 0 8 6 27 30 28 29 21 25 20 26 2 34 32 33 24 22 14 16 1 23 31 19 18 17 12 13 15 
Initializing Symbolic Variables
Num variables: 35 => 47
Initialize Symbolic Manager(94, 170212, 16000000, 0)
Generating binary variables
Symbolic Variables... Done.
BOUND: 1 < 2147483647, total time: 0.703095s
BOUND: 2 < 2147483647, total time: 0.703527s
BOUND: 3 < 2147483647, total time: 0.704312s
BOUND: 4 < 2147483647, total time: 0.705085s
BOUND: 5 < 2147483647, total time: 0.706362s
BOUND: 6 < 2147483647, total time: 0.70864s
BOUND: 7 < 2147483647, total time: 0.710851s
BOUND: 8 < 2147483647, total time: 0.714826s
BOUND: 9 < 2147483647, total time: 0.722116s
BOUND: 10 < 2147483647, total time: 0.73077s
BOUND: 11 < 2147483647, total time: 0.748548s
BOUND: 12 < 2147483647, total time: 0.773366s
BOUND: 13 < 2147483647, total time: 0.809415s
BOUND: 14 < 2147483647, total time: 0.861497s
BOUND: 15 < 2147483647, total time: 0.94099s
BOUND: 16 < 2147483647, total time: 1.03972s
BOUND: 17 < 2147483647, total time: 1.19164s
BOUND: 18 < 2147483647, total time: 1.36005s
Solution found with cost 18 total time: 1.56022s
Merging: 1
10 1.6889 1 1006
Merging: 51
9 2.16091 1 1063
Merging: 51
8 2.57338 1 925
Merging: 51
7 2.90983 1 666
Merging: 51
6 3.1485 1 502
Merging: 51
5 3.31381 1 283
Merging: 58
4 3.41284 1 189
Merging: 17
3 3.47439 1 93
Merging: 11
2 3.51155 1 96
Merging: 4
1 3.54662 1 85
Merging: 1
8 3.57733 1 1006
Merging: 51
7 3.72935 1 1006
Merging: 51
6 3.80573 1 1063
Merging: 51
5 3.88212 1 925
Merging: 51
4 3.94743 1 666
Merging: 51
3 3.99469 1 502
Merging: 51
2 4.02807 1 283
Merging: 51
1 4.05207 1 175
BOUND: 18 < 18, total time: 4.06587s
Actual search time: 3.37512s [t=4.07826s]
turn_to satellite2 groundstation9 phenomenon16 (1)
switch_on instrument6 satellite1 (1)
calibrate satellite1 instrument6 star6 (1)
turn_to satellite1 planet18 star6 (1)
take_image satellite1 planet18 instrument6 infrared0 (1)
turn_to satellite1 phenomenon20 planet18 (1)
take_image satellite1 phenomenon20 instrument6 thermograph1 (1)
turn_to satellite1 phenomenon16 phenomenon20 (1)
turn_to satellite0 star3 phenomenon16 (1)
take_image satellite1 phenomenon16 instrument6 infrared0 (1)
turn_to satellite1 planet21 phenomenon16 (1)
take_image satellite1 planet21 instrument6 infrared0 (1)
turn_to satellite1 star15 planet21 (1)
take_image satellite1 star15 instrument6 infrared0 (1)
turn_to satellite1 star17 star15 (1)
take_image satellite1 star17 instrument6 thermograph1 (1)
turn_to satellite1 star19 star17 (1)
take_image satellite1 star19 instrument6 thermograph1 (1)
Plan length: 18 step(s).
Plan cost: 18
Bytes per state: 8
Search time: 3.46025s
Total time: 4.07827s
Solution found.
Peak memory: 259836 KB
Running single search parser
