INFO     Running translator.
INFO     translator input: ['domain.pddl', 'problem.pddl']
INFO     translator arguments: []
INFO     translator time limit: None
INFO     translator memory limit: None
INFO     callstring: /usr/bin/python /mnt/data_server/torralba/subdominization/training/data/training_satellite/code-70296b3db083/builds/release32/bin/translate/translate.py domain.pddl problem.pddl
Parsing...
Parsing: [0.000s CPU, 0.014s wall-clock]
Normalizing task... [0.000s CPU, 0.000s wall-clock]
Instantiating...
Generating Datalog program... [0.000s CPU, 0.001s wall-clock]
Normalizing Datalog program...
Normalizing Datalog program: [0.020s CPU, 0.148s wall-clock]
Preparing model... [0.000s CPU, 0.003s wall-clock]
Generated 31 rules.
Computing model... [0.010s CPU, 0.008s wall-clock]
273 relevant atoms
137 auxiliary atoms
410 final queue length
531 total queue pushes
Completing instantiation... [0.010s CPU, 0.013s wall-clock]
Instantiating: [0.040s CPU, 0.293s wall-clock]
Computing fact groups...
Finding invariants...
12 initial candidates
Finding invariants: [0.000s CPU, 0.003s wall-clock]
Checking invariant weight... [0.010s CPU, 0.000s wall-clock]
Instantiating groups... [0.000s CPU, 0.000s wall-clock]
Collecting mutex groups... [0.000s CPU, 0.000s wall-clock]
Choosing groups...
29 uncovered facts
Choosing groups: [0.000s CPU, 0.000s wall-clock]
Building translation key... [0.000s CPU, 0.000s wall-clock]
Computing fact groups: [0.010s CPU, 0.005s wall-clock]
Building STRIPS to SAS dictionary... [0.000s CPU, 0.000s wall-clock]
Building dictionary for full mutex groups... [0.000s CPU, 0.000s wall-clock]
Building mutex information...
Building mutex information: [0.000s CPU, 0.000s wall-clock]
Translating task...
Processing axioms...
Simplifying axioms... [0.000s CPU, 0.000s wall-clock]
Processing axioms: [0.000s CPU, 0.000s wall-clock]
Translating task: [0.010s CPU, 0.009s wall-clock]
12 effect conditions simplified
0 implied preconditions added
Detecting unreachable propositions...
0 operators removed
0 axioms removed
3 propositions removed
Detecting unreachable propositions: [0.000s CPU, 0.005s wall-clock]
Translator variables: 32
Translator derived variables: 0
Translator facts: 76
Translator goal facts: 2
Translator mutex groups: 3
Translator total mutex groups size: 18
Translator operators: 144
Translator axioms: 0
Translator task size: 660
Translator peak memory: 43764 KB
Writing output... [0.000s CPU, 0.073s wall-clock]
Done! [0.060s CPU, 0.401s wall-clock]
INFO     Running preprocessor (release32).
INFO     preprocessor input: output.sas
INFO     preprocessor arguments: []
INFO     preprocessor time limit: None
INFO     preprocessor memory limit: None
INFO     callstring: /mnt/data_server/torralba/subdominization/training/data/training_satellite/code-70296b3db083/builds/release32/bin/preprocess < output.sas
Building causal graph...
The causal graph is not acyclic.
11 variables of 32 necessary
0 of 3 mutex groups necessary.
100 of 144 operators necessary.
0 of 0 axiom rules necessary.
Initializing mutex computation...
Mutex computation initialized with 34 fluents.
iteration for mutex detection and operator pruning
Initialize m_index fw
Initialized mvalues forward: reached=121, notReached=929, spurious=106
Initialize m_ops fw
Computing mutexes...
Mutex computation finished with reached=1040, notReached=10, spurious=106
0 operators are spurious because were not triggered
H^2 mutexes added fw: 10, unreachable: 0
0 of 100 operators detected as spurious
iteration for mutex detection and operator pruning
Initialize m_index bw
Init values regression
Initialized mvalues backward: reached=700, notReached=340, spurious=116
Initialize m_ops bw
Computing mutexes...
Mutex computation finished with reached=1040, notReached=0, spurious=116
0 operators are spurious because were not triggered
H^2 mutexes added bw: 0, unreachable: 0
0 of 100 operators detected as spurious
Total mutex and disambiguation time: 0.001411 iterations: 2
5 of 5 mutex groups necessary.
100 of 100 operators necessary.
0 of 0 axiom rules necessary.
Change id of operators: 100
Change id of mutexes
Change id of goals
Change id of initial state
Remove unreachable facts from variables: 11
5 of 5 mutex groups necessary.
100 of 100 operators necessary.
0 of 0 axiom rules necessary.
Updating causal graph and pruning unnecessary facts
11 variables of 11 of 32 necessary
The causal graph is not acyclic.
11 variables of 11 necessary
5 of 5 mutex groups necessary.
100 of 100 operators necessary.
0 of 0 axiom rules necessary.
Building domain transition graphs...
solveable in poly time 0
Building successor generator...
Preprocessor variables: 11
Preprocessor facts: 34
Preprocessor derived variables: 0
Preprocessor operators: 100
Preprocessor mutex groups: 5
Preprocessor task size: 371
Writing output...
Preprocessor time: 0.00557745s
Preprocessor peak memory: 2228 KB
done
INFO     Running search (release32).
INFO     search input: output
INFO     search arguments: ['--search', 'sbd(store_operators_in_optimal_plan=true, cost_type=1)']
INFO     search time limit: 3600s
INFO     search memory limit: 4096 MB
INFO     search executable: /mnt/data_server/torralba/subdominization/training/data/training_satellite/code-70296b3db083/builds/release32/bin/downward
INFO     callstring: /mnt/data_server/torralba/subdominization/training/data/training_satellite/code-70296b3db083/builds/release32/bin/downward --search 'sbd(store_operators_in_optimal_plan=true, cost_type=1)' --internal-plan-file sas_plan < output
time limit 3600.00 -> (3600, 3601)
reading input... [t=0.000139507s]
done reading input! [t=0.00103003s]
packing state variables...done! [t=0.00104467s]
Variables: 11
FactPairs: 34
Bytes per state: 4
Building successor generator...done! [t=0.00112899s]
done initalizing global data [t=0.00113366s]
TR(time=60000, nodes=100000)
Mutex(time=60000, nodes=100000, type=edeletion)
Aux(time=2000, nodes=1000000)
Disj(nodes=2147483647)
Estimation: min_time(1000) time_penalty +(1000)*(2) nodes_penalty +(1000)*(2)
MaxStep(time=30000, nodes=100000000, nodes_per_planning_second=100)
Ratio useful: 0
   Min alloted time: 60000 nodes: 10000000
   Max alloted time: 60000 nodes: 15000000
   Mult alloted time: 2 nodes: 2
   Ratio after relax: 0.8
building causal graph...done! [t=4.5534e-05s]
Sym variable order: 0 7 8 9 2 10 1 6 3 5 4 
Initializing Symbolic Variables
Num variables: 11 => 17
Initialize Symbolic Manager(34, 470588, 16000000, 0)
Generating binary variables
Symbolic Variables... Done.
BOUND: 1 < 2147483647, total time: 0.299144s
BOUND: 2 < 2147483647, total time: 0.299285s
BOUND: 3 < 2147483647, total time: 0.299426s
BOUND: 4 < 2147483647, total time: 0.299577s
BOUND: 5 < 2147483647, total time: 0.299745s
BOUND: 6 < 2147483647, total time: 0.29992s
Solution found with cost 6 total time: 0.300093s
Merging: 1
3 0.301239 1 44
Merging: 7
2 0.302555 1 47
Merging: 5
1 0.303747 1 35
Merging: 1
3 0.30461 1 44
Merging: 5
2 0.305347 1 42
Merging: 5
1 0.30597 1 44
BOUND: 6 < 6, total time: 0.306568s
Actual search time: 0.00762261s [t=0.306807s]
turn_to satellite1 star3 star1 (1)
switch_on instrument1 satellite1 (1)
calibrate satellite1 instrument1 star3 (1)
turn_to satellite0 star2 groundstation4 (1)
turn_to satellite1 star5 star3 (1)
take_image satellite1 star5 instrument1 infrared2 (1)
Plan length: 6 step(s).
Plan cost: 6
Bytes per state: 4
Search time: 0.00955626s
Total time: 0.306817s
Solution found.
Peak memory: 214768 KB
Running single search parser
