INFO     Running translator.
INFO     translator input: ['domain.pddl', 'problem.pddl']
INFO     translator arguments: []
INFO     translator time limit: None
INFO     translator memory limit: None
INFO     callstring: /usr/bin/python /mnt/data_server/torralba/subdominization/training/data/training_satellite/code-70296b3db083/builds/release32/bin/translate/translate.py domain.pddl problem.pddl
Parsing...
Parsing: [0.010s CPU, 0.007s wall-clock]
Normalizing task... [0.000s CPU, 0.000s wall-clock]
Instantiating...
Generating Datalog program... [0.000s CPU, 0.001s wall-clock]
Normalizing Datalog program...
Normalizing Datalog program: [0.000s CPU, 0.004s wall-clock]
Preparing model... [0.000s CPU, 0.002s wall-clock]
Generated 31 rules.
Computing model... [0.020s CPU, 0.019s wall-clock]
656 relevant atoms
228 auxiliary atoms
884 final queue length
1272 total queue pushes
Completing instantiation... [0.030s CPU, 0.024s wall-clock]
Instantiating: [0.050s CPU, 0.054s wall-clock]
Computing fact groups...
Finding invariants...
12 initial candidates
Finding invariants: [0.000s CPU, 0.003s wall-clock]
Checking invariant weight... [0.000s CPU, 0.000s wall-clock]
Instantiating groups... [0.000s CPU, 0.000s wall-clock]
Collecting mutex groups... [0.000s CPU, 0.000s wall-clock]
Choosing groups...
57 uncovered facts
Choosing groups: [0.000s CPU, 0.000s wall-clock]
Building translation key... [0.000s CPU, 0.001s wall-clock]
Computing fact groups: [0.000s CPU, 0.006s wall-clock]
Building STRIPS to SAS dictionary... [0.000s CPU, 0.000s wall-clock]
Building dictionary for full mutex groups... [0.000s CPU, 0.000s wall-clock]
Building mutex information...
Building mutex information: [0.000s CPU, 0.000s wall-clock]
Translating task...
Processing axioms...
Simplifying axioms... [0.000s CPU, 0.000s wall-clock]
Processing axioms: [0.010s CPU, 0.001s wall-clock]
Translating task: [0.030s CPU, 0.026s wall-clock]
15 effect conditions simplified
0 implied preconditions added
Detecting unreachable propositions...
0 operators removed
0 axioms removed
3 propositions removed
Detecting unreachable propositions: [0.010s CPU, 0.015s wall-clock]
Translator variables: 60
Translator derived variables: 0
Translator facts: 147
Translator goal facts: 2
Translator mutex groups: 3
Translator total mutex groups size: 33
Translator operators: 439
Translator axioms: 0
Translator task size: 1761
Translator peak memory: 45180 KB
Writing output... [0.000s CPU, 0.021s wall-clock]
Done! [0.110s CPU, 0.130s wall-clock]
INFO     Running preprocessor (release32).
INFO     preprocessor input: output.sas
INFO     preprocessor arguments: []
INFO     preprocessor time limit: None
INFO     preprocessor memory limit: None
INFO     callstring: /mnt/data_server/torralba/subdominization/training/data/training_satellite/code-70296b3db083/builds/release32/bin/preprocess < output.sas
Building causal graph...
The causal graph is not acyclic.
8 variables of 60 necessary
0 of 3 mutex groups necessary.
229 of 439 operators necessary.
0 of 0 axiom rules necessary.
Initializing mutex computation...
Mutex computation initialized with 34 fluents.
iteration for mutex detection and operator pruning
Initialize m_index fw
Initialized mvalues forward: reached=64, notReached=860, spurious=232
Initialize m_ops fw
Computing mutexes...
Mutex computation finished with reached=912, notReached=12, spurious=232
0 operators are spurious because were not triggered
H^2 mutexes added fw: 12, unreachable: 0
0 of 229 operators detected as spurious
iteration for mutex detection and operator pruning
Initialize m_index bw
Init values regression
Initialized mvalues backward: reached=397, notReached=515, spurious=244
Initialize m_ops bw
Computing mutexes...
Mutex computation finished with reached=912, notReached=0, spurious=244
0 operators are spurious because were not triggered
H^2 mutexes added bw: 0, unreachable: 0
0 of 229 operators detected as spurious
Total mutex and disambiguation time: 0.002745 iterations: 2
6 of 6 mutex groups necessary.
229 of 229 operators necessary.
0 of 0 axiom rules necessary.
Change id of operators: 229
Change id of mutexes
Change id of goals
Change id of initial state
Remove unreachable facts from variables: 8
6 of 6 mutex groups necessary.
229 of 229 operators necessary.
0 of 0 axiom rules necessary.
Updating causal graph and pruning unnecessary facts
8 variables of 8 of 60 necessary
The causal graph is not acyclic.
8 variables of 8 necessary
6 of 6 mutex groups necessary.
229 of 229 operators necessary.
0 of 0 axiom rules necessary.
Building domain transition graphs...
solveable in poly time 0
Building successor generator...
Preprocessor variables: 8
Preprocessor facts: 34
Preprocessor derived variables: 0
Preprocessor operators: 229
Preprocessor mutex groups: 6
Preprocessor task size: 754
Writing output...
Preprocessor time: 0.0112792s
Preprocessor peak memory: 2256 KB
done
INFO     Running search (release32).
INFO     search input: output
INFO     search arguments: ['--search', 'sbd(store_operators_in_optimal_plan=true, cost_type=1)']
INFO     search time limit: 3600s
INFO     search memory limit: 4096 MB
INFO     search executable: /mnt/data_server/torralba/subdominization/training/data/training_satellite/code-70296b3db083/builds/release32/bin/downward
INFO     callstring: /mnt/data_server/torralba/subdominization/training/data/training_satellite/code-70296b3db083/builds/release32/bin/downward --search 'sbd(store_operators_in_optimal_plan=true, cost_type=1)' --internal-plan-file sas_plan < output
time limit 3600.00 -> (3600, 3601)
reading input... [t=9.2255e-05s]
done reading input! [t=0.00176746s]
packing state variables...done! [t=0.00178098s]
Variables: 8
FactPairs: 34
Bytes per state: 4
Building successor generator...done! [t=0.00191251s]
done initalizing global data [t=0.00191789s]
TR(time=60000, nodes=100000)
Mutex(time=60000, nodes=100000, type=edeletion)
Aux(time=2000, nodes=1000000)
Disj(nodes=2147483647)
Estimation: min_time(1000) time_penalty +(1000)*(2) nodes_penalty +(1000)*(2)
MaxStep(time=30000, nodes=100000000, nodes_per_planning_second=100)
Ratio useful: 0
   Min alloted time: 60000 nodes: 10000000
   Max alloted time: 60000 nodes: 15000000
   Mult alloted time: 2 nodes: 2
   Ratio after relax: 0.8
building causal graph...done! [t=4.1174e-05s]
Sym variable order: 1 7 6 3 5 2 4 0 
Initializing Symbolic Variables
Num variables: 8 => 14
Initialize Symbolic Manager(28, 571428, 16000000, 0)
Generating binary variables
Symbolic Variables... Done.
BOUND: 1 < 2147483647, total time: 0.306195s
BOUND: 2 < 2147483647, total time: 0.306318s
BOUND: 3 < 2147483647, total time: 0.306464s
BOUND: 4 < 2147483647, total time: 0.306611s
BOUND: 5 < 2147483647, total time: 0.306723s
Solution found with cost 5 total time: 0.306857s
Merging: 1
2 0.308581 1 21
Merging: 3
1 0.310093 1 20
Merging: 1
3 0.311396 1 21
Merging: 3
2 0.312049 1 26
Merging: 3
1 0.312671 1 22
BOUND: 5 < 5, total time: 0.313297s
Actual search time: 0.00723868s [t=0.313464s]
switch_on instrument3 satellite2 (1)
calibrate satellite2 instrument3 groundstation4 (1)
turn_to satellite1 star9 star8 (1)
turn_to satellite2 phenomenon10 groundstation4 (1)
take_image satellite2 phenomenon10 instrument3 infrared3 (1)
Plan length: 5 step(s).
Plan cost: 5
Bytes per state: 4
Search time: 0.0105541s
Total time: 0.313476s
Solution found.
Peak memory: 261840 KB
Running single search parser
