INFO     Running translator.
INFO     translator input: ['domain.pddl', 'problem.pddl']
INFO     translator arguments: []
INFO     translator time limit: None
INFO     translator memory limit: None
INFO     callstring: /usr/bin/python /mnt/data_server/torralba/subdominization/training/data/training_satellite/code-70296b3db083/builds/release32/bin/translate/translate.py domain.pddl problem.pddl
Parsing...
Parsing: [0.010s CPU, 0.026s wall-clock]
Normalizing task... [0.000s CPU, 0.000s wall-clock]
Instantiating...
Generating Datalog program... [0.000s CPU, 0.001s wall-clock]
Normalizing Datalog program...
Normalizing Datalog program: [0.000s CPU, 0.004s wall-clock]
Preparing model... [0.010s CPU, 0.002s wall-clock]
Generated 31 rules.
Computing model... [0.000s CPU, 0.009s wall-clock]
287 relevant atoms
141 auxiliary atoms
428 final queue length
561 total queue pushes
Completing instantiation... [0.020s CPU, 0.010s wall-clock]
Instantiating: [0.030s CPU, 0.048s wall-clock]
Computing fact groups...
Finding invariants...
12 initial candidates
Finding invariants: [0.010s CPU, 0.003s wall-clock]
Checking invariant weight... [0.000s CPU, 0.000s wall-clock]
Instantiating groups... [0.000s CPU, 0.000s wall-clock]
Collecting mutex groups... [0.000s CPU, 0.000s wall-clock]
Choosing groups...
29 uncovered facts
Choosing groups: [0.000s CPU, 0.000s wall-clock]
Building translation key... [0.000s CPU, 0.000s wall-clock]
Computing fact groups: [0.010s CPU, 0.004s wall-clock]
Building STRIPS to SAS dictionary... [0.000s CPU, 0.000s wall-clock]
Building dictionary for full mutex groups... [0.000s CPU, 0.000s wall-clock]
Building mutex information...
Building mutex information: [0.000s CPU, 0.000s wall-clock]
Translating task...
Processing axioms...
Simplifying axioms... [0.000s CPU, 0.000s wall-clock]
Processing axioms: [0.000s CPU, 0.001s wall-clock]
Translating task: [0.010s CPU, 0.010s wall-clock]
12 effect conditions simplified
0 implied preconditions added
Detecting unreachable propositions...
0 operators removed
0 axioms removed
3 propositions removed
Detecting unreachable propositions: [0.000s CPU, 0.006s wall-clock]
Translator variables: 32
Translator derived variables: 0
Translator facts: 76
Translator goal facts: 3
Translator mutex groups: 3
Translator total mutex groups size: 18
Translator operators: 156
Translator axioms: 0
Translator task size: 721
Translator peak memory: 43768 KB
Writing output... [0.010s CPU, 0.005s wall-clock]
Done! [0.070s CPU, 0.101s wall-clock]
INFO     Running preprocessor (release32).
INFO     preprocessor input: output.sas
INFO     preprocessor arguments: []
INFO     preprocessor time limit: None
INFO     preprocessor memory limit: None
INFO     callstring: /mnt/data_server/torralba/subdominization/training/data/training_satellite/code-70296b3db083/builds/release32/bin/preprocess < output.sas
Building causal graph...
The causal graph is not acyclic.
11 variables of 32 necessary
0 of 3 mutex groups necessary.
72 of 156 operators necessary.
0 of 0 axiom rules necessary.
Initializing mutex computation...
Mutex computation initialized with 30 fluents.
iteration for mutex detection and operator pruning
Initialize m_index fw
Initialized mvalues forward: reached=121, notReached=701, spurious=78
Initialize m_ops fw
Computing mutexes...
Mutex computation finished with reached=812, notReached=10, spurious=78
0 operators are spurious because were not triggered
H^2 mutexes added fw: 10, unreachable: 0
0 of 72 operators detected as spurious
iteration for mutex detection and operator pruning
Initialize m_index bw
Init values regression
Initialized mvalues backward: reached=335, notReached=477, spurious=88
Initialize m_ops bw
Computing mutexes...
Mutex computation finished with reached=812, notReached=0, spurious=88
0 operators are spurious because were not triggered
H^2 mutexes added bw: 0, unreachable: 0
0 of 72 operators detected as spurious
Total mutex and disambiguation time: 0.001008 iterations: 2
5 of 5 mutex groups necessary.
72 of 72 operators necessary.
0 of 0 axiom rules necessary.
Change id of operators: 72
Change id of mutexes
Change id of goals
Change id of initial state
Remove unreachable facts from variables: 11
5 of 5 mutex groups necessary.
72 of 72 operators necessary.
0 of 0 axiom rules necessary.
Updating causal graph and pruning unnecessary facts
11 variables of 11 of 32 necessary
The causal graph is not acyclic.
11 variables of 11 necessary
5 of 5 mutex groups necessary.
72 of 72 operators necessary.
0 of 0 axiom rules necessary.
Building domain transition graphs...
solveable in poly time 0
Building successor generator...
Preprocessor variables: 11
Preprocessor facts: 30
Preprocessor derived variables: 0
Preprocessor operators: 72
Preprocessor mutex groups: 5
Preprocessor task size: 288
Writing output...
Preprocessor time: 0.00481909s
Preprocessor peak memory: 2096 KB
done
INFO     Running search (release32).
INFO     search input: output
INFO     search arguments: ['--search', 'sbd(store_operators_in_optimal_plan=true, cost_type=1)']
INFO     search time limit: 3600s
INFO     search memory limit: 4096 MB
INFO     search executable: /mnt/data_server/torralba/subdominization/training/data/training_satellite/code-70296b3db083/builds/release32/bin/downward
INFO     callstring: /mnt/data_server/torralba/subdominization/training/data/training_satellite/code-70296b3db083/builds/release32/bin/downward --search 'sbd(store_operators_in_optimal_plan=true, cost_type=1)' --internal-plan-file sas_plan < output
time limit 3600.00 -> (3600, 3601)
reading input... [t=8.1651e-05s]
done reading input! [t=0.000792175s]
packing state variables...done! [t=0.000804946s]
Variables: 11
FactPairs: 30
Bytes per state: 4
Building successor generator...done! [t=0.000874638s]
done initalizing global data [t=0.000879551s]
TR(time=60000, nodes=100000)
Mutex(time=60000, nodes=100000, type=edeletion)
Aux(time=2000, nodes=1000000)
Disj(nodes=2147483647)
Estimation: min_time(1000) time_penalty +(1000)*(2) nodes_penalty +(1000)*(2)
MaxStep(time=30000, nodes=100000000, nodes_per_planning_second=100)
Ratio useful: 0
   Min alloted time: 60000 nodes: 10000000
   Max alloted time: 60000 nodes: 15000000
   Mult alloted time: 2 nodes: 2
   Ratio after relax: 0.8
building causal graph...done! [t=4.9302e-05s]
Sym variable order: 7 8 9 1 0 10 6 2 5 4 3 
Initializing Symbolic Variables
Num variables: 11 => 15
Initialize Symbolic Manager(30, 533333, 16000000, 0)
Generating binary variables
Symbolic Variables... Done.
BOUND: 1 < 2147483647, total time: 0.336286s
BOUND: 2 < 2147483647, total time: 0.336405s
BOUND: 3 < 2147483647, total time: 0.33651s
BOUND: 4 < 2147483647, total time: 0.33664s
BOUND: 5 < 2147483647, total time: 0.336798s
BOUND: 6 < 2147483647, total time: 0.336971s
Solution found with cost 6 total time: 0.337139s
Merging: 1
2 0.338031 1 42
Merging: 6
1 0.338924 1 30
Merging: 1
4 0.3396 1 42
Merging: 6
3 0.340157 1 37
Merging: 6
2 0.340639 1 36
Merging: 6
1 0.341122 1 37
BOUND: 6 < 6, total time: 0.341624s
Actual search time: 0.00550329s [t=0.341823s]
switch_on instrument1 satellite0 (1)
calibrate satellite0 instrument1 groundstation1 (1)
turn_to satellite0 star5 groundstation1 (1)
take_image satellite0 star5 instrument1 spectrograph1 (1)
turn_to satellite0 star3 star5 (1)
turn_to satellite2 groundstation2 star4 (1)
Plan length: 6 step(s).
Plan cost: 6
Bytes per state: 4
Search time: 0.00720368s
Total time: 0.341833s
Solution found.
Peak memory: 269912 KB
Running single search parser
