INFO     Running translator.
INFO     translator input: ['domain.pddl', 'problem.pddl']
INFO     translator arguments: []
INFO     translator time limit: None
INFO     translator memory limit: None
INFO     callstring: /usr/bin/python /mnt/data_server/torralba/subdominization/training/data/training_satellite/code-70296b3db083/builds/release32/bin/translate/translate.py domain.pddl problem.pddl
Parsing...
Parsing: [0.000s CPU, 0.028s wall-clock]
Normalizing task... [0.000s CPU, 0.000s wall-clock]
Instantiating...
Generating Datalog program... [0.010s CPU, 0.001s wall-clock]
Normalizing Datalog program...
Normalizing Datalog program: [0.000s CPU, 0.014s wall-clock]
Preparing model... [0.000s CPU, 0.002s wall-clock]
Generated 31 rules.
Computing model... [0.010s CPU, 0.015s wall-clock]
506 relevant atoms
203 auxiliary atoms
709 final queue length
997 total queue pushes
Completing instantiation... [0.020s CPU, 0.019s wall-clock]
Instantiating: [0.040s CPU, 0.054s wall-clock]
Computing fact groups...
Finding invariants...
12 initial candidates
Finding invariants: [0.010s CPU, 0.003s wall-clock]
Checking invariant weight... [0.000s CPU, 0.000s wall-clock]
Instantiating groups... [0.000s CPU, 0.000s wall-clock]
Collecting mutex groups... [0.000s CPU, 0.000s wall-clock]
Choosing groups...
42 uncovered facts
Choosing groups: [0.000s CPU, 0.000s wall-clock]
Building translation key... [0.000s CPU, 0.001s wall-clock]
Computing fact groups: [0.010s CPU, 0.006s wall-clock]
Building STRIPS to SAS dictionary... [0.000s CPU, 0.000s wall-clock]
Building dictionary for full mutex groups... [0.000s CPU, 0.000s wall-clock]
Building mutex information...
Building mutex information: [0.000s CPU, 0.000s wall-clock]
Translating task...
Processing axioms...
Simplifying axioms... [0.000s CPU, 0.000s wall-clock]
Processing axioms: [0.000s CPU, 0.001s wall-clock]
Translating task: [0.020s CPU, 0.019s wall-clock]
18 effect conditions simplified
0 implied preconditions added
Detecting unreachable propositions...
0 operators removed
0 axioms removed
3 propositions removed
Detecting unreachable propositions: [0.020s CPU, 0.012s wall-clock]
Translator variables: 45
Translator derived variables: 0
Translator facts: 111
Translator goal facts: 6
Translator mutex groups: 3
Translator total mutex groups size: 27
Translator operators: 324
Translator axioms: 0
Translator task size: 1365
Translator peak memory: 44536 KB
Writing output... [0.000s CPU, 0.007s wall-clock]
Done! [0.090s CPU, 0.128s wall-clock]
INFO     Running preprocessor (release32).
INFO     preprocessor input: output.sas
INFO     preprocessor arguments: []
INFO     preprocessor time limit: None
INFO     preprocessor memory limit: None
INFO     callstring: /mnt/data_server/torralba/subdominization/training/data/training_satellite/code-70296b3db083/builds/release32/bin/preprocess < output.sas
Building causal graph...
The causal graph is not acyclic.
22 variables of 45 necessary
0 of 3 mutex groups necessary.
249 of 324 operators necessary.
0 of 0 axiom rules necessary.
Initializing mutex computation...
Mutex computation initialized with 65 fluents.
iteration for mutex detection and operator pruning
Initialize m_index fw
Initialized mvalues forward: reached=484, notReached=3487, spurious=254
Initialize m_ops fw
Computing mutexes...
Mutex computation finished with reached=3949, notReached=22, spurious=254
0 operators are spurious because were not triggered
H^2 mutexes added fw: 22, unreachable: 0
0 of 249 operators detected as spurious
iteration for mutex detection and operator pruning
Initialize m_index bw
Init values regression
Initialized mvalues backward: reached=1901, notReached=2048, spurious=276
Initialize m_ops bw
Computing mutexes...
Mutex computation finished with reached=3949, notReached=0, spurious=276
0 operators are spurious because were not triggered
H^2 mutexes added bw: 0, unreachable: 0
0 of 249 operators detected as spurious
Total mutex and disambiguation time: 0.006172 iterations: 2
11 of 11 mutex groups necessary.
249 of 249 operators necessary.
0 of 0 axiom rules necessary.
Change id of operators: 249
Change id of mutexes
Change id of goals
Change id of initial state
Remove unreachable facts from variables: 22
11 of 11 mutex groups necessary.
249 of 249 operators necessary.
0 of 0 axiom rules necessary.
Updating causal graph and pruning unnecessary facts
22 variables of 22 of 45 necessary
The causal graph is not acyclic.
22 variables of 22 necessary
11 of 11 mutex groups necessary.
249 of 249 operators necessary.
0 of 0 axiom rules necessary.
Building domain transition graphs...
solveable in poly time 0
Building successor generator...
Preprocessor variables: 22
Preprocessor facts: 65
Preprocessor derived variables: 0
Preprocessor operators: 249
Preprocessor mutex groups: 11
Preprocessor task size: 916
Writing output...
Preprocessor time: 0.0151934s
Preprocessor peak memory: 2252 KB
done
INFO     Running search (release32).
INFO     search input: output
INFO     search arguments: ['--search', 'sbd(store_operators_in_optimal_plan=true, cost_type=1)']
INFO     search time limit: 3600s
INFO     search memory limit: 4096 MB
INFO     search executable: /mnt/data_server/torralba/subdominization/training/data/training_satellite/code-70296b3db083/builds/release32/bin/downward
INFO     callstring: /mnt/data_server/torralba/subdominization/training/data/training_satellite/code-70296b3db083/builds/release32/bin/downward --search 'sbd(store_operators_in_optimal_plan=true, cost_type=1)' --internal-plan-file sas_plan < output
time limit 3600.00 -> (3600, 3601)
reading input... [t=0.000142025s]
done reading input! [t=0.00216917s]
packing state variables...done! [t=0.00218299s]
Variables: 22
FactPairs: 65
Bytes per state: 4
Building successor generator...done! [t=0.00239534s]
done initalizing global data [t=0.00240121s]
TR(time=60000, nodes=100000)
Mutex(time=60000, nodes=100000, type=edeletion)
Aux(time=2000, nodes=1000000)
Disj(nodes=2147483647)
Estimation: min_time(1000) time_penalty +(1000)*(2) nodes_penalty +(1000)*(2)
MaxStep(time=30000, nodes=100000000, nodes_per_planning_second=100)
Ratio useful: 0
   Min alloted time: 60000 nodes: 10000000
   Max alloted time: 60000 nodes: 15000000
   Mult alloted time: 2 nodes: 2
   Ratio after relax: 0.8
building causal graph...done! [t=0.000109925s]
Sym variable order: 3 15 13 19 14 16 4 5 2 21 0 20 17 18 1 10 8 12 6 11 9 7 
Initializing Symbolic Variables
Num variables: 22 => 31
Initialize Symbolic Manager(62, 258064, 16000000, 0)
Generating binary variables
Symbolic Variables... Done.
BOUND: 1 < 2147483647, total time: 0.47687s
BOUND: 2 < 2147483647, total time: 0.477089s
BOUND: 3 < 2147483647, total time: 0.477453s
BOUND: 4 < 2147483647, total time: 0.477772s
BOUND: 5 < 2147483647, total time: 0.478181s
BOUND: 6 < 2147483647, total time: 0.479032s
BOUND: 7 < 2147483647, total time: 0.479587s
BOUND: 8 < 2147483647, total time: 0.480482s
BOUND: 9 < 2147483647, total time: 0.48235s
BOUND: 10 < 2147483647, total time: 0.483938s
BOUND: 11 < 2147483647, total time: 0.486399s
BOUND: 12 < 2147483647, total time: 0.489819s
BOUND: 13 < 2147483647, total time: 0.494384s
BOUND: 14 < 2147483647, total time: 0.500182s
BOUND: 15 < 2147483647, total time: 0.508168s
Solution found with cost 15 total time: 0.51521s
Merging: 1
9 0.526957 1 117
Merging: 16
8 0.536311 1 127
Merging: 17
7 0.544949 1 136
Merging: 15
6 0.554064 1 139
Merging: 15
5 0.562958 1 136
Merging: 13
4 0.571703 1 124
Merging: 10
3 0.579944 1 105
Merging: 7
2 0.586813 1 81
Merging: 5
1 0.592064 1 65
Merging: 1
6 0.596 1 117
Merging: 15
5 0.602124 1 104
Merging: 13
4 0.605664 1 91
Merging: 13
3 0.608825 1 71
Merging: 9
2 0.611179 1 55
Merging: 6
1 0.613168 1 40
BOUND: 15 < 15, total time: 0.614696s
Actual search time: 0.139078s [t=0.615993s]
turn_to satellite2 star0 planet7 (1)
switch_on instrument4 satellite2 (1)
calibrate satellite2 instrument4 star0 (1)
turn_to satellite2 planet8 star0 (1)
turn_to satellite1 star1 planet8 (1)
turn_to satellite0 star1 star6 (1)
take_image satellite2 planet8 instrument4 thermograph1 (1)
switch_on instrument3 satellite1 (1)
calibrate satellite1 instrument3 star1 (1)
turn_to satellite1 planet7 star1 (1)
take_image satellite1 planet7 instrument3 infrared2 (1)
turn_to satellite1 star6 planet7 (1)
take_image satellite1 star6 instrument3 infrared2 (1)
turn_to satellite1 phenomenon5 star6 (1)
take_image satellite1 phenomenon5 instrument3 image0 (1)
Plan length: 15 step(s).
Plan cost: 15
Bytes per state: 4
Search time: 0.147105s
Total time: 0.616003s
Solution found.
Peak memory: 209048 KB
Running single search parser
