INFO     Running translator.
INFO     translator input: ['domain.pddl', 'problem.pddl']
INFO     translator arguments: []
INFO     translator time limit: None
INFO     translator memory limit: None
INFO     callstring: /usr/bin/python /mnt/data_server/torralba/subdominization/training/data/training_satellite/code-70296b3db083/builds/release32/bin/translate/translate.py domain.pddl problem.pddl
Parsing...
Parsing: [0.000s CPU, 0.010s wall-clock]
Normalizing task... [0.000s CPU, 0.000s wall-clock]
Instantiating...
Generating Datalog program... [0.000s CPU, 0.001s wall-clock]
Normalizing Datalog program...
Normalizing Datalog program: [0.010s CPU, 0.011s wall-clock]
Preparing model... [0.000s CPU, 0.002s wall-clock]
Generated 31 rules.
Computing model... [0.020s CPU, 0.026s wall-clock]
984 relevant atoms
192 auxiliary atoms
1176 final queue length
1909 total queue pushes
Completing instantiation... [0.050s CPU, 0.048s wall-clock]
Instantiating: [0.080s CPU, 0.092s wall-clock]
Computing fact groups...
Finding invariants...
12 initial candidates
Finding invariants: [0.000s CPU, 0.004s wall-clock]
Checking invariant weight... [0.000s CPU, 0.000s wall-clock]
Instantiating groups... [0.000s CPU, 0.000s wall-clock]
Collecting mutex groups... [0.000s CPU, 0.000s wall-clock]
Choosing groups...
44 uncovered facts
Choosing groups: [0.000s CPU, 0.000s wall-clock]
Building translation key... [0.000s CPU, 0.001s wall-clock]
Computing fact groups: [0.000s CPU, 0.007s wall-clock]
Building STRIPS to SAS dictionary... [0.000s CPU, 0.000s wall-clock]
Building dictionary for full mutex groups... [0.000s CPU, 0.000s wall-clock]
Building mutex information...
Building mutex information: [0.000s CPU, 0.000s wall-clock]
Translating task...
Processing axioms...
Simplifying axioms... [0.000s CPU, 0.000s wall-clock]
Processing axioms: [0.000s CPU, 0.002s wall-clock]
Translating task: [0.050s CPU, 0.053s wall-clock]
6 effect conditions simplified
0 implied preconditions added
Detecting unreachable propositions...
0 operators removed
0 axioms removed
2 propositions removed
Detecting unreachable propositions: [0.020s CPU, 0.028s wall-clock]
Translator variables: 46
Translator derived variables: 0
Translator facts: 126
Translator goal facts: 4
Translator mutex groups: 2
Translator total mutex groups size: 38
Translator operators: 773
Translator axioms: 0
Translator task size: 2700
Translator peak memory: 46584 KB
Writing output... [0.010s CPU, 0.019s wall-clock]
Done! [0.160s CPU, 0.212s wall-clock]
INFO     Running preprocessor (release32).
INFO     preprocessor input: output.sas
INFO     preprocessor arguments: []
INFO     preprocessor time limit: None
INFO     preprocessor memory limit: None
INFO     callstring: /mnt/data_server/torralba/subdominization/training/data/training_satellite/code-70296b3db083/builds/release32/bin/preprocess < output.sas
Building causal graph...
The causal graph is not acyclic.
12 variables of 46 necessary
0 of 2 mutex groups necessary.
705 of 773 operators necessary.
0 of 0 axiom rules necessary.
Initializing mutex computation...
Mutex computation initialized with 58 fluents.
iteration for mutex detection and operator pruning
Initialize m_index fw
Initialized mvalues forward: reached=144, notReached=2516, spurious=704
Initialize m_ops fw
Computing mutexes...
Mutex computation finished with reached=2652, notReached=8, spurious=704
0 operators are spurious because were not triggered
H^2 mutexes added fw: 8, unreachable: 0
0 of 705 operators detected as spurious
iteration for mutex detection and operator pruning
Initialize m_index bw
Init values regression
Initialized mvalues backward: reached=2212, notReached=440, spurious=712
Initialize m_ops bw
Computing mutexes...
Mutex computation finished with reached=2652, notReached=0, spurious=712
0 operators are spurious because were not triggered
H^2 mutexes added bw: 0, unreachable: 0
0 of 705 operators detected as spurious
Total mutex and disambiguation time: 0.012679 iterations: 2
4 of 4 mutex groups necessary.
705 of 705 operators necessary.
0 of 0 axiom rules necessary.
Change id of operators: 705
Change id of mutexes
Change id of goals
Change id of initial state
Remove unreachable facts from variables: 12
4 of 4 mutex groups necessary.
705 of 705 operators necessary.
0 of 0 axiom rules necessary.
Updating causal graph and pruning unnecessary facts
12 variables of 12 of 46 necessary
The causal graph is not acyclic.
12 variables of 12 necessary
4 of 4 mutex groups necessary.
705 of 705 operators necessary.
0 of 0 axiom rules necessary.
Building domain transition graphs...
solveable in poly time 0
Building successor generator...
Preprocessor variables: 12
Preprocessor facts: 58
Preprocessor derived variables: 0
Preprocessor operators: 705
Preprocessor mutex groups: 4
Preprocessor task size: 2228
Writing output...
Preprocessor time: 0.0314245s
Preprocessor peak memory: 2520 KB
done
INFO     Running search (release32).
INFO     search input: output
INFO     search arguments: ['--search', 'sbd(store_operators_in_optimal_plan=true, cost_type=1)']
INFO     search time limit: 3600s
INFO     search memory limit: 4096 MB
INFO     search executable: /mnt/data_server/torralba/subdominization/training/data/training_satellite/code-70296b3db083/builds/release32/bin/downward
INFO     callstring: /mnt/data_server/torralba/subdominization/training/data/training_satellite/code-70296b3db083/builds/release32/bin/downward --search 'sbd(store_operators_in_optimal_plan=true, cost_type=1)' --internal-plan-file sas_plan < output
time limit 3600.00 -> (3600, 3601)
reading input... [t=0.000131691s]
done reading input! [t=0.00503913s]
packing state variables...done! [t=0.00505423s]
Variables: 12
FactPairs: 58
Bytes per state: 4
Building successor generator...done! [t=0.00543899s]
done initalizing global data [t=0.00544824s]
TR(time=60000, nodes=100000)
Mutex(time=60000, nodes=100000, type=edeletion)
Aux(time=2000, nodes=1000000)
Disj(nodes=2147483647)
Estimation: min_time(1000) time_penalty +(1000)*(2) nodes_penalty +(1000)*(2)
MaxStep(time=30000, nodes=100000000, nodes_per_planning_second=100)
Ratio useful: 0
   Min alloted time: 60000 nodes: 10000000
   Max alloted time: 60000 nodes: 15000000
   Mult alloted time: 2 nodes: 2
   Ratio after relax: 0.8
building causal graph...done! [t=9.0933e-05s]
Sym variable order: 2 3 4 0 9 11 10 8 1 7 6 5 
Initializing Symbolic Variables
Num variables: 12 => 20
Initialize Symbolic Manager(40, 400000, 16000000, 0)
Generating binary variables
Symbolic Variables... Done.
BOUND: 1 < 2147483647, total time: 0.338903s
BOUND: 2 < 2147483647, total time: 0.33912s
BOUND: 3 < 2147483647, total time: 0.339387s
BOUND: 4 < 2147483647, total time: 0.339634s
BOUND: 5 < 2147483647, total time: 0.339922s
BOUND: 6 < 2147483647, total time: 0.340348s
BOUND: 7 < 2147483647, total time: 0.340685s
BOUND: 8 < 2147483647, total time: 0.341142s
BOUND: 9 < 2147483647, total time: 0.341742s
BOUND: 10 < 2147483647, total time: 0.342437s
BOUND: 11 < 2147483647, total time: 0.343112s
Solution found with cost 11 total time: 0.343841s
Merging: 1
6 0.353093 1 73
Merging: 24
5 0.366187 1 70
Merging: 8
4 0.378002 1 41
Merging: 36
3 0.38532 1 48
Merging: 9
2 0.394238 1 48
Merging: 11
1 0.402276 1 50
Merging: 1
5 0.411222 1 73
Merging: 8
4 0.41838 1 79
Merging: 24
3 0.425447 1 79
Merging: 8
2 0.432233 1 73
Merging: 24
1 0.438468 1 70
BOUND: 11 < 11, total time: 0.444397s
Actual search time: 0.1058s [t=0.444748s]
turn_to satellite0 groundstation11 star14 (1)
switch_on instrument0 satellite0 (1)
calibrate satellite0 instrument0 groundstation11 (1)
turn_to satellite0 planet15 groundstation11 (1)
take_image satellite0 planet15 instrument0 image0 (1)
turn_to satellite0 phenomenon16 planet15 (1)
take_image satellite0 phenomenon16 instrument0 image0 (1)
turn_to satellite0 planet17 phenomenon16 (1)
take_image satellite0 planet17 instrument0 thermograph1 (1)
turn_to satellite0 planet18 planet17 (1)
take_image satellite0 planet18 instrument0 thermograph1 (1)
Plan length: 11 step(s).
Plan cost: 11
Bytes per state: 4
Search time: 0.117507s
Total time: 0.444756s
Solution found.
Peak memory: 228072 KB
Running single search parser
