INFO     Running translator.
INFO     translator input: ['domain.pddl', 'problem.pddl']
INFO     translator arguments: []
INFO     translator time limit: None
INFO     translator memory limit: None
INFO     callstring: /usr/bin/python /mnt/data_server/torralba/subdominization/training/data/training_satellite/code-70296b3db083/builds/release32/bin/translate/translate.py domain.pddl problem.pddl
Parsing...
Parsing: [0.010s CPU, 0.117s wall-clock]
Normalizing task... [0.000s CPU, 0.000s wall-clock]
Instantiating...
Generating Datalog program... [0.000s CPU, 0.001s wall-clock]
Normalizing Datalog program...
Normalizing Datalog program: [0.010s CPU, 3.286s wall-clock]
Preparing model... [0.000s CPU, 0.003s wall-clock]
Generated 31 rules.
Computing model... [0.030s CPU, 0.029s wall-clock]
1576 relevant atoms
385 auxiliary atoms
1961 final queue length
3185 total queue pushes
Completing instantiation... [0.040s CPU, 0.043s wall-clock]
Instantiating: [0.080s CPU, 3.388s wall-clock]
Computing fact groups...
Finding invariants...
12 initial candidates
Finding invariants: [0.000s CPU, 0.003s wall-clock]
Checking invariant weight... [0.000s CPU, 0.000s wall-clock]
Instantiating groups... [0.000s CPU, 0.000s wall-clock]
Collecting mutex groups... [0.000s CPU, 0.000s wall-clock]
Choosing groups...
52 uncovered facts
Choosing groups: [0.000s CPU, 0.000s wall-clock]
Building translation key... [0.000s CPU, 0.001s wall-clock]
Computing fact groups: [0.000s CPU, 0.005s wall-clock]
Building STRIPS to SAS dictionary... [0.000s CPU, 0.000s wall-clock]
Building dictionary for full mutex groups... [0.000s CPU, 0.000s wall-clock]
Building mutex information...
Building mutex information: [0.000s CPU, 0.000s wall-clock]
Translating task...
Processing axioms...
Simplifying axioms... [0.000s CPU, 0.000s wall-clock]
Processing axioms: [0.000s CPU, 0.002s wall-clock]
Translating task: [0.050s CPU, 0.043s wall-clock]
21 effect conditions simplified
0 implied preconditions added
Detecting unreachable propositions...
0 operators removed
0 axioms removed
4 propositions removed
Detecting unreachable propositions: [0.020s CPU, 0.023s wall-clock]
Translator variables: 56
Translator derived variables: 0
Translator facts: 172
Translator goal facts: 8
Translator mutex groups: 4
Translator total mutex groups size: 68
Translator operators: 1268
Translator axioms: 0
Translator task size: 4448
Translator peak memory: 48848 KB
Writing output... [0.010s CPU, 0.044s wall-clock]
Done! [0.170s CPU, 3.624s wall-clock]
INFO     Running preprocessor (release32).
INFO     preprocessor input: output.sas
INFO     preprocessor arguments: []
INFO     preprocessor time limit: None
INFO     preprocessor memory limit: None
INFO     callstring: /mnt/data_server/torralba/subdominization/training/data/training_satellite/code-70296b3db083/builds/release32/bin/preprocess < output.sas
Building causal graph...
The causal graph is not acyclic.
27 variables of 56 necessary
0 of 4 mutex groups necessary.
1133 of 1268 operators necessary.
0 of 0 axiom rules necessary.
Initializing mutex computation...
Mutex computation initialized with 114 fluents.
iteration for mutex detection and operator pruning
Initialize m_index fw
Initialized mvalues forward: reached=729, notReached=11133, spurious=1134
Initialize m_ops fw
Computing mutexes...
Mutex computation finished with reached=11836, notReached=26, spurious=1134
0 operators are spurious because were not triggered
H^2 mutexes added fw: 26, unreachable: 0
0 of 1133 operators detected as spurious
iteration for mutex detection and operator pruning
Initialize m_index bw
Init values regression
Initialized mvalues backward: reached=3387, notReached=8449, spurious=1160
Initialize m_ops bw
Computing mutexes...
Mutex computation finished with reached=11836, notReached=0, spurious=1160
0 operators are spurious because were not triggered
H^2 mutexes added bw: 0, unreachable: 0
0 of 1133 operators detected as spurious
Total mutex and disambiguation time: 0.038752 iterations: 2
13 of 13 mutex groups necessary.
1133 of 1133 operators necessary.
0 of 0 axiom rules necessary.
Change id of operators: 1133
Change id of mutexes
Change id of goals
Change id of initial state
Remove unreachable facts from variables: 27
13 of 13 mutex groups necessary.
1133 of 1133 operators necessary.
0 of 0 axiom rules necessary.
Updating causal graph and pruning unnecessary facts
27 variables of 27 of 56 necessary
The causal graph is not acyclic.
27 variables of 27 necessary
13 of 13 mutex groups necessary.
1133 of 1133 operators necessary.
0 of 0 axiom rules necessary.
Building domain transition graphs...
solveable in poly time 0
Building successor generator...
Preprocessor variables: 27
Preprocessor facts: 114
Preprocessor derived variables: 0
Preprocessor operators: 1133
Preprocessor mutex groups: 13
Preprocessor task size: 3644
Writing output...
Preprocessor time: 0.0724492s
Preprocessor peak memory: 2768 KB
done
INFO     Running search (release32).
INFO     search input: output
INFO     search arguments: ['--search', 'sbd(store_operators_in_optimal_plan=true, cost_type=1)']
INFO     search time limit: 3600s
INFO     search memory limit: 4096 MB
INFO     search executable: /mnt/data_server/torralba/subdominization/training/data/training_satellite/code-70296b3db083/builds/release32/bin/downward
INFO     callstring: /mnt/data_server/torralba/subdominization/training/data/training_satellite/code-70296b3db083/builds/release32/bin/downward --search 'sbd(store_operators_in_optimal_plan=true, cost_type=1)' --internal-plan-file sas_plan < output
time limit 3600.00 -> (3600, 3601)
reading input... [t=9.1013e-05s]
done reading input! [t=0.00645346s]
packing state variables...done! [t=0.00646409s]
Variables: 27
FactPairs: 114
Bytes per state: 8
Building successor generator...done! [t=0.00700465s]
done initalizing global data [t=0.0070087s]
TR(time=60000, nodes=100000)
Mutex(time=60000, nodes=100000, type=edeletion)
Aux(time=2000, nodes=1000000)
Disj(nodes=2147483647)
Estimation: min_time(1000) time_penalty +(1000)*(2) nodes_penalty +(1000)*(2)
MaxStep(time=30000, nodes=100000000, nodes_per_planning_second=100)
Ratio useful: 0
   Min alloted time: 60000 nodes: 10000000
   Max alloted time: 60000 nodes: 15000000
   Mult alloted time: 2 nodes: 2
   Ratio after relax: 0.8
building causal graph...done! [t=0.000147927s]
Sym variable order: 14 11 15 16 2 12 20 17 18 19 13 1 4 10 0 9 7 26 5 8 6 3 25 21 24 22 23 
Initializing Symbolic Variables
Num variables: 27 => 43
Initialize Symbolic Manager(86, 186046, 16000000, 0)
Generating binary variables
Symbolic Variables... Done.
BOUND: 1 < 2147483647, total time: 0.476306s
BOUND: 2 < 2147483647, total time: 0.476603s
BOUND: 3 < 2147483647, total time: 0.476951s
BOUND: 4 < 2147483647, total time: 0.477422s
BOUND: 5 < 2147483647, total time: 0.478071s
BOUND: 6 < 2147483647, total time: 0.478725s
BOUND: 7 < 2147483647, total time: 0.479582s
BOUND: 8 < 2147483647, total time: 0.481121s
BOUND: 9 < 2147483647, total time: 0.482437s
BOUND: 10 < 2147483647, total time: 0.484636s
BOUND: 11 < 2147483647, total time: 0.487846s
BOUND: 12 < 2147483647, total time: 0.491812s
BOUND: 13 < 2147483647, total time: 0.497345s
BOUND: 14 < 2147483647, total time: 0.504898s
BOUND: 15 < 2147483647, total time: 0.513788s
Solution found with cost 15 total time: 0.523268s
Merging: 1
8 0.552912 1 219
Merging: 18
7 0.606929 1 195
Merging: 18
6 0.647219 1 153
Merging: 22
5 0.677977 1 115
Merging: 11
4 0.699216 1 74
Merging: 9
3 0.714168 1 79
Merging: 5
2 0.730415 1 83
Merging: 4
1 0.747459 1 74
Merging: 1
7 0.761252 1 219
Merging: 18
6 0.78724 1 219
Merging: 18
5 0.801991 1 195
Merging: 18
4 0.814326 1 153
Merging: 22
3 0.824263 1 113
Merging: 11
2 0.831299 1 72
Merging: 7
1 0.837201 1 57
BOUND: 15 < 15, total time: 0.840999s
Actual search time: 0.365377s [t=0.841717s]
turn_to satellite1 groundstation0 phenomenon11 (1)
turn_to satellite0 star6 groundstation0 (1)
switch_on instrument0 satellite0 (1)
calibrate satellite0 instrument0 star6 (1)
turn_to satellite0 phenomenon12 star6 (1)
take_image satellite0 phenomenon12 instrument0 infrared1 (1)
turn_to satellite0 phenomenon10 phenomenon12 (1)
take_image satellite0 phenomenon10 instrument0 image0 (1)
turn_to satellite0 planet15 phenomenon10 (1)
take_image satellite0 planet15 instrument0 image0 (1)
turn_to satellite0 planet16 planet15 (1)
take_image satellite0 planet16 instrument0 image0 (1)
turn_to satellite0 star14 planet16 (1)
take_image satellite0 star14 instrument0 image0 (1)
turn_to satellite2 star6 phenomenon12 (1)
Plan length: 15 step(s).
Plan cost: 15
Bytes per state: 8
Search time: 0.388644s
Total time: 0.841724s
Solution found.
Peak memory: 236016 KB
Running single search parser
