INFO     Running translator.
INFO     translator input: ['domain.pddl', 'problem.pddl']
INFO     translator arguments: []
INFO     translator time limit: None
INFO     translator memory limit: None
INFO     callstring: /usr/bin/python /mnt/data_server/torralba/subdominization/training/data/training_blocksworld/code-70296b3db083/builds/release32/bin/translate/translate.py domain.pddl problem.pddl
Parsing...
Parsing: [0.000s CPU, 0.007s wall-clock]
Normalizing task... [0.000s CPU, 0.000s wall-clock]
Instantiating...
Generating Datalog program... [0.000s CPU, 0.000s wall-clock]
Normalizing Datalog program...
Normalizing Datalog program: [0.000s CPU, 0.008s wall-clock]
Preparing model... [0.010s CPU, 0.001s wall-clock]
Generated 18 rules.
Computing model... [0.000s CPU, 0.006s wall-clock]
221 relevant atoms
105 auxiliary atoms
326 final queue length
623 total queue pushes
Completing instantiation... [0.010s CPU, 0.010s wall-clock]
Instantiating: [0.020s CPU, 0.027s wall-clock]
Computing fact groups...
Finding invariants...
7 initial candidates
Finding invariants: [0.000s CPU, 0.002s wall-clock]
Checking invariant weight... [0.000s CPU, 0.000s wall-clock]
Instantiating groups... [0.000s CPU, 0.000s wall-clock]
Collecting mutex groups... [0.000s CPU, 0.000s wall-clock]
Choosing groups...
5 uncovered facts
Choosing groups: [0.000s CPU, 0.000s wall-clock]
Building translation key... [0.000s CPU, 0.000s wall-clock]
Computing fact groups: [0.000s CPU, 0.004s wall-clock]
Building STRIPS to SAS dictionary... [0.000s CPU, 0.000s wall-clock]
Building dictionary for full mutex groups... [0.000s CPU, 0.000s wall-clock]
Building mutex information...
Building mutex information: [0.000s CPU, 0.000s wall-clock]
Translating task...
Processing axioms...
Simplifying axioms... [0.000s CPU, 0.000s wall-clock]
Processing axioms: [0.000s CPU, 0.001s wall-clock]
Translating task: [0.010s CPU, 0.009s wall-clock]
105 effect conditions simplified
0 implied preconditions added
Detecting unreachable propositions...
0 operators removed
0 axioms removed
5 propositions removed
Detecting unreachable propositions: [0.010s CPU, 0.004s wall-clock]
Translator variables: 10
Translator derived variables: 0
Translator facts: 40
Translator goal facts: 4
Translator mutex groups: 10
Translator total mutex groups size: 60
Translator operators: 125
Translator axioms: 0
Translator task size: 899
Translator peak memory: 44012 KB
Writing output... [0.000s CPU, 0.032s wall-clock]
Done! [0.040s CPU, 0.084s wall-clock]
INFO     Running preprocessor (release32).
INFO     preprocessor input: output.sas
INFO     preprocessor arguments: []
INFO     preprocessor time limit: None
INFO     preprocessor memory limit: None
INFO     callstring: /mnt/data_server/torralba/subdominization/training/data/training_blocksworld/code-70296b3db083/builds/release32/bin/preprocess < output.sas
Building causal graph...
The causal graph is not acyclic.
10 variables of 10 necessary
5 of 10 mutex groups necessary.
125 of 125 operators necessary.
0 of 0 axiom rules necessary.
Initializing mutex computation...
Mutex computation initialized with 40 fluents.
iteration for mutex detection and operator pruning
Initialize m_index fw
Initialized mvalues forward: reached=100, notReached=1190, spurious=310
Initialize m_ops fw
Computing mutexes...
Mutex computation finished with reached=1270, notReached=20, spurious=310
0 operators are spurious because were not triggered
H^2 mutexes added fw: 20, unreachable: 0
0 of 125 operators detected as spurious
iteration for mutex detection and operator pruning
Initialize m_index bw
Init values regression
Initialized mvalues backward: reached=138, notReached=1132, spurious=330
Initialize m_ops bw
Computing mutexes...
Mutex computation finished with reached=995, notReached=275, spurious=330
25 operators are spurious because were not triggered
Unreachable proposition: Atom on(b2, b2)
Unreachable proposition: Atom on(b1, b1)
Unreachable proposition: Atom on(b3, b3)
Unreachable proposition: Atom on(b4, b4)
Unreachable proposition: Atom on(b5, b5)
H^2 mutexes added bw: 0, unreachable: 5
0 of 100 operators detected as spurious
iteration for mutex detection and operator pruning
Initialize m_index fw
Initialized mvalues forward: reached=100, notReached=895, spurious=605
Initialize m_ops fw
Computing mutexes...
Mutex computation finished with reached=995, notReached=0, spurious=605
0 operators are spurious because were not triggered
H^2 mutexes added fw: 0, unreachable: 0
0 of 100 operators detected as spurious
Total mutex and disambiguation time: 0.003379 iterations: 3
15 of 15 mutex groups necessary.
100 of 125 operators necessary.
0 of 0 axiom rules necessary.
Change id of operators: 100
Change id of mutexes
Change id of goals
Change id of initial state
Remove unreachable facts from variables: 10
15 of 15 mutex groups necessary.
100 of 100 operators necessary.
0 of 0 axiom rules necessary.
Updating causal graph and pruning unnecessary facts
10 variables of 10 of 10 necessary
The causal graph is not acyclic.
10 variables of 10 necessary
15 of 15 mutex groups necessary.
100 of 100 operators necessary.
0 of 0 axiom rules necessary.
Building domain transition graphs...
solveable in poly time 0
Building successor generator...
Preprocessor variables: 10
Preprocessor facts: 35
Preprocessor derived variables: 0
Preprocessor operators: 100
Preprocessor mutex groups: 15
Preprocessor task size: 734
Writing output...
Preprocessor time: 0.00854432s
Preprocessor peak memory: 2232 KB
done
INFO     Running search (release32).
INFO     search input: output
INFO     search arguments: ['--search', 'sbd(store_operators_in_optimal_plan=true, cost_type=1)']
INFO     search time limit: 3600s
INFO     search memory limit: 4096 MB
INFO     search executable: /mnt/data_server/torralba/subdominization/training/data/training_blocksworld/code-70296b3db083/builds/release32/bin/downward
INFO     callstring: /mnt/data_server/torralba/subdominization/training/data/training_blocksworld/code-70296b3db083/builds/release32/bin/downward --search 'sbd(store_operators_in_optimal_plan=true, cost_type=1)' --internal-plan-file sas_plan < output
time limit 3600.00 -> (3600, 3601)
reading input... [t=0.000121819s]
done reading input! [t=0.00107199s]
packing state variables...done! [t=0.0010829s]
Variables: 10
FactPairs: 35
Bytes per state: 4
Building successor generator...done! [t=0.00122546s]
done initalizing global data [t=0.00122871s]
TR(time=60000, nodes=100000)
Mutex(time=60000, nodes=100000, type=edeletion)
Aux(time=2000, nodes=1000000)
Disj(nodes=2147483647)
Estimation: min_time(1000) time_penalty +(1000)*(2) nodes_penalty +(1000)*(2)
MaxStep(time=30000, nodes=100000000, nodes_per_planning_second=100)
Ratio useful: 0
   Min alloted time: 60000 nodes: 10000000
   Max alloted time: 60000 nodes: 15000000
   Mult alloted time: 2 nodes: 2
   Ratio after relax: 0.8
building causal graph...done! [t=0.000122994s]
Sym variable order: 0 7 6 3 4 5 2 1 8 9 
Initializing Symbolic Variables
Num variables: 10 => 20
Initialize Symbolic Manager(40, 400000, 16000000, 0)
Generating binary variables
Symbolic Variables... Done.
BOUND: 1 < 2147483647, total time: 0.275772s
BOUND: 2 < 2147483647, total time: 0.27592s
BOUND: 3 < 2147483647, total time: 0.276028s
BOUND: 4 < 2147483647, total time: 0.276107s
BOUND: 5 < 2147483647, total time: 0.276229s
BOUND: 6 < 2147483647, total time: 0.276419s
BOUND: 7 < 2147483647, total time: 0.276692s
Solution found with cost 7 total time: 0.277148s
Merging: 1
3 0.279203 1 61
Merging: 6
2 0.280898 1 45
Merging: 6
1 0.282211 1 33
Merging: 1
4 0.283166 1 61
Merging: 6
3 0.283985 1 40
Merging: 4
2 0.284394 1 21
Merging: 1
1 0.284581 1 21
BOUND: 7 < 7, total time: 0.284734s
Actual search time: 0.00914225s [t=0.284972s]
move-b-to-b b1 b5 b4 (1)
move-b-to-t b5 b2 (1)
move-b-to-b b1 b4 b2 (1)
move-b-to-t b4 b3 (1)
move-t-to-b b5 b1 (1)
move-t-to-b b3 b5 (1)
move-t-to-b b4 b3 (1)
Plan length: 7 step(s).
Plan cost: 7
Bytes per state: 4
Search time: 0.0197987s
Total time: 0.284984s
Solution found.
Peak memory: 227516 KB
Running single search parser
