INFO     Running translator.
INFO     translator input: ['domain.pddl', 'problem.pddl']
INFO     translator arguments: []
INFO     translator time limit: None
INFO     translator memory limit: None
INFO     callstring: /usr/bin/python /mnt/data_server/torralba/subdominization/training/data/training_blocksworld/code-70296b3db083/builds/release32/bin/translate/translate.py domain.pddl problem.pddl
Parsing...
Parsing: [0.000s CPU, 0.005s wall-clock]
Normalizing task... [0.000s CPU, 0.000s wall-clock]
Instantiating...
Generating Datalog program... [0.000s CPU, 0.000s wall-clock]
Normalizing Datalog program...
Normalizing Datalog program: [0.010s CPU, 0.003s wall-clock]
Preparing model... [0.000s CPU, 0.001s wall-clock]
Generated 18 rules.
Computing model... [0.080s CPU, 0.074s wall-clock]
2209 relevant atoms
504 auxiliary atoms
2713 final queue length
6449 total queue pushes
Completing instantiation... [0.160s CPU, 0.166s wall-clock]
Instantiating: [0.250s CPU, 0.258s wall-clock]
Computing fact groups...
Finding invariants...
7 initial candidates
Finding invariants: [0.000s CPU, 0.003s wall-clock]
Checking invariant weight... [0.000s CPU, 0.000s wall-clock]
Instantiating groups... [0.000s CPU, 0.002s wall-clock]
Collecting mutex groups... [0.000s CPU, 0.000s wall-clock]
Choosing groups...
12 uncovered facts
Choosing groups: [0.000s CPU, 0.002s wall-clock]
Building translation key... [0.000s CPU, 0.001s wall-clock]
Computing fact groups: [0.010s CPU, 0.010s wall-clock]
Building STRIPS to SAS dictionary... [0.000s CPU, 0.000s wall-clock]
Building dictionary for full mutex groups... [0.000s CPU, 0.000s wall-clock]
Building mutex information...
Building mutex information: [0.000s CPU, 0.001s wall-clock]
Translating task...
Processing axioms...
Simplifying axioms... [0.000s CPU, 0.000s wall-clock]
Processing axioms: [0.010s CPU, 0.009s wall-clock]
Translating task: [0.190s CPU, 0.196s wall-clock]
1596 effect conditions simplified
0 implied preconditions added
Detecting unreachable propositions...
0 operators removed
0 axioms removed
12 propositions removed
Detecting unreachable propositions: [0.100s CPU, 0.088s wall-clock]
Translator variables: 24
Translator derived variables: 0
Translator facts: 180
Translator goal facts: 8
Translator mutex groups: 24
Translator total mutex groups size: 312
Translator operators: 1728
Translator axioms: 0
Translator task size: 12068
Translator peak memory: 56380 KB
Writing output... [0.030s CPU, 0.042s wall-clock]
Done! [0.590s CPU, 0.609s wall-clock]
INFO     Running preprocessor (release32).
INFO     preprocessor input: output.sas
INFO     preprocessor arguments: []
INFO     preprocessor time limit: None
INFO     preprocessor memory limit: None
INFO     callstring: /mnt/data_server/torralba/subdominization/training/data/training_blocksworld/code-70296b3db083/builds/release32/bin/preprocess < output.sas
Building causal graph...
The causal graph is not acyclic.
24 variables of 24 necessary
12 of 24 mutex groups necessary.
1728 of 1728 operators necessary.
0 of 0 axiom rules necessary.
Initializing mutex computation...
Mutex computation initialized with 180 fluents.
iteration for mutex detection and operator pruning
Initialize m_index fw
Initialized mvalues forward: reached=576, notReached=28056, spurious=3768
Initialize m_ops fw
Computing mutexes...
Mutex computation finished with reached=28500, notReached=132, spurious=3768
0 operators are spurious because were not triggered
H^2 mutexes added fw: 132, unreachable: 0
0 of 1728 operators detected as spurious
iteration for mutex detection and operator pruning
Initialize m_index bw
Init values regression
Initialized mvalues backward: reached=1628, notReached=26872, spurious=3900
Initialize m_ops bw
Computing mutexes...
Mutex computation finished with reached=25189, notReached=3311, spurious=3900
132 operators are spurious because were not triggered
Unreachable proposition: Atom on(b3, b3)
Unreachable proposition: Atom on(b4, b4)
Unreachable proposition: Atom on(b9, b9)
Unreachable proposition: Atom on(b1, b1)
Unreachable proposition: Atom on(b10, b10)
Unreachable proposition: Atom on(b11, b11)
Unreachable proposition: Atom on(b12, b12)
Unreachable proposition: Atom on(b2, b2)
Unreachable proposition: Atom on(b6, b6)
Unreachable proposition: Atom on(b7, b7)
Unreachable proposition: Atom on(b8, b8)
H^2 mutexes added bw: 0, unreachable: 11
0 of 1596 operators detected as spurious
iteration for mutex detection and operator pruning
Initialize m_index fw
Initialized mvalues forward: reached=576, notReached=24613, spurious=7211
Initialize m_ops fw
Computing mutexes...
Mutex computation finished with reached=25189, notReached=0, spurious=7211
0 operators are spurious because were not triggered
H^2 mutexes added fw: 0, unreachable: 0
0 of 1596 operators detected as spurious
Total mutex and disambiguation time: 0.214748 iterations: 3
78 of 78 mutex groups necessary.
1596 of 1728 operators necessary.
0 of 0 axiom rules necessary.
Change id of operators: 1596
Change id of mutexes
Change id of goals
Change id of initial state
Remove unreachable facts from variables: 24
78 of 78 mutex groups necessary.
1596 of 1596 operators necessary.
0 of 0 axiom rules necessary.
Updating causal graph and pruning unnecessary facts
24 variables of 24 of 24 necessary
The causal graph is not acyclic.
24 variables of 24 necessary
78 of 78 mutex groups necessary.
1596 of 1596 operators necessary.
0 of 0 axiom rules necessary.
Building domain transition graphs...
solveable in poly time 0
Building successor generator...
Preprocessor variables: 24
Preprocessor facts: 169
Preprocessor derived variables: 0
Preprocessor operators: 1596
Preprocessor mutex groups: 78
Preprocessor task size: 11241
Writing output...
Preprocessor time: 0.29613s
Preprocessor peak memory: 3492 KB
done
INFO     Running search (release32).
INFO     search input: output
INFO     search arguments: ['--search', 'sbd(store_operators_in_optimal_plan=true, cost_type=1)']
INFO     search time limit: 3600s
INFO     search memory limit: 4096 MB
INFO     search executable: /mnt/data_server/torralba/subdominization/training/data/training_blocksworld/code-70296b3db083/builds/release32/bin/downward
INFO     callstring: /mnt/data_server/torralba/subdominization/training/data/training_blocksworld/code-70296b3db083/builds/release32/bin/downward --search 'sbd(store_operators_in_optimal_plan=true, cost_type=1)' --internal-plan-file sas_plan < output
time limit 3600.00 -> (3600, 3601)
reading input... [t=0.000105722s]
done reading input! [t=0.0164139s]
packing state variables...done! [t=0.016447s]
Variables: 24
FactPairs: 169
Bytes per state: 8
Building successor generator...done! [t=0.0195635s]
done initalizing global data [t=0.0195726s]
TR(time=60000, nodes=100000)
Mutex(time=60000, nodes=100000, type=edeletion)
Aux(time=2000, nodes=1000000)
Disj(nodes=2147483647)
Estimation: min_time(1000) time_penalty +(1000)*(2) nodes_penalty +(1000)*(2)
MaxStep(time=30000, nodes=100000000, nodes_per_planning_second=100)
Ratio useful: 0
   Min alloted time: 60000 nodes: 10000000
   Max alloted time: 60000 nodes: 15000000
   Mult alloted time: 2 nodes: 2
   Ratio after relax: 0.8
building causal graph...done! [t=0.00137357s]
Sym variable order: 0 1 2 3 19 16 5 7 8 9 10 11 12 13 14 15 6 4 17 18 20 21 22 23 
Initializing Symbolic Variables
Num variables: 24 => 60
Initialize Symbolic Manager(120, 133333, 16000000, 0)
Generating binary variables
Symbolic Variables... Done.
BOUND: 1 < 2147483647, total time: 6.62266s
BOUND: 2 < 2147483647, total time: 6.62746s
BOUND: 3 < 2147483647, total time: 6.64603s
BOUND: 4 < 2147483647, total time: 6.6533s
BOUND: 5 < 2147483647, total time: 6.69068s
BOUND: 6 < 2147483647, total time: 6.72891s
BOUND: 7 < 2147483647, total time: 6.82983s
BOUND: 8 < 2147483647, total time: 7.02891s
BOUND: 9 < 2147483647, total time: 7.33417s
BOUND: 10 < 2147483647, total time: 8.95171s
BOUND: 11 < 2147483647, total time: 9.90406s
BOUND: 12 < 2147483647, total time: 13.7597s
Solution found with cost 12 total time: 18.0651s
Merging: 1
6 18.2781 1 424
Merging: 9
5 18.5146 1 464
Merging: 12
4 18.7915 1 433
Merging: 17
3 19.0563 1 403
Merging: 16
2 19.2796 1 271
Merging: 12
1 19.4364 1 118
Merging: 1
6 19.5035 1 424
Merging: 8
5 19.5528 1 320
Merging: 8
4 19.592 1 195
Merging: 5
3 19.6191 1 170
Merging: 4
2 19.6424 1 125
Merging: 1
1 19.6592 1 125
BOUND: 12 < 12, total time: 19.676s
Actual search time: 13.0747s [t=19.7007s]
move-b-to-t b1 b5 (1)
move-b-to-t b5 b8 (1)
move-b-to-b b4 b6 b5 (1)
move-b-to-b b8 b2 b4 (1)
move-b-to-b b6 b11 b1 (1)
move-b-to-b b10 b12 b9 (1)
move-b-to-b b11 b3 b8 (1)
move-b-to-b b6 b1 b11 (1)
move-t-to-b b2 b6 (1)
move-t-to-b b1 b2 (1)
move-b-to-b b12 b7 b1 (1)
move-t-to-b b7 b3 (1)
Plan length: 12 step(s).
Plan cost: 12
Bytes per state: 8
Search time: 19.2497s
Total time: 19.7008s
Solution found.
Peak memory: 415136 KB
Running single search parser
