INFO     Running translator.
INFO     translator input: ['domain.pddl', 'problem.pddl']
INFO     translator arguments: []
INFO     translator time limit: None
INFO     translator memory limit: None
INFO     callstring: /usr/bin/python /mnt/data_server/torralba/subdominization/training/data/training_satellite/code-70296b3db083/builds/release32/bin/translate/translate.py domain.pddl problem.pddl
Parsing...
Parsing: [0.010s CPU, 0.021s wall-clock]
Normalizing task... [0.000s CPU, 0.000s wall-clock]
Instantiating...
Generating Datalog program... [0.000s CPU, 0.001s wall-clock]
Normalizing Datalog program...
Normalizing Datalog program: [0.000s CPU, 0.027s wall-clock]
Preparing model... [0.000s CPU, 0.003s wall-clock]
Generated 31 rules.
Computing model... [0.030s CPU, 0.025s wall-clock]
916 relevant atoms
189 auxiliary atoms
1105 final queue length
1709 total queue pushes
Completing instantiation... [0.040s CPU, 0.038s wall-clock]
Instantiating: [0.070s CPU, 0.099s wall-clock]
Computing fact groups...
Finding invariants...
12 initial candidates
Finding invariants: [0.000s CPU, 0.003s wall-clock]
Checking invariant weight... [0.000s CPU, 0.000s wall-clock]
Instantiating groups... [0.000s CPU, 0.000s wall-clock]
Collecting mutex groups... [0.000s CPU, 0.000s wall-clock]
Choosing groups...
76 uncovered facts
Choosing groups: [0.000s CPU, 0.000s wall-clock]
Building translation key... [0.000s CPU, 0.001s wall-clock]
Computing fact groups: [0.000s CPU, 0.006s wall-clock]
Building STRIPS to SAS dictionary... [0.000s CPU, 0.000s wall-clock]
Building dictionary for full mutex groups... [0.000s CPU, 0.000s wall-clock]
Building mutex information...
Building mutex information: [0.000s CPU, 0.000s wall-clock]
Translating task...
Processing axioms...
Simplifying axioms... [0.000s CPU, 0.000s wall-clock]
Processing axioms: [0.000s CPU, 0.002s wall-clock]
Translating task: [0.040s CPU, 0.039s wall-clock]
9 effect conditions simplified
0 implied preconditions added
Detecting unreachable propositions...
0 operators removed
0 axioms removed
2 propositions removed
Detecting unreachable propositions: [0.020s CPU, 0.023s wall-clock]
Translator variables: 78
Translator derived variables: 0
Translator facts: 186
Translator goal facts: 8
Translator mutex groups: 2
Translator total mutex groups size: 34
Translator operators: 676
Translator axioms: 0
Translator task size: 2588
Translator peak memory: 46328 KB
Writing output... [0.000s CPU, 0.015s wall-clock]
Done! [0.150s CPU, 0.206s wall-clock]
INFO     Running preprocessor (release32).
INFO     preprocessor input: output.sas
INFO     preprocessor arguments: []
INFO     preprocessor time limit: None
INFO     preprocessor memory limit: None
INFO     callstring: /mnt/data_server/torralba/subdominization/training/data/training_satellite/code-70296b3db083/builds/release32/bin/preprocess < output.sas
Building causal graph...
The causal graph is not acyclic.
17 variables of 78 necessary
0 of 2 mutex groups necessary.
571 of 676 operators necessary.
0 of 0 axiom rules necessary.
Initializing mutex computation...
Mutex computation initialized with 64 fluents.
iteration for mutex detection and operator pruning
Initialize m_index fw
Initialized mvalues forward: reached=289, notReached=3233, spurious=574
Initialize m_ops fw
Computing mutexes...
Mutex computation finished with reached=3512, notReached=10, spurious=574
0 operators are spurious because were not triggered
H^2 mutexes added fw: 10, unreachable: 0
0 of 571 operators detected as spurious
iteration for mutex detection and operator pruning
Initialize m_index bw
Init values regression
Initialized mvalues backward: reached=1383, notReached=2129, spurious=584
Initialize m_ops bw
Computing mutexes...
Mutex computation finished with reached=3512, notReached=0, spurious=584
0 operators are spurious because were not triggered
H^2 mutexes added bw: 0, unreachable: 0
0 of 571 operators detected as spurious
Total mutex and disambiguation time: 0.011971 iterations: 2
5 of 5 mutex groups necessary.
571 of 571 operators necessary.
0 of 0 axiom rules necessary.
Change id of operators: 571
Change id of mutexes
Change id of goals
Change id of initial state
Remove unreachable facts from variables: 17
5 of 5 mutex groups necessary.
571 of 571 operators necessary.
0 of 0 axiom rules necessary.
Updating causal graph and pruning unnecessary facts
17 variables of 17 of 78 necessary
The causal graph is not acyclic.
17 variables of 17 necessary
5 of 5 mutex groups necessary.
571 of 571 operators necessary.
0 of 0 axiom rules necessary.
Building domain transition graphs...
solveable in poly time 0
Building successor generator...
Preprocessor variables: 17
Preprocessor facts: 64
Preprocessor derived variables: 0
Preprocessor operators: 571
Preprocessor mutex groups: 5
Preprocessor task size: 1856
Writing output...
Preprocessor time: 0.0291124s
Preprocessor peak memory: 2404 KB
done
INFO     Running search (release32).
INFO     search input: output
INFO     search arguments: ['--search', 'sbd(store_operators_in_optimal_plan=true, cost_type=1)']
INFO     search time limit: 3600s
INFO     search memory limit: 4096 MB
INFO     search executable: /mnt/data_server/torralba/subdominization/training/data/training_satellite/code-70296b3db083/builds/release32/bin/downward
INFO     callstring: /mnt/data_server/torralba/subdominization/training/data/training_satellite/code-70296b3db083/builds/release32/bin/downward --search 'sbd(store_operators_in_optimal_plan=true, cost_type=1)' --internal-plan-file sas_plan < output
time limit 3600.00 -> (3600, 3601)
reading input... [t=0.000100122s]
done reading input! [t=0.00408147s]
packing state variables...done! [t=0.00409499s]
Variables: 17
FactPairs: 64
Bytes per state: 4
Building successor generator...done! [t=0.00441023s]
done initalizing global data [t=0.00441687s]
TR(time=60000, nodes=100000)
Mutex(time=60000, nodes=100000, type=edeletion)
Aux(time=2000, nodes=1000000)
Disj(nodes=2147483647)
Estimation: min_time(1000) time_penalty +(1000)*(2) nodes_penalty +(1000)*(2)
MaxStep(time=30000, nodes=100000000, nodes_per_planning_second=100)
Ratio useful: 0
   Min alloted time: 60000 nodes: 10000000
   Max alloted time: 60000 nodes: 15000000
   Mult alloted time: 2 nodes: 2
   Ratio after relax: 0.8
building causal graph...done! [t=0.000104346s]
Sym variable order: 4 2 10 6 8 11 9 3 5 0 7 15 16 1 14 13 12 
Initializing Symbolic Variables
Num variables: 17 => 25
Initialize Symbolic Manager(50, 320000, 16000000, 0)
Generating binary variables
Symbolic Variables... Done.
BOUND: 1 < 2147483647, total time: 0.406931s
BOUND: 2 < 2147483647, total time: 0.407147s
BOUND: 3 < 2147483647, total time: 0.407369s
BOUND: 4 < 2147483647, total time: 0.40768s
BOUND: 5 < 2147483647, total time: 0.407937s
BOUND: 6 < 2147483647, total time: 0.408228s
BOUND: 7 < 2147483647, total time: 0.408558s
BOUND: 8 < 2147483647, total time: 0.409129s
BOUND: 9 < 2147483647, total time: 0.40966s
BOUND: 10 < 2147483647, total time: 0.410486s
BOUND: 11 < 2147483647, total time: 0.411322s
BOUND: 12 < 2147483647, total time: 0.412531s
BOUND: 13 < 2147483647, total time: 0.413651s
BOUND: 14 < 2147483647, total time: 0.415095s
BOUND: 15 < 2147483647, total time: 0.416453s
BOUND: 16 < 2147483647, total time: 0.417991s
BOUND: 17 < 2147483647, total time: 0.42012s
BOUND: 18 < 2147483647, total time: 0.421698s
Solution found with cost 18 total time: 0.422992s
Merging: 1
8 0.440263 1 122
Merging: 42
7 0.46276 1 115
Merging: 7
6 0.485424 1 72
Merging: 42
5 0.497088 1 65
Merging: 7
4 0.507852 1 28
Merging: 21
3 0.512383 1 30
Merging: 3
2 0.51726 1 30
Merging: 4
1 0.521727 1 41
Merging: 1
10 0.528484 1 122
Merging: 7
9 0.542037 1 151
Merging: 42
8 0.556939 1 151
Merging: 7
7 0.568891 1 151
Merging: 42
6 0.580692 1 151
Merging: 7
5 0.591929 1 122
Merging: 42
4 0.601465 1 115
Merging: 7
3 0.610279 1 72
Merging: 42
2 0.616154 1 65
Merging: 7
1 0.621477 1 28
BOUND: 18 < 18, total time: 0.624169s
Actual search time: 0.217646s [t=0.624623s]
turn_to satellite0 groundstation1 star10 (1)
switch_on instrument1 satellite0 (1)
calibrate satellite0 instrument1 groundstation1 (1)
turn_to satellite0 planet13 groundstation1 (1)
take_image satellite0 planet13 instrument1 image0 (1)
turn_to satellite0 planet12 planet13 (1)
take_image satellite0 planet12 instrument1 spectrograph1 (1)
turn_to satellite0 phenomenon14 planet12 (1)
take_image satellite0 phenomenon14 instrument1 spectrograph1 (1)
turn_to satellite0 planet15 phenomenon14 (1)
take_image satellite0 planet15 instrument1 spectrograph2 (1)
turn_to satellite0 star10 planet15 (1)
take_image satellite0 star10 instrument1 spectrograph1 (1)
turn_to satellite0 star11 star10 (1)
take_image satellite0 star11 instrument1 image0 (1)
turn_to satellite0 star16 star11 (1)
take_image satellite0 star16 instrument1 spectrograph1 (1)
turn_to satellite0 star6 star16 (1)
Plan length: 18 step(s).
Plan cost: 18
Bytes per state: 4
Search time: 0.229613s
Total time: 0.624634s
Solution found.
Peak memory: 249116 KB
Running single search parser
