INFO     Running translator.
INFO     translator input: ['domain.pddl', 'problem.pddl']
INFO     translator arguments: []
INFO     translator time limit: None
INFO     translator memory limit: None
INFO     callstring: /usr/bin/python /mnt/data_server/torralba/subdominization/training/data/training_blocksworld/code-70296b3db083/builds/release32/bin/translate/translate.py domain.pddl problem.pddl
Parsing...
Parsing: [0.000s CPU, 0.006s wall-clock]
Normalizing task... [0.000s CPU, 0.000s wall-clock]
Instantiating...
Generating Datalog program... [0.000s CPU, 0.000s wall-clock]
Normalizing Datalog program...
Normalizing Datalog program: [0.000s CPU, 0.003s wall-clock]
Preparing model... [0.000s CPU, 0.001s wall-clock]
Generated 18 rules.
Computing model... [0.010s CPU, 0.008s wall-clock]
349 relevant atoms
144 auxiliary atoms
493 final queue length
993 total queue pushes
Completing instantiation... [0.020s CPU, 0.015s wall-clock]
Instantiating: [0.030s CPU, 0.030s wall-clock]
Computing fact groups...
Finding invariants...
7 initial candidates
Finding invariants: [0.010s CPU, 0.002s wall-clock]
Checking invariant weight... [0.000s CPU, 0.000s wall-clock]
Instantiating groups... [0.000s CPU, 0.000s wall-clock]
Collecting mutex groups... [0.000s CPU, 0.000s wall-clock]
Choosing groups...
6 uncovered facts
Choosing groups: [0.000s CPU, 0.000s wall-clock]
Building translation key... [0.000s CPU, 0.000s wall-clock]
Computing fact groups: [0.010s CPU, 0.004s wall-clock]
Building STRIPS to SAS dictionary... [0.000s CPU, 0.000s wall-clock]
Building dictionary for full mutex groups... [0.000s CPU, 0.000s wall-clock]
Building mutex information...
Building mutex information: [0.000s CPU, 0.000s wall-clock]
Translating task...
Processing axioms...
Simplifying axioms... [0.000s CPU, 0.000s wall-clock]
Processing axioms: [0.000s CPU, 0.001s wall-clock]
Translating task: [0.010s CPU, 0.016s wall-clock]
186 effect conditions simplified
0 implied preconditions added
Detecting unreachable propositions...
0 operators removed
0 axioms removed
6 propositions removed
Detecting unreachable propositions: [0.010s CPU, 0.007s wall-clock]
Translator variables: 12
Translator derived variables: 0
Translator facts: 54
Translator goal facts: 3
Translator mutex groups: 12
Translator total mutex groups size: 84
Translator operators: 216
Translator axioms: 0
Translator task size: 1533
Translator peak memory: 44912 KB
Writing output... [0.010s CPU, 0.006s wall-clock]
Done! [0.070s CPU, 0.071s wall-clock]
INFO     Running preprocessor (release32).
INFO     preprocessor input: output.sas
INFO     preprocessor arguments: []
INFO     preprocessor time limit: None
INFO     preprocessor memory limit: None
INFO     callstring: /mnt/data_server/torralba/subdominization/training/data/training_blocksworld/code-70296b3db083/builds/release32/bin/preprocess < output.sas
Building causal graph...
The causal graph is not acyclic.
12 variables of 12 necessary
6 of 12 mutex groups necessary.
216 of 216 operators necessary.
0 of 0 axiom rules necessary.
Initializing mutex computation...
Mutex computation initialized with 54 fluents.
iteration for mutex detection and operator pruning
Initialize m_index fw
Initialized mvalues forward: reached=144, notReached=2256, spurious=516
Initialize m_ops fw
Computing mutexes...
Mutex computation finished with reached=2370, notReached=30, spurious=516
0 operators are spurious because were not triggered
H^2 mutexes added fw: 30, unreachable: 0
0 of 216 operators detected as spurious
iteration for mutex detection and operator pruning
Initialize m_index bw
Init values regression
Initialized mvalues backward: reached=463, notReached=1907, spurious=546
Initialize m_ops bw
Computing mutexes...
Mutex computation finished with reached=1975, notReached=395, spurious=546
30 operators are spurious because were not triggered
Unreachable proposition: Atom on(b3, b3)
Unreachable proposition: Atom on(b6, b6)
Unreachable proposition: Atom on(b2, b2)
Unreachable proposition: Atom on(b4, b4)
Unreachable proposition: Atom on(b5, b5)
H^2 mutexes added bw: 0, unreachable: 5
0 of 186 operators detected as spurious
iteration for mutex detection and operator pruning
Initialize m_index fw
Initialized mvalues forward: reached=144, notReached=1831, spurious=941
Initialize m_ops fw
Computing mutexes...
Mutex computation finished with reached=1975, notReached=0, spurious=941
0 operators are spurious because were not triggered
H^2 mutexes added fw: 0, unreachable: 0
0 of 186 operators detected as spurious
Total mutex and disambiguation time: 0.007852 iterations: 3
21 of 21 mutex groups necessary.
186 of 216 operators necessary.
0 of 0 axiom rules necessary.
Change id of operators: 186
Change id of mutexes
Change id of goals
Change id of initial state
Remove unreachable facts from variables: 12
21 of 21 mutex groups necessary.
186 of 186 operators necessary.
0 of 0 axiom rules necessary.
Updating causal graph and pruning unnecessary facts
12 variables of 12 of 12 necessary
The causal graph is not acyclic.
12 variables of 12 necessary
21 of 21 mutex groups necessary.
186 of 186 operators necessary.
0 of 0 axiom rules necessary.
Building domain transition graphs...
solveable in poly time 0
Building successor generator...
Preprocessor variables: 12
Preprocessor facts: 49
Preprocessor derived variables: 0
Preprocessor operators: 186
Preprocessor mutex groups: 21
Preprocessor task size: 1336
Writing output...
Preprocessor time: 0.0173101s
Preprocessor peak memory: 2228 KB
done
INFO     Running search (release32).
INFO     search input: output
INFO     search arguments: ['--search', 'sbd(store_operators_in_optimal_plan=true, cost_type=1)']
INFO     search time limit: 3600s
INFO     search memory limit: 4096 MB
INFO     search executable: /mnt/data_server/torralba/subdominization/training/data/training_blocksworld/code-70296b3db083/builds/release32/bin/downward
INFO     callstring: /mnt/data_server/torralba/subdominization/training/data/training_blocksworld/code-70296b3db083/builds/release32/bin/downward --search 'sbd(store_operators_in_optimal_plan=true, cost_type=1)' --internal-plan-file sas_plan < output
time limit 3600.00 -> (3600, 3601)
reading input... [t=0.000126699s]
done reading input! [t=0.00188757s]
packing state variables...done! [t=0.00191038s]
Variables: 12
FactPairs: 49
Bytes per state: 4
Building successor generator...done! [t=0.00229008s]
done initalizing global data [t=0.00229672s]
TR(time=60000, nodes=100000)
Mutex(time=60000, nodes=100000, type=edeletion)
Aux(time=2000, nodes=1000000)
Disj(nodes=2147483647)
Estimation: min_time(1000) time_penalty +(1000)*(2) nodes_penalty +(1000)*(2)
MaxStep(time=30000, nodes=100000000, nodes_per_planning_second=100)
Ratio useful: 0
   Min alloted time: 60000 nodes: 10000000
   Max alloted time: 60000 nodes: 15000000
   Mult alloted time: 2 nodes: 2
   Ratio after relax: 0.8
building causal graph...done! [t=0.000250789s]
Sym variable order: 0 1 2 3 4 5 6 7 8 9 10 11 
Initializing Symbolic Variables
Num variables: 12 => 24
Initialize Symbolic Manager(48, 333333, 16000000, 0)
Generating binary variables
Symbolic Variables... Done.
BOUND: 1 < 2147483647, total time: 0.327886s
BOUND: 2 < 2147483647, total time: 0.328406s
BOUND: 3 < 2147483647, total time: 0.329211s
Solution found with cost 3 total time: 0.32942s
Merging: 1
2 0.330357 1 30
Merging: 2
1 0.332038 1 25
Merging: 1
1 0.333298 1 30
BOUND: 3 < 3, total time: 0.334006s
Actual search time: 0.00594607s [t=0.334212s]
move-b-to-b b4 b1 b3 (1)
move-b-to-b b1 b2 b1 (1)
move-b-to-b b2 b5 b4 (1)
Plan length: 3 step(s).
Plan cost: 3
Bytes per state: 4
Search time: 0.0400044s
Total time: 0.334223s
Solution found.
Peak memory: 245072 KB
Running single search parser
