INFO     Running translator.
INFO     translator input: ['domain.pddl', 'problem.pddl']
INFO     translator arguments: []
INFO     translator time limit: None
INFO     translator memory limit: None
INFO     callstring: /usr/bin/python /mnt/data_server/torralba/subdominization/training/data/training_satellite/code-70296b3db083/builds/release32/bin/translate/translate.py domain.pddl problem.pddl
Parsing...
Parsing: [0.010s CPU, 0.014s wall-clock]
Normalizing task... [0.000s CPU, 0.000s wall-clock]
Instantiating...
Generating Datalog program... [0.000s CPU, 0.001s wall-clock]
Normalizing Datalog program...
Normalizing Datalog program: [0.010s CPU, 0.054s wall-clock]
Preparing model... [0.000s CPU, 0.003s wall-clock]
Generated 31 rules.
Computing model... [0.050s CPU, 0.056s wall-clock]
2096 relevant atoms
492 auxiliary atoms
2588 final queue length
4229 total queue pushes
Completing instantiation... [0.090s CPU, 0.095s wall-clock]
Instantiating: [0.160s CPU, 0.275s wall-clock]
Computing fact groups...
Finding invariants...
12 initial candidates
Finding invariants: [0.000s CPU, 0.004s wall-clock]
Checking invariant weight... [0.000s CPU, 0.000s wall-clock]
Instantiating groups... [0.000s CPU, 0.001s wall-clock]
Collecting mutex groups... [0.000s CPU, 0.000s wall-clock]
Choosing groups...
79 uncovered facts
Choosing groups: [0.000s CPU, 0.000s wall-clock]
Building translation key... [0.000s CPU, 0.001s wall-clock]
Computing fact groups: [0.000s CPU, 0.008s wall-clock]
Building STRIPS to SAS dictionary... [0.000s CPU, 0.000s wall-clock]
Building dictionary for full mutex groups... [0.000s CPU, 0.000s wall-clock]
Building mutex information...
Building mutex information: [0.000s CPU, 0.000s wall-clock]
Translating task...
Processing axioms...
Simplifying axioms... [0.000s CPU, 0.000s wall-clock]
Processing axioms: [0.010s CPU, 0.004s wall-clock]
Translating task: [0.100s CPU, 0.095s wall-clock]
27 effect conditions simplified
0 implied preconditions added
Detecting unreachable propositions...
0 operators removed
0 axioms removed
4 propositions removed
Detecting unreachable propositions: [0.050s CPU, 0.055s wall-clock]
Translator variables: 83
Translator derived variables: 0
Translator facts: 234
Translator goal facts: 5
Translator mutex groups: 4
Translator total mutex groups size: 76
Translator operators: 1712
Translator axioms: 0
Translator task size: 6191
Translator peak memory: 51236 KB
Writing output... [0.010s CPU, 0.093s wall-clock]
Done! [0.340s CPU, 0.545s wall-clock]
INFO     Running preprocessor (release32).
INFO     preprocessor input: output.sas
INFO     preprocessor arguments: []
INFO     preprocessor time limit: None
INFO     preprocessor memory limit: None
INFO     callstring: /mnt/data_server/torralba/subdominization/training/data/training_satellite/code-70296b3db083/builds/release32/bin/preprocess < output.sas
Building causal graph...
The causal graph is not acyclic.
30 variables of 83 necessary
0 of 4 mutex groups necessary.
1429 of 1712 operators necessary.
0 of 0 axiom rules necessary.
Initializing mutex computation...
Mutex computation initialized with 128 fluents.
iteration for mutex detection and operator pruning
Initialize m_index fw
Initialized mvalues forward: reached=900, notReached=14064, spurious=1420
Initialize m_ops fw
Computing mutexes...
Mutex computation finished with reached=14928, notReached=36, spurious=1420
0 operators are spurious because were not triggered
H^2 mutexes added fw: 36, unreachable: 0
0 of 1429 operators detected as spurious
iteration for mutex detection and operator pruning
Initialize m_index bw
Init values regression
Initialized mvalues backward: reached=10130, notReached=4798, spurious=1456
Initialize m_ops bw
Computing mutexes...
Mutex computation finished with reached=14928, notReached=0, spurious=1456
0 operators are spurious because were not triggered
H^2 mutexes added bw: 0, unreachable: 0
0 of 1429 operators detected as spurious
Total mutex and disambiguation time: 0.061258 iterations: 2
18 of 18 mutex groups necessary.
1429 of 1429 operators necessary.
0 of 0 axiom rules necessary.
Change id of operators: 1429
Change id of mutexes
Change id of goals
Change id of initial state
Remove unreachable facts from variables: 30
18 of 18 mutex groups necessary.
1429 of 1429 operators necessary.
0 of 0 axiom rules necessary.
Updating causal graph and pruning unnecessary facts
30 variables of 30 of 83 necessary
The causal graph is not acyclic.
30 variables of 30 necessary
18 of 18 mutex groups necessary.
1429 of 1429 operators necessary.
0 of 0 axiom rules necessary.
Building domain transition graphs...
solveable in poly time 0
Building successor generator...
Preprocessor variables: 30
Preprocessor facts: 128
Preprocessor derived variables: 0
Preprocessor operators: 1429
Preprocessor mutex groups: 18
Preprocessor task size: 4577
Writing output...
Preprocessor time: 0.101757s
Preprocessor peak memory: 2908 KB
done
INFO     Running search (release32).
INFO     search input: output
INFO     search arguments: ['--search', 'sbd(store_operators_in_optimal_plan=true, cost_type=1)']
INFO     search time limit: 3600s
INFO     search memory limit: 4096 MB
INFO     search executable: /mnt/data_server/torralba/subdominization/training/data/training_satellite/code-70296b3db083/builds/release32/bin/downward
INFO     callstring: /mnt/data_server/torralba/subdominization/training/data/training_satellite/code-70296b3db083/builds/release32/bin/downward --search 'sbd(store_operators_in_optimal_plan=true, cost_type=1)' --internal-plan-file sas_plan < output
time limit 3600.00 -> (3600, 3601)
reading input... [t=9.6428e-05s]
done reading input! [t=0.0101121s]
packing state variables...done! [t=0.0101403s]
Variables: 30
FactPairs: 128
Bytes per state: 8
Building successor generator...done! [t=0.011012s]
done initalizing global data [t=0.0110204s]
TR(time=60000, nodes=100000)
Mutex(time=60000, nodes=100000, type=edeletion)
Aux(time=2000, nodes=1000000)
Disj(nodes=2147483647)
Estimation: min_time(1000) time_penalty +(1000)*(2) nodes_penalty +(1000)*(2)
MaxStep(time=30000, nodes=100000000, nodes_per_planning_second=100)
Ratio useful: 0
   Min alloted time: 60000 nodes: 10000000
   Max alloted time: 60000 nodes: 15000000
   Mult alloted time: 2 nodes: 2
   Ratio after relax: 0.8
building causal graph...done! [t=0.000210816s]
Sym variable order: 4 5 6 0 18 16 21 20 17 19 2 7 15 8 14 1 29 27 26 11 12 10 13 3 9 25 23 28 22 24 
Initializing Symbolic Variables
Num variables: 30 => 46
Initialize Symbolic Manager(92, 173913, 16000000, 0)
Generating binary variables
Symbolic Variables... Done.
BOUND: 1 < 2147483647, total time: 0.589145s
BOUND: 2 < 2147483647, total time: 0.589523s
BOUND: 3 < 2147483647, total time: 0.59065s
BOUND: 4 < 2147483647, total time: 0.59128s
BOUND: 5 < 2147483647, total time: 0.592248s
BOUND: 6 < 2147483647, total time: 0.594967s
BOUND: 7 < 2147483647, total time: 0.596435s
BOUND: 8 < 2147483647, total time: 0.598782s
BOUND: 9 < 2147483647, total time: 0.604338s
BOUND: 10 < 2147483647, total time: 0.608967s
BOUND: 11 < 2147483647, total time: 0.617907s
Solution found with cost 11 total time: 0.627002s
Merging: 1
7 0.671586 1 108
Merging: 17
6 0.711818 1 109
Merging: 17
5 0.752145 1 98
Merging: 17
4 0.786658 1 90
Merging: 9
3 0.816473 1 63
Merging: 6
2 0.836533 1 63
Merging: 3
1 0.856385 1 64
Merging: 1
4 0.876077 1 108
Merging: 17
3 0.893514 1 109
Merging: 17
2 0.909074 1 98
Merging: 17
1 0.922226 1 90
BOUND: 11 < 11, total time: 0.933669s
Actual search time: 0.345663s [t=0.934852s]
turn_to satellite3 groundstation9 star1 (1)
switch_on instrument2 satellite1 (1)
calibrate satellite1 instrument2 groundstation11 (1)
turn_to satellite1 phenomenon18 groundstation11 (1)
take_image satellite1 phenomenon18 instrument2 image2 (1)
turn_to satellite1 phenomenon17 phenomenon18 (1)
take_image satellite1 phenomenon17 instrument2 infrared1 (1)
turn_to satellite1 star15 phenomenon17 (1)
take_image satellite1 star15 instrument2 thermograph0 (1)
turn_to satellite1 star16 star15 (1)
take_image satellite1 star16 instrument2 image2 (1)
Plan length: 11 step(s).
Plan cost: 11
Bytes per state: 8
Search time: 0.378204s
Total time: 0.934863s
Solution found.
Peak memory: 242008 KB
Running single search parser
