INFO     Running translator.
INFO     translator input: ['domain.pddl', 'problem.pddl']
INFO     translator arguments: []
INFO     translator time limit: None
INFO     translator memory limit: None
INFO     callstring: /usr/bin/python /mnt/data_server/torralba/subdominization/training/data/training_satellite/code-70296b3db083/builds/release32/bin/translate/translate.py domain.pddl problem.pddl
Parsing...
Parsing: [0.000s CPU, 0.121s wall-clock]
Normalizing task... [0.000s CPU, 0.000s wall-clock]
Instantiating...
Generating Datalog program... [0.000s CPU, 0.001s wall-clock]
Normalizing Datalog program...
Normalizing Datalog program: [0.010s CPU, 3.263s wall-clock]
Preparing model... [0.000s CPU, 0.003s wall-clock]
Generated 31 rules.
Computing model... [0.030s CPU, 0.025s wall-clock]
1386 relevant atoms
346 auxiliary atoms
1732 final queue length
2783 total queue pushes
Completing instantiation... [0.040s CPU, 0.043s wall-clock]
Instantiating: [0.080s CPU, 3.359s wall-clock]
Computing fact groups...
Finding invariants...
12 initial candidates
Finding invariants: [0.000s CPU, 0.002s wall-clock]
Checking invariant weight... [0.000s CPU, 0.000s wall-clock]
Instantiating groups... [0.000s CPU, 0.000s wall-clock]
Collecting mutex groups... [0.000s CPU, 0.000s wall-clock]
Choosing groups...
55 uncovered facts
Choosing groups: [0.000s CPU, 0.000s wall-clock]
Building translation key... [0.000s CPU, 0.001s wall-clock]
Computing fact groups: [0.000s CPU, 0.005s wall-clock]
Building STRIPS to SAS dictionary... [0.000s CPU, 0.000s wall-clock]
Building dictionary for full mutex groups... [0.000s CPU, 0.000s wall-clock]
Building mutex information...
Building mutex information: [0.000s CPU, 0.000s wall-clock]
Translating task...
Processing axioms...
Simplifying axioms... [0.000s CPU, 0.000s wall-clock]
Processing axioms: [0.010s CPU, 0.002s wall-clock]
Translating task: [0.040s CPU, 0.040s wall-clock]
27 effect conditions simplified
0 implied preconditions added
Detecting unreachable propositions...
0 operators removed
0 axioms removed
3 propositions removed
Detecting unreachable propositions: [0.020s CPU, 0.021s wall-clock]
Translator variables: 58
Translator derived variables: 0
Translator facts: 161
Translator goal facts: 7
Translator mutex groups: 3
Translator total mutex groups size: 51
Translator operators: 1100
Translator axioms: 0
Translator task size: 4125
Translator peak memory: 48332 KB
Writing output... [0.010s CPU, 0.045s wall-clock]
Done! [0.160s CPU, 3.595s wall-clock]
INFO     Running preprocessor (release32).
INFO     preprocessor input: output.sas
INFO     preprocessor arguments: []
INFO     preprocessor time limit: None
INFO     preprocessor memory limit: None
INFO     callstring: /mnt/data_server/torralba/subdominization/training/data/training_satellite/code-70296b3db083/builds/release32/bin/preprocess < output.sas
Building causal graph...
The causal graph is not acyclic.
31 variables of 58 necessary
0 of 3 mutex groups necessary.
898 of 1100 operators necessary.
0 of 0 axiom rules necessary.
Initializing mutex computation...
Mutex computation initialized with 107 fluents.
iteration for mutex detection and operator pruning
Initialize m_index fw
Initialized mvalues forward: reached=961, notReached=9616, spurious=872
Initialize m_ops fw
Computing mutexes...
Mutex computation finished with reached=10533, notReached=44, spurious=872
0 operators are spurious because were not triggered
H^2 mutexes added fw: 44, unreachable: 0
0 of 898 operators detected as spurious
iteration for mutex detection and operator pruning
Initialize m_index bw
Init values regression
Initialized mvalues backward: reached=9098, notReached=1435, spurious=916
Initialize m_ops bw
Computing mutexes...
Mutex computation finished with reached=10533, notReached=0, spurious=916
0 operators are spurious because were not triggered
H^2 mutexes added bw: 0, unreachable: 0
0 of 898 operators detected as spurious
Total mutex and disambiguation time: 0.029468 iterations: 2
22 of 22 mutex groups necessary.
898 of 898 operators necessary.
0 of 0 axiom rules necessary.
Change id of operators: 898
Change id of mutexes
Change id of goals
Change id of initial state
Remove unreachable facts from variables: 31
22 of 22 mutex groups necessary.
898 of 898 operators necessary.
0 of 0 axiom rules necessary.
Updating causal graph and pruning unnecessary facts
31 variables of 31 of 58 necessary
The causal graph is not acyclic.
31 variables of 31 necessary
22 of 22 mutex groups necessary.
898 of 898 operators necessary.
0 of 0 axiom rules necessary.
Building domain transition graphs...
solveable in poly time 0
Building successor generator...
Preprocessor variables: 31
Preprocessor facts: 107
Preprocessor derived variables: 0
Preprocessor operators: 898
Preprocessor mutex groups: 22
Preprocessor task size: 3027
Writing output...
Preprocessor time: 0.0571808s
Preprocessor peak memory: 2640 KB
done
INFO     Running search (release32).
INFO     search input: output
INFO     search arguments: ['--search', 'sbd(store_operators_in_optimal_plan=true, cost_type=1)']
INFO     search time limit: 3600s
INFO     search memory limit: 4096 MB
INFO     search executable: /mnt/data_server/torralba/subdominization/training/data/training_satellite/code-70296b3db083/builds/release32/bin/downward
INFO     callstring: /mnt/data_server/torralba/subdominization/training/data/training_satellite/code-70296b3db083/builds/release32/bin/downward --search 'sbd(store_operators_in_optimal_plan=true, cost_type=1)' --internal-plan-file sas_plan < output
time limit 3600.00 -> (3600, 3601)
reading input... [t=0.000190523s]
done reading input! [t=0.010289s]
packing state variables...done! [t=0.0103087s]
Variables: 31
FactPairs: 107
Bytes per state: 8
Building successor generator...done! [t=0.0112815s]
done initalizing global data [t=0.0112886s]
TR(time=60000, nodes=100000)
Mutex(time=60000, nodes=100000, type=edeletion)
Aux(time=2000, nodes=1000000)
Disj(nodes=2147483647)
Estimation: min_time(1000) time_penalty +(1000)*(2) nodes_penalty +(1000)*(2)
MaxStep(time=30000, nodes=100000000, nodes_per_planning_second=100)
Ratio useful: 0
   Min alloted time: 60000 nodes: 10000000
   Max alloted time: 60000 nodes: 15000000
   Mult alloted time: 2 nodes: 2
   Ratio after relax: 0.8
building causal graph...done! [t=0.000215226s]
Sym variable order: 3 10 7 13 9 11 8 12 1 14 6 4 5 30 24 27 25 26 28 29 0 17 21 2 20 18 23 15 22 16 19 
Initializing Symbolic Variables
Num variables: 31 => 43
Initialize Symbolic Manager(86, 186046, 16000000, 0)
Generating binary variables
Symbolic Variables... Done.
BOUND: 1 < 2147483647, total time: 0.557959s
BOUND: 2 < 2147483647, total time: 0.558272s
BOUND: 3 < 2147483647, total time: 0.559151s
BOUND: 4 < 2147483647, total time: 0.559655s
BOUND: 5 < 2147483647, total time: 0.560364s
BOUND: 6 < 2147483647, total time: 0.561282s
BOUND: 7 < 2147483647, total time: 0.562869s
BOUND: 8 < 2147483647, total time: 0.565606s
BOUND: 9 < 2147483647, total time: 0.568796s
BOUND: 10 < 2147483647, total time: 0.575547s
BOUND: 11 < 2147483647, total time: 0.582089s
BOUND: 12 < 2147483647, total time: 0.59394s
BOUND: 13 < 2147483647, total time: 0.606337s
BOUND: 14 < 2147483647, total time: 0.626378s
BOUND: 15 < 2147483647, total time: 0.649995s
BOUND: 16 < 2147483647, total time: 0.674224s
BOUND: 17 < 2147483647, total time: 0.708378s
Solution found with cost 17 total time: 0.736702s
Merging: 1
9 0.767677 1 858
Merging: 42
8 0.926818 1 637
Merging: 126
7 1.04663 1 615
Merging: 42
6 1.16287 1 373
Merging: 126
5 1.2284 1 349
Merging: 42
4 1.28921 1 148
Merging: 42
3 1.31388 1 136
Merging: 6
2 1.33483 1 136
Merging: 12
1 1.35496 1 125
Merging: 1
8 1.37851 1 858
Merging: 126
7 1.45186 1 859
Merging: 42
6 1.52015 1 859
Merging: 126
5 1.57279 1 858
Merging: 42
4 1.62474 1 637
Merging: 126
3 1.67732 1 615
Merging: 42
2 1.72788 1 373
Merging: 126
1 1.76155 1 349
BOUND: 17 < 17, total time: 1.79225s
Actual search time: 1.23636s [t=1.79435s]
turn_to satellite0 star6 groundstation9 (1)
switch_on instrument0 satellite0 (1)
calibrate satellite0 instrument0 star6 (1)
turn_to satellite0 planet11 star6 (1)
take_image satellite0 planet11 instrument0 spectrograph1 (1)
turn_to satellite0 planet10 planet11 (1)
take_image satellite0 planet10 instrument0 spectrograph1 (1)
turn_to satellite0 phenomenon15 planet10 (1)
take_image satellite0 phenomenon15 instrument0 infrared0 (1)
turn_to satellite0 planet12 phenomenon15 (1)
take_image satellite0 planet12 instrument0 infrared0 (1)
turn_to satellite0 star13 planet12 (1)
take_image satellite0 star13 instrument0 spectrograph1 (1)
turn_to satellite0 star14 star13 (1)
take_image satellite0 star14 instrument0 spectrograph1 (1)
turn_to satellite0 star16 star14 (1)
take_image satellite0 star16 instrument0 infrared0 (1)
Plan length: 17 step(s).
Plan cost: 17
Bytes per state: 8
Search time: 1.2665s
Total time: 1.79436s
Solution found.
Peak memory: 243436 KB
Running single search parser
