INFO     Running translator.
INFO     translator input: ['domain.pddl', 'problem.pddl']
INFO     translator arguments: []
INFO     translator time limit: None
INFO     translator memory limit: None
INFO     callstring: /usr/bin/python /mnt/data_server/torralba/subdominization/training/data/training_satellite/code-70296b3db083/builds/release32/bin/translate/translate.py domain.pddl problem.pddl
Parsing...
Parsing: [0.000s CPU, 0.017s wall-clock]
Normalizing task... [0.000s CPU, 0.000s wall-clock]
Instantiating...
Generating Datalog program... [0.000s CPU, 0.001s wall-clock]
Normalizing Datalog program...
Normalizing Datalog program: [0.010s CPU, 0.142s wall-clock]
Preparing model... [0.000s CPU, 0.003s wall-clock]
Generated 31 rules.
Computing model... [0.030s CPU, 0.027s wall-clock]
916 relevant atoms
341 auxiliary atoms
1257 final queue length
1850 total queue pushes
Completing instantiation... [0.040s CPU, 0.037s wall-clock]
Instantiating: [0.080s CPU, 0.339s wall-clock]
Computing fact groups...
Finding invariants...
12 initial candidates
Finding invariants: [0.000s CPU, 0.003s wall-clock]
Checking invariant weight... [0.000s CPU, 0.000s wall-clock]
Instantiating groups... [0.000s CPU, 0.000s wall-clock]
Collecting mutex groups... [0.000s CPU, 0.000s wall-clock]
Choosing groups...
62 uncovered facts
Choosing groups: [0.000s CPU, 0.000s wall-clock]
Building translation key... [0.000s CPU, 0.001s wall-clock]
Computing fact groups: [0.000s CPU, 0.007s wall-clock]
Building STRIPS to SAS dictionary... [0.000s CPU, 0.000s wall-clock]
Building dictionary for full mutex groups... [0.000s CPU, 0.000s wall-clock]
Building mutex information...
Building mutex information: [0.010s CPU, 0.000s wall-clock]
Translating task...
Processing axioms...
Simplifying axioms... [0.000s CPU, 0.000s wall-clock]
Processing axioms: [0.000s CPU, 0.002s wall-clock]
Translating task: [0.030s CPU, 0.038s wall-clock]
21 effect conditions simplified
0 implied preconditions added
Detecting unreachable propositions...
0 operators removed
0 axioms removed
4 propositions removed
Detecting unreachable propositions: [0.020s CPU, 0.021s wall-clock]
Translator variables: 66
Translator derived variables: 0
Translator facts: 168
Translator goal facts: 4
Translator mutex groups: 4
Translator total mutex groups size: 44
Translator operators: 647
Translator axioms: 0
Translator task size: 2613
Translator peak memory: 46312 KB
Writing output... [0.000s CPU, 0.043s wall-clock]
Done! [0.150s CPU, 0.467s wall-clock]
INFO     Running preprocessor (release32).
INFO     preprocessor input: output.sas
INFO     preprocessor arguments: []
INFO     preprocessor time limit: None
INFO     preprocessor memory limit: None
INFO     callstring: /mnt/data_server/torralba/subdominization/training/data/training_satellite/code-70296b3db083/builds/release32/bin/preprocess < output.sas
Building causal graph...
The causal graph is not acyclic.
22 variables of 66 necessary
0 of 4 mutex groups necessary.
474 of 647 operators necessary.
0 of 0 axiom rules necessary.
Initializing mutex computation...
Mutex computation initialized with 80 fluents.
iteration for mutex detection and operator pruning
Initialize m_index fw
Initialized mvalues forward: reached=484, notReached=5440, spurious=476
Initialize m_ops fw
Computing mutexes...
Mutex computation finished with reached=5898, notReached=26, spurious=476
0 operators are spurious because were not triggered
H^2 mutexes added fw: 26, unreachable: 0
0 of 474 operators detected as spurious
iteration for mutex detection and operator pruning
Initialize m_index bw
Init values regression
Initialized mvalues backward: reached=2231, notReached=3667, spurious=502
Initialize m_ops bw
Computing mutexes...
Mutex computation finished with reached=5898, notReached=0, spurious=502
0 operators are spurious because were not triggered
H^2 mutexes added bw: 0, unreachable: 0
0 of 474 operators detected as spurious
Total mutex and disambiguation time: 0.013423 iterations: 2
13 of 13 mutex groups necessary.
474 of 474 operators necessary.
0 of 0 axiom rules necessary.
Change id of operators: 474
Change id of mutexes
Change id of goals
Change id of initial state
Remove unreachable facts from variables: 22
13 of 13 mutex groups necessary.
474 of 474 operators necessary.
0 of 0 axiom rules necessary.
Updating causal graph and pruning unnecessary facts
22 variables of 22 of 66 necessary
The causal graph is not acyclic.
22 variables of 22 necessary
13 of 13 mutex groups necessary.
474 of 474 operators necessary.
0 of 0 axiom rules necessary.
Building domain transition graphs...
solveable in poly time 0
Building successor generator...
Preprocessor variables: 22
Preprocessor facts: 80
Preprocessor derived variables: 0
Preprocessor operators: 474
Preprocessor mutex groups: 13
Preprocessor task size: 1600
Writing output...
Preprocessor time: 0.029315s
Preprocessor peak memory: 2420 KB
done
INFO     Running search (release32).
INFO     search input: output
INFO     search arguments: ['--search', 'sbd(store_operators_in_optimal_plan=true, cost_type=1)']
INFO     search time limit: 3600s
INFO     search memory limit: 4096 MB
INFO     search executable: /mnt/data_server/torralba/subdominization/training/data/training_satellite/code-70296b3db083/builds/release32/bin/downward
INFO     callstring: /mnt/data_server/torralba/subdominization/training/data/training_satellite/code-70296b3db083/builds/release32/bin/downward --search 'sbd(store_operators_in_optimal_plan=true, cost_type=1)' --internal-plan-file sas_plan < output
time limit 3600.00 -> (3600, 3601)
reading input... [t=0.000131825s]
done reading input! [t=0.00359073s]
packing state variables...done! [t=0.00360413s]
Variables: 22
FactPairs: 80
Bytes per state: 8
Building successor generator...done! [t=0.00392467s]
done initalizing global data [t=0.00393147s]
TR(time=60000, nodes=100000)
Mutex(time=60000, nodes=100000, type=edeletion)
Aux(time=2000, nodes=1000000)
Disj(nodes=2147483647)
Estimation: min_time(1000) time_penalty +(1000)*(2) nodes_penalty +(1000)*(2)
MaxStep(time=30000, nodes=100000000, nodes_per_planning_second=100)
Ratio useful: 0
   Min alloted time: 60000 nodes: 10000000
   Max alloted time: 60000 nodes: 15000000
   Mult alloted time: 2 nodes: 2
   Ratio after relax: 0.8
building causal graph...done! [t=0.000100722s]
Sym variable order: 4 5 6 0 14 15 16 13 17 2 21 3 20 19 18 1 12 7 11 8 10 9 
Initializing Symbolic Variables
Num variables: 22 => 34
Initialize Symbolic Manager(68, 235294, 16000000, 0)
Generating binary variables
Symbolic Variables... Done.
BOUND: 1 < 2147483647, total time: 0.420552s
BOUND: 2 < 2147483647, total time: 0.420815s
BOUND: 3 < 2147483647, total time: 0.421121s
BOUND: 4 < 2147483647, total time: 0.421595s
BOUND: 5 < 2147483647, total time: 0.421972s
BOUND: 6 < 2147483647, total time: 0.422473s
BOUND: 7 < 2147483647, total time: 0.423234s
Solution found with cost 7 total time: 0.42392s
Merging: 1
4 0.435462 1 55
Merging: 5
3 0.442526 1 62
Merging: 5
2 0.450119 1 67
Merging: 4
1 0.457593 1 57
Merging: 1
3 0.463695 1 55
Merging: 5
2 0.467472 1 53
Merging: 4
1 0.470653 1 50
BOUND: 7 < 7, total time: 0.473577s
Actual search time: 0.0533637s [t=0.473958s]
turn_to satellite3 groundstation9 star10 (1)
turn_to satellite1 star6 star1 (1)
switch_on instrument5 satellite2 (1)
calibrate satellite2 instrument5 star4 (1)
turn_to satellite2 star10 star4 (1)
take_image satellite2 star10 instrument5 spectrograph1 (1)
turn_to satellite2 star7 star10 (1)
Plan length: 7 step(s).
Plan cost: 7
Bytes per state: 8
Search time: 0.0629834s
Total time: 0.47397s
Solution found.
Peak memory: 214480 KB
Running single search parser
