INFO     Running translator.
INFO     translator input: ['domain.pddl', 'problem.pddl']
INFO     translator arguments: []
INFO     translator time limit: None
INFO     translator memory limit: None
INFO     callstring: /usr/bin/python /mnt/data_server/torralba/subdominization/training/data/training_tpp/code-70296b3db083/builds/release32/bin/translate/translate.py domain.pddl problem.pddl
Parsing...
Parsing: [0.020s CPU, 0.009s wall-clock]
Normalizing task... [0.000s CPU, 0.000s wall-clock]
Instantiating...
Generating Datalog program... [0.000s CPU, 0.001s wall-clock]
Normalizing Datalog program...
Normalizing Datalog program: [0.000s CPU, 0.007s wall-clock]
Preparing model... [0.010s CPU, 0.003s wall-clock]
Generated 45 rules.
Computing model... [0.020s CPU, 0.024s wall-clock]
338 relevant atoms
698 auxiliary atoms
1036 final queue length
1225 total queue pushes
Completing instantiation... [0.010s CPU, 0.014s wall-clock]
Instantiating: [0.040s CPU, 0.053s wall-clock]
Computing fact groups...
Finding invariants...
18 initial candidates
Finding invariants: [0.010s CPU, 0.010s wall-clock]
Checking invariant weight... [0.010s CPU, 0.001s wall-clock]
Instantiating groups... [0.000s CPU, 0.003s wall-clock]
Collecting mutex groups... [0.000s CPU, 0.000s wall-clock]
Choosing groups...
24 uncovered facts
Choosing groups: [0.000s CPU, 0.001s wall-clock]
Building translation key... [0.000s CPU, 0.001s wall-clock]
Computing fact groups: [0.020s CPU, 0.018s wall-clock]
Building STRIPS to SAS dictionary... [0.000s CPU, 0.000s wall-clock]
Building dictionary for full mutex groups... [0.000s CPU, 0.000s wall-clock]
Building mutex information...
Building mutex information: [0.000s CPU, 0.000s wall-clock]
Translating task...
Processing axioms...
Simplifying axioms... [0.000s CPU, 0.000s wall-clock]
Processing axioms: [0.000s CPU, 0.001s wall-clock]
Translating task: [0.010s CPU, 0.012s wall-clock]
0 effect conditions simplified
0 implied preconditions added
Detecting unreachable propositions...
0 operators removed
0 axioms removed
85 propositions removed
Detecting unreachable propositions: [0.000s CPU, 0.007s wall-clock]
Translator variables: 37
Translator derived variables: 0
Translator facts: 102
Translator goal facts: 6
Translator mutex groups: 37
Translator total mutex groups size: 102
Translator operators: 134
Translator axioms: 0
Translator task size: 1009
Translator peak memory: 44260 KB
Writing output... [0.010s CPU, 0.005s wall-clock]
Done! [0.110s CPU, 0.106s wall-clock]
INFO     Running preprocessor (release32).
INFO     preprocessor input: output.sas
INFO     preprocessor arguments: []
INFO     preprocessor time limit: None
INFO     preprocessor memory limit: None
INFO     callstring: /mnt/data_server/torralba/subdominization/training/data/training_tpp/code-70296b3db083/builds/release32/bin/preprocess < output.sas
Building causal graph...
The causal graph is not acyclic.
37 variables of 37 necessary
0 of 37 mutex groups necessary.
134 of 134 operators necessary.
0 of 0 axiom rules necessary.
Initializing mutex computation...
Mutex computation initialized with 102 fluents.
iteration for mutex detection and operator pruning
Initialize m_index fw
Initialized mvalues forward: reached=1369, notReached=8837, spurious=198
Initialize m_ops fw
Computing mutexes...
Mutex computation finished with reached=7926, notReached=2280, spurious=198
36 operators are spurious because were not triggered
Unreachable proposition: Atom ready-to-load(goods6, market3, level2)
Unreachable proposition: Atom ready-to-load(goods6, market4, level2)
Unreachable proposition: Atom ready-to-load(goods5, market2, level2)
Unreachable proposition: Atom ready-to-load(goods5, market3, level2)
Unreachable proposition: Atom ready-to-load(goods4, market1, level2)
Unreachable proposition: Atom ready-to-load(goods4, market2, level2)
Unreachable proposition: Atom ready-to-load(goods3, market1, level2)
Unreachable proposition: Atom ready-to-load(goods3, market2, level2)
Unreachable proposition: Atom ready-to-load(goods2, market1, level2)
Unreachable proposition: Atom ready-to-load(goods2, market3, level2)
Unreachable proposition: Atom ready-to-load(goods1, market2, level2)
Unreachable proposition: Atom ready-to-load(goods1, market3, level2)
H^2 mutexes added fw: 24, unreachable: 12
0 of 98 operators detected as spurious
iteration for mutex detection and operator pruning
Initialize m_index bw
Init values regression
Initialized mvalues backward: reached=5946, notReached=1980, spurious=2478
Initialize m_ops bw
Computing mutexes...
Mutex computation finished with reached=7238, notReached=688, spurious=2478
16 operators are spurious because were not triggered
Unreachable proposition: Atom stored(goods6, level2)
Unreachable proposition: Atom stored(goods4, level2)
Unreachable proposition: Atom stored(goods3, level2)
Unreachable proposition: Atom stored(goods2, level2)
H^2 mutexes added bw: 0, unreachable: 4
0 of 82 operators detected as spurious
iteration for mutex detection and operator pruning
Initialize m_index fw
Initialized mvalues forward: reached=1369, notReached=5869, spurious=3166
Initialize m_ops fw
Computing mutexes...
Mutex computation finished with reached=7238, notReached=0, spurious=3166
0 operators are spurious because were not triggered
H^2 mutexes added fw: 0, unreachable: 0
0 of 82 operators detected as spurious
Total mutex and disambiguation time: 0.006293 iterations: 3
12 of 12 mutex groups necessary.
82 of 134 operators necessary.
0 of 0 axiom rules necessary.
Change id of operators: 82
Change id of mutexes
Change id of goals
Change id of initial state
Remove unreachable facts from variables: 37
12 of 12 mutex groups necessary.
82 of 82 operators necessary.
0 of 0 axiom rules necessary.
Updating causal graph and pruning unnecessary facts
37 variables of 37 of 37 necessary
The causal graph is not acyclic.
37 variables of 37 necessary
12 of 12 mutex groups necessary.
82 of 82 operators necessary.
0 of 0 axiom rules necessary.
Building domain transition graphs...
solveable in poly time 0
Building successor generator...
Preprocessor variables: 37
Preprocessor facts: 86
Preprocessor derived variables: 0
Preprocessor operators: 82
Preprocessor mutex groups: 12
Preprocessor task size: 603
Writing output...
Preprocessor time: 0.0132285s
Preprocessor peak memory: 2252 KB
done
INFO     Running search (release32).
INFO     search input: output
INFO     search arguments: ['--search', 'sbd(store_operators_in_optimal_plan=true, cost_type=1)']
INFO     search time limit: 3600s
INFO     search memory limit: 4096 MB
INFO     search executable: /mnt/data_server/torralba/subdominization/training/data/training_tpp/code-70296b3db083/builds/release32/bin/downward
INFO     callstring: /mnt/data_server/torralba/subdominization/training/data/training_tpp/code-70296b3db083/builds/release32/bin/downward --search 'sbd(store_operators_in_optimal_plan=true, cost_type=1)' --internal-plan-file sas_plan < output
time limit 3600.00 -> (3600, 3601)
reading input... [t=0.000120903s]
done reading input! [t=0.00141259s]
packing state variables...done! [t=0.00142744s]
Variables: 37
FactPairs: 86
Bytes per state: 8
Building successor generator...done! [t=0.00162234s]
done initalizing global data [t=0.00162829s]
TR(time=60000, nodes=100000)
Mutex(time=60000, nodes=100000, type=edeletion)
Aux(time=2000, nodes=1000000)
Disj(nodes=2147483647)
Estimation: min_time(1000) time_penalty +(1000)*(2) nodes_penalty +(1000)*(2)
MaxStep(time=30000, nodes=100000000, nodes_per_planning_second=100)
Ratio useful: 0
   Min alloted time: 60000 nodes: 10000000
   Max alloted time: 60000 nodes: 15000000
   Mult alloted time: 2 nodes: 2
   Ratio after relax: 0.8
building causal graph...done! [t=0.000141502s]
Sym variable order: 25 27 29 30 28 26 2 4 5 6 3 1 32 34 35 36 33 31 0 19 21 24 23 22 20 8 10 12 11 9 7 13 15 17 18 16 14 
Initializing Symbolic Variables
Num variables: 37 => 47
Initialize Symbolic Manager(94, 170212, 16000000, 0)
Generating binary variables
Symbolic Variables... Done.
BOUND: 1 < 2147483647, total time: 0.521561s
BOUND: 2 < 2147483647, total time: 0.521739s
BOUND: 3 < 2147483647, total time: 0.522092s
BOUND: 4 < 2147483647, total time: 0.522239s
BOUND: 5 < 2147483647, total time: 0.522545s
BOUND: 6 < 2147483647, total time: 0.522914s
BOUND: 7 < 2147483647, total time: 0.523461s
BOUND: 8 < 2147483647, total time: 0.524091s
BOUND: 9 < 2147483647, total time: 0.525004s
BOUND: 10 < 2147483647, total time: 0.525993s
BOUND: 11 < 2147483647, total time: 0.527709s
BOUND: 12 < 2147483647, total time: 0.529319s
BOUND: 13 < 2147483647, total time: 0.53209s
BOUND: 14 < 2147483647, total time: 0.534434s
BOUND: 15 < 2147483647, total time: 0.538952s
BOUND: 16 < 2147483647, total time: 0.542805s
BOUND: 17 < 2147483647, total time: 0.547058s
BOUND: 18 < 2147483647, total time: 0.553655s
BOUND: 19 < 2147483647, total time: 0.559604s
BOUND: 20 < 2147483647, total time: 0.568219s
BOUND: 21 < 2147483647, total time: 0.575794s
BOUND: 22 < 2147483647, total time: 0.586977s
BOUND: 23 < 2147483647, total time: 0.59717s
BOUND: 24 < 2147483647, total time: 0.61063s
BOUND: 25 < 2147483647, total time: 0.623796s
BOUND: 26 < 2147483647, total time: 0.639701s
BOUND: 27 < 2147483647, total time: 0.655782s
BOUND: 28 < 2147483647, total time: 0.673112s
Solution found with cost 28 total time: 0.685542s
Merging: 1
14 0.69479 1 305
Merging: 19
13 0.704579 1 331
Merging: 19
12 0.713482 1 344
Merging: 15
11 0.722609 1 346
Merging: 11
10 0.731775 1 345
Merging: 11
9 0.740908 1 343
Merging: 15
8 0.749988 1 338
Merging: 19
7 0.758924 1 320
Merging: 19
6 0.767493 1 292
Merging: 19
5 0.775443 1 251
Merging: 17
4 0.782107 1 204
Merging: 17
3 0.787369 1 142
Merging: 13
2 0.790603 1 77
Merging: 5
1 0.792228 1 48
Merging: 1
14 0.793254 1 305
Merging: 19
13 0.797138 1 271
Merging: 19
12 0.799094 1 218
Merging: 20
11 0.800642 1 164
Merging: 14
10 0.801877 1 98
Merging: 7
9 0.802625 1 65
Merging: 2
8 0.803201 1 62
Merging: 12
7 0.804093 1 130
Merging: 16
6 0.805627 1 181
Merging: 16
5 0.807612 1 211
Merging: 16
4 0.809633 1 226
Merging: 16
3 0.81139 1 211
Merging: 16
2 0.81288 1 182
Merging: 16
1 0.814008 1 131
BOUND: 28 < 28, total time: 0.814557s
Actual search time: 0.298633s [t=0.820254s]
drive truck1 depot2 market2 (1)
drive truck1 market2 market3 (1)
buy truck1 goods6 market3 level0 level1 level0 level1 (1)
load goods6 truck1 market3 level0 level1 level0 level1 (1)
buy truck1 goods5 market3 level0 level1 level0 level1 (1)
load goods5 truck1 market3 level0 level1 level0 level1 (1)
buy truck1 goods2 market3 level0 level1 level0 level1 (1)
load goods2 truck1 market3 level0 level1 level0 level1 (1)
buy truck1 goods1 market3 level0 level1 level0 level1 (1)
load goods1 truck1 market3 level0 level1 level0 level1 (1)
drive truck1 market3 market2 (1)
buy truck1 goods4 market2 level0 level1 level0 level1 (1)
buy truck1 goods3 market2 level0 level1 level0 level1 (1)
buy truck1 goods1 market2 level0 level1 level0 level1 (1)
buy truck1 goods5 market2 level0 level1 level0 level1 (1)
load goods1 truck1 market2 level0 level1 level1 level2 (1)
load goods3 truck1 market2 level0 level1 level0 level1 (1)
load goods4 truck1 market2 level0 level1 level0 level1 (1)
load goods5 truck1 market2 level0 level1 level1 level2 (1)
drive truck1 market2 depot2 (1)
unload goods1 truck1 depot2 level1 level2 level0 level1 (1)
unload goods1 truck1 depot2 level0 level1 level1 level2 (1)
unload goods2 truck1 depot2 level0 level1 level0 level1 (1)
unload goods3 truck1 depot2 level0 level1 level0 level1 (1)
unload goods4 truck1 depot2 level0 level1 level0 level1 (1)
unload goods5 truck1 depot2 level1 level2 level0 level1 (1)
unload goods5 truck1 depot2 level0 level1 level1 level2 (1)
unload goods6 truck1 depot2 level0 level1 level0 level1 (1)
Plan length: 28 step(s).
Plan cost: 28
Bytes per state: 8
Search time: 0.304755s
Total time: 0.820266s
Solution found.
Peak memory: 243976 KB
Running single search parser
