INFO     Running translator.
INFO     translator input: ['domain.pddl', 'problem.pddl']
INFO     translator arguments: []
INFO     translator time limit: None
INFO     translator memory limit: None
INFO     callstring: /usr/bin/python /mnt/data_server/torralba/subdominization/training/data/training_satellite/code-70296b3db083/builds/release32/bin/translate/translate.py domain.pddl problem.pddl
Parsing...
Parsing: [0.000s CPU, 0.121s wall-clock]
Normalizing task... [0.000s CPU, 0.000s wall-clock]
Instantiating...
Generating Datalog program... [0.000s CPU, 0.001s wall-clock]
Normalizing Datalog program...
Normalizing Datalog program: [0.010s CPU, 3.280s wall-clock]
Preparing model... [0.000s CPU, 0.003s wall-clock]
Generated 31 rules.
Computing model... [0.010s CPU, 0.013s wall-clock]
714 relevant atoms
216 auxiliary atoms
930 final queue length
1418 total queue pushes
Completing instantiation... [0.020s CPU, 0.020s wall-clock]
Instantiating: [0.040s CPU, 3.360s wall-clock]
Computing fact groups...
Finding invariants...
12 initial candidates
Finding invariants: [0.010s CPU, 0.003s wall-clock]
Checking invariant weight... [0.000s CPU, 0.000s wall-clock]
Instantiating groups... [0.000s CPU, 0.000s wall-clock]
Collecting mutex groups... [0.000s CPU, 0.000s wall-clock]
Choosing groups...
37 uncovered facts
Choosing groups: [0.000s CPU, 0.000s wall-clock]
Building translation key... [0.000s CPU, 0.000s wall-clock]
Computing fact groups: [0.010s CPU, 0.004s wall-clock]
Building STRIPS to SAS dictionary... [0.000s CPU, 0.000s wall-clock]
Building dictionary for full mutex groups... [0.000s CPU, 0.000s wall-clock]
Building mutex information...
Building mutex information: [0.000s CPU, 0.000s wall-clock]
Translating task...
Processing axioms...
Simplifying axioms... [0.000s CPU, 0.000s wall-clock]
Processing axioms: [0.000s CPU, 0.001s wall-clock]
Translating task: [0.010s CPU, 0.018s wall-clock]
15 effect conditions simplified
0 implied preconditions added
Detecting unreachable propositions...
0 operators removed
0 axioms removed
3 propositions removed
Detecting unreachable propositions: [0.010s CPU, 0.010s wall-clock]
Translator variables: 40
Translator derived variables: 0
Translator facts: 110
Translator goal facts: 6
Translator mutex groups: 3
Translator total mutex groups size: 36
Translator operators: 519
Translator axioms: 0
Translator task size: 1985
Translator peak memory: 45432 KB
Writing output... [0.010s CPU, 0.051s wall-clock]
Done! [0.090s CPU, 3.566s wall-clock]
INFO     Running preprocessor (release32).
INFO     preprocessor input: output.sas
INFO     preprocessor arguments: []
INFO     preprocessor time limit: None
INFO     preprocessor memory limit: None
INFO     callstring: /mnt/data_server/torralba/subdominization/training/data/training_satellite/code-70296b3db083/builds/release32/bin/preprocess < output.sas
Building causal graph...
The causal graph is not acyclic.
22 variables of 40 necessary
0 of 3 mutex groups necessary.
437 of 519 operators necessary.
0 of 0 axiom rules necessary.
Initializing mutex computation...
Mutex computation initialized with 74 fluents.
iteration for mutex detection and operator pruning
Initialize m_index fw
Initialized mvalues forward: reached=484, notReached=4558, spurious=434
Initialize m_ops fw
Computing mutexes...
Mutex computation finished with reached=5026, notReached=16, spurious=434
0 operators are spurious because were not triggered
H^2 mutexes added fw: 16, unreachable: 0
0 of 437 operators detected as spurious
iteration for mutex detection and operator pruning
Initialize m_index bw
Init values regression
Initialized mvalues backward: reached=4186, notReached=840, spurious=450
Initialize m_ops bw
Computing mutexes...
Mutex computation finished with reached=5026, notReached=0, spurious=450
0 operators are spurious because were not triggered
H^2 mutexes added bw: 0, unreachable: 0
0 of 437 operators detected as spurious
Total mutex and disambiguation time: 0.014393 iterations: 2
8 of 8 mutex groups necessary.
437 of 437 operators necessary.
0 of 0 axiom rules necessary.
Change id of operators: 437
Change id of mutexes
Change id of goals
Change id of initial state
Remove unreachable facts from variables: 22
8 of 8 mutex groups necessary.
437 of 437 operators necessary.
0 of 0 axiom rules necessary.
Updating causal graph and pruning unnecessary facts
22 variables of 22 of 40 necessary
The causal graph is not acyclic.
22 variables of 22 necessary
8 of 8 mutex groups necessary.
437 of 437 operators necessary.
0 of 0 axiom rules necessary.
Building domain transition graphs...
solveable in poly time 0
Building successor generator...
Preprocessor variables: 22
Preprocessor facts: 74
Preprocessor derived variables: 0
Preprocessor operators: 437
Preprocessor mutex groups: 8
Preprocessor task size: 1501
Writing output...
Preprocessor time: 0.0347036s
Preprocessor peak memory: 2396 KB
done
INFO     Running search (release32).
INFO     search input: output
INFO     search arguments: ['--search', 'sbd(store_operators_in_optimal_plan=true, cost_type=1)']
INFO     search time limit: 3600s
INFO     search memory limit: 4096 MB
INFO     search executable: /mnt/data_server/torralba/subdominization/training/data/training_satellite/code-70296b3db083/builds/release32/bin/downward
INFO     callstring: /mnt/data_server/torralba/subdominization/training/data/training_satellite/code-70296b3db083/builds/release32/bin/downward --search 'sbd(store_operators_in_optimal_plan=true, cost_type=1)' --internal-plan-file sas_plan < output
time limit 3600.00 -> (3600, 3601)
reading input... [t=0.000118452s]
done reading input! [t=0.00274638s]
packing state variables...done! [t=0.00275546s]
Variables: 22
FactPairs: 74
Bytes per state: 4
Building successor generator...done! [t=0.00300844s]
done initalizing global data [t=0.00301205s]
TR(time=60000, nodes=100000)
Mutex(time=60000, nodes=100000, type=edeletion)
Aux(time=2000, nodes=1000000)
Disj(nodes=2147483647)
Estimation: min_time(1000) time_penalty +(1000)*(2) nodes_penalty +(1000)*(2)
MaxStep(time=30000, nodes=100000000, nodes_per_planning_second=100)
Ratio useful: 0
   Min alloted time: 60000 nodes: 10000000
   Max alloted time: 60000 nodes: 15000000
   Mult alloted time: 2 nodes: 2
   Ratio after relax: 0.8
building causal graph...done! [t=0.000106021s]
Sym variable order: 5 8 3 7 4 6 0 9 10 16 17 1 18 20 19 21 2 15 11 14 12 13 
Initializing Symbolic Variables
Num variables: 22 => 31
Initialize Symbolic Manager(62, 258064, 16000000, 0)
Generating binary variables
Symbolic Variables... Done.
BOUND: 1 < 2147483647, total time: 0.423564s
BOUND: 2 < 2147483647, total time: 0.423759s
BOUND: 3 < 2147483647, total time: 0.424236s
BOUND: 4 < 2147483647, total time: 0.424528s
BOUND: 5 < 2147483647, total time: 0.424891s
BOUND: 6 < 2147483647, total time: 0.425341s
BOUND: 7 < 2147483647, total time: 0.426122s
BOUND: 8 < 2147483647, total time: 0.427787s
BOUND: 9 < 2147483647, total time: 0.429371s
BOUND: 10 < 2147483647, total time: 0.43264s
BOUND: 11 < 2147483647, total time: 0.435586s
BOUND: 12 < 2147483647, total time: 0.440122s
BOUND: 13 < 2147483647, total time: 0.446059s
BOUND: 14 < 2147483647, total time: 0.45159s
BOUND: 15 < 2147483647, total time: 0.458118s
Solution found with cost 15 total time: 0.464097s
Merging: 1
8 0.475608 1 281
Merging: 90
7 0.50073 1 268
Merging: 24
6 0.524539 1 198
Merging: 90
5 0.541626 1 178
Merging: 24
4 0.555916 1 91
Merging: 24
3 0.563882 1 84
Merging: 4
2 0.571018 1 84
Merging: 8
1 0.577767 1 76
Merging: 1
7 0.58478 1 281
Merging: 24
6 0.599057 1 318
Merging: 90
5 0.614104 1 318
Merging: 24
4 0.626762 1 281
Merging: 90
3 0.638719 1 268
Merging: 24
2 0.649886 1 198
Merging: 90
1 0.659249 1 178
BOUND: 15 < 15, total time: 0.667289s
Actual search time: 0.244755s [t=0.668348s]
turn_to satellite0 groundstation1 star11 (1)
switch_on instrument1 satellite0 (1)
calibrate satellite0 instrument1 groundstation1 (1)
turn_to satellite0 planet9 groundstation1 (1)
take_image satellite0 planet9 instrument1 infrared1 (1)
turn_to satellite0 planet6 planet9 (1)
take_image satellite0 planet6 instrument1 infrared1 (1)
turn_to satellite0 phenomenon5 planet6 (1)
take_image satellite0 phenomenon5 instrument1 infrared1 (1)
turn_to satellite0 star10 phenomenon5 (1)
take_image satellite0 star10 instrument1 infrared1 (1)
turn_to satellite0 star11 star10 (1)
take_image satellite0 star11 instrument1 infrared0 (1)
turn_to satellite0 star8 star11 (1)
take_image satellite0 star8 instrument1 infrared0 (1)
Plan length: 15 step(s).
Plan cost: 15
Bytes per state: 4
Search time: 0.254436s
Total time: 0.668356s
Solution found.
Peak memory: 210672 KB
Running single search parser
