INFO     Running translator.
INFO     translator input: ['domain.pddl', 'problem.pddl']
INFO     translator arguments: []
INFO     translator time limit: None
INFO     translator memory limit: None
INFO     callstring: /usr/bin/python /mnt/data_server/torralba/subdominization/training/data/training_tpp/code-70296b3db083/builds/release32/bin/translate/translate.py domain.pddl problem.pddl
Parsing...
Parsing: [0.010s CPU, 0.009s wall-clock]
Normalizing task... [0.000s CPU, 0.000s wall-clock]
Instantiating...
Generating Datalog program... [0.000s CPU, 0.001s wall-clock]
Normalizing Datalog program...
Normalizing Datalog program: [0.010s CPU, 0.007s wall-clock]
Preparing model... [0.000s CPU, 0.003s wall-clock]
Generated 45 rules.
Computing model... [0.020s CPU, 0.023s wall-clock]
329 relevant atoms
670 auxiliary atoms
999 final queue length
1179 total queue pushes
Completing instantiation... [0.020s CPU, 0.013s wall-clock]
Instantiating: [0.050s CPU, 0.051s wall-clock]
Computing fact groups...
Finding invariants...
18 initial candidates
Finding invariants: [0.010s CPU, 0.010s wall-clock]
Checking invariant weight... [0.000s CPU, 0.001s wall-clock]
Instantiating groups... [0.000s CPU, 0.003s wall-clock]
Collecting mutex groups... [0.000s CPU, 0.000s wall-clock]
Choosing groups...
26 uncovered facts
Choosing groups: [0.000s CPU, 0.001s wall-clock]
Building translation key... [0.000s CPU, 0.001s wall-clock]
Computing fact groups: [0.010s CPU, 0.018s wall-clock]
Building STRIPS to SAS dictionary... [0.000s CPU, 0.000s wall-clock]
Building dictionary for full mutex groups... [0.000s CPU, 0.000s wall-clock]
Building mutex information...
Building mutex information: [0.000s CPU, 0.000s wall-clock]
Translating task...
Processing axioms...
Simplifying axioms... [0.000s CPU, 0.000s wall-clock]
Processing axioms: [0.000s CPU, 0.001s wall-clock]
Translating task: [0.010s CPU, 0.011s wall-clock]
0 effect conditions simplified
0 implied preconditions added
Detecting unreachable propositions...
0 operators removed
0 axioms removed
87 propositions removed
Detecting unreachable propositions: [0.010s CPU, 0.006s wall-clock]
Translator variables: 35
Translator derived variables: 0
Translator facts: 97
Translator goal facts: 6
Translator mutex groups: 35
Translator total mutex groups size: 97
Translator operators: 128
Translator axioms: 0
Translator task size: 961
Translator peak memory: 44260 KB
Writing output... [0.000s CPU, 0.006s wall-clock]
Done! [0.090s CPU, 0.103s wall-clock]
INFO     Running preprocessor (release32).
INFO     preprocessor input: output.sas
INFO     preprocessor arguments: []
INFO     preprocessor time limit: None
INFO     preprocessor memory limit: None
INFO     callstring: /mnt/data_server/torralba/subdominization/training/data/training_tpp/code-70296b3db083/builds/release32/bin/preprocess < output.sas
Building causal graph...
The causal graph is not acyclic.
35 variables of 35 necessary
0 of 35 mutex groups necessary.
128 of 128 operators necessary.
0 of 0 axiom rules necessary.
Initializing mutex computation...
Mutex computation initialized with 97 fluents.
iteration for mutex detection and operator pruning
Initialize m_index fw
Initialized mvalues forward: reached=1225, notReached=7994, spurious=190
Initialize m_ops fw
Computing mutexes...
Mutex computation finished with reached=6886, notReached=2333, spurious=190
40 operators are spurious because were not triggered
Unreachable proposition: Atom ready-to-load(goods6, market1, level2)
Unreachable proposition: Atom loaded(goods6, truck1, level2)
Unreachable proposition: Atom stored(goods6, level2)
Unreachable proposition: Atom ready-to-load(goods5, market1, level2)
Unreachable proposition: Atom ready-to-load(goods5, market2, level2)
Unreachable proposition: Atom ready-to-load(goods4, market1, level2)
Unreachable proposition: Atom ready-to-load(goods4, market2, level2)
Unreachable proposition: Atom ready-to-load(goods3, market1, level2)
Unreachable proposition: Atom ready-to-load(goods3, market3, level2)
Unreachable proposition: Atom ready-to-load(goods2, market1, level2)
Unreachable proposition: Atom ready-to-load(goods2, market4, level2)
Unreachable proposition: Atom ready-to-load(goods1, market1, level2)
Unreachable proposition: Atom ready-to-load(goods1, market3, level2)
H^2 mutexes added fw: 32, unreachable: 13
0 of 88 operators detected as spurious
iteration for mutex detection and operator pruning
Initialize m_index bw
Init values regression
Initialized mvalues backward: reached=4780, notReached=2106, spurious=2523
Initialize m_ops bw
Computing mutexes...
Mutex computation finished with reached=6246, notReached=640, spurious=2523
16 operators are spurious because were not triggered
Unreachable proposition: Atom stored(goods4, level2)
Unreachable proposition: Atom stored(goods3, level2)
Unreachable proposition: Atom stored(goods2, level2)
Unreachable proposition: Atom stored(goods1, level2)
H^2 mutexes added bw: 0, unreachable: 4
0 of 72 operators detected as spurious
iteration for mutex detection and operator pruning
Initialize m_index fw
Initialized mvalues forward: reached=1225, notReached=5021, spurious=3163
Initialize m_ops fw
Computing mutexes...
Mutex computation finished with reached=6246, notReached=0, spurious=3163
0 operators are spurious because were not triggered
H^2 mutexes added fw: 0, unreachable: 0
0 of 72 operators detected as spurious
Total mutex and disambiguation time: 0.005475 iterations: 3
16 of 16 mutex groups necessary.
72 of 128 operators necessary.
0 of 0 axiom rules necessary.
Change id of operators: 72
Change id of mutexes
Change id of goals
Change id of initial state
Remove unreachable facts from variables: 35
16 of 16 mutex groups necessary.
72 of 72 operators necessary.
0 of 0 axiom rules necessary.
Updating causal graph and pruning unnecessary facts
35 variables of 35 of 35 necessary
The causal graph is not acyclic.
35 variables of 35 necessary
16 of 16 mutex groups necessary.
72 of 72 operators necessary.
0 of 0 axiom rules necessary.
Building domain transition graphs...
solveable in poly time 0
Building successor generator...
Preprocessor variables: 35
Preprocessor facts: 80
Preprocessor derived variables: 0
Preprocessor operators: 72
Preprocessor mutex groups: 16
Preprocessor task size: 543
Writing output...
Preprocessor time: 0.0116106s
Preprocessor peak memory: 2232 KB
done
INFO     Running search (release32).
INFO     search input: output
INFO     search arguments: ['--search', 'sbd(store_operators_in_optimal_plan=true, cost_type=1)']
INFO     search time limit: 3600s
INFO     search memory limit: 4096 MB
INFO     search executable: /mnt/data_server/torralba/subdominization/training/data/training_tpp/code-70296b3db083/builds/release32/bin/downward
INFO     callstring: /mnt/data_server/torralba/subdominization/training/data/training_tpp/code-70296b3db083/builds/release32/bin/downward --search 'sbd(store_operators_in_optimal_plan=true, cost_type=1)' --internal-plan-file sas_plan < output
time limit 3600.00 -> (3600, 3601)
reading input... [t=0.000126595s]
done reading input! [t=0.00131976s]
packing state variables...done! [t=0.00133368s]
Variables: 35
FactPairs: 80
Bytes per state: 8
Building successor generator...done! [t=0.00150227s]
done initalizing global data [t=0.00150715s]
TR(time=60000, nodes=100000)
Mutex(time=60000, nodes=100000, type=edeletion)
Aux(time=2000, nodes=1000000)
Disj(nodes=2147483647)
Estimation: min_time(1000) time_penalty +(1000)*(2) nodes_penalty +(1000)*(2)
MaxStep(time=30000, nodes=100000000, nodes_per_planning_second=100)
Ratio useful: 0
   Min alloted time: 60000 nodes: 10000000
   Max alloted time: 60000 nodes: 15000000
   Mult alloted time: 2 nodes: 2
   Ratio after relax: 0.8
building causal graph...done! [t=0.000132726s]
Sym variable order: 4 3 2 1 30 32 33 34 31 29 11 13 16 15 14 12 24 0 26 28 27 25 23 17 19 21 22 20 18 6 8 9 10 7 5 
Initializing Symbolic Variables
Num variables: 35 => 43
Initialize Symbolic Manager(86, 186046, 16000000, 0)
Generating binary variables
Symbolic Variables... Done.
BOUND: 1 < 2147483647, total time: 0.498559s
BOUND: 2 < 2147483647, total time: 0.498731s
BOUND: 3 < 2147483647, total time: 0.499073s
BOUND: 4 < 2147483647, total time: 0.499236s
BOUND: 5 < 2147483647, total time: 0.499496s
BOUND: 6 < 2147483647, total time: 0.499821s
BOUND: 7 < 2147483647, total time: 0.500458s
BOUND: 8 < 2147483647, total time: 0.500965s
BOUND: 9 < 2147483647, total time: 0.502056s
BOUND: 10 < 2147483647, total time: 0.502889s
BOUND: 11 < 2147483647, total time: 0.504558s
BOUND: 12 < 2147483647, total time: 0.505759s
BOUND: 13 < 2147483647, total time: 0.507437s
BOUND: 14 < 2147483647, total time: 0.509895s
BOUND: 15 < 2147483647, total time: 0.512429s
BOUND: 16 < 2147483647, total time: 0.516558s
BOUND: 17 < 2147483647, total time: 0.52024s
BOUND: 18 < 2147483647, total time: 0.526149s
BOUND: 19 < 2147483647, total time: 0.531341s
BOUND: 20 < 2147483647, total time: 0.537425s
BOUND: 21 < 2147483647, total time: 0.546796s
BOUND: 22 < 2147483647, total time: 0.555941s
BOUND: 23 < 2147483647, total time: 0.569748s
BOUND: 24 < 2147483647, total time: 0.582109s
BOUND: 25 < 2147483647, total time: 0.594563s
Solution found with cost 25 total time: 0.608426s
Merging: 1
14 0.616573 1 141
Merging: 7
13 0.619413 1 134
Merging: 13
12 0.622273 1 197
Merging: 19
11 0.626629 1 242
Merging: 17
10 0.631959 1 274
Merging: 18
9 0.637861 1 249
Merging: 14
8 0.643341 1 235
Merging: 13
7 0.648328 1 233
Merging: 12
6 0.653303 1 219
Merging: 12
5 0.657719 1 199
Merging: 12
4 0.661795 1 169
Merging: 12
3 0.665222 1 139
Merging: 12
2 0.667849 1 87
Merging: 6
1 0.66924 1 44
Merging: 1
11 0.669916 1 141
Merging: 6
10 0.671244 1 168
Merging: 4
9 0.672315 1 130
Merging: 2
8 0.673139 1 86
Merging: 1
7 0.673798 1 86
Merging: 6
6 0.674677 1 181
Merging: 7
5 0.676037 1 265
Merging: 7
4 0.67763 1 313
Merging: 7
3 0.679239 1 313
Merging: 7
2 0.680656 1 265
Merging: 7
1 0.681608 1 182
BOUND: 25 < 25, total time: 0.682072s
Actual search time: 0.190426s [t=0.68905s]
drive truck1 depot1 market1 (1)
buy truck1 goods6 market1 level0 level1 level0 level1 (1)
load goods6 truck1 market1 level0 level1 level0 level1 (1)
buy truck1 goods5 market1 level0 level1 level0 level1 (1)
load goods5 truck1 market1 level0 level1 level0 level1 (1)
buy truck1 goods3 market1 level0 level1 level0 level1 (1)
load goods3 truck1 market1 level0 level1 level0 level1 (1)
buy truck1 goods2 market1 level0 level1 level0 level1 (1)
load goods2 truck1 market1 level0 level1 level0 level1 (1)
buy truck1 goods1 market1 level0 level1 level0 level1 (1)
load goods1 truck1 market1 level0 level1 level0 level1 (1)
drive truck1 market1 market3 (1)
drive truck1 market3 market2 (1)
buy truck1 goods4 market2 level0 level1 level0 level1 (1)
buy truck1 goods5 market2 level0 level1 level0 level1 (1)
load goods4 truck1 market2 level0 level1 level0 level1 (1)
load goods5 truck1 market2 level0 level1 level1 level2 (1)
drive truck1 market2 depot2 (1)
unload goods1 truck1 depot2 level0 level1 level0 level1 (1)
unload goods2 truck1 depot2 level0 level1 level0 level1 (1)
unload goods3 truck1 depot2 level0 level1 level0 level1 (1)
unload goods4 truck1 depot2 level0 level1 level0 level1 (1)
unload goods5 truck1 depot2 level1 level2 level0 level1 (1)
unload goods5 truck1 depot2 level0 level1 level1 level2 (1)
unload goods6 truck1 depot2 level0 level1 level0 level1 (1)
Plan length: 25 step(s).
Plan cost: 25
Bytes per state: 8
Search time: 0.19598s
Total time: 0.68907s
Solution found.
Peak memory: 234504 KB
Running single search parser
