INFO     Running translator.
INFO     translator input: ['domain.pddl', 'problem.pddl']
INFO     translator arguments: []
INFO     translator time limit: None
INFO     translator memory limit: None
INFO     callstring: /usr/bin/python /mnt/data_server/torralba/subdominization/training/data/training_agricola/code-70296b3db083/builds/release32/bin/translate/translate.py domain.pddl problem.pddl
Parsing...
Parsing: [0.040s CPU, 0.053s wall-clock]
Normalizing task... [0.000s CPU, 0.001s wall-clock]
Instantiating...
Generating Datalog program... [0.010s CPU, 0.006s wall-clock]
Normalizing Datalog program...
Normalizing Datalog program: [0.020s CPU, 0.019s wall-clock]
Preparing model... [0.010s CPU, 0.016s wall-clock]
Generated 258 rules.
Computing model... [1.920s CPU, 1.938s wall-clock]
48835 relevant atoms
1588 auxiliary atoms
50423 final queue length
182745 total queue pushes
Completing instantiation... [10.830s CPU, 10.872s wall-clock]
Instantiating: [12.810s CPU, 13.245s wall-clock]
Computing fact groups...
Finding invariants...
44 initial candidates
Finding invariants: [0.200s CPU, 0.203s wall-clock]
Checking invariant weight... [0.000s CPU, 0.001s wall-clock]
Instantiating groups... [0.000s CPU, 0.002s wall-clock]
Collecting mutex groups... [0.000s CPU, 0.000s wall-clock]
Choosing groups...
114 uncovered facts
Choosing groups: [0.010s CPU, 0.000s wall-clock]
Building translation key... [0.000s CPU, 0.001s wall-clock]
Computing fact groups: [0.210s CPU, 0.210s wall-clock]
Building STRIPS to SAS dictionary... [0.000s CPU, 0.000s wall-clock]
Building dictionary for full mutex groups... [0.000s CPU, 0.000s wall-clock]
Building mutex information...
Building mutex information: [0.000s CPU, 0.000s wall-clock]
Translating task...
Processing axioms...
Simplifying axioms... [0.000s CPU, 0.000s wall-clock]
Processing axioms: [0.350s CPU, 0.353s wall-clock]
Translating task: [7.980s CPU, 8.016s wall-clock]
51815 effect conditions simplified
0 implied preconditions added
Detecting unreachable propositions...
0 operators removed
0 axioms removed
35 propositions removed
Detecting unreachable propositions: [3.880s CPU, 3.894s wall-clock]
Translator variables: 110
Translator derived variables: 0
Translator facts: 250
Translator goal facts: 1
Translator mutex groups: 7
Translator total mutex groups size: 44
Translator operators: 48179
Translator axioms: 0
Translator task size: 541596
Translator peak memory: 540704 KB
Writing output... [1.110s CPU, 1.225s wall-clock]
Done! [26.280s CPU, 26.897s wall-clock]
INFO     Running preprocessor (release32).
INFO     preprocessor input: output.sas
INFO     preprocessor arguments: []
INFO     preprocessor time limit: None
INFO     preprocessor memory limit: None
INFO     callstring: /mnt/data_server/torralba/subdominization/training/data/training_agricola/code-70296b3db083/builds/release32/bin/preprocess < output.sas
Building causal graph...
The causal graph is not acyclic.
104 variables of 110 necessary
0 of 7 mutex groups necessary.
48179 of 48179 operators necessary.
0 of 0 axiom rules necessary.
Initializing mutex computation...
Mutex computation initialized with 238 fluents.
iteration for mutex detection and operator pruning
Initialize m_index fw
Initialized mvalues forward: reached=10816, notReached=45264, spurious=564
Initialize m_ops fw
Computing mutexes...
Mutex computation finished with reached=49712, notReached=6368, spurious=564
30421 operators are spurious because were not triggered
Unreachable proposition: Atom harvest_phase(stage5, harvest_feeding)
Unreachable proposition: Atom harvest_phase(stage5, harvest_breeding)
H^2 mutexes added fw: 5424, unreachable: 2
0 of 17758 operators detected as spurious
iteration for mutex detection and operator pruning
Initialize m_index bw
Init values regression
Initialized mvalues backward: reached=31491, notReached=18221, spurious=6932
Initialize m_ops bw
Computing mutexes...
Mutex computation finished with reached=49682, notReached=30, spurious=6932
0 operators are spurious because were not triggered
H^2 mutexes added bw: 30, unreachable: 0
0 of 17758 operators detected as spurious
iteration for mutex detection and operator pruning
Initialize m_index fw
Initialized mvalues forward: reached=10816, notReached=38866, spurious=6962
Initialize m_ops fw
Computing mutexes...
Mutex computation finished with reached=49682, notReached=0, spurious=6962
0 operators are spurious because were not triggered
H^2 mutexes added fw: 0, unreachable: 0
0 of 17758 operators detected as spurious
Total mutex and disambiguation time: 9.78214 iterations: 3
2727 of 2727 mutex groups necessary.
17758 of 48179 operators necessary.
0 of 0 axiom rules necessary.
Change id of operators: 17758
Change id of mutexes
Change id of goals
Change id of initial state
Remove unreachable facts from variables: 104
2727 of 2727 mutex groups necessary.
17758 of 17758 operators necessary.
0 of 0 axiom rules necessary.
Updating causal graph and pruning unnecessary facts
102 variables of 104 of 110 necessary
The causal graph is not acyclic.
101 variables of 102 necessary
2665 of 2727 mutex groups necessary.
17758 of 17758 operators necessary.
0 of 0 axiom rules necessary.
Building domain transition graphs...
solveable in poly time 0
Building successor generator...
Preprocessor variables: 101
Preprocessor facts: 232
Preprocessor derived variables: 0
Preprocessor operators: 17758
Preprocessor mutex groups: 2665
Preprocessor task size: 192182
Writing output...
Preprocessor time: 12.0094s
Preprocessor peak memory: 146224 KB
done
INFO     Running search (release32).
INFO     search input: output
INFO     search arguments: ['--search', 'sbw(store_operators_in_optimal_plan=true, cost_type=1)']
INFO     search time limit: 3600s
INFO     search memory limit: 4096 MB
INFO     search executable: /mnt/data_server/torralba/subdominization/training/data/training_agricola/code-70296b3db083/builds/release32/bin/downward
INFO     callstring: /mnt/data_server/torralba/subdominization/training/data/training_agricola/code-70296b3db083/builds/release32/bin/downward --search 'sbw(store_operators_in_optimal_plan=true, cost_type=1)' --internal-plan-file sas_plan < output
time limit 3600.00 -> (3600, 3601)
reading input... [t=0.000138409s]
done reading input! [t=0.273336s]
packing state variables...done! [t=0.273377s]
Variables: 101
FactPairs: 232
Bytes per state: 16
Building successor generator...done! [t=0.371787s]
done initalizing global data [t=0.371807s]
TR(time=60000, nodes=100000)
Mutex(time=60000, nodes=100000, type=edeletion)
Aux(time=2000, nodes=1000000)
Disj(nodes=2147483647)
Estimation: min_time(1000) time_penalty +(1000)*(2) nodes_penalty +(1000)*(2)
MaxStep(time=30000, nodes=100000000, nodes_per_planning_second=100)
Ratio useful: 0
   Min alloted time: 60000 nodes: 10000000
   Max alloted time: 60000 nodes: 15000000
   Mult alloted time: 2 nodes: 2
   Ratio after relax: 0.8
building causal graph...done! [t=0.0263374s]
Sym variable order: 100 8 7 6 51 55 56 57 50 52 53 54 80 81 82 9 19 2 11 13 12 1 3 5 95 96 86 87 88 99 76 72 71 68 65 66 67 70 26 69 27 28 30 77 33 39 40 47 84 49 38 37 35 31 36 85 91 16 98 90 75 10 74 73 25 97 78 79 63 62 64 89 94 58 60 61 59 92 83 93 32 43 42 41 48 34 45 46 24 44 14 17 29 20 15 23 21 22 18 0 4 
Initializing Symbolic Variables
Num variables: 101 => 113
Initialize Symbolic Manager(226, 70796, 16000000, 0)
Generating binary variables
Symbolic Variables... Done.
BOUND: 1 < 2147483647, total time: 3.37506s
BOUND: 2 < 2147483647, total time: 3.40596s
BOUND: 3 < 2147483647, total time: 3.41032s
BOUND: 4 < 2147483647, total time: 3.41482s
BOUND: 5 < 2147483647, total time: 3.42171s
BOUND: 6 < 2147483647, total time: 3.43587s
BOUND: 7 < 2147483647, total time: 3.4637s
BOUND: 8 < 2147483647, total time: 3.6223s
BOUND: 9 < 2147483647, total time: 4.1874s
BOUND: 10 < 2147483647, total time: 5.4158s
BOUND: 11 < 2147483647, total time: 7.03925s
BOUND: 12 < 2147483647, total time: 8.21548s
BOUND: 13 < 2147483647, total time: 8.71396s
BOUND: 14 < 2147483647, total time: 8.99632s
BOUND: 15 < 2147483647, total time: 9.36994s
BOUND: 16 < 2147483647, total time: 11.0422s
BOUND: 17 < 2147483647, total time: 12.2259s
BOUND: 18 < 2147483647, total time: 13.753s
BOUND: 19 < 2147483647, total time: 14.9848s
BOUND: 20 < 2147483647, total time: 15.7052s
BOUND: 21 < 2147483647, total time: 16.1047s
BOUND: 22 < 2147483647, total time: 16.3688s
BOUND: 23 < 2147483647, total time: 16.6396s
BOUND: 24 < 2147483647, total time: 17.0828s
BOUND: 25 < 2147483647, total time: 17.6733s
BOUND: 26 < 2147483647, total time: 18.6013s
BOUND: 27 < 2147483647, total time: 19.922s
BOUND: 28 < 2147483647, total time: 21.5883s
BOUND: 29 < 2147483647, total time: 23.568s
BOUND: 30 < 2147483647, total time: 25.3755s
BOUND: 31 < 2147483647, total time: 28.4591s
BOUND: 32 < 2147483647, total time: 29.694s
BOUND: 33 < 2147483647, total time: 30.6381s
BOUND: 34 < 2147483647, total time: 31.8232s
BOUND: 35 < 2147483647, total time: 33.1305s
BOUND: 36 < 2147483647, total time: 34.1676s
BOUND: 37 < 2147483647, total time: 35.1538s
BOUND: 38 < 2147483647, total time: 36.3599s
BOUND: 39 < 2147483647, total time: 37.6092s
BOUND: 40 < 2147483647, total time: 38.6404s
BOUND: 41 < 2147483647, total time: 39.2498s
BOUND: 42 < 2147483647, total time: 39.6042s
BOUND: 43 < 2147483647, total time: 40.2115s
BOUND: 44 < 2147483647, total time: 41.5231s
BOUND: 45 < 2147483647, total time: 43.1441s
BOUND: 46 < 2147483647, total time: 46.1983s
BOUND: 47 < 2147483647, total time: 47.3837s
BOUND: 48 < 2147483647, total time: 48.1165s
BOUND: 49 < 2147483647, total time: 49.0404s
BOUND: 50 < 2147483647, total time: 50.1656s
BOUND: 51 < 2147483647, total time: 51.654s
BOUND: 52 < 2147483647, total time: 53.1559s
BOUND: 53 < 2147483647, total time: 54.2446s
BOUND: 54 < 2147483647, total time: 54.7322s
BOUND: 55 < 2147483647, total time: 54.9023s
BOUND: 56 < 2147483647, total time: 55.0912s
BOUND: 57 < 2147483647, total time: 55.4196s
BOUND: 58 < 2147483647, total time: 55.812s
BOUND: 59 < 2147483647, total time: 56.1784s
BOUND: 60 < 2147483647, total time: 56.3965s
BOUND: 61 < 2147483647, total time: 56.5069s
BOUND: 62 < 2147483647, total time: 56.5644s
BOUND: 63 < 2147483647, total time: 56.6231s
BOUND: 64 < 2147483647, total time: 56.7149s
BOUND: 65 < 2147483647, total time: 56.7848s
BOUND: 66 < 2147483647, total time: 56.8263s
Solution found with cost 66 total time: 56.8631s
Merging: 1
66 58.4361 1 114
Merging: 11
65 58.5068 1 370
Merging: 11
64 58.5882 1 936
Merging: 1
63 58.6772 1 936
Merging: 6
62 58.7652 1 176
Merging: 1
61 58.8424 1 176
Merging: 17
60 58.9278 1 2108
Merging: 17
59 59.0721 1 2469
Merging: 1
58 59.194 1 2469
Merging: 6
57 59.3154 1 247
Merging: 1
56 59.4026 1 247
Merging: 17
55 59.4957 1 3950
Merging: 17
54 59.6902 1 4236
Merging: 1
53 59.8474 1 4236
Merging: 6
52 59.9917 1 297
Merging: 1
51 60.0833 1 297
Merging: 20
50 60.1897 1 5961
Merging: 20
49 60.5085 1 7386
Merging: 1
48 60.7678 1 7386
Merging: 6
47 61.0157 1 422
Merging: 1
46 61.138 1 422
Merging: 3
45 61.2018 1 414
Merging: 1
44 61.2861 1 414
Merging: 1
43 61.3453 1 414
Merging: 23
42 61.4938 1 9253
Merging: 23
41 62.0999 1 11454
Merging: 1
40 62.5948 1 11454
Merging: 6
39 63.0559 1 603
Merging: 1
38 63.2386 1 603
Merging: 26
37 63.4429 1 13038
Merging: 26
36 64.4012 1 14366
Merging: 1
35 65.1914 1 14366
Merging: 6
34 65.9729 1 816
Merging: 1
33 66.2144 1 816
Merging: 26
32 66.4902 1 10008
Merging: 44
31 67.2597 1 10338
Merging: 1
30 67.909 1 10338
Merging: 6
29 68.5496 1 837
Merging: 1
28 68.7989 1 837
Merging: 3
27 68.8744 1 837
Merging: 1
26 69.0009 1 837
Merging: 1
25 69.0822 1 837
Merging: 45
24 69.3598 1 15660
Merging: 65
23 71.0602 1 45803
Merging: 1
22 73.3925 1 45803
Merging: 6
21 75.5366 1 1180
Merging: 1
20 75.907 1 1180
Merging: 83
19 76.3529 1 29715
Merging: 83
18 78.8821 1 49087
Merging: 1
17 80.9874 1 49087
Merging: 6
16 83.0093 1 1061
Merging: 1
15 83.3656 1 1061
Merging: 11
14 83.455 1 1039
Merging: 1
13 83.6408 1 1039
Merging: 1
12 83.7523 1 1039
Merging: 80
11 84.2078 1 37783
Merging: 97
10 87.7423 1 133940
Merging: 1
9 93.4946 1 133940
Merging: 6
8 97.5839 1 1444
Merging: 1
7 98.076 1 1444
Merging: 121
6 98.6725 1 65932
Merging: 118
5 103.34 1 139882
Merging: 2
4 107.392 1 137875
Merging: 6
3 111.277 1 1568
Merging: 1
2 111.764 1 1568
Merging: 24
1 111.866 1 1792
BOUND: 66 < 66, total time: 112.228s
Actual search time: 108.856s [t=112.231s]
build_fences boar worker2 worker1 worker2 round1 (60)
collect_resource worker1 noworker worker2 round1 act_clay clay (60)
ag__finish_round_backhome round1 worker2 (1)
ag__finish_round_renew round1 noworker (1)
ag__advance_round_normal round1 round2 act_sow (1)
build_fences boar worker2 worker1 worker2 round2 (60)
take_food worker1 noworker worker2 round2 num1 num2 (60)
ag__finish_round_backhome round2 worker2 (1)
ag__finish_round_renew round2 noworker (1)
ag__advance_round_normal round2 round3 act_family (1)
build_fences boar worker2 worker1 worker2 round3 (60)
take_food worker1 noworker worker2 round3 num2 num3 (60)
ag__finish_round_backhome round3 worker2 (1)
ag__finish_round_renew round3 noworker (1)
ag__advance_round_normal round3 round4 act_sheep (1)
build_fences boar worker2 worker1 worker2 round4 (60)
take_food worker1 noworker worker2 round4 num3 num4 (60)
ag__finish_round_backhome round4 worker2 (1)
ag__finish_round_renew round4 noworker (1)
ag__harvest_collect_end round4 stage1 (1)
ag__harvest_feed round4 stage1 worker2 num4 num4 num0 (1)
ag__harvest_breed_end round4 stage1 (1)
ag__finish_stage stage1 stage2 round4 round5 act_boar (1)
build_fences boar worker2 worker1 worker2 round5 (60)
take_food worker1 noworker worker2 round5 num0 num1 (60)
ag__finish_round_backhome round5 worker2 (1)
ag__finish_round_renew round5 noworker (1)
ag__advance_round_normal round5 round6 act_cattle (1)
collect_resource worker2 worker1 worker2 round6 act_stone stone (60)
take_food worker1 noworker worker2 round6 num1 num2 (60)
ag__finish_round_backhome round6 worker2 (1)
ag__finish_round_renew round6 noworker (1)
ag__advance_round_normal round6 round7 act_improve (1)
improve_home worker2 worker1 worker2 round7 fireplace (60)
collect_cook_animal boar act_boar worker1 noworker worker2 round7 num2 num4 (60)
ag__finish_round_backhome round7 worker2 (1)
ag__finish_round_renew round7 noworker (1)
ag__harvest_collect_end round7 stage2 (1)
ag__harvest_feed round7 stage2 worker2 num4 num4 num0 (1)
ag__harvest_breed_end round7 stage2 (1)
ag__finish_stage stage2 stage3 round7 round8 act_carrot (1)
build_fences boar worker2 worker1 worker2 round8 (60)
collect_animal boar act_sheep worker1 noworker worker2 round8 (60)
ag__finish_round_backhome round8 worker2 (1)
ag__finish_round_renew round8 noworker (1)
ag__advance_round_normal round8 round9 void (1)
collect_cook_animal boar act_cattle worker2 worker1 worker2 round9 num0 num2 (60)
collect_cook_animal boar act_sheep worker1 noworker worker2 round9 num2 num4 (60)
ag__finish_round_backhome round9 worker2 (1)
ag__finish_round_renew round9 noworker (1)
ag__harvest_collect_end round9 stage3 (1)
ag__harvest_feed round9 stage3 worker2 num4 num4 num0 (1)
ag__harvest_breed_end round9 stage3 (1)
ag__finish_stage stage3 stage4 round9 round10 void (1)
build_fences boar worker2 worker1 worker2 round10 (60)
collect_cook_animal boar act_sheep worker1 noworker worker2 round10 num0 num2 (60)
ag__finish_round_backhome round10 worker2 (1)
ag__finish_round_renew round10 noworker (1)
ag__advance_round_normal round10 round11 void (1)
build_fences boar worker2 worker1 worker2 round11 (60)
collect_cook_animal boar act_sheep worker1 noworker worker2 round11 num2 num4 (60)
ag__finish_round_backhome round11 worker2 (1)
ag__finish_round_renew round11 noworker (1)
ag__harvest_collect_end round11 stage4 (1)
ag__harvest_feed round11 stage4 worker2 num4 num4 num0 (1)
ag__harvest_breed_end round11 stage4 (1)
Plan length: 66 step(s).
Plan cost: 1364
Bytes per state: 16
Search time: 110.41s
Total time: 112.231s
Solution found.
Peak memory: 537756 KB
Running single search parser
