INFO     Running translator.
INFO     translator input: ['domain.pddl', 'problem.pddl']
INFO     translator arguments: []
INFO     translator time limit: None
INFO     translator memory limit: None
INFO     callstring: /usr/bin/python /mnt/data_server/torralba/subdominization/training/data/training_satellite/code-70296b3db083/builds/release32/bin/translate/translate.py domain.pddl problem.pddl
Parsing...
Parsing: [0.000s CPU, 0.016s wall-clock]
Normalizing task... [0.000s CPU, 0.000s wall-clock]
Instantiating...
Generating Datalog program... [0.010s CPU, 0.001s wall-clock]
Normalizing Datalog program...
Normalizing Datalog program: [0.000s CPU, 0.054s wall-clock]
Preparing model... [0.000s CPU, 0.002s wall-clock]
Generated 31 rules.
Computing model... [0.010s CPU, 0.012s wall-clock]
459 relevant atoms
122 auxiliary atoms
581 final queue length
873 total queue pushes
Completing instantiation... [0.020s CPU, 0.018s wall-clock]
Instantiating: [0.040s CPU, 0.101s wall-clock]
Computing fact groups...
Finding invariants...
12 initial candidates
Finding invariants: [0.010s CPU, 0.003s wall-clock]
Checking invariant weight... [0.000s CPU, 0.000s wall-clock]
Instantiating groups... [0.000s CPU, 0.000s wall-clock]
Collecting mutex groups... [0.000s CPU, 0.000s wall-clock]
Choosing groups...
30 uncovered facts
Choosing groups: [0.000s CPU, 0.000s wall-clock]
Building translation key... [0.000s CPU, 0.000s wall-clock]
Computing fact groups: [0.010s CPU, 0.005s wall-clock]
Building STRIPS to SAS dictionary... [0.000s CPU, 0.000s wall-clock]
Building dictionary for full mutex groups... [0.000s CPU, 0.000s wall-clock]
Building mutex information...
Building mutex information: [0.000s CPU, 0.000s wall-clock]
Translating task...
Processing axioms...
Simplifying axioms... [0.000s CPU, 0.000s wall-clock]
Processing axioms: [0.000s CPU, 0.001s wall-clock]
Translating task: [0.010s CPU, 0.018s wall-clock]
6 effect conditions simplified
0 implied preconditions added
Detecting unreachable propositions...
0 operators removed
0 axioms removed
2 propositions removed
Detecting unreachable propositions: [0.020s CPU, 0.010s wall-clock]
Translator variables: 32
Translator derived variables: 0
Translator facts: 84
Translator goal facts: 9
Translator mutex groups: 2
Translator total mutex groups size: 24
Translator operators: 318
Translator axioms: 0
Translator task size: 1207
Translator peak memory: 44576 KB
Writing output... [0.000s CPU, 0.072s wall-clock]
Done! [0.080s CPU, 0.224s wall-clock]
INFO     Running preprocessor (release32).
INFO     preprocessor input: output.sas
INFO     preprocessor arguments: []
INFO     preprocessor time limit: None
INFO     preprocessor memory limit: None
INFO     callstring: /mnt/data_server/torralba/subdominization/training/data/training_satellite/code-70296b3db083/builds/release32/bin/preprocess < output.sas
Building causal graph...
The causal graph is not acyclic.
15 variables of 32 necessary
0 of 2 mutex groups necessary.
284 of 318 operators necessary.
0 of 0 axiom rules necessary.
Initializing mutex computation...
Mutex computation initialized with 50 fluents.
iteration for mutex detection and operator pruning
Initialize m_index fw
Initialized mvalues forward: reached=225, notReached=1985, spurious=290
Initialize m_ops fw
Computing mutexes...
Mutex computation finished with reached=2202, notReached=8, spurious=290
0 operators are spurious because were not triggered
H^2 mutexes added fw: 8, unreachable: 0
0 of 284 operators detected as spurious
iteration for mutex detection and operator pruning
Initialize m_index bw
Init values regression
Initialized mvalues backward: reached=421, notReached=1781, spurious=298
Initialize m_ops bw
Computing mutexes...
Mutex computation finished with reached=2202, notReached=0, spurious=298
0 operators are spurious because were not triggered
H^2 mutexes added bw: 0, unreachable: 0
0 of 284 operators detected as spurious
Total mutex and disambiguation time: 0.005011 iterations: 2
4 of 4 mutex groups necessary.
284 of 284 operators necessary.
0 of 0 axiom rules necessary.
Change id of operators: 284
Change id of mutexes
Change id of goals
Change id of initial state
Remove unreachable facts from variables: 15
4 of 4 mutex groups necessary.
284 of 284 operators necessary.
0 of 0 axiom rules necessary.
Updating causal graph and pruning unnecessary facts
15 variables of 15 of 32 necessary
The causal graph is not acyclic.
15 variables of 15 necessary
4 of 4 mutex groups necessary.
284 of 284 operators necessary.
0 of 0 axiom rules necessary.
Building domain transition graphs...
solveable in poly time 0
Building successor generator...
Preprocessor variables: 15
Preprocessor facts: 50
Preprocessor derived variables: 0
Preprocessor operators: 284
Preprocessor mutex groups: 4
Preprocessor task size: 970
Writing output...
Preprocessor time: 0.0135721s
Preprocessor peak memory: 2244 KB
done
INFO     Running search (release32).
INFO     search input: output
INFO     search arguments: ['--search', 'sbd(store_operators_in_optimal_plan=true, cost_type=1)']
INFO     search time limit: 3600s
INFO     search memory limit: 4096 MB
INFO     search executable: /mnt/data_server/torralba/subdominization/training/data/training_satellite/code-70296b3db083/builds/release32/bin/downward
INFO     callstring: /mnt/data_server/torralba/subdominization/training/data/training_satellite/code-70296b3db083/builds/release32/bin/downward --search 'sbd(store_operators_in_optimal_plan=true, cost_type=1)' --internal-plan-file sas_plan < output
time limit 3600.00 -> (3600, 3601)
reading input... [t=0.000133444s]
done reading input! [t=0.00221932s]
packing state variables...done! [t=0.00223332s]
Variables: 15
FactPairs: 50
Bytes per state: 4
Building successor generator...done! [t=0.00241983s]
done initalizing global data [t=0.00242537s]
TR(time=60000, nodes=100000)
Mutex(time=60000, nodes=100000, type=edeletion)
Aux(time=2000, nodes=1000000)
Disj(nodes=2147483647)
Estimation: min_time(1000) time_penalty +(1000)*(2) nodes_penalty +(1000)*(2)
MaxStep(time=30000, nodes=100000000, nodes_per_planning_second=100)
Ratio useful: 0
   Min alloted time: 60000 nodes: 10000000
   Max alloted time: 60000 nodes: 15000000
   Mult alloted time: 2 nodes: 2
   Ratio after relax: 0.8
building causal graph...done! [t=7.9105e-05s]
Sym variable order: 2 14 12 3 4 0 13 10 8 1 7 6 9 11 5 
Initializing Symbolic Variables
Num variables: 15 => 21
Initialize Symbolic Manager(42, 380952, 16000000, 0)
Generating binary variables
Symbolic Variables... Done.
BOUND: 1 < 2147483647, total time: 0.355175s
BOUND: 2 < 2147483647, total time: 0.35534s
BOUND: 3 < 2147483647, total time: 0.355486s
BOUND: 4 < 2147483647, total time: 0.355741s
BOUND: 5 < 2147483647, total time: 0.355933s
BOUND: 6 < 2147483647, total time: 0.356149s
BOUND: 7 < 2147483647, total time: 0.356354s
BOUND: 8 < 2147483647, total time: 0.356725s
BOUND: 9 < 2147483647, total time: 0.357351s
BOUND: 10 < 2147483647, total time: 0.358104s
BOUND: 11 < 2147483647, total time: 0.359423s
BOUND: 12 < 2147483647, total time: 0.360787s
BOUND: 13 < 2147483647, total time: 0.363112s
BOUND: 14 < 2147483647, total time: 0.365518s
BOUND: 15 < 2147483647, total time: 0.368565s
BOUND: 16 < 2147483647, total time: 0.3731s
BOUND: 17 < 2147483647, total time: 0.377606s
BOUND: 18 < 2147483647, total time: 0.381808s
BOUND: 19 < 2147483647, total time: 0.388642s
Solution found with cost 19 total time: 0.393194s
Merging: 1
10 0.402234 1 378
Merging: 100
9 0.434232 1 364
Merging: 100
8 0.461748 1 324
Merging: 100
7 0.484847 1 281
Merging: 100
6 0.504073 1 194
Merging: 100
5 0.51713 1 146
Merging: 30
4 0.526536 1 61
Merging: 18
3 0.530743 1 60
Merging: 8
2 0.534746 1 61
Merging: 6
1 0.538884 1 47
Merging: 1
9 0.542539 1 378
Merging: 100
8 0.561138 1 388
Merging: 100
7 0.577087 1 378
Merging: 100
6 0.590438 1 364
Merging: 100
5 0.602557 1 324
Merging: 100
4 0.613228 1 281
Merging: 100
3 0.621406 1 194
Merging: 100
2 0.627314 1 146
Merging: 29
1 0.6314 1 60
BOUND: 19 < 19, total time: 0.633738s
Actual search time: 0.279618s [t=0.634827s]
turn_to satellite1 star3 planet11 (1)
turn_to satellite0 star1 star2 (1)
switch_on instrument0 satellite0 (1)
calibrate satellite0 instrument0 star1 (1)
turn_to satellite0 planet11 star1 (1)
take_image satellite0 planet11 instrument0 infrared1 (1)
turn_to satellite0 planet10 planet11 (1)
take_image satellite0 planet10 instrument0 infrared1 (1)
turn_to satellite0 phenomenon6 planet10 (1)
take_image satellite0 phenomenon6 instrument0 infrared1 (1)
turn_to satellite0 planet5 phenomenon6 (1)
take_image satellite0 planet5 instrument0 spectrograph0 (1)
turn_to satellite0 planet7 planet5 (1)
take_image satellite0 planet7 instrument0 infrared1 (1)
turn_to satellite0 star8 planet7 (1)
take_image satellite0 star8 instrument0 infrared1 (1)
turn_to satellite0 star9 star8 (1)
take_image satellite0 star9 instrument0 infrared1 (1)
turn_to satellite0 groundstation4 star9 (1)
Plan length: 19 step(s).
Plan cost: 19
Bytes per state: 4
Search time: 0.286237s
Total time: 0.634839s
Solution found.
Peak memory: 233116 KB
Running single search parser
