INFO     Running translator.
INFO     translator input: ['domain.pddl', 'problem.pddl']
INFO     translator arguments: []
INFO     translator time limit: None
INFO     translator memory limit: None
INFO     callstring: /usr/bin/python /mnt/data_server/torralba/subdominization/training/data/training_satellite/code-70296b3db083/builds/release32/bin/translate/translate.py domain.pddl problem.pddl
Parsing...
Parsing: [0.000s CPU, 0.022s wall-clock]
Normalizing task... [0.000s CPU, 0.000s wall-clock]
Instantiating...
Generating Datalog program... [0.000s CPU, 0.001s wall-clock]
Normalizing Datalog program...
Normalizing Datalog program: [0.010s CPU, 0.074s wall-clock]
Preparing model... [0.000s CPU, 0.002s wall-clock]
Generated 31 rules.
Computing model... [0.020s CPU, 0.016s wall-clock]
577 relevant atoms
168 auxiliary atoms
745 final queue length
1103 total queue pushes
Completing instantiation... [0.020s CPU, 0.022s wall-clock]
Instantiating: [0.050s CPU, 0.118s wall-clock]
Computing fact groups...
Finding invariants...
12 initial candidates
Finding invariants: [0.000s CPU, 0.003s wall-clock]
Checking invariant weight... [0.000s CPU, 0.000s wall-clock]
Instantiating groups... [0.010s CPU, 0.000s wall-clock]
Collecting mutex groups... [0.000s CPU, 0.000s wall-clock]
Choosing groups...
42 uncovered facts
Choosing groups: [0.000s CPU, 0.000s wall-clock]
Building translation key... [0.000s CPU, 0.001s wall-clock]
Computing fact groups: [0.010s CPU, 0.005s wall-clock]
Building STRIPS to SAS dictionary... [0.000s CPU, 0.000s wall-clock]
Building dictionary for full mutex groups... [0.000s CPU, 0.000s wall-clock]
Building mutex information...
Building mutex information: [0.000s CPU, 0.000s wall-clock]
Translating task...
Processing axioms...
Simplifying axioms... [0.000s CPU, 0.000s wall-clock]
Processing axioms: [0.000s CPU, 0.001s wall-clock]
Translating task: [0.020s CPU, 0.022s wall-clock]
9 effect conditions simplified
0 implied preconditions added
Detecting unreachable propositions...
0 operators removed
0 axioms removed
3 propositions removed
Detecting unreachable propositions: [0.010s CPU, 0.013s wall-clock]
Translator variables: 45
Translator derived variables: 0
Translator facts: 117
Translator goal facts: 1
Translator mutex groups: 3
Translator total mutex groups size: 33
Translator operators: 394
Translator axioms: 0
Translator task size: 1500
Translator peak memory: 44940 KB
Writing output... [0.010s CPU, 0.049s wall-clock]
Done! [0.100s CPU, 0.232s wall-clock]
INFO     Running preprocessor (release32).
INFO     preprocessor input: output.sas
INFO     preprocessor arguments: []
INFO     preprocessor time limit: None
INFO     preprocessor memory limit: None
INFO     callstring: /mnt/data_server/torralba/subdominization/training/data/training_satellite/code-70296b3db083/builds/release32/bin/preprocess < output.sas
Building causal graph...
The causal graph is not acyclic.
5 variables of 45 necessary
0 of 3 mutex groups necessary.
114 of 394 operators necessary.
0 of 0 axiom rules necessary.
Initializing mutex computation...
Mutex computation initialized with 19 fluents.
iteration for mutex detection and operator pruning
Initialize m_index fw
Initialized mvalues forward: reached=25, notReached=218, spurious=118
Initialize m_ops fw
Computing mutexes...
Mutex computation finished with reached=239, notReached=4, spurious=118
0 operators are spurious because were not triggered
H^2 mutexes added fw: 4, unreachable: 0
0 of 114 operators detected as spurious
iteration for mutex detection and operator pruning
Initialize m_index bw
Init values regression
Initialized mvalues backward: reached=204, notReached=35, spurious=122
Initialize m_ops bw
Computing mutexes...
Mutex computation finished with reached=239, notReached=0, spurious=122
0 operators are spurious because were not triggered
H^2 mutexes added bw: 0, unreachable: 0
0 of 114 operators detected as spurious
Total mutex and disambiguation time: 0.000788 iterations: 2
2 of 2 mutex groups necessary.
114 of 114 operators necessary.
0 of 0 axiom rules necessary.
Change id of operators: 114
Change id of mutexes
Change id of goals
Change id of initial state
Remove unreachable facts from variables: 5
2 of 2 mutex groups necessary.
114 of 114 operators necessary.
0 of 0 axiom rules necessary.
Updating causal graph and pruning unnecessary facts
5 variables of 5 of 45 necessary
The causal graph is not acyclic.
5 variables of 5 necessary
2 of 2 mutex groups necessary.
114 of 114 operators necessary.
0 of 0 axiom rules necessary.
Building domain transition graphs...
solveable in poly time 0
Building successor generator...
Preprocessor variables: 5
Preprocessor facts: 19
Preprocessor derived variables: 0
Preprocessor operators: 114
Preprocessor mutex groups: 2
Preprocessor task size: 377
Writing output...
Preprocessor time: 0.00655981s
Preprocessor peak memory: 2248 KB
done
INFO     Running search (release32).
INFO     search input: output
INFO     search arguments: ['--search', 'sbd(store_operators_in_optimal_plan=true, cost_type=1)']
INFO     search time limit: 3600s
INFO     search memory limit: 4096 MB
INFO     search executable: /mnt/data_server/torralba/subdominization/training/data/training_satellite/code-70296b3db083/builds/release32/bin/downward
INFO     callstring: /mnt/data_server/torralba/subdominization/training/data/training_satellite/code-70296b3db083/builds/release32/bin/downward --search 'sbd(store_operators_in_optimal_plan=true, cost_type=1)' --internal-plan-file sas_plan < output
time limit 3600.00 -> (3600, 3601)
reading input... [t=0.000156397s]
done reading input! [t=0.0010541s]
packing state variables...done! [t=0.00106791s]
Variables: 5
FactPairs: 19
Bytes per state: 4
Building successor generator...done! [t=0.00114192s]
done initalizing global data [t=0.00114687s]
TR(time=60000, nodes=100000)
Mutex(time=60000, nodes=100000, type=edeletion)
Aux(time=2000, nodes=1000000)
Disj(nodes=2147483647)
Estimation: min_time(1000) time_penalty +(1000)*(2) nodes_penalty +(1000)*(2)
MaxStep(time=30000, nodes=100000000, nodes_per_planning_second=100)
Ratio useful: 0
   Min alloted time: 60000 nodes: 10000000
   Max alloted time: 60000 nodes: 15000000
   Mult alloted time: 2 nodes: 2
   Ratio after relax: 0.8
building causal graph...done! [t=2.6996e-05s]
Sym variable order: 0 4 3 2 1 
Initializing Symbolic Variables
Num variables: 5 => 8
Initialize Symbolic Manager(16, 1000000, 16000000, 0)
Generating binary variables
Symbolic Variables... Done.
BOUND: 1 < 2147483647, total time: 0.250157s
BOUND: 2 < 2147483647, total time: 0.250269s
BOUND: 3 < 2147483647, total time: 0.250358s
BOUND: 4 < 2147483647, total time: 0.250419s
BOUND: 5 < 2147483647, total time: 0.250487s
Solution found with cost 5 total time: 0.250536s
Merging: 1
1 0.251176 1 14
Merging: 1
4 0.251686 1 14
Merging: 2
3 0.251971 1 9
Merging: 1
2 0.252215 1 9
Merging: 1
1 0.252444 1 9
BOUND: 5 < 5, total time: 0.252678s
Actual search time: 0.00270766s [t=0.252913s]
switch_on instrument2 satellite2 (1)
turn_to satellite2 star7 groundstation6 (1)
calibrate satellite2 instrument2 star7 (1)
turn_to satellite2 phenomenon10 star7 (1)
take_image satellite2 phenomenon10 instrument2 infrared3 (1)
Plan length: 5 step(s).
Plan cost: 5
Bytes per state: 4
Search time: 0.00437564s
Total time: 0.252927s
Solution found.
Peak memory: 212508 KB
Running single search parser
