INFO     Running translator.
INFO     translator input: ['domain.pddl', 'problem.pddl']
INFO     translator arguments: []
INFO     translator time limit: None
INFO     translator memory limit: None
INFO     callstring: /usr/bin/python /mnt/data_server/torralba/subdominization/training/data/training_satellite/code-70296b3db083/builds/release32/bin/translate/translate.py domain.pddl problem.pddl
Parsing...
Parsing: [0.010s CPU, 0.028s wall-clock]
Normalizing task... [0.000s CPU, 0.000s wall-clock]
Instantiating...
Generating Datalog program... [0.000s CPU, 0.001s wall-clock]
Normalizing Datalog program...
Normalizing Datalog program: [0.000s CPU, 0.014s wall-clock]
Preparing model... [0.010s CPU, 0.003s wall-clock]
Generated 31 rules.
Computing model... [0.030s CPU, 0.033s wall-clock]
1184 relevant atoms
312 auxiliary atoms
1496 final queue length
2318 total queue pushes
Completing instantiation... [0.050s CPU, 0.050s wall-clock]
Instantiating: [0.090s CPU, 0.107s wall-clock]
Computing fact groups...
Finding invariants...
12 initial candidates
Finding invariants: [0.000s CPU, 0.004s wall-clock]
Checking invariant weight... [0.000s CPU, 0.000s wall-clock]
Instantiating groups... [0.000s CPU, 0.000s wall-clock]
Collecting mutex groups... [0.000s CPU, 0.000s wall-clock]
Choosing groups...
77 uncovered facts
Choosing groups: [0.000s CPU, 0.000s wall-clock]
Building translation key... [0.000s CPU, 0.001s wall-clock]
Computing fact groups: [0.000s CPU, 0.007s wall-clock]
Building STRIPS to SAS dictionary... [0.000s CPU, 0.000s wall-clock]
Building dictionary for full mutex groups... [0.010s CPU, 0.000s wall-clock]
Building mutex information...
Building mutex information: [0.000s CPU, 0.000s wall-clock]
Translating task...
Processing axioms...
Simplifying axioms... [0.000s CPU, 0.000s wall-clock]
Processing axioms: [0.000s CPU, 0.002s wall-clock]
Translating task: [0.040s CPU, 0.049s wall-clock]
15 effect conditions simplified
0 implied preconditions added
Detecting unreachable propositions...
0 operators removed
0 axioms removed
3 propositions removed
Detecting unreachable propositions: [0.040s CPU, 0.030s wall-clock]
Translator variables: 80
Translator derived variables: 0
Translator facts: 202
Translator goal facts: 2
Translator mutex groups: 3
Translator total mutex groups size: 48
Translator operators: 893
Translator axioms: 0
Translator task size: 3333
Translator peak memory: 47260 KB
Writing output... [0.010s CPU, 0.014s wall-clock]
Done! [0.200s CPU, 0.239s wall-clock]
INFO     Running preprocessor (release32).
INFO     preprocessor input: output.sas
INFO     preprocessor arguments: []
INFO     preprocessor time limit: None
INFO     preprocessor memory limit: None
INFO     callstring: /mnt/data_server/torralba/subdominization/training/data/training_satellite/code-70296b3db083/builds/release32/bin/preprocess < output.sas
Building causal graph...
The causal graph is not acyclic.
11 variables of 80 necessary
0 of 3 mutex groups necessary.
499 of 893 operators necessary.
0 of 0 axiom rules necessary.
Initializing mutex computation...
Mutex computation initialized with 50 fluents.
iteration for mutex detection and operator pruning
Initialize m_index fw
Initialized mvalues forward: reached=121, notReached=1881, spurious=498
Initialize m_ops fw
Computing mutexes...
Mutex computation finished with reached=1990, notReached=12, spurious=498
0 operators are spurious because were not triggered
H^2 mutexes added fw: 12, unreachable: 0
0 of 499 operators detected as spurious
iteration for mutex detection and operator pruning
Initialize m_index bw
Init values regression
Initialized mvalues backward: reached=888, notReached=1102, spurious=510
Initialize m_ops bw
Computing mutexes...
Mutex computation finished with reached=1990, notReached=0, spurious=510
0 operators are spurious because were not triggered
H^2 mutexes added bw: 0, unreachable: 0
0 of 499 operators detected as spurious
Total mutex and disambiguation time: 0.00791 iterations: 2
6 of 6 mutex groups necessary.
499 of 499 operators necessary.
0 of 0 axiom rules necessary.
Change id of operators: 499
Change id of mutexes
Change id of goals
Change id of initial state
Remove unreachable facts from variables: 11
6 of 6 mutex groups necessary.
499 of 499 operators necessary.
0 of 0 axiom rules necessary.
Updating causal graph and pruning unnecessary facts
11 variables of 11 of 80 necessary
The causal graph is not acyclic.
11 variables of 11 necessary
6 of 6 mutex groups necessary.
499 of 499 operators necessary.
0 of 0 axiom rules necessary.
Building domain transition graphs...
solveable in poly time 0
Building successor generator...
Preprocessor variables: 11
Preprocessor facts: 50
Preprocessor derived variables: 0
Preprocessor operators: 499
Preprocessor mutex groups: 6
Preprocessor task size: 1595
Writing output...
Preprocessor time: 0.0248775s
Preprocessor peak memory: 2404 KB
done
INFO     Running search (release32).
INFO     search input: output
INFO     search arguments: ['--search', 'sbd(store_operators_in_optimal_plan=true, cost_type=1)']
INFO     search time limit: 3600s
INFO     search memory limit: 4096 MB
INFO     search executable: /mnt/data_server/torralba/subdominization/training/data/training_satellite/code-70296b3db083/builds/release32/bin/downward
INFO     callstring: /mnt/data_server/torralba/subdominization/training/data/training_satellite/code-70296b3db083/builds/release32/bin/downward --search 'sbd(store_operators_in_optimal_plan=true, cost_type=1)' --internal-plan-file sas_plan < output
time limit 3600.00 -> (3600, 3601)
reading input... [t=0.000126245s]
done reading input! [t=0.00367513s]
packing state variables...done! [t=0.00368897s]
Variables: 11
FactPairs: 50
Bytes per state: 4
Building successor generator...done! [t=0.00395657s]
done initalizing global data [t=0.00396294s]
TR(time=60000, nodes=100000)
Mutex(time=60000, nodes=100000, type=edeletion)
Aux(time=2000, nodes=1000000)
Disj(nodes=2147483647)
Estimation: min_time(1000) time_penalty +(1000)*(2) nodes_penalty +(1000)*(2)
MaxStep(time=30000, nodes=100000000, nodes_per_planning_second=100)
Ratio useful: 0
   Min alloted time: 60000 nodes: 10000000
   Max alloted time: 60000 nodes: 15000000
   Mult alloted time: 2 nodes: 2
   Ratio after relax: 0.8
building causal graph...done! [t=6.9291e-05s]
Sym variable order: 2 4 3 5 0 10 1 9 7 8 6 
Initializing Symbolic Variables
Num variables: 11 => 17
Initialize Symbolic Manager(34, 470588, 16000000, 0)
Generating binary variables
Symbolic Variables... Done.
BOUND: 1 < 2147483647, total time: 0.308319s
BOUND: 2 < 2147483647, total time: 0.30851s
BOUND: 3 < 2147483647, total time: 0.308679s
BOUND: 4 < 2147483647, total time: 0.308863s
BOUND: 5 < 2147483647, total time: 0.309075s
BOUND: 6 < 2147483647, total time: 0.309271s
Solution found with cost 6 total time: 0.309472s
Merging: 1
3 0.312644 1 47
Merging: 15
2 0.319199 1 45
Merging: 11
1 0.324784 1 37
Merging: 1
3 0.330404 1 47
Merging: 14
2 0.334104 1 40
Merging: 7
1 0.336749 1 34
BOUND: 6 < 6, total time: 0.339026s
Actual search time: 0.0309822s [t=0.339358s]
turn_to satellite1 groundstation0 star13 (1)
switch_on instrument2 satellite1 (1)
calibrate satellite1 instrument2 groundstation0 (1)
turn_to satellite1 phenomenon15 groundstation0 (1)
take_image satellite1 phenomenon15 instrument2 image3 (1)
turn_to satellite1 groundstation7 phenomenon15 (1)
Plan length: 6 step(s).
Plan cost: 6
Bytes per state: 4
Search time: 0.0381294s
Total time: 0.339372s
Solution found.
Peak memory: 215160 KB
Running single search parser
