INFO     Running translator.
INFO     translator input: ['domain.pddl', 'problem.pddl']
INFO     translator arguments: []
INFO     translator time limit: None
INFO     translator memory limit: None
INFO     callstring: /usr/bin/python /mnt/data_server/torralba/subdominization/training/data/training_satellite/code-70296b3db083/builds/release32/bin/translate/translate.py domain.pddl problem.pddl
Parsing...
Parsing: [0.000s CPU, 0.009s wall-clock]
Normalizing task... [0.000s CPU, 0.000s wall-clock]
Instantiating...
Generating Datalog program... [0.000s CPU, 0.001s wall-clock]
Normalizing Datalog program...
Normalizing Datalog program: [0.000s CPU, 0.005s wall-clock]
Preparing model... [0.010s CPU, 0.002s wall-clock]
Generated 31 rules.
Computing model... [0.010s CPU, 0.016s wall-clock]
504 relevant atoms
205 auxiliary atoms
709 final queue length
1015 total queue pushes
Completing instantiation... [0.020s CPU, 0.019s wall-clock]
Instantiating: [0.040s CPU, 0.046s wall-clock]
Computing fact groups...
Finding invariants...
12 initial candidates
Finding invariants: [0.000s CPU, 0.003s wall-clock]
Checking invariant weight... [0.000s CPU, 0.000s wall-clock]
Instantiating groups... [0.000s CPU, 0.000s wall-clock]
Collecting mutex groups... [0.000s CPU, 0.000s wall-clock]
Choosing groups...
33 uncovered facts
Choosing groups: [0.000s CPU, 0.000s wall-clock]
Building translation key... [0.000s CPU, 0.000s wall-clock]
Computing fact groups: [0.000s CPU, 0.005s wall-clock]
Building STRIPS to SAS dictionary... [0.000s CPU, 0.000s wall-clock]
Building dictionary for full mutex groups... [0.000s CPU, 0.000s wall-clock]
Building mutex information...
Building mutex information: [0.000s CPU, 0.000s wall-clock]
Translating task...
Processing axioms...
Simplifying axioms... [0.000s CPU, 0.000s wall-clock]
Processing axioms: [0.000s CPU, 0.001s wall-clock]
Translating task: [0.020s CPU, 0.020s wall-clock]
18 effect conditions simplified
0 implied preconditions added
Detecting unreachable propositions...
0 operators removed
0 axioms removed
3 propositions removed
Detecting unreachable propositions: [0.020s CPU, 0.013s wall-clock]
Translator variables: 36
Translator derived variables: 0
Translator facts: 93
Translator goal facts: 3
Translator mutex groups: 3
Translator total mutex groups size: 27
Translator operators: 333
Translator axioms: 0
Translator task size: 1380
Translator peak memory: 44536 KB
Writing output... [0.000s CPU, 0.007s wall-clock]
Done! [0.080s CPU, 0.100s wall-clock]
INFO     Running preprocessor (release32).
INFO     preprocessor input: output.sas
INFO     preprocessor arguments: []
INFO     preprocessor time limit: None
INFO     preprocessor memory limit: None
INFO     callstring: /mnt/data_server/torralba/subdominization/training/data/training_satellite/code-70296b3db083/builds/release32/bin/preprocess < output.sas
Building causal graph...
The causal graph is not acyclic.
21 variables of 36 necessary
0 of 3 mutex groups necessary.
252 of 333 operators necessary.
0 of 0 axiom rules necessary.
Initializing mutex computation...
Mutex computation initialized with 63 fluents.
iteration for mutex detection and operator pruning
Initialize m_index fw
Initialized mvalues forward: reached=441, notReached=3276, spurious=252
Initialize m_ops fw
Computing mutexes...
Mutex computation finished with reached=3695, notReached=22, spurious=252
0 operators are spurious because were not triggered
H^2 mutexes added fw: 22, unreachable: 0
0 of 252 operators detected as spurious
iteration for mutex detection and operator pruning
Initialize m_index bw
Init values regression
Initialized mvalues backward: reached=3332, notReached=363, spurious=274
Initialize m_ops bw
Computing mutexes...
Mutex computation finished with reached=3695, notReached=0, spurious=274
0 operators are spurious because were not triggered
H^2 mutexes added bw: 0, unreachable: 0
0 of 252 operators detected as spurious
Total mutex and disambiguation time: 0.006034 iterations: 2
11 of 11 mutex groups necessary.
252 of 252 operators necessary.
0 of 0 axiom rules necessary.
Change id of operators: 252
Change id of mutexes
Change id of goals
Change id of initial state
Remove unreachable facts from variables: 21
11 of 11 mutex groups necessary.
252 of 252 operators necessary.
0 of 0 axiom rules necessary.
Updating causal graph and pruning unnecessary facts
21 variables of 21 of 36 necessary
The causal graph is not acyclic.
21 variables of 21 necessary
11 of 11 mutex groups necessary.
252 of 252 operators necessary.
0 of 0 axiom rules necessary.
Building domain transition graphs...
solveable in poly time 0
Building successor generator...
Preprocessor variables: 21
Preprocessor facts: 63
Preprocessor derived variables: 0
Preprocessor operators: 252
Preprocessor mutex groups: 11
Preprocessor task size: 925
Writing output...
Preprocessor time: 0.0153657s
Preprocessor peak memory: 2248 KB
done
INFO     Running search (release32).
INFO     search input: output
INFO     search arguments: ['--search', 'sbd(store_operators_in_optimal_plan=true, cost_type=1)']
INFO     search time limit: 3600s
INFO     search memory limit: 4096 MB
INFO     search executable: /mnt/data_server/torralba/subdominization/training/data/training_satellite/code-70296b3db083/builds/release32/bin/downward
INFO     callstring: /mnt/data_server/torralba/subdominization/training/data/training_satellite/code-70296b3db083/builds/release32/bin/downward --search 'sbd(store_operators_in_optimal_plan=true, cost_type=1)' --internal-plan-file sas_plan < output
time limit 3600.00 -> (3600, 3601)
reading input... [t=0.000113593s]
done reading input! [t=0.00213986s]
packing state variables...done! [t=0.0021524s]
Variables: 21
FactPairs: 63
Bytes per state: 4
Building successor generator...done! [t=0.00236129s]
done initalizing global data [t=0.00236688s]
TR(time=60000, nodes=100000)
Mutex(time=60000, nodes=100000, type=edeletion)
Aux(time=2000, nodes=1000000)
Disj(nodes=2147483647)
Estimation: min_time(1000) time_penalty +(1000)*(2) nodes_penalty +(1000)*(2)
MaxStep(time=30000, nodes=100000000, nodes_per_planning_second=100)
Ratio useful: 0
   Min alloted time: 60000 nodes: 10000000
   Max alloted time: 60000 nodes: 15000000
   Mult alloted time: 2 nodes: 2
   Ratio after relax: 0.8
building causal graph...done! [t=0.000107182s]
Sym variable order: 11 8 14 10 12 1 13 9 19 20 18 2 0 7 3 6 17 4 16 5 15 
Initializing Symbolic Variables
Num variables: 21 => 30
Initialize Symbolic Manager(60, 266666, 16000000, 0)
Generating binary variables
Symbolic Variables... Done.
BOUND: 1 < 2147483647, total time: 0.463474s
BOUND: 2 < 2147483647, total time: 0.463683s
BOUND: 3 < 2147483647, total time: 0.464099s
BOUND: 4 < 2147483647, total time: 0.464418s
BOUND: 5 < 2147483647, total time: 0.464848s
BOUND: 6 < 2147483647, total time: 0.465593s
BOUND: 7 < 2147483647, total time: 0.466211s
BOUND: 8 < 2147483647, total time: 0.467179s
BOUND: 9 < 2147483647, total time: 0.468681s
Solution found with cost 9 total time: 0.469925s
Merging: 1
5 0.474692 1 127
Merging: 18
4 0.482529 1 94
Merging: 18
3 0.488107 1 94
Merging: 6
2 0.493282 1 94
Merging: 12
1 0.498461 1 78
Merging: 1
4 0.503806 1 127
Merging: 18
3 0.509238 1 129
Merging: 18
2 0.514266 1 129
Merging: 18
1 0.518824 1 127
BOUND: 9 < 9, total time: 0.523209s
Actual search time: 0.0600857s [t=0.523605s]
turn_to satellite0 star0 star2 (1)
switch_on instrument0 satellite0 (1)
calibrate satellite0 instrument0 star0 (1)
turn_to satellite0 phenomenon6 star0 (1)
take_image satellite0 phenomenon6 instrument0 image0 (1)
turn_to satellite0 planet7 phenomenon6 (1)
take_image satellite0 planet7 instrument0 image0 (1)
turn_to satellite0 planet8 planet7 (1)
take_image satellite0 planet8 instrument0 image0 (1)
Plan length: 9 step(s).
Plan cost: 9
Bytes per state: 4
Search time: 0.0669163s
Total time: 0.523616s
Solution found.
Peak memory: 268916 KB
Running single search parser
