INFO     Running translator.
INFO     translator input: ['domain.pddl', 'problem.pddl']
INFO     translator arguments: []
INFO     translator time limit: None
INFO     translator memory limit: None
INFO     callstring: /usr/bin/python /mnt/data_server/torralba/subdominization/training/data/training_satellite/code-70296b3db083/builds/release32/bin/translate/translate.py domain.pddl problem.pddl
Parsing...
Parsing: [0.000s CPU, 0.012s wall-clock]
Normalizing task... [0.000s CPU, 0.000s wall-clock]
Instantiating...
Generating Datalog program... [0.010s CPU, 0.001s wall-clock]
Normalizing Datalog program...
Normalizing Datalog program: [0.000s CPU, 0.014s wall-clock]
Preparing model... [0.000s CPU, 0.003s wall-clock]
Generated 31 rules.
Computing model... [0.040s CPU, 0.032s wall-clock]
1144 relevant atoms
224 auxiliary atoms
1368 final queue length
2158 total queue pushes
Completing instantiation... [0.040s CPU, 0.048s wall-clock]
Instantiating: [0.090s CPU, 0.107s wall-clock]
Computing fact groups...
Finding invariants...
12 initial candidates
Finding invariants: [0.010s CPU, 0.003s wall-clock]
Checking invariant weight... [0.000s CPU, 0.000s wall-clock]
Instantiating groups... [0.000s CPU, 0.000s wall-clock]
Collecting mutex groups... [0.000s CPU, 0.000s wall-clock]
Choosing groups...
86 uncovered facts
Choosing groups: [0.000s CPU, 0.000s wall-clock]
Building translation key... [0.000s CPU, 0.001s wall-clock]
Computing fact groups: [0.010s CPU, 0.007s wall-clock]
Building STRIPS to SAS dictionary... [0.000s CPU, 0.000s wall-clock]
Building dictionary for full mutex groups... [0.000s CPU, 0.000s wall-clock]
Building mutex information...
Building mutex information: [0.000s CPU, 0.000s wall-clock]
Translating task...
Processing axioms...
Simplifying axioms... [0.000s CPU, 0.000s wall-clock]
Processing axioms: [0.000s CPU, 0.002s wall-clock]
Translating task: [0.050s CPU, 0.050s wall-clock]
12 effect conditions simplified
0 implied preconditions added
Detecting unreachable propositions...
0 operators removed
0 axioms removed
2 propositions removed
Detecting unreachable propositions: [0.030s CPU, 0.029s wall-clock]
Translator variables: 88
Translator derived variables: 0
Translator facts: 210
Translator goal facts: 4
Translator mutex groups: 2
Translator total mutex groups size: 38
Translator operators: 872
Translator axioms: 0
Translator task size: 3319
Translator peak memory: 47120 KB
Writing output... [0.010s CPU, 0.030s wall-clock]
Done! [0.190s CPU, 0.239s wall-clock]
INFO     Running preprocessor (release32).
INFO     preprocessor input: output.sas
INFO     preprocessor arguments: []
INFO     preprocessor time limit: None
INFO     preprocessor memory limit: None
INFO     callstring: /mnt/data_server/torralba/subdominization/training/data/training_satellite/code-70296b3db083/builds/release32/bin/preprocess < output.sas
Building causal graph...
The causal graph is not acyclic.
15 variables of 88 necessary
0 of 2 mutex groups necessary.
708 of 872 operators necessary.
0 of 0 axiom rules necessary.
Initializing mutex computation...
Mutex computation initialized with 64 fluents.
iteration for mutex detection and operator pruning
Initialize m_index fw
Initialized mvalues forward: reached=225, notReached=3161, spurious=710
Initialize m_ops fw
Computing mutexes...
Mutex computation finished with reached=3370, notReached=16, spurious=710
0 operators are spurious because were not triggered
H^2 mutexes added fw: 16, unreachable: 0
0 of 708 operators detected as spurious
iteration for mutex detection and operator pruning
Initialize m_index bw
Init values regression
Initialized mvalues backward: reached=2882, notReached=488, spurious=726
Initialize m_ops bw
Computing mutexes...
Mutex computation finished with reached=3370, notReached=0, spurious=726
0 operators are spurious because were not triggered
H^2 mutexes added bw: 0, unreachable: 0
0 of 708 operators detected as spurious
Total mutex and disambiguation time: 0.014725 iterations: 2
8 of 8 mutex groups necessary.
708 of 708 operators necessary.
0 of 0 axiom rules necessary.
Change id of operators: 708
Change id of mutexes
Change id of goals
Change id of initial state
Remove unreachable facts from variables: 15
8 of 8 mutex groups necessary.
708 of 708 operators necessary.
0 of 0 axiom rules necessary.
Updating causal graph and pruning unnecessary facts
15 variables of 15 of 88 necessary
The causal graph is not acyclic.
15 variables of 15 necessary
8 of 8 mutex groups necessary.
708 of 708 operators necessary.
0 of 0 axiom rules necessary.
Building domain transition graphs...
solveable in poly time 0
Building successor generator...
Preprocessor variables: 15
Preprocessor facts: 64
Preprocessor derived variables: 0
Preprocessor operators: 708
Preprocessor mutex groups: 8
Preprocessor task size: 2260
Writing output...
Preprocessor time: 0.0354387s
Preprocessor peak memory: 2540 KB
done
INFO     Running search (release32).
INFO     search input: output
INFO     search arguments: ['--search', 'sbd(store_operators_in_optimal_plan=true, cost_type=1)']
INFO     search time limit: 3600s
INFO     search memory limit: 4096 MB
INFO     search executable: /mnt/data_server/torralba/subdominization/training/data/training_satellite/code-70296b3db083/builds/release32/bin/downward
INFO     callstring: /mnt/data_server/torralba/subdominization/training/data/training_satellite/code-70296b3db083/builds/release32/bin/downward --search 'sbd(store_operators_in_optimal_plan=true, cost_type=1)' --internal-plan-file sas_plan < output
time limit 3600.00 -> (3600, 3601)
reading input... [t=0.000110837s]
done reading input! [t=0.00502406s]
packing state variables...done! [t=0.00503895s]
Variables: 15
FactPairs: 64
Bytes per state: 4
Building successor generator...done! [t=0.00541792s]
done initalizing global data [t=0.00542519s]
TR(time=60000, nodes=100000)
Mutex(time=60000, nodes=100000, type=edeletion)
Aux(time=2000, nodes=1000000)
Disj(nodes=2147483647)
Estimation: min_time(1000) time_penalty +(1000)*(2) nodes_penalty +(1000)*(2)
MaxStep(time=30000, nodes=100000000, nodes_per_planning_second=100)
Ratio useful: 0
   Min alloted time: 60000 nodes: 10000000
   Max alloted time: 60000 nodes: 15000000
   Mult alloted time: 2 nodes: 2
   Ratio after relax: 0.8
building causal graph...done! [t=0.000103131s]
Sym variable order: 2 3 4 0 13 14 11 7 9 1 10 6 8 12 5 
Initializing Symbolic Variables
Num variables: 15 => 23
Initialize Symbolic Manager(46, 347826, 16000000, 0)
Generating binary variables
Symbolic Variables... Done.
BOUND: 1 < 2147483647, total time: 0.383993s
BOUND: 2 < 2147483647, total time: 0.384221s
BOUND: 3 < 2147483647, total time: 0.384577s
BOUND: 4 < 2147483647, total time: 0.384872s
BOUND: 5 < 2147483647, total time: 0.385224s
BOUND: 6 < 2147483647, total time: 0.385713s
BOUND: 7 < 2147483647, total time: 0.386058s
BOUND: 8 < 2147483647, total time: 0.386583s
BOUND: 9 < 2147483647, total time: 0.387371s
BOUND: 10 < 2147483647, total time: 0.388214s
BOUND: 11 < 2147483647, total time: 0.389219s
Solution found with cost 11 total time: 0.390234s
Merging: 1
7 0.411672 1 63
Merging: 4
6 0.423042 1 56
Merging: 12
5 0.43232 1 50
Merging: 4
4 0.440446 1 29
Merging: 4
3 0.445793 1 24
Merging: 1
2 0.450516 1 24
Merging: 2
1 0.455346 1 31
Merging: 1
4 0.460818 1 63
Merging: 12
3 0.465713 1 63
Merging: 4
2 0.470252 1 56
Merging: 12
1 0.474294 1 50
BOUND: 11 < 11, total time: 0.477941s
Actual search time: 0.0941808s [t=0.478218s]
turn_to satellite1 star4 star18 (1)
switch_on instrument2 satellite1 (1)
calibrate satellite1 instrument2 star4 (1)
turn_to satellite1 star15 star4 (1)
take_image satellite1 star15 instrument2 spectrograph2 (1)
turn_to satellite1 planet16 star15 (1)
take_image satellite1 planet16 instrument2 spectrograph2 (1)
turn_to satellite1 star17 planet16 (1)
take_image satellite1 star17 instrument2 thermograph0 (1)
turn_to satellite1 star18 star17 (1)
take_image satellite1 star18 instrument2 spectrograph2 (1)
Plan length: 11 step(s).
Plan cost: 11
Bytes per state: 4
Search time: 0.106551s
Total time: 0.478228s
Solution found.
Peak memory: 240360 KB
Running single search parser
