INFO     Running translator.
INFO     translator input: ['domain.pddl', 'problem.pddl']
INFO     translator arguments: []
INFO     translator time limit: None
INFO     translator memory limit: None
INFO     callstring: /usr/bin/python /mnt/data_server/torralba/subdominization/training/data/training_tpp/code-70296b3db083/builds/release32/bin/translate/translate.py domain.pddl problem.pddl
Parsing...
Parsing: [0.010s CPU, 0.010s wall-clock]
Normalizing task... [0.000s CPU, 0.000s wall-clock]
Instantiating...
Generating Datalog program... [0.000s CPU, 0.001s wall-clock]
Normalizing Datalog program...
Normalizing Datalog program: [0.010s CPU, 0.007s wall-clock]
Preparing model... [0.000s CPU, 0.004s wall-clock]
Generated 45 rules.
Computing model... [0.040s CPU, 0.031s wall-clock]
434 relevant atoms
932 auxiliary atoms
1366 final queue length
1603 total queue pushes
Completing instantiation... [0.020s CPU, 0.017s wall-clock]
Instantiating: [0.070s CPU, 0.064s wall-clock]
Computing fact groups...
Finding invariants...
18 initial candidates
Finding invariants: [0.010s CPU, 0.010s wall-clock]
Checking invariant weight... [0.000s CPU, 0.001s wall-clock]
Instantiating groups... [0.010s CPU, 0.006s wall-clock]
Collecting mutex groups... [0.000s CPU, 0.000s wall-clock]
Choosing groups...
50 uncovered facts
Choosing groups: [0.000s CPU, 0.001s wall-clock]
Building translation key... [0.000s CPU, 0.001s wall-clock]
Computing fact groups: [0.020s CPU, 0.023s wall-clock]
Building STRIPS to SAS dictionary... [0.000s CPU, 0.000s wall-clock]
Building dictionary for full mutex groups... [0.000s CPU, 0.001s wall-clock]
Building mutex information...
Building mutex information: [0.000s CPU, 0.000s wall-clock]
Translating task...
Processing axioms...
Simplifying axioms... [0.000s CPU, 0.000s wall-clock]
Processing axioms: [0.010s CPU, 0.001s wall-clock]
Translating task: [0.020s CPU, 0.014s wall-clock]
0 effect conditions simplified
0 implied preconditions added
Detecting unreachable propositions...
0 operators removed
0 axioms removed
147 propositions removed
Detecting unreachable propositions: [0.010s CPU, 0.008s wall-clock]
Translator variables: 47
Translator derived variables: 0
Translator facts: 130
Translator goal facts: 8
Translator mutex groups: 47
Translator total mutex groups size: 130
Translator operators: 166
Translator axioms: 0
Translator task size: 1275
Translator peak memory: 44992 KB
Writing output... [0.000s CPU, 0.006s wall-clock]
Done! [0.130s CPU, 0.129s wall-clock]
INFO     Running preprocessor (release32).
INFO     preprocessor input: output.sas
INFO     preprocessor arguments: []
INFO     preprocessor time limit: None
INFO     preprocessor memory limit: None
INFO     callstring: /mnt/data_server/torralba/subdominization/training/data/training_tpp/code-70296b3db083/builds/release32/bin/preprocess < output.sas
Building causal graph...
The causal graph is not acyclic.
47 variables of 47 necessary
0 of 47 mutex groups necessary.
166 of 166 operators necessary.
0 of 0 axiom rules necessary.
Initializing mutex computation...
Mutex computation initialized with 130 fluents.
iteration for mutex detection and operator pruning
Initialize m_index fw
Initialized mvalues forward: reached=2209, notReached=14433, spurious=258
Initialize m_ops fw
Computing mutexes...
Mutex computation finished with reached=12539, notReached=4103, spurious=258
52 operators are spurious because were not triggered
Unreachable proposition: Atom ready-to-load(goods8, market1, level2)
Unreachable proposition: Atom ready-to-load(goods8, market3, level2)
Unreachable proposition: Atom ready-to-load(goods7, market1, level2)
Unreachable proposition: Atom ready-to-load(goods7, market2, level2)
Unreachable proposition: Atom ready-to-load(goods6, market1, level2)
Unreachable proposition: Atom ready-to-load(goods6, market3, level2)
Unreachable proposition: Atom ready-to-load(goods5, market3, level2)
Unreachable proposition: Atom loaded(goods5, truck1, level2)
Unreachable proposition: Atom stored(goods5, level2)
Unreachable proposition: Atom ready-to-load(goods4, market1, level2)
Unreachable proposition: Atom ready-to-load(goods4, market2, level2)
Unreachable proposition: Atom ready-to-load(goods3, market3, level2)
Unreachable proposition: Atom ready-to-load(goods3, market4, level2)
Unreachable proposition: Atom ready-to-load(goods2, market2, level2)
Unreachable proposition: Atom ready-to-load(goods2, market3, level2)
Unreachable proposition: Atom ready-to-load(goods1, market1, level2)
Unreachable proposition: Atom ready-to-load(goods1, market2, level2)
H^2 mutexes added fw: 40, unreachable: 17
0 of 114 operators detected as spurious
iteration for mutex detection and operator pruning
Initialize m_index bw
Init values regression
Initialized mvalues backward: reached=8857, notReached=3682, spurious=4361
Initialize m_ops bw
Computing mutexes...
Mutex computation finished with reached=12539, notReached=0, spurious=4361
0 operators are spurious because were not triggered
H^2 mutexes added bw: 0, unreachable: 0
0 of 114 operators detected as spurious
Total mutex and disambiguation time: 0.00727 iterations: 2
20 of 20 mutex groups necessary.
114 of 166 operators necessary.
0 of 0 axiom rules necessary.
Change id of operators: 114
Change id of mutexes
Change id of goals
Change id of initial state
Remove unreachable facts from variables: 47
20 of 20 mutex groups necessary.
114 of 114 operators necessary.
0 of 0 axiom rules necessary.
Updating causal graph and pruning unnecessary facts
47 variables of 47 of 47 necessary
The causal graph is not acyclic.
47 variables of 47 necessary
20 of 20 mutex groups necessary.
114 of 114 operators necessary.
0 of 0 axiom rules necessary.
Building domain transition graphs...
solveable in poly time 0
Building successor generator...
Preprocessor variables: 47
Preprocessor facts: 113
Preprocessor derived variables: 0
Preprocessor operators: 114
Preprocessor mutex groups: 20
Preprocessor task size: 856
Writing output...
Preprocessor time: 0.0162608s
Preprocessor peak memory: 2292 KB
done
INFO     Running search (release32).
INFO     search input: output
INFO     search arguments: ['--search', 'sbd(store_operators_in_optimal_plan=true, cost_type=1)']
INFO     search time limit: 3600s
INFO     search memory limit: 4096 MB
INFO     search executable: /mnt/data_server/torralba/subdominization/training/data/training_tpp/code-70296b3db083/builds/release32/bin/downward
INFO     callstring: /mnt/data_server/torralba/subdominization/training/data/training_tpp/code-70296b3db083/builds/release32/bin/downward --search 'sbd(store_operators_in_optimal_plan=true, cost_type=1)' --internal-plan-file sas_plan < output
time limit 3600.00 -> (3600, 3601)
reading input... [t=0.000118533s]
done reading input! [t=0.00190238s]
packing state variables...done! [t=0.0019226s]
Variables: 47
FactPairs: 113
Bytes per state: 8
Building successor generator...done! [t=0.00220901s]
done initalizing global data [t=0.00221509s]
TR(time=60000, nodes=100000)
Mutex(time=60000, nodes=100000, type=edeletion)
Aux(time=2000, nodes=1000000)
Disj(nodes=2147483647)
Estimation: min_time(1000) time_penalty +(1000)*(2) nodes_penalty +(1000)*(2)
MaxStep(time=30000, nodes=100000000, nodes_per_planning_second=100)
Ratio useful: 0
   Min alloted time: 60000 nodes: 10000000
   Max alloted time: 60000 nodes: 15000000
   Mult alloted time: 2 nodes: 2
   Ratio after relax: 0.8
building causal graph...done! [t=0.000190298s]
Sym variable order: 23 25 27 28 26 24 36 38 40 39 37 35 42 44 46 45 43 41 19 20 21 22 29 0 31 33 34 32 30 14 16 17 18 15 13 7 9 12 11 10 8 2 4 5 6 3 1 
Initializing Symbolic Variables
Num variables: 47 => 63
Initialize Symbolic Manager(126, 126984, 16000000, 0)
Generating binary variables
Symbolic Variables... Done.
BOUND: 1 < 2147483647, total time: 0.574962s
BOUND: 2 < 2147483647, total time: 0.575177s
BOUND: 3 < 2147483647, total time: 0.575668s
BOUND: 4 < 2147483647, total time: 0.575806s
BOUND: 5 < 2147483647, total time: 0.575998s
BOUND: 6 < 2147483647, total time: 0.576421s
BOUND: 7 < 2147483647, total time: 0.576942s
BOUND: 8 < 2147483647, total time: 0.577631s
BOUND: 9 < 2147483647, total time: 0.578437s
BOUND: 10 < 2147483647, total time: 0.579429s
BOUND: 11 < 2147483647, total time: 0.581406s
BOUND: 12 < 2147483647, total time: 0.582692s
BOUND: 13 < 2147483647, total time: 0.584274s
BOUND: 14 < 2147483647, total time: 0.587467s
BOUND: 15 < 2147483647, total time: 0.589824s
BOUND: 16 < 2147483647, total time: 0.594747s
BOUND: 17 < 2147483647, total time: 0.597592s
BOUND: 18 < 2147483647, total time: 0.601211s
BOUND: 19 < 2147483647, total time: 0.608122s
BOUND: 20 < 2147483647, total time: 0.612603s
BOUND: 21 < 2147483647, total time: 0.617796s
BOUND: 22 < 2147483647, total time: 0.628591s
BOUND: 23 < 2147483647, total time: 0.635873s
BOUND: 24 < 2147483647, total time: 0.650155s
BOUND: 25 < 2147483647, total time: 0.658746s
BOUND: 26 < 2147483647, total time: 0.668699s
BOUND: 27 < 2147483647, total time: 0.686974s
BOUND: 28 < 2147483647, total time: 0.698927s
BOUND: 29 < 2147483647, total time: 0.72145s
BOUND: 30 < 2147483647, total time: 0.735003s
BOUND: 31 < 2147483647, total time: 0.761032s
BOUND: 32 < 2147483647, total time: 0.776965s
BOUND: 33 < 2147483647, total time: 0.79386s
BOUND: 34 < 2147483647, total time: 0.822509s
BOUND: 35 < 2147483647, total time: 0.840589s
BOUND: 36 < 2147483647, total time: 0.871415s
BOUND: 37 < 2147483647, total time: 0.890219s
BOUND: 38 < 2147483647, total time: 0.909122s
BOUND: 39 < 2147483647, total time: 0.943391s
BOUND: 40 < 2147483647, total time: 0.962849s
BOUND: 41 < 2147483647, total time: 0.981944s
BOUND: 42 < 2147483647, total time: 1.00139s
BOUND: 43 < 2147483647, total time: 1.02181s
BOUND: 44 < 2147483647, total time: 1.0421s
BOUND: 45 < 2147483647, total time: 1.06221s
BOUND: 46 < 2147483647, total time: 1.08203s
BOUND: 47 < 2147483647, total time: 1.10137s
BOUND: 48 < 2147483647, total time: 1.12033s
BOUND: 49 < 2147483647, total time: 1.13892s
BOUND: 50 < 2147483647, total time: 1.15732s
BOUND: 51 < 2147483647, total time: 1.17504s
BOUND: 52 < 2147483647, total time: 1.19211s
BOUND: 53 < 2147483647, total time: 1.20777s
Solution found with cost 53 total time: 1.21761s
Merging: 1
37 1.24414 1 65
Merging: 3
36 1.24603 1 71
Merging: 8
35 1.24827 1 135
Merging: 21
34 1.2531 1 312
Merging: 35
33 1.26404 1 506
Merging: 35
32 1.28291 1 685
Merging: 35
31 1.3086 1 842
Merging: 35
30 1.34212 1 965
Merging: 35
29 1.38006 1 1062
Merging: 35
28 1.42186 1 1122
Merging: 35
27 1.46572 1 1176
Merging: 31
26 1.51096 1 1185
Merging: 27
25 1.55822 1 1187
Merging: 27
24 1.60512 1 1260
Merging: 37
23 1.65662 1 1334
Merging: 45
22 1.71004 1 1444
Merging: 45
21 1.7678 1 1559
Merging: 45
20 1.83165 1 1633
Merging: 45
19 1.89676 1 1682
Merging: 45
18 1.96339 1 1626
Merging: 45
17 2.03059 1 1537
Merging: 45
16 2.0917 1 1423
Merging: 41
15 2.14653 1 1308
Merging: 33
14 2.19821 1 1253
Merging: 27
13 2.24783 1 1179
Merging: 27
12 2.29407 1 1177
Merging: 31
11 2.34028 1 1169
Merging: 35
10 2.38753 1 1113
Merging: 35
9 2.43178 1 1039
Merging: 35
8 2.47211 1 934
Merging: 35
7 2.50727 1 816
Merging: 35
6 2.53838 1 655
Merging: 30
5 2.56187 1 475
Merging: 30
4 2.5782 1 298
Merging: 21
3 2.587 1 124
Merging: 8
2 2.59099 1 72
Merging: 2
1 2.59318 1 64
Merging: 1
16 2.595 1 65
Merging: 2
15 2.59582 1 63
Merging: 16
14 2.59708 1 133
Merging: 30
13 2.59945 1 210
Merging: 30
12 2.60292 1 267
Merging: 30
11 2.6072 1 319
Merging: 30
10 2.61187 1 352
Merging: 30
9 2.61693 1 381
Merging: 30
8 2.62215 1 392
Merging: 30
7 2.62718 1 393
Merging: 30
6 2.63223 1 382
Merging: 30
5 2.63696 1 354
Merging: 30
4 2.64099 1 320
Merging: 30
3 2.64449 1 267
Merging: 30
2 2.64695 1 209
Merging: 30
1 2.6485 1 133
BOUND: 53 < 53, total time: 2.64911s
Actual search time: 2.07875s [t=2.65378s]
drive truck1 depot1 market4 (1)
buy truck1 goods3 market4 level0 level1 level0 level1 (1)
load goods3 truck1 market4 level0 level1 level0 level1 (1)
drive truck1 market4 market2 (1)
buy truck1 goods7 market2 level0 level1 level0 level1 (1)
load goods7 truck1 market2 level0 level1 level0 level1 (1)
buy truck1 goods4 market2 level0 level1 level0 level1 (1)
load goods4 truck1 market2 level0 level1 level0 level1 (1)
buy truck1 goods2 market2 level0 level1 level0 level1 (1)
load goods2 truck1 market2 level0 level1 level0 level1 (1)
buy truck1 goods1 market2 level0 level1 level0 level1 (1)
load goods1 truck1 market2 level0 level1 level0 level1 (1)
drive truck1 market2 market3 (1)
buy truck1 goods8 market3 level0 level1 level0 level1 (1)
load goods8 truck1 market3 level0 level1 level0 level1 (1)
buy truck1 goods6 market3 level0 level1 level0 level1 (1)
load goods6 truck1 market3 level0 level1 level0 level1 (1)
buy truck1 goods5 market3 level0 level1 level0 level1 (1)
load goods5 truck1 market3 level0 level1 level0 level1 (1)
buy truck1 goods3 market3 level0 level1 level0 level1 (1)
load goods3 truck1 market3 level0 level1 level1 level2 (1)
buy truck1 goods2 market3 level0 level1 level0 level1 (1)
load goods2 truck1 market3 level0 level1 level1 level2 (1)
drive truck1 market3 market2 (1)
drive truck1 market2 market1 (1)
buy truck1 goods8 market1 level0 level1 level0 level1 (1)
load goods8 truck1 market1 level0 level1 level1 level2 (1)
buy truck1 goods7 market1 level0 level1 level0 level1 (1)
load goods7 truck1 market1 level0 level1 level1 level2 (1)
buy truck1 goods6 market1 level0 level1 level0 level1 (1)
load goods6 truck1 market1 level0 level1 level1 level2 (1)
buy truck1 goods4 market1 level0 level1 level0 level1 (1)
load goods4 truck1 market1 level0 level1 level1 level2 (1)
buy truck1 goods1 market1 level0 level1 level0 level1 (1)
load goods1 truck1 market1 level0 level1 level1 level2 (1)
drive truck1 market1 market2 (1)
drive truck1 market2 market4 (1)
drive truck1 market4 depot1 (1)
unload goods1 truck1 depot1 level1 level2 level0 level1 (1)
unload goods1 truck1 depot1 level0 level1 level1 level2 (1)
unload goods2 truck1 depot1 level1 level2 level0 level1 (1)
unload goods2 truck1 depot1 level0 level1 level1 level2 (1)
unload goods3 truck1 depot1 level1 level2 level0 level1 (1)
unload goods3 truck1 depot1 level0 level1 level1 level2 (1)
unload goods4 truck1 depot1 level1 level2 level0 level1 (1)
unload goods4 truck1 depot1 level0 level1 level1 level2 (1)
unload goods5 truck1 depot1 level0 level1 level0 level1 (1)
unload goods6 truck1 depot1 level1 level2 level0 level1 (1)
unload goods6 truck1 depot1 level0 level1 level1 level2 (1)
unload goods7 truck1 depot1 level1 level2 level0 level1 (1)
unload goods7 truck1 depot1 level0 level1 level1 level2 (1)
unload goods8 truck1 depot1 level1 level2 level0 level1 (1)
unload goods8 truck1 depot1 level0 level1 level1 level2 (1)
Plan length: 53 step(s).
Plan cost: 53
Bytes per state: 8
Search time: 2.08817s
Total time: 2.65379s
Solution found.
Peak memory: 220148 KB
Running single search parser
