INFO     Running translator.
INFO     translator input: ['domain.pddl', 'problem.pddl']
INFO     translator arguments: []
INFO     translator time limit: None
INFO     translator memory limit: None
INFO     callstring: /usr/bin/python /mnt/data_server/torralba/subdominization/training/data/training_depots/code-70296b3db083/builds/release32/bin/translate/translate.py domain.pddl problem.pddl
Parsing...
Parsing: [0.000s CPU, 0.008s wall-clock]
Normalizing task... [0.000s CPU, 0.000s wall-clock]
Instantiating...
Generating Datalog program... [0.000s CPU, 0.001s wall-clock]
Normalizing Datalog program...
Normalizing Datalog program: [0.020s CPU, 0.008s wall-clock]
Preparing model... [0.000s CPU, 0.003s wall-clock]
Generated 43 rules.
Computing model... [0.050s CPU, 0.047s wall-clock]
950 relevant atoms
857 auxiliary atoms
1807 final queue length
3373 total queue pushes
Completing instantiation... [0.070s CPU, 0.076s wall-clock]
Instantiating: [0.140s CPU, 0.162s wall-clock]
Computing fact groups...
Finding invariants...
16 initial candidates
Finding invariants: [0.020s CPU, 0.016s wall-clock]
Checking invariant weight... [0.000s CPU, 0.001s wall-clock]
Instantiating groups... [0.010s CPU, 0.008s wall-clock]
Collecting mutex groups... [0.000s CPU, 0.000s wall-clock]
Choosing groups...
23 uncovered facts
Choosing groups: [0.000s CPU, 0.002s wall-clock]
Building translation key... [0.000s CPU, 0.001s wall-clock]
Computing fact groups: [0.030s CPU, 0.031s wall-clock]
Building STRIPS to SAS dictionary... [0.000s CPU, 0.000s wall-clock]
Building dictionary for full mutex groups... [0.010s CPU, 0.001s wall-clock]
Building mutex information...
Building mutex information: [0.000s CPU, 0.001s wall-clock]
Translating task...
Processing axioms...
Simplifying axioms... [0.000s CPU, 0.000s wall-clock]
Processing axioms: [0.000s CPU, 0.004s wall-clock]
Translating task: [0.090s CPU, 0.090s wall-clock]
812 effect conditions simplified
0 implied preconditions added
Detecting unreachable propositions...
0 operators removed
0 axioms removed
32 propositions removed
Detecting unreachable propositions: [0.040s CPU, 0.041s wall-clock]
Translator variables: 31
Translator derived variables: 0
Translator facts: 185
Translator goal facts: 7
Translator mutex groups: 31
Translator total mutex groups size: 345
Translator operators: 612
Translator axioms: 0
Translator task size: 5792
Translator peak memory: 49344 KB
Writing output... [0.010s CPU, 0.038s wall-clock]
Done! [0.320s CPU, 0.376s wall-clock]
INFO     Running preprocessor (release32).
INFO     preprocessor input: output.sas
INFO     preprocessor arguments: []
INFO     preprocessor time limit: None
INFO     preprocessor memory limit: None
INFO     callstring: /mnt/data_server/torralba/subdominization/training/data/training_depots/code-70296b3db083/builds/release32/bin/preprocess < output.sas
Building causal graph...
The causal graph is not acyclic.
31 variables of 31 necessary
22 of 31 mutex groups necessary.
612 of 612 operators necessary.
0 of 0 axiom rules necessary.
Initializing mutex computation...
Mutex computation initialized with 185 fluents.
iteration for mutex detection and operator pruning
Initialize m_index fw
Initialized mvalues forward: reached=961, notReached=29724, spurious=3540
Initialize m_ops fw
Computing mutexes...
Mutex computation finished with reached=30237, notReached=448, spurious=3540
84 operators are spurious because were not triggered
H^2 mutexes added fw: 448, unreachable: 0
0 of 528 operators detected as spurious
iteration for mutex detection and operator pruning
Initialize m_index bw
Init values regression
Initialized mvalues backward: reached=2840, notReached=27397, spurious=3988
Initialize m_ops bw
Computing mutexes...
Mutex computation finished with reached=30237, notReached=0, spurious=3988
0 operators are spurious because were not triggered
H^2 mutexes added bw: 0, unreachable: 0
0 of 528 operators detected as spurious
Total mutex and disambiguation time: 0.064643 iterations: 2
246 of 246 mutex groups necessary.
528 of 612 operators necessary.
0 of 0 axiom rules necessary.
Change id of operators: 528
Change id of mutexes
Change id of goals
Change id of initial state
Remove unreachable facts from variables: 31
246 of 246 mutex groups necessary.
528 of 528 operators necessary.
0 of 0 axiom rules necessary.
Updating causal graph and pruning unnecessary facts
31 variables of 31 of 31 necessary
The causal graph is not acyclic.
31 variables of 31 necessary
246 of 246 mutex groups necessary.
528 of 528 operators necessary.
0 of 0 axiom rules necessary.
Building domain transition graphs...
solveable in poly time 0
Building successor generator...
Preprocessor variables: 31
Preprocessor facts: 185
Preprocessor derived variables: 0
Preprocessor operators: 528
Preprocessor mutex groups: 246
Preprocessor task size: 5280
Writing output...
Preprocessor time: 0.127612s
Preprocessor peak memory: 2988 KB
done
INFO     Running search (release32).
INFO     search input: output
INFO     search arguments: ['--search', 'sbd(store_operators_in_optimal_plan=true, cost_type=1)']
INFO     search time limit: 3600s
INFO     search memory limit: 4096 MB
INFO     search executable: /mnt/data_server/torralba/subdominization/training/data/training_depots/code-70296b3db083/builds/release32/bin/downward
INFO     callstring: /mnt/data_server/torralba/subdominization/training/data/training_depots/code-70296b3db083/builds/release32/bin/downward --search 'sbd(store_operators_in_optimal_plan=true, cost_type=1)' --internal-plan-file sas_plan < output
time limit 3600.00 -> (3600, 3601)
reading input... [t=0.000159177s]
done reading input! [t=0.0105837s]
packing state variables...done! [t=0.0106144s]
Variables: 31
FactPairs: 185
Bytes per state: 12
Building successor generator...done! [t=0.0122755s]
done initalizing global data [t=0.0122914s]
TR(time=60000, nodes=100000)
Mutex(time=60000, nodes=100000, type=edeletion)
Aux(time=2000, nodes=1000000)
Disj(nodes=2147483647)
Estimation: min_time(1000) time_penalty +(1000)*(2) nodes_penalty +(1000)*(2)
MaxStep(time=30000, nodes=100000000, nodes_per_planning_second=100)
Ratio useful: 0
   Min alloted time: 60000 nodes: 10000000
   Max alloted time: 60000 nodes: 15000000
   Mult alloted time: 2 nodes: 2
   Ratio after relax: 0.8
building causal graph...done! [t=0.00135239s]
Sym variable order: 4 2 5 3 24 25 12 6 13 21 7 9 19 17 8 11 15 18 14 10 27 28 30 29 26 22 16 23 20 1 0 
Initializing Symbolic Variables
Num variables: 31 => 68
Initialize Symbolic Manager(136, 117647, 16000000, 0)
Generating binary variables
Symbolic Variables... Done.
BOUND: 1 < 2147483647, total time: 1.3076s
BOUND: 2 < 2147483647, total time: 1.30983s
BOUND: 3 < 2147483647, total time: 1.31056s
BOUND: 4 < 2147483647, total time: 1.31196s
BOUND: 5 < 2147483647, total time: 1.31596s
BOUND: 6 < 2147483647, total time: 1.31845s
BOUND: 7 < 2147483647, total time: 1.32179s
BOUND: 8 < 2147483647, total time: 1.32698s
BOUND: 9 < 2147483647, total time: 1.33627s
BOUND: 10 < 2147483647, total time: 1.3529s
BOUND: 11 < 2147483647, total time: 1.36921s
BOUND: 12 < 2147483647, total time: 1.41821s
BOUND: 13 < 2147483647, total time: 1.44523s
BOUND: 14 < 2147483647, total time: 1.48881s
BOUND: 15 < 2147483647, total time: 1.56078s
BOUND: 16 < 2147483647, total time: 1.6848s
BOUND: 17 < 2147483647, total time: 1.80741s
BOUND: 18 < 2147483647, total time: 2.01421s
BOUND: 19 < 2147483647, total time: 2.30236s
BOUND: 20 < 2147483647, total time: 2.64754s
BOUND: 21 < 2147483647, total time: 3.28s
BOUND: 22 < 2147483647, total time: 3.88359s
BOUND: 23 < 2147483647, total time: 4.91402s
BOUND: 24 < 2147483647, total time: 6.17187s
BOUND: 25 < 2147483647, total time: 7.97842s
BOUND: 26 < 2147483647, total time: 10.5235s
Solution found with cost 26 total time: 13.696s
Merging: 1
17 13.8481 1 366
Merging: 8
16 13.9019 1 422
Merging: 7
15 13.965 1 442
Merging: 7
14 14.0298 1 334
Merging: 8
13 14.0787 1 256
Merging: 5
12 14.1166 1 193
Merging: 5
11 14.1505 1 129
Merging: 3
10 14.1694 1 129
Merging: 3
9 14.1883 1 130
Merging: 3
8 14.2065 1 129
Merging: 3
7 14.2239 1 129
Merging: 3
6 14.2426 1 129
Merging: 3
5 14.2619 1 129
Merging: 3
4 14.2812 1 129
Merging: 3
3 14.3007 1 129
Merging: 3
2 14.32 1 129
Merging: 3
1 14.3387 1 129
Merging: 1
9 14.3569 1 366
Merging: 7
8 14.3688 1 365
Merging: 7
7 14.3801 1 360
Merging: 7
6 14.3912 1 344
Merging: 7
5 14.4007 1 332
Merging: 8
4 14.4102 1 336
Merging: 8
3 14.4197 1 323
Merging: 7
2 14.4296 1 280
Merging: 5
1 14.4381 1 189
BOUND: 26 < 26, total time: 14.4454s
Actual search time: 13.144s [t=14.4533s]
lift hoist2 crate6 crate3 distributor0 (1)
load hoist2 crate6 truck1 distributor0 (1)
lift hoist2 crate3 crate2 distributor0 (1)
load hoist2 crate3 truck1 distributor0 (1)
lift hoist2 crate2 crate1 distributor0 (1)
load hoist2 crate2 truck1 distributor0 (1)
lift hoist2 crate1 crate0 distributor0 (1)
load hoist2 crate1 truck1 distributor0 (1)
lift hoist2 crate0 pallet2 distributor0 (1)
load hoist2 crate0 truck1 distributor0 (1)
unload hoist2 crate3 truck1 distributor0 (1)
drive truck1 distributor0 depot1 (1)
unload hoist1 crate6 truck1 depot1 (1)
lift hoist0 crate4 pallet0 depot0 (1)
drop hoist2 crate3 pallet2 distributor0 (1)
drop hoist1 crate6 pallet1 depot1 (1)
drive truck1 depot1 depot0 (1)
load hoist0 crate4 truck1 depot0 (1)
unload hoist0 crate1 truck1 depot0 (1)
drop hoist0 crate1 pallet0 depot0 (1)
unload hoist0 crate0 truck1 depot0 (1)
drop hoist0 crate0 crate1 depot0 (1)
unload hoist0 crate2 truck1 depot0 (1)
drop hoist0 crate2 crate0 depot0 (1)
unload hoist0 crate4 truck1 depot0 (1)
drop hoist0 crate4 crate2 depot0 (1)
Plan length: 26 step(s).
Plan cost: 26
Bytes per state: 12
Search time: 13.9376s
Total time: 14.4533s
Solution found.
Peak memory: 448284 KB
Running single search parser
