INFO     Running translator.
INFO     translator input: ['domain.pddl', 'problem.pddl']
INFO     translator arguments: []
INFO     translator time limit: None
INFO     translator memory limit: None
INFO     callstring: /usr/bin/python /mnt/data_server/torralba/subdominization/training/data/training_agricola/code-70296b3db083/builds/release32/bin/translate/translate.py domain.pddl problem.pddl
Parsing...
Parsing: [0.030s CPU, 0.038s wall-clock]
Normalizing task... [0.000s CPU, 0.001s wall-clock]
Instantiating...
Generating Datalog program... [0.010s CPU, 0.006s wall-clock]
Normalizing Datalog program...
Normalizing Datalog program: [0.010s CPU, 0.019s wall-clock]
Preparing model... [0.020s CPU, 0.016s wall-clock]
Generated 258 rules.
Computing model... [1.460s CPU, 1.458s wall-clock]
37095 relevant atoms
1622 auxiliary atoms
38717 final queue length
138423 total queue pushes
Completing instantiation... [7.420s CPU, 7.455s wall-clock]
Instantiating: [8.930s CPU, 9.332s wall-clock]
Computing fact groups...
Finding invariants...
44 initial candidates
Finding invariants: [0.160s CPU, 0.165s wall-clock]
Checking invariant weight... [0.000s CPU, 0.000s wall-clock]
Instantiating groups... [0.000s CPU, 0.002s wall-clock]
Collecting mutex groups... [0.000s CPU, 0.000s wall-clock]
Choosing groups...
124 uncovered facts
Choosing groups: [0.000s CPU, 0.000s wall-clock]
Building translation key... [0.000s CPU, 0.001s wall-clock]
Computing fact groups: [0.170s CPU, 0.172s wall-clock]
Building STRIPS to SAS dictionary... [0.000s CPU, 0.000s wall-clock]
Building dictionary for full mutex groups... [0.000s CPU, 0.000s wall-clock]
Building mutex information...
Building mutex information: [0.000s CPU, 0.000s wall-clock]
Translating task...
Processing axioms...
Simplifying axioms... [0.000s CPU, 0.000s wall-clock]
Processing axioms: [0.260s CPU, 0.265s wall-clock]
Translating task: [5.940s CPU, 5.983s wall-clock]
39857 effect conditions simplified
0 implied preconditions added
Detecting unreachable propositions...
0 operators removed
0 axioms removed
34 propositions removed
Detecting unreachable propositions: [2.900s CPU, 2.910s wall-clock]
Translator variables: 119
Translator derived variables: 0
Translator facts: 263
Translator goal facts: 1
Translator mutex groups: 6
Translator total mutex groups size: 37
Translator operators: 36429
Translator axioms: 0
Translator task size: 403955
Translator peak memory: 415508 KB
Writing output... [0.840s CPU, 0.923s wall-clock]
Done! [18.990s CPU, 19.548s wall-clock]
INFO     Running preprocessor (release32).
INFO     preprocessor input: output.sas
INFO     preprocessor arguments: []
INFO     preprocessor time limit: None
INFO     preprocessor memory limit: None
INFO     callstring: /mnt/data_server/torralba/subdominization/training/data/training_agricola/code-70296b3db083/builds/release32/bin/preprocess < output.sas
Building causal graph...
The causal graph is not acyclic.
114 variables of 119 necessary
0 of 6 mutex groups necessary.
36429 of 36429 operators necessary.
0 of 0 axiom rules necessary.
Initializing mutex computation...
Mutex computation initialized with 253 fluents.
iteration for mutex detection and operator pruning
Initialize m_index fw
Initialized mvalues forward: reached=12996, notReached=50457, spurious=556
Initialize m_ops fw
Computing mutexes...
Mutex computation finished with reached=56131, notReached=7322, spurious=556
22118 operators are spurious because were not triggered
H^2 mutexes added fw: 7322, unreachable: 0
0 of 14311 operators detected as spurious
iteration for mutex detection and operator pruning
Initialize m_index bw
Init values regression
Initialized mvalues backward: reached=33601, notReached=22530, spurious=7878
Initialize m_ops bw
Computing mutexes...
Mutex computation finished with reached=56095, notReached=36, spurious=7878
0 operators are spurious because were not triggered
H^2 mutexes added bw: 36, unreachable: 0
0 of 14311 operators detected as spurious
iteration for mutex detection and operator pruning
Initialize m_index fw
Initialized mvalues forward: reached=12996, notReached=43099, spurious=7914
Initialize m_ops fw
Computing mutexes...
Mutex computation finished with reached=56095, notReached=0, spurious=7914
0 operators are spurious because were not triggered
H^2 mutexes added fw: 0, unreachable: 0
0 of 14311 operators detected as spurious
Total mutex and disambiguation time: 9.18279 iterations: 3
3679 of 3679 mutex groups necessary.
14311 of 36429 operators necessary.
0 of 0 axiom rules necessary.
Change id of operators: 14311
Change id of mutexes
Change id of goals
Change id of initial state
Remove unreachable facts from variables: 114
3679 of 3679 mutex groups necessary.
14311 of 14311 operators necessary.
0 of 0 axiom rules necessary.
Updating causal graph and pruning unnecessary facts
114 variables of 114 of 119 necessary
The causal graph is not acyclic.
114 variables of 114 necessary
3679 of 3679 mutex groups necessary.
14311 of 14311 operators necessary.
0 of 0 axiom rules necessary.
Building domain transition graphs...
solveable in poly time 0
Building successor generator...
Preprocessor variables: 114
Preprocessor facts: 253
Preprocessor derived variables: 0
Preprocessor operators: 14311
Preprocessor mutex groups: 3679
Preprocessor task size: 156220
Writing output...
Preprocessor time: 10.9121s
Preprocessor peak memory: 127576 KB
done
INFO     Running search (release32).
INFO     search input: output
INFO     search arguments: ['--search', 'sbw(store_operators_in_optimal_plan=true, cost_type=1)']
INFO     search time limit: 3600s
INFO     search memory limit: 4096 MB
INFO     search executable: /mnt/data_server/torralba/subdominization/training/data/training_agricola/code-70296b3db083/builds/release32/bin/downward
INFO     callstring: /mnt/data_server/torralba/subdominization/training/data/training_agricola/code-70296b3db083/builds/release32/bin/downward --search 'sbw(store_operators_in_optimal_plan=true, cost_type=1)' --internal-plan-file sas_plan < output
time limit 3600.00 -> (3600, 3601)
reading input... [t=0.000118905s]
done reading input! [t=0.228526s]
packing state variables...done! [t=0.228567s]
Variables: 114
FactPairs: 253
Bytes per state: 16
Building successor generator...done! [t=0.315873s]
done initalizing global data [t=0.315904s]
TR(time=60000, nodes=100000)
Mutex(time=60000, nodes=100000, type=edeletion)
Aux(time=2000, nodes=1000000)
Disj(nodes=2147483647)
Estimation: min_time(1000) time_penalty +(1000)*(2) nodes_penalty +(1000)*(2)
MaxStep(time=30000, nodes=100000000, nodes_per_planning_second=100)
Ratio useful: 0
   Min alloted time: 60000 nodes: 10000000
   Max alloted time: 60000 nodes: 15000000
   Mult alloted time: 2 nodes: 2
   Ratio after relax: 0.8
building causal graph...done! [t=0.0223668s]
Sym variable order: 6 7 113 5 8 66 68 67 69 70 60 61 62 63 64 71 65 100 104 102 9 2 27 11 12 14 13 10 15 1 0 108 83 112 109 99 103 101 84 90 88 26 29 30 28 32 94 95 80 76 78 77 44 45 43 57 42 59 21 39 40 38 37 82 81 36 41 98 97 111 86 85 35 25 33 110 89 87 93 91 92 107 96 79 72 74 105 75 73 106 50 51 47 48 49 58 55 54 56 53 52 46 34 22 31 18 23 20 19 24 17 16 3 4 
Initializing Symbolic Variables
Num variables: 114 => 125
Initialize Symbolic Manager(250, 64000, 16000000, 0)
Generating binary variables
Symbolic Variables... Done.
BOUND: 1 < 2147483647, total time: 3.56827s
BOUND: 2 < 2147483647, total time: 3.60306s
BOUND: 3 < 2147483647, total time: 3.60635s
BOUND: 4 < 2147483647, total time: 3.61029s
BOUND: 5 < 2147483647, total time: 3.61524s
BOUND: 6 < 2147483647, total time: 3.63083s
BOUND: 7 < 2147483647, total time: 3.65595s
BOUND: 8 < 2147483647, total time: 3.80881s
BOUND: 9 < 2147483647, total time: 4.29425s
BOUND: 10 < 2147483647, total time: 5.05293s
BOUND: 11 < 2147483647, total time: 5.84049s
BOUND: 12 < 2147483647, total time: 6.82317s
BOUND: 13 < 2147483647, total time: 7.09116s
BOUND: 14 < 2147483647, total time: 7.30025s
BOUND: 15 < 2147483647, total time: 7.68208s
BOUND: 16 < 2147483647, total time: 8.266s
BOUND: 17 < 2147483647, total time: 8.91304s
BOUND: 18 < 2147483647, total time: 9.43561s
BOUND: 19 < 2147483647, total time: 9.67257s
BOUND: 20 < 2147483647, total time: 9.76846s
BOUND: 21 < 2147483647, total time: 9.93704s
BOUND: 22 < 2147483647, total time: 10.1916s
BOUND: 23 < 2147483647, total time: 10.5028s
BOUND: 24 < 2147483647, total time: 10.9975s
BOUND: 25 < 2147483647, total time: 11.7378s
BOUND: 26 < 2147483647, total time: 12.7115s
BOUND: 27 < 2147483647, total time: 13.7638s
BOUND: 28 < 2147483647, total time: 15.4722s
BOUND: 29 < 2147483647, total time: 16.308s
BOUND: 30 < 2147483647, total time: 17.0488s
BOUND: 31 < 2147483647, total time: 17.6004s
BOUND: 32 < 2147483647, total time: 17.9625s
BOUND: 33 < 2147483647, total time: 18.4283s
BOUND: 34 < 2147483647, total time: 19.2573s
BOUND: 35 < 2147483647, total time: 20.1454s
BOUND: 36 < 2147483647, total time: 20.7504s
BOUND: 37 < 2147483647, total time: 21.0172s
BOUND: 38 < 2147483647, total time: 21.2972s
BOUND: 39 < 2147483647, total time: 21.9672s
BOUND: 40 < 2147483647, total time: 23.428s
BOUND: 41 < 2147483647, total time: 23.8638s
BOUND: 42 < 2147483647, total time: 24.1381s
BOUND: 43 < 2147483647, total time: 24.5413s
BOUND: 44 < 2147483647, total time: 25.3759s
BOUND: 45 < 2147483647, total time: 26.694s
BOUND: 46 < 2147483647, total time: 28.2916s
BOUND: 47 < 2147483647, total time: 29.8058s
BOUND: 48 < 2147483647, total time: 30.3778s
BOUND: 49 < 2147483647, total time: 30.8268s
BOUND: 50 < 2147483647, total time: 31.2697s
BOUND: 51 < 2147483647, total time: 32.8001s
BOUND: 52 < 2147483647, total time: 33.5035s
BOUND: 53 < 2147483647, total time: 34.1041s
BOUND: 54 < 2147483647, total time: 34.5361s
BOUND: 55 < 2147483647, total time: 34.8235s
BOUND: 56 < 2147483647, total time: 35.0005s
BOUND: 57 < 2147483647, total time: 35.1338s
BOUND: 58 < 2147483647, total time: 35.2181s
BOUND: 59 < 2147483647, total time: 35.2992s
BOUND: 60 < 2147483647, total time: 35.4316s
BOUND: 61 < 2147483647, total time: 35.6178s
BOUND: 62 < 2147483647, total time: 35.8251s
BOUND: 63 < 2147483647, total time: 36.0049s
BOUND: 64 < 2147483647, total time: 36.1714s
BOUND: 65 < 2147483647, total time: 36.3263s
BOUND: 66 < 2147483647, total time: 36.4561s
BOUND: 67 < 2147483647, total time: 36.5411s
BOUND: 68 < 2147483647, total time: 36.614s
BOUND: 69 < 2147483647, total time: 36.6687s
BOUND: 70 < 2147483647, total time: 36.7146s
BOUND: 71 < 2147483647, total time: 36.7494s
BOUND: 72 < 2147483647, total time: 36.7731s
BOUND: 73 < 2147483647, total time: 36.8049s
BOUND: 74 < 2147483647, total time: 36.8643s
BOUND: 75 < 2147483647, total time: 36.9389s
BOUND: 76 < 2147483647, total time: 36.9981s
BOUND: 77 < 2147483647, total time: 37.0327s
BOUND: 78 < 2147483647, total time: 37.0569s
BOUND: 79 < 2147483647, total time: 37.0736s
Solution found with cost 79 total time: 37.0931s
Merging: 1
79 38.7879 1 126
Merging: 8
78 38.8388 1 362
Merging: 8
77 38.9197 1 785
Merging: 1
76 39.0087 1 785
Merging: 5
75 39.0956 1 189
Merging: 1
74 39.1726 1 189
Merging: 14
73 39.2525 1 1593
Merging: 14
72 39.3739 1 2224
Merging: 1
71 39.4835 1 2224
Merging: 5
70 39.5925 1 249
Merging: 1
69 39.6766 1 249
Merging: 16
68 39.7659 1 3862
Merging: 16
67 39.9501 1 4627
Merging: 1
66 40.1004 1 4627
Merging: 5
65 40.2486 1 304
Merging: 1
64 40.341 1 304
Merging: 19
63 40.4438 1 6321
Merging: 19
62 40.7843 1 8364
Merging: 1
61 41.0734 1 8364
Merging: 5
60 41.35 1 502
Merging: 1
59 41.4721 1 502
Merging: 3
58 41.5319 1 518
Merging: 1
57 41.6075 1 518
Merging: 1
56 41.6576 1 518
Merging: 22
55 41.8185 1 11359
Merging: 22
54 42.5432 1 15532
Merging: 1
53 43.1887 1 15532
Merging: 5
52 43.8046 1 710
Merging: 1
51 43.9869 1 710
Merging: 22
50 44.2052 1 22159
Merging: 22
49 45.4577 1 25699
Merging: 1
48 46.3743 1 25699
Merging: 5
47 47.2604 1 836
Merging: 1
46 47.4649 1 836
Merging: 25
45 47.7146 1 24350
Merging: 25
44 49.3641 1 26878
Merging: 1
43 50.5225 1 26878
Merging: 5
42 51.6448 1 844
Merging: 1
41 51.846 1 844
Merging: 3
40 51.9192 1 844
Merging: 1
39 51.9968 1 844
Merging: 1
38 52.0569 1 844
Merging: 26
37 52.3148 1 8751
Merging: 44
36 53.156 1 13523
Merging: 1
35 54.2692 1 13523
Merging: 5
34 55.3172 1 1146
Merging: 1
33 55.6402 1 1146
Merging: 63
32 56.0157 1 13746
Merging: 62
31 57.5364 1 18351
Merging: 1
30 58.9543 1 18351
Merging: 5
29 60.2895 1 885
Merging: 1
28 60.5163 1 885
Merging: 7
27 60.5902 1 883
Merging: 1
26 60.6764 1 883
Merging: 1
25 60.737 1 883
Merging: 63
24 61.0402 1 26162
Merging: 85
23 63.734 1 98543
Merging: 1
22 68.4293 1 98543
Merging: 5
21 72.8009 1 1443
Merging: 1
20 73.2317 1 1443
Merging: 98
19 73.767 1 53179
Merging: 95
18 79.7293 1 109564
Merging: 1
17 84.8879 1 109564
Merging: 5
16 89.742 1 1392
Merging: 1
15 90.0952 1 1392
Merging: 13
14 90.1909 1 1387
Merging: 1
13 90.3007 1 1387
Merging: 1
12 90.3773 1 1387
Merging: 89
11 90.8908 1 65403
Merging: 106
10 97.8407 1 239547
Merging: 1
9 108.775 1 239547
Merging: 5
8 118.97 1 1784
Merging: 1
7 119.517 1 1784
Merging: 126
6 120.272 1 99556
Merging: 123
5 131.617 1 247246
Merging: 2
4 142.537 1 231203
Merging: 5
3 152.99 1 2266
Merging: 1
2 153.541 1 2266
Merging: 28
1 153.679 1 2434
BOUND: 79 < 79, total time: 154.116s
Actual search time: 150.554s [t=154.122s]
collect_resource worker2 worker1 worker2 round1 act_clay clay (60)
collect_resource worker1 noworker worker2 round1 act_reed reed (60)
ag__finish_round_backhome round1 worker2 (1)
ag__finish_round_renew round1 noworker (1)
ag__advance_round_normal round1 round2 act_fences (1)
build_fences boar worker2 worker1 worker2 round2 (60)
take_food worker1 noworker worker2 round2 num2 num3 (60)
ag__finish_round_backhome round2 worker2 (1)
ag__finish_round_renew round2 noworker (1)
ag__advance_round_normal round2 round3 act_sow (1)
build_fences boar worker2 worker1 worker2 round3 (60)
take_food worker1 noworker worker2 round3 num3 num4 (60)
ag__finish_round_backhome round3 worker2 (1)
ag__finish_round_renew round3 noworker (1)
ag__advance_round_normal round3 round4 act_sheep (1)
build_fences boar worker2 worker1 worker2 round4 (60)
take_food worker1 noworker worker2 round4 num4 num5 (60)
ag__finish_round_backhome round4 worker2 (1)
ag__finish_round_renew round4 noworker (1)
ag__harvest_collect_end round4 stage1 (1)
ag__harvest_feed round4 stage1 worker2 num5 num4 num1 (1)
ag__harvest_breed_end round4 stage1 (1)
ag__finish_stage stage1 stage2 round4 round5 act_cattle (1)
build_fences boar worker2 worker1 worker2 round5 (60)
take_food worker1 noworker worker2 round5 num1 num2 (60)
ag__finish_round_backhome round5 worker2 (1)
ag__finish_round_renew round5 noworker (1)
ag__advance_round_normal round5 round6 act_carrot (1)
build_fences boar worker2 worker1 worker2 round6 (60)
take_food worker1 noworker worker2 round6 num2 num3 (60)
ag__finish_round_backhome round6 worker2 (1)
ag__finish_round_renew round6 noworker (1)
ag__advance_round_normal round6 round7 act_boar (1)
build_fences boar worker2 worker1 worker2 round7 (60)
take_food worker1 noworker worker2 round7 num3 num4 (60)
ag__finish_round_backhome round7 worker2 (1)
ag__finish_round_renew round7 noworker (1)
ag__harvest_collect_end round7 stage2 (1)
ag__harvest_feed round7 stage2 worker2 num4 num4 num0 (1)
ag__harvest_breed_end round7 stage2 (1)
ag__finish_stage stage2 stage3 round7 round8 act_improve (1)
collect_resource worker2 worker1 worker2 round8 act_stone stone (60)
improve_home worker1 noworker worker2 round8 fireplace (60)
ag__finish_round_backhome round8 worker2 (1)
ag__finish_round_renew round8 noworker (1)
ag__advance_round_normal round8 round9 void (1)
collect_cook_animal boar act_boar worker2 worker1 worker2 round9 num0 num2 (60)
collect_cook_animal boar act_cattle worker1 noworker worker2 round9 num2 num4 (60)
ag__finish_round_backhome round9 worker2 (1)
ag__finish_round_renew round9 noworker (1)
ag__harvest_collect_end round9 stage3 (1)
ag__harvest_feed round9 stage3 worker2 num4 num4 num0 (1)
ag__harvest_breed_end round9 stage3 (1)
ag__finish_stage stage3 stage4 round9 round10 void (1)
build_fences boar worker2 worker1 worker2 round10 (60)
collect_cook_animal boar act_sheep worker1 noworker worker2 round10 num0 num2 (60)
ag__finish_round_backhome round10 worker2 (1)
ag__finish_round_renew round10 noworker (1)
ag__advance_round_normal round10 round11 void (1)
build_fences boar worker2 worker1 worker2 round11 (60)
collect_cook_animal boar act_sheep worker1 noworker worker2 round11 num2 num4 (60)
ag__finish_round_backhome round11 worker2 (1)
ag__finish_round_renew round11 noworker (1)
ag__harvest_collect_end round11 stage4 (1)
ag__harvest_feed round11 stage4 worker2 num4 num4 num0 (1)
ag__harvest_breed_end round11 stage4 (1)
ag__finish_stage stage4 stage5 round11 round12 void (1)
build_fences boar worker2 worker1 worker2 round12 (60)
collect_cook_animal boar act_sheep worker1 noworker worker2 round12 num0 num2 (60)
ag__finish_round_backhome round12 worker2 (1)
ag__finish_round_renew round12 noworker (1)
ag__advance_round_normal round12 round13 void (1)
build_fences boar worker2 worker1 worker2 round13 (60)
collect_cook_animal boar act_sheep worker1 noworker worker2 round13 num2 num4 (60)
ag__finish_round_backhome round13 worker2 (1)
ag__finish_round_renew round13 noworker (1)
ag__harvest_collect_end round13 stage5 (1)
ag__harvest_feed round13 stage5 worker2 num4 num4 num0 (1)
ag__harvest_breed_end round13 stage5 (1)
Plan length: 79 step(s).
Plan cost: 1613
Bytes per state: 16
Search time: 152.275s
Total time: 154.122s
Solution found.
Peak memory: 399500 KB
Running single search parser
