INFO     Running translator.
INFO     translator input: ['domain.pddl', 'problem.pddl']
INFO     translator arguments: []
INFO     translator time limit: None
INFO     translator memory limit: None
INFO     callstring: /usr/bin/python /mnt/data_server/torralba/subdominization/training/data/training_agricola/code-70296b3db083/builds/release32/bin/translate/translate.py domain.pddl problem.pddl
Parsing...
Parsing: [0.030s CPU, 0.031s wall-clock]
Normalizing task... [0.000s CPU, 0.001s wall-clock]
Instantiating...
Generating Datalog program... [0.010s CPU, 0.006s wall-clock]
Normalizing Datalog program...
Normalizing Datalog program: [0.020s CPU, 0.019s wall-clock]
Preparing model... [0.020s CPU, 0.016s wall-clock]
Generated 258 rules.
Computing model... [2.340s CPU, 2.356s wall-clock]
59140 relevant atoms
1704 auxiliary atoms
60844 final queue length
221347 total queue pushes
Completing instantiation... [12.790s CPU, 12.840s wall-clock]
Instantiating: [15.200s CPU, 15.331s wall-clock]
Computing fact groups...
Finding invariants...
44 initial candidates
Finding invariants: [0.240s CPU, 0.239s wall-clock]
Checking invariant weight... [0.000s CPU, 0.001s wall-clock]
Instantiating groups... [0.000s CPU, 0.002s wall-clock]
Collecting mutex groups... [0.000s CPU, 0.000s wall-clock]
Choosing groups...
124 uncovered facts
Choosing groups: [0.000s CPU, 0.000s wall-clock]
Building translation key... [0.000s CPU, 0.002s wall-clock]
Computing fact groups: [0.240s CPU, 0.246s wall-clock]
Building STRIPS to SAS dictionary... [0.000s CPU, 0.000s wall-clock]
Building dictionary for full mutex groups... [0.000s CPU, 0.000s wall-clock]
Building mutex information...
Building mutex information: [0.000s CPU, 0.000s wall-clock]
Translating task...
Processing axioms...
Simplifying axioms... [0.000s CPU, 0.000s wall-clock]
Processing axioms: [0.430s CPU, 0.427s wall-clock]
Translating task: [9.710s CPU, 9.794s wall-clock]
63383 effect conditions simplified
0 implied preconditions added
Detecting unreachable propositions...
0 operators removed
0 axioms removed
35 propositions removed
Detecting unreachable propositions: [4.750s CPU, 4.790s wall-clock]
Translator variables: 120
Translator derived variables: 0
Translator facts: 271
Translator goal facts: 1
Translator mutex groups: 7
Translator total mutex groups size: 45
Translator operators: 58457
Translator axioms: 0
Translator task size: 653644
Translator peak memory: 644056 KB
Writing output... [1.350s CPU, 1.525s wall-clock]
Done! [31.580s CPU, 32.025s wall-clock]
INFO     Running preprocessor (release32).
INFO     preprocessor input: output.sas
INFO     preprocessor arguments: []
INFO     preprocessor time limit: None
INFO     preprocessor memory limit: None
INFO     callstring: /mnt/data_server/torralba/subdominization/training/data/training_agricola/code-70296b3db083/builds/release32/bin/preprocess < output.sas
Building causal graph...
The causal graph is not acyclic.
115 variables of 120 necessary
0 of 7 mutex groups necessary.
58457 of 58457 operators necessary.
0 of 0 axiom rules necessary.
Initializing mutex computation...
Mutex computation initialized with 261 fluents.
iteration for mutex detection and operator pruning
Initialize m_index fw
Initialized mvalues forward: reached=13225, notReached=54300, spurious=596
Initialize m_ops fw
Computing mutexes...
Mutex computation finished with reached=59827, notReached=7698, spurious=596
36431 operators are spurious because were not triggered
H^2 mutexes added fw: 7698, unreachable: 0
0 of 22026 operators detected as spurious
iteration for mutex detection and operator pruning
Initialize m_index bw
Init values regression
Initialized mvalues backward: reached=36571, notReached=23256, spurious=8294
Initialize m_ops bw
Computing mutexes...
Mutex computation finished with reached=59789, notReached=38, spurious=8294
0 operators are spurious because were not triggered
H^2 mutexes added bw: 38, unreachable: 0
0 of 22026 operators detected as spurious
iteration for mutex detection and operator pruning
Initialize m_index fw
Initialized mvalues forward: reached=13225, notReached=46564, spurious=8332
Initialize m_ops fw
Computing mutexes...
Mutex computation finished with reached=59789, notReached=0, spurious=8332
0 operators are spurious because were not triggered
H^2 mutexes added fw: 0, unreachable: 0
0 of 22026 operators detected as spurious
Total mutex and disambiguation time: 14.7158 iterations: 3
3868 of 3868 mutex groups necessary.
22026 of 58457 operators necessary.
0 of 0 axiom rules necessary.
Change id of operators: 22026
Change id of mutexes
Change id of goals
Change id of initial state
Remove unreachable facts from variables: 115
3868 of 3868 mutex groups necessary.
22026 of 22026 operators necessary.
0 of 0 axiom rules necessary.
Updating causal graph and pruning unnecessary facts
115 variables of 115 of 120 necessary
The causal graph is not acyclic.
115 variables of 115 necessary
3868 of 3868 mutex groups necessary.
22026 of 22026 operators necessary.
0 of 0 axiom rules necessary.
Building domain transition graphs...
solveable in poly time 0
Building successor generator...
Preprocessor variables: 115
Preprocessor facts: 261
Preprocessor derived variables: 0
Preprocessor operators: 22026
Preprocessor mutex groups: 3868
Preprocessor task size: 240160
Writing output...
Preprocessor time: 17.5377s
Preprocessor peak memory: 201416 KB
done
INFO     Running search (release32).
INFO     search input: output
INFO     search arguments: ['--search', 'sbw(store_operators_in_optimal_plan=true, cost_type=1)']
INFO     search time limit: 3600s
INFO     search memory limit: 4096 MB
INFO     search executable: /mnt/data_server/torralba/subdominization/training/data/training_agricola/code-70296b3db083/builds/release32/bin/downward
INFO     callstring: /mnt/data_server/torralba/subdominization/training/data/training_agricola/code-70296b3db083/builds/release32/bin/downward --search 'sbw(store_operators_in_optimal_plan=true, cost_type=1)' --internal-plan-file sas_plan < output
time limit 3600.00 -> (3600, 3601)
reading input... [t=0.0001078s]
done reading input! [t=0.346218s]
packing state variables...done! [t=0.346249s]
Variables: 115
FactPairs: 261
Bytes per state: 16
Building successor generator...done! [t=0.482235s]
done initalizing global data [t=0.482254s]
TR(time=60000, nodes=100000)
Mutex(time=60000, nodes=100000, type=edeletion)
Aux(time=2000, nodes=1000000)
Disj(nodes=2147483647)
Estimation: min_time(1000) time_penalty +(1000)*(2) nodes_penalty +(1000)*(2)
MaxStep(time=30000, nodes=100000000, nodes_per_planning_second=100)
Ratio useful: 0
   Min alloted time: 60000 nodes: 10000000
   Max alloted time: 60000 nodes: 15000000
   Mult alloted time: 2 nodes: 2
   Ratio after relax: 0.8
building causal graph...done! [t=0.0323969s]
Sym variable order: 0 1 4 17 23 28 30 26 25 29 20 16 19 22 42 54 56 40 55 52 37 53 51 50 58 107 106 97 75 73 74 72 108 76 103 90 91 85 83 111 18 11 89 87 112 88 32 105 104 45 41 21 44 46 43 99 98 82 59 81 49 47 57 48 39 27 93 80 36 38 33 35 86 84 34 78 79 77 92 101 102 100 113 110 109 3 24 13 14 15 12 31 2 10 9 95 96 94 66 65 63 71 64 62 60 68 70 67 69 61 8 5 6 114 7 
Initializing Symbolic Variables
Num variables: 115 => 127
Initialize Symbolic Manager(254, 62992, 16000000, 0)
Generating binary variables
Symbolic Variables... Done.
BOUND: 1 < 2147483647, total time: 3.56682s
BOUND: 2 < 2147483647, total time: 3.58823s
BOUND: 3 < 2147483647, total time: 3.59227s
BOUND: 4 < 2147483647, total time: 3.59583s
BOUND: 5 < 2147483647, total time: 3.60061s
BOUND: 6 < 2147483647, total time: 3.60712s
BOUND: 7 < 2147483647, total time: 3.62332s
BOUND: 8 < 2147483647, total time: 3.7302s
BOUND: 9 < 2147483647, total time: 4.0742s
BOUND: 10 < 2147483647, total time: 4.75104s
BOUND: 11 < 2147483647, total time: 5.91153s
BOUND: 12 < 2147483647, total time: 6.5335s
BOUND: 13 < 2147483647, total time: 7.00607s
BOUND: 14 < 2147483647, total time: 7.37828s
BOUND: 15 < 2147483647, total time: 7.93597s
BOUND: 16 < 2147483647, total time: 8.89962s
BOUND: 17 < 2147483647, total time: 10.1714s
BOUND: 18 < 2147483647, total time: 11.3904s
BOUND: 19 < 2147483647, total time: 12.3971s
BOUND: 20 < 2147483647, total time: 13.3628s
BOUND: 21 < 2147483647, total time: 13.8379s
BOUND: 22 < 2147483647, total time: 14.0614s
BOUND: 23 < 2147483647, total time: 14.932s
BOUND: 24 < 2147483647, total time: 15.2622s
BOUND: 25 < 2147483647, total time: 15.746s
BOUND: 26 < 2147483647, total time: 16.4745s
BOUND: 27 < 2147483647, total time: 17.5161s
BOUND: 28 < 2147483647, total time: 18.8222s
BOUND: 29 < 2147483647, total time: 20.4647s
BOUND: 30 < 2147483647, total time: 22.1534s
BOUND: 31 < 2147483647, total time: 24.3752s
BOUND: 32 < 2147483647, total time: 25.553s
BOUND: 33 < 2147483647, total time: 26.8078s
BOUND: 34 < 2147483647, total time: 28.1247s
BOUND: 35 < 2147483647, total time: 29.3757s
BOUND: 36 < 2147483647, total time: 30.6802s
BOUND: 37 < 2147483647, total time: 33.1128s
BOUND: 38 < 2147483647, total time: 34.5101s
BOUND: 39 < 2147483647, total time: 35.9652s
BOUND: 40 < 2147483647, total time: 37.4257s
BOUND: 41 < 2147483647, total time: 38.4915s
BOUND: 42 < 2147483647, total time: 39.0001s
BOUND: 43 < 2147483647, total time: 40.5894s
BOUND: 44 < 2147483647, total time: 41.4682s
BOUND: 45 < 2147483647, total time: 42.7909s
BOUND: 46 < 2147483647, total time: 44.3269s
BOUND: 47 < 2147483647, total time: 45.8002s
BOUND: 48 < 2147483647, total time: 47.129s
BOUND: 49 < 2147483647, total time: 48.3658s
BOUND: 50 < 2147483647, total time: 50.7969s
BOUND: 51 < 2147483647, total time: 52.5318s
BOUND: 52 < 2147483647, total time: 54.5767s
BOUND: 53 < 2147483647, total time: 56.5442s
BOUND: 54 < 2147483647, total time: 58.262s
BOUND: 55 < 2147483647, total time: 60.4556s
BOUND: 56 < 2147483647, total time: 61.3327s
BOUND: 57 < 2147483647, total time: 62.4195s
BOUND: 58 < 2147483647, total time: 63.6242s
BOUND: 59 < 2147483647, total time: 64.8073s
BOUND: 60 < 2147483647, total time: 66.01s
BOUND: 61 < 2147483647, total time: 67.1008s
BOUND: 62 < 2147483647, total time: 67.8485s
BOUND: 63 < 2147483647, total time: 69.6498s
BOUND: 64 < 2147483647, total time: 70.0312s
BOUND: 65 < 2147483647, total time: 70.2721s
BOUND: 66 < 2147483647, total time: 70.5147s
BOUND: 67 < 2147483647, total time: 70.8974s
BOUND: 68 < 2147483647, total time: 71.4791s
BOUND: 69 < 2147483647, total time: 72.1579s
BOUND: 70 < 2147483647, total time: 72.8407s
BOUND: 71 < 2147483647, total time: 73.4291s
BOUND: 72 < 2147483647, total time: 73.85s
BOUND: 73 < 2147483647, total time: 74.0936s
BOUND: 74 < 2147483647, total time: 74.2302s
BOUND: 75 < 2147483647, total time: 74.4047s
BOUND: 76 < 2147483647, total time: 74.6117s
BOUND: 77 < 2147483647, total time: 74.7969s
BOUND: 78 < 2147483647, total time: 74.9327s
BOUND: 79 < 2147483647, total time: 75.0561s
Solution found with cost 79 total time: 75.1243s
Merging: 1
79 77.4108 1 128
Merging: 11
78 77.4944 1 396
Merging: 11
77 77.6387 1 979
Merging: 1
76 77.8709 1 979
Merging: 6
75 78.1191 1 202
Merging: 1
74 78.1988 1 202
Merging: 17
73 78.2795 1 765
Merging: 17
72 78.4621 1 1426
Merging: 1
71 78.7097 1 1426
Merging: 6
70 79.016 1 276
Merging: 1
69 79.0996 1 276
Merging: 20
68 79.1956 1 1245
Merging: 20
67 79.4345 1 2510
Merging: 1
66 79.758 1 2510
Merging: 6
65 80.1956 1 362
Merging: 1
64 80.2833 1 362
Merging: 20
63 80.389 1 1613
Merging: 20
62 80.7051 1 3586
Merging: 1
61 81.2564 1 3586
Merging: 6
60 81.8789 1 412
Merging: 1
59 81.9927 1 412
Merging: 3
58 82.1057 1 369
Merging: 1
57 82.2189 1 369
Merging: 1
56 82.3302 1 369
Merging: 23
55 82.45 1 2535
Merging: 23
54 82.8537 1 5340
Merging: 1
53 83.527 1 5340
Merging: 6
52 84.4788 1 602
Merging: 1
51 84.5888 1 602
Merging: 23
50 84.7069 1 3050
Merging: 23
49 85.1552 1 4951
Merging: 1
48 85.7349 1 4951
Merging: 6
47 86.5344 1 642
Merging: 1
46 86.6385 1 642
Merging: 23
45 86.7694 1 2409
Merging: 35
44 87.2363 1 2545
Merging: 1
43 87.491 1 2545
Merging: 6
42 87.8139 1 619
Merging: 1
41 87.9459 1 619
Merging: 3
40 88.0767 1 616
Merging: 1
39 88.2081 1 616
Merging: 1
38 88.3424 1 616
Merging: 45
37 88.4994 1 3630
Merging: 65
36 89.0588 1 9788
Merging: 1
35 90.0186 1 9788
Merging: 6
34 91.4286 1 1014
Merging: 1
33 91.5537 1 1014
Merging: 83
32 91.7254 1 4609
Merging: 83
31 92.4016 1 10923
Merging: 1
30 93.2911 1 10923
Merging: 6
29 94.5389 1 911
Merging: 1
28 94.682 1 911
Merging: 11
27 94.827 1 911
Merging: 1
26 94.9714 1 911
Merging: 1
25 95.1172 1 911
Merging: 80
24 95.3014 1 5617
Merging: 97
23 96.1168 1 18814
Merging: 1
22 97.355 1 18814
Merging: 6
21 99.3504 1 1284
Merging: 1
20 99.4849 1 1284
Merging: 109
19 99.6987 1 6835
Merging: 106
18 100.647 1 19181
Merging: 1
17 101.906 1 19181
Merging: 6
16 103.777 1 1243
Merging: 1
15 103.937 1 1243
Merging: 15
14 104.099 1 1236
Merging: 1
13 104.256 1 1236
Merging: 1
12 104.404 1 1236
Merging: 100
11 104.612 1 7599
Merging: 117
10 106.714 1 25061
Merging: 1
9 108.103 1 25061
Merging: 6
8 110.513 1 1476
Merging: 1
7 110.666 1 1476
Merging: 141
6 110.89 1 8750
Merging: 138
5 112.046 1 26972
Merging: 2
4 113.634 1 26971
Merging: 6
3 116.133 1 1947
Merging: 1
2 116.336 1 1947
Merging: 32
1 116.55 1 1890
BOUND: 79 < 79, total time: 116.751s
Actual search time: 113.188s [t=116.754s]
build_fences boar worker2 worker1 worker2 round1 (60)
collect_resource worker1 noworker worker2 round1 act_clay clay (60)
ag__finish_round_backhome round1 worker2 (1)
ag__finish_round_renew round1 noworker (1)
ag__advance_round_normal round1 round2 act_sow (1)
build_fences boar worker2 worker1 worker2 round2 (60)
take_food worker1 noworker worker2 round2 num1 num2 (60)
ag__finish_round_backhome round2 worker2 (1)
ag__finish_round_renew round2 noworker (1)
ag__advance_round_normal round2 round3 act_sheep (1)
build_fences boar worker2 worker1 worker2 round3 (60)
take_food worker1 noworker worker2 round3 num2 num3 (60)
ag__finish_round_backhome round3 worker2 (1)
ag__finish_round_renew round3 noworker (1)
ag__advance_round_normal round3 round4 act_family (1)
build_fences boar worker2 worker1 worker2 round4 (60)
take_food worker1 noworker worker2 round4 num3 num4 (60)
ag__finish_round_backhome round4 worker2 (1)
ag__finish_round_renew round4 noworker (1)
ag__harvest_collect_end round4 stage1 (1)
ag__harvest_feed round4 stage1 worker2 num4 num4 num0 (1)
ag__harvest_breed_end round4 stage1 (1)
ag__finish_stage stage1 stage2 round4 round5 act_boar (1)
build_fences boar worker2 worker1 worker2 round5 (60)
take_food worker1 noworker worker2 round5 num0 num1 (60)
ag__finish_round_backhome round5 worker2 (1)
ag__finish_round_renew round5 noworker (1)
ag__advance_round_normal round5 round6 act_carrot (1)
collect_resource worker2 worker1 worker2 round6 act_stone stone (60)
take_food worker1 noworker worker2 round6 num1 num2 (60)
ag__finish_round_backhome round6 worker2 (1)
ag__finish_round_renew round6 noworker (1)
ag__advance_round_normal round6 round7 act_improve (1)
improve_home worker2 worker1 worker2 round7 fireplace (60)
collect_cook_animal boar act_boar worker1 noworker worker2 round7 num2 num4 (60)
ag__finish_round_backhome round7 worker2 (1)
ag__finish_round_renew round7 noworker (1)
ag__harvest_collect_end round7 stage2 (1)
ag__harvest_feed round7 stage2 worker2 num4 num4 num0 (1)
ag__harvest_breed_end round7 stage2 (1)
ag__finish_stage stage2 stage3 round7 round8 act_cattle (1)
build_fences boar worker2 worker1 worker2 round8 (60)
collect_animal boar act_sheep worker1 noworker worker2 round8 (60)
ag__finish_round_backhome round8 worker2 (1)
ag__finish_round_renew round8 noworker (1)
ag__advance_round_normal round8 round9 void (1)
collect_cook_animal boar act_cattle worker2 worker1 worker2 round9 num0 num2 (60)
collect_cook_animal boar act_sheep worker1 noworker worker2 round9 num2 num4 (60)
ag__finish_round_backhome round9 worker2 (1)
ag__finish_round_renew round9 noworker (1)
ag__harvest_collect_end round9 stage3 (1)
ag__harvest_feed round9 stage3 worker2 num4 num4 num0 (1)
ag__harvest_breed_end round9 stage3 (1)
ag__finish_stage stage3 stage4 round9 round10 void (1)
build_fences boar worker2 worker1 worker2 round10 (60)
collect_cook_animal boar act_sheep worker1 noworker worker2 round10 num0 num2 (60)
ag__finish_round_backhome round10 worker2 (1)
ag__finish_round_renew round10 noworker (1)
ag__advance_round_normal round10 round11 void (1)
build_fences boar worker2 worker1 worker2 round11 (60)
collect_cook_animal boar act_sheep worker1 noworker worker2 round11 num2 num4 (60)
ag__finish_round_backhome round11 worker2 (1)
ag__finish_round_renew round11 noworker (1)
ag__harvest_collect_end round11 stage4 (1)
ag__harvest_feed round11 stage4 worker2 num4 num4 num0 (1)
ag__harvest_breed_end round11 stage4 (1)
ag__finish_stage stage4 stage5 round11 round12 void (1)
build_fences boar worker2 worker1 worker2 round12 (60)
collect_cook_animal boar act_sheep worker1 noworker worker2 round12 num0 num2 (60)
ag__finish_round_backhome round12 worker2 (1)
ag__finish_round_renew round12 noworker (1)
ag__advance_round_normal round12 round13 void (1)
build_fences boar worker2 worker1 worker2 round13 (60)
collect_cook_animal boar act_sheep worker1 noworker worker2 round13 num2 num4 (60)
ag__finish_round_backhome round13 worker2 (1)
ag__finish_round_renew round13 noworker (1)
ag__harvest_collect_end round13 stage5 (1)
ag__harvest_feed round13 stage5 worker2 num4 num4 num0 (1)
ag__harvest_breed_end round13 stage5 (1)
Plan length: 79 step(s).
Plan cost: 1613
Bytes per state: 16
Search time: 114.724s
Total time: 116.754s
Solution found.
Peak memory: 456172 KB
Running single search parser
