INFO     Running translator.
INFO     translator input: ['domain.pddl', 'problem.pddl']
INFO     translator arguments: ['--grounding-action-queue-ordering', 'fifo']
INFO     translator time limit: 1799.91s
INFO     translator memory limit: 4096 MB
INFO     callstring: /usr/bin/python3 /mnt/data_server/gnad/lab-data/subdominization/old_servers/f24b670/fifo-relaxed-solvable-plus-x/code-f24b670501a4/builds/release32/bin/translate/translate.py domain.pddl problem.pddl --grounding-action-queue-ordering fifo
time limit 1799.91 -> (1800, 1801)
Parsing...
Parsing: [0.020s CPU, 0.050s wall-clock]
Normalizing task... [0.000s CPU, 0.001s wall-clock]
Instantiating...
Generating Datalog program... [0.010s CPU, 0.008s wall-clock]
Normalizing Datalog program...
Normalizing Datalog program: [0.020s CPU, 0.028s wall-clock]
Preparing model... [0.030s CPU, 0.021s wall-clock]
Generated 285 rules.
Using FIFO priority queue for actions.
using default termination condition, i.e. grounding all actions.
Computing model... [18.410s CPU, 18.651s wall-clock]
no statistics available
227492 relevant atoms
16910 auxiliary atoms
226081 actions instantiated
244402 final queue length
2114683 total queue pushes
Completing instantiation... [56.710s CPU, 57.378s wall-clock]
Instantiating: [75.300s CPU, 76.199s wall-clock]
Computing fact groups...
Finding invariants...
37 initial candidates
Finding invariants: [1.420s CPU, 1.425s wall-clock]
Checking invariant weight... [0.000s CPU, 0.000s wall-clock]
Instantiating groups... [0.000s CPU, 0.000s wall-clock]
Collecting mutex groups... [0.000s CPU, 0.000s wall-clock]
Choosing groups...
640 uncovered facts
Choosing groups: [0.000s CPU, 0.000s wall-clock]
Building translation key... [0.010s CPU, 0.007s wall-clock]
Computing fact groups: [1.440s CPU, 1.445s wall-clock]
Building STRIPS to SAS dictionary... [0.000s CPU, 0.002s wall-clock]
Building dictionary for full mutex groups... [0.000s CPU, 0.001s wall-clock]
Building mutex information...
Building mutex information: [0.000s CPU, 0.001s wall-clock]
Translating task...
Processing axioms...
Simplifying axioms... [0.000s CPU, 0.000s wall-clock]
Processing axioms: [1.810s CPU, 1.823s wall-clock]
Translating task: [44.450s CPU, 44.766s wall-clock]
0 effect conditions simplified
0 implied preconditions added
Detecting unreachable propositions...
0 operators removed
0 axioms removed
96 propositions removed
Detecting unreachable propositions: [18.200s CPU, 18.327s wall-clock]
Reordering and filtering variables...
449 of 592 variables necessary.
0 of 0 mutex groups necessary.
116705 of 117281 operators necessary.
0 of 0 axiom rules necessary.
Reordering and filtering variables: [12.550s CPU, 12.631s wall-clock]
Translator variables: 449
Translator derived variables: 0
Translator facts: 898
Translator goal facts: 7
Translator mutex groups: 0
Translator total mutex groups size: 0
Translator operators: 116705
Translator axioms: 0
Translator task size: 2995844
Translator peak memory: 2620152 KB
Writing output... [10.530s CPU, 11.003s wall-clock]
Done! [163.440s CPU, 165.383s wall-clock]
INFO     Running search (release32).
INFO     search input: output.sas
INFO     search arguments: ['--heuristic', 'hlm,hff=lm_ff_syn(lm_rhw(reasonable_orders=true,lm_cost_type=one),transform=adapt_costs(one))', '--search', 'lazy_greedy([hff,hlm],preferred=[hff,hlm],cost_type=one,reopen_closed=false)']
INFO     search time limit: 1634.37s
INFO     search memory limit: 4096 MB
INFO     search executable: /mnt/data_server/gnad/lab-data/subdominization/old_servers/f24b670/fifo-relaxed-solvable-plus-x/code-f24b670501a4/builds/release32/bin/downward
INFO     callstring: /mnt/data_server/gnad/lab-data/subdominization/old_servers/f24b670/fifo-relaxed-solvable-plus-x/code-f24b670501a4/builds/release32/bin/downward --heuristic 'hlm,hff=lm_ff_syn(lm_rhw(reasonable_orders=true,lm_cost_type=one),transform=adapt_costs(one))' --search 'lazy_greedy([hff,hlm],preferred=[hff,hlm],cost_type=one,reopen_closed=false)' --internal-plan-file sas_plan < output.sas
time limit 1634.37 -> (1635, 1636)
reading input... [t=0.000166865s]
done reading input! [t=3.69619s]
packing state variables...done! [t=3.69626s]
Variables: 449
FactPairs: 898
Bytes per state: 60
Building successor generator...done! [t=3.96959s]
peak memory difference for root successor generator creation: 34956 KB
time for root successor generation creation: 0.273219s
done initializing global data [t=3.96972s]
Initializing Exploration...
Initializing landmarks count heuristic...
Generating landmarks using the RPG/SAS+ approach
approx. reasonable orders
approx. obedient reasonable orders
Removed 0 reasonable or obedient reasonable orders
Landmarks generation time: 10.5113s
Discovered 53 landmarks, of which 0 are disjunctive and 0 are conjunctive 
177 edges
Initializing LAMA-FF synergy object
Conducting lazy best first search, (real) bound = 2147483647
30 initial landmarks, 7 goal landmarks
Switch from bucket-based to heap-based queue at key = 699, num_pushes = 683
New best heuristic value for <missing>: 23
New best heuristic value for <missing>: 36
[g=0, 1 evaluated, 0 expanded, t=15.4996s, 304392 KB]
Initial heuristic value for <missing>: 23
Initial heuristic value for <missing>: 36
New best heuristic value for <missing>: 21
[g=1, 2 evaluated, 1 expanded, t=15.6214s, 304392 KB]
New best heuristic value for <missing>: 14
New best heuristic value for <missing>: 34
[g=3, 6 evaluated, 5 expanded, t=16.1138s, 304392 KB]
New best heuristic value for <missing>: 13
New best heuristic value for <missing>: 31
[g=4, 8 evaluated, 7 expanded, t=16.3609s, 304392 KB]
New best heuristic value for <missing>: 12
[g=5, 11 evaluated, 10 expanded, t=16.7299s, 304392 KB]
New best heuristic value for <missing>: 11
New best heuristic value for <missing>: 28
[g=6, 18 evaluated, 17 expanded, t=17.5922s, 304392 KB]
New best heuristic value for <missing>: 10
New best heuristic value for <missing>: 27
[g=7, 23 evaluated, 22 expanded, t=18.2089s, 304392 KB]
New best heuristic value for <missing>: 9
[g=8, 29 evaluated, 28 expanded, t=18.9498s, 304392 KB]
New best heuristic value for <missing>: 8
New best heuristic value for <missing>: 26
[g=9, 38 evaluated, 37 expanded, t=20.0596s, 304392 KB]
New best heuristic value for <missing>: 7
[g=10, 46 evaluated, 45 expanded, t=21.0447s, 304392 KB]
New best heuristic value for <missing>: 25
[g=13, 73 evaluated, 72 expanded, t=24.3532s, 304392 KB]
New best heuristic value for <missing>: 24
[g=14, 93 evaluated, 92 expanded, t=26.7638s, 304392 KB]
New best heuristic value for <missing>: 23
[g=16, 123 evaluated, 122 expanded, t=30.3752s, 304392 KB]
New best heuristic value for <missing>: 6
[g=17, 132 evaluated, 131 expanded, t=31.4464s, 304392 KB]
New best heuristic value for <missing>: 21
[g=17, 136 evaluated, 135 expanded, t=31.9095s, 304392 KB]
New best heuristic value for <missing>: 20
[g=18, 138 evaluated, 137 expanded, t=32.1391s, 304392 KB]
New best heuristic value for <missing>: 19
[g=18, 147 evaluated, 146 expanded, t=33.1671s, 304392 KB]
New best heuristic value for <missing>: 5
New best heuristic value for <missing>: 18
[g=19, 156 evaluated, 155 expanded, t=34.1904s, 304392 KB]
New best heuristic value for <missing>: 17
[g=20, 162 evaluated, 161 expanded, t=34.8573s, 304392 KB]
New best heuristic value for <missing>: 15
[g=21, 163 evaluated, 162 expanded, t=34.9708s, 304392 KB]
New best heuristic value for <missing>: 14
[g=23, 180 evaluated, 176 expanded, t=36.8279s, 304392 KB]
New best heuristic value for <missing>: 4
New best heuristic value for <missing>: 12
[g=24, 182 evaluated, 178 expanded, t=37.0484s, 304392 KB]
New best heuristic value for <missing>: 3
[g=25, 183 evaluated, 179 expanded, t=37.1527s, 304392 KB]
New best heuristic value for <missing>: 10
[g=26, 187 evaluated, 180 expanded, t=37.5625s, 304392 KB]
New best heuristic value for <missing>: 9
[g=27, 196 evaluated, 185 expanded, t=38.4895s, 304392 KB]
New best heuristic value for <missing>: 2
New best heuristic value for <missing>: 8
[g=28, 198 evaluated, 187 expanded, t=38.6945s, 304392 KB]
New best heuristic value for <missing>: 7
[g=29, 1692 evaluated, 640 expanded, t=191.641s, 304392 KB]
New best heuristic value for <missing>: 5
[g=30, 1695 evaluated, 642 expanded, t=191.942s, 304392 KB]
New best heuristic value for <missing>: 4
[g=31, 1698 evaluated, 645 expanded, t=192.245s, 304392 KB]
New best heuristic value for <missing>: 1
New best heuristic value for <missing>: 3
[g=32, 1700 evaluated, 646 expanded, t=192.442s, 304392 KB]
New best heuristic value for <missing>: 1
[g=33, 1702 evaluated, 647 expanded, t=192.627s, 304392 KB]
Solution found!
Actual search time: 177.26s [t=192.638s]
get_domain id_cwrat id_bghost str__bl (1)
creds id_cwrat id_bghost id_adomain (1)
get_computers id_cwrat id_adomain (1)
get_admin id_cwrat id_bnhost id_adomain (1)
get_admin id_cwrat id_buhost id_adomain (1)
get_admin id_cwrat id_cbhost id_adomain (1)
get_admin id_cwrat id_cihost id_adomain (1)
get_admin id_cwrat id_cphost id_adomain (1)
get_admin id_cwrat id_shost id_adomain (1)
get_admin id_cwrat id_zhost id_adomain (1)
net_use id_cwrat id_bghost id_bnhost str__bs id_ldomaincredential str__m id_kdomainuser str__john id_adomain str__alpha id_eashare (1)
net_use id_cwrat id_bghost id_cihost str__cn id_ldomaincredential str__m id_kdomainuser str__john id_adomain str__alpha id_ebshare (1)
net_use id_cwrat id_bghost id_bnhost str__bs id_ldomaincredential str__m id_kdomainuser str__john id_adomain str__alpha id_edshare (1)
net_use id_cwrat id_bghost id_zhost str__be id_pdomaincredential str__q id_odomainuser str__patricia id_adomain str__alpha id_ecshare (1)
net_use id_cwrat id_bghost id_buhost str__bz id_ldomaincredential str__m id_kdomainuser str__john id_adomain str__alpha id_dzshare (1)
smb_copy id_cwrat id_bghost str__cx id_dzshare id_bghost id_buhost whatever id_czfile (1)
wmic id_cwrat id_bghost id_buhost id_czfile somepath id_ldomaincredential id_kdomainuser id_adomain str__alpha str__m id_dqrat (1)
smb_copy id_cwrat id_bghost str__cx id_ebshare id_bghost id_cihost whatever id_defile (1)
wmic id_dqrat id_buhost id_cihost id_defile somepath id_pdomaincredential id_odomainuser id_adomain str__alpha str__q id_dvrat (1)
smb_copy id_cwrat id_bghost str__cx id_edshare id_bghost id_bnhost whatever id_dafile (1)
wmic id_dqrat id_buhost id_bnhost id_dafile somepath id_pdomaincredential id_odomainuser id_adomain str__alpha str__q id_durat (1)
smb_copy id_cwrat id_bghost str__cx id_ecshare id_bghost id_zhost whatever id_ddfile (1)
wmic id_durat id_bnhost id_zhost id_ddfile somepath id_pdomaincredential id_odomainuser id_adomain str__alpha str__q id_dsrat (1)
creds id_durat id_bnhost id_adomain (1)
net_use id_cwrat id_bghost id_shost str__x id_ddomaincredential str__e id_cdomainuser str__james id_adomain str__alpha id_dwshare (1)
net_use id_cwrat id_bghost id_cbhost str__cg id_ldomaincredential str__m id_kdomainuser str__john id_adomain str__alpha id_dxshare (1)
smb_copy id_cwrat id_bghost str__cx id_edshare id_bghost id_bnhost whatever id_cyfile (1)
smb_copy id_cwrat id_bghost str__cx id_dxshare id_bghost id_cbhost whatever id_dffile (1)
wmic id_durat id_bnhost id_cbhost id_dffile somepath id_pdomaincredential id_odomainuser id_adomain str__alpha str__q id_drrat (1)
net_use id_cwrat id_bghost id_cphost str__cu id_ldomaincredential str__m id_kdomainuser str__john id_adomain str__alpha id_dyshare (1)
smb_copy id_cwrat id_bghost str__cx id_dyshare id_bghost id_cphost whatever id_dcfile (1)
wmic id_durat id_bnhost id_cphost id_dcfile somepath id_pdomaincredential id_odomainuser id_adomain str__alpha str__q id_dprat (1)
smb_copy id_cwrat id_bghost str__cx id_dwshare id_bghost id_shost whatever id_dbfile (1)
wmic id_durat id_bnhost id_shost id_dbfile somepath id_ddomaincredential id_cdomainuser id_adomain str__alpha str__e id_dorat (1)
Plan length: 34 step(s).
Plan cost: 34
Expanded 648 state(s).
Reopened 0 state(s).
Evaluated 1703 state(s).
Evaluations: 3406
Generated 168051 state(s).
Dead ends: 1054 state(s).
Number of registered states: 1703
Search time: 177.26s
Total time: 192.638s
Solution found.
Peak memory: 304392 KB
Running single search parser
2018-07-25 18:15:09,990 ERROR    Pattern search time limit: (\d+)s not found in /mnt/data_server/gnad/lab-data/subdominization/old_servers/f24b670/fifo-relaxed-solvable-plus-x/runs-00001-00100/00081/run.log
