INFO     Running translator.
INFO     translator input: ['domain.pddl', 'problem.pddl']
INFO     translator arguments: []
INFO     translator time limit: None
INFO     translator memory limit: None
INFO     callstring: /usr/bin/python /mnt/data_server/torralba/subdominization/training/data/training_satellite/code-70296b3db083/builds/release32/bin/translate/translate.py domain.pddl problem.pddl
Parsing...
Parsing: [0.010s CPU, 0.028s wall-clock]
Normalizing task... [0.000s CPU, 0.000s wall-clock]
Instantiating...
Generating Datalog program... [0.000s CPU, 0.001s wall-clock]
Normalizing Datalog program...
Normalizing Datalog program: [0.010s CPU, 0.058s wall-clock]
Preparing model... [0.010s CPU, 0.005s wall-clock]
Generated 31 rules.
Computing model... [0.050s CPU, 0.050s wall-clock]
1750 relevant atoms
572 auxiliary atoms
2322 final queue length
3629 total queue pushes
Completing instantiation... [0.070s CPU, 0.077s wall-clock]
Instantiating: [0.140s CPU, 0.252s wall-clock]
Computing fact groups...
Finding invariants...
12 initial candidates
Finding invariants: [0.000s CPU, 0.004s wall-clock]
Checking invariant weight... [0.000s CPU, 0.000s wall-clock]
Instantiating groups... [0.000s CPU, 0.000s wall-clock]
Collecting mutex groups... [0.000s CPU, 0.000s wall-clock]
Choosing groups...
74 uncovered facts
Choosing groups: [0.000s CPU, 0.000s wall-clock]
Building translation key... [0.000s CPU, 0.001s wall-clock]
Computing fact groups: [0.010s CPU, 0.008s wall-clock]
Building STRIPS to SAS dictionary... [0.000s CPU, 0.000s wall-clock]
Building dictionary for full mutex groups... [0.000s CPU, 0.000s wall-clock]
Building mutex information...
Building mutex information: [0.000s CPU, 0.000s wall-clock]
Translating task...
Processing axioms...
Simplifying axioms... [0.000s CPU, 0.000s wall-clock]
Processing axioms: [0.000s CPU, 0.004s wall-clock]
Translating task: [0.090s CPU, 0.080s wall-clock]
33 effect conditions simplified
0 implied preconditions added
Detecting unreachable propositions...
0 operators removed
0 axioms removed
4 propositions removed
Detecting unreachable propositions: [0.040s CPU, 0.046s wall-clock]
Translator variables: 78
Translator derived variables: 0
Translator facts: 212
Translator goal facts: 2
Translator mutex groups: 4
Translator total mutex groups size: 64
Translator operators: 1373
Translator axioms: 0
Translator task size: 5251
Translator peak memory: 49744 KB
Writing output... [0.020s CPU, 0.070s wall-clock]
Done! [0.310s CPU, 0.489s wall-clock]
INFO     Running preprocessor (release32).
INFO     preprocessor input: output.sas
INFO     preprocessor arguments: []
INFO     preprocessor time limit: None
INFO     preprocessor memory limit: None
INFO     callstring: /mnt/data_server/torralba/subdominization/training/data/training_satellite/code-70296b3db083/builds/release32/bin/preprocess < output.sas
Building causal graph...
The causal graph is not acyclic.
27 variables of 78 necessary
0 of 4 mutex groups necessary.
1013 of 1373 operators necessary.
0 of 0 axiom rules necessary.
Initializing mutex computation...
Mutex computation initialized with 110 fluents.
iteration for mutex detection and operator pruning
Initialize m_index fw
Initialized mvalues forward: reached=729, notReached=10365, spurious=1006
Initialize m_ops fw
Computing mutexes...
Mutex computation finished with reached=11050, notReached=44, spurious=1006
0 operators are spurious because were not triggered
H^2 mutexes added fw: 44, unreachable: 0
0 of 1013 operators detected as spurious
iteration for mutex detection and operator pruning
Initialize m_index bw
Init values regression
Initialized mvalues backward: reached=8028, notReached=3022, spurious=1050
Initialize m_ops bw
Computing mutexes...
Mutex computation finished with reached=11050, notReached=0, spurious=1050
0 operators are spurious because were not triggered
H^2 mutexes added bw: 0, unreachable: 0
0 of 1013 operators detected as spurious
Total mutex and disambiguation time: 0.037676 iterations: 2
22 of 22 mutex groups necessary.
1013 of 1013 operators necessary.
0 of 0 axiom rules necessary.
Change id of operators: 1013
Change id of mutexes
Change id of goals
Change id of initial state
Remove unreachable facts from variables: 27
22 of 22 mutex groups necessary.
1013 of 1013 operators necessary.
0 of 0 axiom rules necessary.
Updating causal graph and pruning unnecessary facts
27 variables of 27 of 78 necessary
The causal graph is not acyclic.
27 variables of 27 necessary
22 of 22 mutex groups necessary.
1013 of 1013 operators necessary.
0 of 0 axiom rules necessary.
Building domain transition graphs...
solveable in poly time 0
Building successor generator...
Preprocessor variables: 27
Preprocessor facts: 110
Preprocessor derived variables: 0
Preprocessor operators: 1013
Preprocessor mutex groups: 22
Preprocessor task size: 3289
Writing output...
Preprocessor time: 0.0688369s
Preprocessor peak memory: 2752 KB
done
INFO     Running search (release32).
INFO     search input: output
INFO     search arguments: ['--search', 'sbd(store_operators_in_optimal_plan=true, cost_type=1)']
INFO     search time limit: 3600s
INFO     search memory limit: 4096 MB
INFO     search executable: /mnt/data_server/torralba/subdominization/training/data/training_satellite/code-70296b3db083/builds/release32/bin/downward
INFO     callstring: /mnt/data_server/torralba/subdominization/training/data/training_satellite/code-70296b3db083/builds/release32/bin/downward --search 'sbd(store_operators_in_optimal_plan=true, cost_type=1)' --internal-plan-file sas_plan < output
time limit 3600.00 -> (3600, 3601)
reading input... [t=0.000153584s]
done reading input! [t=0.00718402s]
packing state variables...done! [t=0.00719807s]
Variables: 27
FactPairs: 110
Bytes per state: 8
Building successor generator...done! [t=0.00783027s]
done initalizing global data [t=0.00783792s]
TR(time=60000, nodes=100000)
Mutex(time=60000, nodes=100000, type=edeletion)
Aux(time=2000, nodes=1000000)
Disj(nodes=2147483647)
Estimation: min_time(1000) time_penalty +(1000)*(2) nodes_penalty +(1000)*(2)
MaxStep(time=30000, nodes=100000000, nodes_per_planning_second=100)
Ratio useful: 0
   Min alloted time: 60000 nodes: 10000000
   Max alloted time: 60000 nodes: 15000000
   Mult alloted time: 2 nodes: 2
   Ratio after relax: 0.8
building causal graph...done! [t=0.000154159s]
Sym variable order: 4 6 8 5 7 0 9 15 12 11 13 1 14 26 10 3 25 21 24 22 23 2 19 16 20 18 17 
Initializing Symbolic Variables
Num variables: 27 => 39
Initialize Symbolic Manager(78, 205128, 16000000, 0)
Generating binary variables
Symbolic Variables... Done.
BOUND: 1 < 2147483647, total time: 0.48409s
BOUND: 2 < 2147483647, total time: 0.48443s
BOUND: 3 < 2147483647, total time: 0.48498s
BOUND: 4 < 2147483647, total time: 0.485737s
Solution found with cost 4 total time: 0.486249s
Merging: 1
2 0.490579 1 40
Merging: 1
1 0.501659 1 40
Merging: 1
2 0.510038 1 40
Merging: 1
1 0.515744 1 40
BOUND: 4 < 4, total time: 0.519511s
Actual search time: 0.0356535s [t=0.519782s]
switch_on instrument1 satellite0 (1)
calibrate satellite0 instrument1 groundstation9 (1)
turn_to satellite0 star15 groundstation9 (1)
take_image satellite0 star15 instrument1 thermograph1 (1)
Plan length: 4 step(s).
Plan cost: 4
Bytes per state: 8
Search time: 0.0544361s
Total time: 0.519792s
Solution found.
Peak memory: 225296 KB
Running single search parser
