INFO     Running translator.
INFO     translator input: ['domain.pddl', 'problem.pddl']
INFO     translator arguments: []
INFO     translator time limit: None
INFO     translator memory limit: None
INFO     callstring: /usr/bin/python /mnt/data_server/torralba/subdominization/training/data/training_tpp/code-70296b3db083/builds/release32/bin/translate/translate.py domain.pddl problem.pddl
Parsing...
Parsing: [0.010s CPU, 0.012s wall-clock]
Normalizing task... [0.000s CPU, 0.000s wall-clock]
Instantiating...
Generating Datalog program... [0.000s CPU, 0.002s wall-clock]
Normalizing Datalog program...
Normalizing Datalog program: [0.000s CPU, 0.011s wall-clock]
Preparing model... [0.010s CPU, 0.005s wall-clock]
Generated 45 rules.
Computing model... [0.030s CPU, 0.030s wall-clock]
655 relevant atoms
1473 auxiliary atoms
2128 final queue length
2472 total queue pushes
Completing instantiation... [0.020s CPU, 0.018s wall-clock]
Instantiating: [0.060s CPU, 0.087s wall-clock]
Computing fact groups...
Finding invariants...
18 initial candidates
Finding invariants: [0.000s CPU, 0.008s wall-clock]
Checking invariant weight... [0.010s CPU, 0.001s wall-clock]
Instantiating groups... [0.000s CPU, 0.009s wall-clock]
Collecting mutex groups... [0.000s CPU, 0.001s wall-clock]
Choosing groups...
110 uncovered facts
Choosing groups: [0.000s CPU, 0.001s wall-clock]
Building translation key... [0.000s CPU, 0.001s wall-clock]
Computing fact groups: [0.020s CPU, 0.025s wall-clock]
Building STRIPS to SAS dictionary... [0.000s CPU, 0.000s wall-clock]
Building dictionary for full mutex groups... [0.000s CPU, 0.000s wall-clock]
Building mutex information...
Building mutex information: [0.000s CPU, 0.001s wall-clock]
Translating task...
Processing axioms...
Simplifying axioms... [0.000s CPU, 0.000s wall-clock]
Processing axioms: [0.000s CPU, 0.001s wall-clock]
Translating task: [0.020s CPU, 0.015s wall-clock]
0 effect conditions simplified
0 implied preconditions added
Detecting unreachable propositions...
0 operators removed
0 axioms removed
287 propositions removed
Detecting unreachable propositions: [0.010s CPU, 0.008s wall-clock]
Translator variables: 67
Translator derived variables: 0
Translator facts: 185
Translator goal facts: 11
Translator mutex groups: 67
Translator total mutex groups size: 185
Translator operators: 242
Translator axioms: 0
Translator task size: 1834
Translator peak memory: 45768 KB
Writing output... [0.000s CPU, 0.008s wall-clock]
Done! [0.120s CPU, 0.159s wall-clock]
INFO     Running preprocessor (release32).
INFO     preprocessor input: output.sas
INFO     preprocessor arguments: []
INFO     preprocessor time limit: None
INFO     preprocessor memory limit: None
INFO     callstring: /mnt/data_server/torralba/subdominization/training/data/training_tpp/code-70296b3db083/builds/release32/bin/preprocess < output.sas
Building causal graph...
The causal graph is not acyclic.
67 variables of 67 necessary
0 of 67 mutex groups necessary.
242 of 242 operators necessary.
0 of 0 axiom rules necessary.
Initializing mutex computation...
Mutex computation initialized with 185 fluents.
iteration for mutex detection and operator pruning
Initialize m_index fw
Initialized mvalues forward: reached=4489, notReached=29356, spurious=380
Initialize m_ops fw
Computing mutexes...
Mutex computation finished with reached=26233, notReached=7612, spurious=380
66 operators are spurious because were not triggered
Unreachable proposition: Atom ready-to-load(goods9, market1, level2)
Unreachable proposition: Atom ready-to-load(goods9, market2, level2)
Unreachable proposition: Atom ready-to-load(goods8, market1, level2)
Unreachable proposition: Atom ready-to-load(goods8, market2, level2)
Unreachable proposition: Atom ready-to-load(goods7, market2, level2)
Unreachable proposition: Atom ready-to-load(goods7, market4, level2)
Unreachable proposition: Atom ready-to-load(goods6, market2, level2)
Unreachable proposition: Atom ready-to-load(goods6, market5, level2)
Unreachable proposition: Atom ready-to-load(goods5, market2, level2)
Unreachable proposition: Atom ready-to-load(goods5, market3, level2)
Unreachable proposition: Atom ready-to-load(goods4, market2, level2)
Unreachable proposition: Atom ready-to-load(goods4, market3, level2)
Unreachable proposition: Atom ready-to-load(goods3, market2, level2)
Unreachable proposition: Atom ready-to-load(goods3, market3, level2)
Unreachable proposition: Atom ready-to-load(goods2, market2, level2)
Unreachable proposition: Atom ready-to-load(goods2, market7, level2)
Unreachable proposition: Atom ready-to-load(goods11, market2, level2)
Unreachable proposition: Atom ready-to-load(goods11, market4, level2)
Unreachable proposition: Atom ready-to-load(goods10, market2, level2)
Unreachable proposition: Atom ready-to-load(goods10, market5, level2)
Unreachable proposition: Atom ready-to-load(goods1, market1, level2)
Unreachable proposition: Atom ready-to-load(goods1, market2, level2)
H^2 mutexes added fw: 44, unreachable: 22
0 of 176 operators detected as spurious
iteration for mutex detection and operator pruning
Initialize m_index bw
Init values regression
Initialized mvalues backward: reached=19611, notReached=6622, spurious=7992
Initialize m_ops bw
Computing mutexes...
Mutex computation finished with reached=24648, notReached=1585, spurious=7992
20 operators are spurious because were not triggered
Unreachable proposition: Atom stored(goods6, level2)
Unreachable proposition: Atom stored(goods5, level2)
Unreachable proposition: Atom stored(goods4, level2)
Unreachable proposition: Atom stored(goods3, level2)
Unreachable proposition: Atom stored(goods10, level2)
H^2 mutexes added bw: 0, unreachable: 5
0 of 156 operators detected as spurious
iteration for mutex detection and operator pruning
Initialize m_index fw
Initialized mvalues forward: reached=4489, notReached=20159, spurious=9577
Initialize m_ops fw
Computing mutexes...
Mutex computation finished with reached=24648, notReached=0, spurious=9577
0 operators are spurious because were not triggered
H^2 mutexes added fw: 0, unreachable: 0
0 of 156 operators detected as spurious
Total mutex and disambiguation time: 0.016931 iterations: 3
22 of 22 mutex groups necessary.
156 of 242 operators necessary.
0 of 0 axiom rules necessary.
Change id of operators: 156
Change id of mutexes
Change id of goals
Change id of initial state
Remove unreachable facts from variables: 67
22 of 22 mutex groups necessary.
156 of 156 operators necessary.
0 of 0 axiom rules necessary.
Updating causal graph and pruning unnecessary facts
67 variables of 67 of 67 necessary
The causal graph is not acyclic.
67 variables of 67 necessary
22 of 22 mutex groups necessary.
156 of 156 operators necessary.
0 of 0 axiom rules necessary.
Building domain transition graphs...
solveable in poly time 0
Building successor generator...
Preprocessor variables: 67
Preprocessor facts: 158
Preprocessor derived variables: 0
Preprocessor operators: 156
Preprocessor mutex groups: 22
Preprocessor task size: 1150
Writing output...
Preprocessor time: 0.0273594s
Preprocessor peak memory: 2364 KB
done
INFO     Running search (release32).
INFO     search input: output
INFO     search arguments: ['--search', 'sbd(store_operators_in_optimal_plan=true, cost_type=1)']
INFO     search time limit: 3600s
INFO     search memory limit: 4096 MB
INFO     search executable: /mnt/data_server/torralba/subdominization/training/data/training_tpp/code-70296b3db083/builds/release32/bin/downward
INFO     callstring: /mnt/data_server/torralba/subdominization/training/data/training_tpp/code-70296b3db083/builds/release32/bin/downward --search 'sbd(store_operators_in_optimal_plan=true, cost_type=1)' --internal-plan-file sas_plan < output
time limit 3600.00 -> (3600, 3601)
reading input... [t=0.000146019s]
done reading input! [t=0.00216156s]
packing state variables...done! [t=0.00218177s]
Variables: 67
FactPairs: 158
Bytes per state: 12
Building successor generator...done! [t=0.00255909s]
done initalizing global data [t=0.00256371s]
TR(time=60000, nodes=100000)
Mutex(time=60000, nodes=100000, type=edeletion)
Aux(time=2000, nodes=1000000)
Disj(nodes=2147483647)
Estimation: min_time(1000) time_penalty +(1000)*(2) nodes_penalty +(1000)*(2)
MaxStep(time=30000, nodes=100000000, nodes_per_planning_second=100)
Ratio useful: 0
   Min alloted time: 60000 nodes: 10000000
   Max alloted time: 60000 nodes: 15000000
   Mult alloted time: 2 nodes: 2
   Ratio after relax: 0.8
building causal graph...done! [t=0.000214428s]
Sym variable order: 25 27 30 29 28 26 55 57 60 59 58 56 50 52 53 54 51 49 1 3 5 6 4 2 44 46 48 47 45 43 38 40 41 0 42 39 37 7 9 11 12 10 8 14 16 17 18 15 13 19 21 23 24 22 20 61 63 66 65 64 62 32 34 35 36 33 31 
Initializing Symbolic Variables
Num variables: 67 => 87
Initialize Symbolic Manager(174, 91954, 16000000, 0)
Generating binary variables
Symbolic Variables... Done.
BOUND: 1 < 2147483647, total time: 0.638186s
BOUND: 2 < 2147483647, total time: 0.638437s
BOUND: 3 < 2147483647, total time: 0.639123s
BOUND: 4 < 2147483647, total time: 0.639335s
BOUND: 5 < 2147483647, total time: 0.639831s
BOUND: 6 < 2147483647, total time: 0.640582s
BOUND: 7 < 2147483647, total time: 0.641779s
BOUND: 8 < 2147483647, total time: 0.643025s
BOUND: 9 < 2147483647, total time: 0.645317s
BOUND: 10 < 2147483647, total time: 0.64754s
BOUND: 11 < 2147483647, total time: 0.653994s
BOUND: 12 < 2147483647, total time: 0.65785s
BOUND: 13 < 2147483647, total time: 0.663979s
BOUND: 14 < 2147483647, total time: 0.675289s
BOUND: 15 < 2147483647, total time: 0.684918s
BOUND: 16 < 2147483647, total time: 0.704191s
BOUND: 17 < 2147483647, total time: 0.717769s
BOUND: 18 < 2147483647, total time: 0.749607s
BOUND: 19 < 2147483647, total time: 0.769328s
BOUND: 20 < 2147483647, total time: 0.794625s
BOUND: 21 < 2147483647, total time: 0.848104s
BOUND: 22 < 2147483647, total time: 0.886057s
BOUND: 23 < 2147483647, total time: 0.968086s
BOUND: 24 < 2147483647, total time: 1.01808s
BOUND: 25 < 2147483647, total time: 1.08264s
BOUND: 26 < 2147483647, total time: 1.21447s
BOUND: 27 < 2147483647, total time: 1.30571s
BOUND: 28 < 2147483647, total time: 1.49705s
BOUND: 29 < 2147483647, total time: 1.61061s
BOUND: 30 < 2147483647, total time: 1.7375s
BOUND: 31 < 2147483647, total time: 2.0249s
BOUND: 32 < 2147483647, total time: 2.19844s
BOUND: 33 < 2147483647, total time: 2.37959s
BOUND: 34 < 2147483647, total time: 2.77777s
BOUND: 35 < 2147483647, total time: 2.99909s
BOUND: 36 < 2147483647, total time: 3.2234s
BOUND: 37 < 2147483647, total time: 3.77614s
BOUND: 38 < 2147483647, total time: 4.0421s
BOUND: 39 < 2147483647, total time: 4.3371s
BOUND: 40 < 2147483647, total time: 4.64613s
BOUND: 41 < 2147483647, total time: 4.96427s
BOUND: 42 < 2147483647, total time: 5.29356s
BOUND: 43 < 2147483647, total time: 6.23685s
BOUND: 44 < 2147483647, total time: 6.67725s
BOUND: 45 < 2147483647, total time: 7.03897s
BOUND: 46 < 2147483647, total time: 7.42231s
BOUND: 47 < 2147483647, total time: 7.80645s
BOUND: 48 < 2147483647, total time: 8.20643s
BOUND: 49 < 2147483647, total time: 8.61741s
BOUND: 50 < 2147483647, total time: 9.03288s
BOUND: 51 < 2147483647, total time: 9.45685s
BOUND: 52 < 2147483647, total time: 9.89062s
BOUND: 53 < 2147483647, total time: 10.3204s
BOUND: 54 < 2147483647, total time: 10.7583s
BOUND: 55 < 2147483647, total time: 11.1954s
BOUND: 56 < 2147483647, total time: 11.6385s
Solution found with cost 56 total time: 11.9163s
Merging: 1
40 11.9724 1 193
Merging: 11
39 11.9785 1 88
Merging: 1
38 11.9805 1 88
Merging: 1
37 11.9833 1 88
Merging: 1
36 11.9863 1 88
Merging: 2
35 11.989 1 89
Merging: 13
34 11.9926 1 248
Merging: 26
33 12.004 1 416
Merging: 26
32 12.0231 1 520
Merging: 24
31 12.0467 1 582
Merging: 23
30 12.0723 1 661
Merging: 24
29 12.1028 1 800
Merging: 24
28 12.1397 1 929
Merging: 24
27 12.182 1 1053
Merging: 24
26 12.2287 1 1156
Merging: 24
25 12.2824 1 1250
Merging: 24
24 12.342 1 1312
Merging: 24
23 12.4045 1 1357
Merging: 24
22 12.4687 1 1375
Merging: 24
21 12.5341 1 1372
Merging: 24
20 12.5978 1 1348
Merging: 24
19 12.6618 1 1297
Merging: 24
18 12.7213 1 1225
Merging: 24
17 12.778 1 1131
Merging: 24
16 12.8283 1 1025
Merging: 24
15 12.87 1 898
Merging: 24
14 12.9069 1 766
Merging: 22
13 12.939 1 639
Merging: 23
12 12.965 1 562
Merging: 24
11 12.9877 1 502
Merging: 26
10 13.0073 1 394
Merging: 26
9 13.0227 1 227
Merging: 13
8 13.0306 1 89
Merging: 2
7 13.034 1 88
Merging: 3
6 13.0369 1 142
Merging: 6
5 13.0417 1 195
Merging: 6
4 13.0483 1 196
Merging: 6
3 13.0553 1 195
Merging: 6
2 13.0612 1 140
Merging: 3
1 13.0653 1 88
Merging: 1
16 13.068 1 193
Merging: 17
15 13.0718 1 291
Merging: 17
14 13.0755 1 377
Merging: 17
13 13.0799 1 451
Merging: 17
12 13.0847 1 507
Merging: 17
11 13.0898 1 558
Merging: 17
10 13.0949 1 589
Merging: 17
9 13.1001 1 616
Merging: 17
8 13.1053 1 616
Merging: 17
7 13.1101 1 590
Merging: 17
6 13.1145 1 558
Merging: 17
5 13.1184 1 508
Merging: 17
4 13.122 1 453
Merging: 17
3 13.1253 1 379
Merging: 17
2 13.1278 1 293
Merging: 17
1 13.1293 1 195
BOUND: 56 < 56, total time: 13.13s
Actual search time: 12.6351s [t=13.2734s]
drive truck1 depot1 market1 (1)
buy truck1 goods9 market1 level0 level1 level0 level1 (1)
load goods9 truck1 market1 level0 level1 level0 level1 (1)
buy truck1 goods8 market1 level0 level1 level0 level1 (1)
load goods8 truck1 market1 level0 level1 level0 level1 (1)
buy truck1 goods1 market1 level0 level1 level0 level1 (1)
load goods1 truck1 market1 level0 level1 level0 level1 (1)
drive truck1 market1 market4 (1)
buy truck1 goods7 market4 level0 level1 level0 level1 (1)
load goods7 truck1 market4 level0 level1 level0 level1 (1)
buy truck1 goods11 market4 level0 level1 level0 level1 (1)
load goods11 truck1 market4 level0 level1 level0 level1 (1)
drive truck1 market4 market2 (1)
buy truck1 goods9 market2 level0 level1 level0 level1 (1)
load goods9 truck1 market2 level0 level1 level1 level2 (1)
buy truck1 goods8 market2 level0 level1 level0 level1 (1)
load goods8 truck1 market2 level0 level1 level1 level2 (1)
buy truck1 goods7 market2 level0 level1 level0 level1 (1)
load goods7 truck1 market2 level0 level1 level1 level2 (1)
buy truck1 goods6 market2 level0 level1 level0 level1 (1)
load goods6 truck1 market2 level0 level1 level0 level1 (1)
buy truck1 goods5 market2 level0 level1 level0 level1 (1)
load goods5 truck1 market2 level0 level1 level0 level1 (1)
buy truck1 goods4 market2 level0 level1 level0 level1 (1)
load goods4 truck1 market2 level0 level1 level0 level1 (1)
buy truck1 goods3 market2 level0 level1 level0 level1 (1)
load goods3 truck1 market2 level0 level1 level0 level1 (1)
buy truck1 goods2 market2 level0 level1 level0 level1 (1)
load goods2 truck1 market2 level0 level1 level0 level1 (1)
buy truck1 goods11 market2 level0 level1 level0 level1 (1)
load goods11 truck1 market2 level0 level1 level1 level2 (1)
buy truck1 goods10 market2 level0 level1 level0 level1 (1)
load goods10 truck1 market2 level0 level1 level0 level1 (1)
buy truck1 goods1 market2 level0 level1 level0 level1 (1)
load goods1 truck1 market2 level0 level1 level1 level2 (1)
drive truck1 market2 market7 (1)
buy truck1 goods2 market7 level0 level1 level0 level1 (1)
load goods2 truck1 market7 level0 level1 level1 level2 (1)
drive truck1 market7 depot2 (1)
unload goods1 truck1 depot2 level1 level2 level0 level1 (1)
unload goods1 truck1 depot2 level0 level1 level1 level2 (1)
unload goods10 truck1 depot2 level0 level1 level0 level1 (1)
unload goods11 truck1 depot2 level1 level2 level0 level1 (1)
unload goods11 truck1 depot2 level0 level1 level1 level2 (1)
unload goods2 truck1 depot2 level1 level2 level0 level1 (1)
unload goods2 truck1 depot2 level0 level1 level1 level2 (1)
unload goods3 truck1 depot2 level0 level1 level0 level1 (1)
unload goods4 truck1 depot2 level0 level1 level0 level1 (1)
unload goods5 truck1 depot2 level0 level1 level0 level1 (1)
unload goods6 truck1 depot2 level0 level1 level0 level1 (1)
unload goods7 truck1 depot2 level1 level2 level0 level1 (1)
unload goods7 truck1 depot2 level0 level1 level1 level2 (1)
unload goods8 truck1 depot2 level1 level2 level0 level1 (1)
unload goods8 truck1 depot2 level0 level1 level1 level2 (1)
unload goods9 truck1 depot2 level1 level2 level0 level1 (1)
unload goods9 truck1 depot2 level0 level1 level1 level2 (1)
Plan length: 56 step(s).
Plan cost: 56
Bytes per state: 12
Search time: 12.6536s
Total time: 13.2734s
Solution found.
Peak memory: 319740 KB
Running single search parser
