INFO     Running translator.
INFO     translator input: ['domain.pddl', 'problem.pddl']
INFO     translator arguments: []
INFO     translator time limit: None
INFO     translator memory limit: None
INFO     callstring: /usr/bin/python /mnt/data_server/torralba/subdominization/training/data/training_blocksworld/code-70296b3db083/builds/release32/bin/translate/translate.py domain.pddl problem.pddl
Parsing...
Parsing: [0.010s CPU, 0.006s wall-clock]
Normalizing task... [0.000s CPU, 0.000s wall-clock]
Instantiating...
Generating Datalog program... [0.000s CPU, 0.000s wall-clock]
Normalizing Datalog program...
Normalizing Datalog program: [0.000s CPU, 0.003s wall-clock]
Preparing model... [0.000s CPU, 0.001s wall-clock]
Generated 18 rules.
Computing model... [0.020s CPU, 0.021s wall-clock]
1009 relevant atoms
297 auxiliary atoms
1306 final queue length
2921 total queue pushes
Completing instantiation... [0.040s CPU, 0.047s wall-clock]
Instantiating: [0.060s CPU, 0.083s wall-clock]
Computing fact groups...
Finding invariants...
7 initial candidates
Finding invariants: [0.000s CPU, 0.002s wall-clock]
Checking invariant weight... [0.010s CPU, 0.000s wall-clock]
Instantiating groups... [0.000s CPU, 0.001s wall-clock]
Collecting mutex groups... [0.000s CPU, 0.000s wall-clock]
Choosing groups...
9 uncovered facts
Choosing groups: [0.000s CPU, 0.001s wall-clock]
Building translation key... [0.000s CPU, 0.000s wall-clock]
Computing fact groups: [0.010s CPU, 0.005s wall-clock]
Building STRIPS to SAS dictionary... [0.000s CPU, 0.000s wall-clock]
Building dictionary for full mutex groups... [0.000s CPU, 0.000s wall-clock]
Building mutex information...
Building mutex information: [0.000s CPU, 0.000s wall-clock]
Translating task...
Processing axioms...
Simplifying axioms... [0.000s CPU, 0.000s wall-clock]
Processing axioms: [0.000s CPU, 0.003s wall-clock]
Translating task: [0.050s CPU, 0.053s wall-clock]
657 effect conditions simplified
0 implied preconditions added
Detecting unreachable propositions...
0 operators removed
0 axioms removed
9 propositions removed
Detecting unreachable propositions: [0.020s CPU, 0.023s wall-clock]
Translator variables: 18
Translator derived variables: 0
Translator facts: 108
Translator goal facts: 6
Translator mutex groups: 18
Translator total mutex groups size: 180
Translator operators: 729
Translator axioms: 0
Translator task size: 5109
Translator peak memory: 48764 KB
Writing output... [0.010s CPU, 0.036s wall-clock]
Done! [0.170s CPU, 0.210s wall-clock]
INFO     Running preprocessor (release32).
INFO     preprocessor input: output.sas
INFO     preprocessor arguments: []
INFO     preprocessor time limit: None
INFO     preprocessor memory limit: None
INFO     callstring: /mnt/data_server/torralba/subdominization/training/data/training_blocksworld/code-70296b3db083/builds/release32/bin/preprocess < output.sas
Building causal graph...
The causal graph is not acyclic.
18 variables of 18 necessary
9 of 18 mutex groups necessary.
729 of 729 operators necessary.
0 of 0 axiom rules necessary.
Initializing mutex computation...
Mutex computation initialized with 108 fluents.
iteration for mutex detection and operator pruning
Initialize m_index fw
Initialized mvalues forward: reached=324, notReached=9702, spurious=1638
Initialize m_ops fw
Computing mutexes...
Mutex computation finished with reached=9954, notReached=72, spurious=1638
0 operators are spurious because were not triggered
H^2 mutexes added fw: 72, unreachable: 0
0 of 729 operators detected as spurious
iteration for mutex detection and operator pruning
Initialize m_index bw
Init values regression
Initialized mvalues backward: reached=820, notReached=9134, spurious=1710
Initialize m_ops bw
Computing mutexes...
Mutex computation finished with reached=8743, notReached=1211, spurious=1710
63 operators are spurious because were not triggered
Unreachable proposition: Atom on(b4, b4)
Unreachable proposition: Atom on(b1, b1)
Unreachable proposition: Atom on(b2, b2)
Unreachable proposition: Atom on(b3, b3)
Unreachable proposition: Atom on(b7, b7)
Unreachable proposition: Atom on(b8, b8)
Unreachable proposition: Atom on(b9, b9)
H^2 mutexes added bw: 0, unreachable: 7
0 of 666 operators detected as spurious
iteration for mutex detection and operator pruning
Initialize m_index fw
Initialized mvalues forward: reached=324, notReached=8419, spurious=2921
Initialize m_ops fw
Computing mutexes...
Mutex computation finished with reached=8743, notReached=0, spurious=2921
0 operators are spurious because were not triggered
H^2 mutexes added fw: 0, unreachable: 0
0 of 666 operators detected as spurious
Total mutex and disambiguation time: 0.04764 iterations: 3
45 of 45 mutex groups necessary.
666 of 729 operators necessary.
0 of 0 axiom rules necessary.
Change id of operators: 666
Change id of mutexes
Change id of goals
Change id of initial state
Remove unreachable facts from variables: 18
45 of 45 mutex groups necessary.
666 of 666 operators necessary.
0 of 0 axiom rules necessary.
Updating causal graph and pruning unnecessary facts
18 variables of 18 of 18 necessary
The causal graph is not acyclic.
18 variables of 18 necessary
45 of 45 mutex groups necessary.
666 of 666 operators necessary.
0 of 0 axiom rules necessary.
Building domain transition graphs...
solveable in poly time 0
Building successor generator...
Preprocessor variables: 18
Preprocessor facts: 101
Preprocessor derived variables: 0
Preprocessor operators: 666
Preprocessor mutex groups: 45
Preprocessor task size: 4706
Writing output...
Preprocessor time: 0.0762654s
Preprocessor peak memory: 2656 KB
done
INFO     Running search (release32).
INFO     search input: output
INFO     search arguments: ['--search', 'sbd(store_operators_in_optimal_plan=true, cost_type=1)']
INFO     search time limit: 3600s
INFO     search memory limit: 4096 MB
INFO     search executable: /mnt/data_server/torralba/subdominization/training/data/training_blocksworld/code-70296b3db083/builds/release32/bin/downward
INFO     callstring: /mnt/data_server/torralba/subdominization/training/data/training_blocksworld/code-70296b3db083/builds/release32/bin/downward --search 'sbd(store_operators_in_optimal_plan=true, cost_type=1)' --internal-plan-file sas_plan < output
time limit 3600.00 -> (3600, 3601)
reading input... [t=0.000115757s]
done reading input! [t=0.0064098s]
packing state variables...done! [t=0.00643889s]
Variables: 18
FactPairs: 101
Bytes per state: 8
Building successor generator...done! [t=0.00771626s]
done initalizing global data [t=0.00772358s]
TR(time=60000, nodes=100000)
Mutex(time=60000, nodes=100000, type=edeletion)
Aux(time=2000, nodes=1000000)
Disj(nodes=2147483647)
Estimation: min_time(1000) time_penalty +(1000)*(2) nodes_penalty +(1000)*(2)
MaxStep(time=30000, nodes=100000000, nodes_per_planning_second=100)
Ratio useful: 0
   Min alloted time: 60000 nodes: 10000000
   Max alloted time: 60000 nodes: 15000000
   Mult alloted time: 2 nodes: 2
   Ratio after relax: 0.8
building causal graph...done! [t=0.000695314s]
Sym variable order: 0 1 2 14 12 5 6 7 8 9 10 11 4 3 13 15 16 17 
Initializing Symbolic Variables
Num variables: 18 => 45
Initialize Symbolic Manager(90, 177777, 16000000, 0)
Generating binary variables
Symbolic Variables... Done.
BOUND: 1 < 2147483647, total time: 1.55725s
BOUND: 2 < 2147483647, total time: 1.55938s
BOUND: 3 < 2147483647, total time: 1.56264s
BOUND: 4 < 2147483647, total time: 1.56501s
BOUND: 5 < 2147483647, total time: 1.56952s
BOUND: 6 < 2147483647, total time: 1.57548s
Solution found with cost 6 total time: 1.58711s
Merging: 1
2 1.60472 1 68
Merging: 2
1 1.61709 1 61
Merging: 1
4 1.62738 1 68
Merging: 1
3 1.63159 1 68
Merging: 1
2 1.63511 1 68
Merging: 1
1 1.63859 1 68
BOUND: 6 < 6, total time: 1.64197s
Actual search time: 0.0835608s [t=1.64224s]
move-b-to-t b6 b2 (1)
move-b-to-b b2 b1 b6 (1)
move-t-to-b b1 b8 (1)
move-t-to-b b7 b1 (1)
move-b-to-b b9 b5 b7 (1)
move-b-to-b b2 b6 b9 (1)
Plan length: 6 step(s).
Plan cost: 6
Bytes per state: 8
Search time: 1.30582s
Total time: 1.64225s
Solution found.
Peak memory: 284596 KB
Running single search parser
