INFO     Running translator.
INFO     translator input: ['domain.pddl', 'problem.pddl']
INFO     translator arguments: []
INFO     translator time limit: None
INFO     translator memory limit: None
INFO     callstring: /usr/bin/python /mnt/data_server/torralba/subdominization/training/data/training_satellite/code-70296b3db083/builds/release32/bin/translate/translate.py domain.pddl problem.pddl
Parsing...
Parsing: [0.020s CPU, 0.123s wall-clock]
Normalizing task... [0.000s CPU, 0.000s wall-clock]
Instantiating...
Generating Datalog program... [0.000s CPU, 0.001s wall-clock]
Normalizing Datalog program...
Normalizing Datalog program: [0.000s CPU, 3.267s wall-clock]
Preparing model... [0.000s CPU, 0.001s wall-clock]
Generated 31 rules.
Computing model... [0.020s CPU, 0.019s wall-clock]
813 relevant atoms
229 auxiliary atoms
1042 final queue length
1604 total queue pushes
Completing instantiation... [0.020s CPU, 0.023s wall-clock]
Instantiating: [0.040s CPU, 3.361s wall-clock]
Computing fact groups...
Finding invariants...
12 initial candidates
Finding invariants: [0.010s CPU, 0.003s wall-clock]
Checking invariant weight... [0.000s CPU, 0.000s wall-clock]
Instantiating groups... [0.000s CPU, 0.000s wall-clock]
Collecting mutex groups... [0.000s CPU, 0.000s wall-clock]
Choosing groups...
44 uncovered facts
Choosing groups: [0.000s CPU, 0.000s wall-clock]
Building translation key... [0.000s CPU, 0.000s wall-clock]
Computing fact groups: [0.010s CPU, 0.004s wall-clock]
Building STRIPS to SAS dictionary... [0.000s CPU, 0.000s wall-clock]
Building dictionary for full mutex groups... [0.000s CPU, 0.000s wall-clock]
Building mutex information...
Building mutex information: [0.000s CPU, 0.000s wall-clock]
Translating task...
Processing axioms...
Simplifying axioms... [0.000s CPU, 0.000s wall-clock]
Processing axioms: [0.000s CPU, 0.001s wall-clock]
Translating task: [0.020s CPU, 0.020s wall-clock]
15 effect conditions simplified
0 implied preconditions added
Detecting unreachable propositions...
0 operators removed
0 axioms removed
2 propositions removed
Detecting unreachable propositions: [0.010s CPU, 0.012s wall-clock]
Translator variables: 46
Translator derived variables: 0
Translator facts: 120
Translator goal facts: 1
Translator mutex groups: 2
Translator total mutex groups size: 32
Translator operators: 602
Translator axioms: 0
Translator task size: 2228
Translator peak memory: 45756 KB
Writing output... [0.000s CPU, 0.053s wall-clock]
Done! [0.100s CPU, 3.576s wall-clock]
INFO     Running preprocessor (release32).
INFO     preprocessor input: output.sas
INFO     preprocessor arguments: []
INFO     preprocessor time limit: None
INFO     preprocessor memory limit: None
INFO     callstring: /mnt/data_server/torralba/subdominization/training/data/training_satellite/code-70296b3db083/builds/release32/bin/preprocess < output.sas
Building causal graph...
The causal graph is not acyclic.
14 variables of 46 necessary
0 of 2 mutex groups necessary.
509 of 602 operators necessary.
0 of 0 axiom rules necessary.
Initializing mutex computation...
Mutex computation initialized with 56 fluents.
iteration for mutex detection and operator pruning
Initialize m_index fw
Initialized mvalues forward: reached=196, notReached=2436, spurious=504
Initialize m_ops fw
Computing mutexes...
Mutex computation finished with reached=2614, notReached=18, spurious=504
0 operators are spurious because were not triggered
H^2 mutexes added fw: 18, unreachable: 0
0 of 509 operators detected as spurious
iteration for mutex detection and operator pruning
Initialize m_index bw
Init values regression
Initialized mvalues backward: reached=2505, notReached=109, spurious=522
Initialize m_ops bw
Computing mutexes...
Mutex computation finished with reached=2614, notReached=0, spurious=522
0 operators are spurious because were not triggered
H^2 mutexes added bw: 0, unreachable: 0
0 of 509 operators detected as spurious
Total mutex and disambiguation time: 0.0114 iterations: 2
9 of 9 mutex groups necessary.
509 of 509 operators necessary.
0 of 0 axiom rules necessary.
Change id of operators: 509
Change id of mutexes
Change id of goals
Change id of initial state
Remove unreachable facts from variables: 14
9 of 9 mutex groups necessary.
509 of 509 operators necessary.
0 of 0 axiom rules necessary.
Updating causal graph and pruning unnecessary facts
14 variables of 14 of 46 necessary
The causal graph is not acyclic.
14 variables of 14 necessary
9 of 9 mutex groups necessary.
509 of 509 operators necessary.
0 of 0 axiom rules necessary.
Building domain transition graphs...
solveable in poly time 0
Building successor generator...
Preprocessor variables: 14
Preprocessor facts: 56
Preprocessor derived variables: 0
Preprocessor operators: 509
Preprocessor mutex groups: 9
Preprocessor task size: 1653
Writing output...
Preprocessor time: 0.0288596s
Preprocessor peak memory: 2392 KB
done
INFO     Running search (release32).
INFO     search input: output
INFO     search arguments: ['--search', 'sbd(store_operators_in_optimal_plan=true, cost_type=1)']
INFO     search time limit: 3600s
INFO     search memory limit: 4096 MB
INFO     search executable: /mnt/data_server/torralba/subdominization/training/data/training_satellite/code-70296b3db083/builds/release32/bin/downward
INFO     callstring: /mnt/data_server/torralba/subdominization/training/data/training_satellite/code-70296b3db083/builds/release32/bin/downward --search 'sbd(store_operators_in_optimal_plan=true, cost_type=1)' --internal-plan-file sas_plan < output
time limit 3600.00 -> (3600, 3601)
reading input... [t=0.00012s]
done reading input! [t=0.00305434s]
packing state variables...done! [t=0.00306498s]
Variables: 14
FactPairs: 56
Bytes per state: 4
Building successor generator...done! [t=0.00330092s]
done initalizing global data [t=0.00330431s]
TR(time=60000, nodes=100000)
Mutex(time=60000, nodes=100000, type=edeletion)
Aux(time=2000, nodes=1000000)
Disj(nodes=2147483647)
Estimation: min_time(1000) time_penalty +(1000)*(2) nodes_penalty +(1000)*(2)
MaxStep(time=30000, nodes=100000000, nodes_per_planning_second=100)
Ratio useful: 0
   Min alloted time: 60000 nodes: 10000000
   Max alloted time: 60000 nodes: 15000000
   Mult alloted time: 2 nodes: 2
   Ratio after relax: 0.8
building causal graph...done! [t=7.393e-05s]
Sym variable order: 3 4 5 2 6 0 13 1 11 9 12 8 10 7 
Initializing Symbolic Variables
Num variables: 14 => 20
Initialize Symbolic Manager(40, 400000, 16000000, 0)
Generating binary variables
Symbolic Variables... Done.
BOUND: 1 < 2147483647, total time: 0.310474s
BOUND: 2 < 2147483647, total time: 0.310631s
BOUND: 3 < 2147483647, total time: 0.31082s
BOUND: 4 < 2147483647, total time: 0.310984s
BOUND: 5 < 2147483647, total time: 0.311216s
Solution found with cost 5 total time: 0.311398s
Merging: 1
2 0.314184 1 61
Merging: 17
1 0.321179 1 53
Merging: 1
3 0.327201 1 61
Merging: 15
2 0.331077 1 60
Merging: 13
1 0.334081 1 45
BOUND: 5 < 5, total time: 0.336262s
Actual search time: 0.0260059s [t=0.336509s]
turn_to satellite0 groundstation9 groundstation3 (1)
switch_on instrument0 satellite0 (1)
calibrate satellite0 instrument0 groundstation9 (1)
turn_to satellite0 star15 groundstation9 (1)
take_image satellite0 star15 instrument0 infrared1 (1)
Plan length: 5 step(s).
Plan cost: 5
Bytes per state: 4
Search time: 0.0326065s
Total time: 0.336519s
Solution found.
Peak memory: 227528 KB
Running single search parser
