INFO     Running translator.
INFO     translator input: ['domain.pddl', 'problem.pddl']
INFO     translator arguments: []
INFO     translator time limit: None
INFO     translator memory limit: None
INFO     callstring: /usr/bin/python /mnt/data_server/torralba/subdominization/training/data/training_depots/code-70296b3db083/builds/release32/bin/translate/translate.py domain.pddl problem.pddl
Parsing...
Parsing: [0.010s CPU, 0.007s wall-clock]
Normalizing task... [0.000s CPU, 0.000s wall-clock]
Instantiating...
Generating Datalog program... [0.000s CPU, 0.001s wall-clock]
Normalizing Datalog program...
Normalizing Datalog program: [0.000s CPU, 0.005s wall-clock]
Preparing model... [0.010s CPU, 0.003s wall-clock]
Generated 43 rules.
Computing model... [0.040s CPU, 0.039s wall-clock]
777 relevant atoms
724 auxiliary atoms
1501 final queue length
2709 total queue pushes
Completing instantiation... [0.060s CPU, 0.059s wall-clock]
Instantiating: [0.110s CPU, 0.112s wall-clock]
Computing fact groups...
Finding invariants...
16 initial candidates
Finding invariants: [0.020s CPU, 0.016s wall-clock]
Checking invariant weight... [0.000s CPU, 0.001s wall-clock]
Instantiating groups... [0.000s CPU, 0.007s wall-clock]
Collecting mutex groups... [0.000s CPU, 0.000s wall-clock]
Choosing groups...
22 uncovered facts
Choosing groups: [0.000s CPU, 0.001s wall-clock]
Building translation key... [0.000s CPU, 0.001s wall-clock]
Computing fact groups: [0.030s CPU, 0.029s wall-clock]
Building STRIPS to SAS dictionary... [0.000s CPU, 0.000s wall-clock]
Building dictionary for full mutex groups... [0.000s CPU, 0.001s wall-clock]
Building mutex information...
Building mutex information: [0.000s CPU, 0.001s wall-clock]
Translating task...
Processing axioms...
Simplifying axioms... [0.000s CPU, 0.000s wall-clock]
Processing axioms: [0.000s CPU, 0.003s wall-clock]
Translating task: [0.070s CPU, 0.069s wall-clock]
624 effect conditions simplified
0 implied preconditions added
Detecting unreachable propositions...
0 operators removed
0 axioms removed
30 propositions removed
Detecting unreachable propositions: [0.030s CPU, 0.032s wall-clock]
Translator variables: 28
Translator derived variables: 0
Translator facts: 156
Translator goal facts: 5
Translator mutex groups: 28
Translator total mutex groups size: 286
Translator operators: 480
Translator axioms: 0
Translator task size: 4507
Translator peak memory: 47932 KB
Writing output... [0.010s CPU, 0.086s wall-clock]
Done! [0.260s CPU, 0.340s wall-clock]
INFO     Running preprocessor (release32).
INFO     preprocessor input: output.sas
INFO     preprocessor arguments: []
INFO     preprocessor time limit: None
INFO     preprocessor memory limit: None
INFO     callstring: /mnt/data_server/torralba/subdominization/training/data/training_depots/code-70296b3db083/builds/release32/bin/preprocess < output.sas
Building causal graph...
The causal graph is not acyclic.
28 variables of 28 necessary
20 of 28 mutex groups necessary.
480 of 480 operators necessary.
0 of 0 axiom rules necessary.
Initializing mutex computation...
Mutex computation initialized with 156 fluents.
iteration for mutex detection and operator pruning
Initialize m_index fw
Initialized mvalues forward: reached=784, notReached=20884, spurious=2668
Initialize m_ops fw
Computing mutexes...
Mutex computation finished with reached=21314, notReached=354, spurious=2668
72 operators are spurious because were not triggered
H^2 mutexes added fw: 354, unreachable: 0
0 of 408 operators detected as spurious
iteration for mutex detection and operator pruning
Initialize m_index bw
Init values regression
Initialized mvalues backward: reached=3231, notReached=18083, spurious=3022
Initialize m_ops bw
Computing mutexes...
Mutex computation finished with reached=21314, notReached=0, spurious=3022
0 operators are spurious because were not triggered
H^2 mutexes added bw: 0, unreachable: 0
0 of 408 operators detected as spurious
Total mutex and disambiguation time: 0.040714 iterations: 2
197 of 197 mutex groups necessary.
408 of 480 operators necessary.
0 of 0 axiom rules necessary.
Change id of operators: 408
Change id of mutexes
Change id of goals
Change id of initial state
Remove unreachable facts from variables: 28
197 of 197 mutex groups necessary.
408 of 408 operators necessary.
0 of 0 axiom rules necessary.
Updating causal graph and pruning unnecessary facts
28 variables of 28 of 28 necessary
The causal graph is not acyclic.
28 variables of 28 necessary
197 of 197 mutex groups necessary.
408 of 408 operators necessary.
0 of 0 axiom rules necessary.
Building domain transition graphs...
solveable in poly time 0
Building successor generator...
Preprocessor variables: 28
Preprocessor facts: 156
Preprocessor derived variables: 0
Preprocessor operators: 408
Preprocessor mutex groups: 197
Preprocessor task size: 4043
Writing output...
Preprocessor time: 0.0883879s
Preprocessor peak memory: 2756 KB
done
INFO     Running search (release32).
INFO     search input: output
INFO     search arguments: ['--search', 'sbd(store_operators_in_optimal_plan=true, cost_type=1)']
INFO     search time limit: 3600s
INFO     search memory limit: 4096 MB
INFO     search executable: /mnt/data_server/torralba/subdominization/training/data/training_depots/code-70296b3db083/builds/release32/bin/downward
INFO     callstring: /mnt/data_server/torralba/subdominization/training/data/training_depots/code-70296b3db083/builds/release32/bin/downward --search 'sbd(store_operators_in_optimal_plan=true, cost_type=1)' --internal-plan-file sas_plan < output
time limit 3600.00 -> (3600, 3601)
reading input... [t=0.000141938s]
done reading input! [t=0.00807859s]
packing state variables...done! [t=0.00810909s]
Variables: 28
FactPairs: 156
Bytes per state: 8
Building successor generator...done! [t=0.00939354s]
done initalizing global data [t=0.00940543s]
TR(time=60000, nodes=100000)
Mutex(time=60000, nodes=100000, type=edeletion)
Aux(time=2000, nodes=1000000)
Disj(nodes=2147483647)
Estimation: min_time(1000) time_penalty +(1000)*(2) nodes_penalty +(1000)*(2)
MaxStep(time=30000, nodes=100000000, nodes_per_planning_second=100)
Ratio useful: 0
   Min alloted time: 60000 nodes: 10000000
   Max alloted time: 60000 nodes: 15000000
   Mult alloted time: 2 nodes: 2
   Ratio after relax: 0.8
building causal graph...done! [t=0.00108029s]
Sym variable order: 0 1 15 14 17 21 25 6 23 27 26 11 9 12 7 8 16 22 18 19 20 10 13 24 3 2 4 5 
Initializing Symbolic Variables
Num variables: 28 => 60
Initialize Symbolic Manager(120, 133333, 16000000, 0)
Generating binary variables
Symbolic Variables... Done.
BOUND: 1 < 2147483647, total time: 1.09118s
BOUND: 2 < 2147483647, total time: 1.09228s
BOUND: 3 < 2147483647, total time: 1.09666s
BOUND: 4 < 2147483647, total time: 1.09748s
BOUND: 5 < 2147483647, total time: 1.09863s
BOUND: 6 < 2147483647, total time: 1.10078s
BOUND: 7 < 2147483647, total time: 1.10525s
BOUND: 8 < 2147483647, total time: 1.12524s
BOUND: 9 < 2147483647, total time: 1.13512s
BOUND: 10 < 2147483647, total time: 1.15771s
BOUND: 11 < 2147483647, total time: 1.20093s
BOUND: 12 < 2147483647, total time: 1.3302s
BOUND: 13 < 2147483647, total time: 1.40917s
BOUND: 14 < 2147483647, total time: 1.54535s
BOUND: 15 < 2147483647, total time: 1.77581s
BOUND: 16 < 2147483647, total time: 2.41013s
BOUND: 17 < 2147483647, total time: 2.83291s
BOUND: 18 < 2147483647, total time: 3.31317s
BOUND: 19 < 2147483647, total time: 4.10711s
BOUND: 20 < 2147483647, total time: 4.86377s
BOUND: 21 < 2147483647, total time: 5.93712s
BOUND: 22 < 2147483647, total time: 7.75389s
BOUND: 23 < 2147483647, total time: 9.44425s
BOUND: 24 < 2147483647, total time: 11.7914s
BOUND: 25 < 2147483647, total time: 15.6085s
BOUND: 26 < 2147483647, total time: 19.6791s
Solution found with cost 26 total time: 24.7842s
Merging: 1
19 24.8986 1 1710
Merging: 32
18 25.2093 1 1664
Merging: 34
17 25.4855 1 1573
Merging: 36
16 25.7464 1 1442
Merging: 28
15 25.9584 1 1192
Merging: 30
14 26.1421 1 1123
Merging: 30
13 26.3102 1 1096
Merging: 30
12 26.4607 1 1044
Merging: 24
11 26.6012 1 1144
Merging: 22
10 26.7626 1 1121
Merging: 18
9 26.9283 1 1043
Merging: 17
8 27.0846 1 963
Merging: 14
7 27.2242 1 770
Merging: 12
6 27.3262 1 512
Merging: 11
5 27.3867 1 316
Merging: 8
4 27.4177 1 209
Merging: 7
3 27.4401 1 193
Merging: 6
2 27.4613 1 192
Merging: 5
1 27.4835 1 155
Merging: 1
7 27.4999 1 1710
Merging: 32
6 27.5384 1 1742
Merging: 28
5 27.5705 1 1597
Merging: 28
4 27.6002 1 1244
Merging: 24
3 27.6239 1 930
Merging: 17
2 27.6409 1 601
Merging: 10
1 27.6523 1 280
BOUND: 26 < 26, total time: 27.6583s
Actual search time: 26.6319s [t=27.7238s]
lift hoist0 crate4 crate2 depot0 (1)
load hoist0 crate4 truck0 depot0 (1)
lift hoist0 crate2 crate1 depot0 (1)
load hoist0 crate2 truck0 depot0 (1)
lift hoist0 crate1 pallet0 depot0 (1)
load hoist0 crate1 truck1 depot0 (1)
lift hoist2 crate5 crate0 distributor0 (1)
drive truck1 depot0 distributor0 (1)
load hoist2 crate5 truck1 distributor0 (1)
lift hoist2 crate0 pallet2 distributor0 (1)
load hoist2 crate0 truck1 distributor0 (1)
unload hoist2 crate1 truck1 distributor0 (1)
drive truck1 distributor0 depot0 (1)
unload hoist0 crate0 truck1 depot0 (1)
lift hoist3 crate3 pallet3 distributor1 (1)
drop hoist2 crate1 pallet2 distributor0 (1)
drop hoist0 crate0 pallet0 depot0 (1)
drive truck1 depot0 distributor1 (1)
drive truck0 depot0 depot1 (1)
load hoist3 crate3 truck1 distributor1 (1)
unload hoist1 crate4 truck0 depot1 (1)
drop hoist1 crate4 pallet1 depot1 (1)
unload hoist1 crate2 truck0 depot1 (1)
drop hoist1 crate2 crate4 depot1 (1)
unload hoist3 crate5 truck1 distributor1 (1)
drop hoist3 crate5 pallet3 distributor1 (1)
Plan length: 26 step(s).
Plan cost: 26
Bytes per state: 8
Search time: 27.2004s
Total time: 27.7239s
Solution found.
Peak memory: 558788 KB
Running single search parser
