INFO     Running translator.
INFO     translator input: ['domain.pddl', 'problem.pddl']
INFO     translator arguments: []
INFO     translator time limit: None
INFO     translator memory limit: None
INFO     callstring: /usr/bin/python /mnt/data_server/torralba/subdominization/training/data/training_satellite/code-70296b3db083/builds/release32/bin/translate/translate.py domain.pddl problem.pddl
Parsing...
Parsing: [0.010s CPU, 0.012s wall-clock]
Normalizing task... [0.000s CPU, 0.000s wall-clock]
Instantiating...
Generating Datalog program... [0.000s CPU, 0.001s wall-clock]
Normalizing Datalog program...
Normalizing Datalog program: [0.000s CPU, 0.016s wall-clock]
Preparing model... [0.000s CPU, 0.002s wall-clock]
Generated 31 rules.
Computing model... [0.020s CPU, 0.017s wall-clock]
680 relevant atoms
165 auxiliary atoms
845 final queue length
1259 total queue pushes
Completing instantiation... [0.030s CPU, 0.026s wall-clock]
Instantiating: [0.050s CPU, 0.079s wall-clock]
Computing fact groups...
Finding invariants...
12 initial candidates
Finding invariants: [0.000s CPU, 0.003s wall-clock]
Checking invariant weight... [0.000s CPU, 0.000s wall-clock]
Instantiating groups... [0.000s CPU, 0.000s wall-clock]
Collecting mutex groups... [0.000s CPU, 0.000s wall-clock]
Choosing groups...
64 uncovered facts
Choosing groups: [0.000s CPU, 0.000s wall-clock]
Building translation key... [0.000s CPU, 0.001s wall-clock]
Computing fact groups: [0.000s CPU, 0.006s wall-clock]
Building STRIPS to SAS dictionary... [0.000s CPU, 0.000s wall-clock]
Building dictionary for full mutex groups... [0.000s CPU, 0.000s wall-clock]
Building mutex information...
Building mutex information: [0.000s CPU, 0.000s wall-clock]
Translating task...
Processing axioms...
Simplifying axioms... [0.000s CPU, 0.000s wall-clock]
Processing axioms: [0.000s CPU, 0.001s wall-clock]
Translating task: [0.030s CPU, 0.027s wall-clock]
9 effect conditions simplified
0 implied preconditions added
Detecting unreachable propositions...
0 operators removed
0 axioms removed
2 propositions removed
Detecting unreachable propositions: [0.020s CPU, 0.016s wall-clock]
Translator variables: 66
Translator derived variables: 0
Translator facts: 156
Translator goal facts: 3
Translator mutex groups: 2
Translator total mutex groups size: 28
Translator operators: 474
Translator axioms: 0
Translator task size: 1886
Translator peak memory: 45180 KB
Writing output... [0.000s CPU, 0.032s wall-clock]
Done! [0.110s CPU, 0.175s wall-clock]
INFO     Running preprocessor (release32).
INFO     preprocessor input: output.sas
INFO     preprocessor arguments: []
INFO     preprocessor time limit: None
INFO     preprocessor memory limit: None
INFO     callstring: /mnt/data_server/torralba/subdominization/training/data/training_satellite/code-70296b3db083/builds/release32/bin/preprocess < output.sas
Building causal graph...
The causal graph is not acyclic.
13 variables of 66 necessary
0 of 2 mutex groups necessary.
382 of 474 operators necessary.
0 of 0 axiom rules necessary.
Initializing mutex computation...
Mutex computation initialized with 50 fluents.
iteration for mutex detection and operator pruning
Initialize m_index fw
Initialized mvalues forward: reached=169, notReached=1945, spurious=386
Initialize m_ops fw
Computing mutexes...
Mutex computation finished with reached=2104, notReached=10, spurious=386
0 operators are spurious because were not triggered
H^2 mutexes added fw: 10, unreachable: 0
0 of 382 operators detected as spurious
iteration for mutex detection and operator pruning
Initialize m_index bw
Init values regression
Initialized mvalues backward: reached=1819, notReached=285, spurious=396
Initialize m_ops bw
Computing mutexes...
Mutex computation finished with reached=2104, notReached=0, spurious=396
0 operators are spurious because were not triggered
H^2 mutexes added bw: 0, unreachable: 0
0 of 382 operators detected as spurious
Total mutex and disambiguation time: 0.006482 iterations: 2
5 of 5 mutex groups necessary.
382 of 382 operators necessary.
0 of 0 axiom rules necessary.
Change id of operators: 382
Change id of mutexes
Change id of goals
Change id of initial state
Remove unreachable facts from variables: 13
5 of 5 mutex groups necessary.
382 of 382 operators necessary.
0 of 0 axiom rules necessary.
Updating causal graph and pruning unnecessary facts
13 variables of 13 of 66 necessary
The causal graph is not acyclic.
13 variables of 13 necessary
5 of 5 mutex groups necessary.
382 of 382 operators necessary.
0 of 0 axiom rules necessary.
Building domain transition graphs...
solveable in poly time 0
Building successor generator...
Preprocessor variables: 13
Preprocessor facts: 50
Preprocessor derived variables: 0
Preprocessor operators: 382
Preprocessor mutex groups: 5
Preprocessor task size: 1249
Writing output...
Preprocessor time: 0.0182159s
Preprocessor peak memory: 2260 KB
done
INFO     Running search (release32).
INFO     search input: output
INFO     search arguments: ['--search', 'sbd(store_operators_in_optimal_plan=true, cost_type=1)']
INFO     search time limit: 3600s
INFO     search memory limit: 4096 MB
INFO     search executable: /mnt/data_server/torralba/subdominization/training/data/training_satellite/code-70296b3db083/builds/release32/bin/downward
INFO     callstring: /mnt/data_server/torralba/subdominization/training/data/training_satellite/code-70296b3db083/builds/release32/bin/downward --search 'sbd(store_operators_in_optimal_plan=true, cost_type=1)' --internal-plan-file sas_plan < output
time limit 3600.00 -> (3600, 3601)
reading input... [t=9.4108e-05s]
done reading input! [t=0.00284022s]
packing state variables...done! [t=0.00285377s]
Variables: 13
FactPairs: 50
Bytes per state: 4
Building successor generator...done! [t=0.00307525s]
done initalizing global data [t=0.00308107s]
TR(time=60000, nodes=100000)
Mutex(time=60000, nodes=100000, type=edeletion)
Aux(time=2000, nodes=1000000)
Disj(nodes=2147483647)
Estimation: min_time(1000) time_penalty +(1000)*(2) nodes_penalty +(1000)*(2)
MaxStep(time=30000, nodes=100000000, nodes_per_planning_second=100)
Ratio useful: 0
   Min alloted time: 60000 nodes: 10000000
   Max alloted time: 60000 nodes: 15000000
   Mult alloted time: 2 nodes: 2
   Ratio after relax: 0.8
building causal graph...done! [t=7.2215e-05s]
Sym variable order: 5 10 7 11 12 1 8 6 9 0 4 3 2 
Initializing Symbolic Variables
Num variables: 13 => 19
Initialize Symbolic Manager(38, 421052, 16000000, 0)
Generating binary variables
Symbolic Variables... Done.
BOUND: 1 < 2147483647, total time: 0.335207s
BOUND: 2 < 2147483647, total time: 0.335357s
BOUND: 3 < 2147483647, total time: 0.335577s
BOUND: 4 < 2147483647, total time: 0.335807s
BOUND: 5 < 2147483647, total time: 0.336079s
BOUND: 6 < 2147483647, total time: 0.336364s
BOUND: 7 < 2147483647, total time: 0.336727s
BOUND: 8 < 2147483647, total time: 0.337054s
BOUND: 9 < 2147483647, total time: 0.337489s
Solution found with cost 9 total time: 0.337854s
Merging: 1
5 0.345112 1 32
Merging: 3
4 0.348404 1 23
Merging: 9
3 0.350885 1 22
Merging: 3
2 0.35335 1 22
Merging: 4
1 0.355856 1 30
Merging: 1
4 0.35916 1 32
Merging: 6
3 0.360768 1 32
Merging: 3
2 0.362503 1 32
Merging: 6
1 0.364285 1 32
BOUND: 9 < 9, total time: 0.365798s
Actual search time: 0.0308109s [t=0.366056s]
turn_to satellite1 groundstation2 star3 (1)
switch_on instrument2 satellite1 (1)
calibrate satellite1 instrument2 groundstation2 (1)
turn_to satellite1 planet12 groundstation2 (1)
take_image satellite1 planet12 instrument2 image3 (1)
turn_to satellite1 planet13 planet12 (1)
take_image satellite1 planet13 instrument2 image1 (1)
turn_to satellite1 star11 planet13 (1)
take_image satellite1 star11 instrument2 thermograph2 (1)
Plan length: 9 step(s).
Plan cost: 9
Bytes per state: 4
Search time: 0.0368976s
Total time: 0.366066s
Solution found.
Peak memory: 223248 KB
Running single search parser
