INFO     Running translator.
INFO     translator input: ['domain.pddl', 'problem.pddl']
INFO     translator arguments: []
INFO     translator time limit: None
INFO     translator memory limit: None
INFO     callstring: /usr/bin/python /mnt/data_server/torralba/subdominization/training/data/training_satellite/code-70296b3db083/builds/release32/bin/translate/translate.py domain.pddl problem.pddl
Parsing...
Parsing: [0.000s CPU, 0.013s wall-clock]
Normalizing task... [0.000s CPU, 0.000s wall-clock]
Instantiating...
Generating Datalog program... [0.010s CPU, 0.001s wall-clock]
Normalizing Datalog program...
Normalizing Datalog program: [0.000s CPU, 0.013s wall-clock]
Preparing model... [0.000s CPU, 0.003s wall-clock]
Generated 31 rules.
Computing model... [0.030s CPU, 0.024s wall-clock]
742 relevant atoms
274 auxiliary atoms
1016 final queue length
1516 total queue pushes
Completing instantiation... [0.030s CPU, 0.030s wall-clock]
Instantiating: [0.070s CPU, 0.077s wall-clock]
Computing fact groups...
Finding invariants...
12 initial candidates
Finding invariants: [0.000s CPU, 0.004s wall-clock]
Checking invariant weight... [0.000s CPU, 0.000s wall-clock]
Instantiating groups... [0.000s CPU, 0.000s wall-clock]
Collecting mutex groups... [0.000s CPU, 0.000s wall-clock]
Choosing groups...
36 uncovered facts
Choosing groups: [0.000s CPU, 0.000s wall-clock]
Building translation key... [0.000s CPU, 0.001s wall-clock]
Computing fact groups: [0.000s CPU, 0.006s wall-clock]
Building STRIPS to SAS dictionary... [0.000s CPU, 0.000s wall-clock]
Building dictionary for full mutex groups... [0.000s CPU, 0.000s wall-clock]
Building mutex information...
Building mutex information: [0.000s CPU, 0.000s wall-clock]
Translating task...
Processing axioms...
Simplifying axioms... [0.000s CPU, 0.000s wall-clock]
Processing axioms: [0.000s CPU, 0.001s wall-clock]
Translating task: [0.030s CPU, 0.029s wall-clock]
15 effect conditions simplified
0 implied preconditions added
Detecting unreachable propositions...
0 operators removed
0 axioms removed
4 propositions removed
Detecting unreachable propositions: [0.020s CPU, 0.017s wall-clock]
Translator variables: 40
Translator derived variables: 0
Translator facts: 116
Translator goal facts: 1
Translator mutex groups: 4
Translator total mutex groups size: 44
Translator operators: 528
Translator axioms: 0
Translator task size: 1944
Translator peak memory: 45424 KB
Writing output... [0.010s CPU, 0.013s wall-clock]
Done! [0.130s CPU, 0.158s wall-clock]
INFO     Running preprocessor (release32).
INFO     preprocessor input: output.sas
INFO     preprocessor arguments: []
INFO     preprocessor time limit: None
INFO     preprocessor memory limit: None
INFO     callstring: /mnt/data_server/torralba/subdominization/training/data/training_satellite/code-70296b3db083/builds/release32/bin/preprocess < output.sas
Building causal graph...
The causal graph is not acyclic.
14 variables of 40 necessary
0 of 4 mutex groups necessary.
349 of 528 operators necessary.
0 of 0 axiom rules necessary.
Initializing mutex computation...
Mutex computation initialized with 55 fluents.
iteration for mutex detection and operator pruning
Initialize m_index fw
Initialized mvalues forward: reached=196, notReached=2477, spurious=352
Initialize m_ops fw
Computing mutexes...
Mutex computation finished with reached=2659, notReached=14, spurious=352
0 operators are spurious because were not triggered
H^2 mutexes added fw: 14, unreachable: 0
0 of 349 operators detected as spurious
iteration for mutex detection and operator pruning
Initialize m_index bw
Init values regression
Initialized mvalues backward: reached=2552, notReached=107, spurious=366
Initialize m_ops bw
Computing mutexes...
Mutex computation finished with reached=2659, notReached=0, spurious=366
0 operators are spurious because were not triggered
H^2 mutexes added bw: 0, unreachable: 0
0 of 349 operators detected as spurious
Total mutex and disambiguation time: 0.006925 iterations: 2
7 of 7 mutex groups necessary.
349 of 349 operators necessary.
0 of 0 axiom rules necessary.
Change id of operators: 349
Change id of mutexes
Change id of goals
Change id of initial state
Remove unreachable facts from variables: 14
7 of 7 mutex groups necessary.
349 of 349 operators necessary.
0 of 0 axiom rules necessary.
Updating causal graph and pruning unnecessary facts
14 variables of 14 of 40 necessary
The causal graph is not acyclic.
14 variables of 14 necessary
7 of 7 mutex groups necessary.
349 of 349 operators necessary.
0 of 0 axiom rules necessary.
Building domain transition graphs...
solveable in poly time 0
Building successor generator...
Preprocessor variables: 14
Preprocessor facts: 55
Preprocessor derived variables: 0
Preprocessor operators: 349
Preprocessor mutex groups: 7
Preprocessor task size: 1156
Writing output...
Preprocessor time: 0.0182393s
Preprocessor peak memory: 2380 KB
done
INFO     Running search (release32).
INFO     search input: output
INFO     search arguments: ['--search', 'sbd(store_operators_in_optimal_plan=true, cost_type=1)']
INFO     search time limit: 3600s
INFO     search memory limit: 4096 MB
INFO     search executable: /mnt/data_server/torralba/subdominization/training/data/training_satellite/code-70296b3db083/builds/release32/bin/downward
INFO     callstring: /mnt/data_server/torralba/subdominization/training/data/training_satellite/code-70296b3db083/builds/release32/bin/downward --search 'sbd(store_operators_in_optimal_plan=true, cost_type=1)' --internal-plan-file sas_plan < output
time limit 3600.00 -> (3600, 3601)
reading input... [t=0.000120297s]
done reading input! [t=0.0026556s]
packing state variables...done! [t=0.00266834s]
Variables: 14
FactPairs: 55
Bytes per state: 4
Building successor generator...done! [t=0.00288511s]
done initalizing global data [t=0.00289083s]
TR(time=60000, nodes=100000)
Mutex(time=60000, nodes=100000, type=edeletion)
Aux(time=2000, nodes=1000000)
Disj(nodes=2147483647)
Estimation: min_time(1000) time_penalty +(1000)*(2) nodes_penalty +(1000)*(2)
MaxStep(time=30000, nodes=100000000, nodes_per_planning_second=100)
Ratio useful: 0
   Min alloted time: 60000 nodes: 10000000
   Max alloted time: 60000 nodes: 15000000
   Mult alloted time: 2 nodes: 2
   Ratio after relax: 0.8
building causal graph...done! [t=6.6769e-05s]
Sym variable order: 3 4 5 0 1 8 13 7 6 2 12 9 11 10 
Initializing Symbolic Variables
Num variables: 14 => 23
Initialize Symbolic Manager(46, 347826, 16000000, 0)
Generating binary variables
Symbolic Variables... Done.
BOUND: 1 < 2147483647, total time: 0.349999s
BOUND: 2 < 2147483647, total time: 0.350198s
BOUND: 3 < 2147483647, total time: 0.350463s
BOUND: 4 < 2147483647, total time: 0.35074s
Solution found with cost 4 total time: 0.350972s
Merging: 1
2 0.352356 1 38
Merging: 2
1 0.355938 1 38
Merging: 1
2 0.359073 1 38
Merging: 2
1 0.361108 1 38
BOUND: 4 < 4, total time: 0.362749s
Actual search time: 0.0129411s [t=0.362992s]
switch_on instrument0 satellite0 (1)
calibrate satellite0 instrument0 star4 (1)
turn_to satellite0 phenomenon10 star4 (1)
take_image satellite0 phenomenon10 instrument0 infrared1 (1)
Plan length: 4 step(s).
Plan cost: 4
Bytes per state: 4
Search time: 0.019168s
Total time: 0.363003s
Solution found.
Peak memory: 239664 KB
Running single search parser
