INFO     Running translator.
INFO     translator input: ['domain.pddl', 'problem.pddl']
INFO     translator arguments: ['--grounding-action-queue-ordering', 'fifo']
INFO     translator time limit: 1799.91s
INFO     translator memory limit: 4096 MB
INFO     callstring: /usr/bin/python3 /mnt/data_server/gnad/lab-data/subdominization/old_servers/f24b670/fifo-relaxed-solvable-plus-x/code-f24b670501a4/builds/release32/bin/translate/translate.py domain.pddl problem.pddl --grounding-action-queue-ordering fifo
time limit 1799.91 -> (1800, 1801)
Parsing...
Parsing: [0.020s CPU, 0.035s wall-clock]
Normalizing task... [0.000s CPU, 0.001s wall-clock]
Instantiating...
Generating Datalog program... [0.010s CPU, 0.013s wall-clock]
Normalizing Datalog program...
Normalizing Datalog program: [0.030s CPU, 0.029s wall-clock]
Preparing model... [0.030s CPU, 0.030s wall-clock]
Generated 285 rules.
Using FIFO priority queue for actions.
using default termination condition, i.e. grounding all actions.
Computing model... [138.280s CPU, 139.816s wall-clock]
no statistics available
1707897 relevant atoms
53998 auxiliary atoms
1705441 actions instantiated
1761895 final queue length
16050027 total queue pushes
Completing instantiation... [367.890s CPU, 370.383s wall-clock]
Instantiating: [507.290s CPU, 511.325s wall-clock]
Computing fact groups...
Finding invariants...
37 initial candidates
Finding invariants: [11.180s CPU, 11.233s wall-clock]
Checking invariant weight... [0.000s CPU, 0.000s wall-clock]
Instantiating groups... [0.000s CPU, 0.000s wall-clock]
Collecting mutex groups... [0.000s CPU, 0.000s wall-clock]
Choosing groups...
1097 uncovered facts
Choosing groups: [0.000s CPU, 0.000s wall-clock]
Building translation key... [0.010s CPU, 0.012s wall-clock]
Computing fact groups: [11.210s CPU, 11.269s wall-clock]
Building STRIPS to SAS dictionary... [0.010s CPU, 0.003s wall-clock]
Building dictionary for full mutex groups... [0.000s CPU, 0.002s wall-clock]
Building mutex information...
Building mutex information: [0.000s CPU, 0.003s wall-clock]
Translating task...
Processing axioms...
Simplifying axioms... [0.000s CPU, 0.000s wall-clock]
Processing axioms: [4.090s CPU, 4.112s wall-clock]
Translating task: [98.910s CPU, 99.544s wall-clock]
0 effect conditions simplified
0 implied preconditions added
Detecting unreachable propositions...
Command '['/usr/bin/python3', '/mnt/data_server/gnad/lab-data/subdominization/old_servers/f24b670/fifo-relaxed-solvable-plus-x/code-f24b670501a4/builds/release32/bin/translate/translate.py', 'domain.pddl', 'problem.pddl', '--grounding-action-queue-ordering', 'fifo']' returned non-zero exit status 1.
2018-07-25 20:16:05,466 ERROR    Pattern (\d+) of \d+ operators necessary not found in /mnt/data_server/gnad/lab-data/subdominization/old_servers/f24b670/fifo-relaxed-solvable-plus-x/runs-00001-00100/00086/run.log
2018-07-25 20:16:05,467 ERROR    Pattern (\d+) of \d+ axiom rules necessary not found in /mnt/data_server/gnad/lab-data/subdominization/old_servers/f24b670/fifo-relaxed-solvable-plus-x/runs-00001-00100/00086/run.log
Running single search parser
2018-07-25 20:16:05,619 ERROR    Pattern search time limit: (\d+)s not found in /mnt/data_server/gnad/lab-data/subdominization/old_servers/f24b670/fifo-relaxed-solvable-plus-x/runs-00001-00100/00086/run.log
2018-07-25 20:16:05,619 ERROR    Pattern search memory limit: (\d+) MB not found in /mnt/data_server/gnad/lab-data/subdominization/old_servers/f24b670/fifo-relaxed-solvable-plus-x/runs-00001-00100/00086/run.log
