INFO     Running translator.
INFO     translator input: ['domain.pddl', 'problem.pddl']
INFO     translator arguments: []
INFO     translator time limit: None
INFO     translator memory limit: None
INFO     callstring: /usr/bin/python /mnt/data_server/torralba/subdominization/training/data/training_blocksworld/code-70296b3db083/builds/release32/bin/translate/translate.py domain.pddl problem.pddl
Parsing...
Parsing: [0.000s CPU, 0.005s wall-clock]
Normalizing task... [0.000s CPU, 0.000s wall-clock]
Instantiating...
Generating Datalog program... [0.000s CPU, 0.000s wall-clock]
Normalizing Datalog program...
Normalizing Datalog program: [0.010s CPU, 0.003s wall-clock]
Preparing model... [0.000s CPU, 0.001s wall-clock]
Generated 18 rules.
Computing model... [0.020s CPU, 0.019s wall-clock]
519 relevant atoms
189 auxiliary atoms
708 final queue length
1487 total queue pushes
Completing instantiation... [0.040s CPU, 0.036s wall-clock]
Instantiating: [0.070s CPU, 0.062s wall-clock]
Computing fact groups...
Finding invariants...
7 initial candidates
Finding invariants: [0.000s CPU, 0.003s wall-clock]
Checking invariant weight... [0.000s CPU, 0.000s wall-clock]
Instantiating groups... [0.000s CPU, 0.001s wall-clock]
Collecting mutex groups... [0.000s CPU, 0.000s wall-clock]
Choosing groups...
7 uncovered facts
Choosing groups: [0.000s CPU, 0.001s wall-clock]
Building translation key... [0.000s CPU, 0.000s wall-clock]
Computing fact groups: [0.000s CPU, 0.006s wall-clock]
Building STRIPS to SAS dictionary... [0.000s CPU, 0.000s wall-clock]
Building dictionary for full mutex groups... [0.000s CPU, 0.000s wall-clock]
Building mutex information...
Building mutex information: [0.000s CPU, 0.000s wall-clock]
Translating task...
Processing axioms...
Simplifying axioms... [0.000s CPU, 0.000s wall-clock]
Processing axioms: [0.000s CPU, 0.002s wall-clock]
Translating task: [0.030s CPU, 0.036s wall-clock]
301 effect conditions simplified
0 implied preconditions added
Detecting unreachable propositions...
0 operators removed
0 axioms removed
7 propositions removed
Detecting unreachable propositions: [0.020s CPU, 0.018s wall-clock]
Translator variables: 14
Translator derived variables: 0
Translator facts: 70
Translator goal facts: 5
Translator mutex groups: 14
Translator total mutex groups size: 112
Translator operators: 343
Translator axioms: 0
Translator task size: 2420
Translator peak memory: 45672 KB
Writing output... [0.010s CPU, 0.009s wall-clock]
Done! [0.140s CPU, 0.139s wall-clock]
INFO     Running preprocessor (release32).
INFO     preprocessor input: output.sas
INFO     preprocessor arguments: []
INFO     preprocessor time limit: None
INFO     preprocessor memory limit: None
INFO     callstring: /mnt/data_server/torralba/subdominization/training/data/training_blocksworld/code-70296b3db083/builds/release32/bin/preprocess < output.sas
Building causal graph...
The causal graph is not acyclic.
14 variables of 14 necessary
7 of 14 mutex groups necessary.
343 of 343 operators necessary.
0 of 0 axiom rules necessary.
Initializing mutex computation...
Mutex computation initialized with 70 fluents.
iteration for mutex detection and operator pruning
Initialize m_index fw
Initialized mvalues forward: reached=196, notReached=3906, spurious=798
Initialize m_ops fw
Computing mutexes...
Mutex computation finished with reached=4060, notReached=42, spurious=798
0 operators are spurious because were not triggered
H^2 mutexes added fw: 42, unreachable: 0
0 of 343 operators detected as spurious
iteration for mutex detection and operator pruning
Initialize m_index bw
Init values regression
Initialized mvalues backward: reached=341, notReached=3719, spurious=840
Initialize m_ops bw
Computing mutexes...
Mutex computation finished with reached=3325, notReached=735, spurious=840
49 operators are spurious because were not triggered
Unreachable proposition: Atom on(b5, b5)
Unreachable proposition: Atom on(b7, b7)
Unreachable proposition: Atom on(b1, b1)
Unreachable proposition: Atom on(b2, b2)
Unreachable proposition: Atom on(b3, b3)
Unreachable proposition: Atom on(b4, b4)
Unreachable proposition: Atom on(b6, b6)
H^2 mutexes added bw: 0, unreachable: 7
0 of 294 operators detected as spurious
iteration for mutex detection and operator pruning
Initialize m_index fw
Initialized mvalues forward: reached=196, notReached=3129, spurious=1575
Initialize m_ops fw
Computing mutexes...
Mutex computation finished with reached=3325, notReached=0, spurious=1575
0 operators are spurious because were not triggered
H^2 mutexes added fw: 0, unreachable: 0
0 of 294 operators detected as spurious
Total mutex and disambiguation time: 0.018064 iterations: 3
28 of 28 mutex groups necessary.
294 of 343 operators necessary.
0 of 0 axiom rules necessary.
Change id of operators: 294
Change id of mutexes
Change id of goals
Change id of initial state
Remove unreachable facts from variables: 14
28 of 28 mutex groups necessary.
294 of 294 operators necessary.
0 of 0 axiom rules necessary.
Updating causal graph and pruning unnecessary facts
14 variables of 14 of 14 necessary
The causal graph is not acyclic.
14 variables of 14 necessary
28 of 28 mutex groups necessary.
294 of 294 operators necessary.
0 of 0 axiom rules necessary.
Building domain transition graphs...
solveable in poly time 0
Building successor generator...
Preprocessor variables: 14
Preprocessor facts: 63
Preprocessor derived variables: 0
Preprocessor operators: 294
Preprocessor mutex groups: 28
Preprocessor task size: 2105
Writing output...
Preprocessor time: 0.0340708s
Preprocessor peak memory: 2384 KB
done
INFO     Running search (release32).
INFO     search input: output
INFO     search arguments: ['--search', 'sbd(store_operators_in_optimal_plan=true, cost_type=1)']
INFO     search time limit: 3600s
INFO     search memory limit: 4096 MB
INFO     search executable: /mnt/data_server/torralba/subdominization/training/data/training_blocksworld/code-70296b3db083/builds/release32/bin/downward
INFO     callstring: /mnt/data_server/torralba/subdominization/training/data/training_blocksworld/code-70296b3db083/builds/release32/bin/downward --search 'sbd(store_operators_in_optimal_plan=true, cost_type=1)' --internal-plan-file sas_plan < output
time limit 3600.00 -> (3600, 3601)
reading input... [t=0.000112772s]
done reading input! [t=0.00317937s]
packing state variables...done! [t=0.00319357s]
Variables: 14
FactPairs: 63
Bytes per state: 4
Building successor generator...done! [t=0.00367579s]
done initalizing global data [t=0.00368266s]
TR(time=60000, nodes=100000)
Mutex(time=60000, nodes=100000, type=edeletion)
Aux(time=2000, nodes=1000000)
Disj(nodes=2147483647)
Estimation: min_time(1000) time_penalty +(1000)*(2) nodes_penalty +(1000)*(2)
MaxStep(time=30000, nodes=100000000, nodes_per_planning_second=100)
Ratio useful: 0
   Min alloted time: 60000 nodes: 10000000
   Max alloted time: 60000 nodes: 15000000
   Mult alloted time: 2 nodes: 2
   Ratio after relax: 0.8
building causal graph...done! [t=0.000305531s]
Sym variable order: 0 1 11 3 4 5 6 7 8 2 9 10 12 13 
Initializing Symbolic Variables
Num variables: 14 => 28
Initialize Symbolic Manager(56, 285714, 16000000, 0)
Generating binary variables
Symbolic Variables... Done.
BOUND: 1 < 2147483647, total time: 0.434977s
BOUND: 2 < 2147483647, total time: 0.435384s
BOUND: 3 < 2147483647, total time: 0.435789s
BOUND: 4 < 2147483647, total time: 0.436047s
BOUND: 5 < 2147483647, total time: 0.436536s
BOUND: 6 < 2147483647, total time: 0.43704s
BOUND: 7 < 2147483647, total time: 0.438005s
BOUND: 8 < 2147483647, total time: 0.439176s
BOUND: 9 < 2147483647, total time: 0.442051s
Solution found with cost 9 total time: 0.445511s
Merging: 1
5 0.460981 1 58
Merging: 2
4 0.464966 1 43
Merging: 1
3 0.467954 1 43
Merging: 1
2 0.470977 1 43
Merging: 2
1 0.474501 1 37
Merging: 1
4 0.477399 1 58
Merging: 3
3 0.479428 1 54
Merging: 4
2 0.481156 1 44
Merging: 4
1 0.482443 1 40
BOUND: 9 < 9, total time: 0.483421s
Actual search time: 0.0485612s [t=0.483775s]
move-b-to-t b3 b2 (1)
move-b-to-b b2 b5 b1 (1)
move-b-to-t b5 b7 (1)
move-b-to-t b7 b6 (1)
move-b-to-b b6 b4 b5 (1)
move-t-to-b b4 b6 (1)
move-t-to-b b3 b4 (1)
move-b-to-b b2 b1 b3 (1)
move-t-to-b b1 b7 (1)
Plan length: 9 step(s).
Plan cost: 9
Bytes per state: 4
Search time: 0.1326s
Total time: 0.483786s
Solution found.
Peak memory: 263928 KB
Running single search parser
