INFO     Running translator.
INFO     translator input: ['domain.pddl', 'problem.pddl']
INFO     translator arguments: []
INFO     translator time limit: None
INFO     translator memory limit: None
INFO     callstring: /usr/bin/python /mnt/data_server/torralba/subdominization/training/data/training_satellite/code-70296b3db083/builds/release32/bin/translate/translate.py domain.pddl problem.pddl
Parsing...
Parsing: [0.010s CPU, 0.014s wall-clock]
Normalizing task... [0.000s CPU, 0.000s wall-clock]
Instantiating...
Generating Datalog program... [0.000s CPU, 0.001s wall-clock]
Normalizing Datalog program...
Normalizing Datalog program: [0.000s CPU, 0.064s wall-clock]
Preparing model... [0.000s CPU, 0.002s wall-clock]
Generated 31 rules.
Computing model... [0.020s CPU, 0.017s wall-clock]
623 relevant atoms
180 auxiliary atoms
803 final queue length
1170 total queue pushes
Completing instantiation... [0.030s CPU, 0.024s wall-clock]
Instantiating: [0.050s CPU, 0.111s wall-clock]
Computing fact groups...
Finding invariants...
12 initial candidates
Finding invariants: [0.000s CPU, 0.003s wall-clock]
Checking invariant weight... [0.000s CPU, 0.000s wall-clock]
Instantiating groups... [0.000s CPU, 0.000s wall-clock]
Collecting mutex groups... [0.000s CPU, 0.000s wall-clock]
Choosing groups...
60 uncovered facts
Choosing groups: [0.000s CPU, 0.000s wall-clock]
Building translation key... [0.000s CPU, 0.001s wall-clock]
Computing fact groups: [0.000s CPU, 0.006s wall-clock]
Building STRIPS to SAS dictionary... [0.000s CPU, 0.000s wall-clock]
Building dictionary for full mutex groups... [0.000s CPU, 0.000s wall-clock]
Building mutex information...
Building mutex information: [0.000s CPU, 0.000s wall-clock]
Translating task...
Processing axioms...
Simplifying axioms... [0.000s CPU, 0.000s wall-clock]
Processing axioms: [0.000s CPU, 0.001s wall-clock]
Translating task: [0.030s CPU, 0.026s wall-clock]
15 effect conditions simplified
0 implied preconditions added
Detecting unreachable propositions...
0 operators removed
0 axioms removed
2 propositions removed
Detecting unreachable propositions: [0.010s CPU, 0.015s wall-clock]
Translator variables: 62
Translator derived variables: 0
Translator facts: 144
Translator goal facts: 6
Translator mutex groups: 2
Translator total mutex groups size: 24
Translator operators: 423
Translator axioms: 0
Translator task size: 1813
Translator peak memory: 45180 KB
Writing output... [0.010s CPU, 0.049s wall-clock]
Done! [0.110s CPU, 0.223s wall-clock]
INFO     Running preprocessor (release32).
INFO     preprocessor input: output.sas
INFO     preprocessor arguments: []
INFO     preprocessor time limit: None
INFO     preprocessor memory limit: None
INFO     callstring: /mnt/data_server/torralba/subdominization/training/data/training_satellite/code-70296b3db083/builds/release32/bin/preprocess < output.sas
Building causal graph...
The causal graph is not acyclic.
18 variables of 62 necessary
0 of 2 mutex groups necessary.
293 of 423 operators necessary.
0 of 0 axiom rules necessary.
Initializing mutex computation...
Mutex computation initialized with 56 fluents.
iteration for mutex detection and operator pruning
Initialize m_index fw
Initialized mvalues forward: reached=324, notReached=2516, spurious=296
Initialize m_ops fw
Computing mutexes...
Mutex computation finished with reached=2816, notReached=24, spurious=296
0 operators are spurious because were not triggered
H^2 mutexes added fw: 24, unreachable: 0
0 of 293 operators detected as spurious
iteration for mutex detection and operator pruning
Initialize m_index bw
Init values regression
Initialized mvalues backward: reached=1422, notReached=1394, spurious=320
Initialize m_ops bw
Computing mutexes...
Mutex computation finished with reached=2816, notReached=0, spurious=320
0 operators are spurious because were not triggered
H^2 mutexes added bw: 0, unreachable: 0
0 of 293 operators detected as spurious
Total mutex and disambiguation time: 0.006085 iterations: 2
12 of 12 mutex groups necessary.
293 of 293 operators necessary.
0 of 0 axiom rules necessary.
Change id of operators: 293
Change id of mutexes
Change id of goals
Change id of initial state
Remove unreachable facts from variables: 18
12 of 12 mutex groups necessary.
293 of 293 operators necessary.
0 of 0 axiom rules necessary.
Updating causal graph and pruning unnecessary facts
18 variables of 18 of 62 necessary
The causal graph is not acyclic.
18 variables of 18 necessary
12 of 12 mutex groups necessary.
293 of 293 operators necessary.
0 of 0 axiom rules necessary.
Building domain transition graphs...
solveable in poly time 0
Building successor generator...
Preprocessor variables: 18
Preprocessor facts: 56
Preprocessor derived variables: 0
Preprocessor operators: 293
Preprocessor mutex groups: 12
Preprocessor task size: 1031
Writing output...
Preprocessor time: 0.0167068s
Preprocessor peak memory: 2260 KB
done
INFO     Running search (release32).
INFO     search input: output
INFO     search arguments: ['--search', 'sbd(store_operators_in_optimal_plan=true, cost_type=1)']
INFO     search time limit: 3600s
INFO     search memory limit: 4096 MB
INFO     search executable: /mnt/data_server/torralba/subdominization/training/data/training_satellite/code-70296b3db083/builds/release32/bin/downward
INFO     callstring: /mnt/data_server/torralba/subdominization/training/data/training_satellite/code-70296b3db083/builds/release32/bin/downward --search 'sbd(store_operators_in_optimal_plan=true, cost_type=1)' --internal-plan-file sas_plan < output
time limit 3600.00 -> (3600, 3601)
reading input... [t=0.00015643s]
done reading input! [t=0.00245324s]
packing state variables...done! [t=0.0024661s]
Variables: 18
FactPairs: 56
Bytes per state: 4
Building successor generator...done! [t=0.00268206s]
done initalizing global data [t=0.00268786s]
TR(time=60000, nodes=100000)
Mutex(time=60000, nodes=100000, type=edeletion)
Aux(time=2000, nodes=1000000)
Disj(nodes=2147483647)
Estimation: min_time(1000) time_penalty +(1000)*(2) nodes_penalty +(1000)*(2)
MaxStep(time=30000, nodes=100000000, nodes_per_planning_second=100)
Ratio useful: 0
   Min alloted time: 60000 nodes: 10000000
   Max alloted time: 60000 nodes: 15000000
   Mult alloted time: 2 nodes: 2
   Ratio after relax: 0.8
building causal graph...done! [t=9.05e-05s]
Sym variable order: 14 15 16 1 10 17 2 9 0 8 4 11 13 12 6 7 5 3 
Initializing Symbolic Variables
Num variables: 18 => 24
Initialize Symbolic Manager(48, 333333, 16000000, 0)
Generating binary variables
Symbolic Variables... Done.
BOUND: 1 < 2147483647, total time: 0.429362s
BOUND: 2 < 2147483647, total time: 0.429548s
BOUND: 3 < 2147483647, total time: 0.429763s
BOUND: 4 < 2147483647, total time: 0.430125s
BOUND: 5 < 2147483647, total time: 0.430367s
BOUND: 6 < 2147483647, total time: 0.430653s
BOUND: 7 < 2147483647, total time: 0.430927s
BOUND: 8 < 2147483647, total time: 0.431424s
BOUND: 9 < 2147483647, total time: 0.431967s
BOUND: 10 < 2147483647, total time: 0.43285s
BOUND: 11 < 2147483647, total time: 0.433802s
BOUND: 12 < 2147483647, total time: 0.435016s
BOUND: 13 < 2147483647, total time: 0.436627s
BOUND: 14 < 2147483647, total time: 0.438499s
Solution found with cost 14 total time: 0.439824s
Merging: 1
7 0.448262 1 138
Merging: 10
6 0.456889 1 99
Merging: 20
5 0.463748 1 83
Merging: 10
4 0.469275 1 38
Merging: 10
3 0.472416 1 32
Merging: 2
2 0.474969 1 32
Merging: 4
1 0.477483 1 43
Merging: 1
7 0.480599 1 138
Merging: 20
6 0.484464 1 149
Merging: 10
5 0.488383 1 149
Merging: 20
4 0.492048 1 138
Merging: 10
3 0.495366 1 99
Merging: 20
2 0.498171 1 83
Merging: 10
1 0.500459 1 38
BOUND: 14 < 14, total time: 0.501993s
Actual search time: 0.0731136s [t=0.502525s]
turn_to satellite0 star2 phenomenon10 (1)
switch_on instrument0 satellite0 (1)
calibrate satellite0 instrument0 star2 (1)
turn_to satellite0 phenomenon8 star2 (1)
take_image satellite0 phenomenon8 instrument0 image1 (1)
turn_to satellite0 phenomenon5 phenomenon8 (1)
take_image satellite0 phenomenon5 instrument0 image3 (1)
turn_to satellite0 phenomenon9 phenomenon5 (1)
take_image satellite0 phenomenon9 instrument0 image1 (1)
turn_to satellite0 star11 phenomenon9 (1)
take_image satellite0 star11 instrument0 image1 (1)
turn_to satellite0 star7 star11 (1)
take_image satellite0 star7 instrument0 infrared2 (1)
turn_to satellite0 star0 star7 (1)
Plan length: 14 step(s).
Plan cost: 14
Bytes per state: 4
Search time: 0.0797499s
Total time: 0.502542s
Solution found.
Peak memory: 244232 KB
Running single search parser
