INFO     Running translator.
INFO     translator input: ['domain.pddl', 'problem.pddl']
INFO     translator arguments: []
INFO     translator time limit: None
INFO     translator memory limit: None
INFO     callstring: /usr/bin/python /mnt/data_server/torralba/subdominization/training/data/training_agricola/code-70296b3db083/builds/release32/bin/translate/translate.py domain.pddl problem.pddl
Parsing...
Parsing: [0.030s CPU, 0.032s wall-clock]
Normalizing task... [0.010s CPU, 0.001s wall-clock]
Instantiating...
Generating Datalog program... [0.000s CPU, 0.006s wall-clock]
Normalizing Datalog program...
Normalizing Datalog program: [0.020s CPU, 0.019s wall-clock]
Preparing model... [0.010s CPU, 0.016s wall-clock]
Generated 258 rules.
Computing model... [0.980s CPU, 0.978s wall-clock]
24375 relevant atoms
1408 auxiliary atoms
25783 final queue length
91247 total queue pushes
Completing instantiation... [5.200s CPU, 5.211s wall-clock]
Instantiating: [6.210s CPU, 6.289s wall-clock]
Computing fact groups...
Finding invariants...
44 initial candidates
Finding invariants: [0.130s CPU, 0.129s wall-clock]
Checking invariant weight... [0.000s CPU, 0.000s wall-clock]
Instantiating groups... [0.000s CPU, 0.002s wall-clock]
Collecting mutex groups... [0.000s CPU, 0.000s wall-clock]
Choosing groups...
104 uncovered facts
Choosing groups: [0.000s CPU, 0.000s wall-clock]
Building translation key... [0.000s CPU, 0.001s wall-clock]
Computing fact groups: [0.130s CPU, 0.135s wall-clock]
Building STRIPS to SAS dictionary... [0.000s CPU, 0.000s wall-clock]
Building dictionary for full mutex groups... [0.000s CPU, 0.000s wall-clock]
Building mutex information...
Building mutex information: [0.000s CPU, 0.000s wall-clock]
Translating task...
Processing axioms...
Simplifying axioms... [0.000s CPU, 0.000s wall-clock]
Processing axioms: [0.180s CPU, 0.178s wall-clock]
Translating task: [3.760s CPU, 3.782s wall-clock]
25471 effect conditions simplified
0 implied preconditions added
Detecting unreachable propositions...
0 operators removed
0 axioms removed
34 propositions removed
Detecting unreachable propositions: [2.170s CPU, 2.175s wall-clock]
Translator variables: 99
Translator derived variables: 0
Translator facts: 221
Translator goal facts: 1
Translator mutex groups: 6
Translator total mutex groups size: 35
Translator operators: 23763
Translator axioms: 0
Translator task size: 267197
Translator peak memory: 289224 KB
Writing output... [0.550s CPU, 0.628s wall-clock]
Done! [12.980s CPU, 13.166s wall-clock]
INFO     Running preprocessor (release32).
INFO     preprocessor input: output.sas
INFO     preprocessor arguments: []
INFO     preprocessor time limit: None
INFO     preprocessor memory limit: None
INFO     callstring: /mnt/data_server/torralba/subdominization/training/data/training_agricola/code-70296b3db083/builds/release32/bin/preprocess < output.sas
Building causal graph...
The causal graph is not acyclic.
93 variables of 99 necessary
0 of 6 mutex groups necessary.
23763 of 23763 operators necessary.
0 of 0 axiom rules necessary.
Initializing mutex computation...
Mutex computation initialized with 209 fluents.
iteration for mutex detection and operator pruning
Initialize m_index fw
Initialized mvalues forward: reached=8649, notReached=34536, spurious=496
Initialize m_ops fw
Computing mutexes...
Mutex computation finished with reached=38411, notReached=4774, spurious=496
16377 operators are spurious because were not triggered
Unreachable proposition: Atom harvest_phase(stage4, harvest_feeding)
Unreachable proposition: Atom harvest_phase(stage4, harvest_breeding)
H^2 mutexes added fw: 3946, unreachable: 2
0 of 7386 operators detected as spurious
iteration for mutex detection and operator pruning
Initialize m_index bw
Init values regression
Initialized mvalues backward: reached=25425, notReached=12986, spurious=5270
Initialize m_ops bw
Computing mutexes...
Mutex computation finished with reached=38393, notReached=18, spurious=5270
0 operators are spurious because were not triggered
H^2 mutexes added bw: 18, unreachable: 0
0 of 7386 operators detected as spurious
iteration for mutex detection and operator pruning
Initialize m_index fw
Initialized mvalues forward: reached=8649, notReached=29744, spurious=5288
Initialize m_ops fw
Computing mutexes...
Mutex computation finished with reached=38393, notReached=0, spurious=5288
0 operators are spurious because were not triggered
H^2 mutexes added fw: 0, unreachable: 0
0 of 7386 operators detected as spurious
Total mutex and disambiguation time: 3.43602 iterations: 3
1982 of 1982 mutex groups necessary.
7386 of 23763 operators necessary.
0 of 0 axiom rules necessary.
Change id of operators: 7386
Change id of mutexes
Change id of goals
Change id of initial state
Remove unreachable facts from variables: 93
1982 of 1982 mutex groups necessary.
7386 of 7386 operators necessary.
0 of 0 axiom rules necessary.
Updating causal graph and pruning unnecessary facts
91 variables of 93 of 99 necessary
The causal graph is not acyclic.
90 variables of 91 necessary
1931 of 1982 mutex groups necessary.
7386 of 7386 operators necessary.
0 of 0 axiom rules necessary.
Building domain transition graphs...
solveable in poly time 0
Building successor generator...
Preprocessor variables: 90
Preprocessor facts: 203
Preprocessor derived variables: 0
Preprocessor operators: 7386
Preprocessor mutex groups: 1931
Preprocessor task size: 81127
Writing output...
Preprocessor time: 4.33934s
Preprocessor peak memory: 56620 KB
done
INFO     Running search (release32).
INFO     search input: output
INFO     search arguments: ['--search', 'sbw(store_operators_in_optimal_plan=true, cost_type=1)']
INFO     search time limit: 3600s
INFO     search memory limit: 4096 MB
INFO     search executable: /mnt/data_server/torralba/subdominization/training/data/training_agricola/code-70296b3db083/builds/release32/bin/downward
INFO     callstring: /mnt/data_server/torralba/subdominization/training/data/training_agricola/code-70296b3db083/builds/release32/bin/downward --search 'sbw(store_operators_in_optimal_plan=true, cost_type=1)' --internal-plan-file sas_plan < output
time limit 3600.00 -> (3600, 3601)
reading input... [t=0.000122542s]
done reading input! [t=0.117448s]
packing state variables...done! [t=0.117492s]
Variables: 90
FactPairs: 203
Bytes per state: 16
Building successor generator...done! [t=0.154644s]
done initalizing global data [t=0.154667s]
TR(time=60000, nodes=100000)
Mutex(time=60000, nodes=100000, type=edeletion)
Aux(time=2000, nodes=1000000)
Disj(nodes=2147483647)
Estimation: min_time(1000) time_penalty +(1000)*(2) nodes_penalty +(1000)*(2)
MaxStep(time=30000, nodes=100000000, nodes_per_planning_second=100)
Ratio useful: 0
   Min alloted time: 60000 nodes: 10000000
   Max alloted time: 60000 nodes: 15000000
   Mult alloted time: 2 nodes: 2
   Ratio after relax: 0.8
building causal graph...done! [t=0.0120671s]
Sym variable order: 2 19 23 22 13 16 21 12 18 15 37 30 38 40 28 36 35 82 75 45 47 44 46 83 72 52 63 61 68 69 67 86 66 65 9 73 74 26 14 87 33 17 32 31 41 39 29 58 34 27 57 56 24 25 70 71 54 53 55 64 62 60 80 88 79 81 59 85 3 0 84 4 10 11 1 7 20 8 77 76 78 49 48 42 51 43 50 5 6 89 
Initializing Symbolic Variables
Num variables: 90 => 100
Initialize Symbolic Manager(200, 80000, 16000000, 0)
Generating binary variables
Symbolic Variables... Done.
BOUND: 1 < 2147483647, total time: 2.11412s
BOUND: 2 < 2147483647, total time: 2.12762s
BOUND: 3 < 2147483647, total time: 2.13007s
BOUND: 4 < 2147483647, total time: 2.13223s
BOUND: 5 < 2147483647, total time: 2.13489s
BOUND: 6 < 2147483647, total time: 2.13832s
BOUND: 7 < 2147483647, total time: 2.14817s
BOUND: 8 < 2147483647, total time: 2.20885s
BOUND: 9 < 2147483647, total time: 2.36866s
BOUND: 10 < 2147483647, total time: 2.62875s
BOUND: 11 < 2147483647, total time: 2.85201s
BOUND: 12 < 2147483647, total time: 3.00627s
BOUND: 13 < 2147483647, total time: 3.09513s
BOUND: 14 < 2147483647, total time: 3.22492s
BOUND: 15 < 2147483647, total time: 3.48407s
BOUND: 16 < 2147483647, total time: 3.85412s
BOUND: 17 < 2147483647, total time: 4.21089s
BOUND: 18 < 2147483647, total time: 4.44597s
BOUND: 19 < 2147483647, total time: 4.57559s
BOUND: 20 < 2147483647, total time: 4.6314s
BOUND: 21 < 2147483647, total time: 4.67556s
BOUND: 22 < 2147483647, total time: 4.73824s
BOUND: 23 < 2147483647, total time: 4.82756s
BOUND: 24 < 2147483647, total time: 4.98951s
BOUND: 25 < 2147483647, total time: 5.23246s
BOUND: 26 < 2147483647, total time: 5.56155s
BOUND: 27 < 2147483647, total time: 5.88201s
BOUND: 28 < 2147483647, total time: 6.17403s
BOUND: 29 < 2147483647, total time: 6.39255s
BOUND: 30 < 2147483647, total time: 6.54523s
BOUND: 31 < 2147483647, total time: 6.65116s
BOUND: 32 < 2147483647, total time: 6.74021s
BOUND: 33 < 2147483647, total time: 6.84342s
BOUND: 34 < 2147483647, total time: 6.96751s
BOUND: 35 < 2147483647, total time: 7.08185s
BOUND: 36 < 2147483647, total time: 7.17422s
BOUND: 37 < 2147483647, total time: 7.22454s
BOUND: 38 < 2147483647, total time: 7.24578s
BOUND: 39 < 2147483647, total time: 7.26945s
BOUND: 40 < 2147483647, total time: 7.30058s
BOUND: 41 < 2147483647, total time: 7.32225s
BOUND: 42 < 2147483647, total time: 7.32901s
BOUND: 43 < 2147483647, total time: 7.33324s
BOUND: 44 < 2147483647, total time: 7.34441s
BOUND: 45 < 2147483647, total time: 7.35609s
BOUND: 46 < 2147483647, total time: 7.36015s
BOUND: 47 < 2147483647, total time: 7.36131s
BOUND: 48 < 2147483647, total time: 7.36307s
BOUND: 49 < 2147483647, total time: 7.36648s
BOUND: 50 < 2147483647, total time: 7.36912s
BOUND: 51 < 2147483647, total time: 7.37s
BOUND: 52 < 2147483647, total time: 7.37093s
BOUND: 53 < 2147483647, total time: 7.37216s
Solution found with cost 53 total time: 7.37402s
Merging: 1
53 7.86336 1 101
Merging: 11
52 7.8893 1 342
Merging: 11
51 7.93904 1 906
Merging: 1
50 8.02563 1 906
Merging: 5
49 8.11031 1 162
Merging: 1
48 8.1353 1 162
Merging: 17
47 8.16511 1 826
Merging: 17
46 8.24544 1 2557
Merging: 1
45 8.38986 1 2557
Merging: 5
44 8.52834 1 419
Merging: 1
43 8.5583 1 419
Merging: 20
42 8.59516 1 1814
Merging: 20
41 8.71569 1 5149
Merging: 1
40 8.93876 1 5149
Merging: 5
39 9.15397 1 637
Merging: 1
38 9.18241 1 637
Merging: 21
37 9.22909 1 2898
Merging: 21
36 9.41517 1 5975
Merging: 1
35 9.73142 1 5975
Merging: 5
34 9.9818 1 694
Merging: 1
33 10.0321 1 694
Merging: 7
32 10.0812 1 710
Merging: 1
31 10.1307 1 710
Merging: 1
30 10.1781 1 710
Merging: 24
29 10.2363 1 4309
Merging: 24
28 10.4799 1 9891
Merging: 1
27 10.9381 1 9891
Merging: 5
26 11.3569 1 1035
Merging: 1
25 11.3941 1 1035
Merging: 24
24 11.4527 1 5083
Merging: 24
23 11.7133 1 11167
Merging: 1
22 12.1884 1 11167
Merging: 5
21 12.6563 1 1053
Merging: 1
20 12.6901 1 1053
Merging: 25
19 12.7582 1 5117
Merging: 49
18 13.0656 1 12867
Merging: 1
17 13.6431 1 12867
Merging: 5
16 14.1838 1 1458
Merging: 1
15 14.2443 1 1458
Merging: 7
14 14.3023 1 1520
Merging: 1
13 14.3601 1 1520
Merging: 1
12 14.414 1 1520
Merging: 65
11 14.5065 1 8496
Merging: 85
10 14.968 1 24327
Merging: 1
9 15.6546 1 24327
Merging: 5
8 16.3162 1 2229
Merging: 1
7 16.3579 1 2229
Merging: 112
6 16.4862 1 10092
Merging: 112
5 17.0453 1 23856
Merging: 2
4 17.7212 1 23855
Merging: 5
3 18.3579 1 2320
Merging: 1
2 18.4289 1 2320
Merging: 22
1 18.5018 1 2294
BOUND: 53 < 53, total time: 18.5766s
Actual search time: 16.4643s [t=18.5785s]
build_fences boar worker2 worker1 worker2 round1 (60)
collect_resource worker1 noworker worker2 round1 act_clay clay (60)
ag__finish_round_backhome round1 worker2 (1)
ag__finish_round_renew round1 noworker (1)
ag__advance_round_normal round1 round2 act_sheep (1)
build_fences boar worker2 worker1 worker2 round2 (60)
collect_animal boar act_sheep worker1 noworker worker2 round2 (60)
ag__finish_round_backhome round2 worker2 (1)
ag__finish_round_renew round2 noworker (1)
ag__advance_round_normal round2 round3 act_sow (1)
build_fences boar worker2 worker1 worker2 round3 (60)
collect_animal boar act_sheep worker1 noworker worker2 round3 (60)
ag__finish_round_backhome round3 worker2 (1)
ag__finish_round_renew round3 noworker (1)
ag__advance_round_normal round3 round4 act_family (1)
build_fences boar worker2 worker1 worker2 round4 (60)
take_food worker1 noworker worker2 round4 num3 num4 (60)
ag__finish_round_backhome round4 worker2 (1)
ag__finish_round_renew round4 noworker (1)
ag__harvest_collect_end round4 stage1 (1)
ag__harvest_feed round4 stage1 worker2 num4 num4 num0 (1)
ag__harvest_breed_end round4 stage1 (1)
ag__finish_stage stage1 stage2 round4 round5 act_boar (1)
build_fences boar worker2 worker1 worker2 round5 (60)
take_food worker1 noworker worker2 round5 num0 num1 (60)
ag__finish_round_backhome round5 worker2 (1)
ag__finish_round_renew round5 noworker (1)
ag__advance_round_normal round5 round6 act_carrot (1)
collect_resource worker2 worker1 worker2 round6 act_stone stone (60)
take_food worker1 noworker worker2 round6 num1 num2 (60)
ag__finish_round_backhome round6 worker2 (1)
ag__finish_round_renew round6 noworker (1)
ag__advance_round_normal round6 round7 act_improve (1)
improve_home worker2 worker1 worker2 round7 fireplace (60)
collect_cook_animal boar act_boar worker1 noworker worker2 round7 num2 num4 (60)
ag__finish_round_backhome round7 worker2 (1)
ag__finish_round_renew round7 noworker (1)
ag__harvest_collect_end round7 stage2 (1)
ag__harvest_feed round7 stage2 worker2 num4 num4 num0 (1)
ag__harvest_breed_end round7 stage2 (1)
ag__finish_stage stage2 stage3 round7 round8 act_cattle (1)
build_fences boar worker2 worker1 worker2 round8 (60)
collect_animal boar act_sheep worker1 noworker worker2 round8 (60)
ag__finish_round_backhome round8 worker2 (1)
ag__finish_round_renew round8 noworker (1)
ag__advance_round_normal round8 round9 void (1)
collect_cook_animal boar act_cattle worker2 worker1 worker2 round9 num0 num2 (60)
collect_cook_animal boar act_sheep worker1 noworker worker2 round9 num2 num4 (60)
ag__finish_round_backhome round9 worker2 (1)
ag__finish_round_renew round9 noworker (1)
ag__harvest_collect_end round9 stage3 (1)
ag__harvest_feed round9 stage3 worker2 num4 num4 num0 (1)
ag__harvest_breed_end round9 stage3 (1)
Plan length: 53 step(s).
Plan cost: 1115
Bytes per state: 16
Search time: 17.0944s
Total time: 18.5785s
Solution found.
Peak memory: 392596 KB
Running single search parser
