INFO     Running translator.
INFO     translator input: ['domain.pddl', 'problem.pddl']
INFO     translator arguments: []
INFO     translator time limit: None
INFO     translator memory limit: None
INFO     callstring: /usr/bin/python /mnt/data_server/torralba/subdominization/training/data/training_agricola/code-70296b3db083/builds/release32/bin/translate/translate.py domain.pddl problem.pddl
Parsing...
Parsing: [0.030s CPU, 0.041s wall-clock]
Normalizing task... [0.000s CPU, 0.001s wall-clock]
Instantiating...
Generating Datalog program... [0.010s CPU, 0.006s wall-clock]
Normalizing Datalog program...
Normalizing Datalog program: [0.010s CPU, 0.027s wall-clock]
Preparing model... [0.020s CPU, 0.016s wall-clock]
Generated 258 rules.
Computing model... [2.310s CPU, 2.323s wall-clock]
59140 relevant atoms
1704 auxiliary atoms
60844 final queue length
221347 total queue pushes
Completing instantiation... [15.590s CPU, 15.668s wall-clock]
Instantiating: [17.970s CPU, 18.638s wall-clock]
Computing fact groups...
Finding invariants...
44 initial candidates
Finding invariants: [0.240s CPU, 0.234s wall-clock]
Checking invariant weight... [0.000s CPU, 0.001s wall-clock]
Instantiating groups... [0.000s CPU, 0.002s wall-clock]
Collecting mutex groups... [0.000s CPU, 0.000s wall-clock]
Choosing groups...
124 uncovered facts
Choosing groups: [0.000s CPU, 0.000s wall-clock]
Building translation key... [0.000s CPU, 0.002s wall-clock]
Computing fact groups: [0.240s CPU, 0.241s wall-clock]
Building STRIPS to SAS dictionary... [0.000s CPU, 0.000s wall-clock]
Building dictionary for full mutex groups... [0.000s CPU, 0.000s wall-clock]
Building mutex information...
Building mutex information: [0.000s CPU, 0.000s wall-clock]
Translating task...
Processing axioms...
Simplifying axioms... [0.000s CPU, 0.000s wall-clock]
Processing axioms: [0.420s CPU, 0.422s wall-clock]
Translating task: [9.640s CPU, 9.672s wall-clock]
63383 effect conditions simplified
0 implied preconditions added
Detecting unreachable propositions...
0 operators removed
0 axioms removed
35 propositions removed
Detecting unreachable propositions: [4.680s CPU, 4.705s wall-clock]
Translator variables: 120
Translator derived variables: 0
Translator facts: 271
Translator goal facts: 1
Translator mutex groups: 7
Translator total mutex groups size: 45
Translator operators: 58457
Translator axioms: 0
Translator task size: 653644
Translator peak memory: 644032 KB
Writing output... [1.340s CPU, 1.774s wall-clock]
Done! [34.200s CPU, 35.377s wall-clock]
INFO     Running preprocessor (release32).
INFO     preprocessor input: output.sas
INFO     preprocessor arguments: []
INFO     preprocessor time limit: None
INFO     preprocessor memory limit: None
INFO     callstring: /mnt/data_server/torralba/subdominization/training/data/training_agricola/code-70296b3db083/builds/release32/bin/preprocess < output.sas
Building causal graph...
The causal graph is not acyclic.
115 variables of 120 necessary
0 of 7 mutex groups necessary.
58457 of 58457 operators necessary.
0 of 0 axiom rules necessary.
Initializing mutex computation...
Mutex computation initialized with 261 fluents.
iteration for mutex detection and operator pruning
Initialize m_index fw
Initialized mvalues forward: reached=13225, notReached=54300, spurious=596
Initialize m_ops fw
Computing mutexes...
Mutex computation finished with reached=59755, notReached=7770, spurious=596
37686 operators are spurious because were not triggered
H^2 mutexes added fw: 7770, unreachable: 0
0 of 20771 operators detected as spurious
iteration for mutex detection and operator pruning
Initialize m_index bw
Init values regression
Initialized mvalues backward: reached=36565, notReached=23190, spurious=8366
Initialize m_ops bw
Computing mutexes...
Mutex computation finished with reached=59719, notReached=36, spurious=8366
0 operators are spurious because were not triggered
H^2 mutexes added bw: 36, unreachable: 0
0 of 20771 operators detected as spurious
iteration for mutex detection and operator pruning
Initialize m_index fw
Initialized mvalues forward: reached=13225, notReached=46494, spurious=8402
Initialize m_ops fw
Computing mutexes...
Mutex computation finished with reached=59719, notReached=0, spurious=8402
0 operators are spurious because were not triggered
H^2 mutexes added fw: 0, unreachable: 0
0 of 20771 operators detected as spurious
Total mutex and disambiguation time: 14.1919 iterations: 3
3903 of 3903 mutex groups necessary.
20771 of 58457 operators necessary.
0 of 0 axiom rules necessary.
Change id of operators: 20771
Change id of mutexes
Change id of goals
Change id of initial state
Remove unreachable facts from variables: 115
3903 of 3903 mutex groups necessary.
20771 of 20771 operators necessary.
0 of 0 axiom rules necessary.
Updating causal graph and pruning unnecessary facts
115 variables of 115 of 120 necessary
The causal graph is not acyclic.
115 variables of 115 necessary
3903 of 3903 mutex groups necessary.
20771 of 20771 operators necessary.
0 of 0 axiom rules necessary.
Building domain transition graphs...
solveable in poly time 0
Building successor generator...
Preprocessor variables: 115
Preprocessor facts: 261
Preprocessor derived variables: 0
Preprocessor operators: 20771
Preprocessor mutex groups: 3903
Preprocessor task size: 226346
Writing output...
Preprocessor time: 16.9026s
Preprocessor peak memory: 195732 KB
done
INFO     Running search (release32).
INFO     search input: output
INFO     search arguments: ['--search', 'sbw(store_operators_in_optimal_plan=true, cost_type=1)']
INFO     search time limit: 3600s
INFO     search memory limit: 4096 MB
INFO     search executable: /mnt/data_server/torralba/subdominization/training/data/training_agricola/code-70296b3db083/builds/release32/bin/downward
INFO     callstring: /mnt/data_server/torralba/subdominization/training/data/training_agricola/code-70296b3db083/builds/release32/bin/downward --search 'sbw(store_operators_in_optimal_plan=true, cost_type=1)' --internal-plan-file sas_plan < output
time limit 3600.00 -> (3600, 3601)
reading input... [t=0.000121164s]
done reading input! [t=0.328692s]
packing state variables...done! [t=0.328736s]
Variables: 115
FactPairs: 261
Bytes per state: 16
Building successor generator...done! [t=0.4568s]
done initalizing global data [t=0.456829s]
TR(time=60000, nodes=100000)
Mutex(time=60000, nodes=100000, type=edeletion)
Aux(time=2000, nodes=1000000)
Disj(nodes=2147483647)
Estimation: min_time(1000) time_penalty +(1000)*(2) nodes_penalty +(1000)*(2)
MaxStep(time=30000, nodes=100000000, nodes_per_planning_second=100)
Ratio useful: 0
   Min alloted time: 60000 nodes: 10000000
   Max alloted time: 60000 nodes: 15000000
   Mult alloted time: 2 nodes: 2
   Ratio after relax: 0.8
building causal graph...done! [t=0.0306521s]
Sym variable order: 0 4 17 23 28 25 26 29 20 16 19 30 22 42 56 54 55 40 37 50 52 53 58 51 107 106 73 75 72 74 76 108 103 93 92 94 83 85 111 18 11 88 89 87 32 112 104 105 81 21 45 41 43 46 44 82 59 49 39 47 57 48 27 80 95 96 77 79 78 36 33 38 35 84 86 34 91 100 102 101 110 113 90 109 3 1 10 24 13 15 14 12 31 2 9 97 99 98 66 71 63 64 62 65 60 68 67 69 70 61 8 5 6 114 7 
Initializing Symbolic Variables
Num variables: 115 => 127
Initialize Symbolic Manager(254, 62992, 16000000, 0)
Generating binary variables
Symbolic Variables... Done.
BOUND: 1 < 2147483647, total time: 3.55979s
BOUND: 2 < 2147483647, total time: 3.58316s
BOUND: 3 < 2147483647, total time: 3.58754s
BOUND: 4 < 2147483647, total time: 3.59163s
BOUND: 5 < 2147483647, total time: 3.59732s
BOUND: 6 < 2147483647, total time: 3.60479s
BOUND: 7 < 2147483647, total time: 3.62464s
BOUND: 8 < 2147483647, total time: 3.74585s
BOUND: 9 < 2147483647, total time: 4.15768s
BOUND: 10 < 2147483647, total time: 4.95942s
BOUND: 11 < 2147483647, total time: 5.99151s
BOUND: 12 < 2147483647, total time: 7.39211s
BOUND: 13 < 2147483647, total time: 8.2554s
BOUND: 14 < 2147483647, total time: 8.69915s
BOUND: 15 < 2147483647, total time: 9.26449s
BOUND: 16 < 2147483647, total time: 10.3513s
BOUND: 17 < 2147483647, total time: 11.7307s
BOUND: 18 < 2147483647, total time: 13.2183s
BOUND: 19 < 2147483647, total time: 14.5393s
BOUND: 20 < 2147483647, total time: 15.5881s
BOUND: 21 < 2147483647, total time: 16.8486s
BOUND: 22 < 2147483647, total time: 17.1131s
BOUND: 23 < 2147483647, total time: 17.3461s
BOUND: 24 < 2147483647, total time: 17.7471s
BOUND: 25 < 2147483647, total time: 18.3626s
BOUND: 26 < 2147483647, total time: 19.2893s
BOUND: 27 < 2147483647, total time: 20.6028s
BOUND: 28 < 2147483647, total time: 22.4004s
BOUND: 29 < 2147483647, total time: 24.28s
BOUND: 30 < 2147483647, total time: 27.3371s
BOUND: 31 < 2147483647, total time: 29.2215s
BOUND: 32 < 2147483647, total time: 30.9567s
BOUND: 33 < 2147483647, total time: 32.8003s
BOUND: 34 < 2147483647, total time: 34.6228s
BOUND: 35 < 2147483647, total time: 36.9023s
BOUND: 36 < 2147483647, total time: 38.0989s
BOUND: 37 < 2147483647, total time: 39.6795s
BOUND: 38 < 2147483647, total time: 41.5967s
BOUND: 39 < 2147483647, total time: 43.7259s
BOUND: 40 < 2147483647, total time: 46.4637s
BOUND: 41 < 2147483647, total time: 47.6515s
BOUND: 42 < 2147483647, total time: 48.2051s
BOUND: 43 < 2147483647, total time: 48.8637s
BOUND: 44 < 2147483647, total time: 50.2069s
BOUND: 45 < 2147483647, total time: 52.3711s
BOUND: 46 < 2147483647, total time: 55.6519s
BOUND: 47 < 2147483647, total time: 57.106s
BOUND: 48 < 2147483647, total time: 58.3323s
BOUND: 49 < 2147483647, total time: 59.664s
BOUND: 50 < 2147483647, total time: 61.6512s
BOUND: 51 < 2147483647, total time: 65.5957s
BOUND: 52 < 2147483647, total time: 67.9235s
BOUND: 53 < 2147483647, total time: 70.0118s
BOUND: 54 < 2147483647, total time: 71.586s
BOUND: 55 < 2147483647, total time: 72.6304s
BOUND: 56 < 2147483647, total time: 75.1266s
BOUND: 57 < 2147483647, total time: 76.3039s
BOUND: 58 < 2147483647, total time: 77.6908s
BOUND: 59 < 2147483647, total time: 78.9806s
BOUND: 60 < 2147483647, total time: 80.0656s
BOUND: 61 < 2147483647, total time: 80.9419s
BOUND: 62 < 2147483647, total time: 81.5073s
BOUND: 63 < 2147483647, total time: 81.9862s
BOUND: 64 < 2147483647, total time: 82.4076s
BOUND: 65 < 2147483647, total time: 84.1207s
BOUND: 66 < 2147483647, total time: 84.4142s
BOUND: 67 < 2147483647, total time: 84.657s
BOUND: 68 < 2147483647, total time: 84.937s
BOUND: 69 < 2147483647, total time: 85.312s
BOUND: 70 < 2147483647, total time: 85.7486s
BOUND: 71 < 2147483647, total time: 86.217s
BOUND: 72 < 2147483647, total time: 86.6843s
BOUND: 73 < 2147483647, total time: 87.0636s
BOUND: 74 < 2147483647, total time: 87.3374s
BOUND: 75 < 2147483647, total time: 87.5449s
BOUND: 76 < 2147483647, total time: 87.7235s
BOUND: 77 < 2147483647, total time: 87.9158s
BOUND: 78 < 2147483647, total time: 88.0506s
BOUND: 79 < 2147483647, total time: 88.1356s
Solution found with cost 79 total time: 88.1844s
Merging: 1
79 90.3936 1 128
Merging: 11
78 90.473 1 408
Merging: 11
77 90.6254 1 1060
Merging: 1
76 90.8942 1 1060
Merging: 6
75 91.1454 1 196
Merging: 1
74 91.22 1 196
Merging: 17
73 91.2953 1 802
Merging: 17
72 91.4874 1 1579
Merging: 1
71 91.7691 1 1579
Merging: 6
70 92.0954 1 267
Merging: 1
69 92.1749 1 267
Merging: 20
68 92.2684 1 1366
Merging: 20
67 92.5248 1 2825
Merging: 1
66 92.9011 1 2825
Merging: 6
65 93.3522 1 488
Merging: 1
64 93.4347 1 488
Merging: 20
63 93.5332 1 2212
Merging: 20
62 93.8808 1 4567
Merging: 1
61 94.5615 1 4567
Merging: 6
60 95.2169 1 596
Merging: 1
59 95.335 1 596
Merging: 3
58 95.4534 1 531
Merging: 1
57 95.5698 1 531
Merging: 1
56 95.6853 1 531
Merging: 23
55 95.8091 1 3034
Merging: 23
54 96.2663 1 7307
Merging: 1
53 97.2555 1 7307
Merging: 6
52 98.3904 1 641
Merging: 1
51 98.4985 1 641
Merging: 26
50 98.6373 1 4074
Merging: 26
49 99.197 1 10359
Merging: 1
48 100.297 1 10359
Merging: 6
47 101.635 1 1063
Merging: 1
46 101.754 1 1063
Merging: 26
45 101.893 1 6621
Merging: 26
44 102.526 1 12500
Merging: 1
43 103.726 1 12500
Merging: 6
42 105.123 1 1067
Merging: 1
41 105.258 1 1067
Merging: 3
40 105.392 1 1061
Merging: 1
39 105.527 1 1061
Merging: 1
38 105.659 1 1061
Merging: 27
37 105.816 1 4663
Merging: 45
36 106.37 1 6418
Merging: 1
35 106.86 1 6418
Merging: 6
34 107.466 1 1575
Merging: 1
33 107.583 1 1575
Merging: 64
32 107.763 1 5492
Merging: 63
31 108.479 1 9790
Merging: 1
30 109.196 1 9790
Merging: 6
29 110.026 1 1148
Merging: 1
28 110.17 1 1148
Merging: 7
27 110.311 1 1151
Merging: 1
26 110.452 1 1151
Merging: 1
25 110.588 1 1151
Merging: 64
24 110.773 1 7055
Merging: 86
23 111.644 1 24343
Merging: 1
22 113.162 1 24343
Merging: 6
21 115.017 1 2026
Merging: 1
20 115.156 1 2026
Merging: 99
19 115.429 1 11197
Merging: 96
18 116.599 1 29797
Merging: 1
17 118.254 1 29797
Merging: 6
16 120.19 1 1960
Merging: 1
15 120.36 1 1960
Merging: 13
14 120.532 1 1958
Merging: 1
13 120.699 1 1958
Merging: 1
12 120.854 1 1958
Merging: 90
11 121.126 1 12523
Merging: 107
10 123.578 1 43358
Merging: 1
9 125.674 1 43358
Merging: 6
8 128.326 1 2348
Merging: 1
7 128.477 1 2348
Merging: 131
6 128.739 1 14789
Merging: 128
5 130.246 1 47516
Merging: 2
4 132.621 1 47515
Merging: 6
3 135.533 1 3223
Merging: 1
2 135.755 1 3223
Merging: 28
1 135.984 1 3180
BOUND: 79 < 79, total time: 136.204s
Actual search time: 132.649s [t=136.209s]
build_fences boar worker2 worker1 worker2 round1 (60)
collect_resource worker1 noworker worker2 round1 act_clay clay (60)
ag__finish_round_backhome round1 worker2 (1)
ag__finish_round_renew round1 noworker (1)
ag__advance_round_normal round1 round2 act_sow (1)
build_fences boar worker2 worker1 worker2 round2 (60)
take_food worker1 noworker worker2 round2 num2 num3 (60)
ag__finish_round_backhome round2 worker2 (1)
ag__finish_round_renew round2 noworker (1)
ag__advance_round_normal round2 round3 act_sheep (1)
build_fences boar worker2 worker1 worker2 round3 (60)
take_food worker1 noworker worker2 round3 num3 num4 (60)
ag__finish_round_backhome round3 worker2 (1)
ag__finish_round_renew round3 noworker (1)
ag__advance_round_normal round3 round4 act_family (1)
build_fences boar worker2 worker1 worker2 round4 (60)
take_food worker1 noworker worker2 round4 num4 num5 (60)
ag__finish_round_backhome round4 worker2 (1)
ag__finish_round_renew round4 noworker (1)
ag__harvest_collect_end round4 stage1 (1)
ag__harvest_feed round4 stage1 worker2 num5 num4 num1 (1)
ag__harvest_breed_end round4 stage1 (1)
ag__finish_stage stage1 stage2 round4 round5 act_boar (1)
build_fences boar worker2 worker1 worker2 round5 (60)
take_food worker1 noworker worker2 round5 num1 num2 (60)
ag__finish_round_backhome round5 worker2 (1)
ag__finish_round_renew round5 noworker (1)
ag__advance_round_normal round5 round6 act_cattle (1)
build_fences boar worker2 worker1 worker2 round6 (60)
take_food worker1 noworker worker2 round6 num2 num3 (60)
ag__finish_round_backhome round6 worker2 (1)
ag__finish_round_renew round6 noworker (1)
ag__advance_round_normal round6 round7 act_carrot (1)
build_fences boar worker2 worker1 worker2 round7 (60)
take_food worker1 noworker worker2 round7 num3 num4 (60)
ag__finish_round_backhome round7 worker2 (1)
ag__finish_round_renew round7 noworker (1)
ag__harvest_collect_end round7 stage2 (1)
ag__harvest_feed round7 stage2 worker2 num4 num4 num0 (1)
ag__harvest_breed_end round7 stage2 (1)
ag__finish_stage stage2 stage3 round7 round8 act_improve (1)
collect_resource worker2 worker1 worker2 round8 act_stone stone (60)
improve_home worker1 noworker worker2 round8 fireplace (60)
ag__finish_round_backhome round8 worker2 (1)
ag__finish_round_renew round8 noworker (1)
ag__advance_round_normal round8 round9 void (1)
collect_cook_animal boar act_boar worker2 worker1 worker2 round9 num0 num2 (60)
collect_cook_animal boar act_cattle worker1 noworker worker2 round9 num2 num4 (60)
ag__finish_round_backhome round9 worker2 (1)
ag__finish_round_renew round9 noworker (1)
ag__harvest_collect_end round9 stage3 (1)
ag__harvest_feed round9 stage3 worker2 num4 num4 num0 (1)
ag__harvest_breed_end round9 stage3 (1)
ag__finish_stage stage3 stage4 round9 round10 void (1)
build_fences boar worker2 worker1 worker2 round10 (60)
collect_cook_animal boar act_sheep worker1 noworker worker2 round10 num0 num2 (60)
ag__finish_round_backhome round10 worker2 (1)
ag__finish_round_renew round10 noworker (1)
ag__advance_round_normal round10 round11 void (1)
build_fences boar worker2 worker1 worker2 round11 (60)
collect_cook_animal boar act_sheep worker1 noworker worker2 round11 num2 num4 (60)
ag__finish_round_backhome round11 worker2 (1)
ag__finish_round_renew round11 noworker (1)
ag__harvest_collect_end round11 stage4 (1)
ag__harvest_feed round11 stage4 worker2 num4 num4 num0 (1)
ag__harvest_breed_end round11 stage4 (1)
ag__finish_stage stage4 stage5 round11 round12 void (1)
build_fences boar worker2 worker1 worker2 round12 (60)
collect_cook_animal boar act_sheep worker1 noworker worker2 round12 num0 num2 (60)
ag__finish_round_backhome round12 worker2 (1)
ag__finish_round_renew round12 noworker (1)
ag__advance_round_normal round12 round13 void (1)
build_fences boar worker2 worker1 worker2 round13 (60)
collect_cook_animal boar act_sheep worker1 noworker worker2 round13 num2 num4 (60)
ag__finish_round_backhome round13 worker2 (1)
ag__finish_round_renew round13 noworker (1)
ag__harvest_collect_end round13 stage5 (1)
ag__harvest_feed round13 stage5 worker2 num4 num4 num0 (1)
ag__harvest_breed_end round13 stage5 (1)
Plan length: 79 step(s).
Plan cost: 1613
Bytes per state: 16
Search time: 134.211s
Total time: 136.209s
Solution found.
Peak memory: 462860 KB
Running single search parser
