INFO     Running translator.
INFO     translator input: ['domain.pddl', 'problem.pddl']
INFO     translator arguments: []
INFO     translator time limit: None
INFO     translator memory limit: None
INFO     callstring: /usr/bin/python /mnt/data_server/torralba/subdominization/training/data/training_satellite/code-70296b3db083/builds/release32/bin/translate/translate.py domain.pddl problem.pddl
Parsing...
Parsing: [0.000s CPU, 0.123s wall-clock]
Normalizing task... [0.000s CPU, 0.000s wall-clock]
Instantiating...
Generating Datalog program... [0.000s CPU, 0.001s wall-clock]
Normalizing Datalog program...
Normalizing Datalog program: [0.010s CPU, 3.269s wall-clock]
Preparing model... [0.000s CPU, 0.003s wall-clock]
Generated 31 rules.
Computing model... [0.020s CPU, 0.021s wall-clock]
1032 relevant atoms
202 auxiliary atoms
1234 final queue length
1966 total queue pushes
Completing instantiation... [0.030s CPU, 0.029s wall-clock]
Instantiating: [0.060s CPU, 3.364s wall-clock]
Computing fact groups...
Finding invariants...
12 initial candidates
Finding invariants: [0.000s CPU, 0.002s wall-clock]
Checking invariant weight... [0.000s CPU, 0.000s wall-clock]
Instantiating groups... [0.000s CPU, 0.000s wall-clock]
Collecting mutex groups... [0.000s CPU, 0.000s wall-clock]
Choosing groups...
65 uncovered facts
Choosing groups: [0.000s CPU, 0.000s wall-clock]
Building translation key... [0.000s CPU, 0.001s wall-clock]
Computing fact groups: [0.010s CPU, 0.005s wall-clock]
Building STRIPS to SAS dictionary... [0.000s CPU, 0.000s wall-clock]
Building dictionary for full mutex groups... [0.000s CPU, 0.000s wall-clock]
Building mutex information...
Building mutex information: [0.000s CPU, 0.000s wall-clock]
Translating task...
Processing axioms...
Simplifying axioms... [0.000s CPU, 0.000s wall-clock]
Processing axioms: [0.000s CPU, 0.002s wall-clock]
Translating task: [0.020s CPU, 0.027s wall-clock]
9 effect conditions simplified
0 implied preconditions added
Detecting unreachable propositions...
0 operators removed
0 axioms removed
2 propositions removed
Detecting unreachable propositions: [0.020s CPU, 0.015s wall-clock]
Translator variables: 67
Translator derived variables: 0
Translator facts: 168
Translator goal facts: 6
Translator mutex groups: 2
Translator total mutex groups size: 38
Translator operators: 793
Translator axioms: 0
Translator task size: 2865
Translator peak memory: 46600 KB
Writing output... [0.010s CPU, 0.057s wall-clock]
Done! [0.120s CPU, 3.593s wall-clock]
INFO     Running preprocessor (release32).
INFO     preprocessor input: output.sas
INFO     preprocessor arguments: []
INFO     preprocessor time limit: None
INFO     preprocessor memory limit: None
INFO     callstring: /mnt/data_server/torralba/subdominization/training/data/training_satellite/code-70296b3db083/builds/release32/bin/preprocess < output.sas
Building causal graph...
The causal graph is not acyclic.
14 variables of 67 necessary
0 of 2 mutex groups necessary.
706 of 793 operators necessary.
0 of 0 axiom rules necessary.
Initializing mutex computation...
Mutex computation initialized with 62 fluents.
iteration for mutex detection and operator pruning
Initialize m_index fw
Initialized mvalues forward: reached=196, notReached=2940, spurious=708
Initialize m_ops fw
Computing mutexes...
Mutex computation finished with reached=3126, notReached=10, spurious=708
0 operators are spurious because were not triggered
H^2 mutexes added fw: 10, unreachable: 0
0 of 706 operators detected as spurious
iteration for mutex detection and operator pruning
Initialize m_index bw
Init values regression
Initialized mvalues backward: reached=458, notReached=2668, spurious=718
Initialize m_ops bw
Computing mutexes...
Mutex computation finished with reached=3126, notReached=0, spurious=718
0 operators are spurious because were not triggered
H^2 mutexes added bw: 0, unreachable: 0
0 of 706 operators detected as spurious
Total mutex and disambiguation time: 0.016795 iterations: 2
5 of 5 mutex groups necessary.
706 of 706 operators necessary.
0 of 0 axiom rules necessary.
Change id of operators: 706
Change id of mutexes
Change id of goals
Change id of initial state
Remove unreachable facts from variables: 14
5 of 5 mutex groups necessary.
706 of 706 operators necessary.
0 of 0 axiom rules necessary.
Updating causal graph and pruning unnecessary facts
14 variables of 14 of 67 necessary
The causal graph is not acyclic.
14 variables of 14 necessary
5 of 5 mutex groups necessary.
706 of 706 operators necessary.
0 of 0 axiom rules necessary.
Building domain transition graphs...
solveable in poly time 0
Building successor generator...
Preprocessor variables: 14
Preprocessor facts: 62
Preprocessor derived variables: 0
Preprocessor operators: 706
Preprocessor mutex groups: 5
Preprocessor task size: 2243
Writing output...
Preprocessor time: 0.0391927s
Preprocessor peak memory: 2540 KB
done
INFO     Running search (release32).
INFO     search input: output
INFO     search arguments: ['--search', 'sbd(store_operators_in_optimal_plan=true, cost_type=1)']
INFO     search time limit: 3600s
INFO     search memory limit: 4096 MB
INFO     search executable: /mnt/data_server/torralba/subdominization/training/data/training_satellite/code-70296b3db083/builds/release32/bin/downward
INFO     callstring: /mnt/data_server/torralba/subdominization/training/data/training_satellite/code-70296b3db083/builds/release32/bin/downward --search 'sbd(store_operators_in_optimal_plan=true, cost_type=1)' --internal-plan-file sas_plan < output
time limit 3600.00 -> (3600, 3601)
reading input... [t=0.00011651s]
done reading input! [t=0.00401732s]
packing state variables...done! [t=0.00402649s]
Variables: 14
FactPairs: 62
Bytes per state: 4
Building successor generator...done! [t=0.00432821s]
done initalizing global data [t=0.004332s]
TR(time=60000, nodes=100000)
Mutex(time=60000, nodes=100000, type=edeletion)
Aux(time=2000, nodes=1000000)
Disj(nodes=2147483647)
Estimation: min_time(1000) time_penalty +(1000)*(2) nodes_penalty +(1000)*(2)
MaxStep(time=30000, nodes=100000000, nodes_per_planning_second=100)
Ratio useful: 0
   Min alloted time: 60000 nodes: 10000000
   Max alloted time: 60000 nodes: 15000000
   Mult alloted time: 2 nodes: 2
   Ratio after relax: 0.8
building causal graph...done! [t=8.2459e-05s]
Sym variable order: 2 3 4 0 12 11 13 9 1 10 5 8 7 6 
Initializing Symbolic Variables
Num variables: 14 => 22
Initialize Symbolic Manager(44, 363636, 16000000, 0)
Generating binary variables
Symbolic Variables... Done.
BOUND: 1 < 2147483647, total time: 0.332671s
BOUND: 2 < 2147483647, total time: 0.332858s
BOUND: 3 < 2147483647, total time: 0.333021s
BOUND: 4 < 2147483647, total time: 0.333263s
BOUND: 5 < 2147483647, total time: 0.333487s
BOUND: 6 < 2147483647, total time: 0.33374s
BOUND: 7 < 2147483647, total time: 0.334047s
BOUND: 8 < 2147483647, total time: 0.334446s
BOUND: 9 < 2147483647, total time: 0.334924s
BOUND: 10 < 2147483647, total time: 0.335557s
BOUND: 11 < 2147483647, total time: 0.33626s
BOUND: 12 < 2147483647, total time: 0.337169s
BOUND: 13 < 2147483647, total time: 0.338149s
Solution found with cost 13 total time: 0.339015s
Merging: 1
7 0.348947 1 58
Merging: 17
6 0.359326 1 52
Merging: 17
5 0.367906 1 49
Merging: 21
4 0.37555 1 40
Merging: 21
3 0.383397 1 46
Merging: 10
2 0.390302 1 48
Merging: 6
1 0.398061 1 43
Merging: 1
6 0.404161 1 58
Merging: 17
5 0.40927 1 57
Merging: 17
4 0.413843 1 58
Merging: 17
3 0.417893 1 52
Merging: 17
2 0.421589 1 49
Merging: 9
1 0.425025 1 37
BOUND: 13 < 13, total time: 0.427598s
Actual search time: 0.0952s [t=0.427911s]
turn_to satellite0 groundstation4 planet15 (1)
switch_on instrument0 satellite0 (1)
calibrate satellite0 instrument0 groundstation4 (1)
turn_to satellite0 planet15 groundstation4 (1)
take_image satellite0 planet15 instrument0 thermograph2 (1)
turn_to satellite0 phenomenon17 planet15 (1)
take_image satellite0 phenomenon17 instrument0 spectrograph0 (1)
turn_to satellite0 planet16 phenomenon17 (1)
take_image satellite0 planet16 instrument0 spectrograph0 (1)
turn_to satellite0 star18 planet16 (1)
take_image satellite0 star18 instrument0 spectrograph0 (1)
turn_to satellite0 groundstation5 star18 (1)
turn_to satellite1 star6 groundstation5 (1)
Plan length: 13 step(s).
Plan cost: 13
Bytes per state: 4
Search time: 0.105383s
Total time: 0.42792s
Solution found.
Peak memory: 236216 KB
Running single search parser
