INFO     Running translator.
INFO     translator input: ['domain.pddl', 'problem.pddl']
INFO     translator arguments: []
INFO     translator time limit: None
INFO     translator memory limit: None
INFO     callstring: /usr/bin/python /mnt/data_server/torralba/subdominization/training/data/training_agricola/code-70296b3db083/builds/release32/bin/translate/translate.py domain.pddl problem.pddl
Parsing...
Parsing: [0.030s CPU, 0.039s wall-clock]
Normalizing task... [0.000s CPU, 0.001s wall-clock]
Instantiating...
Generating Datalog program... [0.010s CPU, 0.006s wall-clock]
Normalizing Datalog program...
Normalizing Datalog program: [0.010s CPU, 0.019s wall-clock]
Preparing model... [0.020s CPU, 0.016s wall-clock]
Generated 258 rules.
Computing model... [2.320s CPU, 2.336s wall-clock]
59140 relevant atoms
1704 auxiliary atoms
60844 final queue length
221347 total queue pushes
Completing instantiation... [15.690s CPU, 15.844s wall-clock]
Instantiating: [18.080s CPU, 18.680s wall-clock]
Computing fact groups...
Finding invariants...
44 initial candidates
Finding invariants: [0.240s CPU, 0.240s wall-clock]
Checking invariant weight... [0.000s CPU, 0.001s wall-clock]
Instantiating groups... [0.000s CPU, 0.002s wall-clock]
Collecting mutex groups... [0.000s CPU, 0.000s wall-clock]
Choosing groups...
124 uncovered facts
Choosing groups: [0.000s CPU, 0.000s wall-clock]
Building translation key... [0.000s CPU, 0.002s wall-clock]
Computing fact groups: [0.250s CPU, 0.248s wall-clock]
Building STRIPS to SAS dictionary... [0.000s CPU, 0.000s wall-clock]
Building dictionary for full mutex groups... [0.000s CPU, 0.000s wall-clock]
Building mutex information...
Building mutex information: [0.000s CPU, 0.000s wall-clock]
Translating task...
Processing axioms...
Simplifying axioms... [0.000s CPU, 0.000s wall-clock]
Processing axioms: [0.430s CPU, 0.430s wall-clock]
Translating task: [9.630s CPU, 9.676s wall-clock]
63383 effect conditions simplified
0 implied preconditions added
Detecting unreachable propositions...
0 operators removed
0 axioms removed
35 propositions removed
Detecting unreachable propositions: [4.690s CPU, 4.708s wall-clock]
Translator variables: 120
Translator derived variables: 0
Translator facts: 271
Translator goal facts: 1
Translator mutex groups: 7
Translator total mutex groups size: 45
Translator operators: 58457
Translator axioms: 0
Translator task size: 651964
Translator peak memory: 644104 KB
Writing output... [1.330s CPU, 1.727s wall-clock]
Done! [34.310s CPU, 35.383s wall-clock]
INFO     Running preprocessor (release32).
INFO     preprocessor input: output.sas
INFO     preprocessor arguments: []
INFO     preprocessor time limit: None
INFO     preprocessor memory limit: None
INFO     callstring: /mnt/data_server/torralba/subdominization/training/data/training_agricola/code-70296b3db083/builds/release32/bin/preprocess < output.sas
Building causal graph...
The causal graph is not acyclic.
115 variables of 120 necessary
0 of 7 mutex groups necessary.
58457 of 58457 operators necessary.
0 of 0 axiom rules necessary.
Initializing mutex computation...
Mutex computation initialized with 261 fluents.
iteration for mutex detection and operator pruning
Initialize m_index fw
Initialized mvalues forward: reached=13225, notReached=54300, spurious=596
Initialize m_ops fw
Computing mutexes...
Mutex computation finished with reached=60211, notReached=7314, spurious=596
32982 operators are spurious because were not triggered
H^2 mutexes added fw: 7314, unreachable: 0
0 of 25475 operators detected as spurious
iteration for mutex detection and operator pruning
Initialize m_index bw
Init values regression
Initialized mvalues backward: reached=36577, notReached=23634, spurious=7910
Initialize m_ops bw
Computing mutexes...
Mutex computation finished with reached=60171, notReached=40, spurious=7910
0 operators are spurious because were not triggered
H^2 mutexes added bw: 40, unreachable: 0
0 of 25475 operators detected as spurious
iteration for mutex detection and operator pruning
Initialize m_index fw
Initialized mvalues forward: reached=13225, notReached=46946, spurious=7950
Initialize m_ops fw
Computing mutexes...
Mutex computation finished with reached=60171, notReached=0, spurious=7950
0 operators are spurious because were not triggered
H^2 mutexes added fw: 0, unreachable: 0
0 of 25475 operators detected as spurious
Total mutex and disambiguation time: 16.0478 iterations: 3
3677 of 3677 mutex groups necessary.
25475 of 58457 operators necessary.
0 of 0 axiom rules necessary.
Change id of operators: 25475
Change id of mutexes
Change id of goals
Change id of initial state
Remove unreachable facts from variables: 115
3677 of 3677 mutex groups necessary.
25475 of 25475 operators necessary.
0 of 0 axiom rules necessary.
Updating causal graph and pruning unnecessary facts
115 variables of 115 of 120 necessary
The causal graph is not acyclic.
115 variables of 115 necessary
3677 of 3677 mutex groups necessary.
25475 of 25475 operators necessary.
0 of 0 axiom rules necessary.
Building domain transition graphs...
solveable in poly time 0
Building successor generator...
Preprocessor variables: 115
Preprocessor facts: 261
Preprocessor derived variables: 0
Preprocessor operators: 25475
Preprocessor mutex groups: 3677
Preprocessor task size: 274452
Writing output...
Preprocessor time: 19.261s
Preprocessor peak memory: 211200 KB
done
INFO     Running search (release32).
INFO     search input: output
INFO     search arguments: ['--search', 'sbw(store_operators_in_optimal_plan=true, cost_type=1)']
INFO     search time limit: 3600s
INFO     search memory limit: 4096 MB
INFO     search executable: /mnt/data_server/torralba/subdominization/training/data/training_agricola/code-70296b3db083/builds/release32/bin/downward
INFO     callstring: /mnt/data_server/torralba/subdominization/training/data/training_agricola/code-70296b3db083/builds/release32/bin/downward --search 'sbw(store_operators_in_optimal_plan=true, cost_type=1)' --internal-plan-file sas_plan < output
time limit 3600.00 -> (3600, 3601)
reading input... [t=0.000109656s]
done reading input! [t=0.394039s]
packing state variables...done! [t=0.394074s]
Variables: 115
FactPairs: 261
Bytes per state: 16
Building successor generator...done! [t=0.551622s]
done initalizing global data [t=0.551649s]
TR(time=60000, nodes=100000)
Mutex(time=60000, nodes=100000, type=edeletion)
Aux(time=2000, nodes=1000000)
Disj(nodes=2147483647)
Estimation: min_time(1000) time_penalty +(1000)*(2) nodes_penalty +(1000)*(2)
MaxStep(time=30000, nodes=100000000, nodes_per_planning_second=100)
Ratio useful: 0
   Min alloted time: 60000 nodes: 10000000
   Max alloted time: 60000 nodes: 15000000
   Mult alloted time: 2 nodes: 2
   Ratio after relax: 0.8
building causal graph...done! [t=0.0387614s]
Sym variable order: 7 114 6 8 5 67 66 70 69 68 60 61 64 63 62 71 65 95 94 96 10 2 26 13 14 11 12 15 9 1 4 109 110 113 98 97 99 92 93 86 85 30 29 32 28 31 77 102 101 76 78 80 22 45 57 43 46 44 59 38 39 42 41 40 82 81 104 105 87 112 37 88 89 35 33 16 111 84 83 100 90 103 91 108 79 106 74 72 73 75 107 48 49 50 58 51 47 54 55 53 56 52 25 27 36 34 17 20 21 24 23 19 18 0 3 
Initializing Symbolic Variables
Num variables: 115 => 127
Initialize Symbolic Manager(254, 62992, 16000000, 0)
Generating binary variables
Symbolic Variables... Done.
BOUND: 1 < 2147483647, total time: 4.52876s
BOUND: 2 < 2147483647, total time: 4.5781s
BOUND: 3 < 2147483647, total time: 4.58257s
BOUND: 4 < 2147483647, total time: 4.58939s
BOUND: 5 < 2147483647, total time: 4.59686s
BOUND: 6 < 2147483647, total time: 4.62079s
BOUND: 7 < 2147483647, total time: 4.659s
BOUND: 8 < 2147483647, total time: 4.9291s
BOUND: 9 < 2147483647, total time: 5.96385s
BOUND: 10 < 2147483647, total time: 8.99732s
BOUND: 11 < 2147483647, total time: 12.6153s
BOUND: 12 < 2147483647, total time: 14.9607s
BOUND: 13 < 2147483647, total time: 16.0594s
BOUND: 14 < 2147483647, total time: 16.6431s
BOUND: 15 < 2147483647, total time: 17.5255s
BOUND: 16 < 2147483647, total time: 19.5823s
BOUND: 17 < 2147483647, total time: 21.422s
BOUND: 18 < 2147483647, total time: 23.791s
BOUND: 19 < 2147483647, total time: 25.7474s
BOUND: 20 < 2147483647, total time: 26.778s
BOUND: 21 < 2147483647, total time: 27.3291s
BOUND: 22 < 2147483647, total time: 27.7072s
BOUND: 23 < 2147483647, total time: 28.1188s
BOUND: 24 < 2147483647, total time: 28.826s
BOUND: 25 < 2147483647, total time: 29.8913s
BOUND: 26 < 2147483647, total time: 31.1002s
BOUND: 27 < 2147483647, total time: 34.0695s
BOUND: 28 < 2147483647, total time: 36.541s
BOUND: 29 < 2147483647, total time: 39.6627s
BOUND: 30 < 2147483647, total time: 42.9192s
BOUND: 31 < 2147483647, total time: 47.0187s
BOUND: 32 < 2147483647, total time: 49.1104s
BOUND: 33 < 2147483647, total time: 50.7251s
BOUND: 34 < 2147483647, total time: 52.7893s
BOUND: 35 < 2147483647, total time: 55.1409s
BOUND: 36 < 2147483647, total time: 58.3197s
BOUND: 37 < 2147483647, total time: 59.8597s
BOUND: 38 < 2147483647, total time: 61.4749s
BOUND: 39 < 2147483647, total time: 63.2451s
BOUND: 40 < 2147483647, total time: 64.8455s
BOUND: 41 < 2147483647, total time: 65.868s
BOUND: 42 < 2147483647, total time: 66.3719s
BOUND: 43 < 2147483647, total time: 67.2323s
BOUND: 44 < 2147483647, total time: 69.1159s
BOUND: 45 < 2147483647, total time: 73.3537s
BOUND: 46 < 2147483647, total time: 75.8591s
BOUND: 47 < 2147483647, total time: 77.7297s
BOUND: 48 < 2147483647, total time: 79.1075s
BOUND: 49 < 2147483647, total time: 80.8823s
BOUND: 50 < 2147483647, total time: 85.0611s
BOUND: 51 < 2147483647, total time: 89.0687s
BOUND: 52 < 2147483647, total time: 92.4908s
BOUND: 53 < 2147483647, total time: 95.2005s
BOUND: 54 < 2147483647, total time: 96.7856s
BOUND: 55 < 2147483647, total time: 99.2617s
BOUND: 56 < 2147483647, total time: 100.334s
BOUND: 57 < 2147483647, total time: 101.627s
BOUND: 58 < 2147483647, total time: 102.984s
BOUND: 59 < 2147483647, total time: 104.421s
BOUND: 60 < 2147483647, total time: 106.037s
BOUND: 61 < 2147483647, total time: 107.785s
BOUND: 62 < 2147483647, total time: 109.19s
BOUND: 63 < 2147483647, total time: 112.047s
BOUND: 64 < 2147483647, total time: 112.926s
BOUND: 65 < 2147483647, total time: 113.263s
BOUND: 66 < 2147483647, total time: 113.554s
BOUND: 67 < 2147483647, total time: 114.236s
BOUND: 68 < 2147483647, total time: 115.627s
BOUND: 69 < 2147483647, total time: 117.622s
BOUND: 70 < 2147483647, total time: 119.718s
BOUND: 71 < 2147483647, total time: 121.563s
BOUND: 72 < 2147483647, total time: 122.601s
BOUND: 73 < 2147483647, total time: 123.111s
BOUND: 74 < 2147483647, total time: 125.127s
BOUND: 75 < 2147483647, total time: 125.843s
BOUND: 76 < 2147483647, total time: 126.819s
BOUND: 77 < 2147483647, total time: 127.834s
BOUND: 78 < 2147483647, total time: 128.873s
BOUND: 79 < 2147483647, total time: 129.98s
Solution found with cost 79 total time: 130.693s
Merging: 1
79 133.447 1 128
Merging: 8
78 133.532 1 374
Merging: 8
77 133.667 1 314
Merging: 1
76 133.79 1 314
Merging: 6
75 133.912 1 149
Merging: 1
74 134.032 1 149
Merging: 8
73 134.155 1 769
Merging: 8
72 134.301 1 691
Merging: 1
71 134.432 1 691
Merging: 6
70 134.567 1 184
Merging: 1
69 134.697 1 184
Merging: 14
68 134.826 1 1381
Merging: 14
67 134.998 1 1265
Merging: 1
66 135.144 1 1265
Merging: 6
65 135.291 1 239
Merging: 1
64 135.426 1 239
Merging: 19
63 135.565 1 3080
Merging: 19
62 135.832 1 2909
Merging: 1
61 136.038 1 2909
Merging: 6
60 136.243 1 397
Merging: 1
59 136.405 1 397
Merging: 1
58 136.5 1 397
Merging: 1
57 136.614 1 397
Merging: 1
56 136.695 1 397
Merging: 21
55 136.882 1 5492
Merging: 23
54 137.354 1 11673
Merging: 1
53 137.958 1 11673
Merging: 6
52 138.54 1 628
Merging: 1
51 138.817 1 628
Merging: 43
50 139.131 1 9616
Merging: 58
49 140.219 1 22740
Merging: 1
48 141.859 1 22740
Merging: 6
47 143.698 1 750
Merging: 1
46 144.211 1 750
Merging: 68
45 144.858 1 20876
Merging: 65
44 146.928 1 31298
Merging: 1
43 148.491 1 31298
Merging: 6
42 149.989 1 605
Merging: 1
41 150.271 1 605
Merging: 11
40 150.38 1 602
Merging: 1
39 150.518 1 602
Merging: 1
38 150.61 1 602
Merging: 83
37 150.957 1 28994
Merging: 103
36 154.588 1 109795
Merging: 1
35 161.905 1 109795
Merging: 6
34 168.664 1 1064
Merging: 1
33 169.174 1 1064
Merging: 119
32 169.792 1 49992
Merging: 116
31 176.042 1 123483
Merging: 1
30 184.234 1 123483
Merging: 6
29 190.574 1 998
Merging: 1
28 191.021 1 998
Merging: 17
27 191.154 1 988
Merging: 1
26 191.32 1 988
Merging: 1
25 191.428 1 988
Merging: 110
24 191.99 1 56847
Merging: 127
23 199.525 1 216025
Merging: 1
22 212.013 1 216025
Merging: 6
21 223.842 1 1374
Merging: 1
20 224.501 1 1374
Merging: 139
19 225.282 1 75248
Merging: 136
18 235.646 1 197961
Merging: 1
17 247.785 1 197961
Merging: 6
16 259.496 1 1378
Merging: 1
15 260.116 1 1378
Merging: 21
14 260.264 1 1372
Merging: 1
13 260.46 1 1372
Merging: 1
12 260.587 1 1372
Merging: 130
11 261.457 1 88420
Merging: 147
10 275.987 1 335466
Merging: 1
9 297.449 1 335466
Merging: 6
8 317.519 1 1753
Merging: 1
7 318.364 1 1753
Merging: 171
6 319.442 1 125086
Merging: 168
5 337.958 1 343393
Merging: 2
4 358.151 1 302921
Merging: 6
3 377.558 1 2253
Merging: 1
2 378.47 1 2253
Merging: 42
1 378.648 1 2294
BOUND: 79 < 79, total time: 379.317s
Actual search time: 374.796s [t=379.325s]
collect_resource worker2 worker1 worker2 round1 act_clay clay (60)
take_food worker1 noworker worker2 round1 num0 num1 (60)
ag__finish_round_backhome round1 worker2 (1)
ag__finish_round_renew round1 noworker (1)
ag__advance_round_normal round1 round2 act_sheep (1)
collect_resource worker2 worker1 worker2 round2 act_clay clay (60)
take_food worker1 noworker worker2 round2 num1 num2 (60)
ag__finish_round_backhome round2 worker2 (1)
ag__finish_round_renew round2 noworker (1)
ag__advance_round_normal round2 round3 act_fences (1)
build_fences boar worker2 worker1 worker2 round3 (60)
take_food worker1 noworker worker2 round3 num2 num3 (60)
ag__finish_round_backhome round3 worker2 (1)
ag__finish_round_renew round3 noworker (1)
ag__advance_round_normal round3 round4 act_sow (1)
build_fences boar worker2 worker1 worker2 round4 (60)
take_food worker1 noworker worker2 round4 num3 num4 (60)
ag__finish_round_backhome round4 worker2 (1)
ag__finish_round_renew round4 noworker (1)
ag__harvest_collect_end round4 stage1 (1)
ag__harvest_feed round4 stage1 worker2 num4 num4 num0 (1)
ag__harvest_breed_end round4 stage1 (1)
ag__finish_stage stage1 stage2 round4 round5 act_improve (1)
build_fences boar worker2 worker1 worker2 round5 (60)
collect_animal boar act_sheep worker1 noworker worker2 round5 (60)
ag__finish_round_backhome round5 worker2 (1)
ag__finish_round_renew round5 noworker (1)
ag__advance_round_normal round5 round6 act_boar (1)
collect_resource worker2 worker1 worker2 round6 act_stone stone (60)
improve_home worker1 noworker worker2 round6 fireplace (60)
ag__finish_round_backhome round6 worker2 (1)
ag__finish_round_renew round6 noworker (1)
ag__advance_round_normal round6 round7 act_carrot (1)
collect_cook_animal boar act_boar worker2 worker1 worker2 round7 num0 num2 (60)
collect_cook_animal boar act_sheep worker1 noworker worker2 round7 num2 num4 (60)
ag__finish_round_backhome round7 worker2 (1)
ag__finish_round_renew round7 noworker (1)
ag__harvest_collect_end round7 stage2 (1)
ag__harvest_feed round7 stage2 worker2 num4 num4 num0 (1)
ag__harvest_breed_end round7 stage2 (1)
ag__finish_stage stage2 stage3 round7 round8 act_cattle (1)
build_fences boar worker2 worker1 worker2 round8 (60)
collect_animal boar act_sheep worker1 noworker worker2 round8 (60)
ag__finish_round_backhome round8 worker2 (1)
ag__finish_round_renew round8 noworker (1)
ag__advance_round_normal round8 round9 void (1)
collect_cook_animal boar act_cattle worker2 worker1 worker2 round9 num0 num2 (60)
collect_cook_animal boar act_sheep worker1 noworker worker2 round9 num2 num4 (60)
ag__finish_round_backhome round9 worker2 (1)
ag__finish_round_renew round9 noworker (1)
ag__harvest_collect_end round9 stage3 (1)
ag__harvest_feed round9 stage3 worker2 num4 num4 num0 (1)
ag__harvest_breed_end round9 stage3 (1)
ag__finish_stage stage3 stage4 round9 round10 void (1)
build_fences boar worker2 worker1 worker2 round10 (60)
collect_cook_animal boar act_sheep worker1 noworker worker2 round10 num0 num2 (60)
ag__finish_round_backhome round10 worker2 (1)
ag__finish_round_renew round10 noworker (1)
ag__advance_round_normal round10 round11 void (1)
build_fences boar worker2 worker1 worker2 round11 (60)
collect_cook_animal boar act_sheep worker1 noworker worker2 round11 num2 num4 (60)
ag__finish_round_backhome round11 worker2 (1)
ag__finish_round_renew round11 noworker (1)
ag__harvest_collect_end round11 stage4 (1)
ag__harvest_feed round11 stage4 worker2 num4 num4 num0 (1)
ag__harvest_breed_end round11 stage4 (1)
ag__finish_stage stage4 stage5 round11 round12 void (1)
build_fences boar worker2 worker1 worker2 round12 (60)
collect_cook_animal boar act_sheep worker1 noworker worker2 round12 num0 num2 (60)
ag__finish_round_backhome round12 worker2 (1)
ag__finish_round_renew round12 noworker (1)
ag__advance_round_normal round12 round13 void (1)
build_fences boar worker2 worker1 worker2 round13 (60)
collect_cook_animal boar act_sheep worker1 noworker worker2 round13 num2 num4 (60)
ag__finish_round_backhome round13 worker2 (1)
ag__finish_round_renew round13 noworker (1)
ag__harvest_collect_end round13 stage5 (1)
ag__harvest_feed round13 stage5 worker2 num4 num4 num0 (1)
ag__harvest_breed_end round13 stage5 (1)
Plan length: 79 step(s).
Plan cost: 1613
Bytes per state: 16
Search time: 377.237s
Total time: 379.325s
Solution found.
Peak memory: 493632 KB
Running single search parser
