INFO     Running translator.
INFO     translator input: ['domain.pddl', 'problem.pddl']
INFO     translator arguments: []
INFO     translator time limit: None
INFO     translator memory limit: None
INFO     callstring: /usr/bin/python /mnt/data_server/torralba/subdominization/training/data/training_satellite/code-70296b3db083/builds/release32/bin/translate/translate.py domain.pddl problem.pddl
Parsing...
Parsing: [0.010s CPU, 0.064s wall-clock]
Normalizing task... [0.000s CPU, 0.000s wall-clock]
Instantiating...
Generating Datalog program... [0.000s CPU, 0.001s wall-clock]
Normalizing Datalog program...
Normalizing Datalog program: [0.000s CPU, 0.005s wall-clock]
Preparing model... [0.010s CPU, 0.002s wall-clock]
Generated 31 rules.
Computing model... [0.020s CPU, 0.020s wall-clock]
650 relevant atoms
261 auxiliary atoms
911 final queue length
1309 total queue pushes
Completing instantiation... [0.020s CPU, 0.024s wall-clock]
Instantiating: [0.060s CPU, 0.062s wall-clock]
Computing fact groups...
Finding invariants...
12 initial candidates
Finding invariants: [0.000s CPU, 0.003s wall-clock]
Checking invariant weight... [0.000s CPU, 0.000s wall-clock]
Instantiating groups... [0.000s CPU, 0.000s wall-clock]
Collecting mutex groups... [0.000s CPU, 0.000s wall-clock]
Choosing groups...
45 uncovered facts
Choosing groups: [0.000s CPU, 0.000s wall-clock]
Building translation key... [0.000s CPU, 0.001s wall-clock]
Computing fact groups: [0.000s CPU, 0.006s wall-clock]
Building STRIPS to SAS dictionary... [0.000s CPU, 0.000s wall-clock]
Building dictionary for full mutex groups... [0.000s CPU, 0.000s wall-clock]
Building mutex information...
Building mutex information: [0.000s CPU, 0.000s wall-clock]
Translating task...
Processing axioms...
Simplifying axioms... [0.000s CPU, 0.000s wall-clock]
Processing axioms: [0.000s CPU, 0.001s wall-clock]
Translating task: [0.030s CPU, 0.026s wall-clock]
21 effect conditions simplified
0 implied preconditions added
Detecting unreachable propositions...
0 operators removed
0 axioms removed
4 propositions removed
Detecting unreachable propositions: [0.010s CPU, 0.015s wall-clock]
Translator variables: 49
Translator derived variables: 0
Translator facts: 126
Translator goal facts: 4
Translator mutex groups: 4
Translator total mutex groups size: 36
Translator operators: 435
Translator axioms: 0
Translator task size: 1800
Translator peak memory: 45200 KB
Writing output... [0.010s CPU, 0.035s wall-clock]
Done! [0.120s CPU, 0.210s wall-clock]
INFO     Running preprocessor (release32).
INFO     preprocessor input: output.sas
INFO     preprocessor arguments: []
INFO     preprocessor time limit: None
INFO     preprocessor memory limit: None
INFO     callstring: /mnt/data_server/torralba/subdominization/training/data/training_satellite/code-70296b3db083/builds/release32/bin/preprocess < output.sas
Building causal graph...
The causal graph is not acyclic.
26 variables of 49 necessary
0 of 4 mutex groups necessary.
329 of 435 operators necessary.
0 of 0 axiom rules necessary.
Initializing mutex computation...
Mutex computation initialized with 80 fluents.
iteration for mutex detection and operator pruning
Initialize m_index fw
Initialized mvalues forward: reached=676, notReached=5392, spurious=332
Initialize m_ops fw
Computing mutexes...
Mutex computation finished with reached=6046, notReached=22, spurious=332
0 operators are spurious because were not triggered
H^2 mutexes added fw: 22, unreachable: 0
0 of 329 operators detected as spurious
iteration for mutex detection and operator pruning
Initialize m_index bw
Init values regression
Initialized mvalues backward: reached=5430, notReached=616, spurious=354
Initialize m_ops bw
Computing mutexes...
Mutex computation finished with reached=6046, notReached=0, spurious=354
0 operators are spurious because were not triggered
H^2 mutexes added bw: 0, unreachable: 0
0 of 329 operators detected as spurious
Total mutex and disambiguation time: 0.009784 iterations: 2
11 of 11 mutex groups necessary.
329 of 329 operators necessary.
0 of 0 axiom rules necessary.
Change id of operators: 329
Change id of mutexes
Change id of goals
Change id of initial state
Remove unreachable facts from variables: 26
11 of 11 mutex groups necessary.
329 of 329 operators necessary.
0 of 0 axiom rules necessary.
Updating causal graph and pruning unnecessary facts
26 variables of 26 of 49 necessary
The causal graph is not acyclic.
26 variables of 26 necessary
11 of 11 mutex groups necessary.
329 of 329 operators necessary.
0 of 0 axiom rules necessary.
Building domain transition graphs...
solveable in poly time 0
Building successor generator...
Preprocessor variables: 26
Preprocessor facts: 80
Preprocessor derived variables: 0
Preprocessor operators: 329
Preprocessor mutex groups: 11
Preprocessor task size: 1187
Writing output...
Preprocessor time: 0.0226112s
Preprocessor peak memory: 2252 KB
done
INFO     Running search (release32).
INFO     search input: output
INFO     search arguments: ['--search', 'sbd(store_operators_in_optimal_plan=true, cost_type=1)']
INFO     search time limit: 3600s
INFO     search memory limit: 4096 MB
INFO     search executable: /mnt/data_server/torralba/subdominization/training/data/training_satellite/code-70296b3db083/builds/release32/bin/downward
INFO     callstring: /mnt/data_server/torralba/subdominization/training/data/training_satellite/code-70296b3db083/builds/release32/bin/downward --search 'sbd(store_operators_in_optimal_plan=true, cost_type=1)' --internal-plan-file sas_plan < output
time limit 3600.00 -> (3600, 3601)
reading input... [t=0.000139175s]
done reading input! [t=0.00265387s]
packing state variables...done! [t=0.00266688s]
Variables: 26
FactPairs: 80
Bytes per state: 8
Building successor generator...done! [t=0.00293276s]
done initalizing global data [t=0.00293863s]
TR(time=60000, nodes=100000)
Mutex(time=60000, nodes=100000, type=edeletion)
Aux(time=2000, nodes=1000000)
Disj(nodes=2147483647)
Estimation: min_time(1000) time_penalty +(1000)*(2) nodes_penalty +(1000)*(2)
MaxStep(time=30000, nodes=100000000, nodes_per_planning_second=100)
Ratio useful: 0
   Min alloted time: 60000 nodes: 10000000
   Max alloted time: 60000 nodes: 15000000
   Mult alloted time: 2 nodes: 2
   Ratio after relax: 0.8
building causal graph...done! [t=0.000124694s]
Sym variable order: 14 15 16 6 2 4 8 5 7 0 22 21 1 13 9 24 25 12 10 3 11 20 18 23 17 19 
Initializing Symbolic Variables
Num variables: 26 => 38
Initialize Symbolic Manager(76, 210526, 16000000, 0)
Generating binary variables
Symbolic Variables... Done.
BOUND: 1 < 2147483647, total time: 0.506962s
BOUND: 2 < 2147483647, total time: 0.507208s
BOUND: 3 < 2147483647, total time: 0.507914s
BOUND: 4 < 2147483647, total time: 0.508324s
BOUND: 5 < 2147483647, total time: 0.508894s
BOUND: 6 < 2147483647, total time: 0.509702s
BOUND: 7 < 2147483647, total time: 0.512104s
BOUND: 8 < 2147483647, total time: 0.513519s
BOUND: 9 < 2147483647, total time: 0.515966s
BOUND: 10 < 2147483647, total time: 0.521539s
Solution found with cost 10 total time: 0.525903s
Merging: 1
7 0.536063 1 67
Merging: 12
6 0.542209 1 67
Merging: 4
5 0.548513 1 63
Merging: 12
4 0.554244 1 54
Merging: 4
3 0.558739 1 42
Merging: 4
2 0.562836 1 39
Merging: 1
1 0.566216 1 39
Merging: 1
3 0.569572 1 67
Merging: 4
2 0.573053 1 63
Merging: 12
1 0.575936 1 54
BOUND: 10 < 10, total time: 0.578341s
Actual search time: 0.0721017s [t=0.579103s]
switch_on instrument2 satellite1 (1)
calibrate satellite1 instrument2 star3 (1)
turn_to satellite1 star6 star3 (1)
take_image satellite1 star6 instrument2 image1 (1)
turn_to satellite1 planet8 star6 (1)
take_image satellite1 planet8 instrument2 image1 (1)
turn_to satellite1 planet5 planet8 (1)
take_image satellite1 planet5 instrument2 image2 (1)
turn_to satellite1 star7 planet5 (1)
take_image satellite1 star7 instrument2 image2 (1)
Plan length: 10 step(s).
Plan cost: 10
Bytes per state: 8
Search time: 0.0848357s
Total time: 0.579113s
Solution found.
Peak memory: 223244 KB
Running single search parser
