INFO     Running translator.
INFO     translator input: ['domain.pddl', 'problem.pddl']
INFO     translator arguments: []
INFO     translator time limit: None
INFO     translator memory limit: None
INFO     callstring: /usr/bin/python /mnt/data_server/torralba/subdominization/training/data/training_depots/code-70296b3db083/builds/release32/bin/translate/translate.py domain.pddl problem.pddl
Parsing...
Parsing: [0.010s CPU, 0.007s wall-clock]
Normalizing task... [0.000s CPU, 0.000s wall-clock]
Instantiating...
Generating Datalog program... [0.010s CPU, 0.001s wall-clock]
Normalizing Datalog program...
Normalizing Datalog program: [0.000s CPU, 0.005s wall-clock]
Preparing model... [0.000s CPU, 0.003s wall-clock]
Generated 43 rules.
Computing model... [0.060s CPU, 0.057s wall-clock]
1141 relevant atoms
1000 auxiliary atoms
2141 final queue length
4111 total queue pushes
Completing instantiation... [0.090s CPU, 0.094s wall-clock]
Instantiating: [0.160s CPU, 0.173s wall-clock]
Computing fact groups...
Finding invariants...
16 initial candidates
Finding invariants: [0.020s CPU, 0.016s wall-clock]
Checking invariant weight... [0.000s CPU, 0.001s wall-clock]
Instantiating groups... [0.010s CPU, 0.009s wall-clock]
Collecting mutex groups... [0.000s CPU, 0.001s wall-clock]
Choosing groups...
24 uncovered facts
Choosing groups: [0.000s CPU, 0.002s wall-clock]
Building translation key... [0.000s CPU, 0.001s wall-clock]
Computing fact groups: [0.030s CPU, 0.033s wall-clock]
Building STRIPS to SAS dictionary... [0.000s CPU, 0.000s wall-clock]
Building dictionary for full mutex groups... [0.010s CPU, 0.001s wall-clock]
Building mutex information...
Building mutex information: [0.000s CPU, 0.001s wall-clock]
Translating task...
Processing axioms...
Simplifying axioms... [0.000s CPU, 0.000s wall-clock]
Processing axioms: [0.000s CPU, 0.005s wall-clock]
Translating task: [0.110s CPU, 0.112s wall-clock]
1024 effect conditions simplified
0 implied preconditions added
Detecting unreachable propositions...
0 operators removed
0 axioms removed
34 propositions removed
Detecting unreachable propositions: [0.050s CPU, 0.051s wall-clock]
Translator variables: 34
Translator derived variables: 0
Translator facts: 216
Translator goal facts: 7
Translator mutex groups: 34
Translator total mutex groups size: 408
Translator operators: 760
Translator axioms: 0
Translator task size: 7233
Translator peak memory: 51004 KB
Writing output... [0.020s CPU, 0.059s wall-clock]
Done! [0.390s CPU, 0.443s wall-clock]
INFO     Running preprocessor (release32).
INFO     preprocessor input: output.sas
INFO     preprocessor arguments: []
INFO     preprocessor time limit: None
INFO     preprocessor memory limit: None
INFO     callstring: /mnt/data_server/torralba/subdominization/training/data/training_depots/code-70296b3db083/builds/release32/bin/preprocess < output.sas
Building causal graph...
The causal graph is not acyclic.
34 variables of 34 necessary
24 of 34 mutex groups necessary.
760 of 760 operators necessary.
0 of 0 axiom rules necessary.
Initializing mutex computation...
Mutex computation initialized with 216 fluents.
iteration for mutex detection and operator pruning
Initialize m_index fw
Initialized mvalues forward: reached=1156, notReached=40932, spurious=4568
Initialize m_ops fw
Computing mutexes...
Mutex computation finished with reached=41536, notReached=552, spurious=4568
96 operators are spurious because were not triggered
H^2 mutexes added fw: 552, unreachable: 0
0 of 664 operators detected as spurious
iteration for mutex detection and operator pruning
Initialize m_index bw
Init values regression
Initialized mvalues backward: reached=4767, notReached=36769, spurious=5120
Initialize m_ops bw
Computing mutexes...
Mutex computation finished with reached=41536, notReached=0, spurious=5120
0 operators are spurious because were not triggered
H^2 mutexes added bw: 0, unreachable: 0
0 of 664 operators detected as spurious
Total mutex and disambiguation time: 0.092858 iterations: 2
300 of 300 mutex groups necessary.
664 of 760 operators necessary.
0 of 0 axiom rules necessary.
Change id of operators: 664
Change id of mutexes
Change id of goals
Change id of initial state
Remove unreachable facts from variables: 34
300 of 300 mutex groups necessary.
664 of 664 operators necessary.
0 of 0 axiom rules necessary.
Updating causal graph and pruning unnecessary facts
34 variables of 34 of 34 necessary
The causal graph is not acyclic.
34 variables of 34 necessary
300 of 300 mutex groups necessary.
664 of 664 operators necessary.
0 of 0 axiom rules necessary.
Building domain transition graphs...
solveable in poly time 0
Building successor generator...
Preprocessor variables: 34
Preprocessor facts: 216
Preprocessor derived variables: 0
Preprocessor operators: 664
Preprocessor mutex groups: 300
Preprocessor task size: 6681
Writing output...
Preprocessor time: 0.173341s
Preprocessor peak memory: 3292 KB
done
INFO     Running search (release32).
INFO     search input: output
INFO     search arguments: ['--search', 'sbd(store_operators_in_optimal_plan=true, cost_type=1)']
INFO     search time limit: 3600s
INFO     search memory limit: 4096 MB
INFO     search executable: /mnt/data_server/torralba/subdominization/training/data/training_depots/code-70296b3db083/builds/release32/bin/downward
INFO     callstring: /mnt/data_server/torralba/subdominization/training/data/training_depots/code-70296b3db083/builds/release32/bin/downward --search 'sbd(store_operators_in_optimal_plan=true, cost_type=1)' --internal-plan-file sas_plan < output
time limit 3600.00 -> (3600, 3601)
reading input... [t=0.000139682s]
done reading input! [t=0.0134439s]
packing state variables...done! [t=0.0134843s]
Variables: 34
FactPairs: 216
Bytes per state: 12
Building successor generator...done! [t=0.0157684s]
done initalizing global data [t=0.0157861s]
TR(time=60000, nodes=100000)
Mutex(time=60000, nodes=100000, type=edeletion)
Aux(time=2000, nodes=1000000)
Disj(nodes=2147483647)
Estimation: min_time(1000) time_penalty +(1000)*(2) nodes_penalty +(1000)*(2)
MaxStep(time=30000, nodes=100000000, nodes_per_planning_second=100)
Ratio useful: 0
   Min alloted time: 60000 nodes: 10000000
   Max alloted time: 60000 nodes: 15000000
   Mult alloted time: 2 nodes: 2
   Ratio after relax: 0.8
building causal graph...done! [t=0.00166331s]
Sym variable order: 0 1 23 3 32 28 29 31 6 20 26 25 7 8 14 15 21 17 10 19 13 16 22 9 24 11 18 12 33 27 30 2 5 4 
Initializing Symbolic Variables
Num variables: 34 => 84
Initialize Symbolic Manager(168, 95238, 16000000, 0)
Generating binary variables
Symbolic Variables... Done.
BOUND: 1 < 2147483647, total time: 7.22986s
BOUND: 2 < 2147483647, total time: 7.23195s
BOUND: 3 < 2147483647, total time: 7.2379s
BOUND: 4 < 2147483647, total time: 7.23974s
BOUND: 5 < 2147483647, total time: 7.2429s
BOUND: 6 < 2147483647, total time: 7.25126s
BOUND: 7 < 2147483647, total time: 7.28466s
BOUND: 8 < 2147483647, total time: 7.30309s
BOUND: 9 < 2147483647, total time: 7.33901s
BOUND: 10 < 2147483647, total time: 7.63191s
BOUND: 11 < 2147483647, total time: 7.71302s
BOUND: 12 < 2147483647, total time: 7.83201s
BOUND: 13 < 2147483647, total time: 8.05607s
BOUND: 14 < 2147483647, total time: 8.70753s
BOUND: 15 < 2147483647, total time: 9.1302s
BOUND: 16 < 2147483647, total time: 9.89033s
BOUND: 17 < 2147483647, total time: 12.2305s
BOUND: 18 < 2147483647, total time: 13.721s
BOUND: 19 < 2147483647, total time: 16.3334s
BOUND: 20 < 2147483647, total time: 22.9331s
BOUND: 21 < 2147483647, total time: 29.7462s
BOUND: 22 < 2147483647, total time: 38.4482s
BOUND: 23 < 2147483647, total time: 60.3926s
BOUND: 24 < 2147483647, total time: 79.2628s
BOUND: 25 < 2147483647, total time: 116.537s
BOUND: 26 < 2147483647, total time: 191.587s
BOUND: 27 < 2147483647, total time: 269.679s
BOUND: 28 < 2147483647, total time: 421.525s
BOUND: 29 < 2147483647, total time: 545.21s
Solution found with cost 29 total time: 765.004s
Merging: 1
20 765.347 1 283
Merging: 5
19 765.413 1 283
Merging: 4
18 765.484 1 285
Merging: 4
17 765.551 1 234
Merging: 6
16 765.618 1 267
Merging: 4
15 765.686 1 267
Merging: 6
14 765.745 1 243
Merging: 4
13 765.803 1 287
Merging: 4
12 765.88 1 287
Merging: 5
11 765.95 1 287
Merging: 6
10 766.007 1 381
Merging: 6
9 766.093 1 442
Merging: 7
8 766.196 1 446
Merging: 7
7 766.296 1 415
Merging: 6
6 766.398 1 296
Merging: 7
5 766.468 1 230
Merging: 6
4 766.528 1 226
Merging: 7
3 766.59 1 223
Merging: 6
2 766.652 1 211
Merging: 5
1 766.71 1 180
Merging: 1
9 766.756 1 283
Merging: 4
8 766.766 1 285
Merging: 4
7 766.777 1 234
Merging: 4
6 766.787 1 185
Merging: 4
5 766.796 1 175
Merging: 6
4 766.804 1 222
Merging: 6
3 766.813 1 275
Merging: 7
2 766.821 1 288
Merging: 5
1 766.828 1 233
BOUND: 29 < 29, total time: 766.836s
Solution found with cost 29 total time: 766.909s
Merging: 1
20 766.909 1 148
Merging: 3
19 766.936 1 283
Merging: 4
18 766.985 1 285
Merging: 4
17 767.032 1 234
Merging: 6
16 767.074 1 267
Merging: 4
15 767.121 1 267
Merging: 6
14 767.167 1 243
Merging: 4
13 767.208 1 287
Merging: 4
12 767.256 1 287
Merging: 5
11 767.303 1 287
Merging: 6
10 767.348 1 381
Merging: 6
9 767.414 1 442
Merging: 7
8 767.492 1 446
Merging: 7
7 767.567 1 415
Merging: 6
6 767.637 1 296
Merging: 7
5 767.685 1 230
Merging: 6
4 767.725 1 226
Merging: 7
3 767.767 1 223
Merging: 6
2 767.809 1 211
Merging: 5
1 767.853 1 180
Merging: 1
9 767.885 1 148
Merging: 2
8 767.889 1 148
Merging: 1
7 767.893 1 148
Merging: 2
6 767.896 1 99
Merging: 1
5 767.899 1 99
Merging: 2
4 767.903 1 89
Merging: 3
3 767.906 1 146
Merging: 5
2 767.909 1 139
Merging: 4
1 767.912 1 159
Actual search time: 761.493s [t=768.724s]
lift hoist2 crate7 crate4 distributor0 (1)
load hoist2 crate7 truck0 distributor0 (1)
lift hoist2 crate4 crate3 distributor0 (1)
load hoist2 crate4 truck0 distributor0 (1)
lift hoist2 crate3 crate2 distributor0 (1)
load hoist2 crate3 truck0 distributor0 (1)
lift hoist2 crate2 pallet2 distributor0 (1)
load hoist2 crate2 truck0 distributor0 (1)
lift hoist1 crate1 pallet1 depot1 (1)
drive truck0 distributor0 depot1 (1)
load hoist1 crate1 truck0 depot1 (1)
unload hoist1 crate4 truck0 depot1 (1)
drop hoist1 crate4 pallet1 depot1 (1)
unload hoist1 crate3 truck0 depot1 (1)
lift hoist0 crate6 crate5 depot0 (1)
drive truck0 depot1 depot0 (1)
load hoist0 crate6 truck0 depot0 (1)
lift hoist0 crate5 pallet0 depot0 (1)
load hoist0 crate5 truck0 depot0 (1)
drop hoist1 crate3 crate4 depot1 (1)
unload hoist0 crate1 truck0 depot0 (1)
drop hoist0 crate1 pallet0 depot0 (1)
unload hoist0 crate6 truck0 depot0 (1)
drop hoist0 crate6 crate1 depot0 (1)
unload hoist0 crate2 truck0 depot0 (1)
drive truck0 depot0 distributor0 (1)
drop hoist0 crate2 crate6 depot0 (1)
unload hoist2 crate5 truck0 distributor0 (1)
drop hoist2 crate5 pallet2 distributor0 (1)
Plan length: 29 step(s).
Plan cost: 29
Bytes per state: 12
Search time: 768.176s
Total time: 768.724s
Solution found.
Peak memory: 1158968 KB
Running single search parser
