INFO     Running translator.
INFO     translator input: ['domain.pddl', 'problem.pddl']
INFO     translator arguments: []
INFO     translator time limit: None
INFO     translator memory limit: None
INFO     callstring: /usr/bin/python /mnt/data_server/torralba/subdominization/training/data/training_blocksworld/code-70296b3db083/builds/release32/bin/translate/translate.py domain.pddl problem.pddl
Parsing...
Parsing: [0.000s CPU, 0.006s wall-clock]
Normalizing task... [0.000s CPU, 0.000s wall-clock]
Instantiating...
Generating Datalog program... [0.000s CPU, 0.000s wall-clock]
Normalizing Datalog program...
Normalizing Datalog program: [0.000s CPU, 0.006s wall-clock]
Preparing model... [0.000s CPU, 0.001s wall-clock]
Generated 18 rules.
Computing model... [0.010s CPU, 0.005s wall-clock]
129 relevant atoms
72 auxiliary atoms
201 final queue length
359 total queue pushes
Completing instantiation... [0.000s CPU, 0.007s wall-clock]
Instantiating: [0.010s CPU, 0.022s wall-clock]
Computing fact groups...
Finding invariants...
7 initial candidates
Finding invariants: [0.010s CPU, 0.003s wall-clock]
Checking invariant weight... [0.000s CPU, 0.000s wall-clock]
Instantiating groups... [0.000s CPU, 0.000s wall-clock]
Collecting mutex groups... [0.000s CPU, 0.000s wall-clock]
Choosing groups...
4 uncovered facts
Choosing groups: [0.000s CPU, 0.000s wall-clock]
Building translation key... [0.000s CPU, 0.000s wall-clock]
Computing fact groups: [0.010s CPU, 0.005s wall-clock]
Building STRIPS to SAS dictionary... [0.000s CPU, 0.000s wall-clock]
Building dictionary for full mutex groups... [0.000s CPU, 0.000s wall-clock]
Building mutex information...
Building mutex information: [0.000s CPU, 0.000s wall-clock]
Translating task...
Processing axioms...
Simplifying axioms... [0.000s CPU, 0.000s wall-clock]
Processing axioms: [0.000s CPU, 0.000s wall-clock]
Translating task: [0.000s CPU, 0.007s wall-clock]
52 effect conditions simplified
0 implied preconditions added
Detecting unreachable propositions...
0 operators removed
0 axioms removed
4 propositions removed
Detecting unreachable propositions: [0.010s CPU, 0.004s wall-clock]
Translator variables: 8
Translator derived variables: 0
Translator facts: 28
Translator goal facts: 3
Translator mutex groups: 8
Translator total mutex groups size: 40
Translator operators: 64
Translator axioms: 0
Translator task size: 471
Translator peak memory: 43488 KB
Writing output... [0.000s CPU, 0.010s wall-clock]
Done! [0.030s CPU, 0.054s wall-clock]
INFO     Running preprocessor (release32).
INFO     preprocessor input: output.sas
INFO     preprocessor arguments: []
INFO     preprocessor time limit: None
INFO     preprocessor memory limit: None
INFO     callstring: /mnt/data_server/torralba/subdominization/training/data/training_blocksworld/code-70296b3db083/builds/release32/bin/preprocess < output.sas
Building causal graph...
The causal graph is not acyclic.
8 variables of 8 necessary
4 of 8 mutex groups necessary.
64 of 64 operators necessary.
0 of 0 axiom rules necessary.
Initializing mutex computation...
Mutex computation initialized with 28 fluents.
iteration for mutex detection and operator pruning
Initialize m_index fw
Initialized mvalues forward: reached=64, notReached=552, spurious=168
Initialize m_ops fw
Computing mutexes...
Mutex computation finished with reached=604, notReached=12, spurious=168
0 operators are spurious because were not triggered
H^2 mutexes added fw: 12, unreachable: 0
0 of 64 operators detected as spurious
iteration for mutex detection and operator pruning
Initialize m_index bw
Init values regression
Initialized mvalues backward: reached=94, notReached=510, spurious=180
Initialize m_ops bw
Computing mutexes...
Mutex computation finished with reached=460, notReached=144, spurious=180
16 operators are spurious because were not triggered
Unreachable proposition: Atom on(b4, b4)
Unreachable proposition: Atom on(b1, b1)
Unreachable proposition: Atom on(b2, b2)
Unreachable proposition: Atom on(b3, b3)
H^2 mutexes added bw: 0, unreachable: 4
0 of 48 operators detected as spurious
iteration for mutex detection and operator pruning
Initialize m_index fw
Initialized mvalues forward: reached=64, notReached=396, spurious=324
Initialize m_ops fw
Computing mutexes...
Mutex computation finished with reached=460, notReached=0, spurious=324
0 operators are spurious because were not triggered
H^2 mutexes added fw: 0, unreachable: 0
0 of 48 operators detected as spurious
Total mutex and disambiguation time: 0.001613 iterations: 3
10 of 10 mutex groups necessary.
48 of 64 operators necessary.
0 of 0 axiom rules necessary.
Change id of operators: 48
Change id of mutexes
Change id of goals
Change id of initial state
Remove unreachable facts from variables: 8
10 of 10 mutex groups necessary.
48 of 48 operators necessary.
0 of 0 axiom rules necessary.
Updating causal graph and pruning unnecessary facts
8 variables of 8 of 8 necessary
The causal graph is not acyclic.
8 variables of 8 necessary
10 of 10 mutex groups necessary.
48 of 48 operators necessary.
0 of 0 axiom rules necessary.
Building domain transition graphs...
solveable in poly time 0
Building successor generator...
Preprocessor variables: 8
Preprocessor facts: 24
Preprocessor derived variables: 0
Preprocessor operators: 48
Preprocessor mutex groups: 10
Preprocessor task size: 363
Writing output...
Preprocessor time: 0.00504267s
Preprocessor peak memory: 2096 KB
done
INFO     Running search (release32).
INFO     search input: output
INFO     search arguments: ['--search', 'sbd(store_operators_in_optimal_plan=true, cost_type=1)']
INFO     search time limit: 3600s
INFO     search memory limit: 4096 MB
INFO     search executable: /mnt/data_server/torralba/subdominization/training/data/training_blocksworld/code-70296b3db083/builds/release32/bin/downward
INFO     callstring: /mnt/data_server/torralba/subdominization/training/data/training_blocksworld/code-70296b3db083/builds/release32/bin/downward --search 'sbd(store_operators_in_optimal_plan=true, cost_type=1)' --internal-plan-file sas_plan < output
time limit 3600.00 -> (3600, 3601)
reading input... [t=0.000147328s]
done reading input! [t=0.00078334s]
packing state variables...done! [t=0.000794514s]
Variables: 8
FactPairs: 24
Bytes per state: 4
Building successor generator...done! [t=0.000886654s]
done initalizing global data [t=0.00089198s]
TR(time=60000, nodes=100000)
Mutex(time=60000, nodes=100000, type=edeletion)
Aux(time=2000, nodes=1000000)
Disj(nodes=2147483647)
Estimation: min_time(1000) time_penalty +(1000)*(2) nodes_penalty +(1000)*(2)
MaxStep(time=30000, nodes=100000000, nodes_per_planning_second=100)
Ratio useful: 0
   Min alloted time: 60000 nodes: 10000000
   Max alloted time: 60000 nodes: 15000000
   Mult alloted time: 2 nodes: 2
   Ratio after relax: 0.8
building causal graph...done! [t=7.8989e-05s]
Sym variable order: 0 6 2 3 4 1 5 7 
Initializing Symbolic Variables
Num variables: 8 => 12
Initialize Symbolic Manager(24, 666666, 16000000, 0)
Generating binary variables
Symbolic Variables... Done.
BOUND: 1 < 2147483647, total time: 0.289683s
BOUND: 2 < 2147483647, total time: 0.289794s
BOUND: 3 < 2147483647, total time: 0.289875s
BOUND: 4 < 2147483647, total time: 0.289941s
BOUND: 5 < 2147483647, total time: 0.290041s
Solution found with cost 5 total time: 0.29015s
Merging: 1
2 0.29091 1 13
Merging: 1
1 0.291162 1 13
Merging: 1
3 0.291401 1 13
Merging: 1
2 0.291528 1 13
Merging: 1
1 0.291639 1 13
BOUND: 5 < 5, total time: 0.291733s
Actual search time: 0.00221066s [t=0.291934s]
move-b-to-t b2 b1 (1)
move-b-to-t b1 b4 (1)
move-t-to-b b3 b4 (1)
move-t-to-b b2 b3 (1)
move-t-to-b b1 b2 (1)
Plan length: 5 step(s).
Plan cost: 5
Bytes per state: 4
Search time: 0.00509932s
Total time: 0.291945s
Solution found.
Peak memory: 245308 KB
Running single search parser
