INFO     Running translator.
INFO     translator input: ['domain.pddl', 'problem.pddl']
INFO     translator arguments: []
INFO     translator time limit: None
INFO     translator memory limit: None
INFO     callstring: /usr/bin/python /mnt/data_server/torralba/subdominization/training/data/training_satellite/code-70296b3db083/builds/release32/bin/translate/translate.py domain.pddl problem.pddl
Parsing...
Parsing: [0.000s CPU, 0.035s wall-clock]
Normalizing task... [0.000s CPU, 0.000s wall-clock]
Instantiating...
Generating Datalog program... [0.000s CPU, 0.001s wall-clock]
Normalizing Datalog program...
Normalizing Datalog program: [0.010s CPU, 0.010s wall-clock]
Preparing model... [0.000s CPU, 0.002s wall-clock]
Generated 31 rules.
Computing model... [0.040s CPU, 0.029s wall-clock]
1134 relevant atoms
237 auxiliary atoms
1371 final queue length
2147 total queue pushes
Completing instantiation... [0.040s CPU, 0.049s wall-clock]
Instantiating: [0.090s CPU, 0.098s wall-clock]
Computing fact groups...
Finding invariants...
12 initial candidates
Finding invariants: [0.010s CPU, 0.004s wall-clock]
Checking invariant weight... [0.000s CPU, 0.000s wall-clock]
Instantiating groups... [0.000s CPU, 0.000s wall-clock]
Collecting mutex groups... [0.000s CPU, 0.000s wall-clock]
Choosing groups...
86 uncovered facts
Choosing groups: [0.000s CPU, 0.000s wall-clock]
Building translation key... [0.000s CPU, 0.001s wall-clock]
Computing fact groups: [0.010s CPU, 0.007s wall-clock]
Building STRIPS to SAS dictionary... [0.000s CPU, 0.000s wall-clock]
Building dictionary for full mutex groups... [0.000s CPU, 0.000s wall-clock]
Building mutex information...
Building mutex information: [0.000s CPU, 0.000s wall-clock]
Translating task...
Processing axioms...
Simplifying axioms... [0.000s CPU, 0.000s wall-clock]
Processing axioms: [0.000s CPU, 0.002s wall-clock]
Translating task: [0.050s CPU, 0.050s wall-clock]
12 effect conditions simplified
0 implied preconditions added
Detecting unreachable propositions...
0 operators removed
0 axioms removed
2 propositions removed
Detecting unreachable propositions: [0.030s CPU, 0.032s wall-clock]
Translator variables: 88
Translator derived variables: 0
Translator facts: 210
Translator goal facts: 3
Translator mutex groups: 2
Translator total mutex groups size: 38
Translator operators: 858
Translator axioms: 0
Translator task size: 3243
Translator peak memory: 47120 KB
Writing output... [0.010s CPU, 0.018s wall-clock]
Done! [0.190s CPU, 0.244s wall-clock]
INFO     Running preprocessor (release32).
INFO     preprocessor input: output.sas
INFO     preprocessor arguments: []
INFO     preprocessor time limit: None
INFO     preprocessor memory limit: None
INFO     callstring: /mnt/data_server/torralba/subdominization/training/data/training_satellite/code-70296b3db083/builds/release32/bin/preprocess < output.sas
Building causal graph...
The causal graph is not acyclic.
15 variables of 88 necessary
0 of 2 mutex groups necessary.
712 of 858 operators necessary.
0 of 0 axiom rules necessary.
Initializing mutex computation...
Mutex computation initialized with 64 fluents.
iteration for mutex detection and operator pruning
Initialize m_index fw
Initialized mvalues forward: reached=225, notReached=3161, spurious=710
Initialize m_ops fw
Computing mutexes...
Mutex computation finished with reached=3370, notReached=16, spurious=710
0 operators are spurious because were not triggered
H^2 mutexes added fw: 16, unreachable: 0
0 of 712 operators detected as spurious
iteration for mutex detection and operator pruning
Initialize m_index bw
Init values regression
Initialized mvalues backward: reached=3001, notReached=369, spurious=726
Initialize m_ops bw
Computing mutexes...
Mutex computation finished with reached=3370, notReached=0, spurious=726
0 operators are spurious because were not triggered
H^2 mutexes added bw: 0, unreachable: 0
0 of 712 operators detected as spurious
Total mutex and disambiguation time: 0.014805 iterations: 2
8 of 8 mutex groups necessary.
712 of 712 operators necessary.
0 of 0 axiom rules necessary.
Change id of operators: 712
Change id of mutexes
Change id of goals
Change id of initial state
Remove unreachable facts from variables: 15
8 of 8 mutex groups necessary.
712 of 712 operators necessary.
0 of 0 axiom rules necessary.
Updating causal graph and pruning unnecessary facts
15 variables of 15 of 88 necessary
The causal graph is not acyclic.
15 variables of 15 necessary
8 of 8 mutex groups necessary.
712 of 712 operators necessary.
0 of 0 axiom rules necessary.
Building domain transition graphs...
solveable in poly time 0
Building successor generator...
Preprocessor variables: 15
Preprocessor facts: 64
Preprocessor derived variables: 0
Preprocessor operators: 712
Preprocessor mutex groups: 8
Preprocessor task size: 2272
Writing output...
Preprocessor time: 0.0358545s
Preprocessor peak memory: 2536 KB
done
INFO     Running search (release32).
INFO     search input: output
INFO     search arguments: ['--search', 'sbd(store_operators_in_optimal_plan=true, cost_type=1)']
INFO     search time limit: 3600s
INFO     search memory limit: 4096 MB
INFO     search executable: /mnt/data_server/torralba/subdominization/training/data/training_satellite/code-70296b3db083/builds/release32/bin/downward
INFO     callstring: /mnt/data_server/torralba/subdominization/training/data/training_satellite/code-70296b3db083/builds/release32/bin/downward --search 'sbd(store_operators_in_optimal_plan=true, cost_type=1)' --internal-plan-file sas_plan < output
time limit 3600.00 -> (3600, 3601)
reading input... [t=0.000182477s]
done reading input! [t=0.00516771s]
packing state variables...done! [t=0.00518147s]
Variables: 15
FactPairs: 64
Bytes per state: 4
Building successor generator...done! [t=0.00557244s]
done initalizing global data [t=0.00557958s]
TR(time=60000, nodes=100000)
Mutex(time=60000, nodes=100000, type=edeletion)
Aux(time=2000, nodes=1000000)
Disj(nodes=2147483647)
Estimation: min_time(1000) time_penalty +(1000)*(2) nodes_penalty +(1000)*(2)
MaxStep(time=30000, nodes=100000000, nodes_per_planning_second=100)
Ratio useful: 0
   Min alloted time: 60000 nodes: 10000000
   Max alloted time: 60000 nodes: 15000000
   Mult alloted time: 2 nodes: 2
   Ratio after relax: 0.8
building causal graph...done! [t=0.000101045s]
Sym variable order: 9 2 8 3 5 10 0 7 6 4 14 1 13 12 11 
Initializing Symbolic Variables
Num variables: 15 => 23
Initialize Symbolic Manager(46, 347826, 16000000, 0)
Generating binary variables
Symbolic Variables... Done.
BOUND: 1 < 2147483647, total time: 0.382355s
BOUND: 2 < 2147483647, total time: 0.382572s
BOUND: 3 < 2147483647, total time: 0.382892s
BOUND: 4 < 2147483647, total time: 0.383196s
BOUND: 5 < 2147483647, total time: 0.383573s
BOUND: 6 < 2147483647, total time: 0.384001s
BOUND: 7 < 2147483647, total time: 0.384507s
BOUND: 8 < 2147483647, total time: 0.38506s
BOUND: 9 < 2147483647, total time: 0.38569s
BOUND: 10 < 2147483647, total time: 0.386473s
BOUND: 11 < 2147483647, total time: 0.387292s
Solution found with cost 11 total time: 0.387978s
Merging: 1
5 0.398729 1 103
Merging: 13
4 0.417884 1 96
Merging: 10
3 0.43222 1 76
Merging: 7
2 0.444035 1 63
Merging: 4
1 0.454151 1 47
Merging: 1
6 0.461175 1 103
Merging: 13
5 0.470792 1 98
Merging: 12
4 0.476502 1 82
Merging: 11
3 0.481688 1 64
Merging: 7
2 0.48619 1 50
Merging: 6
1 0.490047 1 39
BOUND: 11 < 11, total time: 0.493612s
Actual search time: 0.111526s [t=0.49392s]
turn_to satellite1 groundstation1 phenomenon16 (1)
switch_on instrument3 satellite1 (1)
switch_on instrument0 satellite0 (1)
calibrate satellite1 instrument3 groundstation1 (1)
calibrate satellite0 instrument0 groundstation14 (1)
turn_to satellite0 phenomenon16 groundstation14 (1)
take_image satellite0 phenomenon16 instrument0 infrared2 (1)
turn_to satellite0 planet17 phenomenon16 (1)
take_image satellite0 planet17 instrument0 spectrograph3 (1)
turn_to satellite1 planet15 groundstation1 (1)
take_image satellite1 planet15 instrument3 spectrograph0 (1)
Plan length: 11 step(s).
Plan cost: 11
Bytes per state: 4
Search time: 0.124027s
Total time: 0.493931s
Solution found.
Peak memory: 240376 KB
Running single search parser
