INFO     Running translator.
INFO     translator input: ['domain.pddl', 'problem.pddl']
INFO     translator arguments: []
INFO     translator time limit: None
INFO     translator memory limit: None
INFO     callstring: /usr/bin/python /mnt/data_server/torralba/subdominization/training/data/training_agricola/code-70296b3db083/builds/release32/bin/translate/translate.py domain.pddl problem.pddl
Parsing...
Parsing: [0.020s CPU, 0.035s wall-clock]
Normalizing task... [0.010s CPU, 0.001s wall-clock]
Instantiating...
Generating Datalog program... [0.000s CPU, 0.004s wall-clock]
Normalizing Datalog program...
Normalizing Datalog program: [0.010s CPU, 0.014s wall-clock]
Preparing model... [0.010s CPU, 0.011s wall-clock]
Generated 258 rules.
Computing model... [1.470s CPU, 1.476s wall-clock]
60055 relevant atoms
1572 auxiliary atoms
61627 final queue length
223775 total queue pushes
Completing instantiation... [10.770s CPU, 10.796s wall-clock]
Instantiating: [12.280s CPU, 12.389s wall-clock]
Computing fact groups...
Finding invariants...
44 initial candidates
Finding invariants: [0.170s CPU, 0.170s wall-clock]
Checking invariant weight... [0.000s CPU, 0.000s wall-clock]
Instantiating groups... [0.000s CPU, 0.002s wall-clock]
Collecting mutex groups... [0.000s CPU, 0.000s wall-clock]
Choosing groups...
104 uncovered facts
Choosing groups: [0.000s CPU, 0.000s wall-clock]
Building translation key... [0.000s CPU, 0.001s wall-clock]
Computing fact groups: [0.180s CPU, 0.175s wall-clock]
Building STRIPS to SAS dictionary... [0.000s CPU, 0.000s wall-clock]
Building dictionary for full mutex groups... [0.000s CPU, 0.000s wall-clock]
Building mutex information...
Building mutex information: [0.000s CPU, 0.000s wall-clock]
Translating task...
Processing axioms...
Simplifying axioms... [0.000s CPU, 0.000s wall-clock]
Processing axioms: [0.360s CPU, 0.359s wall-clock]
Translating task: [6.960s CPU, 6.982s wall-clock]
63815 effect conditions simplified
0 implied preconditions added
Detecting unreachable propositions...
0 operators removed
0 axioms removed
36 propositions removed
Detecting unreachable propositions: [3.210s CPU, 3.220s wall-clock]
Translator variables: 101
Translator derived variables: 0
Translator facts: 239
Translator goal facts: 1
Translator mutex groups: 8
Translator total mutex groups size: 53
Translator operators: 59407
Translator axioms: 0
Translator task size: 667279
Translator peak memory: 658024 KB
Writing output... [0.990s CPU, 1.247s wall-clock]
Done! [23.910s CPU, 24.308s wall-clock]
INFO     Running preprocessor (release32).
INFO     preprocessor input: output.sas
INFO     preprocessor arguments: []
INFO     preprocessor time limit: None
INFO     preprocessor memory limit: None
INFO     callstring: /mnt/data_server/torralba/subdominization/training/data/training_agricola/code-70296b3db083/builds/release32/bin/preprocess < output.sas
Building causal graph...
The causal graph is not acyclic.
95 variables of 101 necessary
0 of 8 mutex groups necessary.
59407 of 59407 operators necessary.
0 of 0 axiom rules necessary.
Initializing mutex computation...
Mutex computation initialized with 227 fluents.
iteration for mutex detection and operator pruning
Initialize m_index fw
Initialized mvalues forward: reached=9025, notReached=41904, spurious=600
Initialize m_ops fw
Computing mutexes...
Mutex computation finished with reached=46043, notReached=4886, spurious=600
37580 operators are spurious because were not triggered
Unreachable proposition: Atom harvest_phase(stage4, harvest_feeding)
Unreachable proposition: Atom harvest_phase(stage4, harvest_breeding)
H^2 mutexes added fw: 3986, unreachable: 2
0 of 21827 operators detected as spurious
iteration for mutex detection and operator pruning
Initialize m_index bw
Init values regression
Initialized mvalues backward: reached=31395, notReached=14648, spurious=5486
Initialize m_ops bw
Computing mutexes...
Mutex computation finished with reached=46019, notReached=24, spurious=5486
0 operators are spurious because were not triggered
H^2 mutexes added bw: 24, unreachable: 0
0 of 21827 operators detected as spurious
iteration for mutex detection and operator pruning
Initialize m_index fw
Initialized mvalues forward: reached=9025, notReached=36994, spurious=5510
Initialize m_ops fw
Computing mutexes...
Mutex computation finished with reached=46019, notReached=0, spurious=5510
0 operators are spurious because were not triggered
H^2 mutexes added fw: 0, unreachable: 0
0 of 21827 operators detected as spurious
Total mutex and disambiguation time: 8.39915 iterations: 3
2005 of 2005 mutex groups necessary.
21827 of 59407 operators necessary.
0 of 0 axiom rules necessary.
Change id of operators: 21827
Change id of mutexes
Change id of goals
Change id of initial state
Remove unreachable facts from variables: 95
2005 of 2005 mutex groups necessary.
21827 of 21827 operators necessary.
0 of 0 axiom rules necessary.
Updating causal graph and pruning unnecessary facts
93 variables of 95 of 101 necessary
The causal graph is not acyclic.
92 variables of 93 necessary
1954 of 2005 mutex groups necessary.
21827 of 21827 operators necessary.
0 of 0 axiom rules necessary.
Building domain transition graphs...
solveable in poly time 0
Building successor generator...
Preprocessor variables: 92
Preprocessor facts: 221
Preprocessor derived variables: 0
Preprocessor operators: 21827
Preprocessor mutex groups: 1954
Preprocessor task size: 232055
Writing output...
Preprocessor time: 10.6485s
Preprocessor peak memory: 136844 KB
done
INFO     Running search (release32).
INFO     search input: output
INFO     search arguments: ['--search', 'sbw(store_operators_in_optimal_plan=true, cost_type=1)']
INFO     search time limit: 3600s
INFO     search memory limit: 4096 MB
INFO     search executable: /mnt/data_server/torralba/subdominization/training/data/training_agricola/code-70296b3db083/builds/release32/bin/downward
INFO     callstring: /mnt/data_server/torralba/subdominization/training/data/training_agricola/code-70296b3db083/builds/release32/bin/downward --search 'sbw(store_operators_in_optimal_plan=true, cost_type=1)' --internal-plan-file sas_plan < output
time limit 3600.00 -> (3600, 3601)
reading input... [t=0.000101421s]
done reading input! [t=0.270975s]
packing state variables...done! [t=0.271006s]
Variables: 92
FactPairs: 221
Bytes per state: 16
Building successor generator...done! [t=0.366077s]
done initalizing global data [t=0.366096s]
TR(time=60000, nodes=100000)
Mutex(time=60000, nodes=100000, type=edeletion)
Aux(time=2000, nodes=1000000)
Disj(nodes=2147483647)
Estimation: min_time(1000) time_penalty +(1000)*(2) nodes_penalty +(1000)*(2)
MaxStep(time=30000, nodes=100000000, nodes_per_planning_second=100)
Ratio useful: 0
   Min alloted time: 60000 nodes: 10000000
   Max alloted time: 60000 nodes: 15000000
   Mult alloted time: 2 nodes: 2
   Ratio after relax: 0.8
building causal graph...done! [t=0.0281952s]
Sym variable order: 91 7 6 45 46 47 42 43 44 64 63 65 11 1 9 10 8 17 20 21 22 18 15 19 38 53 52 37 28 36 26 35 24 40 13 14 77 85 48 50 51 49 57 83 67 66 80 90 88 34 16 41 62 60 84 73 32 33 39 89 12 25 31 27 29 23 30 78 79 72 68 70 69 71 82 81 61 58 59 75 74 76 55 54 56 87 86 3 2 5 4 0 
Initializing Symbolic Variables
Num variables: 92 => 109
Initialize Symbolic Manager(218, 73394, 16000000, 0)
Generating binary variables
Symbolic Variables... Done.
BOUND: 1 < 2147483647, total time: 2.61902s
BOUND: 2 < 2147483647, total time: 2.63302s
BOUND: 3 < 2147483647, total time: 2.63602s
BOUND: 4 < 2147483647, total time: 2.63819s
BOUND: 5 < 2147483647, total time: 2.64067s
BOUND: 6 < 2147483647, total time: 2.64437s
BOUND: 7 < 2147483647, total time: 2.65452s
BOUND: 8 < 2147483647, total time: 2.78437s
BOUND: 9 < 2147483647, total time: 3.33571s
BOUND: 10 < 2147483647, total time: 4.84293s
BOUND: 11 < 2147483647, total time: 7.62334s
BOUND: 12 < 2147483647, total time: 11.9559s
BOUND: 13 < 2147483647, total time: 15.1724s
BOUND: 14 < 2147483647, total time: 17.1589s
BOUND: 15 < 2147483647, total time: 18.2921s
BOUND: 16 < 2147483647, total time: 20.102s
BOUND: 17 < 2147483647, total time: 22.8925s
BOUND: 18 < 2147483647, total time: 29.1451s
BOUND: 19 < 2147483647, total time: 33.9982s
BOUND: 20 < 2147483647, total time: 39.1519s
BOUND: 21 < 2147483647, total time: 43.4389s
BOUND: 22 < 2147483647, total time: 45.6495s
BOUND: 23 < 2147483647, total time: 46.6463s
BOUND: 24 < 2147483647, total time: 47.3691s
BOUND: 25 < 2147483647, total time: 48.5509s
BOUND: 26 < 2147483647, total time: 51.4055s
BOUND: 27 < 2147483647, total time: 53.1977s
BOUND: 28 < 2147483647, total time: 55.7955s
BOUND: 29 < 2147483647, total time: 59.5472s
BOUND: 30 < 2147483647, total time: 65.0203s
BOUND: 31 < 2147483647, total time: 74.3772s
BOUND: 32 < 2147483647, total time: 81.0749s
BOUND: 33 < 2147483647, total time: 88.0242s
BOUND: 34 < 2147483647, total time: 97.4547s
BOUND: 35 < 2147483647, total time: 102.706s
BOUND: 36 < 2147483647, total time: 106.206s
BOUND: 37 < 2147483647, total time: 109.12s
BOUND: 38 < 2147483647, total time: 112.663s
BOUND: 39 < 2147483647, total time: 118.766s
BOUND: 40 < 2147483647, total time: 122.076s
BOUND: 41 < 2147483647, total time: 124.551s
BOUND: 42 < 2147483647, total time: 126.797s
BOUND: 43 < 2147483647, total time: 129.228s
BOUND: 44 < 2147483647, total time: 131.75s
BOUND: 45 < 2147483647, total time: 135.817s
BOUND: 46 < 2147483647, total time: 136.881s
BOUND: 47 < 2147483647, total time: 137.499s
BOUND: 48 < 2147483647, total time: 137.884s
BOUND: 49 < 2147483647, total time: 138.297s
BOUND: 50 < 2147483647, total time: 138.824s
BOUND: 51 < 2147483647, total time: 139.272s
BOUND: 52 < 2147483647, total time: 139.536s
BOUND: 53 < 2147483647, total time: 139.646s
Solution found with cost 53 total time: 139.68s
Merging: 1
53 141.095 1 110
Merging: 8
52 141.156 1 392
Merging: 8
51 141.282 1 354
Merging: 1
50 141.394 1 354
Merging: 7
49 141.504 1 129
Merging: 1
48 141.588 1 129
Merging: 11
47 141.677 1 570
Merging: 11
46 141.811 1 513
Merging: 1
45 141.926 1 513
Merging: 7
44 142.036 1 159
Merging: 1
43 142.121 1 159
Merging: 17
42 142.21 1 743
Merging: 17
41 142.351 1 681
Merging: 1
40 142.469 1 681
Merging: 7
39 142.583 1 212
Merging: 1
38 142.668 1 212
Merging: 20
37 142.759 1 1201
Merging: 20
36 142.913 1 1112
Merging: 1
35 143.035 1 1112
Merging: 7
34 143.152 1 262
Merging: 1
33 143.237 1 262
Merging: 1
32 143.294 1 262
Merging: 1
31 143.375 1 262
Merging: 1
30 143.424 1 262
Merging: 22
29 143.52 1 1552
Merging: 24
28 143.7 1 4558
Merging: 1
27 144.064 1 4558
Merging: 7
26 144.379 1 426
Merging: 1
25 144.466 1 426
Merging: 44
24 144.569 1 2700
Merging: 59
23 144.84 1 8716
Merging: 1
22 145.434 1 8716
Merging: 7
21 146.038 1 750
Merging: 1
20 146.137 1 750
Merging: 93
19 146.259 1 3573
Merging: 93
18 146.594 1 10270
Merging: 1
17 147.189 1 10270
Merging: 7
16 147.718 1 747
Merging: 1
15 147.814 1 747
Merging: 13
14 147.875 1 746
Merging: 1
13 147.964 1 746
Merging: 1
12 148.016 1 746
Merging: 91
11 148.142 1 5407
Merging: 108
10 148.613 1 26860
Merging: 1
9 149.685 1 26860
Merging: 7
8 150.586 1 1468
Merging: 1
7 150.685 1 1468
Merging: 136
6 150.837 1 7744
Merging: 133
5 151.4 1 24929
Merging: 2
4 152.49 1 24983
Merging: 7
3 153.358 1 1524
Merging: 1
2 153.456 1 1524
Merging: 26
1 153.518 1 1525
BOUND: 53 < 53, total time: 153.614s
Actual search time: 150.998s [t=153.617s]
collect_resource worker2 worker1 worker2 round1 act_clay clay (60)
take_food worker1 noworker worker2 round1 num0 num1 (60)
ag__finish_round_backhome round1 worker2 (1)
ag__finish_round_renew round1 noworker (1)
ag__advance_round_normal round1 round2 act_fences (1)
build_fences boar worker2 worker1 worker2 round2 (60)
take_food worker1 noworker worker2 round2 num1 num2 (60)
ag__finish_round_backhome round2 worker2 (1)
ag__finish_round_renew round2 noworker (1)
ag__advance_round_normal round2 round3 act_sow (1)
build_fences boar worker2 worker1 worker2 round3 (60)
take_food worker1 noworker worker2 round3 num2 num3 (60)
ag__finish_round_backhome round3 worker2 (1)
ag__finish_round_renew round3 noworker (1)
ag__advance_round_normal round3 round4 act_sheep (1)
build_fences boar worker2 worker1 worker2 round4 (60)
take_food worker1 noworker worker2 round4 num3 num4 (60)
ag__finish_round_backhome round4 worker2 (1)
ag__finish_round_renew round4 noworker (1)
ag__harvest_collect_end round4 stage1 (1)
ag__harvest_feed round4 stage1 worker2 num4 num4 num0 (1)
ag__harvest_breed_end round4 stage1 (1)
ag__finish_stage stage1 stage2 round4 round5 act_improve (1)
build_fences boar worker2 worker1 worker2 round5 (60)
collect_animal boar act_sheep worker1 noworker worker2 round5 (60)
ag__finish_round_backhome round5 worker2 (1)
ag__finish_round_renew round5 noworker (1)
ag__advance_round_normal round5 round6 act_cattle (1)
collect_resource worker2 worker1 worker2 round6 act_stone stone (60)
improve_home worker1 noworker worker2 round6 fireplace (60)
ag__finish_round_backhome round6 worker2 (1)
ag__finish_round_renew round6 noworker (1)
ag__advance_round_normal round6 round7 act_boar (1)
collect_cook_animal boar act_boar worker2 worker1 worker2 round7 num0 num2 (60)
collect_cook_animal boar act_cattle worker1 noworker worker2 round7 num2 num4 (60)
ag__finish_round_backhome round7 worker2 (1)
ag__finish_round_renew round7 noworker (1)
ag__harvest_collect_end round7 stage2 (1)
ag__harvest_feed round7 stage2 worker2 num4 num4 num0 (1)
ag__harvest_breed_end round7 stage2 (1)
ag__finish_stage stage2 stage3 round7 round8 act_carrot (1)
build_fences boar worker2 worker1 worker2 round8 (60)
collect_cook_animal boar act_sheep worker1 noworker worker2 round8 num0 num2 (60)
ag__finish_round_backhome round8 worker2 (1)
ag__finish_round_renew round8 noworker (1)
ag__advance_round_normal round8 round9 void (1)
build_fences boar worker2 worker1 worker2 round9 (60)
collect_cook_animal boar act_sheep worker1 noworker worker2 round9 num2 num4 (60)
ag__finish_round_backhome round9 worker2 (1)
ag__finish_round_renew round9 noworker (1)
ag__harvest_collect_end round9 stage3 (1)
ag__harvest_feed round9 stage3 worker2 num4 num4 num0 (1)
ag__harvest_breed_end round9 stage3 (1)
Plan length: 53 step(s).
Plan cost: 1115
Bytes per state: 16
Search time: 152.021s
Total time: 153.617s
Solution found.
Peak memory: 707060 KB
Running single search parser
