INFO     Running translator.
INFO     translator input: ['domain.pddl', 'problem.pddl']
INFO     translator arguments: []
INFO     translator time limit: None
INFO     translator memory limit: None
INFO     callstring: /usr/bin/python /mnt/data_server/torralba/subdominization/training/data/training_satellite/code-70296b3db083/builds/release32/bin/translate/translate.py domain.pddl problem.pddl
Parsing...
Parsing: [0.010s CPU, 0.027s wall-clock]
Normalizing task... [0.000s CPU, 0.000s wall-clock]
Instantiating...
Generating Datalog program... [0.010s CPU, 0.001s wall-clock]
Normalizing Datalog program...
Normalizing Datalog program: [0.000s CPU, 0.006s wall-clock]
Preparing model... [0.000s CPU, 0.002s wall-clock]
Generated 31 rules.
Computing model... [0.020s CPU, 0.017s wall-clock]
554 relevant atoms
241 auxiliary atoms
795 final queue length
1130 total queue pushes
Completing instantiation... [0.020s CPU, 0.021s wall-clock]
Instantiating: [0.050s CPU, 0.054s wall-clock]
Computing fact groups...
Finding invariants...
12 initial candidates
Finding invariants: [0.000s CPU, 0.003s wall-clock]
Checking invariant weight... [0.000s CPU, 0.000s wall-clock]
Instantiating groups... [0.000s CPU, 0.000s wall-clock]
Collecting mutex groups... [0.000s CPU, 0.000s wall-clock]
Choosing groups...
37 uncovered facts
Choosing groups: [0.000s CPU, 0.000s wall-clock]
Building translation key... [0.000s CPU, 0.001s wall-clock]
Computing fact groups: [0.000s CPU, 0.005s wall-clock]
Building STRIPS to SAS dictionary... [0.000s CPU, 0.000s wall-clock]
Building dictionary for full mutex groups... [0.000s CPU, 0.000s wall-clock]
Building mutex information...
Building mutex information: [0.000s CPU, 0.000s wall-clock]
Translating task...
Processing axioms...
Simplifying axioms... [0.000s CPU, 0.000s wall-clock]
Processing axioms: [0.000s CPU, 0.001s wall-clock]
Translating task: [0.020s CPU, 0.023s wall-clock]
24 effect conditions simplified
0 implied preconditions added
Detecting unreachable propositions...
0 operators removed
0 axioms removed
3 propositions removed
Detecting unreachable propositions: [0.020s CPU, 0.013s wall-clock]
Translator variables: 40
Translator derived variables: 0
Translator facts: 101
Translator goal facts: 4
Translator mutex groups: 3
Translator total mutex groups size: 27
Translator operators: 366
Translator axioms: 0
Translator task size: 1554
Translator peak memory: 44920 KB
Writing output... [0.000s CPU, 0.007s wall-clock]
Done! [0.100s CPU, 0.131s wall-clock]
INFO     Running preprocessor (release32).
INFO     preprocessor input: output.sas
INFO     preprocessor arguments: []
INFO     preprocessor time limit: None
INFO     preprocessor memory limit: None
INFO     callstring: /mnt/data_server/torralba/subdominization/training/data/training_satellite/code-70296b3db083/builds/release32/bin/preprocess < output.sas
Building causal graph...
The causal graph is not acyclic.
23 variables of 40 necessary
0 of 3 mutex groups necessary.
253 of 366 operators necessary.
0 of 0 axiom rules necessary.
Initializing mutex computation...
Mutex computation initialized with 67 fluents.
iteration for mutex detection and operator pruning
Initialize m_index fw
Initialized mvalues forward: reached=529, notReached=3704, spurious=256
Initialize m_ops fw
Computing mutexes...
Mutex computation finished with reached=4197, notReached=36, spurious=256
0 operators are spurious because were not triggered
H^2 mutexes added fw: 36, unreachable: 0
0 of 253 operators detected as spurious
iteration for mutex detection and operator pruning
Initialize m_index bw
Init values regression
Initialized mvalues backward: reached=2257, notReached=1940, spurious=292
Initialize m_ops bw
Computing mutexes...
Mutex computation finished with reached=4197, notReached=0, spurious=292
0 operators are spurious because were not triggered
H^2 mutexes added bw: 0, unreachable: 0
0 of 253 operators detected as spurious
Total mutex and disambiguation time: 0.006626 iterations: 2
18 of 18 mutex groups necessary.
253 of 253 operators necessary.
0 of 0 axiom rules necessary.
Change id of operators: 253
Change id of mutexes
Change id of goals
Change id of initial state
Remove unreachable facts from variables: 23
18 of 18 mutex groups necessary.
253 of 253 operators necessary.
0 of 0 axiom rules necessary.
Updating causal graph and pruning unnecessary facts
23 variables of 23 of 40 necessary
The causal graph is not acyclic.
23 variables of 23 necessary
18 of 18 mutex groups necessary.
253 of 253 operators necessary.
0 of 0 axiom rules necessary.
Building domain transition graphs...
solveable in poly time 0
Building successor generator...
Preprocessor variables: 23
Preprocessor facts: 67
Preprocessor derived variables: 0
Preprocessor operators: 253
Preprocessor mutex groups: 18
Preprocessor task size: 947
Writing output...
Preprocessor time: 0.0162242s
Preprocessor peak memory: 2252 KB
done
INFO     Running search (release32).
INFO     search input: output
INFO     search arguments: ['--search', 'sbd(store_operators_in_optimal_plan=true, cost_type=1)']
INFO     search time limit: 3600s
INFO     search memory limit: 4096 MB
INFO     search executable: /mnt/data_server/torralba/subdominization/training/data/training_satellite/code-70296b3db083/builds/release32/bin/downward
INFO     callstring: /mnt/data_server/torralba/subdominization/training/data/training_satellite/code-70296b3db083/builds/release32/bin/downward --search 'sbd(store_operators_in_optimal_plan=true, cost_type=1)' --internal-plan-file sas_plan < output
time limit 3600.00 -> (3600, 3601)
reading input... [t=0.000140784s]
done reading input! [t=0.00224167s]
packing state variables...done! [t=0.00225785s]
Variables: 23
FactPairs: 67
Bytes per state: 4
Building successor generator...done! [t=0.00246542s]
done initalizing global data [t=0.00247145s]
TR(time=60000, nodes=100000)
Mutex(time=60000, nodes=100000, type=edeletion)
Aux(time=2000, nodes=1000000)
Disj(nodes=2147483647)
Estimation: min_time(1000) time_penalty +(1000)*(2) nodes_penalty +(1000)*(2)
MaxStep(time=30000, nodes=100000000, nodes_per_planning_second=100)
Ratio useful: 0
   Min alloted time: 60000 nodes: 10000000
   Max alloted time: 60000 nodes: 15000000
   Mult alloted time: 2 nodes: 2
   Ratio after relax: 0.8
building causal graph...done! [t=0.000112487s]
Sym variable order: 10 11 12 1 3 9 6 5 7 0 21 22 8 4 2 18 16 20 19 13 15 17 14 
Initializing Symbolic Variables
Num variables: 23 => 32
Initialize Symbolic Manager(64, 250000, 16000000, 0)
Generating binary variables
Symbolic Variables... Done.
BOUND: 1 < 2147483647, total time: 0.440122s
BOUND: 2 < 2147483647, total time: 0.44034s
BOUND: 3 < 2147483647, total time: 0.44062s
BOUND: 4 < 2147483647, total time: 0.441075s
BOUND: 5 < 2147483647, total time: 0.441419s
BOUND: 6 < 2147483647, total time: 0.441884s
BOUND: 7 < 2147483647, total time: 0.442868s
BOUND: 8 < 2147483647, total time: 0.443581s
Solution found with cost 8 total time: 0.444472s
Merging: 1
5 0.449542 1 92
Merging: 12
4 0.456286 1 99
Merging: 11
3 0.462421 1 92
Merging: 9
2 0.467936 1 91
Merging: 6
1 0.473261 1 70
Merging: 1
3 0.477311 1 92
Merging: 10
2 0.481143 1 95
Merging: 10
1 0.483645 1 80
BOUND: 8 < 8, total time: 0.485662s
Actual search time: 0.045822s [t=0.485981s]
turn_to satellite1 star1 phenomenon5 (1)
switch_on instrument1 satellite0 (1)
calibrate satellite0 instrument1 star1 (1)
turn_to satellite0 phenomenon5 star1 (1)
take_image satellite0 phenomenon5 instrument1 infrared0 (1)
turn_to satellite0 phenomenon7 phenomenon5 (1)
take_image satellite0 phenomenon7 instrument1 infrared0 (1)
turn_to satellite0 groundstation3 phenomenon7 (1)
Plan length: 8 step(s).
Plan cost: 8
Bytes per state: 4
Search time: 0.0532373s
Total time: 0.485992s
Solution found.
Peak memory: 210292 KB
Running single search parser
