INFO     Running translator.
INFO     translator input: ['domain.pddl', 'problem.pddl']
INFO     translator arguments: []
INFO     translator time limit: None
INFO     translator memory limit: None
INFO     callstring: /usr/bin/python /mnt/data_server/torralba/subdominization/training/data/training_depots/code-70296b3db083/builds/release32/bin/translate/translate.py domain.pddl problem.pddl
Parsing...
Parsing: [0.020s CPU, 0.008s wall-clock]
Normalizing task... [0.000s CPU, 0.000s wall-clock]
Instantiating...
Generating Datalog program... [0.000s CPU, 0.001s wall-clock]
Normalizing Datalog program...
Normalizing Datalog program: [0.000s CPU, 0.006s wall-clock]
Preparing model... [0.010s CPU, 0.003s wall-clock]
Generated 43 rules.
Computing model... [0.030s CPU, 0.039s wall-clock]
777 relevant atoms
724 auxiliary atoms
1501 final queue length
2709 total queue pushes
Completing instantiation... [0.060s CPU, 0.058s wall-clock]
Instantiating: [0.100s CPU, 0.125s wall-clock]
Computing fact groups...
Finding invariants...
16 initial candidates
Finding invariants: [0.010s CPU, 0.016s wall-clock]
Checking invariant weight... [0.010s CPU, 0.001s wall-clock]
Instantiating groups... [0.000s CPU, 0.007s wall-clock]
Collecting mutex groups... [0.000s CPU, 0.000s wall-clock]
Choosing groups...
22 uncovered facts
Choosing groups: [0.010s CPU, 0.001s wall-clock]
Building translation key... [0.000s CPU, 0.001s wall-clock]
Computing fact groups: [0.030s CPU, 0.029s wall-clock]
Building STRIPS to SAS dictionary... [0.000s CPU, 0.000s wall-clock]
Building dictionary for full mutex groups... [0.000s CPU, 0.001s wall-clock]
Building mutex information...
Building mutex information: [0.000s CPU, 0.001s wall-clock]
Translating task...
Processing axioms...
Simplifying axioms... [0.000s CPU, 0.000s wall-clock]
Processing axioms: [0.000s CPU, 0.003s wall-clock]
Translating task: [0.070s CPU, 0.068s wall-clock]
624 effect conditions simplified
0 implied preconditions added
Detecting unreachable propositions...
0 operators removed
0 axioms removed
30 propositions removed
Detecting unreachable propositions: [0.030s CPU, 0.032s wall-clock]
Translator variables: 28
Translator derived variables: 0
Translator facts: 156
Translator goal facts: 5
Translator mutex groups: 28
Translator total mutex groups size: 286
Translator operators: 480
Translator axioms: 0
Translator task size: 4507
Translator peak memory: 47932 KB
Writing output... [0.010s CPU, 0.032s wall-clock]
Done! [0.270s CPU, 0.299s wall-clock]
INFO     Running preprocessor (release32).
INFO     preprocessor input: output.sas
INFO     preprocessor arguments: []
INFO     preprocessor time limit: None
INFO     preprocessor memory limit: None
INFO     callstring: /mnt/data_server/torralba/subdominization/training/data/training_depots/code-70296b3db083/builds/release32/bin/preprocess < output.sas
Building causal graph...
The causal graph is not acyclic.
28 variables of 28 necessary
20 of 28 mutex groups necessary.
480 of 480 operators necessary.
0 of 0 axiom rules necessary.
Initializing mutex computation...
Mutex computation initialized with 156 fluents.
iteration for mutex detection and operator pruning
Initialize m_index fw
Initialized mvalues forward: reached=784, notReached=20884, spurious=2668
Initialize m_ops fw
Computing mutexes...
Mutex computation finished with reached=21314, notReached=354, spurious=2668
72 operators are spurious because were not triggered
H^2 mutexes added fw: 354, unreachable: 0
0 of 408 operators detected as spurious
iteration for mutex detection and operator pruning
Initialize m_index bw
Init values regression
Initialized mvalues backward: reached=3576, notReached=17738, spurious=3022
Initialize m_ops bw
Computing mutexes...
Mutex computation finished with reached=21314, notReached=0, spurious=3022
0 operators are spurious because were not triggered
H^2 mutexes added bw: 0, unreachable: 0
0 of 408 operators detected as spurious
Total mutex and disambiguation time: 0.040676 iterations: 2
197 of 197 mutex groups necessary.
408 of 480 operators necessary.
0 of 0 axiom rules necessary.
Change id of operators: 408
Change id of mutexes
Change id of goals
Change id of initial state
Remove unreachable facts from variables: 28
197 of 197 mutex groups necessary.
408 of 408 operators necessary.
0 of 0 axiom rules necessary.
Updating causal graph and pruning unnecessary facts
28 variables of 28 of 28 necessary
The causal graph is not acyclic.
28 variables of 28 necessary
197 of 197 mutex groups necessary.
408 of 408 operators necessary.
0 of 0 axiom rules necessary.
Building domain transition graphs...
solveable in poly time 0
Building successor generator...
Preprocessor variables: 28
Preprocessor facts: 156
Preprocessor derived variables: 0
Preprocessor operators: 408
Preprocessor mutex groups: 197
Preprocessor task size: 4043
Writing output...
Preprocessor time: 0.0888054s
Preprocessor peak memory: 2756 KB
done
INFO     Running search (release32).
INFO     search input: output
INFO     search arguments: ['--search', 'sbd(store_operators_in_optimal_plan=true, cost_type=1)']
INFO     search time limit: 3600s
INFO     search memory limit: 4096 MB
INFO     search executable: /mnt/data_server/torralba/subdominization/training/data/training_depots/code-70296b3db083/builds/release32/bin/downward
INFO     callstring: /mnt/data_server/torralba/subdominization/training/data/training_depots/code-70296b3db083/builds/release32/bin/downward --search 'sbd(store_operators_in_optimal_plan=true, cost_type=1)' --internal-plan-file sas_plan < output
time limit 3600.00 -> (3600, 3601)
reading input... [t=0.000158458s]
done reading input! [t=0.00821919s]
packing state variables...done! [t=0.00824773s]
Variables: 28
FactPairs: 156
Bytes per state: 8
Building successor generator...done! [t=0.00951367s]
done initalizing global data [t=0.00952714s]
TR(time=60000, nodes=100000)
Mutex(time=60000, nodes=100000, type=edeletion)
Aux(time=2000, nodes=1000000)
Disj(nodes=2147483647)
Estimation: min_time(1000) time_penalty +(1000)*(2) nodes_penalty +(1000)*(2)
MaxStep(time=30000, nodes=100000000, nodes_per_planning_second=100)
Ratio useful: 0
   Min alloted time: 60000 nodes: 10000000
   Max alloted time: 60000 nodes: 15000000
   Mult alloted time: 2 nodes: 2
   Ratio after relax: 0.8
building causal graph...done! [t=0.00107931s]
Sym variable order: 0 1 15 14 17 21 25 6 23 27 26 11 9 12 7 8 16 22 18 19 20 10 13 24 3 2 4 5 
Initializing Symbolic Variables
Num variables: 28 => 60
Initialize Symbolic Manager(120, 133333, 16000000, 0)
Generating binary variables
Symbolic Variables... Done.
BOUND: 1 < 2147483647, total time: 1.09682s
BOUND: 2 < 2147483647, total time: 1.09792s
BOUND: 3 < 2147483647, total time: 1.10288s
BOUND: 4 < 2147483647, total time: 1.10372s
BOUND: 5 < 2147483647, total time: 1.10483s
BOUND: 6 < 2147483647, total time: 1.10685s
BOUND: 7 < 2147483647, total time: 1.11115s
BOUND: 8 < 2147483647, total time: 1.13s
BOUND: 9 < 2147483647, total time: 1.13893s
BOUND: 10 < 2147483647, total time: 1.15397s
BOUND: 11 < 2147483647, total time: 1.17993s
BOUND: 12 < 2147483647, total time: 1.26268s
BOUND: 13 < 2147483647, total time: 1.30854s
BOUND: 14 < 2147483647, total time: 1.39139s
BOUND: 15 < 2147483647, total time: 1.53737s
BOUND: 16 < 2147483647, total time: 1.74209s
BOUND: 17 < 2147483647, total time: 1.98822s
BOUND: 18 < 2147483647, total time: 2.46486s
BOUND: 19 < 2147483647, total time: 2.89958s
BOUND: 20 < 2147483647, total time: 3.61542s
BOUND: 21 < 2147483647, total time: 4.73312s
BOUND: 22 < 2147483647, total time: 5.93637s
BOUND: 23 < 2147483647, total time: 8.30346s
BOUND: 24 < 2147483647, total time: 10.3496s
BOUND: 25 < 2147483647, total time: 13.4789s
BOUND: 26 < 2147483647, total time: 18.4945s
Solution found with cost 26 total time: 24.0361s
Merging: 1
18 24.1159 1 174
Merging: 6
17 24.1345 1 164
Merging: 4
16 24.1491 1 164
Merging: 4
15 24.1645 1 160
Merging: 4
14 24.1805 1 164
Merging: 4
13 24.1953 1 164
Merging: 4
12 24.2104 1 157
Merging: 5
11 24.2258 1 206
Merging: 4
10 24.2451 1 182
Merging: 5
9 24.2637 1 110
Merging: 4
8 24.2758 1 110
Merging: 4
7 24.2886 1 107
Merging: 3
6 24.2989 1 114
Merging: 3
5 24.3103 1 107
Merging: 4
4 24.3214 1 152
Merging: 4
3 24.337 1 195
Merging: 5
2 24.356 1 201
Merging: 4
1 24.3752 1 159
Merging: 1
8 24.3914 1 174
Merging: 8
7 24.3946 1 180
Merging: 8
6 24.3978 1 227
Merging: 7
5 24.4013 1 291
Merging: 9
4 24.4048 1 339
Merging: 8
3 24.4085 1 342
Merging: 7
2 24.4124 1 253
Merging: 5
1 24.416 1 163
BOUND: 26 < 26, total time: 24.4186s
Actual search time: 23.3966s [t=24.4942s]
lift hoist1 crate0 pallet1 depot1 (1)
load hoist1 crate0 truck1 depot1 (1)
lift hoist2 crate4 crate3 distributor0 (1)
drive truck1 depot1 distributor0 (1)
load hoist2 crate4 truck1 distributor0 (1)
lift hoist2 crate3 pallet2 distributor0 (1)
load hoist2 crate3 truck1 distributor0 (1)
lift hoist0 crate5 crate2 depot0 (1)
drive truck1 distributor0 depot0 (1)
load hoist0 crate5 truck1 depot0 (1)
lift hoist0 crate2 crate1 depot0 (1)
load hoist0 crate2 truck1 depot0 (1)
lift hoist0 crate1 pallet0 depot0 (1)
load hoist0 crate1 truck1 depot0 (1)
unload hoist0 crate0 truck1 depot0 (1)
drop hoist0 crate0 pallet0 depot0 (1)
unload hoist0 crate4 truck1 depot0 (1)
drive truck1 depot0 depot1 (1)
drop hoist0 crate4 crate0 depot0 (1)
unload hoist1 crate2 truck1 depot1 (1)
drop hoist1 crate2 pallet1 depot1 (1)
unload hoist1 crate1 truck1 depot1 (1)
drive truck1 depot1 distributor1 (1)
drop hoist1 crate1 crate2 depot1 (1)
unload hoist3 crate3 truck1 distributor1 (1)
drop hoist3 crate3 pallet3 distributor1 (1)
Plan length: 26 step(s).
Plan cost: 26
Bytes per state: 8
Search time: 23.9704s
Total time: 24.4942s
Solution found.
Peak memory: 563432 KB
Running single search parser
