INFO     Running translator.
INFO     translator input: ['domain.pddl', 'problem.pddl']
INFO     translator arguments: []
INFO     translator time limit: None
INFO     translator memory limit: None
INFO     callstring: /usr/bin/python /mnt/data_server/torralba/subdominization/training/data/training_satellite/code-70296b3db083/builds/release32/bin/translate/translate.py domain.pddl problem.pddl
Parsing...
Parsing: [0.000s CPU, 0.010s wall-clock]
Normalizing task... [0.000s CPU, 0.000s wall-clock]
Instantiating...
Generating Datalog program... [0.000s CPU, 0.001s wall-clock]
Normalizing Datalog program...
Normalizing Datalog program: [0.010s CPU, 0.021s wall-clock]
Preparing model... [0.000s CPU, 0.002s wall-clock]
Generated 31 rules.
Computing model... [0.020s CPU, 0.019s wall-clock]
707 relevant atoms
184 auxiliary atoms
891 final queue length
1321 total queue pushes
Completing instantiation... [0.020s CPU, 0.028s wall-clock]
Instantiating: [0.050s CPU, 0.092s wall-clock]
Computing fact groups...
Finding invariants...
12 initial candidates
Finding invariants: [0.000s CPU, 0.003s wall-clock]
Checking invariant weight... [0.000s CPU, 0.000s wall-clock]
Instantiating groups... [0.000s CPU, 0.000s wall-clock]
Collecting mutex groups... [0.000s CPU, 0.000s wall-clock]
Choosing groups...
66 uncovered facts
Choosing groups: [0.000s CPU, 0.000s wall-clock]
Building translation key... [0.000s CPU, 0.001s wall-clock]
Computing fact groups: [0.010s CPU, 0.006s wall-clock]
Building STRIPS to SAS dictionary... [0.000s CPU, 0.000s wall-clock]
Building dictionary for full mutex groups... [0.000s CPU, 0.000s wall-clock]
Building mutex information...
Building mutex information: [0.000s CPU, 0.000s wall-clock]
Translating task...
Processing axioms...
Simplifying axioms... [0.000s CPU, 0.000s wall-clock]
Processing axioms: [0.000s CPU, 0.001s wall-clock]
Translating task: [0.030s CPU, 0.028s wall-clock]
12 effect conditions simplified
0 implied preconditions added
Detecting unreachable propositions...
0 operators removed
0 axioms removed
2 propositions removed
Detecting unreachable propositions: [0.010s CPU, 0.017s wall-clock]
Translator variables: 68
Translator derived variables: 0
Translator facts: 160
Translator goal facts: 5
Translator mutex groups: 2
Translator total mutex groups size: 28
Translator operators: 492
Translator axioms: 0
Translator task size: 1981
Translator peak memory: 45440 KB
Writing output... [0.010s CPU, 0.017s wall-clock]
Done! [0.110s CPU, 0.172s wall-clock]
INFO     Running preprocessor (release32).
INFO     preprocessor input: output.sas
INFO     preprocessor arguments: []
INFO     preprocessor time limit: None
INFO     preprocessor memory limit: None
INFO     callstring: /mnt/data_server/torralba/subdominization/training/data/training_satellite/code-70296b3db083/builds/release32/bin/preprocess < output.sas
Building causal graph...
The causal graph is not acyclic.
14 variables of 68 necessary
0 of 2 mutex groups necessary.
385 of 492 operators necessary.
0 of 0 axiom rules necessary.
Initializing mutex computation...
Mutex computation initialized with 52 fluents.
iteration for mutex detection and operator pruning
Initialize m_index fw
Initialized mvalues forward: reached=196, notReached=2120, spurious=388
Initialize m_ops fw
Computing mutexes...
Mutex computation finished with reached=2304, notReached=12, spurious=388
0 operators are spurious because were not triggered
H^2 mutexes added fw: 12, unreachable: 0
0 of 385 operators detected as spurious
iteration for mutex detection and operator pruning
Initialize m_index bw
Init values regression
Initialized mvalues backward: reached=499, notReached=1805, spurious=400
Initialize m_ops bw
Computing mutexes...
Mutex computation finished with reached=2304, notReached=0, spurious=400
0 operators are spurious because were not triggered
H^2 mutexes added bw: 0, unreachable: 0
0 of 385 operators detected as spurious
Total mutex and disambiguation time: 0.00675 iterations: 2
6 of 6 mutex groups necessary.
385 of 385 operators necessary.
0 of 0 axiom rules necessary.
Change id of operators: 385
Change id of mutexes
Change id of goals
Change id of initial state
Remove unreachable facts from variables: 14
6 of 6 mutex groups necessary.
385 of 385 operators necessary.
0 of 0 axiom rules necessary.
Updating causal graph and pruning unnecessary facts
14 variables of 14 of 68 necessary
The causal graph is not acyclic.
14 variables of 14 necessary
6 of 6 mutex groups necessary.
385 of 385 operators necessary.
0 of 0 axiom rules necessary.
Building domain transition graphs...
solveable in poly time 0
Building successor generator...
Preprocessor variables: 14
Preprocessor facts: 52
Preprocessor derived variables: 0
Preprocessor operators: 385
Preprocessor mutex groups: 6
Preprocessor task size: 1268
Writing output...
Preprocessor time: 0.0191005s
Preprocessor peak memory: 2264 KB
done
INFO     Running search (release32).
INFO     search input: output
INFO     search arguments: ['--search', 'sbd(store_operators_in_optimal_plan=true, cost_type=1)']
INFO     search time limit: 3600s
INFO     search memory limit: 4096 MB
INFO     search executable: /mnt/data_server/torralba/subdominization/training/data/training_satellite/code-70296b3db083/builds/release32/bin/downward
INFO     callstring: /mnt/data_server/torralba/subdominization/training/data/training_satellite/code-70296b3db083/builds/release32/bin/downward --search 'sbd(store_operators_in_optimal_plan=true, cost_type=1)' --internal-plan-file sas_plan < output
time limit 3600.00 -> (3600, 3601)
reading input... [t=0.000142584s]
done reading input! [t=0.00294567s]
packing state variables...done! [t=0.00295817s]
Variables: 14
FactPairs: 52
Bytes per state: 4
Building successor generator...done! [t=0.00318526s]
done initalizing global data [t=0.00319157s]
TR(time=60000, nodes=100000)
Mutex(time=60000, nodes=100000, type=edeletion)
Aux(time=2000, nodes=1000000)
Disj(nodes=2147483647)
Estimation: min_time(1000) time_penalty +(1000)*(2) nodes_penalty +(1000)*(2)
MaxStep(time=30000, nodes=100000000, nodes_per_planning_second=100)
Ratio useful: 0
   Min alloted time: 60000 nodes: 10000000
   Max alloted time: 60000 nodes: 15000000
   Mult alloted time: 2 nodes: 2
   Ratio after relax: 0.8
building causal graph...done! [t=7.5547e-05s]
Sym variable order: 3 4 2 5 0 12 13 10 1 11 6 9 8 7 
Initializing Symbolic Variables
Num variables: 14 => 20
Initialize Symbolic Manager(40, 400000, 16000000, 0)
Generating binary variables
Symbolic Variables... Done.
BOUND: 1 < 2147483647, total time: 0.357522s
BOUND: 2 < 2147483647, total time: 0.357697s
BOUND: 3 < 2147483647, total time: 0.357866s
BOUND: 4 < 2147483647, total time: 0.358111s
BOUND: 5 < 2147483647, total time: 0.358327s
BOUND: 6 < 2147483647, total time: 0.358573s
BOUND: 7 < 2147483647, total time: 0.358933s
BOUND: 8 < 2147483647, total time: 0.359254s
BOUND: 9 < 2147483647, total time: 0.359677s
BOUND: 10 < 2147483647, total time: 0.360276s
BOUND: 11 < 2147483647, total time: 0.360879s
Solution found with cost 11 total time: 0.361613s
Merging: 1
6 0.368162 1 37
Merging: 10
5 0.373046 1 35
Merging: 10
4 0.377597 1 34
Merging: 9
3 0.381483 1 34
Merging: 6
2 0.384994 1 38
Merging: 4
1 0.388761 1 37
Merging: 1
5 0.392469 1 37
Merging: 10
4 0.395105 1 39
Merging: 10
3 0.397372 1 37
Merging: 10
2 0.399442 1 35
Merging: 7
1 0.401366 1 33
BOUND: 11 < 11, total time: 0.403151s
Actual search time: 0.0459649s [t=0.403537s]
turn_to satellite1 phenomenon12 planet11 (1)
turn_to satellite0 groundstation3 planet11 (1)
switch_on instrument0 satellite0 (1)
calibrate satellite0 instrument0 groundstation3 (1)
turn_to satellite0 phenomenon12 groundstation3 (1)
take_image satellite0 phenomenon12 instrument0 thermograph0 (1)
turn_to satellite0 planet13 phenomenon12 (1)
take_image satellite0 planet13 instrument0 thermograph0 (1)
turn_to satellite0 star10 planet13 (1)
take_image satellite0 star10 instrument0 infrared2 (1)
turn_to satellite0 groundstation4 star10 (1)
Plan length: 11 step(s).
Plan cost: 11
Bytes per state: 4
Search time: 0.05249s
Total time: 0.403556s
Solution found.
Peak memory: 227492 KB
Running single search parser
