INFO     Running translator.
INFO     translator input: ['domain.pddl', 'problem.pddl']
INFO     translator arguments: []
INFO     translator time limit: None
INFO     translator memory limit: None
INFO     callstring: /usr/bin/python /mnt/data_server/torralba/subdominization/training/data/training_tpp/code-70296b3db083/builds/release32/bin/translate/translate.py domain.pddl problem.pddl
Parsing...
Parsing: [0.010s CPU, 0.008s wall-clock]
Normalizing task... [0.000s CPU, 0.000s wall-clock]
Instantiating...
Generating Datalog program... [0.000s CPU, 0.001s wall-clock]
Normalizing Datalog program...
Normalizing Datalog program: [0.010s CPU, 0.007s wall-clock]
Preparing model... [0.000s CPU, 0.003s wall-clock]
Generated 45 rules.
Computing model... [0.020s CPU, 0.022s wall-clock]
312 relevant atoms
634 auxiliary atoms
946 final queue length
1113 total queue pushes
Completing instantiation... [0.010s CPU, 0.012s wall-clock]
Instantiating: [0.040s CPU, 0.050s wall-clock]
Computing fact groups...
Finding invariants...
18 initial candidates
Finding invariants: [0.010s CPU, 0.010s wall-clock]
Checking invariant weight... [0.010s CPU, 0.001s wall-clock]
Instantiating groups... [0.000s CPU, 0.003s wall-clock]
Collecting mutex groups... [0.000s CPU, 0.000s wall-clock]
Choosing groups...
28 uncovered facts
Choosing groups: [0.000s CPU, 0.001s wall-clock]
Building translation key... [0.000s CPU, 0.001s wall-clock]
Computing fact groups: [0.020s CPU, 0.017s wall-clock]
Building STRIPS to SAS dictionary... [0.000s CPU, 0.000s wall-clock]
Building dictionary for full mutex groups... [0.000s CPU, 0.000s wall-clock]
Building mutex information...
Building mutex information: [0.000s CPU, 0.000s wall-clock]
Translating task...
Processing axioms...
Simplifying axioms... [0.000s CPU, 0.000s wall-clock]
Processing axioms: [0.000s CPU, 0.001s wall-clock]
Translating task: [0.010s CPU, 0.010s wall-clock]
0 effect conditions simplified
0 implied preconditions added
Detecting unreachable propositions...
0 operators removed
0 axioms removed
89 propositions removed
Detecting unreachable propositions: [0.010s CPU, 0.006s wall-clock]
Translator variables: 33
Translator derived variables: 0
Translator facts: 92
Translator goal facts: 6
Translator mutex groups: 33
Translator total mutex groups size: 92
Translator operators: 118
Translator axioms: 0
Translator task size: 901
Translator peak memory: 44260 KB
Writing output... [0.000s CPU, 0.005s wall-clock]
Done! [0.090s CPU, 0.100s wall-clock]
INFO     Running preprocessor (release32).
INFO     preprocessor input: output.sas
INFO     preprocessor arguments: []
INFO     preprocessor time limit: None
INFO     preprocessor memory limit: None
INFO     callstring: /mnt/data_server/torralba/subdominization/training/data/training_tpp/code-70296b3db083/builds/release32/bin/preprocess < output.sas
Building causal graph...
The causal graph is not acyclic.
33 variables of 33 necessary
0 of 33 mutex groups necessary.
118 of 118 operators necessary.
0 of 0 axiom rules necessary.
Initializing mutex computation...
Mutex computation initialized with 92 fluents.
iteration for mutex detection and operator pruning
Initialize m_index fw
Initialized mvalues forward: reached=1089, notReached=7193, spurious=182
Initialize m_ops fw
Computing mutexes...
Mutex computation finished with reached=5918, notReached=2364, spurious=182
44 operators are spurious because were not triggered
Unreachable proposition: Atom ready-to-load(goods6, market1, level2)
Unreachable proposition: Atom ready-to-load(goods6, market2, level2)
Unreachable proposition: Atom ready-to-load(goods5, market1, level2)
Unreachable proposition: Atom ready-to-load(goods5, market4, level2)
Unreachable proposition: Atom ready-to-load(goods4, market4, level2)
Unreachable proposition: Atom loaded(goods4, truck1, level2)
Unreachable proposition: Atom stored(goods4, level2)
Unreachable proposition: Atom ready-to-load(goods3, market1, level2)
Unreachable proposition: Atom ready-to-load(goods3, market3, level2)
Unreachable proposition: Atom ready-to-load(goods2, market4, level2)
Unreachable proposition: Atom loaded(goods2, truck1, level2)
Unreachable proposition: Atom stored(goods2, level2)
Unreachable proposition: Atom ready-to-load(goods1, market1, level2)
Unreachable proposition: Atom ready-to-load(goods1, market2, level2)
H^2 mutexes added fw: 40, unreachable: 14
0 of 74 operators detected as spurious
iteration for mutex detection and operator pruning
Initialize m_index bw
Init values regression
Initialized mvalues backward: reached=3742, notReached=2176, spurious=2546
Initialize m_ops bw
Computing mutexes...
Mutex computation finished with reached=5618, notReached=300, spurious=2546
8 operators are spurious because were not triggered
Unreachable proposition: Atom stored(goods6, level2)
Unreachable proposition: Atom stored(goods1, level2)
H^2 mutexes added bw: 0, unreachable: 2
0 of 66 operators detected as spurious
iteration for mutex detection and operator pruning
Initialize m_index fw
Initialized mvalues forward: reached=1089, notReached=4529, spurious=2846
Initialize m_ops fw
Computing mutexes...
Mutex computation finished with reached=5618, notReached=0, spurious=2846
0 operators are spurious because were not triggered
H^2 mutexes added fw: 0, unreachable: 0
0 of 66 operators detected as spurious
Total mutex and disambiguation time: 0.004983 iterations: 3
20 of 20 mutex groups necessary.
66 of 118 operators necessary.
0 of 0 axiom rules necessary.
Change id of operators: 66
Change id of mutexes
Change id of goals
Change id of initial state
Remove unreachable facts from variables: 33
20 of 20 mutex groups necessary.
66 of 66 operators necessary.
0 of 0 axiom rules necessary.
Updating causal graph and pruning unnecessary facts
33 variables of 33 of 33 necessary
The causal graph is not acyclic.
33 variables of 33 necessary
20 of 20 mutex groups necessary.
66 of 66 operators necessary.
0 of 0 axiom rules necessary.
Building domain transition graphs...
solveable in poly time 0
Building successor generator...
Preprocessor variables: 33
Preprocessor facts: 76
Preprocessor derived variables: 0
Preprocessor operators: 66
Preprocessor mutex groups: 20
Preprocessor task size: 521
Writing output...
Preprocessor time: 0.0108415s
Preprocessor peak memory: 2232 KB
done
INFO     Running search (release32).
INFO     search input: output
INFO     search arguments: ['--search', 'sbd(store_operators_in_optimal_plan=true, cost_type=1)']
INFO     search time limit: 3600s
INFO     search memory limit: 4096 MB
INFO     search executable: /mnt/data_server/torralba/subdominization/training/data/training_tpp/code-70296b3db083/builds/release32/bin/downward
INFO     callstring: /mnt/data_server/torralba/subdominization/training/data/training_tpp/code-70296b3db083/builds/release32/bin/downward --search 'sbd(store_operators_in_optimal_plan=true, cost_type=1)' --internal-plan-file sas_plan < output
time limit 3600.00 -> (3600, 3601)
reading input... [t=0.000121608s]
done reading input! [t=0.00126052s]
packing state variables...done! [t=0.00127403s]
Variables: 33
FactPairs: 76
Bytes per state: 8
Building successor generator...done! [t=0.00143459s]
done initalizing global data [t=0.00144008s]
TR(time=60000, nodes=100000)
Mutex(time=60000, nodes=100000, type=edeletion)
Aux(time=2000, nodes=1000000)
Disj(nodes=2147483647)
Estimation: min_time(1000) time_penalty +(1000)*(2) nodes_penalty +(1000)*(2)
MaxStep(time=30000, nodes=100000000, nodes_per_planning_second=100)
Ratio useful: 0
   Min alloted time: 60000 nodes: 10000000
   Max alloted time: 60000 nodes: 15000000
   Mult alloted time: 2 nodes: 2
   Ratio after relax: 0.8
building causal graph...done! [t=0.000121609s]
Sym variable order: 23 24 25 26 8 10 12 11 9 7 2 4 6 5 3 1 0 17 19 21 22 20 18 27 29 32 31 30 28 13 14 15 16 
Initializing Symbolic Variables
Num variables: 33 => 41
Initialize Symbolic Manager(82, 195121, 16000000, 0)
Generating binary variables
Symbolic Variables... Done.
BOUND: 1 < 2147483647, total time: 0.482014s
BOUND: 2 < 2147483647, total time: 0.482194s
BOUND: 3 < 2147483647, total time: 0.482468s
BOUND: 4 < 2147483647, total time: 0.482572s
BOUND: 5 < 2147483647, total time: 0.482701s
BOUND: 6 < 2147483647, total time: 0.482943s
BOUND: 7 < 2147483647, total time: 0.48325s
BOUND: 8 < 2147483647, total time: 0.483686s
BOUND: 9 < 2147483647, total time: 0.484098s
BOUND: 10 < 2147483647, total time: 0.485024s
BOUND: 11 < 2147483647, total time: 0.485647s
BOUND: 12 < 2147483647, total time: 0.486512s
BOUND: 13 < 2147483647, total time: 0.487978s
BOUND: 14 < 2147483647, total time: 0.489215s
BOUND: 15 < 2147483647, total time: 0.491146s
BOUND: 16 < 2147483647, total time: 0.492648s
BOUND: 17 < 2147483647, total time: 0.495308s
BOUND: 18 < 2147483647, total time: 0.497146s
BOUND: 19 < 2147483647, total time: 0.499072s
BOUND: 20 < 2147483647, total time: 0.503252s
BOUND: 21 < 2147483647, total time: 0.50594s
BOUND: 22 < 2147483647, total time: 0.508814s
BOUND: 23 < 2147483647, total time: 0.511877s
BOUND: 24 < 2147483647, total time: 0.517757s
BOUND: 25 < 2147483647, total time: 0.521749s
BOUND: 26 < 2147483647, total time: 0.525372s
BOUND: 27 < 2147483647, total time: 0.52899s
BOUND: 28 < 2147483647, total time: 0.532988s
Solution found with cost 28 total time: 0.536187s
Merging: 1
19 0.543066 1 42
Merging: 3
18 0.543778 1 84
Merging: 6
17 0.545096 1 127
Merging: 6
16 0.546929 1 128
Merging: 6
15 0.548835 1 124
Merging: 6
14 0.55032 1 81
Merging: 3
13 0.551232 1 42
Merging: 1
12 0.551764 1 42
Merging: 4
11 0.552515 1 71
Merging: 8
10 0.553965 1 98
Merging: 8
9 0.555705 1 110
Merging: 8
8 0.557814 1 116
Merging: 8
7 0.559954 1 106
Merging: 8
6 0.561977 1 96
Merging: 8
5 0.563688 1 65
Merging: 4
4 0.564773 1 42
Merging: 1
3 0.565429 1 42
Merging: 1
2 0.566099 1 42
Merging: 1
1 0.566885 1 42
Merging: 1
9 0.567657 1 42
Merging: 1
8 0.567949 1 42
Merging: 6
7 0.568263 1 86
Merging: 8
6 0.568907 1 119
Merging: 8
5 0.569657 1 142
Merging: 8
4 0.570405 1 155
Merging: 8
3 0.571103 1 143
Merging: 8
2 0.571749 1 120
Merging: 8
1 0.572217 1 86
BOUND: 28 < 28, total time: 0.572508s
Actual search time: 0.0915291s [t=0.573594s]
drive truck1 depot1 market3 (1)
buy truck1 goods3 market3 level0 level1 level0 level1 (1)
load goods3 truck1 market3 level0 level1 level0 level1 (1)
drive truck1 market3 market1 (1)
buy truck1 goods6 market1 level0 level1 level0 level1 (1)
load goods6 truck1 market1 level0 level1 level0 level1 (1)
buy truck1 goods5 market1 level0 level1 level0 level1 (1)
load goods5 truck1 market1 level0 level1 level0 level1 (1)
buy truck1 goods3 market1 level0 level1 level0 level1 (1)
load goods3 truck1 market1 level0 level1 level1 level2 (1)
buy truck1 goods1 market1 level0 level1 level0 level1 (1)
load goods1 truck1 market1 level0 level1 level0 level1 (1)
drive truck1 market1 market4 (1)
buy truck1 goods5 market4 level0 level1 level0 level1 (1)
load goods5 truck1 market4 level0 level1 level1 level2 (1)
buy truck1 goods4 market4 level0 level1 level0 level1 (1)
load goods4 truck1 market4 level0 level1 level0 level1 (1)
buy truck1 goods2 market4 level0 level1 level0 level1 (1)
load goods2 truck1 market4 level0 level1 level0 level1 (1)
drive truck1 market4 depot2 (1)
unload goods1 truck1 depot2 level0 level1 level0 level1 (1)
unload goods2 truck1 depot2 level0 level1 level0 level1 (1)
unload goods3 truck1 depot2 level1 level2 level0 level1 (1)
unload goods3 truck1 depot2 level0 level1 level1 level2 (1)
unload goods4 truck1 depot2 level0 level1 level0 level1 (1)
unload goods5 truck1 depot2 level1 level2 level0 level1 (1)
unload goods5 truck1 depot2 level0 level1 level1 level2 (1)
unload goods6 truck1 depot2 level0 level1 level0 level1 (1)
Plan length: 28 step(s).
Plan cost: 28
Bytes per state: 8
Search time: 0.0964888s
Total time: 0.573605s
Solution found.
Peak memory: 229468 KB
Running single search parser
